<?xml version="1.0" encoding="UTF-8"?>
<testsuites name="navigationmenu" time="487.551" tests="6" failures="0" skips="0" errors="0">
   <testsuite name="navigationmenu" tests="6" failures="0" errors="0" time="487.551" skips="0" timestamp="2021-12-15 11:09:19" hostname="Owner - aldy-tft" id="Test Suites/navigationmenu">
      <properties>
         <property name="deviceName" value="samsung SM-A205F (Android 11)"/>
         <property name="devicePlatform" value=""/>
         <property name="logFolder" value="C:\\Users\\Owner\\Documents\\kerjaan\\KatalonProject\\qa_katalon_pwm\\qa_katalon_pwm\\Reports\\20211215_110912\\navigationmenu\\20211215_110912"/>
         <property name="logFiles" value="C:\\Users\\Owner\\Documents\\kerjaan\\KatalonProject\\qa_katalon_pwm\\qa_katalon_pwm\\Reports\\20211215_110912\\navigationmenu\\20211215_110912\\appium.log, C:\\Users\\Owner\\Documents\\kerjaan\\KatalonProject\\qa_katalon_pwm\\qa_katalon_pwm\\Reports\\20211215_110912\\navigationmenu\\20211215_110912\\execution0.log"/>
         <property name="attachments" value="C:\\Users\\Owner\\Documents\\kerjaan\\KatalonProject\\qa_katalon_pwm\\qa_katalon_pwm\\Reports\\20211215_110912\\navigationmenu\\20211215_110912\\1639541497916.png, C:\\Users\\Owner\\Documents\\kerjaan\\KatalonProject\\qa_katalon_pwm\\qa_katalon_pwm\\Reports\\20211215_110912\\navigationmenu\\20211215_110912\\1639541499506.png"/>
         <property name="hostName" value="Owner - aldy-tft"/>
         <property name="os" value="Windows 10 64bit"/>
         <property name="appiumServerStatus" value="{&quot;value&quot;:{&quot;build&quot;:{&quot;version&quot;:&quot;1.22.0&quot;}},&quot;sessionId&quot;:null,&quot;status&quot;:0}"/>
         <property name="katalonVersion" value="7.9.1.208"/>
         <property name="deviceOS" value="Android"/>
         <property name="appiumVersion" value="1.22.0"/>
         <property name="deviceModel" value="SM-A205F"/>
         <property name="hostAddress" value="10.0.30.67"/>
         <property name="deviceManufacturer" value="samsung"/>
         <property name="deviceId" value="RR8M40C9AXE"/>
         <property name="deviceName" value="samsung SM-A205F (Android 11)"/>
         <property name="deviceOSVersion" value="11"/>
      </properties>
      <testcase name="Test Cases/Mobile/Scenario/NavigationMenu/001 - Download Report" time="79.943" classname="Test Cases/Mobile/Scenario/NavigationMenu/001 - Download Report" status="PASSED">
         <system-out><![CDATA[2021-12-15 11:09:19 - [TEST_CASE][PASSED] - Test Cases/Mobile/Scenario/NavigationMenu/001 - Download Report: Test Cases/Mobile/Scenario/NavigationMenu/001 - Download Report

2021-12-15 11:09:20 - [TEST_STEP][PASSED] - callTestCase(findTestCase("Mobile/Page/Run App/Run App byID"), [:], STOP_ON_FAILURE): Call Test Case 'Test Cases/Mobile/Page/Run App/Run App byID' successfully

2021-12-15 11:09:20 - [TEST_CASE][PASSED] - Test Cases/Mobile/Page/Run App/Run App byID: Test Cases/Mobile/Page/Run App/Run App byID

2021-12-15 11:09:20 - [TEST_STEP][PASSED] - startApp.OpenApp.startApplication("id.co.miraeasset.sageclub"): startApp.OpenApp.startApplication is PASSED

2021-12-15 11:09:22 - [MESSAGE][INFO] - Appium server started on port 62,983

2021-12-15 11:09:43 - [MESSAGE][PASSED] - Starting app with application ID: 'id.co.miraeasset.sageclub'

2021-12-15 11:09:43 - [MESSAGE][PASSED] - startApp.OpenApp.startApplication is PASSED

2021-12-15 11:09:43 - [MESSAGE][PASSED] - Call Test Case 'Test Cases/Mobile/Page/Run App/Run App byID' successfully

2021-12-15 11:09:43 - [TEST_STEP][PASSED] - callTestCase(findTestCase("Mobile/Page/Navigation Menu/NavigationMenu"), ["action":"downloadtaxreport"], CONTINUE_ON_FAILURE): Call Test Case 'Test Cases/Mobile/Page/Navigation Menu/NavigationMenu' successfully

2021-12-15 11:09:43 - [TEST_CASE][PASSED] - Test Cases/Mobile/Page/Navigation Menu/NavigationMenu: Test Cases/Mobile/Page/Navigation Menu/NavigationMenu

2021-12-15 11:09:43 - [TEST_STEP][PASSED] - callTestCase(findTestCase("Mobile/Page/CheckLogin"), [:], CONTINUE_ON_FAILURE): Call Test Case 'Test Cases/Mobile/Page/CheckLogin' successfully

2021-12-15 11:09:43 - [TEST_CASE][PASSED] - Test Cases/Mobile/Page/CheckLogin: Test Cases/Mobile/Page/CheckLogin

2021-12-15 11:09:44 - [TEST_STEP][PASSED] - loginCheck = verifyElementExist(findTestObject("Mobile/Page/Login/Button - Login"), 2, CONTINUE_ON_FAILURE): Element 'Object Repository/Mobile/Page/Login/Button - Login' is exist

2021-12-15 11:09:46 - [MESSAGE][PASSED] - Element 'Object Repository/Mobile/Page/Login/Button - Login' is exist

2021-12-15 11:09:46 - [TEST_STEP][PASSED] - if (loginCheck): Call Test Case 'Test Cases/Mobile/Page/Login/Login' successfully

2021-12-15 11:09:46 - [TEST_STEP][PASSED] - callTestCase(findTestCase("Mobile/Page/Login/Login"), [:], CONTINUE_ON_FAILURE): Call Test Case 'Test Cases/Mobile/Page/Login/Login' successfully

2021-12-15 11:09:46 - [TEST_CASE][PASSED] - Test Cases/Mobile/Page/Login/Login: Test Cases/Mobile/Page/Login/Login

2021-12-15 11:09:46 - [TEST_STEP][PASSED] - delay(2): Delayed 2 second(s)

2021-12-15 11:09:48 - [MESSAGE][PASSED] - Delayed 2 second(s)

2021-12-15 11:09:48 - [TEST_STEP][PASSED] - tap(findTestObject("Mobile/Page/Login/Input - UserID"), 0): Tapped on element 'Object Repository/Mobile/Page/Login/Input - UserID'

2021-12-15 11:09:48 - [MESSAGE][WARNING] - Timeout '0' is invalid. Using default page load timeout: '60'

2021-12-15 11:09:48 - [MESSAGE][PASSED] - Tapped on element 'Object Repository/Mobile/Page/Login/Input - UserID'

2021-12-15 11:09:48 - [TEST_STEP][PASSED] - delay(1): Delayed 1 second(s)

2021-12-15 11:09:50 - [MESSAGE][PASSED] - Delayed 1 second(s)

2021-12-15 11:09:50 - [TEST_STEP][PASSED] - setText(findTestObject("Mobile/Page/Login/Input Rdy - UserID"), "anggaaditya", 0): Text 'anggaaditya' has been set to element 'Object Repository/Mobile/Page/Login/Input Rdy - UserID'

2021-12-15 11:09:50 - [MESSAGE][WARNING] - Timeout '0' is invalid. Using default page load timeout: '60'

2021-12-15 11:09:51 - [MESSAGE][PASSED] - Text 'anggaaditya' has been set to element 'Object Repository/Mobile/Page/Login/Input Rdy - UserID'

2021-12-15 11:09:51 - [TEST_STEP][PASSED] - delay(1): Delayed 1 second(s)

2021-12-15 11:09:52 - [MESSAGE][PASSED] - Delayed 1 second(s)

2021-12-15 11:09:52 - [TEST_STEP][PASSED] - hideKeyboard(): Keyboard is hidden

2021-12-15 11:09:59 - [MESSAGE][PASSED] - Keyboard is hidden

2021-12-15 11:09:59 - [TEST_STEP][PASSED] - tap(findTestObject("Mobile/Page/Login/Input - Password"), 0): Tapped on element 'Object Repository/Mobile/Page/Login/Input - Password'

2021-12-15 11:09:59 - [MESSAGE][WARNING] - Timeout '0' is invalid. Using default page load timeout: '60'

2021-12-15 11:09:59 - [MESSAGE][PASSED] - Tapped on element 'Object Repository/Mobile/Page/Login/Input - Password'

2021-12-15 11:09:59 - [TEST_STEP][PASSED] - delay(1): Delayed 1 second(s)

2021-12-15 11:10:00 - [MESSAGE][PASSED] - Delayed 1 second(s)

2021-12-15 11:10:00 - [TEST_STEP][PASSED] - setText(findTestObject("Mobile/Page/Login/Input Rdy - Password"), "Shalawa18", 0): Text 'Shalawa18' has been set to element 'Object Repository/Mobile/Page/Login/Input Rdy - Password'

2021-12-15 11:10:00 - [MESSAGE][WARNING] - Timeout '0' is invalid. Using default page load timeout: '60'

2021-12-15 11:10:01 - [MESSAGE][PASSED] - Text 'Shalawa18' has been set to element 'Object Repository/Mobile/Page/Login/Input Rdy - Password'

2021-12-15 11:10:01 - [TEST_STEP][PASSED] - delay(1): Delayed 1 second(s)

2021-12-15 11:10:02 - [MESSAGE][PASSED] - Delayed 1 second(s)

2021-12-15 11:10:02 - [TEST_STEP][PASSED] - hideKeyboard(): Keyboard is hidden

2021-12-15 11:10:10 - [MESSAGE][PASSED] - Keyboard is hidden

2021-12-15 11:10:10 - [TEST_STEP][PASSED] - tap(findTestObject("Mobile/Page/Login/Button - Login"), 0): Tapped on element 'Object Repository/Mobile/Page/Login/Button - Login'

2021-12-15 11:10:10 - [MESSAGE][WARNING] - Timeout '0' is invalid. Using default page load timeout: '60'

2021-12-15 11:10:11 - [MESSAGE][PASSED] - Tapped on element 'Object Repository/Mobile/Page/Login/Button - Login'

2021-12-15 11:10:11 - [TEST_STEP][PASSED] - delay(2): Delayed 2 second(s)

2021-12-15 11:10:13 - [MESSAGE][PASSED] - Delayed 2 second(s)

2021-12-15 11:10:13 - [MESSAGE][PASSED] - Call Test Case 'Test Cases/Mobile/Page/Login/Login' successfully

2021-12-15 11:10:13 - [MESSAGE][PASSED] - Call Test Case 'Test Cases/Mobile/Page/CheckLogin' successfully

2021-12-15 11:10:13 - [TEST_STEP][PASSED] - scroll.scroll.scrollScreenLeftToRight(): scroll.scroll.scrollScreenLeftToRight is PASSED

2021-12-15 11:10:13 - [MESSAGE][PASSED] - Current device physical height is 1423

2021-12-15 11:10:13 - [MESSAGE][PASSED] - Current device physical width is 720

2021-12-15 11:10:14 - [MESSAGE][PASSED] - Current device physical height is 1423

2021-12-15 11:10:15 - [MESSAGE][PASSED] - Swiped from 10,711 to 710,711

2021-12-15 11:10:15 - [MESSAGE][PASSED] - scroll.scroll.scrollScreenLeftToRight is PASSED

2021-12-15 11:10:15 - [TEST_STEP][PASSED] - delay(1): Delayed 1 second(s)

2021-12-15 11:10:16 - [MESSAGE][PASSED] - Delayed 1 second(s)

2021-12-15 11:10:16 - [TEST_STEP][PASSED] - for ([i = 0, i < 1, (i++)]): Press back button successfully

2021-12-15 11:10:16 - [TEST_STEP][PASSED] - if (action == "downloadtaxreport"): Press back button successfully

2021-12-15 11:10:16 - [TEST_STEP][PASSED] - taxreport = findTestObject("Object Repository/Mobile/Page/Profile/Container - Yearly Tax Report"): null

2021-12-15 11:10:16 - [TEST_STEP][PASSED] - top = getElementTopPosition(taxreport, 0): Object 'Object Repository/Mobile/Page/Profile/Container - Yearly Tax Report' has top position '309'

2021-12-15 11:10:16 - [MESSAGE][WARNING] - Timeout '0' is invalid. Using default page load timeout: '60'

2021-12-15 11:10:16 - [MESSAGE][PASSED] - Object 'Object Repository/Mobile/Page/Profile/Container - Yearly Tax Report' has top position '309'

2021-12-15 11:10:16 - [TEST_STEP][PASSED] - y = getElementHeight(taxreport, 0) * 0.8 + top: Object 'Object Repository/Mobile/Page/Profile/Container - Yearly Tax Report' has height: '119'

2021-12-15 11:10:16 - [MESSAGE][WARNING] - Timeout '0' is invalid. Using default page load timeout: '60'

2021-12-15 11:10:17 - [MESSAGE][PASSED] - Object 'Object Repository/Mobile/Page/Profile/Container - Yearly Tax Report' has height: '119'

2021-12-15 11:10:17 - [TEST_STEP][PASSED] - x = getDeviceWidth() * 0.2: Current device physical width is 720

2021-12-15 11:10:17 - [MESSAGE][PASSED] - Current device physical width is 720

2021-12-15 11:10:17 - [TEST_STEP][PASSED] - tapAtPosition(x, y): Tapped at [144, 404]

2021-12-15 11:10:17 - [MESSAGE][PASSED] - Tapped at [144, 404]

2021-12-15 11:10:17 - [TEST_STEP][PASSED] - delay(5): Delayed 5 second(s)

2021-12-15 11:10:22 - [MESSAGE][PASSED] - Delayed 5 second(s)

2021-12-15 11:10:22 - [TEST_STEP][PASSED] - tap(findTestObject("Object Repository/Mobile/Page/Profile/Button - Open Just Once"), 0): Tapped on element 'Object Repository/Mobile/Page/Profile/Button - Open Just Once'

2021-12-15 11:10:22 - [MESSAGE][WARNING] - Timeout '0' is invalid. Using default page load timeout: '60'

2021-12-15 11:10:23 - [MESSAGE][PASSED] - Tapped on element 'Object Repository/Mobile/Page/Profile/Button - Open Just Once'

2021-12-15 11:10:23 - [TEST_STEP][PASSED] - delay(5): Delayed 5 second(s)

2021-12-15 11:10:28 - [MESSAGE][PASSED] - Delayed 5 second(s)

2021-12-15 11:10:28 - [TEST_STEP][PASSED] - pressBack(): Press back button successfully

2021-12-15 11:10:28 - [MESSAGE][PASSED] - Press back button successfully

2021-12-15 11:10:28 - [MESSAGE][PASSED] - Call Test Case 'Test Cases/Mobile/Page/Navigation Menu/NavigationMenu' successfully

2021-12-15 11:10:28 - [TEST_STEP][PASSED] - callTestCase(findTestCase("Mobile/Page/Run App/Terminate App"), [:], STOP_ON_FAILURE): Call Test Case 'Test Cases/Mobile/Page/Run App/Terminate App' successfully

2021-12-15 11:10:28 - [TEST_CASE][PASSED] - Test Cases/Mobile/Page/Run App/Terminate App: Test Cases/Mobile/Page/Run App/Terminate App

2021-12-15 11:10:28 - [TEST_STEP][PASSED] - startApp.OpenApp.terminateApplication(): startApp.OpenApp.terminateApplication is PASSED

2021-12-15 11:10:32 - [MESSAGE][PASSED] - Delayed 3 second(s)

2021-12-15 11:10:32 - [MESSAGE][PASSED] - Current device physical width is 720

2021-12-15 11:10:32 - [MESSAGE][PASSED] - Current device physical height is 1423

2021-12-15 11:10:34 - [MESSAGE][PASSED] - Swiped from 360,853 to 360,142

2021-12-15 11:10:35 - [MESSAGE][PASSED] - Delayed 1 second(s)

2021-12-15 11:10:36 - [MESSAGE][PASSED] - Swiped from 360,853 to 360,142

2021-12-15 11:10:39 - [MESSAGE][PASSED] - Delayed 3 second(s)

2021-12-15 11:10:39 - [MESSAGE][PASSED] - startApp.OpenApp.terminateApplication is PASSED

2021-12-15 11:10:39 - [MESSAGE][PASSED] - Call Test Case 'Test Cases/Mobile/Page/Run App/Terminate App' successfully]]></system-out>
         <system-err><![CDATA[]]></system-err>
      </testcase>
      <testcase name="Test Cases/Mobile/Scenario/NavigationMenu/002 - Risk Profile analysis" time="102.254" classname="Test Cases/Mobile/Scenario/NavigationMenu/002 - Risk Profile analysis" status="PASSED">
         <system-out><![CDATA[2021-12-15 11:10:39 - [TEST_CASE][PASSED] - Test Cases/Mobile/Scenario/NavigationMenu/002 - Risk Profile analysis: Test Cases/Mobile/Scenario/NavigationMenu/002 - Risk Profile analysis

2021-12-15 11:10:39 - [TEST_STEP][PASSED] - callTestCase(findTestCase("Mobile/Page/Run App/Run App byID"), [:], STOP_ON_FAILURE): Call Test Case 'Test Cases/Mobile/Page/Run App/Run App byID' successfully

2021-12-15 11:10:39 - [TEST_CASE][PASSED] - Test Cases/Mobile/Page/Run App/Run App byID: Test Cases/Mobile/Page/Run App/Run App byID

2021-12-15 11:10:39 - [TEST_STEP][PASSED] - startApp.OpenApp.startApplication("id.co.miraeasset.sageclub"): startApp.OpenApp.startApplication is PASSED

2021-12-15 11:10:56 - [MESSAGE][PASSED] - Starting app with application ID: 'id.co.miraeasset.sageclub'

2021-12-15 11:10:56 - [MESSAGE][PASSED] - startApp.OpenApp.startApplication is PASSED

2021-12-15 11:10:56 - [MESSAGE][PASSED] - Call Test Case 'Test Cases/Mobile/Page/Run App/Run App byID' successfully

2021-12-15 11:10:56 - [TEST_STEP][PASSED] - callTestCase(findTestCase("Mobile/Page/Navigation Menu/NavigationMenu"), ["action":"analyzeprofile"], CONTINUE_ON_FAILURE): Call Test Case 'Test Cases/Mobile/Page/Navigation Menu/NavigationMenu' successfully

2021-12-15 11:10:56 - [TEST_CASE][PASSED] - Test Cases/Mobile/Page/Navigation Menu/NavigationMenu: Test Cases/Mobile/Page/Navigation Menu/NavigationMenu

2021-12-15 11:10:56 - [TEST_STEP][PASSED] - callTestCase(findTestCase("Mobile/Page/CheckLogin"), [:], CONTINUE_ON_FAILURE): Call Test Case 'Test Cases/Mobile/Page/CheckLogin' successfully

2021-12-15 11:10:56 - [TEST_CASE][PASSED] - Test Cases/Mobile/Page/CheckLogin: Test Cases/Mobile/Page/CheckLogin

2021-12-15 11:10:56 - [TEST_STEP][PASSED] - loginCheck = verifyElementExist(findTestObject("Mobile/Page/Login/Button - Login"), 2, CONTINUE_ON_FAILURE): Element 'Object Repository/Mobile/Page/Login/Button - Login' is exist

2021-12-15 11:10:59 - [MESSAGE][PASSED] - Element 'Object Repository/Mobile/Page/Login/Button - Login' is exist

2021-12-15 11:10:59 - [TEST_STEP][PASSED] - if (loginCheck): Call Test Case 'Test Cases/Mobile/Page/Login/Login' successfully

2021-12-15 11:10:59 - [TEST_STEP][PASSED] - callTestCase(findTestCase("Mobile/Page/Login/Login"), [:], CONTINUE_ON_FAILURE): Call Test Case 'Test Cases/Mobile/Page/Login/Login' successfully

2021-12-15 11:10:59 - [TEST_CASE][PASSED] - Test Cases/Mobile/Page/Login/Login: Test Cases/Mobile/Page/Login/Login

2021-12-15 11:10:59 - [TEST_STEP][PASSED] - delay(2): Delayed 2 second(s)

2021-12-15 11:11:01 - [MESSAGE][PASSED] - Delayed 2 second(s)

2021-12-15 11:11:01 - [TEST_STEP][PASSED] - tap(findTestObject("Mobile/Page/Login/Input - UserID"), 0): Tapped on element 'Object Repository/Mobile/Page/Login/Input - UserID'

2021-12-15 11:11:01 - [MESSAGE][WARNING] - Timeout '0' is invalid. Using default page load timeout: '60'

2021-12-15 11:11:02 - [MESSAGE][PASSED] - Tapped on element 'Object Repository/Mobile/Page/Login/Input - UserID'

2021-12-15 11:11:02 - [TEST_STEP][PASSED] - delay(1): Delayed 1 second(s)

2021-12-15 11:11:03 - [MESSAGE][PASSED] - Delayed 1 second(s)

2021-12-15 11:11:03 - [TEST_STEP][PASSED] - setText(findTestObject("Mobile/Page/Login/Input Rdy - UserID"), "anggaaditya", 0): Text 'anggaaditya' has been set to element 'Object Repository/Mobile/Page/Login/Input Rdy - UserID'

2021-12-15 11:11:03 - [MESSAGE][WARNING] - Timeout '0' is invalid. Using default page load timeout: '60'

2021-12-15 11:11:04 - [MESSAGE][PASSED] - Text 'anggaaditya' has been set to element 'Object Repository/Mobile/Page/Login/Input Rdy - UserID'

2021-12-15 11:11:04 - [TEST_STEP][PASSED] - delay(1): Delayed 1 second(s)

2021-12-15 11:11:05 - [MESSAGE][PASSED] - Delayed 1 second(s)

2021-12-15 11:11:05 - [TEST_STEP][PASSED] - hideKeyboard(): Keyboard is hidden

2021-12-15 11:11:13 - [MESSAGE][PASSED] - Keyboard is hidden

2021-12-15 11:11:13 - [TEST_STEP][PASSED] - tap(findTestObject("Mobile/Page/Login/Input - Password"), 0): Tapped on element 'Object Repository/Mobile/Page/Login/Input - Password'

2021-12-15 11:11:13 - [MESSAGE][WARNING] - Timeout '0' is invalid. Using default page load timeout: '60'

2021-12-15 11:11:13 - [MESSAGE][PASSED] - Tapped on element 'Object Repository/Mobile/Page/Login/Input - Password'

2021-12-15 11:11:13 - [TEST_STEP][PASSED] - delay(1): Delayed 1 second(s)

2021-12-15 11:11:14 - [MESSAGE][PASSED] - Delayed 1 second(s)

2021-12-15 11:11:14 - [TEST_STEP][PASSED] - setText(findTestObject("Mobile/Page/Login/Input Rdy - Password"), "Shalawa18", 0): Text 'Shalawa18' has been set to element 'Object Repository/Mobile/Page/Login/Input Rdy - Password'

2021-12-15 11:11:14 - [MESSAGE][WARNING] - Timeout '0' is invalid. Using default page load timeout: '60'

2021-12-15 11:11:15 - [MESSAGE][PASSED] - Text 'Shalawa18' has been set to element 'Object Repository/Mobile/Page/Login/Input Rdy - Password'

2021-12-15 11:11:15 - [TEST_STEP][PASSED] - delay(1): Delayed 1 second(s)

2021-12-15 11:11:16 - [MESSAGE][PASSED] - Delayed 1 second(s)

2021-12-15 11:11:16 - [TEST_STEP][PASSED] - hideKeyboard(): Keyboard is hidden

2021-12-15 11:11:24 - [MESSAGE][PASSED] - Keyboard is hidden

2021-12-15 11:11:24 - [TEST_STEP][PASSED] - tap(findTestObject("Mobile/Page/Login/Button - Login"), 0): Tapped on element 'Object Repository/Mobile/Page/Login/Button - Login'

2021-12-15 11:11:24 - [MESSAGE][WARNING] - Timeout '0' is invalid. Using default page load timeout: '60'

2021-12-15 11:11:25 - [MESSAGE][PASSED] - Tapped on element 'Object Repository/Mobile/Page/Login/Button - Login'

2021-12-15 11:11:25 - [TEST_STEP][PASSED] - delay(2): Delayed 2 second(s)

2021-12-15 11:11:27 - [MESSAGE][PASSED] - Delayed 2 second(s)

2021-12-15 11:11:27 - [MESSAGE][PASSED] - Call Test Case 'Test Cases/Mobile/Page/Login/Login' successfully

2021-12-15 11:11:27 - [MESSAGE][PASSED] - Call Test Case 'Test Cases/Mobile/Page/CheckLogin' successfully

2021-12-15 11:11:27 - [TEST_STEP][PASSED] - scroll.scroll.scrollScreenLeftToRight(): scroll.scroll.scrollScreenLeftToRight is PASSED

2021-12-15 11:11:27 - [MESSAGE][PASSED] - Current device physical height is 1423

2021-12-15 11:11:27 - [MESSAGE][PASSED] - Current device physical width is 720

2021-12-15 11:11:28 - [MESSAGE][PASSED] - Current device physical height is 1423

2021-12-15 11:11:29 - [MESSAGE][PASSED] - Swiped from 10,711 to 710,711

2021-12-15 11:11:29 - [MESSAGE][PASSED] - scroll.scroll.scrollScreenLeftToRight is PASSED

2021-12-15 11:11:29 - [TEST_STEP][PASSED] - delay(1): Delayed 1 second(s)

2021-12-15 11:11:30 - [MESSAGE][PASSED] - Delayed 1 second(s)

2021-12-15 11:11:30 - [TEST_STEP][FAILED] - for ([i = 0, i < 1, (i++)]): null

2021-12-15 11:11:30 - [TEST_STEP][PASSED] - if (action == "downloadtaxreport"): null

2021-12-15 11:11:30 - [TEST_STEP][FAILED] - else if (action == "analyzeprofile"): null

2021-12-15 11:11:30 - [TEST_STEP][PASSED] - risk = findTestObject("Mobile/Page/Profile/Container - Risk Profile"): null

2021-12-15 11:11:30 - [TEST_STEP][PASSED] - top = getElementTopPosition(risk, 0): Object 'Object Repository/Mobile/Page/Profile/Container - Risk Profile' has top position '463'

2021-12-15 11:11:30 - [MESSAGE][WARNING] - Timeout '0' is invalid. Using default page load timeout: '60'

2021-12-15 11:11:30 - [MESSAGE][PASSED] - Object 'Object Repository/Mobile/Page/Profile/Container - Risk Profile' has top position '463'

2021-12-15 11:11:30 - [TEST_STEP][PASSED] - y = getElementHeight(risk, 0) * 0.8 + top: Object 'Object Repository/Mobile/Page/Profile/Container - Risk Profile' has height: '119'

2021-12-15 11:11:30 - [MESSAGE][WARNING] - Timeout '0' is invalid. Using default page load timeout: '60'

2021-12-15 11:11:30 - [MESSAGE][PASSED] - Object 'Object Repository/Mobile/Page/Profile/Container - Risk Profile' has height: '119'

2021-12-15 11:11:30 - [TEST_STEP][PASSED] - x = getDeviceWidth() * 0.2: Current device physical width is 720

2021-12-15 11:11:30 - [MESSAGE][PASSED] - Current device physical width is 720

2021-12-15 11:11:30 - [TEST_STEP][PASSED] - tapAtPosition(x, y): Tapped at [144, 558]

2021-12-15 11:11:31 - [MESSAGE][PASSED] - Tapped at [144, 558]

2021-12-15 11:11:31 - [TEST_STEP][PASSED] - delay(1): Delayed 1 second(s)

2021-12-15 11:11:32 - [MESSAGE][PASSED] - Delayed 1 second(s)

2021-12-15 11:11:32 - [TEST_STEP][FAILED] - try: Failed to check for element 'Object Repository/Mobile/Page/Profile/Container - Risk Profile' exist (Root cause: com.kms.katalon.core.exception.StepFailedException: Element 'Object Repository/Mobile/Page/Profile/Container - Risk Profile' not found
	at com.kms.katalon.core.keyword.internal.KeywordMain.stepFailed(KeywordMain.groovy:50)
	at com.kms.katalon.core.mobile.keyword.internal.MobileKeywordMain.stepFailed(MobileKeywordMain.groovy:40)
	at com.kms.katalon.core.mobile.keyword.builtin.VerifyElementExistKeyword$_verifyElementExist_closure1.doCall(VerifyElementExistKeyword.groovy:77)
	at com.kms.katalon.core.mobile.keyword.builtin.VerifyElementExistKeyword$_verifyElementExist_closure1.call(VerifyElementExistKeyword.groovy)
	at com.kms.katalon.core.mobile.keyword.internal.MobileKeywordMain.runKeyword(MobileKeywordMain.groovy:21)
	at com.kms.katalon.core.mobile.keyword.builtin.VerifyElementExistKeyword.verifyElementExist(VerifyElementExistKeyword.groovy:80)
	at com.kms.katalon.core.mobile.keyword.builtin.VerifyElementExistKeyword.execute(VerifyElementExistKeyword.groovy:64)
	at com.kms.katalon.core.keyword.internal.KeywordExecutor.executeKeywordForPlatform(KeywordExecutor.groovy:73)
	at com.kms.katalon.core.mobile.keyword.MobileBuiltInKeywords.verifyElementExist(MobileBuiltInKeywords.groovy:1586)
	at com.kms.katalon.core.mobile.keyword.MobileBuiltInKeywords$verifyElementExist$11.call(Unknown Source)
	at NavigationMenu.run(NavigationMenu:50)
	at com.kms.katalon.core.main.ScriptEngine.run(ScriptEngine.java:194)
	at com.kms.katalon.core.main.ScriptEngine.runScriptAsRawText(ScriptEngine.java:119)
	at com.kms.katalon.core.main.TestCaseExecutor.runScript(TestCaseExecutor.java:398)
	at com.kms.katalon.core.main.TestCaseExecutor.doExecute(TestCaseExecutor.java:389)
	at com.kms.katalon.core.main.TestCaseExecutor.processExecutionPhase(TestCaseExecutor.java:368)
	at com.kms.katalon.core.main.TestCaseExecutor.accessMainPhase(TestCaseExecutor.java:360)
	at com.kms.katalon.core.main.TestCaseExecutor.execute(TestCaseExecutor.java:255)
	at com.kms.katalon.core.main.TestCaseMain.runTestCase(TestCaseMain.java:114)
	at com.kms.katalon.core.keyword.builtin.CallTestCaseKeyword$_callTestCase_closure1.doCall(CallTestCaseKeyword.groovy:59)
	at com.kms.katalon.core.keyword.builtin.CallTestCaseKeyword$_callTestCase_closure1.call(CallTestCaseKeyword.groovy)
	at com.kms.katalon.core.keyword.internal.KeywordMain.runKeyword(KeywordMain.groovy:68)
	at com.kms.katalon.core.keyword.builtin.CallTestCaseKeyword.callTestCase(CallTestCaseKeyword.groovy:81)
	at com.kms.katalon.core.keyword.builtin.CallTestCaseKeyword.execute(CallTestCaseKeyword.groovy:44)
	at com.kms.katalon.core.keyword.internal.KeywordExecutor.executeKeywordForPlatform(KeywordExecutor.groovy:73)
	at com.kms.katalon.core.keyword.BuiltinKeywords.callTestCase(BuiltinKeywords.groovy:334)
	at 002 - Risk Profile analysis.run(002 - Risk Profile analysis:22)
	at com.kms.katalon.core.main.ScriptEngine.run(ScriptEngine.java:194)
	at com.kms.katalon.core.main.ScriptEngine.runScriptAsRawText(ScriptEngine.java:119)
	at com.kms.katalon.core.main.TestCaseExecutor.runScript(TestCaseExecutor.java:398)
	at com.kms.katalon.core.main.TestCaseExecutor.doExecute(TestCaseExecutor.java:389)
	at com.kms.katalon.core.main.TestCaseExecutor.processExecutionPhase(TestCaseExecutor.java:368)
	at com.kms.katalon.core.main.TestCaseExecutor.accessMainPhase(TestCaseExecutor.java:360)
	at com.kms.katalon.core.main.TestCaseExecutor.execute(TestCaseExecutor.java:255)
	at com.kms.katalon.core.main.TestSuiteExecutor.accessTestCaseMainPhase(TestSuiteExecutor.java:203)
	at com.kms.katalon.core.main.TestSuiteExecutor.accessTestSuiteMainPhase(TestSuiteExecutor.java:152)
	at com.kms.katalon.core.main.TestSuiteExecutor.execute(TestSuiteExecutor.java:95)
	at com.kms.katalon.core.main.TestCaseMain.startTestSuite(TestCaseMain.java:157)
	at com.kms.katalon.core.main.TestCaseMain$startTestSuite$0.call(Unknown Source)
	at TempTestSuite1639541352064.run(TempTestSuite1639541352064.groovy:39)
)

2021-12-15 11:11:32 - [TEST_STEP][FAILED] - for ([j = 1, j <= 5, (j++)]): Failed to check for element 'Object Repository/Mobile/Page/Profile/Container - Risk Profile' exist (Root cause: com.kms.katalon.core.exception.StepFailedException: Element 'Object Repository/Mobile/Page/Profile/Container - Risk Profile' not found
	at com.kms.katalon.core.keyword.internal.KeywordMain.stepFailed(KeywordMain.groovy:50)
	at com.kms.katalon.core.mobile.keyword.internal.MobileKeywordMain.stepFailed(MobileKeywordMain.groovy:40)
	at com.kms.katalon.core.mobile.keyword.builtin.VerifyElementExistKeyword$_verifyElementExist_closure1.doCall(VerifyElementExistKeyword.groovy:77)
	at com.kms.katalon.core.mobile.keyword.builtin.VerifyElementExistKeyword$_verifyElementExist_closure1.call(VerifyElementExistKeyword.groovy)
	at com.kms.katalon.core.mobile.keyword.internal.MobileKeywordMain.runKeyword(MobileKeywordMain.groovy:21)
	at com.kms.katalon.core.mobile.keyword.builtin.VerifyElementExistKeyword.verifyElementExist(VerifyElementExistKeyword.groovy:80)
	at com.kms.katalon.core.mobile.keyword.builtin.VerifyElementExistKeyword.execute(VerifyElementExistKeyword.groovy:64)
	at com.kms.katalon.core.keyword.internal.KeywordExecutor.executeKeywordForPlatform(KeywordExecutor.groovy:73)
	at com.kms.katalon.core.mobile.keyword.MobileBuiltInKeywords.verifyElementExist(MobileBuiltInKeywords.groovy:1586)
	at com.kms.katalon.core.mobile.keyword.MobileBuiltInKeywords$verifyElementExist$11.call(Unknown Source)
	at NavigationMenu.run(NavigationMenu:50)
	at com.kms.katalon.core.main.ScriptEngine.run(ScriptEngine.java:194)
	at com.kms.katalon.core.main.ScriptEngine.runScriptAsRawText(ScriptEngine.java:119)
	at com.kms.katalon.core.main.TestCaseExecutor.runScript(TestCaseExecutor.java:398)
	at com.kms.katalon.core.main.TestCaseExecutor.doExecute(TestCaseExecutor.java:389)
	at com.kms.katalon.core.main.TestCaseExecutor.processExecutionPhase(TestCaseExecutor.java:368)
	at com.kms.katalon.core.main.TestCaseExecutor.accessMainPhase(TestCaseExecutor.java:360)
	at com.kms.katalon.core.main.TestCaseExecutor.execute(TestCaseExecutor.java:255)
	at com.kms.katalon.core.main.TestCaseMain.runTestCase(TestCaseMain.java:114)
	at com.kms.katalon.core.keyword.builtin.CallTestCaseKeyword$_callTestCase_closure1.doCall(CallTestCaseKeyword.groovy:59)
	at com.kms.katalon.core.keyword.builtin.CallTestCaseKeyword$_callTestCase_closure1.call(CallTestCaseKeyword.groovy)
	at com.kms.katalon.core.keyword.internal.KeywordMain.runKeyword(KeywordMain.groovy:68)
	at com.kms.katalon.core.keyword.builtin.CallTestCaseKeyword.callTestCase(CallTestCaseKeyword.groovy:81)
	at com.kms.katalon.core.keyword.builtin.CallTestCaseKeyword.execute(CallTestCaseKeyword.groovy:44)
	at com.kms.katalon.core.keyword.internal.KeywordExecutor.executeKeywordForPlatform(KeywordExecutor.groovy:73)
	at com.kms.katalon.core.keyword.BuiltinKeywords.callTestCase(BuiltinKeywords.groovy:334)
	at 002 - Risk Profile analysis.run(002 - Risk Profile analysis:22)
	at com.kms.katalon.core.main.ScriptEngine.run(ScriptEngine.java:194)
	at com.kms.katalon.core.main.ScriptEngine.runScriptAsRawText(ScriptEngine.java:119)
	at com.kms.katalon.core.main.TestCaseExecutor.runScript(TestCaseExecutor.java:398)
	at com.kms.katalon.core.main.TestCaseExecutor.doExecute(TestCaseExecutor.java:389)
	at com.kms.katalon.core.main.TestCaseExecutor.processExecutionPhase(TestCaseExecutor.java:368)
	at com.kms.katalon.core.main.TestCaseExecutor.accessMainPhase(TestCaseExecutor.java:360)
	at com.kms.katalon.core.main.TestCaseExecutor.execute(TestCaseExecutor.java:255)
	at com.kms.katalon.core.main.TestSuiteExecutor.accessTestCaseMainPhase(TestSuiteExecutor.java:203)
	at com.kms.katalon.core.main.TestSuiteExecutor.accessTestSuiteMainPhase(TestSuiteExecutor.java:152)
	at com.kms.katalon.core.main.TestSuiteExecutor.execute(TestSuiteExecutor.java:95)
	at com.kms.katalon.core.main.TestCaseMain.startTestSuite(TestCaseMain.java:157)
	at com.kms.katalon.core.main.TestCaseMain$startTestSuite$0.call(Unknown Source)
	at TempTestSuite1639541352064.run(TempTestSuite1639541352064.groovy:39)
)

2021-12-15 11:11:32 - [TEST_STEP][PASSED] - bestsuited = verifyElementExist(findTestObject("Mobile/Page/Profile/Container - Risk Profile"), 2): Element 'Object Repository/Mobile/Page/Profile/Container - Risk Profile' is exist

2021-12-15 11:11:32 - [MESSAGE][PASSED] - Element 'Object Repository/Mobile/Page/Profile/Container - Risk Profile' is exist

2021-12-15 11:11:32 - [TEST_STEP][PASSED] - if (!(bestsuited)): null

2021-12-15 11:11:32 - [TEST_STEP][PASSED] - x = getDeviceWidth() * 0.2 * j: Current device physical width is 720

2021-12-15 11:11:32 - [MESSAGE][PASSED] - Current device physical width is 720

2021-12-15 11:11:32 - [TEST_STEP][PASSED] - tapAtPosition(x, y): Tapped at [144, 558]

2021-12-15 11:11:32 - [MESSAGE][PASSED] - Tapped at [144, 558]

2021-12-15 11:11:32 - [TEST_STEP][PASSED] - delay(1): Delayed 1 second(s)

2021-12-15 11:11:33 - [MESSAGE][PASSED] - Delayed 1 second(s)

2021-12-15 11:11:33 - [TEST_STEP][PASSED] - bestsuited = verifyElementExist(findTestObject("Mobile/Page/Profile/Container - Risk Profile"), 2): Element 'Object Repository/Mobile/Page/Profile/Container - Risk Profile' is exist

2021-12-15 11:11:34 - [MESSAGE][PASSED] - Element 'Object Repository/Mobile/Page/Profile/Container - Risk Profile' is exist

2021-12-15 11:11:34 - [TEST_STEP][PASSED] - if (!(bestsuited)): null

2021-12-15 11:11:34 - [TEST_STEP][PASSED] - x = getDeviceWidth() * 0.2 * j: Current device physical width is 720

2021-12-15 11:11:34 - [MESSAGE][PASSED] - Current device physical width is 720

2021-12-15 11:11:34 - [TEST_STEP][PASSED] - tapAtPosition(x, y): Tapped at [288, 558]

2021-12-15 11:11:34 - [MESSAGE][PASSED] - Tapped at [288, 558]

2021-12-15 11:11:34 - [TEST_STEP][PASSED] - delay(1): Delayed 1 second(s)

2021-12-15 11:11:35 - [MESSAGE][PASSED] - Delayed 1 second(s)

2021-12-15 11:11:35 - [TEST_STEP][FAILED] - bestsuited = verifyElementExist(findTestObject("Mobile/Page/Profile/Container - Risk Profile"), 2): Failed to check for element 'Object Repository/Mobile/Page/Profile/Container - Risk Profile' exist (Root cause: com.kms.katalon.core.exception.StepFailedException: Element 'Object Repository/Mobile/Page/Profile/Container - Risk Profile' not found
	at com.kms.katalon.core.keyword.internal.KeywordMain.stepFailed(KeywordMain.groovy:50)
	at com.kms.katalon.core.mobile.keyword.internal.MobileKeywordMain.stepFailed(MobileKeywordMain.groovy:40)
	at com.kms.katalon.core.mobile.keyword.builtin.VerifyElementExistKeyword$_verifyElementExist_closure1.doCall(VerifyElementExistKeyword.groovy:77)
	at com.kms.katalon.core.mobile.keyword.builtin.VerifyElementExistKeyword$_verifyElementExist_closure1.call(VerifyElementExistKeyword.groovy)
	at com.kms.katalon.core.mobile.keyword.internal.MobileKeywordMain.runKeyword(MobileKeywordMain.groovy:21)
	at com.kms.katalon.core.mobile.keyword.builtin.VerifyElementExistKeyword.verifyElementExist(VerifyElementExistKeyword.groovy:80)
	at com.kms.katalon.core.mobile.keyword.builtin.VerifyElementExistKeyword.execute(VerifyElementExistKeyword.groovy:64)
	at com.kms.katalon.core.keyword.internal.KeywordExecutor.executeKeywordForPlatform(KeywordExecutor.groovy:73)
	at com.kms.katalon.core.mobile.keyword.MobileBuiltInKeywords.verifyElementExist(MobileBuiltInKeywords.groovy:1586)
	at com.kms.katalon.core.mobile.keyword.MobileBuiltInKeywords$verifyElementExist$11.call(Unknown Source)
	at NavigationMenu.run(NavigationMenu:50)
	at com.kms.katalon.core.main.ScriptEngine.run(ScriptEngine.java:194)
	at com.kms.katalon.core.main.ScriptEngine.runScriptAsRawText(ScriptEngine.java:119)
	at com.kms.katalon.core.main.TestCaseExecutor.runScript(TestCaseExecutor.java:398)
	at com.kms.katalon.core.main.TestCaseExecutor.doExecute(TestCaseExecutor.java:389)
	at com.kms.katalon.core.main.TestCaseExecutor.processExecutionPhase(TestCaseExecutor.java:368)
	at com.kms.katalon.core.main.TestCaseExecutor.accessMainPhase(TestCaseExecutor.java:360)
	at com.kms.katalon.core.main.TestCaseExecutor.execute(TestCaseExecutor.java:255)
	at com.kms.katalon.core.main.TestCaseMain.runTestCase(TestCaseMain.java:114)
	at com.kms.katalon.core.keyword.builtin.CallTestCaseKeyword$_callTestCase_closure1.doCall(CallTestCaseKeyword.groovy:59)
	at com.kms.katalon.core.keyword.builtin.CallTestCaseKeyword$_callTestCase_closure1.call(CallTestCaseKeyword.groovy)
	at com.kms.katalon.core.keyword.internal.KeywordMain.runKeyword(KeywordMain.groovy:68)
	at com.kms.katalon.core.keyword.builtin.CallTestCaseKeyword.callTestCase(CallTestCaseKeyword.groovy:81)
	at com.kms.katalon.core.keyword.builtin.CallTestCaseKeyword.execute(CallTestCaseKeyword.groovy:44)
	at com.kms.katalon.core.keyword.internal.KeywordExecutor.executeKeywordForPlatform(KeywordExecutor.groovy:73)
	at com.kms.katalon.core.keyword.BuiltinKeywords.callTestCase(BuiltinKeywords.groovy:334)
	at 002 - Risk Profile analysis.run(002 - Risk Profile analysis:22)
	at com.kms.katalon.core.main.ScriptEngine.run(ScriptEngine.java:194)
	at com.kms.katalon.core.main.ScriptEngine.runScriptAsRawText(ScriptEngine.java:119)
	at com.kms.katalon.core.main.TestCaseExecutor.runScript(TestCaseExecutor.java:398)
	at com.kms.katalon.core.main.TestCaseExecutor.doExecute(TestCaseExecutor.java:389)
	at com.kms.katalon.core.main.TestCaseExecutor.processExecutionPhase(TestCaseExecutor.java:368)
	at com.kms.katalon.core.main.TestCaseExecutor.accessMainPhase(TestCaseExecutor.java:360)
	at com.kms.katalon.core.main.TestCaseExecutor.execute(TestCaseExecutor.java:255)
	at com.kms.katalon.core.main.TestSuiteExecutor.accessTestCaseMainPhase(TestSuiteExecutor.java:203)
	at com.kms.katalon.core.main.TestSuiteExecutor.accessTestSuiteMainPhase(TestSuiteExecutor.java:152)
	at com.kms.katalon.core.main.TestSuiteExecutor.execute(TestSuiteExecutor.java:95)
	at com.kms.katalon.core.main.TestCaseMain.startTestSuite(TestCaseMain.java:157)
	at com.kms.katalon.core.main.TestCaseMain$startTestSuite$0.call(Unknown Source)
	at TempTestSuite1639541352064.run(TempTestSuite1639541352064.groovy:39)
)

2021-12-15 11:11:39 - [MESSAGE][FAILED] - Element 'Object Repository/Mobile/Page/Profile/Container - Risk Profile' not found
[[ATTACHMENT|C:\\Users\\Owner\\Documents\\kerjaan\\KatalonProject\\qa_katalon_pwm\\qa_katalon_pwm\\Reports\\20211215_110912\\navigationmenu\\20211215_110912\\1639541497916.png]]

2021-12-15 11:11:40 - [MESSAGE][FAILED] - Failed to check for element 'Object Repository/Mobile/Page/Profile/Container - Risk Profile' exist (Root cause: com.kms.katalon.core.exception.StepFailedException: Element 'Object Repository/Mobile/Page/Profile/Container - Risk Profile' not found
	at com.kms.katalon.core.keyword.internal.KeywordMain.stepFailed(KeywordMain.groovy:50)
	at com.kms.katalon.core.mobile.keyword.internal.MobileKeywordMain.stepFailed(MobileKeywordMain.groovy:40)
	at com.kms.katalon.core.mobile.keyword.builtin.VerifyElementExistKeyword$_verifyElementExist_closure1.doCall(VerifyElementExistKeyword.groovy:77)
	at com.kms.katalon.core.mobile.keyword.builtin.VerifyElementExistKeyword$_verifyElementExist_closure1.call(VerifyElementExistKeyword.groovy)
	at com.kms.katalon.core.mobile.keyword.internal.MobileKeywordMain.runKeyword(MobileKeywordMain.groovy:21)
	at com.kms.katalon.core.mobile.keyword.builtin.VerifyElementExistKeyword.verifyElementExist(VerifyElementExistKeyword.groovy:80)
	at com.kms.katalon.core.mobile.keyword.builtin.VerifyElementExistKeyword.execute(VerifyElementExistKeyword.groovy:64)
	at com.kms.katalon.core.keyword.internal.KeywordExecutor.executeKeywordForPlatform(KeywordExecutor.groovy:73)
	at com.kms.katalon.core.mobile.keyword.MobileBuiltInKeywords.verifyElementExist(MobileBuiltInKeywords.groovy:1586)
	at com.kms.katalon.core.mobile.keyword.MobileBuiltInKeywords$verifyElementExist$11.call(Unknown Source)
	at NavigationMenu.run(NavigationMenu:50)
	at com.kms.katalon.core.main.ScriptEngine.run(ScriptEngine.java:194)
	at com.kms.katalon.core.main.ScriptEngine.runScriptAsRawText(ScriptEngine.java:119)
	at com.kms.katalon.core.main.TestCaseExecutor.runScript(TestCaseExecutor.java:398)
	at com.kms.katalon.core.main.TestCaseExecutor.doExecute(TestCaseExecutor.java:389)
	at com.kms.katalon.core.main.TestCaseExecutor.processExecutionPhase(TestCaseExecutor.java:368)
	at com.kms.katalon.core.main.TestCaseExecutor.accessMainPhase(TestCaseExecutor.java:360)
	at com.kms.katalon.core.main.TestCaseExecutor.execute(TestCaseExecutor.java:255)
	at com.kms.katalon.core.main.TestCaseMain.runTestCase(TestCaseMain.java:114)
	at com.kms.katalon.core.keyword.builtin.CallTestCaseKeyword$_callTestCase_closure1.doCall(CallTestCaseKeyword.groovy:59)
	at com.kms.katalon.core.keyword.builtin.CallTestCaseKeyword$_callTestCase_closure1.call(CallTestCaseKeyword.groovy)
	at com.kms.katalon.core.keyword.internal.KeywordMain.runKeyword(KeywordMain.groovy:68)
	at com.kms.katalon.core.keyword.builtin.CallTestCaseKeyword.callTestCase(CallTestCaseKeyword.groovy:81)
	at com.kms.katalon.core.keyword.builtin.CallTestCaseKeyword.execute(CallTestCaseKeyword.groovy:44)
	at com.kms.katalon.core.keyword.internal.KeywordExecutor.executeKeywordForPlatform(KeywordExecutor.groovy:73)
	at com.kms.katalon.core.keyword.BuiltinKeywords.callTestCase(BuiltinKeywords.groovy:334)
	at 002 - Risk Profile analysis.run(002 - Risk Profile analysis:22)
	at com.kms.katalon.core.main.ScriptEngine.run(ScriptEngine.java:194)
	at com.kms.katalon.core.main.ScriptEngine.runScriptAsRawText(ScriptEngine.java:119)
	at com.kms.katalon.core.main.TestCaseExecutor.runScript(TestCaseExecutor.java:398)
	at com.kms.katalon.core.main.TestCaseExecutor.doExecute(TestCaseExecutor.java:389)
	at com.kms.katalon.core.main.TestCaseExecutor.processExecutionPhase(TestCaseExecutor.java:368)
	at com.kms.katalon.core.main.TestCaseExecutor.accessMainPhase(TestCaseExecutor.java:360)
	at com.kms.katalon.core.main.TestCaseExecutor.execute(TestCaseExecutor.java:255)
	at com.kms.katalon.core.main.TestSuiteExecutor.accessTestCaseMainPhase(TestSuiteExecutor.java:203)
	at com.kms.katalon.core.main.TestSuiteExecutor.accessTestSuiteMainPhase(TestSuiteExecutor.java:152)
	at com.kms.katalon.core.main.TestSuiteExecutor.execute(TestSuiteExecutor.java:95)
	at com.kms.katalon.core.main.TestCaseMain.startTestSuite(TestCaseMain.java:157)
	at com.kms.katalon.core.main.TestCaseMain$startTestSuite$0.call(Unknown Source)
	at TempTestSuite1639541352064.run(TempTestSuite1639541352064.groovy:39)
)
[[ATTACHMENT|C:\\Users\\Owner\\Documents\\kerjaan\\KatalonProject\\qa_katalon_pwm\\qa_katalon_pwm\\Reports\\20211215_110912\\navigationmenu\\20211215_110912\\1639541499506.png]]

2021-12-15 11:11:40 - [TEST_STEP][PASSED] - catch (Exception e): null

2021-12-15 11:11:40 - [TEST_STEP][PASSED] - positionclick.positionclick.clickButtonInBottom(findTestObject("Object Repository/Mobile/Page/Profile/Risk Profile/Dropdown - How Long 2")): positionclick.positionclick.clickButtonInBottom is PASSED

2021-12-15 11:11:40 - [MESSAGE][PASSED] - Current device physical width is 720

2021-12-15 11:11:40 - [MESSAGE][WARNING] - Timeout '0' is invalid. Using default page load timeout: '60'

2021-12-15 11:11:40 - [MESSAGE][PASSED] - Object 'Object Repository/Mobile/Page/Profile/Risk Profile/Dropdown - How Long 2' has top position '151'

2021-12-15 11:11:40 - [MESSAGE][WARNING] - Timeout '0' is invalid. Using default page load timeout: '60'

2021-12-15 11:11:40 - [MESSAGE][PASSED] - Object 'Object Repository/Mobile/Page/Profile/Risk Profile/Dropdown - How Long 2' has height: '126'

2021-12-15 11:11:41 - [MESSAGE][PASSED] - Tapped at [360, 251]

2021-12-15 11:11:41 - [MESSAGE][PASSED] - positionclick.positionclick.clickButtonInBottom is PASSED

2021-12-15 11:11:41 - [TEST_STEP][PASSED] - delay(1): Delayed 1 second(s)

2021-12-15 11:11:42 - [MESSAGE][PASSED] - Delayed 1 second(s)

2021-12-15 11:11:42 - [TEST_STEP][PASSED] - tap(findTestObject("Object Repository/Mobile/Page/Profile/Risk Profile/Option How Long - 1 to 3"), 0): Tapped on element 'Object Repository/Mobile/Page/Profile/Risk Profile/Option How Long - 1 to 3'

2021-12-15 11:11:42 - [MESSAGE][WARNING] - Timeout '0' is invalid. Using default page load timeout: '60'

2021-12-15 11:11:44 - [MESSAGE][PASSED] - Tapped on element 'Object Repository/Mobile/Page/Profile/Risk Profile/Option How Long - 1 to 3'

2021-12-15 11:11:44 - [TEST_STEP][PASSED] - delay(1): Delayed 1 second(s)

2021-12-15 11:11:45 - [MESSAGE][PASSED] - Delayed 1 second(s)

2021-12-15 11:11:45 - [TEST_STEP][PASSED] - positionclick.positionclick.clickButtonInBottom(findTestObject("Object Repository/Mobile/Page/Profile/Risk Profile/Dropdown - Investment Goal")): positionclick.positionclick.clickButtonInBottom is PASSED

2021-12-15 11:11:45 - [MESSAGE][PASSED] - Current device physical width is 720

2021-12-15 11:11:45 - [MESSAGE][WARNING] - Timeout '0' is invalid. Using default page load timeout: '60'

2021-12-15 11:11:45 - [MESSAGE][PASSED] - Object 'Object Repository/Mobile/Page/Profile/Risk Profile/Dropdown - Investment Goal' has top position '303'

2021-12-15 11:11:45 - [MESSAGE][WARNING] - Timeout '0' is invalid. Using default page load timeout: '60'

2021-12-15 11:11:45 - [MESSAGE][PASSED] - Object 'Object Repository/Mobile/Page/Profile/Risk Profile/Dropdown - Investment Goal' has height: '126'

2021-12-15 11:11:46 - [MESSAGE][PASSED] - Tapped at [360, 403]

2021-12-15 11:11:46 - [MESSAGE][PASSED] - positionclick.positionclick.clickButtonInBottom is PASSED

2021-12-15 11:11:46 - [TEST_STEP][PASSED] - delay(1): Delayed 1 second(s)

2021-12-15 11:11:47 - [MESSAGE][PASSED] - Delayed 1 second(s)

2021-12-15 11:11:47 - [TEST_STEP][PASSED] - tap(findTestObject("Object Repository/Mobile/Page/Profile/Risk Profile/Option Investment Goal - Additional Income"), 0): Tapped on element 'Object Repository/Mobile/Page/Profile/Risk Profile/Option Investment Goal - Additional Income'

2021-12-15 11:11:48 - [MESSAGE][WARNING] - Timeout '0' is invalid. Using default page load timeout: '60'

2021-12-15 11:11:49 - [MESSAGE][PASSED] - Tapped on element 'Object Repository/Mobile/Page/Profile/Risk Profile/Option Investment Goal - Additional Income'

2021-12-15 11:11:49 - [TEST_STEP][PASSED] - delay(1): Delayed 1 second(s)

2021-12-15 11:11:50 - [MESSAGE][PASSED] - Delayed 1 second(s)

2021-12-15 11:11:50 - [TEST_STEP][PASSED] - positionclick.positionclick.clickButtonInBottom(findTestObject("Object Repository/Mobile/Page/Profile/Risk Profile/Dropdown - General Knowledge")): positionclick.positionclick.clickButtonInBottom is PASSED

2021-12-15 11:11:50 - [MESSAGE][PASSED] - Current device physical width is 720

2021-12-15 11:11:50 - [MESSAGE][WARNING] - Timeout '0' is invalid. Using default page load timeout: '60'

2021-12-15 11:11:50 - [MESSAGE][PASSED] - Object 'Object Repository/Mobile/Page/Profile/Risk Profile/Dropdown - General Knowledge' has top position '456'

2021-12-15 11:11:50 - [MESSAGE][WARNING] - Timeout '0' is invalid. Using default page load timeout: '60'

2021-12-15 11:11:50 - [MESSAGE][PASSED] - Object 'Object Repository/Mobile/Page/Profile/Risk Profile/Dropdown - General Knowledge' has height: '126'

2021-12-15 11:11:51 - [MESSAGE][PASSED] - Tapped at [360, 556]

2021-12-15 11:11:51 - [MESSAGE][PASSED] - positionclick.positionclick.clickButtonInBottom is PASSED

2021-12-15 11:11:51 - [TEST_STEP][PASSED] - delay(1): Delayed 1 second(s)

2021-12-15 11:11:52 - [MESSAGE][PASSED] - Delayed 1 second(s)

2021-12-15 11:11:52 - [TEST_STEP][PASSED] - tap(findTestObject("Object Repository/Mobile/Page/Profile/Risk Profile/Option General Knowledge - Good"), 0): Tapped on element 'Object Repository/Mobile/Page/Profile/Risk Profile/Option General Knowledge - Good'

2021-12-15 11:11:52 - [MESSAGE][WARNING] - Timeout '0' is invalid. Using default page load timeout: '60'

2021-12-15 11:11:53 - [MESSAGE][PASSED] - Tapped on element 'Object Repository/Mobile/Page/Profile/Risk Profile/Option General Knowledge - Good'

2021-12-15 11:11:53 - [TEST_STEP][PASSED] - delay(1): Delayed 1 second(s)

2021-12-15 11:11:54 - [MESSAGE][PASSED] - Delayed 1 second(s)

2021-12-15 11:11:54 - [TEST_STEP][PASSED] - positionclick.positionclick.clickButtonInBottom(findTestObject("Object Repository/Mobile/Page/Profile/Risk Profile/Dropdown - Total Amount")): positionclick.positionclick.clickButtonInBottom is PASSED

2021-12-15 11:11:54 - [MESSAGE][PASSED] - Current device physical width is 720

2021-12-15 11:11:55 - [MESSAGE][WARNING] - Timeout '0' is invalid. Using default page load timeout: '60'

2021-12-15 11:11:55 - [MESSAGE][PASSED] - Object 'Object Repository/Mobile/Page/Profile/Risk Profile/Dropdown - Total Amount' has top position '608'

2021-12-15 11:11:55 - [MESSAGE][WARNING] - Timeout '0' is invalid. Using default page load timeout: '60'

2021-12-15 11:11:55 - [MESSAGE][PASSED] - Object 'Object Repository/Mobile/Page/Profile/Risk Profile/Dropdown - Total Amount' has height: '126'

2021-12-15 11:11:56 - [MESSAGE][PASSED] - Tapped at [360, 708]

2021-12-15 11:11:56 - [MESSAGE][PASSED] - positionclick.positionclick.clickButtonInBottom is PASSED

2021-12-15 11:11:56 - [TEST_STEP][PASSED] - delay(1): Delayed 1 second(s)

2021-12-15 11:11:57 - [MESSAGE][PASSED] - Delayed 1 second(s)

2021-12-15 11:11:57 - [TEST_STEP][PASSED] - tap(findTestObject("Object Repository/Mobile/Page/Profile/Risk Profile/Option Total Amount - Between 10 and 20"), 0): Tapped on element 'Object Repository/Mobile/Page/Profile/Risk Profile/Option Total Amount - Between 10 and 20'

2021-12-15 11:11:57 - [MESSAGE][WARNING] - Timeout '0' is invalid. Using default page load timeout: '60'

2021-12-15 11:11:58 - [MESSAGE][PASSED] - Tapped on element 'Object Repository/Mobile/Page/Profile/Risk Profile/Option Total Amount - Between 10 and 20'

2021-12-15 11:11:58 - [TEST_STEP][PASSED] - delay(1): Delayed 1 second(s)

2021-12-15 11:11:59 - [MESSAGE][PASSED] - Delayed 1 second(s)

2021-12-15 11:11:59 - [TEST_STEP][PASSED] - positionclick.positionclick.clickButtonInBottom(findTestObject("Object Repository/Mobile/Page/Profile/Risk Profile/Dropdown - Investment Goal")): positionclick.positionclick.clickButtonInBottom is PASSED

2021-12-15 11:11:59 - [MESSAGE][PASSED] - Current device physical width is 720

2021-12-15 11:11:59 - [MESSAGE][WARNING] - Timeout '0' is invalid. Using default page load timeout: '60'

2021-12-15 11:11:59 - [MESSAGE][PASSED] - Object 'Object Repository/Mobile/Page/Profile/Risk Profile/Dropdown - Investment Goal' has top position '303'

2021-12-15 11:11:59 - [MESSAGE][WARNING] - Timeout '0' is invalid. Using default page load timeout: '60'

2021-12-15 11:12:00 - [MESSAGE][PASSED] - Object 'Object Repository/Mobile/Page/Profile/Risk Profile/Dropdown - Investment Goal' has height: '126'

2021-12-15 11:12:01 - [MESSAGE][PASSED] - Tapped at [360, 403]

2021-12-15 11:12:01 - [MESSAGE][PASSED] - positionclick.positionclick.clickButtonInBottom is PASSED

2021-12-15 11:12:01 - [TEST_STEP][PASSED] - delay(1): Delayed 1 second(s)

2021-12-15 11:12:02 - [MESSAGE][PASSED] - Delayed 1 second(s)

2021-12-15 11:12:02 - [TEST_STEP][PASSED] - tap(findTestObject("Object Repository/Mobile/Page/Profile/Risk Profile/Option Risk Level - High"), 0): Tapped on element 'Object Repository/Mobile/Page/Profile/Risk Profile/Option Risk Level - High'

2021-12-15 11:12:02 - [MESSAGE][WARNING] - Timeout '0' is invalid. Using default page load timeout: '60'

2021-12-15 11:12:03 - [MESSAGE][PASSED] - Tapped on element 'Object Repository/Mobile/Page/Profile/Risk Profile/Option Risk Level - High'

2021-12-15 11:12:03 - [TEST_STEP][PASSED] - delay(1): Delayed 1 second(s)

2021-12-15 11:12:04 - [MESSAGE][PASSED] - Delayed 1 second(s)

2021-12-15 11:12:04 - [TEST_STEP][PASSED] - positionclick.positionclick.clickButtonInBottom(findTestObject("Object Repository/Mobile/Page/Profile/Risk Profile/Dropdown - Best Suited")): positionclick.positionclick.clickButtonInBottom is PASSED

2021-12-15 11:12:04 - [MESSAGE][PASSED] - Current device physical width is 720

2021-12-15 11:12:04 - [MESSAGE][WARNING] - Timeout '0' is invalid. Using default page load timeout: '60'

2021-12-15 11:12:04 - [MESSAGE][PASSED] - Object 'Object Repository/Mobile/Page/Profile/Risk Profile/Dropdown - Best Suited' has top position '912'

2021-12-15 11:12:04 - [MESSAGE][WARNING] - Timeout '0' is invalid. Using default page load timeout: '60'

2021-12-15 11:12:05 - [MESSAGE][PASSED] - Object 'Object Repository/Mobile/Page/Profile/Risk Profile/Dropdown - Best Suited' has height: '154'

2021-12-15 11:12:05 - [MESSAGE][PASSED] - Tapped at [360, 1,035]

2021-12-15 11:12:05 - [MESSAGE][PASSED] - positionclick.positionclick.clickButtonInBottom is PASSED

2021-12-15 11:12:05 - [TEST_STEP][PASSED] - delay(1): Delayed 1 second(s)

2021-12-15 11:12:06 - [MESSAGE][PASSED] - Delayed 1 second(s)

2021-12-15 11:12:06 - [TEST_STEP][PASSED] - tap(findTestObject("Object Repository/Mobile/Page/Profile/Risk Profile/Option Best Suited - Bonds"), 0): Tapped on element 'Object Repository/Mobile/Page/Profile/Risk Profile/Option Best Suited - Bonds'

2021-12-15 11:12:06 - [MESSAGE][WARNING] - Timeout '0' is invalid. Using default page load timeout: '60'

2021-12-15 11:12:07 - [MESSAGE][PASSED] - Tapped on element 'Object Repository/Mobile/Page/Profile/Risk Profile/Option Best Suited - Bonds'

2021-12-15 11:12:07 - [TEST_STEP][PASSED] - delay(1): Delayed 1 second(s)

2021-12-15 11:12:08 - [MESSAGE][PASSED] - Delayed 1 second(s)

2021-12-15 11:12:08 - [TEST_STEP][PASSED] - tap(findTestObject("Object Repository/Mobile/Page/Profile/Risk Profile/Button - Calculate Risk Profile"), 0): Tapped on element 'Object Repository/Mobile/Page/Profile/Risk Profile/Button - Calculate Risk Profile'

2021-12-15 11:12:08 - [MESSAGE][WARNING] - Timeout '0' is invalid. Using default page load timeout: '60'

2021-12-15 11:12:09 - [MESSAGE][PASSED] - Tapped on element 'Object Repository/Mobile/Page/Profile/Risk Profile/Button - Calculate Risk Profile'

2021-12-15 11:12:09 - [TEST_STEP][PASSED] - delay(1): Delayed 1 second(s)

2021-12-15 11:12:10 - [MESSAGE][PASSED] - Delayed 1 second(s)

2021-12-15 11:12:10 - [TEST_STEP][PASSED] - pressBack(): Press back button successfully

2021-12-15 11:12:11 - [MESSAGE][PASSED] - Press back button successfully

2021-12-15 11:12:11 - [MESSAGE][PASSED] - Call Test Case 'Test Cases/Mobile/Page/Navigation Menu/NavigationMenu' successfully

2021-12-15 11:12:11 - [TEST_STEP][PASSED] - callTestCase(findTestCase("Mobile/Page/Run App/Terminate App"), [:], STOP_ON_FAILURE): Call Test Case 'Test Cases/Mobile/Page/Run App/Terminate App' successfully

2021-12-15 11:12:11 - [TEST_CASE][PASSED] - Test Cases/Mobile/Page/Run App/Terminate App: Test Cases/Mobile/Page/Run App/Terminate App

2021-12-15 11:12:11 - [TEST_STEP][PASSED] - startApp.OpenApp.terminateApplication(): startApp.OpenApp.terminateApplication is PASSED

2021-12-15 11:12:14 - [MESSAGE][PASSED] - Delayed 3 second(s)

2021-12-15 11:12:15 - [MESSAGE][PASSED] - Current device physical width is 720

2021-12-15 11:12:15 - [MESSAGE][PASSED] - Current device physical height is 1423

2021-12-15 11:12:16 - [MESSAGE][PASSED] - Swiped from 360,853 to 360,142

2021-12-15 11:12:17 - [MESSAGE][PASSED] - Delayed 1 second(s)

2021-12-15 11:12:18 - [MESSAGE][PASSED] - Swiped from 360,853 to 360,142

2021-12-15 11:12:21 - [MESSAGE][PASSED] - Delayed 3 second(s)

2021-12-15 11:12:21 - [MESSAGE][PASSED] - startApp.OpenApp.terminateApplication is PASSED

2021-12-15 11:12:21 - [MESSAGE][PASSED] - Call Test Case 'Test Cases/Mobile/Page/Run App/Terminate App' successfully]]></system-out>
         <system-err><![CDATA[]]></system-err>
      </testcase>
      <testcase name="Test Cases/Mobile/Scenario/NavigationMenu/003 - Whatsapp message" time="70.369" classname="Test Cases/Mobile/Scenario/NavigationMenu/003 - Whatsapp message" status="PASSED">
         <system-out><![CDATA[2021-12-15 11:12:21 - [TEST_CASE][PASSED] - Test Cases/Mobile/Scenario/NavigationMenu/003 - Whatsapp message: Test Cases/Mobile/Scenario/NavigationMenu/003 - Whatsapp message

2021-12-15 11:12:22 - [TEST_STEP][PASSED] - callTestCase(findTestCase("Mobile/Page/Run App/Run App byID"), [:], STOP_ON_FAILURE): Call Test Case 'Test Cases/Mobile/Page/Run App/Run App byID' successfully

2021-12-15 11:12:22 - [TEST_CASE][PASSED] - Test Cases/Mobile/Page/Run App/Run App byID: Test Cases/Mobile/Page/Run App/Run App byID

2021-12-15 11:12:22 - [TEST_STEP][PASSED] - startApp.OpenApp.startApplication("id.co.miraeasset.sageclub"): startApp.OpenApp.startApplication is PASSED

2021-12-15 11:12:38 - [MESSAGE][PASSED] - Starting app with application ID: 'id.co.miraeasset.sageclub'

2021-12-15 11:12:38 - [MESSAGE][PASSED] - startApp.OpenApp.startApplication is PASSED

2021-12-15 11:12:38 - [MESSAGE][PASSED] - Call Test Case 'Test Cases/Mobile/Page/Run App/Run App byID' successfully

2021-12-15 11:12:38 - [TEST_STEP][PASSED] - callTestCase(findTestCase("Mobile/Page/Navigation Menu/NavigationMenu"), ["action":"wa"], CONTINUE_ON_FAILURE): Call Test Case 'Test Cases/Mobile/Page/Navigation Menu/NavigationMenu' successfully

2021-12-15 11:12:38 - [TEST_CASE][PASSED] - Test Cases/Mobile/Page/Navigation Menu/NavigationMenu: Test Cases/Mobile/Page/Navigation Menu/NavigationMenu

2021-12-15 11:12:38 - [TEST_STEP][PASSED] - callTestCase(findTestCase("Mobile/Page/CheckLogin"), [:], CONTINUE_ON_FAILURE): Call Test Case 'Test Cases/Mobile/Page/CheckLogin' successfully

2021-12-15 11:12:38 - [TEST_CASE][PASSED] - Test Cases/Mobile/Page/CheckLogin: Test Cases/Mobile/Page/CheckLogin

2021-12-15 11:12:38 - [TEST_STEP][PASSED] - loginCheck = verifyElementExist(findTestObject("Mobile/Page/Login/Button - Login"), 2, CONTINUE_ON_FAILURE): Element 'Object Repository/Mobile/Page/Login/Button - Login' is exist

2021-12-15 11:12:40 - [MESSAGE][PASSED] - Element 'Object Repository/Mobile/Page/Login/Button - Login' is exist

2021-12-15 11:12:40 - [TEST_STEP][PASSED] - if (loginCheck): Call Test Case 'Test Cases/Mobile/Page/Login/Login' successfully

2021-12-15 11:12:40 - [TEST_STEP][PASSED] - callTestCase(findTestCase("Mobile/Page/Login/Login"), [:], CONTINUE_ON_FAILURE): Call Test Case 'Test Cases/Mobile/Page/Login/Login' successfully

2021-12-15 11:12:40 - [TEST_CASE][PASSED] - Test Cases/Mobile/Page/Login/Login: Test Cases/Mobile/Page/Login/Login

2021-12-15 11:12:40 - [TEST_STEP][PASSED] - delay(2): Delayed 2 second(s)

2021-12-15 11:12:42 - [MESSAGE][PASSED] - Delayed 2 second(s)

2021-12-15 11:12:42 - [TEST_STEP][PASSED] - tap(findTestObject("Mobile/Page/Login/Input - UserID"), 0): Tapped on element 'Object Repository/Mobile/Page/Login/Input - UserID'

2021-12-15 11:12:42 - [MESSAGE][WARNING] - Timeout '0' is invalid. Using default page load timeout: '60'

2021-12-15 11:12:43 - [MESSAGE][PASSED] - Tapped on element 'Object Repository/Mobile/Page/Login/Input - UserID'

2021-12-15 11:12:43 - [TEST_STEP][PASSED] - delay(1): Delayed 1 second(s)

2021-12-15 11:12:44 - [MESSAGE][PASSED] - Delayed 1 second(s)

2021-12-15 11:12:44 - [TEST_STEP][PASSED] - setText(findTestObject("Mobile/Page/Login/Input Rdy - UserID"), "anggaaditya", 0): Text 'anggaaditya' has been set to element 'Object Repository/Mobile/Page/Login/Input Rdy - UserID'

2021-12-15 11:12:44 - [MESSAGE][WARNING] - Timeout '0' is invalid. Using default page load timeout: '60'

2021-12-15 11:12:45 - [MESSAGE][PASSED] - Text 'anggaaditya' has been set to element 'Object Repository/Mobile/Page/Login/Input Rdy - UserID'

2021-12-15 11:12:45 - [TEST_STEP][PASSED] - delay(1): Delayed 1 second(s)

2021-12-15 11:12:46 - [MESSAGE][PASSED] - Delayed 1 second(s)

2021-12-15 11:12:46 - [TEST_STEP][PASSED] - hideKeyboard(): Keyboard is hidden

2021-12-15 11:12:51 - [MESSAGE][PASSED] - Keyboard is hidden

2021-12-15 11:12:51 - [TEST_STEP][PASSED] - tap(findTestObject("Mobile/Page/Login/Input - Password"), 0): Tapped on element 'Object Repository/Mobile/Page/Login/Input - Password'

2021-12-15 11:12:51 - [MESSAGE][WARNING] - Timeout '0' is invalid. Using default page load timeout: '60'

2021-12-15 11:12:51 - [MESSAGE][PASSED] - Tapped on element 'Object Repository/Mobile/Page/Login/Input - Password'

2021-12-15 11:12:51 - [TEST_STEP][PASSED] - delay(1): Delayed 1 second(s)

2021-12-15 11:12:52 - [MESSAGE][PASSED] - Delayed 1 second(s)

2021-12-15 11:12:52 - [TEST_STEP][PASSED] - setText(findTestObject("Mobile/Page/Login/Input Rdy - Password"), "Shalawa18", 0): Text 'Shalawa18' has been set to element 'Object Repository/Mobile/Page/Login/Input Rdy - Password'

2021-12-15 11:12:52 - [MESSAGE][WARNING] - Timeout '0' is invalid. Using default page load timeout: '60'

2021-12-15 11:12:53 - [MESSAGE][PASSED] - Text 'Shalawa18' has been set to element 'Object Repository/Mobile/Page/Login/Input Rdy - Password'

2021-12-15 11:12:53 - [TEST_STEP][PASSED] - delay(1): Delayed 1 second(s)

2021-12-15 11:12:54 - [MESSAGE][PASSED] - Delayed 1 second(s)

2021-12-15 11:12:54 - [TEST_STEP][PASSED] - hideKeyboard(): Keyboard is hidden

2021-12-15 11:13:03 - [MESSAGE][PASSED] - Keyboard is hidden

2021-12-15 11:13:03 - [TEST_STEP][PASSED] - tap(findTestObject("Mobile/Page/Login/Button - Login"), 0): Tapped on element 'Object Repository/Mobile/Page/Login/Button - Login'

2021-12-15 11:13:03 - [MESSAGE][WARNING] - Timeout '0' is invalid. Using default page load timeout: '60'

2021-12-15 11:13:04 - [MESSAGE][PASSED] - Tapped on element 'Object Repository/Mobile/Page/Login/Button - Login'

2021-12-15 11:13:04 - [TEST_STEP][PASSED] - delay(2): Delayed 2 second(s)

2021-12-15 11:13:06 - [MESSAGE][PASSED] - Delayed 2 second(s)

2021-12-15 11:13:06 - [MESSAGE][PASSED] - Call Test Case 'Test Cases/Mobile/Page/Login/Login' successfully

2021-12-15 11:13:06 - [MESSAGE][PASSED] - Call Test Case 'Test Cases/Mobile/Page/CheckLogin' successfully

2021-12-15 11:13:06 - [TEST_STEP][PASSED] - scroll.scroll.scrollScreenLeftToRight(): scroll.scroll.scrollScreenLeftToRight is PASSED

2021-12-15 11:13:06 - [MESSAGE][PASSED] - Current device physical height is 1423

2021-12-15 11:13:06 - [MESSAGE][PASSED] - Current device physical width is 720

2021-12-15 11:13:06 - [MESSAGE][PASSED] - Current device physical height is 1423

2021-12-15 11:13:08 - [MESSAGE][PASSED] - Swiped from 10,711 to 710,711

2021-12-15 11:13:08 - [MESSAGE][PASSED] - scroll.scroll.scrollScreenLeftToRight is PASSED

2021-12-15 11:13:08 - [TEST_STEP][PASSED] - delay(1): Delayed 1 second(s)

2021-12-15 11:13:09 - [MESSAGE][PASSED] - Delayed 1 second(s)

2021-12-15 11:13:09 - [TEST_STEP][PASSED] - for ([i = 0, i < 1, (i++)]): Delayed 2 second(s)

2021-12-15 11:13:09 - [TEST_STEP][PASSED] - if (action == "downloadtaxreport"): null

2021-12-15 11:13:09 - [TEST_STEP][PASSED] - else if (action == "analyzeprofile"): null

2021-12-15 11:13:09 - [TEST_STEP][PASSED] - else if (action == "wa"): Delayed 2 second(s)

2021-12-15 11:13:09 - [TEST_STEP][PASSED] - tap(findTestObject("Object Repository/Mobile/Page/Profile/Button - Whatsapp"), 0): Tapped on element 'Object Repository/Mobile/Page/Profile/Button - Whatsapp'

2021-12-15 11:13:09 - [MESSAGE][WARNING] - Timeout '0' is invalid. Using default page load timeout: '60'

2021-12-15 11:13:10 - [MESSAGE][PASSED] - Tapped on element 'Object Repository/Mobile/Page/Profile/Button - Whatsapp'

2021-12-15 11:13:10 - [TEST_STEP][PASSED] - delay(2): Delayed 2 second(s)

2021-12-15 11:13:12 - [MESSAGE][PASSED] - Delayed 2 second(s)

2021-12-15 11:13:12 - [MESSAGE][PASSED] - Call Test Case 'Test Cases/Mobile/Page/Navigation Menu/NavigationMenu' successfully

2021-12-15 11:13:12 - [TEST_STEP][PASSED] - callTestCase(findTestCase("Mobile/Page/Run App/Terminate App"), [:], STOP_ON_FAILURE): Call Test Case 'Test Cases/Mobile/Page/Run App/Terminate App' successfully

2021-12-15 11:13:12 - [TEST_CASE][PASSED] - Test Cases/Mobile/Page/Run App/Terminate App: Test Cases/Mobile/Page/Run App/Terminate App

2021-12-15 11:13:12 - [TEST_STEP][PASSED] - startApp.OpenApp.terminateApplication(): startApp.OpenApp.terminateApplication is PASSED

2021-12-15 11:13:15 - [MESSAGE][PASSED] - Delayed 3 second(s)

2021-12-15 11:13:15 - [MESSAGE][PASSED] - Current device physical width is 720

2021-12-15 11:13:15 - [MESSAGE][PASSED] - Current device physical height is 1423

2021-12-15 11:13:16 - [MESSAGE][PASSED] - Swiped from 360,853 to 360,142

2021-12-15 11:13:17 - [MESSAGE][PASSED] - Delayed 1 second(s)

2021-12-15 11:13:19 - [MESSAGE][PASSED] - Swiped from 360,853 to 360,142

2021-12-15 11:13:22 - [MESSAGE][PASSED] - Delayed 3 second(s)

2021-12-15 11:13:22 - [MESSAGE][PASSED] - startApp.OpenApp.terminateApplication is PASSED

2021-12-15 11:13:22 - [MESSAGE][PASSED] - Call Test Case 'Test Cases/Mobile/Page/Run App/Terminate App' successfully

2021-12-15 11:13:22 - [TEST_STEP][PASSED] - callTestCase(findTestCase("Mobile/Page/Run App/Terminate App"), [:], STOP_ON_FAILURE): Call Test Case 'Test Cases/Mobile/Page/Run App/Terminate App' successfully

2021-12-15 11:13:22 - [TEST_CASE][PASSED] - Test Cases/Mobile/Page/Run App/Terminate App: Test Cases/Mobile/Page/Run App/Terminate App

2021-12-15 11:13:22 - [TEST_STEP][PASSED] - startApp.OpenApp.terminateApplication(): startApp.OpenApp.terminateApplication is PASSED

2021-12-15 11:13:25 - [MESSAGE][PASSED] - Delayed 3 second(s)

2021-12-15 11:13:25 - [MESSAGE][PASSED] - Current device physical width is 720

2021-12-15 11:13:25 - [MESSAGE][PASSED] - Current device physical height is 1423

2021-12-15 11:13:27 - [MESSAGE][PASSED] - Swiped from 360,853 to 360,142

2021-12-15 11:13:28 - [MESSAGE][PASSED] - Delayed 1 second(s)

2021-12-15 11:13:29 - [MESSAGE][PASSED] - Swiped from 360,853 to 360,142

2021-12-15 11:13:32 - [MESSAGE][PASSED] - Delayed 3 second(s)

2021-12-15 11:13:32 - [MESSAGE][PASSED] - startApp.OpenApp.terminateApplication is PASSED

2021-12-15 11:13:32 - [MESSAGE][PASSED] - Call Test Case 'Test Cases/Mobile/Page/Run App/Terminate App' successfully]]></system-out>
         <system-err><![CDATA[]]></system-err>
      </testcase>
      <testcase name="Test Cases/Mobile/Scenario/NavigationMenu/004 - Email button" time="73.028" classname="Test Cases/Mobile/Scenario/NavigationMenu/004 - Email button" status="PASSED">
         <system-out><![CDATA[2021-12-15 11:13:32 - [TEST_CASE][PASSED] - Test Cases/Mobile/Scenario/NavigationMenu/004 - Email button: Test Cases/Mobile/Scenario/NavigationMenu/004 - Email button

2021-12-15 11:13:32 - [TEST_STEP][PASSED] - callTestCase(findTestCase("Mobile/Page/Run App/Run App byID"), [:], STOP_ON_FAILURE): Call Test Case 'Test Cases/Mobile/Page/Run App/Run App byID' successfully

2021-12-15 11:13:32 - [TEST_CASE][PASSED] - Test Cases/Mobile/Page/Run App/Run App byID: Test Cases/Mobile/Page/Run App/Run App byID

2021-12-15 11:13:32 - [TEST_STEP][PASSED] - startApp.OpenApp.startApplication("id.co.miraeasset.sageclub"): startApp.OpenApp.startApplication is PASSED

2021-12-15 11:13:47 - [MESSAGE][PASSED] - Starting app with application ID: 'id.co.miraeasset.sageclub'

2021-12-15 11:13:47 - [MESSAGE][PASSED] - startApp.OpenApp.startApplication is PASSED

2021-12-15 11:13:47 - [MESSAGE][PASSED] - Call Test Case 'Test Cases/Mobile/Page/Run App/Run App byID' successfully

2021-12-15 11:13:47 - [TEST_STEP][PASSED] - callTestCase(findTestCase("Mobile/Page/Navigation Menu/NavigationMenu"), ["action":"email"], CONTINUE_ON_FAILURE): Call Test Case 'Test Cases/Mobile/Page/Navigation Menu/NavigationMenu' successfully

2021-12-15 11:13:47 - [TEST_CASE][PASSED] - Test Cases/Mobile/Page/Navigation Menu/NavigationMenu: Test Cases/Mobile/Page/Navigation Menu/NavigationMenu

2021-12-15 11:13:47 - [TEST_STEP][PASSED] - callTestCase(findTestCase("Mobile/Page/CheckLogin"), [:], CONTINUE_ON_FAILURE): Call Test Case 'Test Cases/Mobile/Page/CheckLogin' successfully

2021-12-15 11:13:48 - [TEST_CASE][PASSED] - Test Cases/Mobile/Page/CheckLogin: Test Cases/Mobile/Page/CheckLogin

2021-12-15 11:13:48 - [TEST_STEP][PASSED] - loginCheck = verifyElementExist(findTestObject("Mobile/Page/Login/Button - Login"), 2, CONTINUE_ON_FAILURE): Element 'Object Repository/Mobile/Page/Login/Button - Login' is exist

2021-12-15 11:13:50 - [MESSAGE][PASSED] - Element 'Object Repository/Mobile/Page/Login/Button - Login' is exist

2021-12-15 11:13:50 - [TEST_STEP][PASSED] - if (loginCheck): Call Test Case 'Test Cases/Mobile/Page/Login/Login' successfully

2021-12-15 11:13:50 - [TEST_STEP][PASSED] - callTestCase(findTestCase("Mobile/Page/Login/Login"), [:], CONTINUE_ON_FAILURE): Call Test Case 'Test Cases/Mobile/Page/Login/Login' successfully

2021-12-15 11:13:50 - [TEST_CASE][PASSED] - Test Cases/Mobile/Page/Login/Login: Test Cases/Mobile/Page/Login/Login

2021-12-15 11:13:50 - [TEST_STEP][PASSED] - delay(2): Delayed 2 second(s)

2021-12-15 11:13:52 - [MESSAGE][PASSED] - Delayed 2 second(s)

2021-12-15 11:13:52 - [TEST_STEP][PASSED] - tap(findTestObject("Mobile/Page/Login/Input - UserID"), 0): Tapped on element 'Object Repository/Mobile/Page/Login/Input - UserID'

2021-12-15 11:13:52 - [MESSAGE][WARNING] - Timeout '0' is invalid. Using default page load timeout: '60'

2021-12-15 11:13:53 - [MESSAGE][PASSED] - Tapped on element 'Object Repository/Mobile/Page/Login/Input - UserID'

2021-12-15 11:13:53 - [TEST_STEP][PASSED] - delay(1): Delayed 1 second(s)

2021-12-15 11:13:54 - [MESSAGE][PASSED] - Delayed 1 second(s)

2021-12-15 11:13:54 - [TEST_STEP][PASSED] - setText(findTestObject("Mobile/Page/Login/Input Rdy - UserID"), "anggaaditya", 0): Text 'anggaaditya' has been set to element 'Object Repository/Mobile/Page/Login/Input Rdy - UserID'

2021-12-15 11:13:54 - [MESSAGE][WARNING] - Timeout '0' is invalid. Using default page load timeout: '60'

2021-12-15 11:13:55 - [MESSAGE][PASSED] - Text 'anggaaditya' has been set to element 'Object Repository/Mobile/Page/Login/Input Rdy - UserID'

2021-12-15 11:13:55 - [TEST_STEP][PASSED] - delay(1): Delayed 1 second(s)

2021-12-15 11:13:56 - [MESSAGE][PASSED] - Delayed 1 second(s)

2021-12-15 11:13:56 - [TEST_STEP][PASSED] - hideKeyboard(): Keyboard is hidden

2021-12-15 11:14:03 - [MESSAGE][PASSED] - Keyboard is hidden

2021-12-15 11:14:03 - [TEST_STEP][PASSED] - tap(findTestObject("Mobile/Page/Login/Input - Password"), 0): Tapped on element 'Object Repository/Mobile/Page/Login/Input - Password'

2021-12-15 11:14:03 - [MESSAGE][WARNING] - Timeout '0' is invalid. Using default page load timeout: '60'

2021-12-15 11:14:04 - [MESSAGE][PASSED] - Tapped on element 'Object Repository/Mobile/Page/Login/Input - Password'

2021-12-15 11:14:04 - [TEST_STEP][PASSED] - delay(1): Delayed 1 second(s)

2021-12-15 11:14:05 - [MESSAGE][PASSED] - Delayed 1 second(s)

2021-12-15 11:14:05 - [TEST_STEP][PASSED] - setText(findTestObject("Mobile/Page/Login/Input Rdy - Password"), "Shalawa18", 0): Text 'Shalawa18' has been set to element 'Object Repository/Mobile/Page/Login/Input Rdy - Password'

2021-12-15 11:14:05 - [MESSAGE][WARNING] - Timeout '0' is invalid. Using default page load timeout: '60'

2021-12-15 11:14:05 - [MESSAGE][PASSED] - Text 'Shalawa18' has been set to element 'Object Repository/Mobile/Page/Login/Input Rdy - Password'

2021-12-15 11:14:05 - [TEST_STEP][PASSED] - delay(1): Delayed 1 second(s)

2021-12-15 11:14:06 - [MESSAGE][PASSED] - Delayed 1 second(s)

2021-12-15 11:14:06 - [TEST_STEP][PASSED] - hideKeyboard(): Keyboard is hidden

2021-12-15 11:14:16 - [MESSAGE][PASSED] - Keyboard is hidden

2021-12-15 11:14:16 - [TEST_STEP][PASSED] - tap(findTestObject("Mobile/Page/Login/Button - Login"), 0): Tapped on element 'Object Repository/Mobile/Page/Login/Button - Login'

2021-12-15 11:14:16 - [MESSAGE][WARNING] - Timeout '0' is invalid. Using default page load timeout: '60'

2021-12-15 11:14:17 - [MESSAGE][PASSED] - Tapped on element 'Object Repository/Mobile/Page/Login/Button - Login'

2021-12-15 11:14:17 - [TEST_STEP][PASSED] - delay(2): Delayed 2 second(s)

2021-12-15 11:14:19 - [MESSAGE][PASSED] - Delayed 2 second(s)

2021-12-15 11:14:19 - [MESSAGE][PASSED] - Call Test Case 'Test Cases/Mobile/Page/Login/Login' successfully

2021-12-15 11:14:19 - [MESSAGE][PASSED] - Call Test Case 'Test Cases/Mobile/Page/CheckLogin' successfully

2021-12-15 11:14:19 - [TEST_STEP][PASSED] - scroll.scroll.scrollScreenLeftToRight(): scroll.scroll.scrollScreenLeftToRight is PASSED

2021-12-15 11:14:19 - [MESSAGE][PASSED] - Current device physical height is 1423

2021-12-15 11:14:20 - [MESSAGE][PASSED] - Current device physical width is 720

2021-12-15 11:14:20 - [MESSAGE][PASSED] - Current device physical height is 1423

2021-12-15 11:14:21 - [MESSAGE][PASSED] - Swiped from 10,711 to 710,711

2021-12-15 11:14:21 - [MESSAGE][PASSED] - scroll.scroll.scrollScreenLeftToRight is PASSED

2021-12-15 11:14:21 - [TEST_STEP][PASSED] - delay(1): Delayed 1 second(s)

2021-12-15 11:14:22 - [MESSAGE][PASSED] - Delayed 1 second(s)

2021-12-15 11:14:22 - [TEST_STEP][PASSED] - for ([i = 0, i < 1, (i++)]): Delayed 2 second(s)

2021-12-15 11:14:22 - [TEST_STEP][PASSED] - if (action == "downloadtaxreport"): null

2021-12-15 11:14:22 - [TEST_STEP][PASSED] - else if (action == "analyzeprofile"): null

2021-12-15 11:14:22 - [TEST_STEP][PASSED] - else if (action == "wa"): null

2021-12-15 11:14:22 - [TEST_STEP][PASSED] - else if (action == "email"): Delayed 2 second(s)

2021-12-15 11:14:22 - [TEST_STEP][PASSED] - tap(findTestObject("Object Repository/Mobile/Page/Profile/Button - Email"), 0): Tapped on element 'Object Repository/Mobile/Page/Profile/Button - Email'

2021-12-15 11:14:22 - [MESSAGE][WARNING] - Timeout '0' is invalid. Using default page load timeout: '60'

2021-12-15 11:14:22 - [MESSAGE][PASSED] - Tapped on element 'Object Repository/Mobile/Page/Profile/Button - Email'

2021-12-15 11:14:22 - [TEST_STEP][PASSED] - delay(2): Delayed 2 second(s)

2021-12-15 11:14:24 - [MESSAGE][PASSED] - Delayed 2 second(s)

2021-12-15 11:14:24 - [MESSAGE][PASSED] - Call Test Case 'Test Cases/Mobile/Page/Navigation Menu/NavigationMenu' successfully

2021-12-15 11:14:24 - [TEST_STEP][PASSED] - callTestCase(findTestCase("Mobile/Page/Run App/Terminate App"), [:], STOP_ON_FAILURE): Call Test Case 'Test Cases/Mobile/Page/Run App/Terminate App' successfully

2021-12-15 11:14:24 - [TEST_CASE][PASSED] - Test Cases/Mobile/Page/Run App/Terminate App: Test Cases/Mobile/Page/Run App/Terminate App

2021-12-15 11:14:24 - [TEST_STEP][PASSED] - startApp.OpenApp.terminateApplication(): startApp.OpenApp.terminateApplication is PASSED

2021-12-15 11:14:28 - [MESSAGE][PASSED] - Delayed 3 second(s)

2021-12-15 11:14:28 - [MESSAGE][PASSED] - Current device physical width is 720

2021-12-15 11:14:28 - [MESSAGE][PASSED] - Current device physical height is 1423

2021-12-15 11:14:29 - [MESSAGE][PASSED] - Swiped from 360,853 to 360,142

2021-12-15 11:14:30 - [MESSAGE][PASSED] - Delayed 1 second(s)

2021-12-15 11:14:31 - [MESSAGE][PASSED] - Swiped from 360,853 to 360,142

2021-12-15 11:14:34 - [MESSAGE][PASSED] - Delayed 3 second(s)

2021-12-15 11:14:34 - [MESSAGE][PASSED] - startApp.OpenApp.terminateApplication is PASSED

2021-12-15 11:14:34 - [MESSAGE][PASSED] - Call Test Case 'Test Cases/Mobile/Page/Run App/Terminate App' successfully

2021-12-15 11:14:34 - [TEST_STEP][PASSED] - callTestCase(findTestCase("Mobile/Page/Run App/Terminate App"), [:], STOP_ON_FAILURE): Call Test Case 'Test Cases/Mobile/Page/Run App/Terminate App' successfully

2021-12-15 11:14:35 - [TEST_CASE][PASSED] - Test Cases/Mobile/Page/Run App/Terminate App: Test Cases/Mobile/Page/Run App/Terminate App

2021-12-15 11:14:35 - [TEST_STEP][PASSED] - startApp.OpenApp.terminateApplication(): startApp.OpenApp.terminateApplication is PASSED

2021-12-15 11:14:38 - [MESSAGE][PASSED] - Delayed 3 second(s)

2021-12-15 11:14:38 - [MESSAGE][PASSED] - Current device physical width is 720

2021-12-15 11:14:38 - [MESSAGE][PASSED] - Current device physical height is 1423

2021-12-15 11:14:39 - [MESSAGE][PASSED] - Swiped from 360,853 to 360,142

2021-12-15 11:14:40 - [MESSAGE][PASSED] - Delayed 1 second(s)

2021-12-15 11:14:42 - [MESSAGE][PASSED] - Swiped from 360,853 to 360,142

2021-12-15 11:14:45 - [MESSAGE][PASSED] - Delayed 3 second(s)

2021-12-15 11:14:45 - [MESSAGE][PASSED] - startApp.OpenApp.terminateApplication is PASSED

2021-12-15 11:14:45 - [MESSAGE][PASSED] - Call Test Case 'Test Cases/Mobile/Page/Run App/Terminate App' successfully]]></system-out>
         <system-err><![CDATA[]]></system-err>
      </testcase>
      <testcase name="Test Cases/Mobile/Scenario/NavigationMenu/005 - Settings" time="99.934" classname="Test Cases/Mobile/Scenario/NavigationMenu/005 - Settings" status="PASSED">
         <system-out><![CDATA[2021-12-15 11:14:45 - [TEST_CASE][PASSED] - Test Cases/Mobile/Scenario/NavigationMenu/005 - Settings: Test Cases/Mobile/Scenario/NavigationMenu/005 - Settings

2021-12-15 11:14:45 - [TEST_STEP][PASSED] - callTestCase(findTestCase("Mobile/Page/Run App/Run App byID"), [:], STOP_ON_FAILURE): Call Test Case 'Test Cases/Mobile/Page/Run App/Run App byID' successfully

2021-12-15 11:14:45 - [TEST_CASE][PASSED] - Test Cases/Mobile/Page/Run App/Run App byID: Test Cases/Mobile/Page/Run App/Run App byID

2021-12-15 11:14:45 - [TEST_STEP][PASSED] - startApp.OpenApp.startApplication("id.co.miraeasset.sageclub"): startApp.OpenApp.startApplication is PASSED

2021-12-15 11:15:00 - [MESSAGE][PASSED] - Starting app with application ID: 'id.co.miraeasset.sageclub'

2021-12-15 11:15:00 - [MESSAGE][PASSED] - startApp.OpenApp.startApplication is PASSED

2021-12-15 11:15:00 - [MESSAGE][PASSED] - Call Test Case 'Test Cases/Mobile/Page/Run App/Run App byID' successfully

2021-12-15 11:15:00 - [TEST_STEP][PASSED] - callTestCase(findTestCase("Mobile/Page/Navigation Menu/NavigationMenu"), ["action":"setting"], CONTINUE_ON_FAILURE): Call Test Case 'Test Cases/Mobile/Page/Navigation Menu/NavigationMenu' successfully

2021-12-15 11:15:00 - [TEST_CASE][PASSED] - Test Cases/Mobile/Page/Navigation Menu/NavigationMenu: Test Cases/Mobile/Page/Navigation Menu/NavigationMenu

2021-12-15 11:15:00 - [TEST_STEP][PASSED] - callTestCase(findTestCase("Mobile/Page/CheckLogin"), [:], CONTINUE_ON_FAILURE): Call Test Case 'Test Cases/Mobile/Page/CheckLogin' successfully

2021-12-15 11:15:00 - [TEST_CASE][PASSED] - Test Cases/Mobile/Page/CheckLogin: Test Cases/Mobile/Page/CheckLogin

2021-12-15 11:15:00 - [TEST_STEP][PASSED] - loginCheck = verifyElementExist(findTestObject("Mobile/Page/Login/Button - Login"), 2, CONTINUE_ON_FAILURE): Element 'Object Repository/Mobile/Page/Login/Button - Login' is exist

2021-12-15 11:15:02 - [MESSAGE][PASSED] - Element 'Object Repository/Mobile/Page/Login/Button - Login' is exist

2021-12-15 11:15:02 - [TEST_STEP][PASSED] - if (loginCheck): Call Test Case 'Test Cases/Mobile/Page/Login/Login' successfully

2021-12-15 11:15:02 - [TEST_STEP][PASSED] - callTestCase(findTestCase("Mobile/Page/Login/Login"), [:], CONTINUE_ON_FAILURE): Call Test Case 'Test Cases/Mobile/Page/Login/Login' successfully

2021-12-15 11:15:02 - [TEST_CASE][PASSED] - Test Cases/Mobile/Page/Login/Login: Test Cases/Mobile/Page/Login/Login

2021-12-15 11:15:02 - [TEST_STEP][PASSED] - delay(2): Delayed 2 second(s)

2021-12-15 11:15:04 - [MESSAGE][PASSED] - Delayed 2 second(s)

2021-12-15 11:15:04 - [TEST_STEP][PASSED] - tap(findTestObject("Mobile/Page/Login/Input - UserID"), 0): Tapped on element 'Object Repository/Mobile/Page/Login/Input - UserID'

2021-12-15 11:15:05 - [MESSAGE][WARNING] - Timeout '0' is invalid. Using default page load timeout: '60'

2021-12-15 11:15:05 - [MESSAGE][PASSED] - Tapped on element 'Object Repository/Mobile/Page/Login/Input - UserID'

2021-12-15 11:15:05 - [TEST_STEP][PASSED] - delay(1): Delayed 1 second(s)

2021-12-15 11:15:06 - [MESSAGE][PASSED] - Delayed 1 second(s)

2021-12-15 11:15:06 - [TEST_STEP][PASSED] - setText(findTestObject("Mobile/Page/Login/Input Rdy - UserID"), "anggaaditya", 0): Text 'anggaaditya' has been set to element 'Object Repository/Mobile/Page/Login/Input Rdy - UserID'

2021-12-15 11:15:06 - [MESSAGE][WARNING] - Timeout '0' is invalid. Using default page load timeout: '60'

2021-12-15 11:15:07 - [MESSAGE][PASSED] - Text 'anggaaditya' has been set to element 'Object Repository/Mobile/Page/Login/Input Rdy - UserID'

2021-12-15 11:15:07 - [TEST_STEP][PASSED] - delay(1): Delayed 1 second(s)

2021-12-15 11:15:08 - [MESSAGE][PASSED] - Delayed 1 second(s)

2021-12-15 11:15:08 - [TEST_STEP][PASSED] - hideKeyboard(): Keyboard is hidden

2021-12-15 11:15:17 - [MESSAGE][PASSED] - Keyboard is hidden

2021-12-15 11:15:17 - [TEST_STEP][PASSED] - tap(findTestObject("Mobile/Page/Login/Input - Password"), 0): Tapped on element 'Object Repository/Mobile/Page/Login/Input - Password'

2021-12-15 11:15:17 - [MESSAGE][WARNING] - Timeout '0' is invalid. Using default page load timeout: '60'

2021-12-15 11:15:17 - [MESSAGE][PASSED] - Tapped on element 'Object Repository/Mobile/Page/Login/Input - Password'

2021-12-15 11:15:17 - [TEST_STEP][PASSED] - delay(1): Delayed 1 second(s)

2021-12-15 11:15:18 - [MESSAGE][PASSED] - Delayed 1 second(s)

2021-12-15 11:15:18 - [TEST_STEP][PASSED] - setText(findTestObject("Mobile/Page/Login/Input Rdy - Password"), "Shalawa18", 0): Text 'Shalawa18' has been set to element 'Object Repository/Mobile/Page/Login/Input Rdy - Password'

2021-12-15 11:15:18 - [MESSAGE][WARNING] - Timeout '0' is invalid. Using default page load timeout: '60'

2021-12-15 11:15:19 - [MESSAGE][PASSED] - Text 'Shalawa18' has been set to element 'Object Repository/Mobile/Page/Login/Input Rdy - Password'

2021-12-15 11:15:19 - [TEST_STEP][PASSED] - delay(1): Delayed 1 second(s)

2021-12-15 11:15:20 - [MESSAGE][PASSED] - Delayed 1 second(s)

2021-12-15 11:15:20 - [TEST_STEP][PASSED] - hideKeyboard(): Keyboard is hidden

2021-12-15 11:15:29 - [MESSAGE][PASSED] - Keyboard is hidden

2021-12-15 11:15:29 - [TEST_STEP][PASSED] - tap(findTestObject("Mobile/Page/Login/Button - Login"), 0): Tapped on element 'Object Repository/Mobile/Page/Login/Button - Login'

2021-12-15 11:15:30 - [MESSAGE][WARNING] - Timeout '0' is invalid. Using default page load timeout: '60'

2021-12-15 11:15:30 - [MESSAGE][PASSED] - Tapped on element 'Object Repository/Mobile/Page/Login/Button - Login'

2021-12-15 11:15:30 - [TEST_STEP][PASSED] - delay(2): Delayed 2 second(s)

2021-12-15 11:15:32 - [MESSAGE][PASSED] - Delayed 2 second(s)

2021-12-15 11:15:32 - [MESSAGE][PASSED] - Call Test Case 'Test Cases/Mobile/Page/Login/Login' successfully

2021-12-15 11:15:32 - [MESSAGE][PASSED] - Call Test Case 'Test Cases/Mobile/Page/CheckLogin' successfully

2021-12-15 11:15:32 - [TEST_STEP][PASSED] - scroll.scroll.scrollScreenLeftToRight(): scroll.scroll.scrollScreenLeftToRight is PASSED

2021-12-15 11:15:32 - [MESSAGE][PASSED] - Current device physical height is 1423

2021-12-15 11:15:32 - [MESSAGE][PASSED] - Current device physical width is 720

2021-12-15 11:15:33 - [MESSAGE][PASSED] - Current device physical height is 1423

2021-12-15 11:15:34 - [MESSAGE][PASSED] - Swiped from 10,711 to 710,711

2021-12-15 11:15:34 - [MESSAGE][PASSED] - scroll.scroll.scrollScreenLeftToRight is PASSED

2021-12-15 11:15:34 - [TEST_STEP][PASSED] - delay(1): Delayed 1 second(s)

2021-12-15 11:15:35 - [MESSAGE][PASSED] - Delayed 1 second(s)

2021-12-15 11:15:35 - [TEST_STEP][PASSED] - for ([i = 0, i < 1, (i++)]): Delayed 1 second(s)

2021-12-15 11:15:35 - [TEST_STEP][PASSED] - if (action == "downloadtaxreport"): null

2021-12-15 11:15:35 - [TEST_STEP][PASSED] - else if (action == "analyzeprofile"): null

2021-12-15 11:15:35 - [TEST_STEP][PASSED] - else if (action == "wa"): null

2021-12-15 11:15:35 - [TEST_STEP][PASSED] - else if (action == "email"): null

2021-12-15 11:15:35 - [TEST_STEP][PASSED] - else if (action == "setting"): Delayed 1 second(s)

2021-12-15 11:15:35 - [TEST_STEP][PASSED] - setting = findTestObject("Object Repository/Mobile/Page/Profile/Button - Settings"): null

2021-12-15 11:15:35 - [TEST_STEP][PASSED] - top = getElementTopPosition(setting, 0): Object 'Object Repository/Mobile/Page/Profile/Button - Settings' has top position '856'

2021-12-15 11:15:35 - [MESSAGE][WARNING] - Timeout '0' is invalid. Using default page load timeout: '60'

2021-12-15 11:15:35 - [MESSAGE][PASSED] - Object 'Object Repository/Mobile/Page/Profile/Button - Settings' has top position '856'

2021-12-15 11:15:35 - [TEST_STEP][PASSED] - y = getElementHeight(setting, 0) * 0.8 + top: Object 'Object Repository/Mobile/Page/Profile/Button - Settings' has height: '98'

2021-12-15 11:15:35 - [MESSAGE][WARNING] - Timeout '0' is invalid. Using default page load timeout: '60'

2021-12-15 11:15:35 - [MESSAGE][PASSED] - Object 'Object Repository/Mobile/Page/Profile/Button - Settings' has height: '98'

2021-12-15 11:15:35 - [TEST_STEP][PASSED] - x = getDeviceWidth() * 0.2: Current device physical width is 720

2021-12-15 11:15:35 - [MESSAGE][PASSED] - Current device physical width is 720

2021-12-15 11:15:35 - [TEST_STEP][PASSED] - tapAtPosition(x, y): Tapped at [144, 934]

2021-12-15 11:15:37 - [MESSAGE][PASSED] - Tapped at [144, 934]

2021-12-15 11:15:37 - [TEST_STEP][PASSED] - delay(1): Delayed 1 second(s)

2021-12-15 11:15:38 - [MESSAGE][PASSED] - Delayed 1 second(s)

2021-12-15 11:15:38 - [TEST_STEP][PASSED] - tap(findTestObject("Object Repository/Mobile/Page/Profile/Settings/Dropdown - Gain"), 0): Tapped on element 'Object Repository/Mobile/Page/Profile/Settings/Dropdown - Gain'

2021-12-15 11:15:38 - [MESSAGE][WARNING] - Timeout '0' is invalid. Using default page load timeout: '60'

2021-12-15 11:15:39 - [MESSAGE][PASSED] - Tapped on element 'Object Repository/Mobile/Page/Profile/Settings/Dropdown - Gain'

2021-12-15 11:15:39 - [TEST_STEP][PASSED] - delay(1): Delayed 1 second(s)

2021-12-15 11:15:40 - [MESSAGE][PASSED] - Delayed 1 second(s)

2021-12-15 11:15:40 - [TEST_STEP][PASSED] - tap(findTestObject("Object Repository/Mobile/Page/Profile/Settings/Option Gain - 5"), 0): Tapped on element 'Object Repository/Mobile/Page/Profile/Settings/Option Gain - 5'

2021-12-15 11:15:40 - [MESSAGE][WARNING] - Timeout '0' is invalid. Using default page load timeout: '60'

2021-12-15 11:15:41 - [MESSAGE][PASSED] - Tapped on element 'Object Repository/Mobile/Page/Profile/Settings/Option Gain - 5'

2021-12-15 11:15:41 - [TEST_STEP][PASSED] - delay(1): Delayed 1 second(s)

2021-12-15 11:15:42 - [MESSAGE][PASSED] - Delayed 1 second(s)

2021-12-15 11:15:42 - [TEST_STEP][PASSED] - tap(findTestObject("Object Repository/Mobile/Page/Profile/Settings/Switch - Gain"), 0): Tapped on element 'Object Repository/Mobile/Page/Profile/Settings/Switch - Gain'

2021-12-15 11:15:42 - [MESSAGE][WARNING] - Timeout '0' is invalid. Using default page load timeout: '60'

2021-12-15 11:15:43 - [MESSAGE][PASSED] - Tapped on element 'Object Repository/Mobile/Page/Profile/Settings/Switch - Gain'

2021-12-15 11:15:43 - [TEST_STEP][PASSED] - delay(1): Delayed 1 second(s)

2021-12-15 11:15:44 - [MESSAGE][PASSED] - Delayed 1 second(s)

2021-12-15 11:15:44 - [TEST_STEP][PASSED] - tap(findTestObject("Object Repository/Mobile/Page/Profile/Settings/Switch - Gain"), 0): Tapped on element 'Object Repository/Mobile/Page/Profile/Settings/Switch - Gain'

2021-12-15 11:15:44 - [MESSAGE][WARNING] - Timeout '0' is invalid. Using default page load timeout: '60'

2021-12-15 11:15:45 - [MESSAGE][PASSED] - Tapped on element 'Object Repository/Mobile/Page/Profile/Settings/Switch - Gain'

2021-12-15 11:15:45 - [TEST_STEP][PASSED] - delay(1): Delayed 1 second(s)

2021-12-15 11:15:46 - [MESSAGE][PASSED] - Delayed 1 second(s)

2021-12-15 11:15:46 - [TEST_STEP][PASSED] - tap(findTestObject("Object Repository/Mobile/Page/Profile/Settings/Dropdown - Loss"), 0): Tapped on element 'Object Repository/Mobile/Page/Profile/Settings/Dropdown - Loss'

2021-12-15 11:15:46 - [MESSAGE][WARNING] - Timeout '0' is invalid. Using default page load timeout: '60'

2021-12-15 11:15:47 - [MESSAGE][PASSED] - Tapped on element 'Object Repository/Mobile/Page/Profile/Settings/Dropdown - Loss'

2021-12-15 11:15:47 - [TEST_STEP][PASSED] - delay(1): Delayed 1 second(s)

2021-12-15 11:15:48 - [MESSAGE][PASSED] - Delayed 1 second(s)

2021-12-15 11:15:48 - [TEST_STEP][PASSED] - tap(findTestObject("Object Repository/Mobile/Page/Profile/Settings/Option Loss - 5"), 0): Tapped on element 'Object Repository/Mobile/Page/Profile/Settings/Option Loss - 5'

2021-12-15 11:15:48 - [MESSAGE][WARNING] - Timeout '0' is invalid. Using default page load timeout: '60'

2021-12-15 11:15:49 - [MESSAGE][PASSED] - Tapped on element 'Object Repository/Mobile/Page/Profile/Settings/Option Loss - 5'

2021-12-15 11:15:49 - [TEST_STEP][PASSED] - delay(1): Delayed 1 second(s)

2021-12-15 11:15:50 - [MESSAGE][PASSED] - Delayed 1 second(s)

2021-12-15 11:15:50 - [TEST_STEP][PASSED] - tap(findTestObject("Object Repository/Mobile/Page/Profile/Settings/Switch - Loss"), 0): Tapped on element 'Object Repository/Mobile/Page/Profile/Settings/Switch - Loss'

2021-12-15 11:15:50 - [MESSAGE][WARNING] - Timeout '0' is invalid. Using default page load timeout: '60'

2021-12-15 11:15:51 - [MESSAGE][PASSED] - Tapped on element 'Object Repository/Mobile/Page/Profile/Settings/Switch - Loss'

2021-12-15 11:15:51 - [TEST_STEP][PASSED] - delay(1): Delayed 1 second(s)

2021-12-15 11:15:52 - [MESSAGE][PASSED] - Delayed 1 second(s)

2021-12-15 11:15:52 - [TEST_STEP][PASSED] - tap(findTestObject("Object Repository/Mobile/Page/Profile/Settings/Switch - Loss"), 0): Tapped on element 'Object Repository/Mobile/Page/Profile/Settings/Switch - Loss'

2021-12-15 11:15:52 - [MESSAGE][WARNING] - Timeout '0' is invalid. Using default page load timeout: '60'

2021-12-15 11:15:53 - [MESSAGE][PASSED] - Tapped on element 'Object Repository/Mobile/Page/Profile/Settings/Switch - Loss'

2021-12-15 11:15:53 - [TEST_STEP][PASSED] - delay(1): Delayed 1 second(s)

2021-12-15 11:15:54 - [MESSAGE][PASSED] - Delayed 1 second(s)

2021-12-15 11:15:54 - [TEST_STEP][PASSED] - tap(findTestObject("Object Repository/Mobile/Page/Profile/Settings/Checkbox - Risk Tolerance"), 0): Tapped on element 'Object Repository/Mobile/Page/Profile/Settings/Checkbox - Risk Tolerance'

2021-12-15 11:15:55 - [MESSAGE][WARNING] - Timeout '0' is invalid. Using default page load timeout: '60'

2021-12-15 11:15:55 - [MESSAGE][PASSED] - Tapped on element 'Object Repository/Mobile/Page/Profile/Settings/Checkbox - Risk Tolerance'

2021-12-15 11:15:55 - [TEST_STEP][PASSED] - delay(1): Delayed 1 second(s)

2021-12-15 11:15:56 - [MESSAGE][PASSED] - Delayed 1 second(s)

2021-12-15 11:15:56 - [TEST_STEP][PASSED] - tap(findTestObject("Object Repository/Mobile/Page/Profile/Settings/Checkbox - Risk Tolerance"), 0): Tapped on element 'Object Repository/Mobile/Page/Profile/Settings/Checkbox - Risk Tolerance'

2021-12-15 11:15:56 - [MESSAGE][WARNING] - Timeout '0' is invalid. Using default page load timeout: '60'

2021-12-15 11:15:57 - [MESSAGE][PASSED] - Tapped on element 'Object Repository/Mobile/Page/Profile/Settings/Checkbox - Risk Tolerance'

2021-12-15 11:15:57 - [TEST_STEP][PASSED] - delay(1): Delayed 1 second(s)

2021-12-15 11:15:58 - [MESSAGE][PASSED] - Delayed 1 second(s)

2021-12-15 11:15:58 - [TEST_STEP][PASSED] - tap(findTestObject("Object Repository/Mobile/Page/Profile/Settings/Switch - Stock News"), 0): Tapped on element 'Object Repository/Mobile/Page/Profile/Settings/Switch - Stock News'

2021-12-15 11:15:58 - [MESSAGE][WARNING] - Timeout '0' is invalid. Using default page load timeout: '60'

2021-12-15 11:15:59 - [MESSAGE][PASSED] - Tapped on element 'Object Repository/Mobile/Page/Profile/Settings/Switch - Stock News'

2021-12-15 11:15:59 - [TEST_STEP][PASSED] - delay(1): Delayed 1 second(s)

2021-12-15 11:16:00 - [MESSAGE][PASSED] - Delayed 1 second(s)

2021-12-15 11:16:00 - [TEST_STEP][PASSED] - tap(findTestObject("Object Repository/Mobile/Page/Profile/Settings/Switch - Stock News"), 0): Tapped on element 'Object Repository/Mobile/Page/Profile/Settings/Switch - Stock News'

2021-12-15 11:16:00 - [MESSAGE][WARNING] - Timeout '0' is invalid. Using default page load timeout: '60'

2021-12-15 11:16:01 - [MESSAGE][PASSED] - Tapped on element 'Object Repository/Mobile/Page/Profile/Settings/Switch - Stock News'

2021-12-15 11:16:01 - [TEST_STEP][PASSED] - delay(1): Delayed 1 second(s)

2021-12-15 11:16:02 - [MESSAGE][PASSED] - Delayed 1 second(s)

2021-12-15 11:16:02 - [TEST_STEP][PASSED] - tap(findTestObject("Object Repository/Mobile/Page/Profile/Settings/Switch - Fund News"), 0): Tapped on element 'Object Repository/Mobile/Page/Profile/Settings/Switch - Fund News'

2021-12-15 11:16:02 - [MESSAGE][WARNING] - Timeout '0' is invalid. Using default page load timeout: '60'

2021-12-15 11:16:04 - [MESSAGE][PASSED] - Tapped on element 'Object Repository/Mobile/Page/Profile/Settings/Switch - Fund News'

2021-12-15 11:16:04 - [TEST_STEP][PASSED] - delay(1): Delayed 1 second(s)

2021-12-15 11:16:05 - [MESSAGE][PASSED] - Delayed 1 second(s)

2021-12-15 11:16:05 - [TEST_STEP][PASSED] - tap(findTestObject("Object Repository/Mobile/Page/Profile/Settings/Switch - Fund News"), 0): Tapped on element 'Object Repository/Mobile/Page/Profile/Settings/Switch - Fund News'

2021-12-15 11:16:05 - [MESSAGE][WARNING] - Timeout '0' is invalid. Using default page load timeout: '60'

2021-12-15 11:16:05 - [MESSAGE][PASSED] - Tapped on element 'Object Repository/Mobile/Page/Profile/Settings/Switch - Fund News'

2021-12-15 11:16:05 - [TEST_STEP][PASSED] - delay(1): Delayed 1 second(s)

2021-12-15 11:16:06 - [MESSAGE][PASSED] - Delayed 1 second(s)

2021-12-15 11:16:06 - [TEST_STEP][PASSED] - tap(findTestObject("Object Repository/Mobile/Page/Profile/Settings/Switch - Bond News"), 0): Tapped on element 'Object Repository/Mobile/Page/Profile/Settings/Switch - Bond News'

2021-12-15 11:16:06 - [MESSAGE][WARNING] - Timeout '0' is invalid. Using default page load timeout: '60'

2021-12-15 11:16:07 - [MESSAGE][PASSED] - Tapped on element 'Object Repository/Mobile/Page/Profile/Settings/Switch - Bond News'

2021-12-15 11:16:07 - [TEST_STEP][PASSED] - delay(1): Delayed 1 second(s)

2021-12-15 11:16:08 - [MESSAGE][PASSED] - Delayed 1 second(s)

2021-12-15 11:16:08 - [TEST_STEP][PASSED] - tap(findTestObject("Object Repository/Mobile/Page/Profile/Settings/Switch - Bond News"), 0): Tapped on element 'Object Repository/Mobile/Page/Profile/Settings/Switch - Bond News'

2021-12-15 11:16:08 - [MESSAGE][WARNING] - Timeout '0' is invalid. Using default page load timeout: '60'

2021-12-15 11:16:08 - [MESSAGE][PASSED] - Tapped on element 'Object Repository/Mobile/Page/Profile/Settings/Switch - Bond News'

2021-12-15 11:16:08 - [TEST_STEP][PASSED] - delay(1): Delayed 1 second(s)

2021-12-15 11:16:09 - [MESSAGE][PASSED] - Delayed 1 second(s)

2021-12-15 11:16:09 - [TEST_STEP][PASSED] - tap(findTestObject("Object Repository/Mobile/Page/Profile/Settings/Switch - Macro News"), 0): Tapped on element 'Object Repository/Mobile/Page/Profile/Settings/Switch - Macro News'

2021-12-15 11:16:10 - [MESSAGE][WARNING] - Timeout '0' is invalid. Using default page load timeout: '60'

2021-12-15 11:16:10 - [MESSAGE][PASSED] - Tapped on element 'Object Repository/Mobile/Page/Profile/Settings/Switch - Macro News'

2021-12-15 11:16:10 - [TEST_STEP][PASSED] - delay(1): Delayed 1 second(s)

2021-12-15 11:16:11 - [MESSAGE][PASSED] - Delayed 1 second(s)

2021-12-15 11:16:11 - [TEST_STEP][PASSED] - tap(findTestObject("Object Repository/Mobile/Page/Profile/Settings/Switch - Macro News"), 0): Tapped on element 'Object Repository/Mobile/Page/Profile/Settings/Switch - Macro News'

2021-12-15 11:16:11 - [MESSAGE][WARNING] - Timeout '0' is invalid. Using default page load timeout: '60'

2021-12-15 11:16:12 - [MESSAGE][PASSED] - Tapped on element 'Object Repository/Mobile/Page/Profile/Settings/Switch - Macro News'

2021-12-15 11:16:12 - [TEST_STEP][PASSED] - delay(1): Delayed 1 second(s)

2021-12-15 11:16:13 - [MESSAGE][PASSED] - Delayed 1 second(s)

2021-12-15 11:16:13 - [TEST_STEP][PASSED] - pressBack(): Press back button successfully

2021-12-15 11:16:14 - [MESSAGE][PASSED] - Press back button successfully

2021-12-15 11:16:14 - [TEST_STEP][PASSED] - delay(1): Delayed 1 second(s)

2021-12-15 11:16:15 - [MESSAGE][PASSED] - Delayed 1 second(s)

2021-12-15 11:16:15 - [MESSAGE][PASSED] - Call Test Case 'Test Cases/Mobile/Page/Navigation Menu/NavigationMenu' successfully

2021-12-15 11:16:15 - [TEST_STEP][PASSED] - callTestCase(findTestCase("Mobile/Page/Run App/Terminate App"), [:], STOP_ON_FAILURE): Call Test Case 'Test Cases/Mobile/Page/Run App/Terminate App' successfully

2021-12-15 11:16:15 - [TEST_CASE][PASSED] - Test Cases/Mobile/Page/Run App/Terminate App: Test Cases/Mobile/Page/Run App/Terminate App

2021-12-15 11:16:15 - [TEST_STEP][PASSED] - startApp.OpenApp.terminateApplication(): startApp.OpenApp.terminateApplication is PASSED

2021-12-15 11:16:18 - [MESSAGE][PASSED] - Delayed 3 second(s)

2021-12-15 11:16:18 - [MESSAGE][PASSED] - Current device physical width is 720

2021-12-15 11:16:18 - [MESSAGE][PASSED] - Current device physical height is 1423

2021-12-15 11:16:20 - [MESSAGE][PASSED] - Swiped from 360,853 to 360,142

2021-12-15 11:16:21 - [MESSAGE][PASSED] - Delayed 1 second(s)

2021-12-15 11:16:22 - [MESSAGE][PASSED] - Swiped from 360,853 to 360,142

2021-12-15 11:16:25 - [MESSAGE][PASSED] - Delayed 3 second(s)

2021-12-15 11:16:25 - [MESSAGE][PASSED] - startApp.OpenApp.terminateApplication is PASSED

2021-12-15 11:16:25 - [MESSAGE][PASSED] - Call Test Case 'Test Cases/Mobile/Page/Run App/Terminate App' successfully]]></system-out>
         <system-err><![CDATA[]]></system-err>
      </testcase>
      <testcase name="Test Cases/Mobile/Scenario/NavigationMenu/006 - Logout" time="61.109" classname="Test Cases/Mobile/Scenario/NavigationMenu/006 - Logout" status="PASSED">
         <system-out><![CDATA[2021-12-15 11:16:25 - [TEST_CASE][PASSED] - Test Cases/Mobile/Scenario/NavigationMenu/006 - Logout: Test Cases/Mobile/Scenario/NavigationMenu/006 - Logout

2021-12-15 11:16:25 - [TEST_STEP][PASSED] - callTestCase(findTestCase("Mobile/Page/Run App/Run App byID"), [:], STOP_ON_FAILURE): Call Test Case 'Test Cases/Mobile/Page/Run App/Run App byID' successfully

2021-12-15 11:16:25 - [TEST_CASE][PASSED] - Test Cases/Mobile/Page/Run App/Run App byID: Test Cases/Mobile/Page/Run App/Run App byID

2021-12-15 11:16:25 - [TEST_STEP][PASSED] - startApp.OpenApp.startApplication("id.co.miraeasset.sageclub"): startApp.OpenApp.startApplication is PASSED

2021-12-15 11:16:38 - [MESSAGE][PASSED] - Starting app with application ID: 'id.co.miraeasset.sageclub'

2021-12-15 11:16:38 - [MESSAGE][PASSED] - startApp.OpenApp.startApplication is PASSED

2021-12-15 11:16:38 - [MESSAGE][PASSED] - Call Test Case 'Test Cases/Mobile/Page/Run App/Run App byID' successfully

2021-12-15 11:16:38 - [TEST_STEP][PASSED] - callTestCase(findTestCase("Mobile/Page/Navigation Menu/NavigationMenu"), ["action":"logout"], CONTINUE_ON_FAILURE): Call Test Case 'Test Cases/Mobile/Page/Navigation Menu/NavigationMenu' successfully

2021-12-15 11:16:38 - [TEST_CASE][PASSED] - Test Cases/Mobile/Page/Navigation Menu/NavigationMenu: Test Cases/Mobile/Page/Navigation Menu/NavigationMenu

2021-12-15 11:16:38 - [TEST_STEP][PASSED] - callTestCase(findTestCase("Mobile/Page/CheckLogin"), [:], CONTINUE_ON_FAILURE): Call Test Case 'Test Cases/Mobile/Page/CheckLogin' successfully

2021-12-15 11:16:38 - [TEST_CASE][PASSED] - Test Cases/Mobile/Page/CheckLogin: Test Cases/Mobile/Page/CheckLogin

2021-12-15 11:16:38 - [TEST_STEP][PASSED] - loginCheck = verifyElementExist(findTestObject("Mobile/Page/Login/Button - Login"), 2, CONTINUE_ON_FAILURE): Element 'Object Repository/Mobile/Page/Login/Button - Login' is exist

2021-12-15 11:16:40 - [MESSAGE][PASSED] - Element 'Object Repository/Mobile/Page/Login/Button - Login' is exist

2021-12-15 11:16:40 - [TEST_STEP][PASSED] - if (loginCheck): Call Test Case 'Test Cases/Mobile/Page/Login/Login' successfully

2021-12-15 11:16:40 - [TEST_STEP][PASSED] - callTestCase(findTestCase("Mobile/Page/Login/Login"), [:], CONTINUE_ON_FAILURE): Call Test Case 'Test Cases/Mobile/Page/Login/Login' successfully

2021-12-15 11:16:40 - [TEST_CASE][PASSED] - Test Cases/Mobile/Page/Login/Login: Test Cases/Mobile/Page/Login/Login

2021-12-15 11:16:40 - [TEST_STEP][PASSED] - delay(2): Delayed 2 second(s)

2021-12-15 11:16:42 - [MESSAGE][PASSED] - Delayed 2 second(s)

2021-12-15 11:16:42 - [TEST_STEP][PASSED] - tap(findTestObject("Mobile/Page/Login/Input - UserID"), 0): Tapped on element 'Object Repository/Mobile/Page/Login/Input - UserID'

2021-12-15 11:16:42 - [MESSAGE][WARNING] - Timeout '0' is invalid. Using default page load timeout: '60'

2021-12-15 11:16:43 - [MESSAGE][PASSED] - Tapped on element 'Object Repository/Mobile/Page/Login/Input - UserID'

2021-12-15 11:16:43 - [TEST_STEP][PASSED] - delay(1): Delayed 1 second(s)

2021-12-15 11:16:44 - [MESSAGE][PASSED] - Delayed 1 second(s)

2021-12-15 11:16:44 - [TEST_STEP][PASSED] - setText(findTestObject("Mobile/Page/Login/Input Rdy - UserID"), "anggaaditya", 0): Text 'anggaaditya' has been set to element 'Object Repository/Mobile/Page/Login/Input Rdy - UserID'

2021-12-15 11:16:44 - [MESSAGE][WARNING] - Timeout '0' is invalid. Using default page load timeout: '60'

2021-12-15 11:16:45 - [MESSAGE][PASSED] - Text 'anggaaditya' has been set to element 'Object Repository/Mobile/Page/Login/Input Rdy - UserID'

2021-12-15 11:16:45 - [TEST_STEP][PASSED] - delay(1): Delayed 1 second(s)

2021-12-15 11:16:46 - [MESSAGE][PASSED] - Delayed 1 second(s)

2021-12-15 11:16:46 - [TEST_STEP][PASSED] - hideKeyboard(): Keyboard is hidden

2021-12-15 11:16:55 - [MESSAGE][PASSED] - Keyboard is hidden

2021-12-15 11:16:55 - [TEST_STEP][PASSED] - tap(findTestObject("Mobile/Page/Login/Input - Password"), 0): Tapped on element 'Object Repository/Mobile/Page/Login/Input - Password'

2021-12-15 11:16:55 - [MESSAGE][WARNING] - Timeout '0' is invalid. Using default page load timeout: '60'

2021-12-15 11:16:55 - [MESSAGE][PASSED] - Tapped on element 'Object Repository/Mobile/Page/Login/Input - Password'

2021-12-15 11:16:55 - [TEST_STEP][PASSED] - delay(1): Delayed 1 second(s)

2021-12-15 11:16:56 - [MESSAGE][PASSED] - Delayed 1 second(s)

2021-12-15 11:16:56 - [TEST_STEP][PASSED] - setText(findTestObject("Mobile/Page/Login/Input Rdy - Password"), "Shalawa18", 0): Text 'Shalawa18' has been set to element 'Object Repository/Mobile/Page/Login/Input Rdy - Password'

2021-12-15 11:16:56 - [MESSAGE][WARNING] - Timeout '0' is invalid. Using default page load timeout: '60'

2021-12-15 11:16:57 - [MESSAGE][PASSED] - Text 'Shalawa18' has been set to element 'Object Repository/Mobile/Page/Login/Input Rdy - Password'

2021-12-15 11:16:57 - [TEST_STEP][PASSED] - delay(1): Delayed 1 second(s)

2021-12-15 11:16:58 - [MESSAGE][PASSED] - Delayed 1 second(s)

2021-12-15 11:16:58 - [TEST_STEP][PASSED] - hideKeyboard(): Keyboard is hidden

2021-12-15 11:17:08 - [MESSAGE][PASSED] - Keyboard is hidden

2021-12-15 11:17:08 - [TEST_STEP][PASSED] - tap(findTestObject("Mobile/Page/Login/Button - Login"), 0): Tapped on element 'Object Repository/Mobile/Page/Login/Button - Login'

2021-12-15 11:17:08 - [MESSAGE][WARNING] - Timeout '0' is invalid. Using default page load timeout: '60'

2021-12-15 11:17:08 - [MESSAGE][PASSED] - Tapped on element 'Object Repository/Mobile/Page/Login/Button - Login'

2021-12-15 11:17:08 - [TEST_STEP][PASSED] - delay(2): Delayed 2 second(s)

2021-12-15 11:17:10 - [MESSAGE][PASSED] - Delayed 2 second(s)

2021-12-15 11:17:10 - [MESSAGE][PASSED] - Call Test Case 'Test Cases/Mobile/Page/Login/Login' successfully

2021-12-15 11:17:10 - [MESSAGE][PASSED] - Call Test Case 'Test Cases/Mobile/Page/CheckLogin' successfully

2021-12-15 11:17:10 - [TEST_STEP][PASSED] - scroll.scroll.scrollScreenLeftToRight(): scroll.scroll.scrollScreenLeftToRight is PASSED

2021-12-15 11:17:10 - [MESSAGE][PASSED] - Current device physical height is 1423

2021-12-15 11:17:11 - [MESSAGE][PASSED] - Current device physical width is 720

2021-12-15 11:17:11 - [MESSAGE][PASSED] - Current device physical height is 1423

2021-12-15 11:17:12 - [MESSAGE][PASSED] - Swiped from 10,711 to 710,711

2021-12-15 11:17:12 - [MESSAGE][PASSED] - scroll.scroll.scrollScreenLeftToRight is PASSED

2021-12-15 11:17:12 - [TEST_STEP][PASSED] - delay(1): Delayed 1 second(s)

2021-12-15 11:17:13 - [MESSAGE][PASSED] - Delayed 1 second(s)

2021-12-15 11:17:13 - [TEST_STEP][PASSED] - for ([i = 0, i < 1, (i++)]): Delayed 1 second(s)

2021-12-15 11:17:13 - [TEST_STEP][PASSED] - if (action == "downloadtaxreport"): null

2021-12-15 11:17:13 - [TEST_STEP][PASSED] - else if (action == "analyzeprofile"): null

2021-12-15 11:17:13 - [TEST_STEP][PASSED] - else if (action == "wa"): null

2021-12-15 11:17:13 - [TEST_STEP][PASSED] - else if (action == "email"): null

2021-12-15 11:17:13 - [TEST_STEP][PASSED] - else if (action == "setting"): null

2021-12-15 11:17:13 - [TEST_STEP][PASSED] - else if (action == "logout"): Delayed 1 second(s)

2021-12-15 11:17:13 - [TEST_STEP][PASSED] - logout = findTestObject("Object Repository/Mobile/Page/Profile/Container - Logout"): null

2021-12-15 11:17:13 - [TEST_STEP][PASSED] - top = getElementTopPosition(logout, 0): Object 'Object Repository/Mobile/Page/Profile/Container - Logout' has top position '954'

2021-12-15 11:17:13 - [MESSAGE][WARNING] - Timeout '0' is invalid. Using default page load timeout: '60'

2021-12-15 11:17:13 - [MESSAGE][PASSED] - Object 'Object Repository/Mobile/Page/Profile/Container - Logout' has top position '954'

2021-12-15 11:17:13 - [TEST_STEP][PASSED] - y = getElementHeight(logout, 0) * 0.8 + top: Object 'Object Repository/Mobile/Page/Profile/Container - Logout' has height: '98'

2021-12-15 11:17:13 - [MESSAGE][WARNING] - Timeout '0' is invalid. Using default page load timeout: '60'

2021-12-15 11:17:13 - [MESSAGE][PASSED] - Object 'Object Repository/Mobile/Page/Profile/Container - Logout' has height: '98'

2021-12-15 11:17:13 - [TEST_STEP][PASSED] - x = getDeviceWidth() * 0.2: Current device physical width is 720

2021-12-15 11:17:14 - [MESSAGE][PASSED] - Current device physical width is 720

2021-12-15 11:17:14 - [TEST_STEP][PASSED] - tapAtPosition(x, y): Tapped at [144, 1,032]

2021-12-15 11:17:15 - [MESSAGE][PASSED] - Tapped at [144, 1,032]

2021-12-15 11:17:15 - [TEST_STEP][PASSED] - delay(1): Delayed 1 second(s)

2021-12-15 11:17:16 - [MESSAGE][PASSED] - Delayed 1 second(s)

2021-12-15 11:17:16 - [MESSAGE][PASSED] - Call Test Case 'Test Cases/Mobile/Page/Navigation Menu/NavigationMenu' successfully

2021-12-15 11:17:16 - [TEST_STEP][PASSED] - callTestCase(findTestCase("Mobile/Page/Run App/Terminate App"), [:], STOP_ON_FAILURE): Call Test Case 'Test Cases/Mobile/Page/Run App/Terminate App' successfully

2021-12-15 11:17:16 - [TEST_CASE][PASSED] - Test Cases/Mobile/Page/Run App/Terminate App: Test Cases/Mobile/Page/Run App/Terminate App

2021-12-15 11:17:16 - [TEST_STEP][PASSED] - startApp.OpenApp.terminateApplication(): startApp.OpenApp.terminateApplication is PASSED

2021-12-15 11:17:19 - [MESSAGE][PASSED] - Delayed 3 second(s)

2021-12-15 11:17:19 - [MESSAGE][PASSED] - Current device physical width is 720

2021-12-15 11:17:19 - [MESSAGE][PASSED] - Current device physical height is 1423

2021-12-15 11:17:21 - [MESSAGE][PASSED] - Swiped from 360,853 to 360,142

2021-12-15 11:17:22 - [MESSAGE][PASSED] - Delayed 1 second(s)

2021-12-15 11:17:23 - [MESSAGE][PASSED] - Swiped from 360,853 to 360,142

2021-12-15 11:17:26 - [MESSAGE][PASSED] - Delayed 3 second(s)

2021-12-15 11:17:26 - [MESSAGE][PASSED] - startApp.OpenApp.terminateApplication is PASSED

2021-12-15 11:17:26 - [MESSAGE][PASSED] - Call Test Case 'Test Cases/Mobile/Page/Run App/Terminate App' successfully]]></system-out>
         <system-err><![CDATA[]]></system-err>
      </testcase>
      <system-out><![CDATA[2021-12-15 11:09:19 - [TEST_SUITE][PASSED] - navigationmenu: Test Cases/Mobile/Scenario/NavigationMenu/006 - Logout]]></system-out>
      <system-err><![CDATA[]]></system-err>
   </testsuite>
</testsuites>
