<?xml version="1.0" encoding="UTF-8"?>
<testsuites name="analysis" time="272.597" tests="4" failures="0" skips="0" errors="0">
   <testsuite name="analysis" tests="4" failures="0" errors="0" time="272.597" skips="0" timestamp="2021-12-22 14:46:48" hostname="Owner - aldy-tft" id="Test Suites/analysis">
      <properties>
         <property name="deviceName" value="samsung SM-A205F (Android 11)"/>
         <property name="devicePlatform" value=""/>
         <property name="logFolder" value="C:\\Users\\Owner\\Documents\\kerjaan\\KatalonProject\\qa_katalon_pwm\\qa_katalon_pwm\\Reports\\20211222_144624\\analysis\\20211222_144625"/>
         <property name="logFiles" value="C:\\Users\\Owner\\Documents\\kerjaan\\KatalonProject\\qa_katalon_pwm\\qa_katalon_pwm\\Reports\\20211222_144624\\analysis\\20211222_144625\\appium.log, C:\\Users\\Owner\\Documents\\kerjaan\\KatalonProject\\qa_katalon_pwm\\qa_katalon_pwm\\Reports\\20211222_144624\\analysis\\20211222_144625\\execution0.log"/>
         <property name="attachments" value=""/>
         <property name="hostName" value="Owner - aldy-tft"/>
         <property name="os" value="Windows 10 64bit"/>
         <property name="appiumServerStatus" value="{&quot;value&quot;:{&quot;build&quot;:{&quot;version&quot;:&quot;1.22.0&quot;}},&quot;sessionId&quot;:null,&quot;status&quot;:0}"/>
         <property name="katalonVersion" value="7.9.1.208"/>
         <property name="deviceOS" value="Android"/>
         <property name="appiumVersion" value="1.22.0"/>
         <property name="deviceModel" value="SM-A205F"/>
         <property name="hostAddress" value="192.168.100.13"/>
         <property name="deviceManufacturer" value="samsung"/>
         <property name="deviceId" value="RR8M40C9AXE"/>
         <property name="deviceName" value="samsung SM-A205F (Android 11)"/>
         <property name="deviceOSVersion" value="11"/>
      </properties>
      <testcase name="Test Cases/Mobile/Scenario/Analysis/001 - User akses techincal analysis" time="84.05" classname="Test Cases/Mobile/Scenario/Analysis/001 - User akses techincal analysis" status="PASSED">
         <system-out><![CDATA[2021-12-22 14:46:49 - [TEST_CASE][PASSED] - Test Cases/Mobile/Scenario/Analysis/001 - User akses techincal analysis: Test Cases/Mobile/Scenario/Analysis/001 - User akses techincal analysis

2021-12-22 14:46:49 - [TEST_STEP][PASSED] - callTestCase(findTestCase("Mobile/Page/Run App/Run App byID"), [:], STOP_ON_FAILURE): Call Test Case 'Test Cases/Mobile/Page/Run App/Run App byID' successfully

2021-12-22 14:46:49 - [TEST_CASE][PASSED] - Test Cases/Mobile/Page/Run App/Run App byID: Test Cases/Mobile/Page/Run App/Run App byID

2021-12-22 14:46:50 - [TEST_STEP][PASSED] - startApp.OpenApp.startApplication("id.co.miraeasset.sageclub"): startApp.OpenApp.startApplication is PASSED

2021-12-22 14:46:51 - [MESSAGE][INFO] - Appium server started on port 62,048

2021-12-22 14:47:07 - [MESSAGE][PASSED] - Starting app with application ID: 'id.co.miraeasset.sageclub'

2021-12-22 14:47:07 - [MESSAGE][PASSED] - startApp.OpenApp.startApplication is PASSED

2021-12-22 14:47:07 - [MESSAGE][PASSED] - Call Test Case 'Test Cases/Mobile/Page/Run App/Run App byID' successfully

2021-12-22 14:47:07 - [TEST_STEP][PASSED] - callTestCase(findTestCase("Mobile/Page/Analysis/Analysis"), ["action":"technicalsearch"], CONTINUE_ON_FAILURE): Call Test Case 'Test Cases/Mobile/Page/Analysis/Analysis' successfully

2021-12-22 14:47:07 - [TEST_CASE][PASSED] - Test Cases/Mobile/Page/Analysis/Analysis: Test Cases/Mobile/Page/Analysis/Analysis

2021-12-22 14:47:07 - [TEST_STEP][PASSED] - callTestCase(findTestCase("Mobile/Page/CheckLogin"), [:], CONTINUE_ON_FAILURE): Call Test Case 'Test Cases/Mobile/Page/CheckLogin' successfully

2021-12-22 14:47:07 - [TEST_CASE][PASSED] - Test Cases/Mobile/Page/CheckLogin: Test Cases/Mobile/Page/CheckLogin

2021-12-22 14:47:07 - [TEST_STEP][PASSED] - loginCheck = verifyElementExist(findTestObject("Mobile/Page/Login/Button - Login"), 5, CONTINUE_ON_FAILURE): Element 'Object Repository/Mobile/Page/Login/Button - Login' is exist

2021-12-22 14:47:09 - [MESSAGE][PASSED] - Element 'Object Repository/Mobile/Page/Login/Button - Login' is exist

2021-12-22 14:47:09 - [TEST_STEP][PASSED] - if (loginCheck): Call Test Case 'Test Cases/Mobile/Page/Login/Login' successfully

2021-12-22 14:47:09 - [TEST_STEP][PASSED] - callTestCase(findTestCase("Mobile/Page/Login/Login"), [:], CONTINUE_ON_FAILURE): Call Test Case 'Test Cases/Mobile/Page/Login/Login' successfully

2021-12-22 14:47:09 - [TEST_CASE][PASSED] - Test Cases/Mobile/Page/Login/Login: Test Cases/Mobile/Page/Login/Login

2021-12-22 14:47:09 - [TEST_STEP][PASSED] - delay(2): Delayed 2 second(s)

2021-12-22 14:47:11 - [MESSAGE][PASSED] - Delayed 2 second(s)

2021-12-22 14:47:11 - [TEST_STEP][PASSED] - tap(findTestObject("Mobile/Page/Login/Input - UserID"), 0): Tapped on element 'Object Repository/Mobile/Page/Login/Input - UserID'

2021-12-22 14:47:11 - [MESSAGE][WARNING] - Timeout '0' is invalid. Using default page load timeout: '60'

2021-12-22 14:47:12 - [MESSAGE][PASSED] - Tapped on element 'Object Repository/Mobile/Page/Login/Input - UserID'

2021-12-22 14:47:12 - [TEST_STEP][PASSED] - delay(1): Delayed 1 second(s)

2021-12-22 14:47:13 - [MESSAGE][PASSED] - Delayed 1 second(s)

2021-12-22 14:47:13 - [TEST_STEP][PASSED] - setText(findTestObject("Mobile/Page/Login/Input Rdy - UserID"), "anggaaditya", 0): Text 'anggaaditya' has been set to element 'Object Repository/Mobile/Page/Login/Input Rdy - UserID'

2021-12-22 14:47:13 - [MESSAGE][WARNING] - Timeout '0' is invalid. Using default page load timeout: '60'

2021-12-22 14:47:14 - [MESSAGE][PASSED] - Text 'anggaaditya' has been set to element 'Object Repository/Mobile/Page/Login/Input Rdy - UserID'

2021-12-22 14:47:14 - [TEST_STEP][PASSED] - delay(1): Delayed 1 second(s)

2021-12-22 14:47:15 - [MESSAGE][PASSED] - Delayed 1 second(s)

2021-12-22 14:47:15 - [TEST_STEP][PASSED] - hideKeyboard(): Keyboard is hidden

2021-12-22 14:47:23 - [MESSAGE][PASSED] - Keyboard is hidden

2021-12-22 14:47:23 - [TEST_STEP][PASSED] - tap(findTestObject("Mobile/Page/Login/Input - Password"), 0): Tapped on element 'Object Repository/Mobile/Page/Login/Input - Password'

2021-12-22 14:47:23 - [MESSAGE][WARNING] - Timeout '0' is invalid. Using default page load timeout: '60'

2021-12-22 14:47:23 - [MESSAGE][PASSED] - Tapped on element 'Object Repository/Mobile/Page/Login/Input - Password'

2021-12-22 14:47:23 - [TEST_STEP][PASSED] - delay(1): Delayed 1 second(s)

2021-12-22 14:47:24 - [MESSAGE][PASSED] - Delayed 1 second(s)

2021-12-22 14:47:24 - [TEST_STEP][PASSED] - setText(findTestObject("Mobile/Page/Login/Input Rdy - Password"), "Shalawa18", 0): Text 'Shalawa18' has been set to element 'Object Repository/Mobile/Page/Login/Input Rdy - Password'

2021-12-22 14:47:24 - [MESSAGE][WARNING] - Timeout '0' is invalid. Using default page load timeout: '60'

2021-12-22 14:47:25 - [MESSAGE][PASSED] - Text 'Shalawa18' has been set to element 'Object Repository/Mobile/Page/Login/Input Rdy - Password'

2021-12-22 14:47:25 - [TEST_STEP][PASSED] - delay(1): Delayed 1 second(s)

2021-12-22 14:47:26 - [MESSAGE][PASSED] - Delayed 1 second(s)

2021-12-22 14:47:26 - [TEST_STEP][PASSED] - hideKeyboard(): Keyboard is hidden

2021-12-22 14:47:34 - [MESSAGE][PASSED] - Keyboard is hidden

2021-12-22 14:47:34 - [TEST_STEP][PASSED] - tap(findTestObject("Mobile/Page/Login/Button - Login"), 0): Tapped on element 'Object Repository/Mobile/Page/Login/Button - Login'

2021-12-22 14:47:34 - [MESSAGE][WARNING] - Timeout '0' is invalid. Using default page load timeout: '60'

2021-12-22 14:47:35 - [MESSAGE][PASSED] - Tapped on element 'Object Repository/Mobile/Page/Login/Button - Login'

2021-12-22 14:47:35 - [TEST_STEP][PASSED] - delay(2): Delayed 2 second(s)

2021-12-22 14:47:37 - [MESSAGE][PASSED] - Delayed 2 second(s)

2021-12-22 14:47:37 - [MESSAGE][PASSED] - Call Test Case 'Test Cases/Mobile/Page/Login/Login' successfully

2021-12-22 14:47:37 - [MESSAGE][PASSED] - Call Test Case 'Test Cases/Mobile/Page/CheckLogin' successfully

2021-12-22 14:47:37 - [TEST_STEP][PASSED] - tap(findTestObject("Mobile/Page/Home/Menubar - Analysis2"), 0): Tapped on element 'Object Repository/Mobile/Page/Home/Menubar - Analysis2'

2021-12-22 14:47:37 - [MESSAGE][WARNING] - Timeout '0' is invalid. Using default page load timeout: '60'

2021-12-22 14:47:38 - [MESSAGE][PASSED] - Tapped on element 'Object Repository/Mobile/Page/Home/Menubar - Analysis2'

2021-12-22 14:47:38 - [TEST_STEP][PASSED] - delay(1): Delayed 1 second(s)

2021-12-22 14:47:39 - [MESSAGE][PASSED] - Delayed 1 second(s)

2021-12-22 14:47:39 - [TEST_STEP][PASSED] - for ([i = 0, i < 1, (i++)]): Delayed 2 second(s)

2021-12-22 14:47:39 - [TEST_STEP][PASSED] - if (action == "technicalsearch"): Delayed 2 second(s)

2021-12-22 14:47:39 - [TEST_STEP][PASSED] - tap(findTestObject("Mobile/Page/Analysis/Dropdown - Technical Indicator"), 0): Tapped on element 'Object Repository/Mobile/Page/Analysis/Dropdown - Technical Indicator'

2021-12-22 14:47:39 - [MESSAGE][WARNING] - Timeout '0' is invalid. Using default page load timeout: '60'

2021-12-22 14:47:40 - [MESSAGE][PASSED] - Tapped on element 'Object Repository/Mobile/Page/Analysis/Dropdown - Technical Indicator'

2021-12-22 14:47:40 - [TEST_STEP][PASSED] - delay(1): Delayed 1 second(s)

2021-12-22 14:47:41 - [MESSAGE][PASSED] - Delayed 1 second(s)

2021-12-22 14:47:41 - [TEST_STEP][PASSED] - tap(findTestObject("Object Repository/Mobile/Page/Analysis/Option Technical Indicator - All"), 0): Tapped on element 'Object Repository/Mobile/Page/Analysis/Option Technical Indicator - All'

2021-12-22 14:47:41 - [MESSAGE][WARNING] - Timeout '0' is invalid. Using default page load timeout: '60'

2021-12-22 14:47:43 - [MESSAGE][PASSED] - Tapped on element 'Object Repository/Mobile/Page/Analysis/Option Technical Indicator - All'

2021-12-22 14:47:43 - [TEST_STEP][PASSED] - delay(1): Delayed 1 second(s)

2021-12-22 14:47:44 - [MESSAGE][PASSED] - Delayed 1 second(s)

2021-12-22 14:47:44 - [TEST_STEP][PASSED] - tap(findTestObject("Mobile/Page/Analysis/Dropdown - Market Cap"), 0): Tapped on element 'Object Repository/Mobile/Page/Analysis/Dropdown - Market Cap'

2021-12-22 14:47:44 - [MESSAGE][WARNING] - Timeout '0' is invalid. Using default page load timeout: '60'

2021-12-22 14:47:45 - [MESSAGE][PASSED] - Tapped on element 'Object Repository/Mobile/Page/Analysis/Dropdown - Market Cap'

2021-12-22 14:47:45 - [TEST_STEP][PASSED] - delay(1): Delayed 1 second(s)

2021-12-22 14:47:46 - [MESSAGE][PASSED] - Delayed 1 second(s)

2021-12-22 14:47:46 - [TEST_STEP][PASSED] - tap(findTestObject("Object Repository/Mobile/Page/Analysis/Option Market Cap - 1 Trillion"), 0): Tapped on element 'Object Repository/Mobile/Page/Analysis/Option Market Cap - 1 Trillion'

2021-12-22 14:47:46 - [MESSAGE][WARNING] - Timeout '0' is invalid. Using default page load timeout: '60'

2021-12-22 14:47:47 - [MESSAGE][PASSED] - Tapped on element 'Object Repository/Mobile/Page/Analysis/Option Market Cap - 1 Trillion'

2021-12-22 14:47:47 - [TEST_STEP][PASSED] - delay(1): Delayed 1 second(s)

2021-12-22 14:47:48 - [MESSAGE][PASSED] - Delayed 1 second(s)

2021-12-22 14:47:48 - [TEST_STEP][PASSED] - tap(findTestObject("Mobile/Page/Analysis/Dropdown - Transaction"), 0): Tapped on element 'Object Repository/Mobile/Page/Analysis/Dropdown - Transaction'

2021-12-22 14:47:48 - [MESSAGE][WARNING] - Timeout '0' is invalid. Using default page load timeout: '60'

2021-12-22 14:47:49 - [MESSAGE][PASSED] - Tapped on element 'Object Repository/Mobile/Page/Analysis/Dropdown - Transaction'

2021-12-22 14:47:49 - [TEST_STEP][PASSED] - delay(1): Delayed 1 second(s)

2021-12-22 14:47:50 - [MESSAGE][PASSED] - Delayed 1 second(s)

2021-12-22 14:47:50 - [TEST_STEP][PASSED] - tap(findTestObject("Object Repository/Mobile/Page/Analysis/Option Transaction - 1 Billion"), 0): Tapped on element 'Object Repository/Mobile/Page/Analysis/Option Transaction - 1 Billion'

2021-12-22 14:47:50 - [MESSAGE][WARNING] - Timeout '0' is invalid. Using default page load timeout: '60'

2021-12-22 14:47:51 - [MESSAGE][PASSED] - Tapped on element 'Object Repository/Mobile/Page/Analysis/Option Transaction - 1 Billion'

2021-12-22 14:47:51 - [TEST_STEP][PASSED] - delay(1): Delayed 1 second(s)

2021-12-22 14:47:52 - [MESSAGE][PASSED] - Delayed 1 second(s)

2021-12-22 14:47:52 - [TEST_STEP][PASSED] - tap(findTestObject("Mobile/Page/Analysis/Dropdown - Time Frame"), 0): Tapped on element 'Object Repository/Mobile/Page/Analysis/Dropdown - Time Frame'

2021-12-22 14:47:52 - [MESSAGE][WARNING] - Timeout '0' is invalid. Using default page load timeout: '60'

2021-12-22 14:47:54 - [MESSAGE][PASSED] - Tapped on element 'Object Repository/Mobile/Page/Analysis/Dropdown - Time Frame'

2021-12-22 14:47:54 - [TEST_STEP][PASSED] - delay(1): Delayed 1 second(s)

2021-12-22 14:47:55 - [MESSAGE][PASSED] - Delayed 1 second(s)

2021-12-22 14:47:55 - [TEST_STEP][PASSED] - tap(findTestObject("Object Repository/Mobile/Page/Analysis/Option Time Frame - Daily"), 0): Tapped on element 'Object Repository/Mobile/Page/Analysis/Option Time Frame - Daily'

2021-12-22 14:47:55 - [MESSAGE][WARNING] - Timeout '0' is invalid. Using default page load timeout: '60'

2021-12-22 14:47:56 - [MESSAGE][PASSED] - Tapped on element 'Object Repository/Mobile/Page/Analysis/Option Time Frame - Daily'

2021-12-22 14:47:56 - [TEST_STEP][PASSED] - delay(1): Delayed 1 second(s)

2021-12-22 14:47:57 - [MESSAGE][PASSED] - Delayed 1 second(s)

2021-12-22 14:47:57 - [TEST_STEP][PASSED] - tap(findTestObject("Mobile/Page/Analysis/Dropdown - Index"), 0): Tapped on element 'Object Repository/Mobile/Page/Analysis/Dropdown - Index'

2021-12-22 14:47:57 - [MESSAGE][WARNING] - Timeout '0' is invalid. Using default page load timeout: '60'

2021-12-22 14:47:58 - [MESSAGE][PASSED] - Tapped on element 'Object Repository/Mobile/Page/Analysis/Dropdown - Index'

2021-12-22 14:47:58 - [TEST_STEP][PASSED] - delay(1): Delayed 1 second(s)

2021-12-22 14:47:59 - [MESSAGE][PASSED] - Delayed 1 second(s)

2021-12-22 14:47:59 - [TEST_STEP][PASSED] - tap(findTestObject("Object Repository/Mobile/Page/Analysis/Option Index - Idx30"), 0): Tapped on element 'Object Repository/Mobile/Page/Analysis/Option Index - Idx30'

2021-12-22 14:47:59 - [MESSAGE][WARNING] - Timeout '0' is invalid. Using default page load timeout: '60'

2021-12-22 14:48:00 - [MESSAGE][PASSED] - Tapped on element 'Object Repository/Mobile/Page/Analysis/Option Index - Idx30'

2021-12-22 14:48:00 - [TEST_STEP][PASSED] - delay(2): Delayed 2 second(s)

2021-12-22 14:48:02 - [MESSAGE][PASSED] - Delayed 2 second(s)

2021-12-22 14:48:02 - [MESSAGE][PASSED] - Call Test Case 'Test Cases/Mobile/Page/Analysis/Analysis' successfully

2021-12-22 14:48:02 - [TEST_STEP][PASSED] - callTestCase(findTestCase("Mobile/Page/Run App/Terminate App"), [:], STOP_ON_FAILURE): Call Test Case 'Test Cases/Mobile/Page/Run App/Terminate App' successfully

2021-12-22 14:48:02 - [TEST_CASE][PASSED] - Test Cases/Mobile/Page/Run App/Terminate App: Test Cases/Mobile/Page/Run App/Terminate App

2021-12-22 14:48:03 - [TEST_STEP][PASSED] - startApp.OpenApp.terminateApplication(): startApp.OpenApp.terminateApplication is PASSED

2021-12-22 14:48:06 - [MESSAGE][PASSED] - Delayed 3 second(s)

2021-12-22 14:48:06 - [MESSAGE][PASSED] - Current device physical width is 720

2021-12-22 14:48:06 - [MESSAGE][PASSED] - Current device physical height is 1423

2021-12-22 14:48:07 - [MESSAGE][PASSED] - Swiped from 360,853 to 360,142

2021-12-22 14:48:08 - [MESSAGE][PASSED] - Delayed 1 second(s)

2021-12-22 14:48:10 - [MESSAGE][PASSED] - Swiped from 360,853 to 360,142

2021-12-22 14:48:13 - [MESSAGE][PASSED] - Delayed 3 second(s)

2021-12-22 14:48:13 - [MESSAGE][PASSED] - startApp.OpenApp.terminateApplication is PASSED

2021-12-22 14:48:13 - [MESSAGE][PASSED] - Call Test Case 'Test Cases/Mobile/Page/Run App/Terminate App' successfully]]></system-out>
         <system-err><![CDATA[]]></system-err>
      </testcase>
      <testcase name="Test Cases/Mobile/Scenario/Analysis/002 - User memilih salah satu saham (chart)" time="69.622" classname="Test Cases/Mobile/Scenario/Analysis/002 - User memilih salah satu saham (chart)" status="PASSED">
         <system-out><![CDATA[2021-12-22 14:48:13 - [TEST_CASE][PASSED] - Test Cases/Mobile/Scenario/Analysis/002 - User memilih salah satu saham (chart): Test Cases/Mobile/Scenario/Analysis/002 - User memilih salah satu saham (chart)

2021-12-22 14:48:13 - [TEST_STEP][PASSED] - callTestCase(findTestCase("Mobile/Page/Run App/Run App byID"), [:], STOP_ON_FAILURE): Call Test Case 'Test Cases/Mobile/Page/Run App/Run App byID' successfully

2021-12-22 14:48:13 - [TEST_CASE][PASSED] - Test Cases/Mobile/Page/Run App/Run App byID: Test Cases/Mobile/Page/Run App/Run App byID

2021-12-22 14:48:13 - [TEST_STEP][PASSED] - startApp.OpenApp.startApplication("id.co.miraeasset.sageclub"): startApp.OpenApp.startApplication is PASSED

2021-12-22 14:48:26 - [MESSAGE][PASSED] - Starting app with application ID: 'id.co.miraeasset.sageclub'

2021-12-22 14:48:26 - [MESSAGE][PASSED] - startApp.OpenApp.startApplication is PASSED

2021-12-22 14:48:26 - [MESSAGE][PASSED] - Call Test Case 'Test Cases/Mobile/Page/Run App/Run App byID' successfully

2021-12-22 14:48:26 - [TEST_STEP][PASSED] - callTestCase(findTestCase("Mobile/Page/Analysis/Analysis"), ["action":"technicaldetail"], CONTINUE_ON_FAILURE): Call Test Case 'Test Cases/Mobile/Page/Analysis/Analysis' successfully

2021-12-22 14:48:26 - [TEST_CASE][PASSED] - Test Cases/Mobile/Page/Analysis/Analysis: Test Cases/Mobile/Page/Analysis/Analysis

2021-12-22 14:48:26 - [TEST_STEP][PASSED] - callTestCase(findTestCase("Mobile/Page/CheckLogin"), [:], CONTINUE_ON_FAILURE): Call Test Case 'Test Cases/Mobile/Page/CheckLogin' successfully

2021-12-22 14:48:26 - [TEST_CASE][PASSED] - Test Cases/Mobile/Page/CheckLogin: Test Cases/Mobile/Page/CheckLogin

2021-12-22 14:48:26 - [TEST_STEP][PASSED] - loginCheck = verifyElementExist(findTestObject("Mobile/Page/Login/Button - Login"), 5, CONTINUE_ON_FAILURE): Element 'Object Repository/Mobile/Page/Login/Button - Login' is exist

2021-12-22 14:48:29 - [MESSAGE][PASSED] - Element 'Object Repository/Mobile/Page/Login/Button - Login' is exist

2021-12-22 14:48:29 - [TEST_STEP][PASSED] - if (loginCheck): Call Test Case 'Test Cases/Mobile/Page/Login/Login' successfully

2021-12-22 14:48:29 - [TEST_STEP][PASSED] - callTestCase(findTestCase("Mobile/Page/Login/Login"), [:], CONTINUE_ON_FAILURE): Call Test Case 'Test Cases/Mobile/Page/Login/Login' successfully

2021-12-22 14:48:29 - [TEST_CASE][PASSED] - Test Cases/Mobile/Page/Login/Login: Test Cases/Mobile/Page/Login/Login

2021-12-22 14:48:29 - [TEST_STEP][PASSED] - delay(2): Delayed 2 second(s)

2021-12-22 14:48:31 - [MESSAGE][PASSED] - Delayed 2 second(s)

2021-12-22 14:48:31 - [TEST_STEP][PASSED] - tap(findTestObject("Mobile/Page/Login/Input - UserID"), 0): Tapped on element 'Object Repository/Mobile/Page/Login/Input - UserID'

2021-12-22 14:48:31 - [MESSAGE][WARNING] - Timeout '0' is invalid. Using default page load timeout: '60'

2021-12-22 14:48:32 - [MESSAGE][PASSED] - Tapped on element 'Object Repository/Mobile/Page/Login/Input - UserID'

2021-12-22 14:48:32 - [TEST_STEP][PASSED] - delay(1): Delayed 1 second(s)

2021-12-22 14:48:33 - [MESSAGE][PASSED] - Delayed 1 second(s)

2021-12-22 14:48:33 - [TEST_STEP][PASSED] - setText(findTestObject("Mobile/Page/Login/Input Rdy - UserID"), "anggaaditya", 0): Text 'anggaaditya' has been set to element 'Object Repository/Mobile/Page/Login/Input Rdy - UserID'

2021-12-22 14:48:33 - [MESSAGE][WARNING] - Timeout '0' is invalid. Using default page load timeout: '60'

2021-12-22 14:48:33 - [MESSAGE][PASSED] - Text 'anggaaditya' has been set to element 'Object Repository/Mobile/Page/Login/Input Rdy - UserID'

2021-12-22 14:48:33 - [TEST_STEP][PASSED] - delay(1): Delayed 1 second(s)

2021-12-22 14:48:34 - [MESSAGE][PASSED] - Delayed 1 second(s)

2021-12-22 14:48:34 - [TEST_STEP][PASSED] - hideKeyboard(): Keyboard is hidden

2021-12-22 14:48:40 - [MESSAGE][PASSED] - Keyboard is hidden

2021-12-22 14:48:40 - [TEST_STEP][PASSED] - tap(findTestObject("Mobile/Page/Login/Input - Password"), 0): Tapped on element 'Object Repository/Mobile/Page/Login/Input - Password'

2021-12-22 14:48:40 - [MESSAGE][WARNING] - Timeout '0' is invalid. Using default page load timeout: '60'

2021-12-22 14:48:40 - [MESSAGE][PASSED] - Tapped on element 'Object Repository/Mobile/Page/Login/Input - Password'

2021-12-22 14:48:40 - [TEST_STEP][PASSED] - delay(1): Delayed 1 second(s)

2021-12-22 14:48:41 - [MESSAGE][PASSED] - Delayed 1 second(s)

2021-12-22 14:48:41 - [TEST_STEP][PASSED] - setText(findTestObject("Mobile/Page/Login/Input Rdy - Password"), "Shalawa18", 0): Text 'Shalawa18' has been set to element 'Object Repository/Mobile/Page/Login/Input Rdy - Password'

2021-12-22 14:48:41 - [MESSAGE][WARNING] - Timeout '0' is invalid. Using default page load timeout: '60'

2021-12-22 14:48:42 - [MESSAGE][PASSED] - Text 'Shalawa18' has been set to element 'Object Repository/Mobile/Page/Login/Input Rdy - Password'

2021-12-22 14:48:42 - [TEST_STEP][PASSED] - delay(1): Delayed 1 second(s)

2021-12-22 14:48:43 - [MESSAGE][PASSED] - Delayed 1 second(s)

2021-12-22 14:48:43 - [TEST_STEP][PASSED] - hideKeyboard(): Keyboard is hidden

2021-12-22 14:48:51 - [MESSAGE][PASSED] - Keyboard is hidden

2021-12-22 14:48:51 - [TEST_STEP][PASSED] - tap(findTestObject("Mobile/Page/Login/Button - Login"), 0): Tapped on element 'Object Repository/Mobile/Page/Login/Button - Login'

2021-12-22 14:48:51 - [MESSAGE][WARNING] - Timeout '0' is invalid. Using default page load timeout: '60'

2021-12-22 14:48:52 - [MESSAGE][PASSED] - Tapped on element 'Object Repository/Mobile/Page/Login/Button - Login'

2021-12-22 14:48:52 - [TEST_STEP][PASSED] - delay(2): Delayed 2 second(s)

2021-12-22 14:48:54 - [MESSAGE][PASSED] - Delayed 2 second(s)

2021-12-22 14:48:54 - [MESSAGE][PASSED] - Call Test Case 'Test Cases/Mobile/Page/Login/Login' successfully

2021-12-22 14:48:54 - [MESSAGE][PASSED] - Call Test Case 'Test Cases/Mobile/Page/CheckLogin' successfully

2021-12-22 14:48:54 - [TEST_STEP][PASSED] - tap(findTestObject("Mobile/Page/Home/Menubar - Analysis2"), 0): Tapped on element 'Object Repository/Mobile/Page/Home/Menubar - Analysis2'

2021-12-22 14:48:54 - [MESSAGE][WARNING] - Timeout '0' is invalid. Using default page load timeout: '60'

2021-12-22 14:48:55 - [MESSAGE][PASSED] - Tapped on element 'Object Repository/Mobile/Page/Home/Menubar - Analysis2'

2021-12-22 14:48:55 - [TEST_STEP][PASSED] - delay(1): Delayed 1 second(s)

2021-12-22 14:48:56 - [MESSAGE][PASSED] - Delayed 1 second(s)

2021-12-22 14:48:56 - [TEST_STEP][PASSED] - for ([i = 0, i < 1, (i++)]): Delayed 2 second(s)

2021-12-22 14:48:56 - [TEST_STEP][PASSED] - if (action == "technicalsearch"): null

2021-12-22 14:48:56 - [TEST_STEP][PASSED] - else if (action == "technicaldetail"): Delayed 2 second(s)

2021-12-22 14:48:56 - [TEST_STEP][PASSED] - tap(findTestObject("Mobile/Page/Analysis/Item - Top Technical"), 0): Tapped on element 'Object Repository/Mobile/Page/Analysis/Item - Top Technical'

2021-12-22 14:48:56 - [MESSAGE][WARNING] - Timeout '0' is invalid. Using default page load timeout: '60'

2021-12-22 14:48:57 - [MESSAGE][PASSED] - Tapped on element 'Object Repository/Mobile/Page/Analysis/Item - Top Technical'

2021-12-22 14:48:57 - [TEST_STEP][PASSED] - delay(3): Delayed 3 second(s)

2021-12-22 14:49:00 - [MESSAGE][PASSED] - Delayed 3 second(s)

2021-12-22 14:49:00 - [TEST_STEP][PASSED] - tap(findTestObject("Object Repository/Mobile/Page/Analysis/Detail/Button - D"), 0): Tapped on element 'Object Repository/Mobile/Page/Analysis/Detail/Button - D'

2021-12-22 14:49:00 - [MESSAGE][WARNING] - Timeout '0' is invalid. Using default page load timeout: '60'

2021-12-22 14:49:01 - [MESSAGE][PASSED] - Tapped on element 'Object Repository/Mobile/Page/Analysis/Detail/Button - D'

2021-12-22 14:49:01 - [TEST_STEP][PASSED] - delay(2): Delayed 2 second(s)

2021-12-22 14:49:03 - [MESSAGE][PASSED] - Delayed 2 second(s)

2021-12-22 14:49:03 - [TEST_STEP][PASSED] - tap(findTestObject("Object Repository/Mobile/Page/Analysis/Detail/Button - W"), 0): Tapped on element 'Object Repository/Mobile/Page/Analysis/Detail/Button - W'

2021-12-22 14:49:03 - [MESSAGE][WARNING] - Timeout '0' is invalid. Using default page load timeout: '60'

2021-12-22 14:49:04 - [MESSAGE][PASSED] - Tapped on element 'Object Repository/Mobile/Page/Analysis/Detail/Button - W'

2021-12-22 14:49:04 - [TEST_STEP][PASSED] - delay(2): Delayed 2 second(s)

2021-12-22 14:49:06 - [MESSAGE][PASSED] - Delayed 2 second(s)

2021-12-22 14:49:06 - [TEST_STEP][PASSED] - tap(findTestObject("Object Repository/Mobile/Page/Analysis/Detail/Button - M"), 0): Tapped on element 'Object Repository/Mobile/Page/Analysis/Detail/Button - M'

2021-12-22 14:49:06 - [MESSAGE][WARNING] - Timeout '0' is invalid. Using default page load timeout: '60'

2021-12-22 14:49:07 - [MESSAGE][PASSED] - Tapped on element 'Object Repository/Mobile/Page/Analysis/Detail/Button - M'

2021-12-22 14:49:07 - [TEST_STEP][PASSED] - delay(2): Delayed 2 second(s)

2021-12-22 14:49:09 - [MESSAGE][PASSED] - Delayed 2 second(s)

2021-12-22 14:49:09 - [TEST_STEP][PASSED] - tap(findTestObject("Object Repository/Mobile/Page/Analysis/Detail/Button - Y"), 0): Tapped on element 'Object Repository/Mobile/Page/Analysis/Detail/Button - Y'

2021-12-22 14:49:09 - [MESSAGE][WARNING] - Timeout '0' is invalid. Using default page load timeout: '60'

2021-12-22 14:49:10 - [MESSAGE][PASSED] - Tapped on element 'Object Repository/Mobile/Page/Analysis/Detail/Button - Y'

2021-12-22 14:49:10 - [TEST_STEP][PASSED] - delay(2): Delayed 2 second(s)

2021-12-22 14:49:12 - [MESSAGE][PASSED] - Delayed 2 second(s)

2021-12-22 14:49:12 - [MESSAGE][PASSED] - Call Test Case 'Test Cases/Mobile/Page/Analysis/Analysis' successfully

2021-12-22 14:49:12 - [TEST_STEP][PASSED] - callTestCase(findTestCase("Mobile/Page/Run App/Terminate App"), [:], STOP_ON_FAILURE): Call Test Case 'Test Cases/Mobile/Page/Run App/Terminate App' successfully

2021-12-22 14:49:12 - [TEST_CASE][PASSED] - Test Cases/Mobile/Page/Run App/Terminate App: Test Cases/Mobile/Page/Run App/Terminate App

2021-12-22 14:49:12 - [TEST_STEP][PASSED] - startApp.OpenApp.terminateApplication(): startApp.OpenApp.terminateApplication is PASSED

2021-12-22 14:49:15 - [MESSAGE][PASSED] - Delayed 3 second(s)

2021-12-22 14:49:16 - [MESSAGE][PASSED] - Current device physical width is 720

2021-12-22 14:49:16 - [MESSAGE][PASSED] - Current device physical height is 1423

2021-12-22 14:49:17 - [MESSAGE][PASSED] - Swiped from 360,853 to 360,142

2021-12-22 14:49:18 - [MESSAGE][PASSED] - Delayed 1 second(s)

2021-12-22 14:49:19 - [MESSAGE][PASSED] - Swiped from 360,853 to 360,142

2021-12-22 14:49:22 - [MESSAGE][PASSED] - Delayed 3 second(s)

2021-12-22 14:49:22 - [MESSAGE][PASSED] - startApp.OpenApp.terminateApplication is PASSED

2021-12-22 14:49:22 - [MESSAGE][PASSED] - Call Test Case 'Test Cases/Mobile/Page/Run App/Terminate App' successfully]]></system-out>
         <system-err><![CDATA[]]></system-err>
      </testcase>
      <testcase name="Test Cases/Mobile/Scenario/Analysis/003 - User memilh Research Report" time="58.063" classname="Test Cases/Mobile/Scenario/Analysis/003 - User memilh Research Report" status="PASSED">
         <system-out><![CDATA[2021-12-22 14:49:22 - [TEST_CASE][PASSED] - Test Cases/Mobile/Scenario/Analysis/003 - User memilh Research Report: Test Cases/Mobile/Scenario/Analysis/003 - User memilh Research Report

2021-12-22 14:49:23 - [TEST_STEP][PASSED] - callTestCase(findTestCase("Mobile/Page/Run App/Run App byID"), [:], STOP_ON_FAILURE): Call Test Case 'Test Cases/Mobile/Page/Run App/Run App byID' successfully

2021-12-22 14:49:23 - [TEST_CASE][PASSED] - Test Cases/Mobile/Page/Run App/Run App byID: Test Cases/Mobile/Page/Run App/Run App byID

2021-12-22 14:49:23 - [TEST_STEP][PASSED] - startApp.OpenApp.startApplication("id.co.miraeasset.sageclub"): startApp.OpenApp.startApplication is PASSED

2021-12-22 14:49:34 - [MESSAGE][PASSED] - Starting app with application ID: 'id.co.miraeasset.sageclub'

2021-12-22 14:49:34 - [MESSAGE][PASSED] - startApp.OpenApp.startApplication is PASSED

2021-12-22 14:49:34 - [MESSAGE][PASSED] - Call Test Case 'Test Cases/Mobile/Page/Run App/Run App byID' successfully

2021-12-22 14:49:34 - [TEST_STEP][PASSED] - callTestCase(findTestCase("Mobile/Page/Analysis/Analysis"), ["action":"researchdetail"], CONTINUE_ON_FAILURE): Call Test Case 'Test Cases/Mobile/Page/Analysis/Analysis' successfully

2021-12-22 14:49:34 - [TEST_CASE][PASSED] - Test Cases/Mobile/Page/Analysis/Analysis: Test Cases/Mobile/Page/Analysis/Analysis

2021-12-22 14:49:34 - [TEST_STEP][PASSED] - callTestCase(findTestCase("Mobile/Page/CheckLogin"), [:], CONTINUE_ON_FAILURE): Call Test Case 'Test Cases/Mobile/Page/CheckLogin' successfully

2021-12-22 14:49:34 - [TEST_CASE][PASSED] - Test Cases/Mobile/Page/CheckLogin: Test Cases/Mobile/Page/CheckLogin

2021-12-22 14:49:34 - [TEST_STEP][PASSED] - loginCheck = verifyElementExist(findTestObject("Mobile/Page/Login/Button - Login"), 5, CONTINUE_ON_FAILURE): Element 'Object Repository/Mobile/Page/Login/Button - Login' is exist

2021-12-22 14:49:36 - [MESSAGE][PASSED] - Element 'Object Repository/Mobile/Page/Login/Button - Login' is exist

2021-12-22 14:49:36 - [TEST_STEP][PASSED] - if (loginCheck): Call Test Case 'Test Cases/Mobile/Page/Login/Login' successfully

2021-12-22 14:49:36 - [TEST_STEP][PASSED] - callTestCase(findTestCase("Mobile/Page/Login/Login"), [:], CONTINUE_ON_FAILURE): Call Test Case 'Test Cases/Mobile/Page/Login/Login' successfully

2021-12-22 14:49:36 - [TEST_CASE][PASSED] - Test Cases/Mobile/Page/Login/Login: Test Cases/Mobile/Page/Login/Login

2021-12-22 14:49:36 - [TEST_STEP][PASSED] - delay(2): Delayed 2 second(s)

2021-12-22 14:49:38 - [MESSAGE][PASSED] - Delayed 2 second(s)

2021-12-22 14:49:38 - [TEST_STEP][PASSED] - tap(findTestObject("Mobile/Page/Login/Input - UserID"), 0): Tapped on element 'Object Repository/Mobile/Page/Login/Input - UserID'

2021-12-22 14:49:38 - [MESSAGE][WARNING] - Timeout '0' is invalid. Using default page load timeout: '60'

2021-12-22 14:49:39 - [MESSAGE][PASSED] - Tapped on element 'Object Repository/Mobile/Page/Login/Input - UserID'

2021-12-22 14:49:39 - [TEST_STEP][PASSED] - delay(1): Delayed 1 second(s)

2021-12-22 14:49:40 - [MESSAGE][PASSED] - Delayed 1 second(s)

2021-12-22 14:49:40 - [TEST_STEP][PASSED] - setText(findTestObject("Mobile/Page/Login/Input Rdy - UserID"), "anggaaditya", 0): Text 'anggaaditya' has been set to element 'Object Repository/Mobile/Page/Login/Input Rdy - UserID'

2021-12-22 14:49:40 - [MESSAGE][WARNING] - Timeout '0' is invalid. Using default page load timeout: '60'

2021-12-22 14:49:41 - [MESSAGE][PASSED] - Text 'anggaaditya' has been set to element 'Object Repository/Mobile/Page/Login/Input Rdy - UserID'

2021-12-22 14:49:41 - [TEST_STEP][PASSED] - delay(1): Delayed 1 second(s)

2021-12-22 14:49:42 - [MESSAGE][PASSED] - Delayed 1 second(s)

2021-12-22 14:49:42 - [TEST_STEP][PASSED] - hideKeyboard(): Keyboard is hidden

2021-12-22 14:49:46 - [MESSAGE][PASSED] - Keyboard is hidden

2021-12-22 14:49:46 - [TEST_STEP][PASSED] - tap(findTestObject("Mobile/Page/Login/Input - Password"), 0): Tapped on element 'Object Repository/Mobile/Page/Login/Input - Password'

2021-12-22 14:49:46 - [MESSAGE][WARNING] - Timeout '0' is invalid. Using default page load timeout: '60'

2021-12-22 14:49:47 - [MESSAGE][PASSED] - Tapped on element 'Object Repository/Mobile/Page/Login/Input - Password'

2021-12-22 14:49:47 - [TEST_STEP][PASSED] - delay(1): Delayed 1 second(s)

2021-12-22 14:49:48 - [MESSAGE][PASSED] - Delayed 1 second(s)

2021-12-22 14:49:48 - [TEST_STEP][PASSED] - setText(findTestObject("Mobile/Page/Login/Input Rdy - Password"), "Shalawa18", 0): Text 'Shalawa18' has been set to element 'Object Repository/Mobile/Page/Login/Input Rdy - Password'

2021-12-22 14:49:48 - [MESSAGE][WARNING] - Timeout '0' is invalid. Using default page load timeout: '60'

2021-12-22 14:49:48 - [MESSAGE][PASSED] - Text 'Shalawa18' has been set to element 'Object Repository/Mobile/Page/Login/Input Rdy - Password'

2021-12-22 14:49:48 - [TEST_STEP][PASSED] - delay(1): Delayed 1 second(s)

2021-12-22 14:49:49 - [MESSAGE][PASSED] - Delayed 1 second(s)

2021-12-22 14:49:49 - [TEST_STEP][PASSED] - hideKeyboard(): Keyboard is hidden

2021-12-22 14:49:56 - [MESSAGE][PASSED] - Keyboard is hidden

2021-12-22 14:49:56 - [TEST_STEP][PASSED] - tap(findTestObject("Mobile/Page/Login/Button - Login"), 0): Tapped on element 'Object Repository/Mobile/Page/Login/Button - Login'

2021-12-22 14:49:56 - [MESSAGE][WARNING] - Timeout '0' is invalid. Using default page load timeout: '60'

2021-12-22 14:49:57 - [MESSAGE][PASSED] - Tapped on element 'Object Repository/Mobile/Page/Login/Button - Login'

2021-12-22 14:49:57 - [TEST_STEP][PASSED] - delay(2): Delayed 2 second(s)

2021-12-22 14:49:59 - [MESSAGE][PASSED] - Delayed 2 second(s)

2021-12-22 14:49:59 - [MESSAGE][PASSED] - Call Test Case 'Test Cases/Mobile/Page/Login/Login' successfully

2021-12-22 14:49:59 - [MESSAGE][PASSED] - Call Test Case 'Test Cases/Mobile/Page/CheckLogin' successfully

2021-12-22 14:49:59 - [TEST_STEP][PASSED] - tap(findTestObject("Mobile/Page/Home/Menubar - Analysis2"), 0): Tapped on element 'Object Repository/Mobile/Page/Home/Menubar - Analysis2'

2021-12-22 14:49:59 - [MESSAGE][WARNING] - Timeout '0' is invalid. Using default page load timeout: '60'

2021-12-22 14:50:00 - [MESSAGE][PASSED] - Tapped on element 'Object Repository/Mobile/Page/Home/Menubar - Analysis2'

2021-12-22 14:50:00 - [TEST_STEP][PASSED] - delay(1): Delayed 1 second(s)

2021-12-22 14:50:01 - [MESSAGE][PASSED] - Delayed 1 second(s)

2021-12-22 14:50:01 - [TEST_STEP][PASSED] - for ([i = 0, i < 1, (i++)]): Press back button successfully

2021-12-22 14:50:01 - [TEST_STEP][PASSED] - if (action == "technicalsearch"): null

2021-12-22 14:50:01 - [TEST_STEP][PASSED] - else if (action == "technicaldetail"): null

2021-12-22 14:50:01 - [TEST_STEP][PASSED] - else if (action == "researchdetail"): Press back button successfully

2021-12-22 14:50:01 - [TEST_STEP][PASSED] - tap(findTestObject("Mobile/Page/Analysis/Tab - Research Report"), 0): Tapped on element 'Object Repository/Mobile/Page/Analysis/Tab - Research Report'

2021-12-22 14:50:01 - [MESSAGE][WARNING] - Timeout '0' is invalid. Using default page load timeout: '60'

2021-12-22 14:50:02 - [MESSAGE][PASSED] - Tapped on element 'Object Repository/Mobile/Page/Analysis/Tab - Research Report'

2021-12-22 14:50:02 - [TEST_STEP][PASSED] - delay(1): Delayed 1 second(s)

2021-12-22 14:50:03 - [MESSAGE][PASSED] - Delayed 1 second(s)

2021-12-22 14:50:03 - [TEST_STEP][PASSED] - tapAndHold(findTestObject("Mobile/Page/Analysis/Item - Top Search"), 1, 0): Tapped and held on element 'Object Repository/Mobile/Page/Analysis/Item - Top Search' with duration 1

2021-12-22 14:50:04 - [MESSAGE][WARNING] - Timeout '0' is invalid. Using default page load timeout: '60'

2021-12-22 14:50:06 - [MESSAGE][PASSED] - Tapped and held on element 'Object Repository/Mobile/Page/Analysis/Item - Top Search' with duration 1

2021-12-22 14:50:06 - [TEST_STEP][PASSED] - delay(3): Delayed 3 second(s)

2021-12-22 14:50:09 - [MESSAGE][PASSED] - Delayed 3 second(s)

2021-12-22 14:50:09 - [TEST_STEP][PASSED] - pressBack(): Press back button successfully

2021-12-22 14:50:10 - [MESSAGE][PASSED] - Press back button successfully

2021-12-22 14:50:10 - [MESSAGE][PASSED] - Call Test Case 'Test Cases/Mobile/Page/Analysis/Analysis' successfully

2021-12-22 14:50:10 - [TEST_STEP][PASSED] - callTestCase(findTestCase("Mobile/Page/Run App/Terminate App"), [:], STOP_ON_FAILURE): Call Test Case 'Test Cases/Mobile/Page/Run App/Terminate App' successfully

2021-12-22 14:50:10 - [TEST_CASE][PASSED] - Test Cases/Mobile/Page/Run App/Terminate App: Test Cases/Mobile/Page/Run App/Terminate App

2021-12-22 14:50:10 - [TEST_STEP][PASSED] - startApp.OpenApp.terminateApplication(): startApp.OpenApp.terminateApplication is PASSED

2021-12-22 14:50:14 - [MESSAGE][PASSED] - Delayed 3 second(s)

2021-12-22 14:50:14 - [MESSAGE][PASSED] - Current device physical width is 720

2021-12-22 14:50:14 - [MESSAGE][PASSED] - Current device physical height is 1423

2021-12-22 14:50:15 - [MESSAGE][PASSED] - Swiped from 360,853 to 360,142

2021-12-22 14:50:16 - [MESSAGE][PASSED] - Delayed 1 second(s)

2021-12-22 14:50:18 - [MESSAGE][PASSED] - Swiped from 360,853 to 360,142

2021-12-22 14:50:21 - [MESSAGE][PASSED] - Delayed 3 second(s)

2021-12-22 14:50:21 - [MESSAGE][PASSED] - startApp.OpenApp.terminateApplication is PASSED

2021-12-22 14:50:21 - [MESSAGE][PASSED] - Call Test Case 'Test Cases/Mobile/Page/Run App/Terminate App' successfully]]></system-out>
         <system-err><![CDATA[]]></system-err>
      </testcase>
      <testcase name="Test Cases/Mobile/Scenario/Analysis/004 - User mencari research report" time="60.014" classname="Test Cases/Mobile/Scenario/Analysis/004 - User mencari research report" status="PASSED">
         <system-out><![CDATA[2021-12-22 14:50:21 - [TEST_CASE][PASSED] - Test Cases/Mobile/Scenario/Analysis/004 - User mencari research report: Test Cases/Mobile/Scenario/Analysis/004 - User mencari research report

2021-12-22 14:50:21 - [TEST_STEP][PASSED] - callTestCase(findTestCase("Mobile/Page/Run App/Run App byID"), [:], STOP_ON_FAILURE): Call Test Case 'Test Cases/Mobile/Page/Run App/Run App byID' successfully

2021-12-22 14:50:21 - [TEST_CASE][PASSED] - Test Cases/Mobile/Page/Run App/Run App byID: Test Cases/Mobile/Page/Run App/Run App byID

2021-12-22 14:50:21 - [TEST_STEP][PASSED] - startApp.OpenApp.startApplication("id.co.miraeasset.sageclub"): startApp.OpenApp.startApplication is PASSED

2021-12-22 14:50:32 - [MESSAGE][PASSED] - Starting app with application ID: 'id.co.miraeasset.sageclub'

2021-12-22 14:50:32 - [MESSAGE][PASSED] - startApp.OpenApp.startApplication is PASSED

2021-12-22 14:50:32 - [MESSAGE][PASSED] - Call Test Case 'Test Cases/Mobile/Page/Run App/Run App byID' successfully

2021-12-22 14:50:32 - [TEST_STEP][PASSED] - callTestCase(findTestCase("Mobile/Page/Analysis/Analysis"), ["action":"researchsearch"], CONTINUE_ON_FAILURE): Call Test Case 'Test Cases/Mobile/Page/Analysis/Analysis' successfully

2021-12-22 14:50:33 - [TEST_CASE][PASSED] - Test Cases/Mobile/Page/Analysis/Analysis: Test Cases/Mobile/Page/Analysis/Analysis

2021-12-22 14:50:33 - [TEST_STEP][PASSED] - callTestCase(findTestCase("Mobile/Page/CheckLogin"), [:], CONTINUE_ON_FAILURE): Call Test Case 'Test Cases/Mobile/Page/CheckLogin' successfully

2021-12-22 14:50:33 - [TEST_CASE][PASSED] - Test Cases/Mobile/Page/CheckLogin: Test Cases/Mobile/Page/CheckLogin

2021-12-22 14:50:33 - [TEST_STEP][PASSED] - loginCheck = verifyElementExist(findTestObject("Mobile/Page/Login/Button - Login"), 5, CONTINUE_ON_FAILURE): Element 'Object Repository/Mobile/Page/Login/Button - Login' is exist

2021-12-22 14:50:35 - [MESSAGE][PASSED] - Element 'Object Repository/Mobile/Page/Login/Button - Login' is exist

2021-12-22 14:50:35 - [TEST_STEP][PASSED] - if (loginCheck): Call Test Case 'Test Cases/Mobile/Page/Login/Login' successfully

2021-12-22 14:50:35 - [TEST_STEP][PASSED] - callTestCase(findTestCase("Mobile/Page/Login/Login"), [:], CONTINUE_ON_FAILURE): Call Test Case 'Test Cases/Mobile/Page/Login/Login' successfully

2021-12-22 14:50:35 - [TEST_CASE][PASSED] - Test Cases/Mobile/Page/Login/Login: Test Cases/Mobile/Page/Login/Login

2021-12-22 14:50:35 - [TEST_STEP][PASSED] - delay(2): Delayed 2 second(s)

2021-12-22 14:50:37 - [MESSAGE][PASSED] - Delayed 2 second(s)

2021-12-22 14:50:37 - [TEST_STEP][PASSED] - tap(findTestObject("Mobile/Page/Login/Input - UserID"), 0): Tapped on element 'Object Repository/Mobile/Page/Login/Input - UserID'

2021-12-22 14:50:37 - [MESSAGE][WARNING] - Timeout '0' is invalid. Using default page load timeout: '60'

2021-12-22 14:50:37 - [MESSAGE][PASSED] - Tapped on element 'Object Repository/Mobile/Page/Login/Input - UserID'

2021-12-22 14:50:37 - [TEST_STEP][PASSED] - delay(1): Delayed 1 second(s)

2021-12-22 14:50:38 - [MESSAGE][PASSED] - Delayed 1 second(s)

2021-12-22 14:50:38 - [TEST_STEP][PASSED] - setText(findTestObject("Mobile/Page/Login/Input Rdy - UserID"), "anggaaditya", 0): Text 'anggaaditya' has been set to element 'Object Repository/Mobile/Page/Login/Input Rdy - UserID'

2021-12-22 14:50:38 - [MESSAGE][WARNING] - Timeout '0' is invalid. Using default page load timeout: '60'

2021-12-22 14:50:39 - [MESSAGE][PASSED] - Text 'anggaaditya' has been set to element 'Object Repository/Mobile/Page/Login/Input Rdy - UserID'

2021-12-22 14:50:39 - [TEST_STEP][PASSED] - delay(1): Delayed 1 second(s)

2021-12-22 14:50:40 - [MESSAGE][PASSED] - Delayed 1 second(s)

2021-12-22 14:50:40 - [TEST_STEP][PASSED] - hideKeyboard(): Keyboard is hidden

2021-12-22 14:50:43 - [MESSAGE][PASSED] - Keyboard is hidden

2021-12-22 14:50:44 - [TEST_STEP][PASSED] - tap(findTestObject("Mobile/Page/Login/Input - Password"), 0): Tapped on element 'Object Repository/Mobile/Page/Login/Input - Password'

2021-12-22 14:50:44 - [MESSAGE][WARNING] - Timeout '0' is invalid. Using default page load timeout: '60'

2021-12-22 14:50:44 - [MESSAGE][PASSED] - Tapped on element 'Object Repository/Mobile/Page/Login/Input - Password'

2021-12-22 14:50:44 - [TEST_STEP][PASSED] - delay(1): Delayed 1 second(s)

2021-12-22 14:50:45 - [MESSAGE][PASSED] - Delayed 1 second(s)

2021-12-22 14:50:45 - [TEST_STEP][PASSED] - setText(findTestObject("Mobile/Page/Login/Input Rdy - Password"), "Shalawa18", 0): Text 'Shalawa18' has been set to element 'Object Repository/Mobile/Page/Login/Input Rdy - Password'

2021-12-22 14:50:45 - [MESSAGE][WARNING] - Timeout '0' is invalid. Using default page load timeout: '60'

2021-12-22 14:50:46 - [MESSAGE][PASSED] - Text 'Shalawa18' has been set to element 'Object Repository/Mobile/Page/Login/Input Rdy - Password'

2021-12-22 14:50:46 - [TEST_STEP][PASSED] - delay(1): Delayed 1 second(s)

2021-12-22 14:50:47 - [MESSAGE][PASSED] - Delayed 1 second(s)

2021-12-22 14:50:47 - [TEST_STEP][PASSED] - hideKeyboard(): Keyboard is hidden

2021-12-22 14:50:53 - [MESSAGE][PASSED] - Keyboard is hidden

2021-12-22 14:50:53 - [TEST_STEP][PASSED] - tap(findTestObject("Mobile/Page/Login/Button - Login"), 0): Tapped on element 'Object Repository/Mobile/Page/Login/Button - Login'

2021-12-22 14:50:53 - [MESSAGE][WARNING] - Timeout '0' is invalid. Using default page load timeout: '60'

2021-12-22 14:50:54 - [MESSAGE][PASSED] - Tapped on element 'Object Repository/Mobile/Page/Login/Button - Login'

2021-12-22 14:50:54 - [TEST_STEP][PASSED] - delay(2): Delayed 2 second(s)

2021-12-22 14:50:56 - [MESSAGE][PASSED] - Delayed 2 second(s)

2021-12-22 14:50:56 - [MESSAGE][PASSED] - Call Test Case 'Test Cases/Mobile/Page/Login/Login' successfully

2021-12-22 14:50:56 - [MESSAGE][PASSED] - Call Test Case 'Test Cases/Mobile/Page/CheckLogin' successfully

2021-12-22 14:50:56 - [TEST_STEP][PASSED] - tap(findTestObject("Mobile/Page/Home/Menubar - Analysis2"), 0): Tapped on element 'Object Repository/Mobile/Page/Home/Menubar - Analysis2'

2021-12-22 14:50:56 - [MESSAGE][WARNING] - Timeout '0' is invalid. Using default page load timeout: '60'

2021-12-22 14:50:57 - [MESSAGE][PASSED] - Tapped on element 'Object Repository/Mobile/Page/Home/Menubar - Analysis2'

2021-12-22 14:50:57 - [TEST_STEP][PASSED] - delay(1): Delayed 1 second(s)

2021-12-22 14:50:58 - [MESSAGE][PASSED] - Delayed 1 second(s)

2021-12-22 14:50:58 - [TEST_STEP][PASSED] - for ([i = 0, i < 1, (i++)]): Press back button successfully

2021-12-22 14:50:58 - [TEST_STEP][PASSED] - if (action == "technicalsearch"): null

2021-12-22 14:50:58 - [TEST_STEP][PASSED] - else if (action == "technicaldetail"): null

2021-12-22 14:50:58 - [TEST_STEP][PASSED] - else if (action == "researchdetail"): null

2021-12-22 14:50:58 - [TEST_STEP][PASSED] - else if (action == "researchsearch"): Press back button successfully

2021-12-22 14:50:58 - [TEST_STEP][PASSED] - tap(findTestObject("Mobile/Page/Analysis/Tab - Research Report"), 0): Tapped on element 'Object Repository/Mobile/Page/Analysis/Tab - Research Report'

2021-12-22 14:50:58 - [MESSAGE][WARNING] - Timeout '0' is invalid. Using default page load timeout: '60'

2021-12-22 14:50:59 - [MESSAGE][PASSED] - Tapped on element 'Object Repository/Mobile/Page/Analysis/Tab - Research Report'

2021-12-22 14:50:59 - [TEST_STEP][PASSED] - delay(1): Delayed 1 second(s)

2021-12-22 14:51:00 - [MESSAGE][PASSED] - Delayed 1 second(s)

2021-12-22 14:51:00 - [TEST_STEP][PASSED] - tap(findTestObject("Mobile/Page/Analysis/Input - Search"), 0): Tapped on element 'Object Repository/Mobile/Page/Analysis/Input - Search'

2021-12-22 14:51:00 - [MESSAGE][WARNING] - Timeout '0' is invalid. Using default page load timeout: '60'

2021-12-22 14:51:00 - [MESSAGE][PASSED] - Tapped on element 'Object Repository/Mobile/Page/Analysis/Input - Search'

2021-12-22 14:51:00 - [TEST_STEP][PASSED] - delay(1): Delayed 1 second(s)

2021-12-22 14:51:01 - [MESSAGE][PASSED] - Delayed 1 second(s)

2021-12-22 14:51:01 - [TEST_STEP][PASSED] - setText(findTestObject("Mobile/Page/Analysis/Input - Search"), "surya", 0): Text 'surya' has been set to element 'Object Repository/Mobile/Page/Analysis/Input - Search'

2021-12-22 14:51:01 - [MESSAGE][WARNING] - Timeout '0' is invalid. Using default page load timeout: '60'

2021-12-22 14:51:02 - [MESSAGE][PASSED] - Text 'surya' has been set to element 'Object Repository/Mobile/Page/Analysis/Input - Search'

2021-12-22 14:51:02 - [TEST_STEP][PASSED] - hideKeyboard(): Keyboard is hidden

2021-12-22 14:51:03 - [MESSAGE][PASSED] - Keyboard is hidden

2021-12-22 14:51:03 - [TEST_STEP][PASSED] - tapAndHold(findTestObject("Mobile/Page/Analysis/Item - Top Search"), 1, 0): Tapped and held on element 'Object Repository/Mobile/Page/Analysis/Item - Top Search' with duration 1

2021-12-22 14:51:03 - [MESSAGE][WARNING] - Timeout '0' is invalid. Using default page load timeout: '60'

2021-12-22 14:51:06 - [MESSAGE][PASSED] - Tapped and held on element 'Object Repository/Mobile/Page/Analysis/Item - Top Search' with duration 1

2021-12-22 14:51:06 - [TEST_STEP][PASSED] - delay(3): Delayed 3 second(s)

2021-12-22 14:51:09 - [MESSAGE][PASSED] - Delayed 3 second(s)

2021-12-22 14:51:09 - [TEST_STEP][PASSED] - pressBack(): Press back button successfully

2021-12-22 14:51:10 - [MESSAGE][PASSED] - Press back button successfully

2021-12-22 14:51:10 - [MESSAGE][PASSED] - Call Test Case 'Test Cases/Mobile/Page/Analysis/Analysis' successfully

2021-12-22 14:51:10 - [TEST_STEP][PASSED] - callTestCase(findTestCase("Mobile/Page/Run App/Terminate App"), [:], STOP_ON_FAILURE): Call Test Case 'Test Cases/Mobile/Page/Run App/Terminate App' successfully

2021-12-22 14:51:10 - [TEST_CASE][PASSED] - Test Cases/Mobile/Page/Run App/Terminate App: Test Cases/Mobile/Page/Run App/Terminate App

2021-12-22 14:51:10 - [TEST_STEP][PASSED] - startApp.OpenApp.terminateApplication(): startApp.OpenApp.terminateApplication is PASSED

2021-12-22 14:51:14 - [MESSAGE][PASSED] - Delayed 3 second(s)

2021-12-22 14:51:14 - [MESSAGE][PASSED] - Current device physical width is 720

2021-12-22 14:51:14 - [MESSAGE][PASSED] - Current device physical height is 1423

2021-12-22 14:51:15 - [MESSAGE][PASSED] - Swiped from 360,853 to 360,142

2021-12-22 14:51:16 - [MESSAGE][PASSED] - Delayed 1 second(s)

2021-12-22 14:51:18 - [MESSAGE][PASSED] - Swiped from 360,853 to 360,142

2021-12-22 14:51:21 - [MESSAGE][PASSED] - Delayed 3 second(s)

2021-12-22 14:51:21 - [MESSAGE][PASSED] - startApp.OpenApp.terminateApplication is PASSED

2021-12-22 14:51:21 - [MESSAGE][PASSED] - Call Test Case 'Test Cases/Mobile/Page/Run App/Terminate App' successfully]]></system-out>
         <system-err><![CDATA[]]></system-err>
      </testcase>
      <system-out><![CDATA[2021-12-22 14:46:48 - [TEST_SUITE][PASSED] - analysis: Test Cases/Mobile/Scenario/Analysis/004 - User mencari research report]]></system-out>
      <system-err><![CDATA[]]></system-err>
   </testsuite>
</testsuites>
