<?xml version="1.0" encoding="UTF-8"?>
<testsuites name="navigationmenu" time="447.674" tests="6" failures="0" skips="0" errors="0">
   <testsuite name="navigationmenu" tests="6" failures="0" errors="0" time="447.674" skips="0" timestamp="2021-12-29 10:20:25" hostname="Owner - aldy-tft" id="Test Suites/navigationmenu">
      <properties>
         <property name="deviceName" value="samsung SM-A205F (Android 11)"/>
         <property name="devicePlatform" value=""/>
         <property name="logFolder" value="C:\\Users\\Owner\\Documents\\kerjaan\\KatalonProject\\qa_katalon_pwm\\qa_katalon_pwm\\Reports\\20211229_100434\\navigationmenu\\20211229_100445"/>
         <property name="logFiles" value="C:\\Users\\Owner\\Documents\\kerjaan\\KatalonProject\\qa_katalon_pwm\\qa_katalon_pwm\\Reports\\20211229_100434\\navigationmenu\\20211229_100445\\appium.log, C:\\Users\\Owner\\Documents\\kerjaan\\KatalonProject\\qa_katalon_pwm\\qa_katalon_pwm\\Reports\\20211229_100434\\navigationmenu\\20211229_100445\\execution0.log"/>
         <property name="attachments" value="C:\\Users\\Owner\\Documents\\kerjaan\\KatalonProject\\qa_katalon_pwm\\qa_katalon_pwm\\Reports\\20211229_100434\\navigationmenu\\20211229_100445\\1640748152547.png, C:\\Users\\Owner\\Documents\\kerjaan\\KatalonProject\\qa_katalon_pwm\\qa_katalon_pwm\\Reports\\20211229_100434\\navigationmenu\\20211229_100445\\1640748153307.png"/>
         <property name="hostName" value="Owner - aldy-tft"/>
         <property name="os" value="Windows 10 64bit"/>
         <property name="appiumServerStatus" value="{&quot;value&quot;:{&quot;build&quot;:{&quot;version&quot;:&quot;1.22.0&quot;}},&quot;sessionId&quot;:null,&quot;status&quot;:0}"/>
         <property name="katalonVersion" value="7.9.1.208"/>
         <property name="deviceOS" value="Android"/>
         <property name="appiumVersion" value="1.22.0"/>
         <property name="deviceModel" value="SM-A205F"/>
         <property name="hostAddress" value="192.168.18.37"/>
         <property name="deviceManufacturer" value="samsung"/>
         <property name="deviceId" value="RR8M40C9AXE"/>
         <property name="deviceName" value="samsung SM-A205F (Android 11)"/>
         <property name="deviceOSVersion" value="11"/>
      </properties>
      <testcase name="Test Cases/Mobile/Scenario/NavigationMenu/001 - Download Report" time="76.538" classname="Test Cases/Mobile/Scenario/NavigationMenu/001 - Download Report" status="PASSED">
         <system-out><![CDATA[2021-12-29 10:20:26 - [TEST_CASE][PASSED] - Test Cases/Mobile/Scenario/NavigationMenu/001 - Download Report: Test Cases/Mobile/Scenario/NavigationMenu/001 - Download Report

2021-12-29 10:20:26 - [TEST_STEP][PASSED] - callTestCase(findTestCase("Mobile/Page/Run App/Run App byID"), [:], STOP_ON_FAILURE): Call Test Case 'Test Cases/Mobile/Page/Run App/Run App byID' successfully

2021-12-29 10:20:26 - [TEST_CASE][PASSED] - Test Cases/Mobile/Page/Run App/Run App byID: Test Cases/Mobile/Page/Run App/Run App byID

2021-12-29 10:20:26 - [TEST_STEP][PASSED] - startApp.OpenApp.startApplication("id.co.miraeasset.sageclub"): startApp.OpenApp.startApplication is PASSED

2021-12-29 10:20:28 - [MESSAGE][INFO] - Appium server started on port 59,840

2021-12-29 10:20:43 - [MESSAGE][PASSED] - Starting app with application ID: 'id.co.miraeasset.sageclub'

2021-12-29 10:20:43 - [MESSAGE][PASSED] - startApp.OpenApp.startApplication is PASSED

2021-12-29 10:20:43 - [MESSAGE][PASSED] - Call Test Case 'Test Cases/Mobile/Page/Run App/Run App byID' successfully

2021-12-29 10:20:43 - [TEST_STEP][PASSED] - callTestCase(findTestCase("Mobile/Page/NavigationMenu/NavigationMenu"), ["action":"downloadtaxreport"], CONTINUE_ON_FAILURE): Call Test Case 'Test Cases/Mobile/Page/NavigationMenu/NavigationMenu' successfully

2021-12-29 10:20:43 - [TEST_CASE][PASSED] - Test Cases/Mobile/Page/NavigationMenu/NavigationMenu: Test Cases/Mobile/Page/NavigationMenu/NavigationMenu

2021-12-29 10:20:43 - [TEST_STEP][PASSED] - callTestCase(findTestCase("Mobile/Page/CheckLogin"), [:], CONTINUE_ON_FAILURE): Call Test Case 'Test Cases/Mobile/Page/CheckLogin' successfully

2021-12-29 10:20:43 - [TEST_CASE][PASSED] - Test Cases/Mobile/Page/CheckLogin: Test Cases/Mobile/Page/CheckLogin

2021-12-29 10:20:44 - [TEST_STEP][PASSED] - loginCheck = verifyElementExist(LOGN_BtnLogin, 5, CONTINUE_ON_FAILURE): Element 'Object Repository/Mobile/Page/Login/Button - Login' is exist

2021-12-29 10:20:57 - [MESSAGE][PASSED] - Element 'Object Repository/Mobile/Page/Login/Button - Login' is exist

2021-12-29 10:20:57 - [TEST_STEP][PASSED] - if (loginCheck): Call Test Case 'Test Cases/Mobile/Page/Login/Login' successfully

2021-12-29 10:20:57 - [TEST_STEP][PASSED] - callTestCase(findTestCase("Mobile/Page/Login/Login"), [:], CONTINUE_ON_FAILURE): Call Test Case 'Test Cases/Mobile/Page/Login/Login' successfully

2021-12-29 10:20:57 - [TEST_CASE][PASSED] - Test Cases/Mobile/Page/Login/Login: Test Cases/Mobile/Page/Login/Login

2021-12-29 10:20:57 - [TEST_STEP][PASSED] - delay(2): Delayed 2 second(s)

2021-12-29 10:20:59 - [MESSAGE][PASSED] - Delayed 2 second(s)

2021-12-29 10:20:59 - [TEST_STEP][PASSED] - tap(LOGN_EdtUserID, 0): Tapped on element 'Object Repository/Mobile/Page/Login/Input - UserID'

2021-12-29 10:20:59 - [MESSAGE][WARNING] - Timeout '0' is invalid. Using default page load timeout: '60'

2021-12-29 10:21:00 - [MESSAGE][PASSED] - Tapped on element 'Object Repository/Mobile/Page/Login/Input - UserID'

2021-12-29 10:21:00 - [TEST_STEP][PASSED] - delay(1): Delayed 1 second(s)

2021-12-29 10:21:01 - [MESSAGE][PASSED] - Delayed 1 second(s)

2021-12-29 10:21:01 - [TEST_STEP][PASSED] - setText(LOGN_EdtRdyUserID, "anggaaditya", 0): Text 'anggaaditya' has been set to element 'Object Repository/Mobile/Page/Login/Input Rdy - UserID'

2021-12-29 10:21:01 - [MESSAGE][WARNING] - Timeout '0' is invalid. Using default page load timeout: '60'

2021-12-29 10:21:02 - [MESSAGE][PASSED] - Text 'anggaaditya' has been set to element 'Object Repository/Mobile/Page/Login/Input Rdy - UserID'

2021-12-29 10:21:02 - [TEST_STEP][PASSED] - delay(1): Delayed 1 second(s)

2021-12-29 10:21:03 - [MESSAGE][PASSED] - Delayed 1 second(s)

2021-12-29 10:21:03 - [TEST_STEP][PASSED] - hideKeyboard(): Keyboard is hidden

2021-12-29 10:21:06 - [MESSAGE][PASSED] - Keyboard is hidden

2021-12-29 10:21:06 - [TEST_STEP][PASSED] - tap(LOGN_EdtPassword, 0): Tapped on element 'Object Repository/Mobile/Page/Login/Input - Password'

2021-12-29 10:21:06 - [MESSAGE][WARNING] - Timeout '0' is invalid. Using default page load timeout: '60'

2021-12-29 10:21:07 - [MESSAGE][PASSED] - Tapped on element 'Object Repository/Mobile/Page/Login/Input - Password'

2021-12-29 10:21:07 - [TEST_STEP][PASSED] - delay(1): Delayed 1 second(s)

2021-12-29 10:21:08 - [MESSAGE][PASSED] - Delayed 1 second(s)

2021-12-29 10:21:08 - [TEST_STEP][PASSED] - setText(LOGN_EdtRdyPassword, "Shalawa18", 0): Text 'Shalawa18' has been set to element 'Object Repository/Mobile/Page/Login/Input Rdy - Password'

2021-12-29 10:21:08 - [MESSAGE][WARNING] - Timeout '0' is invalid. Using default page load timeout: '60'

2021-12-29 10:21:08 - [MESSAGE][PASSED] - Text 'Shalawa18' has been set to element 'Object Repository/Mobile/Page/Login/Input Rdy - Password'

2021-12-29 10:21:08 - [TEST_STEP][PASSED] - delay(1): Delayed 1 second(s)

2021-12-29 10:21:09 - [MESSAGE][PASSED] - Delayed 1 second(s)

2021-12-29 10:21:09 - [TEST_STEP][PASSED] - hideKeyboard(): Keyboard is hidden

2021-12-29 10:21:16 - [MESSAGE][PASSED] - Keyboard is hidden

2021-12-29 10:21:16 - [TEST_STEP][PASSED] - tap(LOGN_BtnLogin, 0): Tapped on element 'Object Repository/Mobile/Page/Login/Button - Login'

2021-12-29 10:21:16 - [MESSAGE][WARNING] - Timeout '0' is invalid. Using default page load timeout: '60'

2021-12-29 10:21:17 - [MESSAGE][PASSED] - Tapped on element 'Object Repository/Mobile/Page/Login/Button - Login'

2021-12-29 10:21:17 - [TEST_STEP][PASSED] - delay(2): Delayed 2 second(s)

2021-12-29 10:21:19 - [MESSAGE][PASSED] - Delayed 2 second(s)

2021-12-29 10:21:19 - [MESSAGE][PASSED] - Call Test Case 'Test Cases/Mobile/Page/Login/Login' successfully

2021-12-29 10:21:19 - [MESSAGE][PASSED] - Call Test Case 'Test Cases/Mobile/Page/CheckLogin' successfully

2021-12-29 10:21:19 - [TEST_STEP][PASSED] - delay(3): Delayed 3 second(s)

2021-12-29 10:21:22 - [MESSAGE][PASSED] - Delayed 3 second(s)

2021-12-29 10:21:22 - [TEST_STEP][PASSED] - scroll.scroll.scrollScreenLeftToRight(): scroll.scroll.scrollScreenLeftToRight is PASSED

2021-12-29 10:21:22 - [MESSAGE][PASSED] - Current device physical height is 1423

2021-12-29 10:21:22 - [MESSAGE][PASSED] - Current device physical width is 720

2021-12-29 10:21:22 - [MESSAGE][PASSED] - Current device physical height is 1423

2021-12-29 10:21:24 - [MESSAGE][PASSED] - Swiped from 10,711 to 710,711

2021-12-29 10:21:24 - [MESSAGE][PASSED] - scroll.scroll.scrollScreenLeftToRight is PASSED

2021-12-29 10:21:24 - [TEST_STEP][PASSED] - delay(1): Delayed 1 second(s)

2021-12-29 10:21:25 - [MESSAGE][PASSED] - Delayed 1 second(s)

2021-12-29 10:21:25 - [TEST_STEP][PASSED] - for ([i = 0, i < 1, (i++)]): Press back button successfully

2021-12-29 10:21:25 - [TEST_STEP][PASSED] - if (action == "downloadtaxreport"): Press back button successfully

2021-12-29 10:21:25 - [TEST_STEP][PASSED] - taxreport = NAVM_ContYearlyTaxReport: null

2021-12-29 10:21:25 - [TEST_STEP][PASSED] - top = getElementTopPosition(taxreport, 0): Object 'Object Repository/Mobile/Page/NavigationMenu/Container - Yearly Tax Report' has top position '309'

2021-12-29 10:21:25 - [MESSAGE][WARNING] - Timeout '0' is invalid. Using default page load timeout: '60'

2021-12-29 10:21:25 - [MESSAGE][PASSED] - Object 'Object Repository/Mobile/Page/NavigationMenu/Container - Yearly Tax Report' has top position '309'

2021-12-29 10:21:25 - [TEST_STEP][PASSED] - y = getElementHeight(taxreport, 0) * 0.8 + top: Object 'Object Repository/Mobile/Page/NavigationMenu/Container - Yearly Tax Report' has height: '119'

2021-12-29 10:21:25 - [MESSAGE][WARNING] - Timeout '0' is invalid. Using default page load timeout: '60'

2021-12-29 10:21:25 - [MESSAGE][PASSED] - Object 'Object Repository/Mobile/Page/NavigationMenu/Container - Yearly Tax Report' has height: '119'

2021-12-29 10:21:25 - [TEST_STEP][PASSED] - x = getDeviceWidth() * 0.2: Current device physical width is 720

2021-12-29 10:21:25 - [MESSAGE][PASSED] - Current device physical width is 720

2021-12-29 10:21:25 - [TEST_STEP][PASSED] - tapAtPosition(x, y): Tapped at [144, 404]

2021-12-29 10:21:26 - [MESSAGE][PASSED] - Tapped at [144, 404]

2021-12-29 10:21:26 - [TEST_STEP][PASSED] - delay(5): Delayed 5 second(s)

2021-12-29 10:21:31 - [MESSAGE][PASSED] - Delayed 5 second(s)

2021-12-29 10:21:31 - [TEST_STEP][PASSED] - pressBack(): Press back button successfully

2021-12-29 10:21:31 - [MESSAGE][PASSED] - Press back button successfully

2021-12-29 10:21:31 - [MESSAGE][PASSED] - Call Test Case 'Test Cases/Mobile/Page/NavigationMenu/NavigationMenu' successfully

2021-12-29 10:21:31 - [TEST_STEP][PASSED] - callTestCase(findTestCase("Mobile/Page/Run App/Terminate App"), [:], STOP_ON_FAILURE): Call Test Case 'Test Cases/Mobile/Page/Run App/Terminate App' successfully

2021-12-29 10:21:31 - [TEST_CASE][PASSED] - Test Cases/Mobile/Page/Run App/Terminate App: Test Cases/Mobile/Page/Run App/Terminate App

2021-12-29 10:21:31 - [TEST_STEP][PASSED] - startApp.OpenApp.terminateApplication(): startApp.OpenApp.terminateApplication is PASSED

2021-12-29 10:21:35 - [MESSAGE][PASSED] - Delayed 3 second(s)

2021-12-29 10:21:35 - [MESSAGE][PASSED] - Current device physical width is 720

2021-12-29 10:21:35 - [MESSAGE][PASSED] - Current device physical height is 1423

2021-12-29 10:21:37 - [MESSAGE][PASSED] - Swiped from 360,853 to 360,142

2021-12-29 10:21:38 - [MESSAGE][PASSED] - Delayed 1 second(s)

2021-12-29 10:21:39 - [MESSAGE][PASSED] - Swiped from 360,853 to 360,142

2021-12-29 10:21:42 - [MESSAGE][PASSED] - Delayed 3 second(s)

2021-12-29 10:21:42 - [MESSAGE][PASSED] - startApp.OpenApp.terminateApplication is PASSED

2021-12-29 10:21:42 - [MESSAGE][PASSED] - Call Test Case 'Test Cases/Mobile/Page/Run App/Terminate App' successfully]]></system-out>
         <system-err><![CDATA[]]></system-err>
      </testcase>
      <testcase name="Test Cases/Mobile/Scenario/NavigationMenu/002 - Risk Profile analysis" time="94.243" classname="Test Cases/Mobile/Scenario/NavigationMenu/002 - Risk Profile analysis" status="PASSED">
         <system-out><![CDATA[2021-12-29 10:21:42 - [TEST_CASE][PASSED] - Test Cases/Mobile/Scenario/NavigationMenu/002 - Risk Profile analysis: Test Cases/Mobile/Scenario/NavigationMenu/002 - Risk Profile analysis

2021-12-29 10:21:42 - [TEST_STEP][PASSED] - callTestCase(findTestCase("Mobile/Page/Run App/Run App byID"), [:], STOP_ON_FAILURE): Call Test Case 'Test Cases/Mobile/Page/Run App/Run App byID' successfully

2021-12-29 10:21:43 - [TEST_CASE][PASSED] - Test Cases/Mobile/Page/Run App/Run App byID: Test Cases/Mobile/Page/Run App/Run App byID

2021-12-29 10:21:43 - [TEST_STEP][PASSED] - startApp.OpenApp.startApplication("id.co.miraeasset.sageclub"): startApp.OpenApp.startApplication is PASSED

2021-12-29 10:21:54 - [MESSAGE][PASSED] - Starting app with application ID: 'id.co.miraeasset.sageclub'

2021-12-29 10:21:54 - [MESSAGE][PASSED] - startApp.OpenApp.startApplication is PASSED

2021-12-29 10:21:54 - [MESSAGE][PASSED] - Call Test Case 'Test Cases/Mobile/Page/Run App/Run App byID' successfully

2021-12-29 10:21:54 - [TEST_STEP][PASSED] - callTestCase(findTestCase("Mobile/Page/NavigationMenu/NavigationMenu"), ["action":"analyzeprofile"], CONTINUE_ON_FAILURE): Call Test Case 'Test Cases/Mobile/Page/NavigationMenu/NavigationMenu' successfully

2021-12-29 10:21:54 - [TEST_CASE][PASSED] - Test Cases/Mobile/Page/NavigationMenu/NavigationMenu: Test Cases/Mobile/Page/NavigationMenu/NavigationMenu

2021-12-29 10:21:55 - [TEST_STEP][PASSED] - callTestCase(findTestCase("Mobile/Page/CheckLogin"), [:], CONTINUE_ON_FAILURE): Call Test Case 'Test Cases/Mobile/Page/CheckLogin' successfully

2021-12-29 10:21:55 - [TEST_CASE][PASSED] - Test Cases/Mobile/Page/CheckLogin: Test Cases/Mobile/Page/CheckLogin

2021-12-29 10:21:55 - [TEST_STEP][PASSED] - loginCheck = verifyElementExist(LOGN_BtnLogin, 5, CONTINUE_ON_FAILURE): Element 'Object Repository/Mobile/Page/Login/Button - Login' is exist

2021-12-29 10:21:56 - [MESSAGE][PASSED] - Element 'Object Repository/Mobile/Page/Login/Button - Login' is exist

2021-12-29 10:21:56 - [TEST_STEP][PASSED] - if (loginCheck): Call Test Case 'Test Cases/Mobile/Page/Login/Login' successfully

2021-12-29 10:21:56 - [TEST_STEP][PASSED] - callTestCase(findTestCase("Mobile/Page/Login/Login"), [:], CONTINUE_ON_FAILURE): Call Test Case 'Test Cases/Mobile/Page/Login/Login' successfully

2021-12-29 10:21:57 - [TEST_CASE][PASSED] - Test Cases/Mobile/Page/Login/Login: Test Cases/Mobile/Page/Login/Login

2021-12-29 10:21:57 - [TEST_STEP][PASSED] - delay(2): Delayed 2 second(s)

2021-12-29 10:21:59 - [MESSAGE][PASSED] - Delayed 2 second(s)

2021-12-29 10:21:59 - [TEST_STEP][PASSED] - tap(LOGN_EdtUserID, 0): Tapped on element 'Object Repository/Mobile/Page/Login/Input - UserID'

2021-12-29 10:21:59 - [MESSAGE][WARNING] - Timeout '0' is invalid. Using default page load timeout: '60'

2021-12-29 10:21:59 - [MESSAGE][PASSED] - Tapped on element 'Object Repository/Mobile/Page/Login/Input - UserID'

2021-12-29 10:21:59 - [TEST_STEP][PASSED] - delay(1): Delayed 1 second(s)

2021-12-29 10:22:00 - [MESSAGE][PASSED] - Delayed 1 second(s)

2021-12-29 10:22:00 - [TEST_STEP][PASSED] - setText(LOGN_EdtRdyUserID, "anggaaditya", 0): Text 'anggaaditya' has been set to element 'Object Repository/Mobile/Page/Login/Input Rdy - UserID'

2021-12-29 10:22:00 - [MESSAGE][WARNING] - Timeout '0' is invalid. Using default page load timeout: '60'

2021-12-29 10:22:01 - [MESSAGE][PASSED] - Text 'anggaaditya' has been set to element 'Object Repository/Mobile/Page/Login/Input Rdy - UserID'

2021-12-29 10:22:01 - [TEST_STEP][PASSED] - delay(1): Delayed 1 second(s)

2021-12-29 10:22:02 - [MESSAGE][PASSED] - Delayed 1 second(s)

2021-12-29 10:22:02 - [TEST_STEP][PASSED] - hideKeyboard(): Keyboard is hidden

2021-12-29 10:22:06 - [MESSAGE][PASSED] - Keyboard is hidden

2021-12-29 10:22:06 - [TEST_STEP][PASSED] - tap(LOGN_EdtPassword, 0): Tapped on element 'Object Repository/Mobile/Page/Login/Input - Password'

2021-12-29 10:22:06 - [MESSAGE][WARNING] - Timeout '0' is invalid. Using default page load timeout: '60'

2021-12-29 10:22:06 - [MESSAGE][PASSED] - Tapped on element 'Object Repository/Mobile/Page/Login/Input - Password'

2021-12-29 10:22:06 - [TEST_STEP][PASSED] - delay(1): Delayed 1 second(s)

2021-12-29 10:22:07 - [MESSAGE][PASSED] - Delayed 1 second(s)

2021-12-29 10:22:07 - [TEST_STEP][PASSED] - setText(LOGN_EdtRdyPassword, "Shalawa18", 0): Text 'Shalawa18' has been set to element 'Object Repository/Mobile/Page/Login/Input Rdy - Password'

2021-12-29 10:22:07 - [MESSAGE][WARNING] - Timeout '0' is invalid. Using default page load timeout: '60'

2021-12-29 10:22:08 - [MESSAGE][PASSED] - Text 'Shalawa18' has been set to element 'Object Repository/Mobile/Page/Login/Input Rdy - Password'

2021-12-29 10:22:08 - [TEST_STEP][PASSED] - delay(1): Delayed 1 second(s)

2021-12-29 10:22:09 - [MESSAGE][PASSED] - Delayed 1 second(s)

2021-12-29 10:22:09 - [TEST_STEP][PASSED] - hideKeyboard(): Keyboard is hidden

2021-12-29 10:22:15 - [MESSAGE][PASSED] - Keyboard is hidden

2021-12-29 10:22:15 - [TEST_STEP][PASSED] - tap(LOGN_BtnLogin, 0): Tapped on element 'Object Repository/Mobile/Page/Login/Button - Login'

2021-12-29 10:22:15 - [MESSAGE][WARNING] - Timeout '0' is invalid. Using default page load timeout: '60'

2021-12-29 10:22:16 - [MESSAGE][PASSED] - Tapped on element 'Object Repository/Mobile/Page/Login/Button - Login'

2021-12-29 10:22:16 - [TEST_STEP][PASSED] - delay(2): Delayed 2 second(s)

2021-12-29 10:22:18 - [MESSAGE][PASSED] - Delayed 2 second(s)

2021-12-29 10:22:18 - [MESSAGE][PASSED] - Call Test Case 'Test Cases/Mobile/Page/Login/Login' successfully

2021-12-29 10:22:18 - [MESSAGE][PASSED] - Call Test Case 'Test Cases/Mobile/Page/CheckLogin' successfully

2021-12-29 10:22:18 - [TEST_STEP][PASSED] - delay(3): Delayed 3 second(s)

2021-12-29 10:22:21 - [MESSAGE][PASSED] - Delayed 3 second(s)

2021-12-29 10:22:21 - [TEST_STEP][PASSED] - scroll.scroll.scrollScreenLeftToRight(): scroll.scroll.scrollScreenLeftToRight is PASSED

2021-12-29 10:22:22 - [MESSAGE][PASSED] - Current device physical height is 1423

2021-12-29 10:22:22 - [MESSAGE][PASSED] - Current device physical width is 720

2021-12-29 10:22:22 - [MESSAGE][PASSED] - Current device physical height is 1423

2021-12-29 10:22:23 - [MESSAGE][PASSED] - Swiped from 10,711 to 710,711

2021-12-29 10:22:23 - [MESSAGE][PASSED] - scroll.scroll.scrollScreenLeftToRight is PASSED

2021-12-29 10:22:23 - [TEST_STEP][PASSED] - delay(1): Delayed 1 second(s)

2021-12-29 10:22:24 - [MESSAGE][PASSED] - Delayed 1 second(s)

2021-12-29 10:22:24 - [TEST_STEP][FAILED] - for ([i = 0, i < 1, (i++)]): null

2021-12-29 10:22:24 - [TEST_STEP][PASSED] - if (action == "downloadtaxreport"): null

2021-12-29 10:22:24 - [TEST_STEP][FAILED] - else if (action == "analyzeprofile"): null

2021-12-29 10:22:24 - [TEST_STEP][PASSED] - risk = NAVM_ContRiskProfile: null

2021-12-29 10:22:24 - [TEST_STEP][PASSED] - top = getElementTopPosition(risk, 0): Object 'Object Repository/Mobile/Page/NavigationMenu/Container - Risk Profile' has top position '463'

2021-12-29 10:22:24 - [MESSAGE][WARNING] - Timeout '0' is invalid. Using default page load timeout: '60'

2021-12-29 10:22:25 - [MESSAGE][PASSED] - Object 'Object Repository/Mobile/Page/NavigationMenu/Container - Risk Profile' has top position '463'

2021-12-29 10:22:25 - [TEST_STEP][PASSED] - y = getElementHeight(risk, 0) * 0.8 + top: Object 'Object Repository/Mobile/Page/NavigationMenu/Container - Risk Profile' has height: '119'

2021-12-29 10:22:25 - [MESSAGE][WARNING] - Timeout '0' is invalid. Using default page load timeout: '60'

2021-12-29 10:22:25 - [MESSAGE][PASSED] - Object 'Object Repository/Mobile/Page/NavigationMenu/Container - Risk Profile' has height: '119'

2021-12-29 10:22:25 - [TEST_STEP][PASSED] - x = getDeviceWidth() * 0.2: Current device physical width is 720

2021-12-29 10:22:25 - [MESSAGE][PASSED] - Current device physical width is 720

2021-12-29 10:22:25 - [TEST_STEP][PASSED] - tapAtPosition(x, y): Tapped at [144, 558]

2021-12-29 10:22:25 - [MESSAGE][PASSED] - Tapped at [144, 558]

2021-12-29 10:22:25 - [TEST_STEP][PASSED] - delay(1): Delayed 1 second(s)

2021-12-29 10:22:26 - [MESSAGE][PASSED] - Delayed 1 second(s)

2021-12-29 10:22:26 - [TEST_STEP][FAILED] - try: Failed to check for element 'Object Repository/Mobile/Page/NavigationMenu/Container - Risk Profile' exist (Root cause: com.kms.katalon.core.exception.StepFailedException: Element 'Object Repository/Mobile/Page/NavigationMenu/Container - Risk Profile' not found
	at com.kms.katalon.core.keyword.internal.KeywordMain.stepFailed(KeywordMain.groovy:50)
	at com.kms.katalon.core.mobile.keyword.internal.MobileKeywordMain.stepFailed(MobileKeywordMain.groovy:40)
	at com.kms.katalon.core.mobile.keyword.builtin.VerifyElementExistKeyword$_verifyElementExist_closure1.doCall(VerifyElementExistKeyword.groovy:77)
	at com.kms.katalon.core.mobile.keyword.builtin.VerifyElementExistKeyword$_verifyElementExist_closure1.call(VerifyElementExistKeyword.groovy)
	at com.kms.katalon.core.mobile.keyword.internal.MobileKeywordMain.runKeyword(MobileKeywordMain.groovy:21)
	at com.kms.katalon.core.mobile.keyword.builtin.VerifyElementExistKeyword.verifyElementExist(VerifyElementExistKeyword.groovy:80)
	at com.kms.katalon.core.mobile.keyword.builtin.VerifyElementExistKeyword.execute(VerifyElementExistKeyword.groovy:64)
	at com.kms.katalon.core.keyword.internal.KeywordExecutor.executeKeywordForPlatform(KeywordExecutor.groovy:73)
	at com.kms.katalon.core.mobile.keyword.MobileBuiltInKeywords.verifyElementExist(MobileBuiltInKeywords.groovy:1586)
	at com.kms.katalon.core.mobile.keyword.MobileBuiltInKeywords$verifyElementExist$11.call(Unknown Source)
	at NavigationMenu.run(NavigationMenu:51)
	at com.kms.katalon.core.main.ScriptEngine.run(ScriptEngine.java:194)
	at com.kms.katalon.core.main.ScriptEngine.runScriptAsRawText(ScriptEngine.java:119)
	at com.kms.katalon.core.main.TestCaseExecutor.runScript(TestCaseExecutor.java:398)
	at com.kms.katalon.core.main.TestCaseExecutor.doExecute(TestCaseExecutor.java:389)
	at com.kms.katalon.core.main.TestCaseExecutor.processExecutionPhase(TestCaseExecutor.java:368)
	at com.kms.katalon.core.main.TestCaseExecutor.accessMainPhase(TestCaseExecutor.java:360)
	at com.kms.katalon.core.main.TestCaseExecutor.execute(TestCaseExecutor.java:255)
	at com.kms.katalon.core.main.TestCaseMain.runTestCase(TestCaseMain.java:114)
	at com.kms.katalon.core.keyword.builtin.CallTestCaseKeyword$_callTestCase_closure1.doCall(CallTestCaseKeyword.groovy:59)
	at com.kms.katalon.core.keyword.builtin.CallTestCaseKeyword$_callTestCase_closure1.call(CallTestCaseKeyword.groovy)
	at com.kms.katalon.core.keyword.internal.KeywordMain.runKeyword(KeywordMain.groovy:68)
	at com.kms.katalon.core.keyword.builtin.CallTestCaseKeyword.callTestCase(CallTestCaseKeyword.groovy:81)
	at com.kms.katalon.core.keyword.builtin.CallTestCaseKeyword.execute(CallTestCaseKeyword.groovy:44)
	at com.kms.katalon.core.keyword.internal.KeywordExecutor.executeKeywordForPlatform(KeywordExecutor.groovy:73)
	at com.kms.katalon.core.keyword.BuiltinKeywords.callTestCase(BuiltinKeywords.groovy:334)
	at 002 - Risk Profile analysis.run(002 - Risk Profile analysis:22)
	at com.kms.katalon.core.main.ScriptEngine.run(ScriptEngine.java:194)
	at com.kms.katalon.core.main.ScriptEngine.runScriptAsRawText(ScriptEngine.java:119)
	at com.kms.katalon.core.main.TestCaseExecutor.runScript(TestCaseExecutor.java:398)
	at com.kms.katalon.core.main.TestCaseExecutor.doExecute(TestCaseExecutor.java:389)
	at com.kms.katalon.core.main.TestCaseExecutor.processExecutionPhase(TestCaseExecutor.java:368)
	at com.kms.katalon.core.main.TestCaseExecutor.accessMainPhase(TestCaseExecutor.java:360)
	at com.kms.katalon.core.main.TestCaseExecutor.execute(TestCaseExecutor.java:255)
	at com.kms.katalon.core.main.TestSuiteExecutor.accessTestCaseMainPhase(TestSuiteExecutor.java:203)
	at com.kms.katalon.core.main.TestSuiteExecutor.accessTestSuiteMainPhase(TestSuiteExecutor.java:152)
	at com.kms.katalon.core.main.TestSuiteExecutor.execute(TestSuiteExecutor.java:95)
	at com.kms.katalon.core.main.TestCaseMain.startTestSuite(TestCaseMain.java:157)
	at com.kms.katalon.core.main.TestCaseMain$startTestSuite$0.call(Unknown Source)
	at TempTestSuite1640747085101.run(TempTestSuite1640747085101.groovy:39)
)

2021-12-29 10:22:26 - [TEST_STEP][FAILED] - for ([j = 1, j <= 5, (j++)]): Failed to check for element 'Object Repository/Mobile/Page/NavigationMenu/Container - Risk Profile' exist (Root cause: com.kms.katalon.core.exception.StepFailedException: Element 'Object Repository/Mobile/Page/NavigationMenu/Container - Risk Profile' not found
	at com.kms.katalon.core.keyword.internal.KeywordMain.stepFailed(KeywordMain.groovy:50)
	at com.kms.katalon.core.mobile.keyword.internal.MobileKeywordMain.stepFailed(MobileKeywordMain.groovy:40)
	at com.kms.katalon.core.mobile.keyword.builtin.VerifyElementExistKeyword$_verifyElementExist_closure1.doCall(VerifyElementExistKeyword.groovy:77)
	at com.kms.katalon.core.mobile.keyword.builtin.VerifyElementExistKeyword$_verifyElementExist_closure1.call(VerifyElementExistKeyword.groovy)
	at com.kms.katalon.core.mobile.keyword.internal.MobileKeywordMain.runKeyword(MobileKeywordMain.groovy:21)
	at com.kms.katalon.core.mobile.keyword.builtin.VerifyElementExistKeyword.verifyElementExist(VerifyElementExistKeyword.groovy:80)
	at com.kms.katalon.core.mobile.keyword.builtin.VerifyElementExistKeyword.execute(VerifyElementExistKeyword.groovy:64)
	at com.kms.katalon.core.keyword.internal.KeywordExecutor.executeKeywordForPlatform(KeywordExecutor.groovy:73)
	at com.kms.katalon.core.mobile.keyword.MobileBuiltInKeywords.verifyElementExist(MobileBuiltInKeywords.groovy:1586)
	at com.kms.katalon.core.mobile.keyword.MobileBuiltInKeywords$verifyElementExist$11.call(Unknown Source)
	at NavigationMenu.run(NavigationMenu:51)
	at com.kms.katalon.core.main.ScriptEngine.run(ScriptEngine.java:194)
	at com.kms.katalon.core.main.ScriptEngine.runScriptAsRawText(ScriptEngine.java:119)
	at com.kms.katalon.core.main.TestCaseExecutor.runScript(TestCaseExecutor.java:398)
	at com.kms.katalon.core.main.TestCaseExecutor.doExecute(TestCaseExecutor.java:389)
	at com.kms.katalon.core.main.TestCaseExecutor.processExecutionPhase(TestCaseExecutor.java:368)
	at com.kms.katalon.core.main.TestCaseExecutor.accessMainPhase(TestCaseExecutor.java:360)
	at com.kms.katalon.core.main.TestCaseExecutor.execute(TestCaseExecutor.java:255)
	at com.kms.katalon.core.main.TestCaseMain.runTestCase(TestCaseMain.java:114)
	at com.kms.katalon.core.keyword.builtin.CallTestCaseKeyword$_callTestCase_closure1.doCall(CallTestCaseKeyword.groovy:59)
	at com.kms.katalon.core.keyword.builtin.CallTestCaseKeyword$_callTestCase_closure1.call(CallTestCaseKeyword.groovy)
	at com.kms.katalon.core.keyword.internal.KeywordMain.runKeyword(KeywordMain.groovy:68)
	at com.kms.katalon.core.keyword.builtin.CallTestCaseKeyword.callTestCase(CallTestCaseKeyword.groovy:81)
	at com.kms.katalon.core.keyword.builtin.CallTestCaseKeyword.execute(CallTestCaseKeyword.groovy:44)
	at com.kms.katalon.core.keyword.internal.KeywordExecutor.executeKeywordForPlatform(KeywordExecutor.groovy:73)
	at com.kms.katalon.core.keyword.BuiltinKeywords.callTestCase(BuiltinKeywords.groovy:334)
	at 002 - Risk Profile analysis.run(002 - Risk Profile analysis:22)
	at com.kms.katalon.core.main.ScriptEngine.run(ScriptEngine.java:194)
	at com.kms.katalon.core.main.ScriptEngine.runScriptAsRawText(ScriptEngine.java:119)
	at com.kms.katalon.core.main.TestCaseExecutor.runScript(TestCaseExecutor.java:398)
	at com.kms.katalon.core.main.TestCaseExecutor.doExecute(TestCaseExecutor.java:389)
	at com.kms.katalon.core.main.TestCaseExecutor.processExecutionPhase(TestCaseExecutor.java:368)
	at com.kms.katalon.core.main.TestCaseExecutor.accessMainPhase(TestCaseExecutor.java:360)
	at com.kms.katalon.core.main.TestCaseExecutor.execute(TestCaseExecutor.java:255)
	at com.kms.katalon.core.main.TestSuiteExecutor.accessTestCaseMainPhase(TestSuiteExecutor.java:203)
	at com.kms.katalon.core.main.TestSuiteExecutor.accessTestSuiteMainPhase(TestSuiteExecutor.java:152)
	at com.kms.katalon.core.main.TestSuiteExecutor.execute(TestSuiteExecutor.java:95)
	at com.kms.katalon.core.main.TestCaseMain.startTestSuite(TestCaseMain.java:157)
	at com.kms.katalon.core.main.TestCaseMain$startTestSuite$0.call(Unknown Source)
	at TempTestSuite1640747085101.run(TempTestSuite1640747085101.groovy:39)
)

2021-12-29 10:22:26 - [TEST_STEP][PASSED] - bestsuited = verifyElementExist(NAVM_ContRiskProfile, 2): Element 'Object Repository/Mobile/Page/NavigationMenu/Container - Risk Profile' is exist

2021-12-29 10:22:27 - [MESSAGE][PASSED] - Element 'Object Repository/Mobile/Page/NavigationMenu/Container - Risk Profile' is exist

2021-12-29 10:22:27 - [TEST_STEP][PASSED] - if (!(bestsuited)): null

2021-12-29 10:22:27 - [TEST_STEP][PASSED] - x = getDeviceWidth() * 0.2 * j: Current device physical width is 720

2021-12-29 10:22:27 - [MESSAGE][PASSED] - Current device physical width is 720

2021-12-29 10:22:27 - [TEST_STEP][PASSED] - tapAtPosition(x, y): Tapped at [144, 558]

2021-12-29 10:22:27 - [MESSAGE][PASSED] - Tapped at [144, 558]

2021-12-29 10:22:27 - [TEST_STEP][PASSED] - delay(1): Delayed 1 second(s)

2021-12-29 10:22:28 - [MESSAGE][PASSED] - Delayed 1 second(s)

2021-12-29 10:22:28 - [TEST_STEP][PASSED] - bestsuited = verifyElementExist(NAVM_ContRiskProfile, 2): Element 'Object Repository/Mobile/Page/NavigationMenu/Container - Risk Profile' is exist

2021-12-29 10:22:28 - [MESSAGE][PASSED] - Element 'Object Repository/Mobile/Page/NavigationMenu/Container - Risk Profile' is exist

2021-12-29 10:22:28 - [TEST_STEP][PASSED] - if (!(bestsuited)): null

2021-12-29 10:22:28 - [TEST_STEP][PASSED] - x = getDeviceWidth() * 0.2 * j: Current device physical width is 720

2021-12-29 10:22:29 - [MESSAGE][PASSED] - Current device physical width is 720

2021-12-29 10:22:29 - [TEST_STEP][PASSED] - tapAtPosition(x, y): Tapped at [288, 558]

2021-12-29 10:22:29 - [MESSAGE][PASSED] - Tapped at [288, 558]

2021-12-29 10:22:29 - [TEST_STEP][PASSED] - delay(1): Delayed 1 second(s)

2021-12-29 10:22:30 - [MESSAGE][PASSED] - Delayed 1 second(s)

2021-12-29 10:22:30 - [TEST_STEP][FAILED] - bestsuited = verifyElementExist(NAVM_ContRiskProfile, 2): Failed to check for element 'Object Repository/Mobile/Page/NavigationMenu/Container - Risk Profile' exist (Root cause: com.kms.katalon.core.exception.StepFailedException: Element 'Object Repository/Mobile/Page/NavigationMenu/Container - Risk Profile' not found
	at com.kms.katalon.core.keyword.internal.KeywordMain.stepFailed(KeywordMain.groovy:50)
	at com.kms.katalon.core.mobile.keyword.internal.MobileKeywordMain.stepFailed(MobileKeywordMain.groovy:40)
	at com.kms.katalon.core.mobile.keyword.builtin.VerifyElementExistKeyword$_verifyElementExist_closure1.doCall(VerifyElementExistKeyword.groovy:77)
	at com.kms.katalon.core.mobile.keyword.builtin.VerifyElementExistKeyword$_verifyElementExist_closure1.call(VerifyElementExistKeyword.groovy)
	at com.kms.katalon.core.mobile.keyword.internal.MobileKeywordMain.runKeyword(MobileKeywordMain.groovy:21)
	at com.kms.katalon.core.mobile.keyword.builtin.VerifyElementExistKeyword.verifyElementExist(VerifyElementExistKeyword.groovy:80)
	at com.kms.katalon.core.mobile.keyword.builtin.VerifyElementExistKeyword.execute(VerifyElementExistKeyword.groovy:64)
	at com.kms.katalon.core.keyword.internal.KeywordExecutor.executeKeywordForPlatform(KeywordExecutor.groovy:73)
	at com.kms.katalon.core.mobile.keyword.MobileBuiltInKeywords.verifyElementExist(MobileBuiltInKeywords.groovy:1586)
	at com.kms.katalon.core.mobile.keyword.MobileBuiltInKeywords$verifyElementExist$11.call(Unknown Source)
	at NavigationMenu.run(NavigationMenu:51)
	at com.kms.katalon.core.main.ScriptEngine.run(ScriptEngine.java:194)
	at com.kms.katalon.core.main.ScriptEngine.runScriptAsRawText(ScriptEngine.java:119)
	at com.kms.katalon.core.main.TestCaseExecutor.runScript(TestCaseExecutor.java:398)
	at com.kms.katalon.core.main.TestCaseExecutor.doExecute(TestCaseExecutor.java:389)
	at com.kms.katalon.core.main.TestCaseExecutor.processExecutionPhase(TestCaseExecutor.java:368)
	at com.kms.katalon.core.main.TestCaseExecutor.accessMainPhase(TestCaseExecutor.java:360)
	at com.kms.katalon.core.main.TestCaseExecutor.execute(TestCaseExecutor.java:255)
	at com.kms.katalon.core.main.TestCaseMain.runTestCase(TestCaseMain.java:114)
	at com.kms.katalon.core.keyword.builtin.CallTestCaseKeyword$_callTestCase_closure1.doCall(CallTestCaseKeyword.groovy:59)
	at com.kms.katalon.core.keyword.builtin.CallTestCaseKeyword$_callTestCase_closure1.call(CallTestCaseKeyword.groovy)
	at com.kms.katalon.core.keyword.internal.KeywordMain.runKeyword(KeywordMain.groovy:68)
	at com.kms.katalon.core.keyword.builtin.CallTestCaseKeyword.callTestCase(CallTestCaseKeyword.groovy:81)
	at com.kms.katalon.core.keyword.builtin.CallTestCaseKeyword.execute(CallTestCaseKeyword.groovy:44)
	at com.kms.katalon.core.keyword.internal.KeywordExecutor.executeKeywordForPlatform(KeywordExecutor.groovy:73)
	at com.kms.katalon.core.keyword.BuiltinKeywords.callTestCase(BuiltinKeywords.groovy:334)
	at 002 - Risk Profile analysis.run(002 - Risk Profile analysis:22)
	at com.kms.katalon.core.main.ScriptEngine.run(ScriptEngine.java:194)
	at com.kms.katalon.core.main.ScriptEngine.runScriptAsRawText(ScriptEngine.java:119)
	at com.kms.katalon.core.main.TestCaseExecutor.runScript(TestCaseExecutor.java:398)
	at com.kms.katalon.core.main.TestCaseExecutor.doExecute(TestCaseExecutor.java:389)
	at com.kms.katalon.core.main.TestCaseExecutor.processExecutionPhase(TestCaseExecutor.java:368)
	at com.kms.katalon.core.main.TestCaseExecutor.accessMainPhase(TestCaseExecutor.java:360)
	at com.kms.katalon.core.main.TestCaseExecutor.execute(TestCaseExecutor.java:255)
	at com.kms.katalon.core.main.TestSuiteExecutor.accessTestCaseMainPhase(TestSuiteExecutor.java:203)
	at com.kms.katalon.core.main.TestSuiteExecutor.accessTestSuiteMainPhase(TestSuiteExecutor.java:152)
	at com.kms.katalon.core.main.TestSuiteExecutor.execute(TestSuiteExecutor.java:95)
	at com.kms.katalon.core.main.TestCaseMain.startTestSuite(TestCaseMain.java:157)
	at com.kms.katalon.core.main.TestCaseMain$startTestSuite$0.call(Unknown Source)
	at TempTestSuite1640747085101.run(TempTestSuite1640747085101.groovy:39)
)

2021-12-29 10:22:33 - [MESSAGE][FAILED] - Element 'Object Repository/Mobile/Page/NavigationMenu/Container - Risk Profile' not found
[[ATTACHMENT|C:\\Users\\Owner\\Documents\\kerjaan\\KatalonProject\\qa_katalon_pwm\\qa_katalon_pwm\\Reports\\20211229_100434\\navigationmenu\\20211229_100445\\1640748152547.png]]

2021-12-29 10:22:34 - [MESSAGE][FAILED] - Failed to check for element 'Object Repository/Mobile/Page/NavigationMenu/Container - Risk Profile' exist (Root cause: com.kms.katalon.core.exception.StepFailedException: Element 'Object Repository/Mobile/Page/NavigationMenu/Container - Risk Profile' not found
	at com.kms.katalon.core.keyword.internal.KeywordMain.stepFailed(KeywordMain.groovy:50)
	at com.kms.katalon.core.mobile.keyword.internal.MobileKeywordMain.stepFailed(MobileKeywordMain.groovy:40)
	at com.kms.katalon.core.mobile.keyword.builtin.VerifyElementExistKeyword$_verifyElementExist_closure1.doCall(VerifyElementExistKeyword.groovy:77)
	at com.kms.katalon.core.mobile.keyword.builtin.VerifyElementExistKeyword$_verifyElementExist_closure1.call(VerifyElementExistKeyword.groovy)
	at com.kms.katalon.core.mobile.keyword.internal.MobileKeywordMain.runKeyword(MobileKeywordMain.groovy:21)
	at com.kms.katalon.core.mobile.keyword.builtin.VerifyElementExistKeyword.verifyElementExist(VerifyElementExistKeyword.groovy:80)
	at com.kms.katalon.core.mobile.keyword.builtin.VerifyElementExistKeyword.execute(VerifyElementExistKeyword.groovy:64)
	at com.kms.katalon.core.keyword.internal.KeywordExecutor.executeKeywordForPlatform(KeywordExecutor.groovy:73)
	at com.kms.katalon.core.mobile.keyword.MobileBuiltInKeywords.verifyElementExist(MobileBuiltInKeywords.groovy:1586)
	at com.kms.katalon.core.mobile.keyword.MobileBuiltInKeywords$verifyElementExist$11.call(Unknown Source)
	at NavigationMenu.run(NavigationMenu:51)
	at com.kms.katalon.core.main.ScriptEngine.run(ScriptEngine.java:194)
	at com.kms.katalon.core.main.ScriptEngine.runScriptAsRawText(ScriptEngine.java:119)
	at com.kms.katalon.core.main.TestCaseExecutor.runScript(TestCaseExecutor.java:398)
	at com.kms.katalon.core.main.TestCaseExecutor.doExecute(TestCaseExecutor.java:389)
	at com.kms.katalon.core.main.TestCaseExecutor.processExecutionPhase(TestCaseExecutor.java:368)
	at com.kms.katalon.core.main.TestCaseExecutor.accessMainPhase(TestCaseExecutor.java:360)
	at com.kms.katalon.core.main.TestCaseExecutor.execute(TestCaseExecutor.java:255)
	at com.kms.katalon.core.main.TestCaseMain.runTestCase(TestCaseMain.java:114)
	at com.kms.katalon.core.keyword.builtin.CallTestCaseKeyword$_callTestCase_closure1.doCall(CallTestCaseKeyword.groovy:59)
	at com.kms.katalon.core.keyword.builtin.CallTestCaseKeyword$_callTestCase_closure1.call(CallTestCaseKeyword.groovy)
	at com.kms.katalon.core.keyword.internal.KeywordMain.runKeyword(KeywordMain.groovy:68)
	at com.kms.katalon.core.keyword.builtin.CallTestCaseKeyword.callTestCase(CallTestCaseKeyword.groovy:81)
	at com.kms.katalon.core.keyword.builtin.CallTestCaseKeyword.execute(CallTestCaseKeyword.groovy:44)
	at com.kms.katalon.core.keyword.internal.KeywordExecutor.executeKeywordForPlatform(KeywordExecutor.groovy:73)
	at com.kms.katalon.core.keyword.BuiltinKeywords.callTestCase(BuiltinKeywords.groovy:334)
	at 002 - Risk Profile analysis.run(002 - Risk Profile analysis:22)
	at com.kms.katalon.core.main.ScriptEngine.run(ScriptEngine.java:194)
	at com.kms.katalon.core.main.ScriptEngine.runScriptAsRawText(ScriptEngine.java:119)
	at com.kms.katalon.core.main.TestCaseExecutor.runScript(TestCaseExecutor.java:398)
	at com.kms.katalon.core.main.TestCaseExecutor.doExecute(TestCaseExecutor.java:389)
	at com.kms.katalon.core.main.TestCaseExecutor.processExecutionPhase(TestCaseExecutor.java:368)
	at com.kms.katalon.core.main.TestCaseExecutor.accessMainPhase(TestCaseExecutor.java:360)
	at com.kms.katalon.core.main.TestCaseExecutor.execute(TestCaseExecutor.java:255)
	at com.kms.katalon.core.main.TestSuiteExecutor.accessTestCaseMainPhase(TestSuiteExecutor.java:203)
	at com.kms.katalon.core.main.TestSuiteExecutor.accessTestSuiteMainPhase(TestSuiteExecutor.java:152)
	at com.kms.katalon.core.main.TestSuiteExecutor.execute(TestSuiteExecutor.java:95)
	at com.kms.katalon.core.main.TestCaseMain.startTestSuite(TestCaseMain.java:157)
	at com.kms.katalon.core.main.TestCaseMain$startTestSuite$0.call(Unknown Source)
	at TempTestSuite1640747085101.run(TempTestSuite1640747085101.groovy:39)
)
[[ATTACHMENT|C:\\Users\\Owner\\Documents\\kerjaan\\KatalonProject\\qa_katalon_pwm\\qa_katalon_pwm\\Reports\\20211229_100434\\navigationmenu\\20211229_100445\\1640748153307.png]]

2021-12-29 10:22:34 - [TEST_STEP][PASSED] - catch (Exception e): null

2021-12-29 10:22:34 - [TEST_STEP][PASSED] - rand = new java.util.Random(): null

2021-12-29 10:22:34 - [TEST_STEP][PASSED] - random = rand.nextInt(2): null

2021-12-29 10:22:34 - [TEST_STEP][PASSED] - positionclick.positionclick.clickButtonInBottom(NAVM_RISK_DropHowLong): positionclick.positionclick.clickButtonInBottom is PASSED

2021-12-29 10:22:34 - [MESSAGE][PASSED] - Current device physical width is 720

2021-12-29 10:22:34 - [MESSAGE][WARNING] - Timeout '0' is invalid. Using default page load timeout: '60'

2021-12-29 10:22:34 - [MESSAGE][PASSED] - Object 'Object Repository/Mobile/Page/NavigationMenu/Risk Profile/Dropdown - How Long' has top position '151'

2021-12-29 10:22:34 - [MESSAGE][WARNING] - Timeout '0' is invalid. Using default page load timeout: '60'

2021-12-29 10:22:34 - [MESSAGE][PASSED] - Object 'Object Repository/Mobile/Page/NavigationMenu/Risk Profile/Dropdown - How Long' has height: '126'

2021-12-29 10:22:35 - [MESSAGE][PASSED] - Tapped at [360, 251]

2021-12-29 10:22:35 - [MESSAGE][PASSED] - positionclick.positionclick.clickButtonInBottom is PASSED

2021-12-29 10:22:35 - [TEST_STEP][PASSED] - delay(1): Delayed 1 second(s)

2021-12-29 10:22:36 - [MESSAGE][PASSED] - Delayed 1 second(s)

2021-12-29 10:22:36 - [TEST_STEP][PASSED] - if (random == 0): null

2021-12-29 10:22:36 - [TEST_STEP][PASSED] - else: Tapped on element 'Object Repository/Mobile/Page/NavigationMenu/Risk Profile/Option How Long - 3 to 5'

2021-12-29 10:22:36 - [TEST_STEP][PASSED] - tap(NAVM_RISK_OptHowLong3to5, 0): Tapped on element 'Object Repository/Mobile/Page/NavigationMenu/Risk Profile/Option How Long - 3 to 5'

2021-12-29 10:22:36 - [MESSAGE][WARNING] - Timeout '0' is invalid. Using default page load timeout: '60'

2021-12-29 10:22:37 - [MESSAGE][PASSED] - Tapped on element 'Object Repository/Mobile/Page/NavigationMenu/Risk Profile/Option How Long - 3 to 5'

2021-12-29 10:22:37 - [TEST_STEP][PASSED] - delay(1): Delayed 1 second(s)

2021-12-29 10:22:38 - [MESSAGE][PASSED] - Delayed 1 second(s)

2021-12-29 10:22:38 - [TEST_STEP][PASSED] - random = rand.nextInt(2): null

2021-12-29 10:22:38 - [TEST_STEP][PASSED] - positionclick.positionclick.clickButtonInBottom(NAVM_RISK_DropInvestGoal): positionclick.positionclick.clickButtonInBottom is PASSED

2021-12-29 10:22:38 - [MESSAGE][PASSED] - Current device physical width is 720

2021-12-29 10:22:38 - [MESSAGE][WARNING] - Timeout '0' is invalid. Using default page load timeout: '60'

2021-12-29 10:22:38 - [MESSAGE][PASSED] - Object 'Object Repository/Mobile/Page/NavigationMenu/Risk Profile/Dropdown - Investment Goal' has top position '303'

2021-12-29 10:22:38 - [MESSAGE][WARNING] - Timeout '0' is invalid. Using default page load timeout: '60'

2021-12-29 10:22:38 - [MESSAGE][PASSED] - Object 'Object Repository/Mobile/Page/NavigationMenu/Risk Profile/Dropdown - Investment Goal' has height: '126'

2021-12-29 10:22:39 - [MESSAGE][PASSED] - Tapped at [360, 403]

2021-12-29 10:22:39 - [MESSAGE][PASSED] - positionclick.positionclick.clickButtonInBottom is PASSED

2021-12-29 10:22:39 - [TEST_STEP][PASSED] - delay(1): Delayed 1 second(s)

2021-12-29 10:22:40 - [MESSAGE][PASSED] - Delayed 1 second(s)

2021-12-29 10:22:40 - [TEST_STEP][PASSED] - if (random == 0): null

2021-12-29 10:22:40 - [TEST_STEP][PASSED] - else: Tapped on element 'Object Repository/Mobile/Page/NavigationMenu/Risk Profile/Option Investment Goal - Profit'

2021-12-29 10:22:40 - [TEST_STEP][PASSED] - tap(NAVM_RISK_OptInvestGoalProfit, 0): Tapped on element 'Object Repository/Mobile/Page/NavigationMenu/Risk Profile/Option Investment Goal - Profit'

2021-12-29 10:22:40 - [MESSAGE][WARNING] - Timeout '0' is invalid. Using default page load timeout: '60'

2021-12-29 10:22:41 - [MESSAGE][PASSED] - Tapped on element 'Object Repository/Mobile/Page/NavigationMenu/Risk Profile/Option Investment Goal - Profit'

2021-12-29 10:22:41 - [TEST_STEP][PASSED] - delay(1): Delayed 1 second(s)

2021-12-29 10:22:42 - [MESSAGE][PASSED] - Delayed 1 second(s)

2021-12-29 10:22:42 - [TEST_STEP][PASSED] - random = rand.nextInt(2): null

2021-12-29 10:22:42 - [TEST_STEP][PASSED] - positionclick.positionclick.clickButtonInBottom(NAVM_RISK_DropGenKnowledge): positionclick.positionclick.clickButtonInBottom is PASSED

2021-12-29 10:22:43 - [MESSAGE][PASSED] - Current device physical width is 720

2021-12-29 10:22:43 - [MESSAGE][WARNING] - Timeout '0' is invalid. Using default page load timeout: '60'

2021-12-29 10:22:43 - [MESSAGE][PASSED] - Object 'Object Repository/Mobile/Page/NavigationMenu/Risk Profile/Dropdown - General Knowledge' has top position '456'

2021-12-29 10:22:43 - [MESSAGE][WARNING] - Timeout '0' is invalid. Using default page load timeout: '60'

2021-12-29 10:22:43 - [MESSAGE][PASSED] - Object 'Object Repository/Mobile/Page/NavigationMenu/Risk Profile/Dropdown - General Knowledge' has height: '126'

2021-12-29 10:22:44 - [MESSAGE][PASSED] - Tapped at [360, 556]

2021-12-29 10:22:44 - [MESSAGE][PASSED] - positionclick.positionclick.clickButtonInBottom is PASSED

2021-12-29 10:22:44 - [TEST_STEP][PASSED] - delay(1): Delayed 1 second(s)

2021-12-29 10:22:45 - [MESSAGE][PASSED] - Delayed 1 second(s)

2021-12-29 10:22:45 - [TEST_STEP][PASSED] - if (random == 0): null

2021-12-29 10:22:45 - [TEST_STEP][PASSED] - else: Tapped on element 'Object Repository/Mobile/Page/NavigationMenu/Risk Profile/Option General Knowledge - Quite Good'

2021-12-29 10:22:45 - [TEST_STEP][PASSED] - tap(NAVM_RISK_OptGenKnowledgeQuiteGood, 0): Tapped on element 'Object Repository/Mobile/Page/NavigationMenu/Risk Profile/Option General Knowledge - Quite Good'

2021-12-29 10:22:45 - [MESSAGE][WARNING] - Timeout '0' is invalid. Using default page load timeout: '60'

2021-12-29 10:22:46 - [MESSAGE][PASSED] - Tapped on element 'Object Repository/Mobile/Page/NavigationMenu/Risk Profile/Option General Knowledge - Quite Good'

2021-12-29 10:22:46 - [TEST_STEP][PASSED] - delay(1): Delayed 1 second(s)

2021-12-29 10:22:47 - [MESSAGE][PASSED] - Delayed 1 second(s)

2021-12-29 10:22:47 - [TEST_STEP][PASSED] - random = rand.nextInt(2): null

2021-12-29 10:22:47 - [TEST_STEP][PASSED] - positionclick.positionclick.clickButtonInBottom(NAVM_RISK_DropTotalAmount): positionclick.positionclick.clickButtonInBottom is PASSED

2021-12-29 10:22:48 - [MESSAGE][PASSED] - Current device physical width is 720

2021-12-29 10:22:48 - [MESSAGE][WARNING] - Timeout '0' is invalid. Using default page load timeout: '60'

2021-12-29 10:22:48 - [MESSAGE][PASSED] - Object 'Object Repository/Mobile/Page/NavigationMenu/Risk Profile/Dropdown - Total Amount' has top position '608'

2021-12-29 10:22:48 - [MESSAGE][WARNING] - Timeout '0' is invalid. Using default page load timeout: '60'

2021-12-29 10:22:48 - [MESSAGE][PASSED] - Object 'Object Repository/Mobile/Page/NavigationMenu/Risk Profile/Dropdown - Total Amount' has height: '126'

2021-12-29 10:22:49 - [MESSAGE][PASSED] - Tapped at [360, 708]

2021-12-29 10:22:49 - [MESSAGE][PASSED] - positionclick.positionclick.clickButtonInBottom is PASSED

2021-12-29 10:22:49 - [TEST_STEP][PASSED] - delay(1): Delayed 1 second(s)

2021-12-29 10:22:50 - [MESSAGE][PASSED] - Delayed 1 second(s)

2021-12-29 10:22:50 - [TEST_STEP][PASSED] - if (random == 0): Tapped on element 'Object Repository/Mobile/Page/NavigationMenu/Risk Profile/Option Total Amount - Between 10 and 20'

2021-12-29 10:22:50 - [MESSAGE][WARNING] - Timeout '0' is invalid. Using default page load timeout: '60'

2021-12-29 10:22:52 - [MESSAGE][PASSED] - Tapped on element 'Object Repository/Mobile/Page/NavigationMenu/Risk Profile/Option Total Amount - Between 10 and 20'

2021-12-29 10:22:52 - [TEST_STEP][PASSED] - delay(1): Delayed 1 second(s)

2021-12-29 10:22:53 - [MESSAGE][PASSED] - Delayed 1 second(s)

2021-12-29 10:22:53 - [TEST_STEP][PASSED] - random = rand.nextInt(2): null

2021-12-29 10:22:53 - [TEST_STEP][PASSED] - positionclick.positionclick.clickButtonInBottom(NAVM_RISK_DropRiskLevel): positionclick.positionclick.clickButtonInBottom is PASSED

2021-12-29 10:22:53 - [MESSAGE][PASSED] - Current device physical width is 720

2021-12-29 10:22:53 - [MESSAGE][WARNING] - Timeout '0' is invalid. Using default page load timeout: '60'

2021-12-29 10:22:53 - [MESSAGE][PASSED] - Object 'Object Repository/Mobile/Page/NavigationMenu/Risk Profile/Dropdown - Risk Level' has top position '760'

2021-12-29 10:22:53 - [MESSAGE][WARNING] - Timeout '0' is invalid. Using default page load timeout: '60'

2021-12-29 10:22:53 - [MESSAGE][PASSED] - Object 'Object Repository/Mobile/Page/NavigationMenu/Risk Profile/Dropdown - Risk Level' has height: '126'

2021-12-29 10:22:54 - [MESSAGE][PASSED] - Tapped at [360, 860]

2021-12-29 10:22:54 - [MESSAGE][PASSED] - positionclick.positionclick.clickButtonInBottom is PASSED

2021-12-29 10:22:54 - [TEST_STEP][PASSED] - delay(1): Delayed 1 second(s)

2021-12-29 10:22:55 - [MESSAGE][PASSED] - Delayed 1 second(s)

2021-12-29 10:22:55 - [TEST_STEP][PASSED] - if (random == 0): Tapped on element 'Object Repository/Mobile/Page/NavigationMenu/Risk Profile/Option Risk Level - Low'

2021-12-29 10:22:55 - [MESSAGE][WARNING] - Timeout '0' is invalid. Using default page load timeout: '60'

2021-12-29 10:22:57 - [MESSAGE][PASSED] - Tapped on element 'Object Repository/Mobile/Page/NavigationMenu/Risk Profile/Option Risk Level - Low'

2021-12-29 10:22:57 - [TEST_STEP][PASSED] - delay(1): Delayed 1 second(s)

2021-12-29 10:22:58 - [MESSAGE][PASSED] - Delayed 1 second(s)

2021-12-29 10:22:58 - [TEST_STEP][PASSED] - random = rand.nextInt(2): null

2021-12-29 10:22:58 - [TEST_STEP][PASSED] - positionclick.positionclick.clickButtonInBottom(NAVM_RISK_DropBestSuited): positionclick.positionclick.clickButtonInBottom is PASSED

2021-12-29 10:22:58 - [MESSAGE][PASSED] - Current device physical width is 720

2021-12-29 10:22:58 - [MESSAGE][WARNING] - Timeout '0' is invalid. Using default page load timeout: '60'

2021-12-29 10:22:58 - [MESSAGE][PASSED] - Object 'Object Repository/Mobile/Page/NavigationMenu/Risk Profile/Dropdown - Best Suited' has top position '912'

2021-12-29 10:22:58 - [MESSAGE][WARNING] - Timeout '0' is invalid. Using default page load timeout: '60'

2021-12-29 10:22:58 - [MESSAGE][PASSED] - Object 'Object Repository/Mobile/Page/NavigationMenu/Risk Profile/Dropdown - Best Suited' has height: '154'

2021-12-29 10:22:59 - [MESSAGE][PASSED] - Tapped at [360, 1,035]

2021-12-29 10:22:59 - [MESSAGE][PASSED] - positionclick.positionclick.clickButtonInBottom is PASSED

2021-12-29 10:22:59 - [TEST_STEP][PASSED] - delay(1): Delayed 1 second(s)

2021-12-29 10:23:00 - [MESSAGE][PASSED] - Delayed 1 second(s)

2021-12-29 10:23:00 - [TEST_STEP][PASSED] - if (random == 0): null

2021-12-29 10:23:00 - [TEST_STEP][PASSED] - else: Tapped on element 'Object Repository/Mobile/Page/NavigationMenu/Risk Profile/Option Best Suited - Security Deposit'

2021-12-29 10:23:00 - [TEST_STEP][PASSED] - tap(NAVM_RISK_OptBestSuitedSecDeposit, 0): Tapped on element 'Object Repository/Mobile/Page/NavigationMenu/Risk Profile/Option Best Suited - Security Deposit'

2021-12-29 10:23:00 - [MESSAGE][WARNING] - Timeout '0' is invalid. Using default page load timeout: '60'

2021-12-29 10:23:01 - [MESSAGE][PASSED] - Tapped on element 'Object Repository/Mobile/Page/NavigationMenu/Risk Profile/Option Best Suited - Security Deposit'

2021-12-29 10:23:01 - [TEST_STEP][PASSED] - delay(1): Delayed 1 second(s)

2021-12-29 10:23:02 - [MESSAGE][PASSED] - Delayed 1 second(s)

2021-12-29 10:23:02 - [TEST_STEP][PASSED] - tap(NAVM_RISK_BtnCalculate, 0): Tapped on element 'Object Repository/Mobile/Page/NavigationMenu/Risk Profile/Button - Calculate Risk Profile'

2021-12-29 10:23:02 - [MESSAGE][WARNING] - Timeout '0' is invalid. Using default page load timeout: '60'

2021-12-29 10:23:04 - [MESSAGE][PASSED] - Tapped on element 'Object Repository/Mobile/Page/NavigationMenu/Risk Profile/Button - Calculate Risk Profile'

2021-12-29 10:23:04 - [TEST_STEP][PASSED] - delay(1): Delayed 1 second(s)

2021-12-29 10:23:05 - [MESSAGE][PASSED] - Delayed 1 second(s)

2021-12-29 10:23:05 - [TEST_STEP][PASSED] - pressBack(): Press back button successfully

2021-12-29 10:23:05 - [MESSAGE][PASSED] - Press back button successfully

2021-12-29 10:23:05 - [MESSAGE][PASSED] - Call Test Case 'Test Cases/Mobile/Page/NavigationMenu/NavigationMenu' successfully

2021-12-29 10:23:05 - [TEST_STEP][PASSED] - callTestCase(findTestCase("Mobile/Page/Run App/Terminate App"), [:], STOP_ON_FAILURE): Call Test Case 'Test Cases/Mobile/Page/Run App/Terminate App' successfully

2021-12-29 10:23:06 - [TEST_CASE][PASSED] - Test Cases/Mobile/Page/Run App/Terminate App: Test Cases/Mobile/Page/Run App/Terminate App

2021-12-29 10:23:06 - [TEST_STEP][PASSED] - startApp.OpenApp.terminateApplication(): startApp.OpenApp.terminateApplication is PASSED

2021-12-29 10:23:09 - [MESSAGE][PASSED] - Delayed 3 second(s)

2021-12-29 10:23:10 - [MESSAGE][PASSED] - Current device physical width is 720

2021-12-29 10:23:10 - [MESSAGE][PASSED] - Current device physical height is 1423

2021-12-29 10:23:11 - [MESSAGE][PASSED] - Swiped from 360,853 to 360,142

2021-12-29 10:23:12 - [MESSAGE][PASSED] - Delayed 1 second(s)

2021-12-29 10:23:13 - [MESSAGE][PASSED] - Swiped from 360,853 to 360,142

2021-12-29 10:23:16 - [MESSAGE][PASSED] - Delayed 3 second(s)

2021-12-29 10:23:16 - [MESSAGE][PASSED] - startApp.OpenApp.terminateApplication is PASSED

2021-12-29 10:23:16 - [MESSAGE][PASSED] - Call Test Case 'Test Cases/Mobile/Page/Run App/Terminate App' successfully]]></system-out>
         <system-err><![CDATA[]]></system-err>
      </testcase>
      <testcase name="Test Cases/Mobile/Scenario/NavigationMenu/003 - Whatsapp message" time="65.286" classname="Test Cases/Mobile/Scenario/NavigationMenu/003 - Whatsapp message" status="PASSED">
         <system-out><![CDATA[2021-12-29 10:23:16 - [TEST_CASE][PASSED] - Test Cases/Mobile/Scenario/NavigationMenu/003 - Whatsapp message: Test Cases/Mobile/Scenario/NavigationMenu/003 - Whatsapp message

2021-12-29 10:23:17 - [TEST_STEP][PASSED] - callTestCase(findTestCase("Mobile/Page/Run App/Run App byID"), [:], STOP_ON_FAILURE): Call Test Case 'Test Cases/Mobile/Page/Run App/Run App byID' successfully

2021-12-29 10:23:17 - [TEST_CASE][PASSED] - Test Cases/Mobile/Page/Run App/Run App byID: Test Cases/Mobile/Page/Run App/Run App byID

2021-12-29 10:23:17 - [TEST_STEP][PASSED] - startApp.OpenApp.startApplication("id.co.miraeasset.sageclub"): startApp.OpenApp.startApplication is PASSED

2021-12-29 10:23:29 - [MESSAGE][PASSED] - Starting app with application ID: 'id.co.miraeasset.sageclub'

2021-12-29 10:23:29 - [MESSAGE][PASSED] - startApp.OpenApp.startApplication is PASSED

2021-12-29 10:23:29 - [MESSAGE][PASSED] - Call Test Case 'Test Cases/Mobile/Page/Run App/Run App byID' successfully

2021-12-29 10:23:29 - [TEST_STEP][PASSED] - callTestCase(findTestCase("Mobile/Page/NavigationMenu/NavigationMenu"), ["action":"wa"], CONTINUE_ON_FAILURE): Call Test Case 'Test Cases/Mobile/Page/NavigationMenu/NavigationMenu' successfully

2021-12-29 10:23:29 - [TEST_CASE][PASSED] - Test Cases/Mobile/Page/NavigationMenu/NavigationMenu: Test Cases/Mobile/Page/NavigationMenu/NavigationMenu

2021-12-29 10:23:29 - [TEST_STEP][PASSED] - callTestCase(findTestCase("Mobile/Page/CheckLogin"), [:], CONTINUE_ON_FAILURE): Call Test Case 'Test Cases/Mobile/Page/CheckLogin' successfully

2021-12-29 10:23:29 - [TEST_CASE][PASSED] - Test Cases/Mobile/Page/CheckLogin: Test Cases/Mobile/Page/CheckLogin

2021-12-29 10:23:29 - [TEST_STEP][PASSED] - loginCheck = verifyElementExist(LOGN_BtnLogin, 5, CONTINUE_ON_FAILURE): Element 'Object Repository/Mobile/Page/Login/Button - Login' is exist

2021-12-29 10:23:31 - [MESSAGE][PASSED] - Element 'Object Repository/Mobile/Page/Login/Button - Login' is exist

2021-12-29 10:23:31 - [TEST_STEP][PASSED] - if (loginCheck): Call Test Case 'Test Cases/Mobile/Page/Login/Login' successfully

2021-12-29 10:23:31 - [TEST_STEP][PASSED] - callTestCase(findTestCase("Mobile/Page/Login/Login"), [:], CONTINUE_ON_FAILURE): Call Test Case 'Test Cases/Mobile/Page/Login/Login' successfully

2021-12-29 10:23:31 - [TEST_CASE][PASSED] - Test Cases/Mobile/Page/Login/Login: Test Cases/Mobile/Page/Login/Login

2021-12-29 10:23:31 - [TEST_STEP][PASSED] - delay(2): Delayed 2 second(s)

2021-12-29 10:23:33 - [MESSAGE][PASSED] - Delayed 2 second(s)

2021-12-29 10:23:33 - [TEST_STEP][PASSED] - tap(LOGN_EdtUserID, 0): Tapped on element 'Object Repository/Mobile/Page/Login/Input - UserID'

2021-12-29 10:23:33 - [MESSAGE][WARNING] - Timeout '0' is invalid. Using default page load timeout: '60'

2021-12-29 10:23:34 - [MESSAGE][PASSED] - Tapped on element 'Object Repository/Mobile/Page/Login/Input - UserID'

2021-12-29 10:23:34 - [TEST_STEP][PASSED] - delay(1): Delayed 1 second(s)

2021-12-29 10:23:35 - [MESSAGE][PASSED] - Delayed 1 second(s)

2021-12-29 10:23:35 - [TEST_STEP][PASSED] - setText(LOGN_EdtRdyUserID, "anggaaditya", 0): Text 'anggaaditya' has been set to element 'Object Repository/Mobile/Page/Login/Input Rdy - UserID'

2021-12-29 10:23:35 - [MESSAGE][WARNING] - Timeout '0' is invalid. Using default page load timeout: '60'

2021-12-29 10:23:35 - [MESSAGE][PASSED] - Text 'anggaaditya' has been set to element 'Object Repository/Mobile/Page/Login/Input Rdy - UserID'

2021-12-29 10:23:35 - [TEST_STEP][PASSED] - delay(1): Delayed 1 second(s)

2021-12-29 10:23:36 - [MESSAGE][PASSED] - Delayed 1 second(s)

2021-12-29 10:23:36 - [TEST_STEP][PASSED] - hideKeyboard(): Keyboard is hidden

2021-12-29 10:23:40 - [MESSAGE][PASSED] - Keyboard is hidden

2021-12-29 10:23:40 - [TEST_STEP][PASSED] - tap(LOGN_EdtPassword, 0): Tapped on element 'Object Repository/Mobile/Page/Login/Input - Password'

2021-12-29 10:23:40 - [MESSAGE][WARNING] - Timeout '0' is invalid. Using default page load timeout: '60'

2021-12-29 10:23:41 - [MESSAGE][PASSED] - Tapped on element 'Object Repository/Mobile/Page/Login/Input - Password'

2021-12-29 10:23:41 - [TEST_STEP][PASSED] - delay(1): Delayed 1 second(s)

2021-12-29 10:23:42 - [MESSAGE][PASSED] - Delayed 1 second(s)

2021-12-29 10:23:42 - [TEST_STEP][PASSED] - setText(LOGN_EdtRdyPassword, "Shalawa18", 0): Text 'Shalawa18' has been set to element 'Object Repository/Mobile/Page/Login/Input Rdy - Password'

2021-12-29 10:23:42 - [MESSAGE][WARNING] - Timeout '0' is invalid. Using default page load timeout: '60'

2021-12-29 10:23:43 - [MESSAGE][PASSED] - Text 'Shalawa18' has been set to element 'Object Repository/Mobile/Page/Login/Input Rdy - Password'

2021-12-29 10:23:43 - [TEST_STEP][PASSED] - delay(1): Delayed 1 second(s)

2021-12-29 10:23:44 - [MESSAGE][PASSED] - Delayed 1 second(s)

2021-12-29 10:23:44 - [TEST_STEP][PASSED] - hideKeyboard(): Keyboard is hidden

2021-12-29 10:23:50 - [MESSAGE][PASSED] - Keyboard is hidden

2021-12-29 10:23:50 - [TEST_STEP][PASSED] - tap(LOGN_BtnLogin, 0): Tapped on element 'Object Repository/Mobile/Page/Login/Button - Login'

2021-12-29 10:23:50 - [MESSAGE][WARNING] - Timeout '0' is invalid. Using default page load timeout: '60'

2021-12-29 10:23:51 - [MESSAGE][PASSED] - Tapped on element 'Object Repository/Mobile/Page/Login/Button - Login'

2021-12-29 10:23:51 - [TEST_STEP][PASSED] - delay(2): Delayed 2 second(s)

2021-12-29 10:23:53 - [MESSAGE][PASSED] - Delayed 2 second(s)

2021-12-29 10:23:53 - [MESSAGE][PASSED] - Call Test Case 'Test Cases/Mobile/Page/Login/Login' successfully

2021-12-29 10:23:53 - [MESSAGE][PASSED] - Call Test Case 'Test Cases/Mobile/Page/CheckLogin' successfully

2021-12-29 10:23:53 - [TEST_STEP][PASSED] - delay(3): Delayed 3 second(s)

2021-12-29 10:23:56 - [MESSAGE][PASSED] - Delayed 3 second(s)

2021-12-29 10:23:56 - [TEST_STEP][PASSED] - scroll.scroll.scrollScreenLeftToRight(): scroll.scroll.scrollScreenLeftToRight is PASSED

2021-12-29 10:23:56 - [MESSAGE][PASSED] - Current device physical height is 1423

2021-12-29 10:23:56 - [MESSAGE][PASSED] - Current device physical width is 720

2021-12-29 10:23:56 - [MESSAGE][PASSED] - Current device physical height is 1423

2021-12-29 10:23:58 - [MESSAGE][PASSED] - Swiped from 10,711 to 710,711

2021-12-29 10:23:58 - [MESSAGE][PASSED] - scroll.scroll.scrollScreenLeftToRight is PASSED

2021-12-29 10:23:58 - [TEST_STEP][PASSED] - delay(1): Delayed 1 second(s)

2021-12-29 10:23:59 - [MESSAGE][PASSED] - Delayed 1 second(s)

2021-12-29 10:23:59 - [TEST_STEP][PASSED] - for ([i = 0, i < 1, (i++)]): Delayed 2 second(s)

2021-12-29 10:23:59 - [TEST_STEP][PASSED] - if (action == "downloadtaxreport"): null

2021-12-29 10:23:59 - [TEST_STEP][PASSED] - else if (action == "analyzeprofile"): null

2021-12-29 10:23:59 - [TEST_STEP][PASSED] - else if (action == "wa"): Delayed 2 second(s)

2021-12-29 10:23:59 - [TEST_STEP][PASSED] - tap(NAVM_BtnWhatsapp, 0): Tapped on element 'Object Repository/Mobile/Page/NavigationMenu/Button - Whatsapp'

2021-12-29 10:23:59 - [MESSAGE][WARNING] - Timeout '0' is invalid. Using default page load timeout: '60'

2021-12-29 10:23:59 - [MESSAGE][PASSED] - Tapped on element 'Object Repository/Mobile/Page/NavigationMenu/Button - Whatsapp'

2021-12-29 10:23:59 - [TEST_STEP][PASSED] - delay(2): Delayed 2 second(s)

2021-12-29 10:24:01 - [MESSAGE][PASSED] - Delayed 2 second(s)

2021-12-29 10:24:01 - [MESSAGE][PASSED] - Call Test Case 'Test Cases/Mobile/Page/NavigationMenu/NavigationMenu' successfully

2021-12-29 10:24:01 - [TEST_STEP][PASSED] - callTestCase(findTestCase("Mobile/Page/Run App/Terminate App"), [:], STOP_ON_FAILURE): Call Test Case 'Test Cases/Mobile/Page/Run App/Terminate App' successfully

2021-12-29 10:24:01 - [TEST_CASE][PASSED] - Test Cases/Mobile/Page/Run App/Terminate App: Test Cases/Mobile/Page/Run App/Terminate App

2021-12-29 10:24:01 - [TEST_STEP][PASSED] - startApp.OpenApp.terminateApplication(): startApp.OpenApp.terminateApplication is PASSED

2021-12-29 10:24:04 - [MESSAGE][PASSED] - Delayed 3 second(s)

2021-12-29 10:24:05 - [MESSAGE][PASSED] - Current device physical width is 720

2021-12-29 10:24:05 - [MESSAGE][PASSED] - Current device physical height is 1423

2021-12-29 10:24:06 - [MESSAGE][PASSED] - Swiped from 360,853 to 360,142

2021-12-29 10:24:07 - [MESSAGE][PASSED] - Delayed 1 second(s)

2021-12-29 10:24:08 - [MESSAGE][PASSED] - Swiped from 360,853 to 360,142

2021-12-29 10:24:11 - [MESSAGE][PASSED] - Delayed 3 second(s)

2021-12-29 10:24:11 - [MESSAGE][PASSED] - startApp.OpenApp.terminateApplication is PASSED

2021-12-29 10:24:11 - [MESSAGE][PASSED] - Call Test Case 'Test Cases/Mobile/Page/Run App/Terminate App' successfully

2021-12-29 10:24:11 - [TEST_STEP][PASSED] - callTestCase(findTestCase("Mobile/Page/Run App/Terminate App"), [:], STOP_ON_FAILURE): Call Test Case 'Test Cases/Mobile/Page/Run App/Terminate App' successfully

2021-12-29 10:24:12 - [TEST_CASE][PASSED] - Test Cases/Mobile/Page/Run App/Terminate App: Test Cases/Mobile/Page/Run App/Terminate App

2021-12-29 10:24:12 - [TEST_STEP][PASSED] - startApp.OpenApp.terminateApplication(): startApp.OpenApp.terminateApplication is PASSED

2021-12-29 10:24:15 - [MESSAGE][PASSED] - Delayed 3 second(s)

2021-12-29 10:24:15 - [MESSAGE][PASSED] - Current device physical width is 720

2021-12-29 10:24:15 - [MESSAGE][PASSED] - Current device physical height is 1423

2021-12-29 10:24:16 - [MESSAGE][PASSED] - Swiped from 360,853 to 360,142

2021-12-29 10:24:17 - [MESSAGE][PASSED] - Delayed 1 second(s)

2021-12-29 10:24:19 - [MESSAGE][PASSED] - Swiped from 360,853 to 360,142

2021-12-29 10:24:22 - [MESSAGE][PASSED] - Delayed 3 second(s)

2021-12-29 10:24:22 - [MESSAGE][PASSED] - startApp.OpenApp.terminateApplication is PASSED

2021-12-29 10:24:22 - [MESSAGE][PASSED] - Call Test Case 'Test Cases/Mobile/Page/Run App/Terminate App' successfully]]></system-out>
         <system-err><![CDATA[]]></system-err>
      </testcase>
      <testcase name="Test Cases/Mobile/Scenario/NavigationMenu/004 - Email button" time="64.111" classname="Test Cases/Mobile/Scenario/NavigationMenu/004 - Email button" status="PASSED">
         <system-out><![CDATA[2021-12-29 10:24:22 - [TEST_CASE][PASSED] - Test Cases/Mobile/Scenario/NavigationMenu/004 - Email button: Test Cases/Mobile/Scenario/NavigationMenu/004 - Email button

2021-12-29 10:24:22 - [TEST_STEP][PASSED] - callTestCase(findTestCase("Mobile/Page/Run App/Run App byID"), [:], STOP_ON_FAILURE): Call Test Case 'Test Cases/Mobile/Page/Run App/Run App byID' successfully

2021-12-29 10:24:22 - [TEST_CASE][PASSED] - Test Cases/Mobile/Page/Run App/Run App byID: Test Cases/Mobile/Page/Run App/Run App byID

2021-12-29 10:24:22 - [TEST_STEP][PASSED] - startApp.OpenApp.startApplication("id.co.miraeasset.sageclub"): startApp.OpenApp.startApplication is PASSED

2021-12-29 10:24:34 - [MESSAGE][PASSED] - Starting app with application ID: 'id.co.miraeasset.sageclub'

2021-12-29 10:24:34 - [MESSAGE][PASSED] - startApp.OpenApp.startApplication is PASSED

2021-12-29 10:24:34 - [MESSAGE][PASSED] - Call Test Case 'Test Cases/Mobile/Page/Run App/Run App byID' successfully

2021-12-29 10:24:34 - [TEST_STEP][PASSED] - callTestCase(findTestCase("Mobile/Page/NavigationMenu/NavigationMenu"), ["action":"email"], CONTINUE_ON_FAILURE): Call Test Case 'Test Cases/Mobile/Page/NavigationMenu/NavigationMenu' successfully

2021-12-29 10:24:34 - [TEST_CASE][PASSED] - Test Cases/Mobile/Page/NavigationMenu/NavigationMenu: Test Cases/Mobile/Page/NavigationMenu/NavigationMenu

2021-12-29 10:24:34 - [TEST_STEP][PASSED] - callTestCase(findTestCase("Mobile/Page/CheckLogin"), [:], CONTINUE_ON_FAILURE): Call Test Case 'Test Cases/Mobile/Page/CheckLogin' successfully

2021-12-29 10:24:34 - [TEST_CASE][PASSED] - Test Cases/Mobile/Page/CheckLogin: Test Cases/Mobile/Page/CheckLogin

2021-12-29 10:24:34 - [TEST_STEP][PASSED] - loginCheck = verifyElementExist(LOGN_BtnLogin, 5, CONTINUE_ON_FAILURE): Element 'Object Repository/Mobile/Page/Login/Button - Login' is exist

2021-12-29 10:24:36 - [MESSAGE][PASSED] - Element 'Object Repository/Mobile/Page/Login/Button - Login' is exist

2021-12-29 10:24:36 - [TEST_STEP][PASSED] - if (loginCheck): Call Test Case 'Test Cases/Mobile/Page/Login/Login' successfully

2021-12-29 10:24:36 - [TEST_STEP][PASSED] - callTestCase(findTestCase("Mobile/Page/Login/Login"), [:], CONTINUE_ON_FAILURE): Call Test Case 'Test Cases/Mobile/Page/Login/Login' successfully

2021-12-29 10:24:36 - [TEST_CASE][PASSED] - Test Cases/Mobile/Page/Login/Login: Test Cases/Mobile/Page/Login/Login

2021-12-29 10:24:36 - [TEST_STEP][PASSED] - delay(2): Delayed 2 second(s)

2021-12-29 10:24:38 - [MESSAGE][PASSED] - Delayed 2 second(s)

2021-12-29 10:24:38 - [TEST_STEP][PASSED] - tap(LOGN_EdtUserID, 0): Tapped on element 'Object Repository/Mobile/Page/Login/Input - UserID'

2021-12-29 10:24:38 - [MESSAGE][WARNING] - Timeout '0' is invalid. Using default page load timeout: '60'

2021-12-29 10:24:38 - [MESSAGE][PASSED] - Tapped on element 'Object Repository/Mobile/Page/Login/Input - UserID'

2021-12-29 10:24:38 - [TEST_STEP][PASSED] - delay(1): Delayed 1 second(s)

2021-12-29 10:24:39 - [MESSAGE][PASSED] - Delayed 1 second(s)

2021-12-29 10:24:39 - [TEST_STEP][PASSED] - setText(LOGN_EdtRdyUserID, "anggaaditya", 0): Text 'anggaaditya' has been set to element 'Object Repository/Mobile/Page/Login/Input Rdy - UserID'

2021-12-29 10:24:39 - [MESSAGE][WARNING] - Timeout '0' is invalid. Using default page load timeout: '60'

2021-12-29 10:24:40 - [MESSAGE][PASSED] - Text 'anggaaditya' has been set to element 'Object Repository/Mobile/Page/Login/Input Rdy - UserID'

2021-12-29 10:24:40 - [TEST_STEP][PASSED] - delay(1): Delayed 1 second(s)

2021-12-29 10:24:41 - [MESSAGE][PASSED] - Delayed 1 second(s)

2021-12-29 10:24:41 - [TEST_STEP][PASSED] - hideKeyboard(): Keyboard is hidden

2021-12-29 10:24:45 - [MESSAGE][PASSED] - Keyboard is hidden

2021-12-29 10:24:45 - [TEST_STEP][PASSED] - tap(LOGN_EdtPassword, 0): Tapped on element 'Object Repository/Mobile/Page/Login/Input - Password'

2021-12-29 10:24:45 - [MESSAGE][WARNING] - Timeout '0' is invalid. Using default page load timeout: '60'

2021-12-29 10:24:45 - [MESSAGE][PASSED] - Tapped on element 'Object Repository/Mobile/Page/Login/Input - Password'

2021-12-29 10:24:45 - [TEST_STEP][PASSED] - delay(1): Delayed 1 second(s)

2021-12-29 10:24:46 - [MESSAGE][PASSED] - Delayed 1 second(s)

2021-12-29 10:24:46 - [TEST_STEP][PASSED] - setText(LOGN_EdtRdyPassword, "Shalawa18", 0): Text 'Shalawa18' has been set to element 'Object Repository/Mobile/Page/Login/Input Rdy - Password'

2021-12-29 10:24:46 - [MESSAGE][WARNING] - Timeout '0' is invalid. Using default page load timeout: '60'

2021-12-29 10:24:47 - [MESSAGE][PASSED] - Text 'Shalawa18' has been set to element 'Object Repository/Mobile/Page/Login/Input Rdy - Password'

2021-12-29 10:24:47 - [TEST_STEP][PASSED] - delay(1): Delayed 1 second(s)

2021-12-29 10:24:48 - [MESSAGE][PASSED] - Delayed 1 second(s)

2021-12-29 10:24:48 - [TEST_STEP][PASSED] - hideKeyboard(): Keyboard is hidden

2021-12-29 10:24:54 - [MESSAGE][PASSED] - Keyboard is hidden

2021-12-29 10:24:54 - [TEST_STEP][PASSED] - tap(LOGN_BtnLogin, 0): Tapped on element 'Object Repository/Mobile/Page/Login/Button - Login'

2021-12-29 10:24:54 - [MESSAGE][WARNING] - Timeout '0' is invalid. Using default page load timeout: '60'

2021-12-29 10:24:55 - [MESSAGE][PASSED] - Tapped on element 'Object Repository/Mobile/Page/Login/Button - Login'

2021-12-29 10:24:55 - [TEST_STEP][PASSED] - delay(2): Delayed 2 second(s)

2021-12-29 10:24:57 - [MESSAGE][PASSED] - Delayed 2 second(s)

2021-12-29 10:24:57 - [MESSAGE][PASSED] - Call Test Case 'Test Cases/Mobile/Page/Login/Login' successfully

2021-12-29 10:24:57 - [MESSAGE][PASSED] - Call Test Case 'Test Cases/Mobile/Page/CheckLogin' successfully

2021-12-29 10:24:57 - [TEST_STEP][PASSED] - delay(3): Delayed 3 second(s)

2021-12-29 10:25:00 - [MESSAGE][PASSED] - Delayed 3 second(s)

2021-12-29 10:25:00 - [TEST_STEP][PASSED] - scroll.scroll.scrollScreenLeftToRight(): scroll.scroll.scrollScreenLeftToRight is PASSED

2021-12-29 10:25:00 - [MESSAGE][PASSED] - Current device physical height is 1423

2021-12-29 10:25:00 - [MESSAGE][PASSED] - Current device physical width is 720

2021-12-29 10:25:01 - [MESSAGE][PASSED] - Current device physical height is 1423

2021-12-29 10:25:02 - [MESSAGE][PASSED] - Swiped from 10,711 to 710,711

2021-12-29 10:25:02 - [MESSAGE][PASSED] - scroll.scroll.scrollScreenLeftToRight is PASSED

2021-12-29 10:25:02 - [TEST_STEP][PASSED] - delay(1): Delayed 1 second(s)

2021-12-29 10:25:03 - [MESSAGE][PASSED] - Delayed 1 second(s)

2021-12-29 10:25:03 - [TEST_STEP][PASSED] - for ([i = 0, i < 1, (i++)]): Delayed 2 second(s)

2021-12-29 10:25:03 - [TEST_STEP][PASSED] - if (action == "downloadtaxreport"): null

2021-12-29 10:25:03 - [TEST_STEP][PASSED] - else if (action == "analyzeprofile"): null

2021-12-29 10:25:03 - [TEST_STEP][PASSED] - else if (action == "wa"): null

2021-12-29 10:25:03 - [TEST_STEP][PASSED] - else if (action == "email"): Delayed 2 second(s)

2021-12-29 10:25:03 - [TEST_STEP][PASSED] - tap(NAVM_BtnEmail, 0): Tapped on element 'Object Repository/Mobile/Page/NavigationMenu/Button - Email'

2021-12-29 10:25:03 - [MESSAGE][WARNING] - Timeout '0' is invalid. Using default page load timeout: '60'

2021-12-29 10:25:03 - [MESSAGE][PASSED] - Tapped on element 'Object Repository/Mobile/Page/NavigationMenu/Button - Email'

2021-12-29 10:25:03 - [TEST_STEP][PASSED] - delay(2): Delayed 2 second(s)

2021-12-29 10:25:05 - [MESSAGE][PASSED] - Delayed 2 second(s)

2021-12-29 10:25:05 - [MESSAGE][PASSED] - Call Test Case 'Test Cases/Mobile/Page/NavigationMenu/NavigationMenu' successfully

2021-12-29 10:25:05 - [TEST_STEP][PASSED] - callTestCase(findTestCase("Mobile/Page/Run App/Terminate App"), [:], STOP_ON_FAILURE): Call Test Case 'Test Cases/Mobile/Page/Run App/Terminate App' successfully

2021-12-29 10:25:05 - [TEST_CASE][PASSED] - Test Cases/Mobile/Page/Run App/Terminate App: Test Cases/Mobile/Page/Run App/Terminate App

2021-12-29 10:25:05 - [TEST_STEP][PASSED] - startApp.OpenApp.terminateApplication(): startApp.OpenApp.terminateApplication is PASSED

2021-12-29 10:25:09 - [MESSAGE][PASSED] - Delayed 3 second(s)

2021-12-29 10:25:09 - [MESSAGE][PASSED] - Current device physical width is 720

2021-12-29 10:25:09 - [MESSAGE][PASSED] - Current device physical height is 1423

2021-12-29 10:25:10 - [MESSAGE][PASSED] - Swiped from 360,853 to 360,142

2021-12-29 10:25:11 - [MESSAGE][PASSED] - Delayed 1 second(s)

2021-12-29 10:25:13 - [MESSAGE][PASSED] - Swiped from 360,853 to 360,142

2021-12-29 10:25:16 - [MESSAGE][PASSED] - Delayed 3 second(s)

2021-12-29 10:25:16 - [MESSAGE][PASSED] - startApp.OpenApp.terminateApplication is PASSED

2021-12-29 10:25:16 - [MESSAGE][PASSED] - Call Test Case 'Test Cases/Mobile/Page/Run App/Terminate App' successfully

2021-12-29 10:25:16 - [TEST_STEP][PASSED] - callTestCase(findTestCase("Mobile/Page/Run App/Terminate App"), [:], STOP_ON_FAILURE): Call Test Case 'Test Cases/Mobile/Page/Run App/Terminate App' successfully

2021-12-29 10:25:16 - [TEST_CASE][PASSED] - Test Cases/Mobile/Page/Run App/Terminate App: Test Cases/Mobile/Page/Run App/Terminate App

2021-12-29 10:25:16 - [TEST_STEP][PASSED] - startApp.OpenApp.terminateApplication(): startApp.OpenApp.terminateApplication is PASSED

2021-12-29 10:25:19 - [MESSAGE][PASSED] - Delayed 3 second(s)

2021-12-29 10:25:19 - [MESSAGE][PASSED] - Current device physical width is 720

2021-12-29 10:25:19 - [MESSAGE][PASSED] - Current device physical height is 1423

2021-12-29 10:25:21 - [MESSAGE][PASSED] - Swiped from 360,853 to 360,142

2021-12-29 10:25:22 - [MESSAGE][PASSED] - Delayed 1 second(s)

2021-12-29 10:25:23 - [MESSAGE][PASSED] - Swiped from 360,853 to 360,142

2021-12-29 10:25:26 - [MESSAGE][PASSED] - Delayed 3 second(s)

2021-12-29 10:25:26 - [MESSAGE][PASSED] - startApp.OpenApp.terminateApplication is PASSED

2021-12-29 10:25:26 - [MESSAGE][PASSED] - Call Test Case 'Test Cases/Mobile/Page/Run App/Terminate App' successfully]]></system-out>
         <system-err><![CDATA[]]></system-err>
      </testcase>
      <testcase name="Test Cases/Mobile/Scenario/NavigationMenu/005 - Settings" time="92.218" classname="Test Cases/Mobile/Scenario/NavigationMenu/005 - Settings" status="PASSED">
         <system-out><![CDATA[2021-12-29 10:25:26 - [TEST_CASE][PASSED] - Test Cases/Mobile/Scenario/NavigationMenu/005 - Settings: Test Cases/Mobile/Scenario/NavigationMenu/005 - Settings

2021-12-29 10:25:26 - [TEST_STEP][PASSED] - callTestCase(findTestCase("Mobile/Page/Run App/Run App byID"), [:], STOP_ON_FAILURE): Call Test Case 'Test Cases/Mobile/Page/Run App/Run App byID' successfully

2021-12-29 10:25:26 - [TEST_CASE][PASSED] - Test Cases/Mobile/Page/Run App/Run App byID: Test Cases/Mobile/Page/Run App/Run App byID

2021-12-29 10:25:26 - [TEST_STEP][PASSED] - startApp.OpenApp.startApplication("id.co.miraeasset.sageclub"): startApp.OpenApp.startApplication is PASSED

2021-12-29 10:25:38 - [MESSAGE][PASSED] - Starting app with application ID: 'id.co.miraeasset.sageclub'

2021-12-29 10:25:38 - [MESSAGE][PASSED] - startApp.OpenApp.startApplication is PASSED

2021-12-29 10:25:38 - [MESSAGE][PASSED] - Call Test Case 'Test Cases/Mobile/Page/Run App/Run App byID' successfully

2021-12-29 10:25:38 - [TEST_STEP][PASSED] - callTestCase(findTestCase("Mobile/Page/NavigationMenu/NavigationMenu"), ["action":"setting"], CONTINUE_ON_FAILURE): Call Test Case 'Test Cases/Mobile/Page/NavigationMenu/NavigationMenu' successfully

2021-12-29 10:25:38 - [TEST_CASE][PASSED] - Test Cases/Mobile/Page/NavigationMenu/NavigationMenu: Test Cases/Mobile/Page/NavigationMenu/NavigationMenu

2021-12-29 10:25:38 - [TEST_STEP][PASSED] - callTestCase(findTestCase("Mobile/Page/CheckLogin"), [:], CONTINUE_ON_FAILURE): Call Test Case 'Test Cases/Mobile/Page/CheckLogin' successfully

2021-12-29 10:25:38 - [TEST_CASE][PASSED] - Test Cases/Mobile/Page/CheckLogin: Test Cases/Mobile/Page/CheckLogin

2021-12-29 10:25:38 - [TEST_STEP][PASSED] - loginCheck = verifyElementExist(LOGN_BtnLogin, 5, CONTINUE_ON_FAILURE): Element 'Object Repository/Mobile/Page/Login/Button - Login' is exist

2021-12-29 10:25:40 - [MESSAGE][PASSED] - Element 'Object Repository/Mobile/Page/Login/Button - Login' is exist

2021-12-29 10:25:40 - [TEST_STEP][PASSED] - if (loginCheck): Call Test Case 'Test Cases/Mobile/Page/Login/Login' successfully

2021-12-29 10:25:40 - [TEST_STEP][PASSED] - callTestCase(findTestCase("Mobile/Page/Login/Login"), [:], CONTINUE_ON_FAILURE): Call Test Case 'Test Cases/Mobile/Page/Login/Login' successfully

2021-12-29 10:25:40 - [TEST_CASE][PASSED] - Test Cases/Mobile/Page/Login/Login: Test Cases/Mobile/Page/Login/Login

2021-12-29 10:25:40 - [TEST_STEP][PASSED] - delay(2): Delayed 2 second(s)

2021-12-29 10:25:42 - [MESSAGE][PASSED] - Delayed 2 second(s)

2021-12-29 10:25:42 - [TEST_STEP][PASSED] - tap(LOGN_EdtUserID, 0): Tapped on element 'Object Repository/Mobile/Page/Login/Input - UserID'

2021-12-29 10:25:42 - [MESSAGE][WARNING] - Timeout '0' is invalid. Using default page load timeout: '60'

2021-12-29 10:25:43 - [MESSAGE][PASSED] - Tapped on element 'Object Repository/Mobile/Page/Login/Input - UserID'

2021-12-29 10:25:43 - [TEST_STEP][PASSED] - delay(1): Delayed 1 second(s)

2021-12-29 10:25:44 - [MESSAGE][PASSED] - Delayed 1 second(s)

2021-12-29 10:25:44 - [TEST_STEP][PASSED] - setText(LOGN_EdtRdyUserID, "anggaaditya", 0): Text 'anggaaditya' has been set to element 'Object Repository/Mobile/Page/Login/Input Rdy - UserID'

2021-12-29 10:25:44 - [MESSAGE][WARNING] - Timeout '0' is invalid. Using default page load timeout: '60'

2021-12-29 10:25:45 - [MESSAGE][PASSED] - Text 'anggaaditya' has been set to element 'Object Repository/Mobile/Page/Login/Input Rdy - UserID'

2021-12-29 10:25:45 - [TEST_STEP][PASSED] - delay(1): Delayed 1 second(s)

2021-12-29 10:25:46 - [MESSAGE][PASSED] - Delayed 1 second(s)

2021-12-29 10:25:46 - [TEST_STEP][PASSED] - hideKeyboard(): Keyboard is hidden

2021-12-29 10:25:50 - [MESSAGE][PASSED] - Keyboard is hidden

2021-12-29 10:25:50 - [TEST_STEP][PASSED] - tap(LOGN_EdtPassword, 0): Tapped on element 'Object Repository/Mobile/Page/Login/Input - Password'

2021-12-29 10:25:50 - [MESSAGE][WARNING] - Timeout '0' is invalid. Using default page load timeout: '60'

2021-12-29 10:25:51 - [MESSAGE][PASSED] - Tapped on element 'Object Repository/Mobile/Page/Login/Input - Password'

2021-12-29 10:25:51 - [TEST_STEP][PASSED] - delay(1): Delayed 1 second(s)

2021-12-29 10:25:52 - [MESSAGE][PASSED] - Delayed 1 second(s)

2021-12-29 10:25:52 - [TEST_STEP][PASSED] - setText(LOGN_EdtRdyPassword, "Shalawa18", 0): Text 'Shalawa18' has been set to element 'Object Repository/Mobile/Page/Login/Input Rdy - Password'

2021-12-29 10:25:52 - [MESSAGE][WARNING] - Timeout '0' is invalid. Using default page load timeout: '60'

2021-12-29 10:25:52 - [MESSAGE][PASSED] - Text 'Shalawa18' has been set to element 'Object Repository/Mobile/Page/Login/Input Rdy - Password'

2021-12-29 10:25:52 - [TEST_STEP][PASSED] - delay(1): Delayed 1 second(s)

2021-12-29 10:25:53 - [MESSAGE][PASSED] - Delayed 1 second(s)

2021-12-29 10:25:53 - [TEST_STEP][PASSED] - hideKeyboard(): Keyboard is hidden

2021-12-29 10:26:00 - [MESSAGE][PASSED] - Keyboard is hidden

2021-12-29 10:26:00 - [TEST_STEP][PASSED] - tap(LOGN_BtnLogin, 0): Tapped on element 'Object Repository/Mobile/Page/Login/Button - Login'

2021-12-29 10:26:00 - [MESSAGE][WARNING] - Timeout '0' is invalid. Using default page load timeout: '60'

2021-12-29 10:26:01 - [MESSAGE][PASSED] - Tapped on element 'Object Repository/Mobile/Page/Login/Button - Login'

2021-12-29 10:26:01 - [TEST_STEP][PASSED] - delay(2): Delayed 2 second(s)

2021-12-29 10:26:03 - [MESSAGE][PASSED] - Delayed 2 second(s)

2021-12-29 10:26:03 - [MESSAGE][PASSED] - Call Test Case 'Test Cases/Mobile/Page/Login/Login' successfully

2021-12-29 10:26:03 - [MESSAGE][PASSED] - Call Test Case 'Test Cases/Mobile/Page/CheckLogin' successfully

2021-12-29 10:26:03 - [TEST_STEP][PASSED] - delay(3): Delayed 3 second(s)

2021-12-29 10:26:06 - [MESSAGE][PASSED] - Delayed 3 second(s)

2021-12-29 10:26:06 - [TEST_STEP][PASSED] - scroll.scroll.scrollScreenLeftToRight(): scroll.scroll.scrollScreenLeftToRight is PASSED

2021-12-29 10:26:06 - [MESSAGE][PASSED] - Current device physical height is 1423

2021-12-29 10:26:07 - [MESSAGE][PASSED] - Current device physical width is 720

2021-12-29 10:26:07 - [MESSAGE][PASSED] - Current device physical height is 1423

2021-12-29 10:26:08 - [MESSAGE][PASSED] - Swiped from 10,711 to 710,711

2021-12-29 10:26:08 - [MESSAGE][PASSED] - scroll.scroll.scrollScreenLeftToRight is PASSED

2021-12-29 10:26:08 - [TEST_STEP][PASSED] - delay(1): Delayed 1 second(s)

2021-12-29 10:26:09 - [MESSAGE][PASSED] - Delayed 1 second(s)

2021-12-29 10:26:09 - [TEST_STEP][PASSED] - for ([i = 0, i < 1, (i++)]): Delayed 1 second(s)

2021-12-29 10:26:09 - [TEST_STEP][PASSED] - if (action == "downloadtaxreport"): null

2021-12-29 10:26:09 - [TEST_STEP][PASSED] - else if (action == "analyzeprofile"): null

2021-12-29 10:26:09 - [TEST_STEP][PASSED] - else if (action == "wa"): null

2021-12-29 10:26:09 - [TEST_STEP][PASSED] - else if (action == "email"): null

2021-12-29 10:26:09 - [TEST_STEP][PASSED] - else if (action == "setting"): Delayed 1 second(s)

2021-12-29 10:26:09 - [TEST_STEP][PASSED] - setting = NAVM_BtnSettings: null

2021-12-29 10:26:09 - [TEST_STEP][PASSED] - top = getElementTopPosition(setting, 0): Object 'Object Repository/Mobile/Page/NavigationMenu/Button - Settings' has top position '856'

2021-12-29 10:26:09 - [MESSAGE][WARNING] - Timeout '0' is invalid. Using default page load timeout: '60'

2021-12-29 10:26:09 - [MESSAGE][PASSED] - Object 'Object Repository/Mobile/Page/NavigationMenu/Button - Settings' has top position '856'

2021-12-29 10:26:09 - [TEST_STEP][PASSED] - y = getElementHeight(setting, 0) * 0.8 + top: Object 'Object Repository/Mobile/Page/NavigationMenu/Button - Settings' has height: '98'

2021-12-29 10:26:09 - [MESSAGE][WARNING] - Timeout '0' is invalid. Using default page load timeout: '60'

2021-12-29 10:26:10 - [MESSAGE][PASSED] - Object 'Object Repository/Mobile/Page/NavigationMenu/Button - Settings' has height: '98'

2021-12-29 10:26:10 - [TEST_STEP][PASSED] - x = getDeviceWidth() * 0.2: Current device physical width is 720

2021-12-29 10:26:10 - [MESSAGE][PASSED] - Current device physical width is 720

2021-12-29 10:26:10 - [TEST_STEP][PASSED] - tapAtPosition(x, y): Tapped at [144, 934]

2021-12-29 10:26:10 - [MESSAGE][PASSED] - Tapped at [144, 934]

2021-12-29 10:26:10 - [TEST_STEP][PASSED] - delay(1): Delayed 1 second(s)

2021-12-29 10:26:11 - [MESSAGE][PASSED] - Delayed 1 second(s)

2021-12-29 10:26:11 - [TEST_STEP][PASSED] - tap(NAVM_SETT_DropGain, 0): Tapped on element 'Object Repository/Mobile/Page/NavigationMenu/Settings/Dropdown - Gain'

2021-12-29 10:26:11 - [MESSAGE][WARNING] - Timeout '0' is invalid. Using default page load timeout: '60'

2021-12-29 10:26:12 - [MESSAGE][PASSED] - Tapped on element 'Object Repository/Mobile/Page/NavigationMenu/Settings/Dropdown - Gain'

2021-12-29 10:26:12 - [TEST_STEP][PASSED] - delay(1): Delayed 1 second(s)

2021-12-29 10:26:13 - [MESSAGE][PASSED] - Delayed 1 second(s)

2021-12-29 10:26:13 - [TEST_STEP][PASSED] - tap(NAVM_SETT_OptGain5, 0): Tapped on element 'Object Repository/Mobile/Page/NavigationMenu/Settings/Option Gain - 5'

2021-12-29 10:26:13 - [MESSAGE][WARNING] - Timeout '0' is invalid. Using default page load timeout: '60'

2021-12-29 10:26:15 - [MESSAGE][PASSED] - Tapped on element 'Object Repository/Mobile/Page/NavigationMenu/Settings/Option Gain - 5'

2021-12-29 10:26:15 - [TEST_STEP][PASSED] - delay(1): Delayed 1 second(s)

2021-12-29 10:26:16 - [MESSAGE][PASSED] - Delayed 1 second(s)

2021-12-29 10:26:16 - [TEST_STEP][PASSED] - tap(NAVM_SETT_SwitchGain, 0): Tapped on element 'Object Repository/Mobile/Page/NavigationMenu/Settings/Switch - Gain'

2021-12-29 10:26:16 - [MESSAGE][WARNING] - Timeout '0' is invalid. Using default page load timeout: '60'

2021-12-29 10:26:17 - [MESSAGE][PASSED] - Tapped on element 'Object Repository/Mobile/Page/NavigationMenu/Settings/Switch - Gain'

2021-12-29 10:26:17 - [TEST_STEP][PASSED] - delay(1): Delayed 1 second(s)

2021-12-29 10:26:18 - [MESSAGE][PASSED] - Delayed 1 second(s)

2021-12-29 10:26:18 - [TEST_STEP][PASSED] - tap(NAVM_SETT_SwitchGain, 0): Tapped on element 'Object Repository/Mobile/Page/NavigationMenu/Settings/Switch - Gain'

2021-12-29 10:26:18 - [MESSAGE][WARNING] - Timeout '0' is invalid. Using default page load timeout: '60'

2021-12-29 10:26:18 - [MESSAGE][PASSED] - Tapped on element 'Object Repository/Mobile/Page/NavigationMenu/Settings/Switch - Gain'

2021-12-29 10:26:18 - [TEST_STEP][PASSED] - delay(1): Delayed 1 second(s)

2021-12-29 10:26:19 - [MESSAGE][PASSED] - Delayed 1 second(s)

2021-12-29 10:26:19 - [TEST_STEP][PASSED] - tap(NAVM_SETT_DropLoss, 0): Tapped on element 'Object Repository/Mobile/Page/NavigationMenu/Settings/Dropdown - Loss'

2021-12-29 10:26:19 - [MESSAGE][WARNING] - Timeout '0' is invalid. Using default page load timeout: '60'

2021-12-29 10:26:21 - [MESSAGE][PASSED] - Tapped on element 'Object Repository/Mobile/Page/NavigationMenu/Settings/Dropdown - Loss'

2021-12-29 10:26:21 - [TEST_STEP][PASSED] - delay(1): Delayed 1 second(s)

2021-12-29 10:26:22 - [MESSAGE][PASSED] - Delayed 1 second(s)

2021-12-29 10:26:22 - [TEST_STEP][PASSED] - tap(NAVM_SETT_OptLoss5, 0): Tapped on element 'Object Repository/Mobile/Page/NavigationMenu/Settings/Option Loss - 5'

2021-12-29 10:26:22 - [MESSAGE][WARNING] - Timeout '0' is invalid. Using default page load timeout: '60'

2021-12-29 10:26:23 - [MESSAGE][PASSED] - Tapped on element 'Object Repository/Mobile/Page/NavigationMenu/Settings/Option Loss - 5'

2021-12-29 10:26:23 - [TEST_STEP][PASSED] - delay(1): Delayed 1 second(s)

2021-12-29 10:26:24 - [MESSAGE][PASSED] - Delayed 1 second(s)

2021-12-29 10:26:24 - [TEST_STEP][PASSED] - tap(NAVM_SETT_SwitchLoss, 0): Tapped on element 'Object Repository/Mobile/Page/NavigationMenu/Settings/Switch - Loss'

2021-12-29 10:26:24 - [MESSAGE][WARNING] - Timeout '0' is invalid. Using default page load timeout: '60'

2021-12-29 10:26:25 - [MESSAGE][PASSED] - Tapped on element 'Object Repository/Mobile/Page/NavigationMenu/Settings/Switch - Loss'

2021-12-29 10:26:25 - [TEST_STEP][PASSED] - delay(1): Delayed 1 second(s)

2021-12-29 10:26:26 - [MESSAGE][PASSED] - Delayed 1 second(s)

2021-12-29 10:26:26 - [TEST_STEP][PASSED] - tap(NAVM_SETT_SwitchLoss, 0): Tapped on element 'Object Repository/Mobile/Page/NavigationMenu/Settings/Switch - Loss'

2021-12-29 10:26:26 - [MESSAGE][WARNING] - Timeout '0' is invalid. Using default page load timeout: '60'

2021-12-29 10:26:26 - [MESSAGE][PASSED] - Tapped on element 'Object Repository/Mobile/Page/NavigationMenu/Settings/Switch - Loss'

2021-12-29 10:26:26 - [TEST_STEP][PASSED] - delay(1): Delayed 1 second(s)

2021-12-29 10:26:27 - [MESSAGE][PASSED] - Delayed 1 second(s)

2021-12-29 10:26:27 - [TEST_STEP][PASSED] - tap(NAVM_SETT_CbRiskTolerance, 0): Tapped on element 'Object Repository/Mobile/Page/NavigationMenu/Settings/Checkbox - Risk Tolerance'

2021-12-29 10:26:27 - [MESSAGE][WARNING] - Timeout '0' is invalid. Using default page load timeout: '60'

2021-12-29 10:26:28 - [MESSAGE][PASSED] - Tapped on element 'Object Repository/Mobile/Page/NavigationMenu/Settings/Checkbox - Risk Tolerance'

2021-12-29 10:26:28 - [TEST_STEP][PASSED] - delay(1): Delayed 1 second(s)

2021-12-29 10:26:29 - [MESSAGE][PASSED] - Delayed 1 second(s)

2021-12-29 10:26:29 - [TEST_STEP][PASSED] - tap(NAVM_SETT_CbRiskTolerance, 0): Tapped on element 'Object Repository/Mobile/Page/NavigationMenu/Settings/Checkbox - Risk Tolerance'

2021-12-29 10:26:29 - [MESSAGE][WARNING] - Timeout '0' is invalid. Using default page load timeout: '60'

2021-12-29 10:26:31 - [MESSAGE][PASSED] - Tapped on element 'Object Repository/Mobile/Page/NavigationMenu/Settings/Checkbox - Risk Tolerance'

2021-12-29 10:26:31 - [TEST_STEP][PASSED] - delay(1): Delayed 1 second(s)

2021-12-29 10:26:32 - [MESSAGE][PASSED] - Delayed 1 second(s)

2021-12-29 10:26:32 - [TEST_STEP][PASSED] - tap(NAVM_SETT_SwitchStock, 0): Tapped on element 'Object Repository/Mobile/Page/NavigationMenu/Settings/Switch - Stock News'

2021-12-29 10:26:32 - [MESSAGE][WARNING] - Timeout '0' is invalid. Using default page load timeout: '60'

2021-12-29 10:26:33 - [MESSAGE][PASSED] - Tapped on element 'Object Repository/Mobile/Page/NavigationMenu/Settings/Switch - Stock News'

2021-12-29 10:26:33 - [TEST_STEP][PASSED] - delay(1): Delayed 1 second(s)

2021-12-29 10:26:34 - [MESSAGE][PASSED] - Delayed 1 second(s)

2021-12-29 10:26:34 - [TEST_STEP][PASSED] - tap(NAVM_SETT_SwitchStock, 0): Tapped on element 'Object Repository/Mobile/Page/NavigationMenu/Settings/Switch - Stock News'

2021-12-29 10:26:34 - [MESSAGE][WARNING] - Timeout '0' is invalid. Using default page load timeout: '60'

2021-12-29 10:26:35 - [MESSAGE][PASSED] - Tapped on element 'Object Repository/Mobile/Page/NavigationMenu/Settings/Switch - Stock News'

2021-12-29 10:26:35 - [TEST_STEP][PASSED] - delay(1): Delayed 1 second(s)

2021-12-29 10:26:36 - [MESSAGE][PASSED] - Delayed 1 second(s)

2021-12-29 10:26:36 - [TEST_STEP][PASSED] - tap(NAVM_SETT_SwitchFund, 0): Tapped on element 'Object Repository/Mobile/Page/NavigationMenu/Settings/Switch - Fund News'

2021-12-29 10:26:36 - [MESSAGE][WARNING] - Timeout '0' is invalid. Using default page load timeout: '60'

2021-12-29 10:26:37 - [MESSAGE][PASSED] - Tapped on element 'Object Repository/Mobile/Page/NavigationMenu/Settings/Switch - Fund News'

2021-12-29 10:26:37 - [TEST_STEP][PASSED] - delay(1): Delayed 1 second(s)

2021-12-29 10:26:38 - [MESSAGE][PASSED] - Delayed 1 second(s)

2021-12-29 10:26:38 - [TEST_STEP][PASSED] - tap(NAVM_SETT_SwitchFund, 0): Tapped on element 'Object Repository/Mobile/Page/NavigationMenu/Settings/Switch - Fund News'

2021-12-29 10:26:38 - [MESSAGE][WARNING] - Timeout '0' is invalid. Using default page load timeout: '60'

2021-12-29 10:26:38 - [MESSAGE][PASSED] - Tapped on element 'Object Repository/Mobile/Page/NavigationMenu/Settings/Switch - Fund News'

2021-12-29 10:26:38 - [TEST_STEP][PASSED] - delay(1): Delayed 1 second(s)

2021-12-29 10:26:39 - [MESSAGE][PASSED] - Delayed 1 second(s)

2021-12-29 10:26:39 - [TEST_STEP][PASSED] - tap(NAVM_SETT_SwitchBond, 0): Tapped on element 'Object Repository/Mobile/Page/NavigationMenu/Settings/Switch - Bond News'

2021-12-29 10:26:39 - [MESSAGE][WARNING] - Timeout '0' is invalid. Using default page load timeout: '60'

2021-12-29 10:26:40 - [MESSAGE][PASSED] - Tapped on element 'Object Repository/Mobile/Page/NavigationMenu/Settings/Switch - Bond News'

2021-12-29 10:26:40 - [TEST_STEP][PASSED] - delay(1): Delayed 1 second(s)

2021-12-29 10:26:41 - [MESSAGE][PASSED] - Delayed 1 second(s)

2021-12-29 10:26:41 - [TEST_STEP][PASSED] - tap(NAVM_SETT_SwitchBond, 0): Tapped on element 'Object Repository/Mobile/Page/NavigationMenu/Settings/Switch - Bond News'

2021-12-29 10:26:41 - [MESSAGE][WARNING] - Timeout '0' is invalid. Using default page load timeout: '60'

2021-12-29 10:26:42 - [MESSAGE][PASSED] - Tapped on element 'Object Repository/Mobile/Page/NavigationMenu/Settings/Switch - Bond News'

2021-12-29 10:26:42 - [TEST_STEP][PASSED] - delay(1): Delayed 1 second(s)

2021-12-29 10:26:43 - [MESSAGE][PASSED] - Delayed 1 second(s)

2021-12-29 10:26:43 - [TEST_STEP][PASSED] - tap(NAVM_SETT_SwitchMacro, 0): Tapped on element 'Object Repository/Mobile/Page/NavigationMenu/Settings/Switch - Macro News'

2021-12-29 10:26:43 - [MESSAGE][WARNING] - Timeout '0' is invalid. Using default page load timeout: '60'

2021-12-29 10:26:44 - [MESSAGE][PASSED] - Tapped on element 'Object Repository/Mobile/Page/NavigationMenu/Settings/Switch - Macro News'

2021-12-29 10:26:44 - [TEST_STEP][PASSED] - delay(1): Delayed 1 second(s)

2021-12-29 10:26:45 - [MESSAGE][PASSED] - Delayed 1 second(s)

2021-12-29 10:26:45 - [TEST_STEP][PASSED] - tap(NAVM_SETT_SwitchMacro, 0): Tapped on element 'Object Repository/Mobile/Page/NavigationMenu/Settings/Switch - Macro News'

2021-12-29 10:26:45 - [MESSAGE][WARNING] - Timeout '0' is invalid. Using default page load timeout: '60'

2021-12-29 10:26:46 - [MESSAGE][PASSED] - Tapped on element 'Object Repository/Mobile/Page/NavigationMenu/Settings/Switch - Macro News'

2021-12-29 10:26:46 - [TEST_STEP][PASSED] - delay(1): Delayed 1 second(s)

2021-12-29 10:26:47 - [MESSAGE][PASSED] - Delayed 1 second(s)

2021-12-29 10:26:47 - [TEST_STEP][PASSED] - pressBack(): Press back button successfully

2021-12-29 10:26:47 - [MESSAGE][PASSED] - Press back button successfully

2021-12-29 10:26:47 - [TEST_STEP][PASSED] - delay(1): Delayed 1 second(s)

2021-12-29 10:26:48 - [MESSAGE][PASSED] - Delayed 1 second(s)

2021-12-29 10:26:48 - [MESSAGE][PASSED] - Call Test Case 'Test Cases/Mobile/Page/NavigationMenu/NavigationMenu' successfully

2021-12-29 10:26:48 - [TEST_STEP][PASSED] - callTestCase(findTestCase("Mobile/Page/Run App/Terminate App"), [:], STOP_ON_FAILURE): Call Test Case 'Test Cases/Mobile/Page/Run App/Terminate App' successfully

2021-12-29 10:26:48 - [TEST_CASE][PASSED] - Test Cases/Mobile/Page/Run App/Terminate App: Test Cases/Mobile/Page/Run App/Terminate App

2021-12-29 10:26:48 - [TEST_STEP][PASSED] - startApp.OpenApp.terminateApplication(): startApp.OpenApp.terminateApplication is PASSED

2021-12-29 10:26:51 - [MESSAGE][PASSED] - Delayed 3 second(s)

2021-12-29 10:26:51 - [MESSAGE][PASSED] - Current device physical width is 720

2021-12-29 10:26:51 - [MESSAGE][PASSED] - Current device physical height is 1423

2021-12-29 10:26:53 - [MESSAGE][PASSED] - Swiped from 360,853 to 360,142

2021-12-29 10:26:54 - [MESSAGE][PASSED] - Delayed 1 second(s)

2021-12-29 10:26:55 - [MESSAGE][PASSED] - Swiped from 360,853 to 360,142

2021-12-29 10:26:58 - [MESSAGE][PASSED] - Delayed 3 second(s)

2021-12-29 10:26:58 - [MESSAGE][PASSED] - startApp.OpenApp.terminateApplication is PASSED

2021-12-29 10:26:58 - [MESSAGE][PASSED] - Call Test Case 'Test Cases/Mobile/Page/Run App/Terminate App' successfully]]></system-out>
         <system-err><![CDATA[]]></system-err>
      </testcase>
      <testcase name="Test Cases/Mobile/Scenario/NavigationMenu/006 - Logout" time="54.326" classname="Test Cases/Mobile/Scenario/NavigationMenu/006 - Logout" status="PASSED">
         <system-out><![CDATA[2021-12-29 10:26:58 - [TEST_CASE][PASSED] - Test Cases/Mobile/Scenario/NavigationMenu/006 - Logout: Test Cases/Mobile/Scenario/NavigationMenu/006 - Logout

2021-12-29 10:26:58 - [TEST_STEP][PASSED] - callTestCase(findTestCase("Mobile/Page/Run App/Run App byID"), [:], STOP_ON_FAILURE): Call Test Case 'Test Cases/Mobile/Page/Run App/Run App byID' successfully

2021-12-29 10:26:58 - [TEST_CASE][PASSED] - Test Cases/Mobile/Page/Run App/Run App byID: Test Cases/Mobile/Page/Run App/Run App byID

2021-12-29 10:26:58 - [TEST_STEP][PASSED] - startApp.OpenApp.startApplication("id.co.miraeasset.sageclub"): startApp.OpenApp.startApplication is PASSED

2021-12-29 10:27:10 - [MESSAGE][PASSED] - Starting app with application ID: 'id.co.miraeasset.sageclub'

2021-12-29 10:27:10 - [MESSAGE][PASSED] - startApp.OpenApp.startApplication is PASSED

2021-12-29 10:27:10 - [MESSAGE][PASSED] - Call Test Case 'Test Cases/Mobile/Page/Run App/Run App byID' successfully

2021-12-29 10:27:10 - [TEST_STEP][PASSED] - callTestCase(findTestCase("Mobile/Page/NavigationMenu/NavigationMenu"), ["action":"logout"], CONTINUE_ON_FAILURE): Call Test Case 'Test Cases/Mobile/Page/NavigationMenu/NavigationMenu' successfully

2021-12-29 10:27:10 - [TEST_CASE][PASSED] - Test Cases/Mobile/Page/NavigationMenu/NavigationMenu: Test Cases/Mobile/Page/NavigationMenu/NavigationMenu

2021-12-29 10:27:10 - [TEST_STEP][PASSED] - callTestCase(findTestCase("Mobile/Page/CheckLogin"), [:], CONTINUE_ON_FAILURE): Call Test Case 'Test Cases/Mobile/Page/CheckLogin' successfully

2021-12-29 10:27:11 - [TEST_CASE][PASSED] - Test Cases/Mobile/Page/CheckLogin: Test Cases/Mobile/Page/CheckLogin

2021-12-29 10:27:11 - [TEST_STEP][PASSED] - loginCheck = verifyElementExist(LOGN_BtnLogin, 5, CONTINUE_ON_FAILURE): Element 'Object Repository/Mobile/Page/Login/Button - Login' is exist

2021-12-29 10:27:12 - [MESSAGE][PASSED] - Element 'Object Repository/Mobile/Page/Login/Button - Login' is exist

2021-12-29 10:27:12 - [TEST_STEP][PASSED] - if (loginCheck): Call Test Case 'Test Cases/Mobile/Page/Login/Login' successfully

2021-12-29 10:27:12 - [TEST_STEP][PASSED] - callTestCase(findTestCase("Mobile/Page/Login/Login"), [:], CONTINUE_ON_FAILURE): Call Test Case 'Test Cases/Mobile/Page/Login/Login' successfully

2021-12-29 10:27:13 - [TEST_CASE][PASSED] - Test Cases/Mobile/Page/Login/Login: Test Cases/Mobile/Page/Login/Login

2021-12-29 10:27:13 - [TEST_STEP][PASSED] - delay(2): Delayed 2 second(s)

2021-12-29 10:27:15 - [MESSAGE][PASSED] - Delayed 2 second(s)

2021-12-29 10:27:15 - [TEST_STEP][PASSED] - tap(LOGN_EdtUserID, 0): Tapped on element 'Object Repository/Mobile/Page/Login/Input - UserID'

2021-12-29 10:27:15 - [MESSAGE][WARNING] - Timeout '0' is invalid. Using default page load timeout: '60'

2021-12-29 10:27:15 - [MESSAGE][PASSED] - Tapped on element 'Object Repository/Mobile/Page/Login/Input - UserID'

2021-12-29 10:27:15 - [TEST_STEP][PASSED] - delay(1): Delayed 1 second(s)

2021-12-29 10:27:16 - [MESSAGE][PASSED] - Delayed 1 second(s)

2021-12-29 10:27:16 - [TEST_STEP][PASSED] - setText(LOGN_EdtRdyUserID, "anggaaditya", 0): Text 'anggaaditya' has been set to element 'Object Repository/Mobile/Page/Login/Input Rdy - UserID'

2021-12-29 10:27:16 - [MESSAGE][WARNING] - Timeout '0' is invalid. Using default page load timeout: '60'

2021-12-29 10:27:17 - [MESSAGE][PASSED] - Text 'anggaaditya' has been set to element 'Object Repository/Mobile/Page/Login/Input Rdy - UserID'

2021-12-29 10:27:17 - [TEST_STEP][PASSED] - delay(1): Delayed 1 second(s)

2021-12-29 10:27:18 - [MESSAGE][PASSED] - Delayed 1 second(s)

2021-12-29 10:27:18 - [TEST_STEP][PASSED] - hideKeyboard(): Keyboard is hidden

2021-12-29 10:27:21 - [MESSAGE][PASSED] - Keyboard is hidden

2021-12-29 10:27:21 - [TEST_STEP][PASSED] - tap(LOGN_EdtPassword, 0): Tapped on element 'Object Repository/Mobile/Page/Login/Input - Password'

2021-12-29 10:27:21 - [MESSAGE][WARNING] - Timeout '0' is invalid. Using default page load timeout: '60'

2021-12-29 10:27:22 - [MESSAGE][PASSED] - Tapped on element 'Object Repository/Mobile/Page/Login/Input - Password'

2021-12-29 10:27:22 - [TEST_STEP][PASSED] - delay(1): Delayed 1 second(s)

2021-12-29 10:27:23 - [MESSAGE][PASSED] - Delayed 1 second(s)

2021-12-29 10:27:23 - [TEST_STEP][PASSED] - setText(LOGN_EdtRdyPassword, "Shalawa18", 0): Text 'Shalawa18' has been set to element 'Object Repository/Mobile/Page/Login/Input Rdy - Password'

2021-12-29 10:27:23 - [MESSAGE][WARNING] - Timeout '0' is invalid. Using default page load timeout: '60'

2021-12-29 10:27:24 - [MESSAGE][PASSED] - Text 'Shalawa18' has been set to element 'Object Repository/Mobile/Page/Login/Input Rdy - Password'

2021-12-29 10:27:24 - [TEST_STEP][PASSED] - delay(1): Delayed 1 second(s)

2021-12-29 10:27:25 - [MESSAGE][PASSED] - Delayed 1 second(s)

2021-12-29 10:27:25 - [TEST_STEP][PASSED] - hideKeyboard(): Keyboard is hidden

2021-12-29 10:27:31 - [MESSAGE][PASSED] - Keyboard is hidden

2021-12-29 10:27:31 - [TEST_STEP][PASSED] - tap(LOGN_BtnLogin, 0): Tapped on element 'Object Repository/Mobile/Page/Login/Button - Login'

2021-12-29 10:27:31 - [MESSAGE][WARNING] - Timeout '0' is invalid. Using default page load timeout: '60'

2021-12-29 10:27:32 - [MESSAGE][PASSED] - Tapped on element 'Object Repository/Mobile/Page/Login/Button - Login'

2021-12-29 10:27:32 - [TEST_STEP][PASSED] - delay(2): Delayed 2 second(s)

2021-12-29 10:27:34 - [MESSAGE][PASSED] - Delayed 2 second(s)

2021-12-29 10:27:34 - [MESSAGE][PASSED] - Call Test Case 'Test Cases/Mobile/Page/Login/Login' successfully

2021-12-29 10:27:34 - [MESSAGE][PASSED] - Call Test Case 'Test Cases/Mobile/Page/CheckLogin' successfully

2021-12-29 10:27:34 - [TEST_STEP][PASSED] - delay(3): Delayed 3 second(s)

2021-12-29 10:27:37 - [MESSAGE][PASSED] - Delayed 3 second(s)

2021-12-29 10:27:37 - [TEST_STEP][PASSED] - scroll.scroll.scrollScreenLeftToRight(): scroll.scroll.scrollScreenLeftToRight is PASSED

2021-12-29 10:27:37 - [MESSAGE][PASSED] - Current device physical height is 1423

2021-12-29 10:27:37 - [MESSAGE][PASSED] - Current device physical width is 720

2021-12-29 10:27:38 - [MESSAGE][PASSED] - Current device physical height is 1423

2021-12-29 10:27:39 - [MESSAGE][PASSED] - Swiped from 10,711 to 710,711

2021-12-29 10:27:39 - [MESSAGE][PASSED] - scroll.scroll.scrollScreenLeftToRight is PASSED

2021-12-29 10:27:39 - [TEST_STEP][PASSED] - delay(1): Delayed 1 second(s)

2021-12-29 10:27:40 - [MESSAGE][PASSED] - Delayed 1 second(s)

2021-12-29 10:27:40 - [TEST_STEP][PASSED] - for ([i = 0, i < 1, (i++)]): Delayed 1 second(s)

2021-12-29 10:27:40 - [TEST_STEP][PASSED] - if (action == "downloadtaxreport"): null

2021-12-29 10:27:40 - [TEST_STEP][PASSED] - else if (action == "analyzeprofile"): null

2021-12-29 10:27:40 - [TEST_STEP][PASSED] - else if (action == "wa"): null

2021-12-29 10:27:40 - [TEST_STEP][PASSED] - else if (action == "email"): null

2021-12-29 10:27:40 - [TEST_STEP][PASSED] - else if (action == "setting"): null

2021-12-29 10:27:40 - [TEST_STEP][PASSED] - else if (action == "logout"): Delayed 1 second(s)

2021-12-29 10:27:40 - [TEST_STEP][PASSED] - logout = NAVM_ContLogout: null

2021-12-29 10:27:40 - [TEST_STEP][PASSED] - top = getElementTopPosition(logout, 0): Object 'Object Repository/Mobile/Page/NavigationMenu/Container - Logout' has top position '954'

2021-12-29 10:27:40 - [MESSAGE][WARNING] - Timeout '0' is invalid. Using default page load timeout: '60'

2021-12-29 10:27:40 - [MESSAGE][PASSED] - Object 'Object Repository/Mobile/Page/NavigationMenu/Container - Logout' has top position '954'

2021-12-29 10:27:40 - [TEST_STEP][PASSED] - y = getElementHeight(logout, 0) * 0.8 + top: Object 'Object Repository/Mobile/Page/NavigationMenu/Container - Logout' has height: '98'

2021-12-29 10:27:40 - [MESSAGE][WARNING] - Timeout '0' is invalid. Using default page load timeout: '60'

2021-12-29 10:27:40 - [MESSAGE][PASSED] - Object 'Object Repository/Mobile/Page/NavigationMenu/Container - Logout' has height: '98'

2021-12-29 10:27:40 - [TEST_STEP][PASSED] - x = getDeviceWidth() * 0.2: Current device physical width is 720

2021-12-29 10:27:41 - [MESSAGE][PASSED] - Current device physical width is 720

2021-12-29 10:27:41 - [TEST_STEP][PASSED] - tapAtPosition(x, y): Tapped at [144, 1,032]

2021-12-29 10:27:41 - [MESSAGE][PASSED] - Tapped at [144, 1,032]

2021-12-29 10:27:41 - [TEST_STEP][PASSED] - delay(1): Delayed 1 second(s)

2021-12-29 10:27:42 - [MESSAGE][PASSED] - Delayed 1 second(s)

2021-12-29 10:27:42 - [MESSAGE][PASSED] - Call Test Case 'Test Cases/Mobile/Page/NavigationMenu/NavigationMenu' successfully

2021-12-29 10:27:42 - [TEST_STEP][PASSED] - callTestCase(findTestCase("Mobile/Page/Run App/Terminate App"), [:], STOP_ON_FAILURE): Call Test Case 'Test Cases/Mobile/Page/Run App/Terminate App' successfully

2021-12-29 10:27:42 - [TEST_CASE][PASSED] - Test Cases/Mobile/Page/Run App/Terminate App: Test Cases/Mobile/Page/Run App/Terminate App

2021-12-29 10:27:42 - [TEST_STEP][PASSED] - startApp.OpenApp.terminateApplication(): startApp.OpenApp.terminateApplication is PASSED

2021-12-29 10:27:45 - [MESSAGE][PASSED] - Delayed 3 second(s)

2021-12-29 10:27:45 - [MESSAGE][PASSED] - Current device physical width is 720

2021-12-29 10:27:46 - [MESSAGE][PASSED] - Current device physical height is 1423

2021-12-29 10:27:47 - [MESSAGE][PASSED] - Swiped from 360,853 to 360,142

2021-12-29 10:27:48 - [MESSAGE][PASSED] - Delayed 1 second(s)

2021-12-29 10:27:49 - [MESSAGE][PASSED] - Swiped from 360,853 to 360,142

2021-12-29 10:27:52 - [MESSAGE][PASSED] - Delayed 3 second(s)

2021-12-29 10:27:52 - [MESSAGE][PASSED] - startApp.OpenApp.terminateApplication is PASSED

2021-12-29 10:27:52 - [MESSAGE][PASSED] - Call Test Case 'Test Cases/Mobile/Page/Run App/Terminate App' successfully]]></system-out>
         <system-err><![CDATA[]]></system-err>
      </testcase>
      <system-out><![CDATA[2021-12-29 10:20:25 - [TEST_SUITE][PASSED] - navigationmenu: Test Cases/Mobile/Scenario/NavigationMenu/006 - Logout]]></system-out>
      <system-err><![CDATA[]]></system-err>
   </testsuite>
</testsuites>
