<?xml version="1.0" encoding="UTF-8"?>
<testsuites name="navigationmenu" time="450.944" tests="6" failures="0" skips="0" errors="0">
   <testsuite name="navigationmenu" tests="6" failures="0" errors="0" time="450.944" skips="0" timestamp="2022-01-24 12:44:54" hostname="Owner - aldy-tft" id="Test Suites/navigationmenu">
      <properties>
         <property name="deviceName" value="samsung SM-A205F (Android 11)"/>
         <property name="devicePlatform" value=""/>
         <property name="logFolder" value="C:\\Users\\Owner\\Documents\\kerjaan\\KatalonProject\\qa_katalon_pwm\\qa_katalon_pwm\\Reports\\20220124_124440\\navigationmenu\\20220124_124441"/>
         <property name="logFiles" value="C:\\Users\\Owner\\Documents\\kerjaan\\KatalonProject\\qa_katalon_pwm\\qa_katalon_pwm\\Reports\\20220124_124440\\navigationmenu\\20220124_124441\\appium.log, C:\\Users\\Owner\\Documents\\kerjaan\\KatalonProject\\qa_katalon_pwm\\qa_katalon_pwm\\Reports\\20220124_124440\\navigationmenu\\20220124_124441\\execution0.log"/>
         <property name="attachments" value="C:\\Users\\Owner\\Documents\\kerjaan\\KatalonProject\\qa_katalon_pwm\\qa_katalon_pwm\\Reports\\20220124_124440\\navigationmenu\\20220124_124441\\1643003223272.png, C:\\Users\\Owner\\Documents\\kerjaan\\KatalonProject\\qa_katalon_pwm\\qa_katalon_pwm\\Reports\\20220124_124440\\navigationmenu\\20220124_124441\\1643003223977.png"/>
         <property name="hostName" value="Owner - aldy-tft"/>
         <property name="os" value="Windows 10 64bit"/>
         <property name="appiumServerStatus" value="{&quot;value&quot;:{&quot;build&quot;:{&quot;version&quot;:&quot;1.22.0&quot;}},&quot;sessionId&quot;:null,&quot;status&quot;:0}"/>
         <property name="katalonVersion" value="7.9.1.208"/>
         <property name="deviceOS" value="Android"/>
         <property name="appiumVersion" value="1.22.0"/>
         <property name="deviceModel" value="SM-A205F"/>
         <property name="hostAddress" value="192.168.18.37"/>
         <property name="deviceManufacturer" value="samsung"/>
         <property name="deviceId" value="RR8M40C9AXE"/>
         <property name="deviceName" value="samsung SM-A205F (Android 11)"/>
         <property name="deviceOSVersion" value="11"/>
      </properties>
      <testcase name="Test Cases/Mobile/Scenario/NavigationMenu/001 - Download Report" time="77.423" classname="Test Cases/Mobile/Scenario/NavigationMenu/001 - Download Report" status="PASSED">
         <system-out><![CDATA[2022-01-24 12:44:55 - [TEST_CASE][PASSED] - Test Cases/Mobile/Scenario/NavigationMenu/001 - Download Report: Test Cases/Mobile/Scenario/NavigationMenu/001 - Download Report

2022-01-24 12:44:55 - [TEST_STEP][PASSED] - callTestCase(findTestCase("Mobile/Page/Run App/Run App byID"), [:], STOP_ON_FAILURE): Call Test Case 'Test Cases/Mobile/Page/Run App/Run App byID' successfully

2022-01-24 12:44:55 - [TEST_CASE][PASSED] - Test Cases/Mobile/Page/Run App/Run App byID: Test Cases/Mobile/Page/Run App/Run App byID

2022-01-24 12:44:55 - [TEST_STEP][PASSED] - startApp.OpenApp.startApplication("id.co.miraeasset.sageclub"): startApp.OpenApp.startApplication is PASSED

2022-01-24 12:44:57 - [MESSAGE][INFO] - Appium server started on port 62,911

2022-01-24 12:45:10 - [MESSAGE][PASSED] - Starting app with application ID: 'id.co.miraeasset.sageclub'

2022-01-24 12:45:10 - [MESSAGE][PASSED] - startApp.OpenApp.startApplication is PASSED

2022-01-24 12:45:10 - [MESSAGE][PASSED] - Call Test Case 'Test Cases/Mobile/Page/Run App/Run App byID' successfully

2022-01-24 12:45:10 - [TEST_STEP][PASSED] - callTestCase(findTestCase("Mobile/Page/NavigationMenu/NavigationMenu"), ["action":"downloadtaxreport"], CONTINUE_ON_FAILURE): Call Test Case 'Test Cases/Mobile/Page/NavigationMenu/NavigationMenu' successfully

2022-01-24 12:45:10 - [TEST_CASE][PASSED] - Test Cases/Mobile/Page/NavigationMenu/NavigationMenu: Test Cases/Mobile/Page/NavigationMenu/NavigationMenu

2022-01-24 12:45:11 - [TEST_STEP][PASSED] - callTestCase(findTestCase("Mobile/Page/CheckLogin"), [:], CONTINUE_ON_FAILURE): Call Test Case 'Test Cases/Mobile/Page/CheckLogin' successfully

2022-01-24 12:45:11 - [TEST_CASE][PASSED] - Test Cases/Mobile/Page/CheckLogin: Test Cases/Mobile/Page/CheckLogin

2022-01-24 12:45:11 - [TEST_STEP][PASSED] - loginCheck = verifyElementExist(LOGN_BtnLogin, 5, CONTINUE_ON_FAILURE): Element 'Object Repository/Mobile/Page/Login/Button - Login' is exist

2022-01-24 12:45:26 - [MESSAGE][PASSED] - Element 'Object Repository/Mobile/Page/Login/Button - Login' is exist

2022-01-24 12:45:26 - [TEST_STEP][PASSED] - if (loginCheck): Call Test Case 'Test Cases/Mobile/Page/Login/Login' successfully

2022-01-24 12:45:26 - [TEST_STEP][PASSED] - callTestCase(findTestCase("Mobile/Page/Login/Login"), ["action":"username"], CONTINUE_ON_FAILURE): Call Test Case 'Test Cases/Mobile/Page/Login/Login' successfully

2022-01-24 12:45:26 - [TEST_CASE][PASSED] - Test Cases/Mobile/Page/Login/Login: Test Cases/Mobile/Page/Login/Login

2022-01-24 12:45:26 - [TEST_STEP][PASSED] - delay(2): Delayed 2 second(s)

2022-01-24 12:45:28 - [MESSAGE][PASSED] - Delayed 2 second(s)

2022-01-24 12:45:28 - [TEST_STEP][PASSED] - for ([i = 0, i < 1, (i++)]): null

2022-01-24 12:45:28 - [TEST_STEP][PASSED] - if (action == "username"): null

2022-01-24 12:45:28 - [TEST_STEP][PASSED] - tap(LOGN_EdtUserID, 0): Tapped on element 'Object Repository/Mobile/Page/Login/Input - UserID'

2022-01-24 12:45:28 - [MESSAGE][WARNING] - Timeout '0' is invalid. Using default page load timeout: '60'

2022-01-24 12:45:29 - [MESSAGE][PASSED] - Tapped on element 'Object Repository/Mobile/Page/Login/Input - UserID'

2022-01-24 12:45:29 - [TEST_STEP][PASSED] - delay(1): Delayed 1 second(s)

2022-01-24 12:45:30 - [MESSAGE][PASSED] - Delayed 1 second(s)

2022-01-24 12:45:30 - [TEST_STEP][PASSED] - setText(LOGN_EdtRdyUserID, "anggaaditya", 0): Text 'anggaaditya' has been set to element 'Object Repository/Mobile/Page/Login/Input Rdy - UserID'

2022-01-24 12:45:30 - [MESSAGE][WARNING] - Timeout '0' is invalid. Using default page load timeout: '60'

2022-01-24 12:45:31 - [MESSAGE][PASSED] - Text 'anggaaditya' has been set to element 'Object Repository/Mobile/Page/Login/Input Rdy - UserID'

2022-01-24 12:45:31 - [TEST_STEP][PASSED] - delay(1): Delayed 1 second(s)

2022-01-24 12:45:32 - [MESSAGE][PASSED] - Delayed 1 second(s)

2022-01-24 12:45:32 - [TEST_STEP][PASSED] - hideKeyboard(): Keyboard is hidden

2022-01-24 12:45:36 - [MESSAGE][PASSED] - Keyboard is hidden

2022-01-24 12:45:36 - [TEST_STEP][PASSED] - tap(LOGN_EdtPassword, 0): Tapped on element 'Object Repository/Mobile/Page/Login/Input - Password'

2022-01-24 12:45:36 - [MESSAGE][WARNING] - Timeout '0' is invalid. Using default page load timeout: '60'

2022-01-24 12:45:36 - [MESSAGE][PASSED] - Tapped on element 'Object Repository/Mobile/Page/Login/Input - Password'

2022-01-24 12:45:36 - [TEST_STEP][PASSED] - delay(1): Delayed 1 second(s)

2022-01-24 12:45:37 - [MESSAGE][PASSED] - Delayed 1 second(s)

2022-01-24 12:45:37 - [TEST_STEP][PASSED] - setText(LOGN_EdtRdyPassword, "Shalawa18", 0): Text 'Shalawa18' has been set to element 'Object Repository/Mobile/Page/Login/Input Rdy - Password'

2022-01-24 12:45:37 - [MESSAGE][WARNING] - Timeout '0' is invalid. Using default page load timeout: '60'

2022-01-24 12:45:38 - [MESSAGE][PASSED] - Text 'Shalawa18' has been set to element 'Object Repository/Mobile/Page/Login/Input Rdy - Password'

2022-01-24 12:45:38 - [TEST_STEP][PASSED] - delay(1): Delayed 1 second(s)

2022-01-24 12:45:39 - [MESSAGE][PASSED] - Delayed 1 second(s)

2022-01-24 12:45:39 - [TEST_STEP][PASSED] - hideKeyboard(): Keyboard is hidden

2022-01-24 12:45:46 - [MESSAGE][PASSED] - Keyboard is hidden

2022-01-24 12:45:46 - [TEST_STEP][PASSED] - tap(LOGN_BtnLogin, 0): Tapped on element 'Object Repository/Mobile/Page/Login/Button - Login'

2022-01-24 12:45:46 - [MESSAGE][WARNING] - Timeout '0' is invalid. Using default page load timeout: '60'

2022-01-24 12:45:47 - [MESSAGE][PASSED] - Tapped on element 'Object Repository/Mobile/Page/Login/Button - Login'

2022-01-24 12:45:47 - [TEST_STEP][PASSED] - delay(2): Delayed 2 second(s)

2022-01-24 12:45:49 - [MESSAGE][PASSED] - Delayed 2 second(s)

2022-01-24 12:45:49 - [TEST_STEP][PASSED] - break: null

2022-01-24 12:45:49 - [MESSAGE][PASSED] - Call Test Case 'Test Cases/Mobile/Page/Login/Login' successfully

2022-01-24 12:45:49 - [MESSAGE][PASSED] - Call Test Case 'Test Cases/Mobile/Page/CheckLogin' successfully

2022-01-24 12:45:49 - [TEST_STEP][PASSED] - delay(3): Delayed 3 second(s)

2022-01-24 12:45:52 - [MESSAGE][PASSED] - Delayed 3 second(s)

2022-01-24 12:45:52 - [TEST_STEP][PASSED] - scroll.scroll.scrollScreenLeftToRight(): scroll.scroll.scrollScreenLeftToRight is PASSED

2022-01-24 12:45:52 - [MESSAGE][PASSED] - Current device physical height is 1423

2022-01-24 12:45:52 - [MESSAGE][PASSED] - Current device physical width is 720

2022-01-24 12:45:53 - [MESSAGE][PASSED] - Current device physical height is 1423

2022-01-24 12:45:54 - [MESSAGE][PASSED] - Swiped from 10,711 to 710,711

2022-01-24 12:45:54 - [MESSAGE][PASSED] - scroll.scroll.scrollScreenLeftToRight is PASSED

2022-01-24 12:45:54 - [TEST_STEP][PASSED] - delay(1): Delayed 1 second(s)

2022-01-24 12:45:55 - [MESSAGE][PASSED] - Delayed 1 second(s)

2022-01-24 12:45:55 - [TEST_STEP][PASSED] - for ([i = 0, i < 1, (i++)]): Press back button successfully

2022-01-24 12:45:55 - [TEST_STEP][PASSED] - if (action == "downloadtaxreport"): Press back button successfully

2022-01-24 12:45:55 - [TEST_STEP][PASSED] - taxreport = NAVM_ContYearlyTaxReport: null

2022-01-24 12:45:55 - [TEST_STEP][PASSED] - top = getElementTopPosition(taxreport, 0): Object 'Object Repository/Mobile/Page/NavigationMenu/Container - Yearly Tax Report' has top position '277'

2022-01-24 12:45:55 - [MESSAGE][WARNING] - Timeout '0' is invalid. Using default page load timeout: '60'

2022-01-24 12:45:55 - [MESSAGE][PASSED] - Object 'Object Repository/Mobile/Page/NavigationMenu/Container - Yearly Tax Report' has top position '277'

2022-01-24 12:45:55 - [TEST_STEP][PASSED] - y = getElementHeight(taxreport, 0) * 0.8 + top: Object 'Object Repository/Mobile/Page/NavigationMenu/Container - Yearly Tax Report' has height: '119'

2022-01-24 12:45:55 - [MESSAGE][WARNING] - Timeout '0' is invalid. Using default page load timeout: '60'

2022-01-24 12:45:55 - [MESSAGE][PASSED] - Object 'Object Repository/Mobile/Page/NavigationMenu/Container - Yearly Tax Report' has height: '119'

2022-01-24 12:45:55 - [TEST_STEP][PASSED] - x = getDeviceWidth() * 0.2: Current device physical width is 720

2022-01-24 12:45:55 - [MESSAGE][PASSED] - Current device physical width is 720

2022-01-24 12:45:55 - [TEST_STEP][PASSED] - tapAtPosition(x, y): Tapped at [144, 372]

2022-01-24 12:45:56 - [MESSAGE][PASSED] - Tapped at [144, 372]

2022-01-24 12:45:56 - [TEST_STEP][PASSED] - delay(5): Delayed 5 second(s)

2022-01-24 12:46:01 - [MESSAGE][PASSED] - Delayed 5 second(s)

2022-01-24 12:46:01 - [TEST_STEP][PASSED] - pressBack(): Press back button successfully

2022-01-24 12:46:01 - [MESSAGE][PASSED] - Press back button successfully

2022-01-24 12:46:01 - [MESSAGE][PASSED] - Call Test Case 'Test Cases/Mobile/Page/NavigationMenu/NavigationMenu' successfully

2022-01-24 12:46:01 - [TEST_STEP][PASSED] - callTestCase(findTestCase("Mobile/Page/Run App/Terminate App"), [:], STOP_ON_FAILURE): Call Test Case 'Test Cases/Mobile/Page/Run App/Terminate App' successfully

2022-01-24 12:46:01 - [TEST_CASE][PASSED] - Test Cases/Mobile/Page/Run App/Terminate App: Test Cases/Mobile/Page/Run App/Terminate App

2022-01-24 12:46:01 - [TEST_STEP][PASSED] - startApp.OpenApp.terminateApplication(): startApp.OpenApp.terminateApplication is PASSED

2022-01-24 12:46:05 - [MESSAGE][PASSED] - Delayed 3 second(s)

2022-01-24 12:46:05 - [MESSAGE][PASSED] - Current device physical width is 720

2022-01-24 12:46:05 - [MESSAGE][PASSED] - Current device physical height is 1423

2022-01-24 12:46:07 - [MESSAGE][PASSED] - Swiped from 360,853 to 360,142

2022-01-24 12:46:08 - [MESSAGE][PASSED] - Delayed 1 second(s)

2022-01-24 12:46:09 - [MESSAGE][PASSED] - Swiped from 360,853 to 360,142

2022-01-24 12:46:12 - [MESSAGE][PASSED] - Delayed 3 second(s)

2022-01-24 12:46:12 - [MESSAGE][PASSED] - startApp.OpenApp.terminateApplication is PASSED

2022-01-24 12:46:12 - [MESSAGE][PASSED] - Call Test Case 'Test Cases/Mobile/Page/Run App/Terminate App' successfully]]></system-out>
         <system-err><![CDATA[]]></system-err>
      </testcase>
      <testcase name="Test Cases/Mobile/Scenario/NavigationMenu/002 - Risk Profile analysis" time="93.137" classname="Test Cases/Mobile/Scenario/NavigationMenu/002 - Risk Profile analysis" status="PASSED">
         <system-out><![CDATA[2022-01-24 12:46:12 - [TEST_CASE][PASSED] - Test Cases/Mobile/Scenario/NavigationMenu/002 - Risk Profile analysis: Test Cases/Mobile/Scenario/NavigationMenu/002 - Risk Profile analysis

2022-01-24 12:46:12 - [TEST_STEP][PASSED] - callTestCase(findTestCase("Mobile/Page/Run App/Run App byID"), [:], STOP_ON_FAILURE): Call Test Case 'Test Cases/Mobile/Page/Run App/Run App byID' successfully

2022-01-24 12:46:12 - [TEST_CASE][PASSED] - Test Cases/Mobile/Page/Run App/Run App byID: Test Cases/Mobile/Page/Run App/Run App byID

2022-01-24 12:46:12 - [TEST_STEP][PASSED] - startApp.OpenApp.startApplication("id.co.miraeasset.sageclub"): startApp.OpenApp.startApplication is PASSED

2022-01-24 12:46:24 - [MESSAGE][PASSED] - Starting app with application ID: 'id.co.miraeasset.sageclub'

2022-01-24 12:46:24 - [MESSAGE][PASSED] - startApp.OpenApp.startApplication is PASSED

2022-01-24 12:46:24 - [MESSAGE][PASSED] - Call Test Case 'Test Cases/Mobile/Page/Run App/Run App byID' successfully

2022-01-24 12:46:24 - [TEST_STEP][PASSED] - callTestCase(findTestCase("Mobile/Page/NavigationMenu/NavigationMenu"), ["action":"analyzeprofile"], CONTINUE_ON_FAILURE): Call Test Case 'Test Cases/Mobile/Page/NavigationMenu/NavigationMenu' successfully

2022-01-24 12:46:24 - [TEST_CASE][PASSED] - Test Cases/Mobile/Page/NavigationMenu/NavigationMenu: Test Cases/Mobile/Page/NavigationMenu/NavigationMenu

2022-01-24 12:46:25 - [TEST_STEP][PASSED] - callTestCase(findTestCase("Mobile/Page/CheckLogin"), [:], CONTINUE_ON_FAILURE): Call Test Case 'Test Cases/Mobile/Page/CheckLogin' successfully

2022-01-24 12:46:25 - [TEST_CASE][PASSED] - Test Cases/Mobile/Page/CheckLogin: Test Cases/Mobile/Page/CheckLogin

2022-01-24 12:46:25 - [TEST_STEP][PASSED] - loginCheck = verifyElementExist(LOGN_BtnLogin, 5, CONTINUE_ON_FAILURE): Element 'Object Repository/Mobile/Page/Login/Button - Login' is exist

2022-01-24 12:46:27 - [MESSAGE][PASSED] - Element 'Object Repository/Mobile/Page/Login/Button - Login' is exist

2022-01-24 12:46:27 - [TEST_STEP][PASSED] - if (loginCheck): Call Test Case 'Test Cases/Mobile/Page/Login/Login' successfully

2022-01-24 12:46:27 - [TEST_STEP][PASSED] - callTestCase(findTestCase("Mobile/Page/Login/Login"), ["action":"username"], CONTINUE_ON_FAILURE): Call Test Case 'Test Cases/Mobile/Page/Login/Login' successfully

2022-01-24 12:46:27 - [TEST_CASE][PASSED] - Test Cases/Mobile/Page/Login/Login: Test Cases/Mobile/Page/Login/Login

2022-01-24 12:46:27 - [TEST_STEP][PASSED] - delay(2): Delayed 2 second(s)

2022-01-24 12:46:29 - [MESSAGE][PASSED] - Delayed 2 second(s)

2022-01-24 12:46:29 - [TEST_STEP][PASSED] - for ([i = 0, i < 1, (i++)]): null

2022-01-24 12:46:29 - [TEST_STEP][PASSED] - if (action == "username"): null

2022-01-24 12:46:29 - [TEST_STEP][PASSED] - tap(LOGN_EdtUserID, 0): Tapped on element 'Object Repository/Mobile/Page/Login/Input - UserID'

2022-01-24 12:46:29 - [MESSAGE][WARNING] - Timeout '0' is invalid. Using default page load timeout: '60'

2022-01-24 12:46:29 - [MESSAGE][PASSED] - Tapped on element 'Object Repository/Mobile/Page/Login/Input - UserID'

2022-01-24 12:46:29 - [TEST_STEP][PASSED] - delay(1): Delayed 1 second(s)

2022-01-24 12:46:30 - [MESSAGE][PASSED] - Delayed 1 second(s)

2022-01-24 12:46:30 - [TEST_STEP][PASSED] - setText(LOGN_EdtRdyUserID, "anggaaditya", 0): Text 'anggaaditya' has been set to element 'Object Repository/Mobile/Page/Login/Input Rdy - UserID'

2022-01-24 12:46:30 - [MESSAGE][WARNING] - Timeout '0' is invalid. Using default page load timeout: '60'

2022-01-24 12:46:33 - [MESSAGE][PASSED] - Text 'anggaaditya' has been set to element 'Object Repository/Mobile/Page/Login/Input Rdy - UserID'

2022-01-24 12:46:33 - [TEST_STEP][PASSED] - delay(1): Delayed 1 second(s)

2022-01-24 12:46:34 - [MESSAGE][PASSED] - Delayed 1 second(s)

2022-01-24 12:46:34 - [TEST_STEP][PASSED] - hideKeyboard(): Keyboard is hidden

2022-01-24 12:46:38 - [MESSAGE][PASSED] - Keyboard is hidden

2022-01-24 12:46:38 - [TEST_STEP][PASSED] - tap(LOGN_EdtPassword, 0): Tapped on element 'Object Repository/Mobile/Page/Login/Input - Password'

2022-01-24 12:46:38 - [MESSAGE][WARNING] - Timeout '0' is invalid. Using default page load timeout: '60'

2022-01-24 12:46:38 - [MESSAGE][PASSED] - Tapped on element 'Object Repository/Mobile/Page/Login/Input - Password'

2022-01-24 12:46:38 - [TEST_STEP][PASSED] - delay(1): Delayed 1 second(s)

2022-01-24 12:46:39 - [MESSAGE][PASSED] - Delayed 1 second(s)

2022-01-24 12:46:39 - [TEST_STEP][PASSED] - setText(LOGN_EdtRdyPassword, "Shalawa18", 0): Text 'Shalawa18' has been set to element 'Object Repository/Mobile/Page/Login/Input Rdy - Password'

2022-01-24 12:46:39 - [MESSAGE][WARNING] - Timeout '0' is invalid. Using default page load timeout: '60'

2022-01-24 12:46:39 - [MESSAGE][PASSED] - Text 'Shalawa18' has been set to element 'Object Repository/Mobile/Page/Login/Input Rdy - Password'

2022-01-24 12:46:39 - [TEST_STEP][PASSED] - delay(1): Delayed 1 second(s)

2022-01-24 12:46:41 - [MESSAGE][PASSED] - Delayed 1 second(s)

2022-01-24 12:46:41 - [TEST_STEP][PASSED] - hideKeyboard(): Keyboard is hidden

2022-01-24 12:46:47 - [MESSAGE][PASSED] - Keyboard is hidden

2022-01-24 12:46:47 - [TEST_STEP][PASSED] - tap(LOGN_BtnLogin, 0): Tapped on element 'Object Repository/Mobile/Page/Login/Button - Login'

2022-01-24 12:46:47 - [MESSAGE][WARNING] - Timeout '0' is invalid. Using default page load timeout: '60'

2022-01-24 12:46:48 - [MESSAGE][PASSED] - Tapped on element 'Object Repository/Mobile/Page/Login/Button - Login'

2022-01-24 12:46:48 - [TEST_STEP][PASSED] - delay(2): Delayed 2 second(s)

2022-01-24 12:46:50 - [MESSAGE][PASSED] - Delayed 2 second(s)

2022-01-24 12:46:50 - [TEST_STEP][PASSED] - break: null

2022-01-24 12:46:50 - [MESSAGE][PASSED] - Call Test Case 'Test Cases/Mobile/Page/Login/Login' successfully

2022-01-24 12:46:50 - [MESSAGE][PASSED] - Call Test Case 'Test Cases/Mobile/Page/CheckLogin' successfully

2022-01-24 12:46:50 - [TEST_STEP][PASSED] - delay(3): Delayed 3 second(s)

2022-01-24 12:46:53 - [MESSAGE][PASSED] - Delayed 3 second(s)

2022-01-24 12:46:53 - [TEST_STEP][PASSED] - scroll.scroll.scrollScreenLeftToRight(): scroll.scroll.scrollScreenLeftToRight is PASSED

2022-01-24 12:46:53 - [MESSAGE][PASSED] - Current device physical height is 1423

2022-01-24 12:46:53 - [MESSAGE][PASSED] - Current device physical width is 720

2022-01-24 12:46:53 - [MESSAGE][PASSED] - Current device physical height is 1423

2022-01-24 12:46:55 - [MESSAGE][PASSED] - Swiped from 10,711 to 710,711

2022-01-24 12:46:55 - [MESSAGE][PASSED] - scroll.scroll.scrollScreenLeftToRight is PASSED

2022-01-24 12:46:55 - [TEST_STEP][PASSED] - delay(1): Delayed 1 second(s)

2022-01-24 12:46:56 - [MESSAGE][PASSED] - Delayed 1 second(s)

2022-01-24 12:46:56 - [TEST_STEP][FAILED] - for ([i = 0, i < 1, (i++)]): null

2022-01-24 12:46:56 - [TEST_STEP][PASSED] - if (action == "downloadtaxreport"): null

2022-01-24 12:46:56 - [TEST_STEP][FAILED] - else if (action == "analyzeprofile"): null

2022-01-24 12:46:56 - [TEST_STEP][PASSED] - risk = NAVM_ContRiskProfile: null

2022-01-24 12:46:56 - [TEST_STEP][PASSED] - top = getElementTopPosition(risk, 0): Object 'Object Repository/Mobile/Page/NavigationMenu/Container - Risk Profile' has top position '431'

2022-01-24 12:46:56 - [MESSAGE][WARNING] - Timeout '0' is invalid. Using default page load timeout: '60'

2022-01-24 12:46:56 - [MESSAGE][PASSED] - Object 'Object Repository/Mobile/Page/NavigationMenu/Container - Risk Profile' has top position '431'

2022-01-24 12:46:56 - [TEST_STEP][PASSED] - y = getElementHeight(risk, 0) * 0.8 + top: Object 'Object Repository/Mobile/Page/NavigationMenu/Container - Risk Profile' has height: '119'

2022-01-24 12:46:56 - [MESSAGE][WARNING] - Timeout '0' is invalid. Using default page load timeout: '60'

2022-01-24 12:46:56 - [MESSAGE][PASSED] - Object 'Object Repository/Mobile/Page/NavigationMenu/Container - Risk Profile' has height: '119'

2022-01-24 12:46:56 - [TEST_STEP][PASSED] - x = getDeviceWidth() * 0.2: Current device physical width is 720

2022-01-24 12:46:56 - [MESSAGE][PASSED] - Current device physical width is 720

2022-01-24 12:46:56 - [TEST_STEP][PASSED] - tapAtPosition(x, y): Tapped at [144, 526]

2022-01-24 12:46:56 - [MESSAGE][PASSED] - Tapped at [144, 526]

2022-01-24 12:46:56 - [TEST_STEP][PASSED] - delay(1): Delayed 1 second(s)

2022-01-24 12:46:57 - [MESSAGE][PASSED] - Delayed 1 second(s)

2022-01-24 12:46:57 - [TEST_STEP][FAILED] - try: Failed to check for element 'Object Repository/Mobile/Page/NavigationMenu/Container - Risk Profile' exist (Root cause: com.kms.katalon.core.exception.StepFailedException: Element 'Object Repository/Mobile/Page/NavigationMenu/Container - Risk Profile' not found
	at com.kms.katalon.core.keyword.internal.KeywordMain.stepFailed(KeywordMain.groovy:50)
	at com.kms.katalon.core.mobile.keyword.internal.MobileKeywordMain.stepFailed(MobileKeywordMain.groovy:40)
	at com.kms.katalon.core.mobile.keyword.builtin.VerifyElementExistKeyword$_verifyElementExist_closure1.doCall(VerifyElementExistKeyword.groovy:77)
	at com.kms.katalon.core.mobile.keyword.builtin.VerifyElementExistKeyword$_verifyElementExist_closure1.call(VerifyElementExistKeyword.groovy)
	at com.kms.katalon.core.mobile.keyword.internal.MobileKeywordMain.runKeyword(MobileKeywordMain.groovy:21)
	at com.kms.katalon.core.mobile.keyword.builtin.VerifyElementExistKeyword.verifyElementExist(VerifyElementExistKeyword.groovy:80)
	at com.kms.katalon.core.mobile.keyword.builtin.VerifyElementExistKeyword.execute(VerifyElementExistKeyword.groovy:64)
	at com.kms.katalon.core.keyword.internal.KeywordExecutor.executeKeywordForPlatform(KeywordExecutor.groovy:73)
	at com.kms.katalon.core.mobile.keyword.MobileBuiltInKeywords.verifyElementExist(MobileBuiltInKeywords.groovy:1586)
	at com.kms.katalon.core.mobile.keyword.MobileBuiltInKeywords$verifyElementExist$11.call(Unknown Source)
	at NavigationMenu.run(NavigationMenu:51)
	at com.kms.katalon.core.main.ScriptEngine.run(ScriptEngine.java:194)
	at com.kms.katalon.core.main.ScriptEngine.runScriptAsRawText(ScriptEngine.java:119)
	at com.kms.katalon.core.main.TestCaseExecutor.runScript(TestCaseExecutor.java:398)
	at com.kms.katalon.core.main.TestCaseExecutor.doExecute(TestCaseExecutor.java:389)
	at com.kms.katalon.core.main.TestCaseExecutor.processExecutionPhase(TestCaseExecutor.java:368)
	at com.kms.katalon.core.main.TestCaseExecutor.accessMainPhase(TestCaseExecutor.java:360)
	at com.kms.katalon.core.main.TestCaseExecutor.execute(TestCaseExecutor.java:255)
	at com.kms.katalon.core.main.TestCaseMain.runTestCase(TestCaseMain.java:114)
	at com.kms.katalon.core.keyword.builtin.CallTestCaseKeyword$_callTestCase_closure1.doCall(CallTestCaseKeyword.groovy:59)
	at com.kms.katalon.core.keyword.builtin.CallTestCaseKeyword$_callTestCase_closure1.call(CallTestCaseKeyword.groovy)
	at com.kms.katalon.core.keyword.internal.KeywordMain.runKeyword(KeywordMain.groovy:68)
	at com.kms.katalon.core.keyword.builtin.CallTestCaseKeyword.callTestCase(CallTestCaseKeyword.groovy:81)
	at com.kms.katalon.core.keyword.builtin.CallTestCaseKeyword.execute(CallTestCaseKeyword.groovy:44)
	at com.kms.katalon.core.keyword.internal.KeywordExecutor.executeKeywordForPlatform(KeywordExecutor.groovy:73)
	at com.kms.katalon.core.keyword.BuiltinKeywords.callTestCase(BuiltinKeywords.groovy:334)
	at 002 - Risk Profile analysis.run(002 - Risk Profile analysis:22)
	at com.kms.katalon.core.main.ScriptEngine.run(ScriptEngine.java:194)
	at com.kms.katalon.core.main.ScriptEngine.runScriptAsRawText(ScriptEngine.java:119)
	at com.kms.katalon.core.main.TestCaseExecutor.runScript(TestCaseExecutor.java:398)
	at com.kms.katalon.core.main.TestCaseExecutor.doExecute(TestCaseExecutor.java:389)
	at com.kms.katalon.core.main.TestCaseExecutor.processExecutionPhase(TestCaseExecutor.java:368)
	at com.kms.katalon.core.main.TestCaseExecutor.accessMainPhase(TestCaseExecutor.java:360)
	at com.kms.katalon.core.main.TestCaseExecutor.execute(TestCaseExecutor.java:255)
	at com.kms.katalon.core.main.TestSuiteExecutor.accessTestCaseMainPhase(TestSuiteExecutor.java:203)
	at com.kms.katalon.core.main.TestSuiteExecutor.accessTestSuiteMainPhase(TestSuiteExecutor.java:152)
	at com.kms.katalon.core.main.TestSuiteExecutor.execute(TestSuiteExecutor.java:95)
	at com.kms.katalon.core.main.TestCaseMain.startTestSuite(TestCaseMain.java:157)
	at com.kms.katalon.core.main.TestCaseMain$startTestSuite$0.call(Unknown Source)
	at TempTestSuite1643003081623.run(TempTestSuite1643003081623.groovy:39)
)

2022-01-24 12:46:57 - [TEST_STEP][FAILED] - for ([j = 1, j <= 5, (j++)]): Failed to check for element 'Object Repository/Mobile/Page/NavigationMenu/Container - Risk Profile' exist (Root cause: com.kms.katalon.core.exception.StepFailedException: Element 'Object Repository/Mobile/Page/NavigationMenu/Container - Risk Profile' not found
	at com.kms.katalon.core.keyword.internal.KeywordMain.stepFailed(KeywordMain.groovy:50)
	at com.kms.katalon.core.mobile.keyword.internal.MobileKeywordMain.stepFailed(MobileKeywordMain.groovy:40)
	at com.kms.katalon.core.mobile.keyword.builtin.VerifyElementExistKeyword$_verifyElementExist_closure1.doCall(VerifyElementExistKeyword.groovy:77)
	at com.kms.katalon.core.mobile.keyword.builtin.VerifyElementExistKeyword$_verifyElementExist_closure1.call(VerifyElementExistKeyword.groovy)
	at com.kms.katalon.core.mobile.keyword.internal.MobileKeywordMain.runKeyword(MobileKeywordMain.groovy:21)
	at com.kms.katalon.core.mobile.keyword.builtin.VerifyElementExistKeyword.verifyElementExist(VerifyElementExistKeyword.groovy:80)
	at com.kms.katalon.core.mobile.keyword.builtin.VerifyElementExistKeyword.execute(VerifyElementExistKeyword.groovy:64)
	at com.kms.katalon.core.keyword.internal.KeywordExecutor.executeKeywordForPlatform(KeywordExecutor.groovy:73)
	at com.kms.katalon.core.mobile.keyword.MobileBuiltInKeywords.verifyElementExist(MobileBuiltInKeywords.groovy:1586)
	at com.kms.katalon.core.mobile.keyword.MobileBuiltInKeywords$verifyElementExist$11.call(Unknown Source)
	at NavigationMenu.run(NavigationMenu:51)
	at com.kms.katalon.core.main.ScriptEngine.run(ScriptEngine.java:194)
	at com.kms.katalon.core.main.ScriptEngine.runScriptAsRawText(ScriptEngine.java:119)
	at com.kms.katalon.core.main.TestCaseExecutor.runScript(TestCaseExecutor.java:398)
	at com.kms.katalon.core.main.TestCaseExecutor.doExecute(TestCaseExecutor.java:389)
	at com.kms.katalon.core.main.TestCaseExecutor.processExecutionPhase(TestCaseExecutor.java:368)
	at com.kms.katalon.core.main.TestCaseExecutor.accessMainPhase(TestCaseExecutor.java:360)
	at com.kms.katalon.core.main.TestCaseExecutor.execute(TestCaseExecutor.java:255)
	at com.kms.katalon.core.main.TestCaseMain.runTestCase(TestCaseMain.java:114)
	at com.kms.katalon.core.keyword.builtin.CallTestCaseKeyword$_callTestCase_closure1.doCall(CallTestCaseKeyword.groovy:59)
	at com.kms.katalon.core.keyword.builtin.CallTestCaseKeyword$_callTestCase_closure1.call(CallTestCaseKeyword.groovy)
	at com.kms.katalon.core.keyword.internal.KeywordMain.runKeyword(KeywordMain.groovy:68)
	at com.kms.katalon.core.keyword.builtin.CallTestCaseKeyword.callTestCase(CallTestCaseKeyword.groovy:81)
	at com.kms.katalon.core.keyword.builtin.CallTestCaseKeyword.execute(CallTestCaseKeyword.groovy:44)
	at com.kms.katalon.core.keyword.internal.KeywordExecutor.executeKeywordForPlatform(KeywordExecutor.groovy:73)
	at com.kms.katalon.core.keyword.BuiltinKeywords.callTestCase(BuiltinKeywords.groovy:334)
	at 002 - Risk Profile analysis.run(002 - Risk Profile analysis:22)
	at com.kms.katalon.core.main.ScriptEngine.run(ScriptEngine.java:194)
	at com.kms.katalon.core.main.ScriptEngine.runScriptAsRawText(ScriptEngine.java:119)
	at com.kms.katalon.core.main.TestCaseExecutor.runScript(TestCaseExecutor.java:398)
	at com.kms.katalon.core.main.TestCaseExecutor.doExecute(TestCaseExecutor.java:389)
	at com.kms.katalon.core.main.TestCaseExecutor.processExecutionPhase(TestCaseExecutor.java:368)
	at com.kms.katalon.core.main.TestCaseExecutor.accessMainPhase(TestCaseExecutor.java:360)
	at com.kms.katalon.core.main.TestCaseExecutor.execute(TestCaseExecutor.java:255)
	at com.kms.katalon.core.main.TestSuiteExecutor.accessTestCaseMainPhase(TestSuiteExecutor.java:203)
	at com.kms.katalon.core.main.TestSuiteExecutor.accessTestSuiteMainPhase(TestSuiteExecutor.java:152)
	at com.kms.katalon.core.main.TestSuiteExecutor.execute(TestSuiteExecutor.java:95)
	at com.kms.katalon.core.main.TestCaseMain.startTestSuite(TestCaseMain.java:157)
	at com.kms.katalon.core.main.TestCaseMain$startTestSuite$0.call(Unknown Source)
	at TempTestSuite1643003081623.run(TempTestSuite1643003081623.groovy:39)
)

2022-01-24 12:46:57 - [TEST_STEP][PASSED] - bestsuited = verifyElementExist(NAVM_ContRiskProfile, 2): Element 'Object Repository/Mobile/Page/NavigationMenu/Container - Risk Profile' is exist

2022-01-24 12:46:58 - [MESSAGE][PASSED] - Element 'Object Repository/Mobile/Page/NavigationMenu/Container - Risk Profile' is exist

2022-01-24 12:46:58 - [TEST_STEP][PASSED] - if (!(bestsuited)): null

2022-01-24 12:46:58 - [TEST_STEP][PASSED] - x = getDeviceWidth() * 0.2 * j: Current device physical width is 720

2022-01-24 12:46:58 - [MESSAGE][PASSED] - Current device physical width is 720

2022-01-24 12:46:58 - [TEST_STEP][PASSED] - tapAtPosition(x, y): Tapped at [144, 526]

2022-01-24 12:46:58 - [MESSAGE][PASSED] - Tapped at [144, 526]

2022-01-24 12:46:58 - [TEST_STEP][PASSED] - delay(1): Delayed 1 second(s)

2022-01-24 12:46:59 - [MESSAGE][PASSED] - Delayed 1 second(s)

2022-01-24 12:46:59 - [TEST_STEP][PASSED] - bestsuited = verifyElementExist(NAVM_ContRiskProfile, 2): Element 'Object Repository/Mobile/Page/NavigationMenu/Container - Risk Profile' is exist

2022-01-24 12:46:59 - [MESSAGE][PASSED] - Element 'Object Repository/Mobile/Page/NavigationMenu/Container - Risk Profile' is exist

2022-01-24 12:46:59 - [TEST_STEP][PASSED] - if (!(bestsuited)): null

2022-01-24 12:46:59 - [TEST_STEP][PASSED] - x = getDeviceWidth() * 0.2 * j: Current device physical width is 720

2022-01-24 12:46:59 - [MESSAGE][PASSED] - Current device physical width is 720

2022-01-24 12:46:59 - [TEST_STEP][PASSED] - tapAtPosition(x, y): Tapped at [288, 526]

2022-01-24 12:47:00 - [MESSAGE][PASSED] - Tapped at [288, 526]

2022-01-24 12:47:00 - [TEST_STEP][PASSED] - delay(1): Delayed 1 second(s)

2022-01-24 12:47:01 - [MESSAGE][PASSED] - Delayed 1 second(s)

2022-01-24 12:47:01 - [TEST_STEP][FAILED] - bestsuited = verifyElementExist(NAVM_ContRiskProfile, 2): Failed to check for element 'Object Repository/Mobile/Page/NavigationMenu/Container - Risk Profile' exist (Root cause: com.kms.katalon.core.exception.StepFailedException: Element 'Object Repository/Mobile/Page/NavigationMenu/Container - Risk Profile' not found
	at com.kms.katalon.core.keyword.internal.KeywordMain.stepFailed(KeywordMain.groovy:50)
	at com.kms.katalon.core.mobile.keyword.internal.MobileKeywordMain.stepFailed(MobileKeywordMain.groovy:40)
	at com.kms.katalon.core.mobile.keyword.builtin.VerifyElementExistKeyword$_verifyElementExist_closure1.doCall(VerifyElementExistKeyword.groovy:77)
	at com.kms.katalon.core.mobile.keyword.builtin.VerifyElementExistKeyword$_verifyElementExist_closure1.call(VerifyElementExistKeyword.groovy)
	at com.kms.katalon.core.mobile.keyword.internal.MobileKeywordMain.runKeyword(MobileKeywordMain.groovy:21)
	at com.kms.katalon.core.mobile.keyword.builtin.VerifyElementExistKeyword.verifyElementExist(VerifyElementExistKeyword.groovy:80)
	at com.kms.katalon.core.mobile.keyword.builtin.VerifyElementExistKeyword.execute(VerifyElementExistKeyword.groovy:64)
	at com.kms.katalon.core.keyword.internal.KeywordExecutor.executeKeywordForPlatform(KeywordExecutor.groovy:73)
	at com.kms.katalon.core.mobile.keyword.MobileBuiltInKeywords.verifyElementExist(MobileBuiltInKeywords.groovy:1586)
	at com.kms.katalon.core.mobile.keyword.MobileBuiltInKeywords$verifyElementExist$11.call(Unknown Source)
	at NavigationMenu.run(NavigationMenu:51)
	at com.kms.katalon.core.main.ScriptEngine.run(ScriptEngine.java:194)
	at com.kms.katalon.core.main.ScriptEngine.runScriptAsRawText(ScriptEngine.java:119)
	at com.kms.katalon.core.main.TestCaseExecutor.runScript(TestCaseExecutor.java:398)
	at com.kms.katalon.core.main.TestCaseExecutor.doExecute(TestCaseExecutor.java:389)
	at com.kms.katalon.core.main.TestCaseExecutor.processExecutionPhase(TestCaseExecutor.java:368)
	at com.kms.katalon.core.main.TestCaseExecutor.accessMainPhase(TestCaseExecutor.java:360)
	at com.kms.katalon.core.main.TestCaseExecutor.execute(TestCaseExecutor.java:255)
	at com.kms.katalon.core.main.TestCaseMain.runTestCase(TestCaseMain.java:114)
	at com.kms.katalon.core.keyword.builtin.CallTestCaseKeyword$_callTestCase_closure1.doCall(CallTestCaseKeyword.groovy:59)
	at com.kms.katalon.core.keyword.builtin.CallTestCaseKeyword$_callTestCase_closure1.call(CallTestCaseKeyword.groovy)
	at com.kms.katalon.core.keyword.internal.KeywordMain.runKeyword(KeywordMain.groovy:68)
	at com.kms.katalon.core.keyword.builtin.CallTestCaseKeyword.callTestCase(CallTestCaseKeyword.groovy:81)
	at com.kms.katalon.core.keyword.builtin.CallTestCaseKeyword.execute(CallTestCaseKeyword.groovy:44)
	at com.kms.katalon.core.keyword.internal.KeywordExecutor.executeKeywordForPlatform(KeywordExecutor.groovy:73)
	at com.kms.katalon.core.keyword.BuiltinKeywords.callTestCase(BuiltinKeywords.groovy:334)
	at 002 - Risk Profile analysis.run(002 - Risk Profile analysis:22)
	at com.kms.katalon.core.main.ScriptEngine.run(ScriptEngine.java:194)
	at com.kms.katalon.core.main.ScriptEngine.runScriptAsRawText(ScriptEngine.java:119)
	at com.kms.katalon.core.main.TestCaseExecutor.runScript(TestCaseExecutor.java:398)
	at com.kms.katalon.core.main.TestCaseExecutor.doExecute(TestCaseExecutor.java:389)
	at com.kms.katalon.core.main.TestCaseExecutor.processExecutionPhase(TestCaseExecutor.java:368)
	at com.kms.katalon.core.main.TestCaseExecutor.accessMainPhase(TestCaseExecutor.java:360)
	at com.kms.katalon.core.main.TestCaseExecutor.execute(TestCaseExecutor.java:255)
	at com.kms.katalon.core.main.TestSuiteExecutor.accessTestCaseMainPhase(TestSuiteExecutor.java:203)
	at com.kms.katalon.core.main.TestSuiteExecutor.accessTestSuiteMainPhase(TestSuiteExecutor.java:152)
	at com.kms.katalon.core.main.TestSuiteExecutor.execute(TestSuiteExecutor.java:95)
	at com.kms.katalon.core.main.TestCaseMain.startTestSuite(TestCaseMain.java:157)
	at com.kms.katalon.core.main.TestCaseMain$startTestSuite$0.call(Unknown Source)
	at TempTestSuite1643003081623.run(TempTestSuite1643003081623.groovy:39)
)

2022-01-24 12:47:03 - [MESSAGE][FAILED] - Element 'Object Repository/Mobile/Page/NavigationMenu/Container - Risk Profile' not found
[[ATTACHMENT|C:\\Users\\Owner\\Documents\\kerjaan\\KatalonProject\\qa_katalon_pwm\\qa_katalon_pwm\\Reports\\20220124_124440\\navigationmenu\\20220124_124441\\1643003223272.png]]

2022-01-24 12:47:04 - [MESSAGE][FAILED] - Failed to check for element 'Object Repository/Mobile/Page/NavigationMenu/Container - Risk Profile' exist (Root cause: com.kms.katalon.core.exception.StepFailedException: Element 'Object Repository/Mobile/Page/NavigationMenu/Container - Risk Profile' not found
	at com.kms.katalon.core.keyword.internal.KeywordMain.stepFailed(KeywordMain.groovy:50)
	at com.kms.katalon.core.mobile.keyword.internal.MobileKeywordMain.stepFailed(MobileKeywordMain.groovy:40)
	at com.kms.katalon.core.mobile.keyword.builtin.VerifyElementExistKeyword$_verifyElementExist_closure1.doCall(VerifyElementExistKeyword.groovy:77)
	at com.kms.katalon.core.mobile.keyword.builtin.VerifyElementExistKeyword$_verifyElementExist_closure1.call(VerifyElementExistKeyword.groovy)
	at com.kms.katalon.core.mobile.keyword.internal.MobileKeywordMain.runKeyword(MobileKeywordMain.groovy:21)
	at com.kms.katalon.core.mobile.keyword.builtin.VerifyElementExistKeyword.verifyElementExist(VerifyElementExistKeyword.groovy:80)
	at com.kms.katalon.core.mobile.keyword.builtin.VerifyElementExistKeyword.execute(VerifyElementExistKeyword.groovy:64)
	at com.kms.katalon.core.keyword.internal.KeywordExecutor.executeKeywordForPlatform(KeywordExecutor.groovy:73)
	at com.kms.katalon.core.mobile.keyword.MobileBuiltInKeywords.verifyElementExist(MobileBuiltInKeywords.groovy:1586)
	at com.kms.katalon.core.mobile.keyword.MobileBuiltInKeywords$verifyElementExist$11.call(Unknown Source)
	at NavigationMenu.run(NavigationMenu:51)
	at com.kms.katalon.core.main.ScriptEngine.run(ScriptEngine.java:194)
	at com.kms.katalon.core.main.ScriptEngine.runScriptAsRawText(ScriptEngine.java:119)
	at com.kms.katalon.core.main.TestCaseExecutor.runScript(TestCaseExecutor.java:398)
	at com.kms.katalon.core.main.TestCaseExecutor.doExecute(TestCaseExecutor.java:389)
	at com.kms.katalon.core.main.TestCaseExecutor.processExecutionPhase(TestCaseExecutor.java:368)
	at com.kms.katalon.core.main.TestCaseExecutor.accessMainPhase(TestCaseExecutor.java:360)
	at com.kms.katalon.core.main.TestCaseExecutor.execute(TestCaseExecutor.java:255)
	at com.kms.katalon.core.main.TestCaseMain.runTestCase(TestCaseMain.java:114)
	at com.kms.katalon.core.keyword.builtin.CallTestCaseKeyword$_callTestCase_closure1.doCall(CallTestCaseKeyword.groovy:59)
	at com.kms.katalon.core.keyword.builtin.CallTestCaseKeyword$_callTestCase_closure1.call(CallTestCaseKeyword.groovy)
	at com.kms.katalon.core.keyword.internal.KeywordMain.runKeyword(KeywordMain.groovy:68)
	at com.kms.katalon.core.keyword.builtin.CallTestCaseKeyword.callTestCase(CallTestCaseKeyword.groovy:81)
	at com.kms.katalon.core.keyword.builtin.CallTestCaseKeyword.execute(CallTestCaseKeyword.groovy:44)
	at com.kms.katalon.core.keyword.internal.KeywordExecutor.executeKeywordForPlatform(KeywordExecutor.groovy:73)
	at com.kms.katalon.core.keyword.BuiltinKeywords.callTestCase(BuiltinKeywords.groovy:334)
	at 002 - Risk Profile analysis.run(002 - Risk Profile analysis:22)
	at com.kms.katalon.core.main.ScriptEngine.run(ScriptEngine.java:194)
	at com.kms.katalon.core.main.ScriptEngine.runScriptAsRawText(ScriptEngine.java:119)
	at com.kms.katalon.core.main.TestCaseExecutor.runScript(TestCaseExecutor.java:398)
	at com.kms.katalon.core.main.TestCaseExecutor.doExecute(TestCaseExecutor.java:389)
	at com.kms.katalon.core.main.TestCaseExecutor.processExecutionPhase(TestCaseExecutor.java:368)
	at com.kms.katalon.core.main.TestCaseExecutor.accessMainPhase(TestCaseExecutor.java:360)
	at com.kms.katalon.core.main.TestCaseExecutor.execute(TestCaseExecutor.java:255)
	at com.kms.katalon.core.main.TestSuiteExecutor.accessTestCaseMainPhase(TestSuiteExecutor.java:203)
	at com.kms.katalon.core.main.TestSuiteExecutor.accessTestSuiteMainPhase(TestSuiteExecutor.java:152)
	at com.kms.katalon.core.main.TestSuiteExecutor.execute(TestSuiteExecutor.java:95)
	at com.kms.katalon.core.main.TestCaseMain.startTestSuite(TestCaseMain.java:157)
	at com.kms.katalon.core.main.TestCaseMain$startTestSuite$0.call(Unknown Source)
	at TempTestSuite1643003081623.run(TempTestSuite1643003081623.groovy:39)
)
[[ATTACHMENT|C:\\Users\\Owner\\Documents\\kerjaan\\KatalonProject\\qa_katalon_pwm\\qa_katalon_pwm\\Reports\\20220124_124440\\navigationmenu\\20220124_124441\\1643003223977.png]]

2022-01-24 12:47:04 - [TEST_STEP][PASSED] - catch (Exception e): null

2022-01-24 12:47:04 - [TEST_STEP][PASSED] - rand = new java.util.Random(): null

2022-01-24 12:47:04 - [TEST_STEP][PASSED] - random = rand.nextInt(2): null

2022-01-24 12:47:04 - [TEST_STEP][PASSED] - positionclick.positionclick.clickButtonInBottom(NAVM_RISK_DropHowLong): positionclick.positionclick.clickButtonInBottom is PASSED

2022-01-24 12:47:04 - [MESSAGE][PASSED] - Current device physical width is 720

2022-01-24 12:47:04 - [MESSAGE][WARNING] - Timeout '0' is invalid. Using default page load timeout: '60'

2022-01-24 12:47:05 - [MESSAGE][PASSED] - Object 'Object Repository/Mobile/Page/NavigationMenu/Risk Profile/Dropdown - How Long' has top position '151'

2022-01-24 12:47:05 - [MESSAGE][WARNING] - Timeout '0' is invalid. Using default page load timeout: '60'

2022-01-24 12:47:05 - [MESSAGE][PASSED] - Object 'Object Repository/Mobile/Page/NavigationMenu/Risk Profile/Dropdown - How Long' has height: '126'

2022-01-24 12:47:05 - [MESSAGE][PASSED] - Tapped at [360, 251]

2022-01-24 12:47:05 - [MESSAGE][PASSED] - positionclick.positionclick.clickButtonInBottom is PASSED

2022-01-24 12:47:05 - [TEST_STEP][PASSED] - delay(1): Delayed 1 second(s)

2022-01-24 12:47:06 - [MESSAGE][PASSED] - Delayed 1 second(s)

2022-01-24 12:47:06 - [TEST_STEP][PASSED] - if (random == 0): null

2022-01-24 12:47:06 - [TEST_STEP][PASSED] - else: Tapped on element 'Object Repository/Mobile/Page/NavigationMenu/Risk Profile/Option How Long - 3 to 5'

2022-01-24 12:47:06 - [TEST_STEP][PASSED] - tap(NAVM_RISK_OptHowLong3to5, 0): Tapped on element 'Object Repository/Mobile/Page/NavigationMenu/Risk Profile/Option How Long - 3 to 5'

2022-01-24 12:47:06 - [MESSAGE][WARNING] - Timeout '0' is invalid. Using default page load timeout: '60'

2022-01-24 12:47:07 - [MESSAGE][PASSED] - Tapped on element 'Object Repository/Mobile/Page/NavigationMenu/Risk Profile/Option How Long - 3 to 5'

2022-01-24 12:47:07 - [TEST_STEP][PASSED] - delay(1): Delayed 1 second(s)

2022-01-24 12:47:08 - [MESSAGE][PASSED] - Delayed 1 second(s)

2022-01-24 12:47:08 - [TEST_STEP][PASSED] - random = rand.nextInt(2): null

2022-01-24 12:47:08 - [TEST_STEP][PASSED] - positionclick.positionclick.clickButtonInBottom(NAVM_RISK_DropInvestGoal): positionclick.positionclick.clickButtonInBottom is PASSED

2022-01-24 12:47:08 - [MESSAGE][PASSED] - Current device physical width is 720

2022-01-24 12:47:08 - [MESSAGE][WARNING] - Timeout '0' is invalid. Using default page load timeout: '60'

2022-01-24 12:47:08 - [MESSAGE][PASSED] - Object 'Object Repository/Mobile/Page/NavigationMenu/Risk Profile/Dropdown - Investment Goal' has top position '303'

2022-01-24 12:47:08 - [MESSAGE][WARNING] - Timeout '0' is invalid. Using default page load timeout: '60'

2022-01-24 12:47:09 - [MESSAGE][PASSED] - Object 'Object Repository/Mobile/Page/NavigationMenu/Risk Profile/Dropdown - Investment Goal' has height: '126'

2022-01-24 12:47:10 - [MESSAGE][PASSED] - Tapped at [360, 403]

2022-01-24 12:47:10 - [MESSAGE][PASSED] - positionclick.positionclick.clickButtonInBottom is PASSED

2022-01-24 12:47:10 - [TEST_STEP][PASSED] - delay(1): Delayed 1 second(s)

2022-01-24 12:47:11 - [MESSAGE][PASSED] - Delayed 1 second(s)

2022-01-24 12:47:11 - [TEST_STEP][PASSED] - if (random == 0): null

2022-01-24 12:47:11 - [TEST_STEP][PASSED] - else: Tapped on element 'Object Repository/Mobile/Page/NavigationMenu/Risk Profile/Option Investment Goal - Profit'

2022-01-24 12:47:11 - [TEST_STEP][PASSED] - tap(NAVM_RISK_OptInvestGoalProfit, 0): Tapped on element 'Object Repository/Mobile/Page/NavigationMenu/Risk Profile/Option Investment Goal - Profit'

2022-01-24 12:47:11 - [MESSAGE][WARNING] - Timeout '0' is invalid. Using default page load timeout: '60'

2022-01-24 12:47:12 - [MESSAGE][PASSED] - Tapped on element 'Object Repository/Mobile/Page/NavigationMenu/Risk Profile/Option Investment Goal - Profit'

2022-01-24 12:47:12 - [TEST_STEP][PASSED] - delay(1): Delayed 1 second(s)

2022-01-24 12:47:13 - [MESSAGE][PASSED] - Delayed 1 second(s)

2022-01-24 12:47:13 - [TEST_STEP][PASSED] - random = rand.nextInt(2): null

2022-01-24 12:47:13 - [TEST_STEP][PASSED] - positionclick.positionclick.clickButtonInBottom(NAVM_RISK_DropGenKnowledge): positionclick.positionclick.clickButtonInBottom is PASSED

2022-01-24 12:47:14 - [MESSAGE][PASSED] - Current device physical width is 720

2022-01-24 12:47:14 - [MESSAGE][WARNING] - Timeout '0' is invalid. Using default page load timeout: '60'

2022-01-24 12:47:14 - [MESSAGE][PASSED] - Object 'Object Repository/Mobile/Page/NavigationMenu/Risk Profile/Dropdown - General Knowledge' has top position '456'

2022-01-24 12:47:14 - [MESSAGE][WARNING] - Timeout '0' is invalid. Using default page load timeout: '60'

2022-01-24 12:47:14 - [MESSAGE][PASSED] - Object 'Object Repository/Mobile/Page/NavigationMenu/Risk Profile/Dropdown - General Knowledge' has height: '126'

2022-01-24 12:47:15 - [MESSAGE][PASSED] - Tapped at [360, 556]

2022-01-24 12:47:15 - [MESSAGE][PASSED] - positionclick.positionclick.clickButtonInBottom is PASSED

2022-01-24 12:47:15 - [TEST_STEP][PASSED] - delay(1): Delayed 1 second(s)

2022-01-24 12:47:16 - [MESSAGE][PASSED] - Delayed 1 second(s)

2022-01-24 12:47:16 - [TEST_STEP][PASSED] - if (random == 0): Tapped on element 'Object Repository/Mobile/Page/NavigationMenu/Risk Profile/Option General Knowledge - Limited'

2022-01-24 12:47:16 - [MESSAGE][WARNING] - Timeout '0' is invalid. Using default page load timeout: '60'

2022-01-24 12:47:17 - [MESSAGE][PASSED] - Tapped on element 'Object Repository/Mobile/Page/NavigationMenu/Risk Profile/Option General Knowledge - Limited'

2022-01-24 12:47:17 - [TEST_STEP][PASSED] - delay(1): Delayed 1 second(s)

2022-01-24 12:47:18 - [MESSAGE][PASSED] - Delayed 1 second(s)

2022-01-24 12:47:18 - [TEST_STEP][PASSED] - random = rand.nextInt(2): null

2022-01-24 12:47:18 - [TEST_STEP][PASSED] - positionclick.positionclick.clickButtonInBottom(NAVM_RISK_DropTotalAmount): positionclick.positionclick.clickButtonInBottom is PASSED

2022-01-24 12:47:18 - [MESSAGE][PASSED] - Current device physical width is 720

2022-01-24 12:47:18 - [MESSAGE][WARNING] - Timeout '0' is invalid. Using default page load timeout: '60'

2022-01-24 12:47:19 - [MESSAGE][PASSED] - Object 'Object Repository/Mobile/Page/NavigationMenu/Risk Profile/Dropdown - Total Amount' has top position '608'

2022-01-24 12:47:19 - [MESSAGE][WARNING] - Timeout '0' is invalid. Using default page load timeout: '60'

2022-01-24 12:47:19 - [MESSAGE][PASSED] - Object 'Object Repository/Mobile/Page/NavigationMenu/Risk Profile/Dropdown - Total Amount' has height: '126'

2022-01-24 12:47:20 - [MESSAGE][PASSED] - Tapped at [360, 708]

2022-01-24 12:47:20 - [MESSAGE][PASSED] - positionclick.positionclick.clickButtonInBottom is PASSED

2022-01-24 12:47:20 - [TEST_STEP][PASSED] - delay(1): Delayed 1 second(s)

2022-01-24 12:47:21 - [MESSAGE][PASSED] - Delayed 1 second(s)

2022-01-24 12:47:21 - [TEST_STEP][PASSED] - if (random == 0): null

2022-01-24 12:47:21 - [TEST_STEP][PASSED] - else: Tapped on element 'Object Repository/Mobile/Page/NavigationMenu/Risk Profile/Option Total Amount - Between 20 and 30'

2022-01-24 12:47:21 - [TEST_STEP][PASSED] - tap(NAVM_RISK_OptTotal20and30, 0): Tapped on element 'Object Repository/Mobile/Page/NavigationMenu/Risk Profile/Option Total Amount - Between 20 and 30'

2022-01-24 12:47:21 - [MESSAGE][WARNING] - Timeout '0' is invalid. Using default page load timeout: '60'

2022-01-24 12:47:22 - [MESSAGE][PASSED] - Tapped on element 'Object Repository/Mobile/Page/NavigationMenu/Risk Profile/Option Total Amount - Between 20 and 30'

2022-01-24 12:47:22 - [TEST_STEP][PASSED] - delay(1): Delayed 1 second(s)

2022-01-24 12:47:23 - [MESSAGE][PASSED] - Delayed 1 second(s)

2022-01-24 12:47:23 - [TEST_STEP][PASSED] - random = rand.nextInt(2): null

2022-01-24 12:47:23 - [TEST_STEP][PASSED] - positionclick.positionclick.clickButtonInBottom(NAVM_RISK_DropRiskLevel): positionclick.positionclick.clickButtonInBottom is PASSED

2022-01-24 12:47:23 - [MESSAGE][PASSED] - Current device physical width is 720

2022-01-24 12:47:23 - [MESSAGE][WARNING] - Timeout '0' is invalid. Using default page load timeout: '60'

2022-01-24 12:47:23 - [MESSAGE][PASSED] - Object 'Object Repository/Mobile/Page/NavigationMenu/Risk Profile/Dropdown - Risk Level' has top position '760'

2022-01-24 12:47:23 - [MESSAGE][WARNING] - Timeout '0' is invalid. Using default page load timeout: '60'

2022-01-24 12:47:24 - [MESSAGE][PASSED] - Object 'Object Repository/Mobile/Page/NavigationMenu/Risk Profile/Dropdown - Risk Level' has height: '126'

2022-01-24 12:47:24 - [MESSAGE][PASSED] - Tapped at [360, 860]

2022-01-24 12:47:24 - [MESSAGE][PASSED] - positionclick.positionclick.clickButtonInBottom is PASSED

2022-01-24 12:47:24 - [TEST_STEP][PASSED] - delay(1): Delayed 1 second(s)

2022-01-24 12:47:25 - [MESSAGE][PASSED] - Delayed 1 second(s)

2022-01-24 12:47:25 - [TEST_STEP][PASSED] - if (random == 0): null

2022-01-24 12:47:25 - [TEST_STEP][PASSED] - else: Tapped on element 'Object Repository/Mobile/Page/NavigationMenu/Risk Profile/Option Risk Level - None'

2022-01-24 12:47:25 - [TEST_STEP][PASSED] - tap(NAVM_RISK_OptRiskLevelNone, 0): Tapped on element 'Object Repository/Mobile/Page/NavigationMenu/Risk Profile/Option Risk Level - None'

2022-01-24 12:47:25 - [MESSAGE][WARNING] - Timeout '0' is invalid. Using default page load timeout: '60'

2022-01-24 12:47:26 - [MESSAGE][PASSED] - Tapped on element 'Object Repository/Mobile/Page/NavigationMenu/Risk Profile/Option Risk Level - None'

2022-01-24 12:47:26 - [TEST_STEP][PASSED] - delay(1): Delayed 1 second(s)

2022-01-24 12:47:27 - [MESSAGE][PASSED] - Delayed 1 second(s)

2022-01-24 12:47:27 - [TEST_STEP][PASSED] - random = rand.nextInt(2): null

2022-01-24 12:47:27 - [TEST_STEP][PASSED] - positionclick.positionclick.clickButtonInBottom(NAVM_RISK_DropBestSuited): positionclick.positionclick.clickButtonInBottom is PASSED

2022-01-24 12:47:27 - [MESSAGE][PASSED] - Current device physical width is 720

2022-01-24 12:47:27 - [MESSAGE][WARNING] - Timeout '0' is invalid. Using default page load timeout: '60'

2022-01-24 12:47:27 - [MESSAGE][PASSED] - Object 'Object Repository/Mobile/Page/NavigationMenu/Risk Profile/Dropdown - Best Suited' has top position '912'

2022-01-24 12:47:27 - [MESSAGE][WARNING] - Timeout '0' is invalid. Using default page load timeout: '60'

2022-01-24 12:47:27 - [MESSAGE][PASSED] - Object 'Object Repository/Mobile/Page/NavigationMenu/Risk Profile/Dropdown - Best Suited' has height: '154'

2022-01-24 12:47:28 - [MESSAGE][PASSED] - Tapped at [360, 1,035]

2022-01-24 12:47:28 - [MESSAGE][PASSED] - positionclick.positionclick.clickButtonInBottom is PASSED

2022-01-24 12:47:28 - [TEST_STEP][PASSED] - delay(1): Delayed 1 second(s)

2022-01-24 12:47:29 - [MESSAGE][PASSED] - Delayed 1 second(s)

2022-01-24 12:47:29 - [TEST_STEP][PASSED] - if (random == 0): null

2022-01-24 12:47:30 - [TEST_STEP][PASSED] - else: Tapped on element 'Object Repository/Mobile/Page/NavigationMenu/Risk Profile/Option Best Suited - Security Deposit'

2022-01-24 12:47:30 - [TEST_STEP][PASSED] - tap(NAVM_RISK_OptBestSuitedSecDeposit, 0): Tapped on element 'Object Repository/Mobile/Page/NavigationMenu/Risk Profile/Option Best Suited - Security Deposit'

2022-01-24 12:47:30 - [MESSAGE][WARNING] - Timeout '0' is invalid. Using default page load timeout: '60'

2022-01-24 12:47:31 - [MESSAGE][PASSED] - Tapped on element 'Object Repository/Mobile/Page/NavigationMenu/Risk Profile/Option Best Suited - Security Deposit'

2022-01-24 12:47:31 - [TEST_STEP][PASSED] - delay(1): Delayed 1 second(s)

2022-01-24 12:47:32 - [MESSAGE][PASSED] - Delayed 1 second(s)

2022-01-24 12:47:32 - [TEST_STEP][PASSED] - tap(NAVM_RISK_BtnCalculate, 0): Tapped on element 'Object Repository/Mobile/Page/NavigationMenu/Risk Profile/Button - Calculate Risk Profile'

2022-01-24 12:47:32 - [MESSAGE][WARNING] - Timeout '0' is invalid. Using default page load timeout: '60'

2022-01-24 12:47:33 - [MESSAGE][PASSED] - Tapped on element 'Object Repository/Mobile/Page/NavigationMenu/Risk Profile/Button - Calculate Risk Profile'

2022-01-24 12:47:33 - [TEST_STEP][PASSED] - delay(1): Delayed 1 second(s)

2022-01-24 12:47:34 - [MESSAGE][PASSED] - Delayed 1 second(s)

2022-01-24 12:47:34 - [TEST_STEP][PASSED] - pressBack(): Press back button successfully

2022-01-24 12:47:34 - [MESSAGE][PASSED] - Press back button successfully

2022-01-24 12:47:34 - [MESSAGE][PASSED] - Call Test Case 'Test Cases/Mobile/Page/NavigationMenu/NavigationMenu' successfully

2022-01-24 12:47:34 - [TEST_STEP][PASSED] - callTestCase(findTestCase("Mobile/Page/Run App/Terminate App"), [:], STOP_ON_FAILURE): Call Test Case 'Test Cases/Mobile/Page/Run App/Terminate App' successfully

2022-01-24 12:47:34 - [TEST_CASE][PASSED] - Test Cases/Mobile/Page/Run App/Terminate App: Test Cases/Mobile/Page/Run App/Terminate App

2022-01-24 12:47:34 - [TEST_STEP][PASSED] - startApp.OpenApp.terminateApplication(): startApp.OpenApp.terminateApplication is PASSED

2022-01-24 12:47:38 - [MESSAGE][PASSED] - Delayed 3 second(s)

2022-01-24 12:47:38 - [MESSAGE][PASSED] - Current device physical width is 720

2022-01-24 12:47:39 - [MESSAGE][PASSED] - Current device physical height is 1423

2022-01-24 12:47:40 - [MESSAGE][PASSED] - Swiped from 360,853 to 360,142

2022-01-24 12:47:41 - [MESSAGE][PASSED] - Delayed 1 second(s)

2022-01-24 12:47:42 - [MESSAGE][PASSED] - Swiped from 360,853 to 360,142

2022-01-24 12:47:45 - [MESSAGE][PASSED] - Delayed 3 second(s)

2022-01-24 12:47:45 - [MESSAGE][PASSED] - startApp.OpenApp.terminateApplication is PASSED

2022-01-24 12:47:45 - [MESSAGE][PASSED] - Call Test Case 'Test Cases/Mobile/Page/Run App/Terminate App' successfully]]></system-out>
         <system-err><![CDATA[]]></system-err>
      </testcase>
      <testcase name="Test Cases/Mobile/Scenario/NavigationMenu/003 - Whatsapp message" time="67.085" classname="Test Cases/Mobile/Scenario/NavigationMenu/003 - Whatsapp message" status="PASSED">
         <system-out><![CDATA[2022-01-24 12:47:45 - [TEST_CASE][PASSED] - Test Cases/Mobile/Scenario/NavigationMenu/003 - Whatsapp message: Test Cases/Mobile/Scenario/NavigationMenu/003 - Whatsapp message

2022-01-24 12:47:45 - [TEST_STEP][PASSED] - callTestCase(findTestCase("Mobile/Page/Run App/Run App byID"), [:], STOP_ON_FAILURE): Call Test Case 'Test Cases/Mobile/Page/Run App/Run App byID' successfully

2022-01-24 12:47:45 - [TEST_CASE][PASSED] - Test Cases/Mobile/Page/Run App/Run App byID: Test Cases/Mobile/Page/Run App/Run App byID

2022-01-24 12:47:45 - [TEST_STEP][PASSED] - startApp.OpenApp.startApplication("id.co.miraeasset.sageclub"): startApp.OpenApp.startApplication is PASSED

2022-01-24 12:47:58 - [MESSAGE][PASSED] - Starting app with application ID: 'id.co.miraeasset.sageclub'

2022-01-24 12:47:58 - [MESSAGE][PASSED] - startApp.OpenApp.startApplication is PASSED

2022-01-24 12:47:58 - [MESSAGE][PASSED] - Call Test Case 'Test Cases/Mobile/Page/Run App/Run App byID' successfully

2022-01-24 12:47:58 - [TEST_STEP][PASSED] - callTestCase(findTestCase("Mobile/Page/NavigationMenu/NavigationMenu"), ["action":"wa"], CONTINUE_ON_FAILURE): Call Test Case 'Test Cases/Mobile/Page/NavigationMenu/NavigationMenu' successfully

2022-01-24 12:47:58 - [TEST_CASE][PASSED] - Test Cases/Mobile/Page/NavigationMenu/NavigationMenu: Test Cases/Mobile/Page/NavigationMenu/NavigationMenu

2022-01-24 12:47:58 - [TEST_STEP][PASSED] - callTestCase(findTestCase("Mobile/Page/CheckLogin"), [:], CONTINUE_ON_FAILURE): Call Test Case 'Test Cases/Mobile/Page/CheckLogin' successfully

2022-01-24 12:47:58 - [TEST_CASE][PASSED] - Test Cases/Mobile/Page/CheckLogin: Test Cases/Mobile/Page/CheckLogin

2022-01-24 12:47:58 - [TEST_STEP][PASSED] - loginCheck = verifyElementExist(LOGN_BtnLogin, 5, CONTINUE_ON_FAILURE): Element 'Object Repository/Mobile/Page/Login/Button - Login' is exist

2022-01-24 12:48:00 - [MESSAGE][PASSED] - Element 'Object Repository/Mobile/Page/Login/Button - Login' is exist

2022-01-24 12:48:00 - [TEST_STEP][PASSED] - if (loginCheck): Call Test Case 'Test Cases/Mobile/Page/Login/Login' successfully

2022-01-24 12:48:00 - [TEST_STEP][PASSED] - callTestCase(findTestCase("Mobile/Page/Login/Login"), ["action":"username"], CONTINUE_ON_FAILURE): Call Test Case 'Test Cases/Mobile/Page/Login/Login' successfully

2022-01-24 12:48:00 - [TEST_CASE][PASSED] - Test Cases/Mobile/Page/Login/Login: Test Cases/Mobile/Page/Login/Login

2022-01-24 12:48:00 - [TEST_STEP][PASSED] - delay(2): Delayed 2 second(s)

2022-01-24 12:48:02 - [MESSAGE][PASSED] - Delayed 2 second(s)

2022-01-24 12:48:02 - [TEST_STEP][PASSED] - for ([i = 0, i < 1, (i++)]): null

2022-01-24 12:48:02 - [TEST_STEP][PASSED] - if (action == "username"): null

2022-01-24 12:48:02 - [TEST_STEP][PASSED] - tap(LOGN_EdtUserID, 0): Tapped on element 'Object Repository/Mobile/Page/Login/Input - UserID'

2022-01-24 12:48:02 - [MESSAGE][WARNING] - Timeout '0' is invalid. Using default page load timeout: '60'

2022-01-24 12:48:03 - [MESSAGE][PASSED] - Tapped on element 'Object Repository/Mobile/Page/Login/Input - UserID'

2022-01-24 12:48:03 - [TEST_STEP][PASSED] - delay(1): Delayed 1 second(s)

2022-01-24 12:48:04 - [MESSAGE][PASSED] - Delayed 1 second(s)

2022-01-24 12:48:04 - [TEST_STEP][PASSED] - setText(LOGN_EdtRdyUserID, "anggaaditya", 0): Text 'anggaaditya' has been set to element 'Object Repository/Mobile/Page/Login/Input Rdy - UserID'

2022-01-24 12:48:04 - [MESSAGE][WARNING] - Timeout '0' is invalid. Using default page load timeout: '60'

2022-01-24 12:48:04 - [MESSAGE][PASSED] - Text 'anggaaditya' has been set to element 'Object Repository/Mobile/Page/Login/Input Rdy - UserID'

2022-01-24 12:48:04 - [TEST_STEP][PASSED] - delay(1): Delayed 1 second(s)

2022-01-24 12:48:05 - [MESSAGE][PASSED] - Delayed 1 second(s)

2022-01-24 12:48:05 - [TEST_STEP][PASSED] - hideKeyboard(): Keyboard is hidden

2022-01-24 12:48:09 - [MESSAGE][PASSED] - Keyboard is hidden

2022-01-24 12:48:09 - [TEST_STEP][PASSED] - tap(LOGN_EdtPassword, 0): Tapped on element 'Object Repository/Mobile/Page/Login/Input - Password'

2022-01-24 12:48:09 - [MESSAGE][WARNING] - Timeout '0' is invalid. Using default page load timeout: '60'

2022-01-24 12:48:10 - [MESSAGE][PASSED] - Tapped on element 'Object Repository/Mobile/Page/Login/Input - Password'

2022-01-24 12:48:10 - [TEST_STEP][PASSED] - delay(1): Delayed 1 second(s)

2022-01-24 12:48:11 - [MESSAGE][PASSED] - Delayed 1 second(s)

2022-01-24 12:48:11 - [TEST_STEP][PASSED] - setText(LOGN_EdtRdyPassword, "Shalawa18", 0): Text 'Shalawa18' has been set to element 'Object Repository/Mobile/Page/Login/Input Rdy - Password'

2022-01-24 12:48:11 - [MESSAGE][WARNING] - Timeout '0' is invalid. Using default page load timeout: '60'

2022-01-24 12:48:11 - [MESSAGE][PASSED] - Text 'Shalawa18' has been set to element 'Object Repository/Mobile/Page/Login/Input Rdy - Password'

2022-01-24 12:48:11 - [TEST_STEP][PASSED] - delay(1): Delayed 1 second(s)

2022-01-24 12:48:12 - [MESSAGE][PASSED] - Delayed 1 second(s)

2022-01-24 12:48:12 - [TEST_STEP][PASSED] - hideKeyboard(): Keyboard is hidden

2022-01-24 12:48:20 - [MESSAGE][PASSED] - Keyboard is hidden

2022-01-24 12:48:20 - [TEST_STEP][PASSED] - tap(LOGN_BtnLogin, 0): Tapped on element 'Object Repository/Mobile/Page/Login/Button - Login'

2022-01-24 12:48:20 - [MESSAGE][WARNING] - Timeout '0' is invalid. Using default page load timeout: '60'

2022-01-24 12:48:21 - [MESSAGE][PASSED] - Tapped on element 'Object Repository/Mobile/Page/Login/Button - Login'

2022-01-24 12:48:21 - [TEST_STEP][PASSED] - delay(2): Delayed 2 second(s)

2022-01-24 12:48:23 - [MESSAGE][PASSED] - Delayed 2 second(s)

2022-01-24 12:48:23 - [TEST_STEP][PASSED] - break: null

2022-01-24 12:48:23 - [MESSAGE][PASSED] - Call Test Case 'Test Cases/Mobile/Page/Login/Login' successfully

2022-01-24 12:48:23 - [MESSAGE][PASSED] - Call Test Case 'Test Cases/Mobile/Page/CheckLogin' successfully

2022-01-24 12:48:23 - [TEST_STEP][PASSED] - delay(3): Delayed 3 second(s)

2022-01-24 12:48:26 - [MESSAGE][PASSED] - Delayed 3 second(s)

2022-01-24 12:48:26 - [TEST_STEP][PASSED] - scroll.scroll.scrollScreenLeftToRight(): scroll.scroll.scrollScreenLeftToRight is PASSED

2022-01-24 12:48:26 - [MESSAGE][PASSED] - Current device physical height is 1423

2022-01-24 12:48:26 - [MESSAGE][PASSED] - Current device physical width is 720

2022-01-24 12:48:26 - [MESSAGE][PASSED] - Current device physical height is 1423

2022-01-24 12:48:27 - [MESSAGE][PASSED] - Swiped from 10,711 to 710,711

2022-01-24 12:48:27 - [MESSAGE][PASSED] - scroll.scroll.scrollScreenLeftToRight is PASSED

2022-01-24 12:48:27 - [TEST_STEP][PASSED] - delay(1): Delayed 1 second(s)

2022-01-24 12:48:29 - [MESSAGE][PASSED] - Delayed 1 second(s)

2022-01-24 12:48:29 - [TEST_STEP][PASSED] - for ([i = 0, i < 1, (i++)]): Delayed 2 second(s)

2022-01-24 12:48:29 - [TEST_STEP][PASSED] - if (action == "downloadtaxreport"): null

2022-01-24 12:48:29 - [TEST_STEP][PASSED] - else if (action == "analyzeprofile"): null

2022-01-24 12:48:29 - [TEST_STEP][PASSED] - else if (action == "wa"): Delayed 2 second(s)

2022-01-24 12:48:29 - [TEST_STEP][PASSED] - tap(NAVM_BtnWhatsapp, 0): Tapped on element 'Object Repository/Mobile/Page/NavigationMenu/Button - Whatsapp'

2022-01-24 12:48:29 - [MESSAGE][WARNING] - Timeout '0' is invalid. Using default page load timeout: '60'

2022-01-24 12:48:30 - [MESSAGE][PASSED] - Tapped on element 'Object Repository/Mobile/Page/NavigationMenu/Button - Whatsapp'

2022-01-24 12:48:30 - [TEST_STEP][PASSED] - delay(2): Delayed 2 second(s)

2022-01-24 12:48:32 - [MESSAGE][PASSED] - Delayed 2 second(s)

2022-01-24 12:48:32 - [MESSAGE][PASSED] - Call Test Case 'Test Cases/Mobile/Page/NavigationMenu/NavigationMenu' successfully

2022-01-24 12:48:32 - [TEST_STEP][PASSED] - callTestCase(findTestCase("Mobile/Page/Run App/Terminate App"), [:], STOP_ON_FAILURE): Call Test Case 'Test Cases/Mobile/Page/Run App/Terminate App' successfully

2022-01-24 12:48:32 - [TEST_CASE][PASSED] - Test Cases/Mobile/Page/Run App/Terminate App: Test Cases/Mobile/Page/Run App/Terminate App

2022-01-24 12:48:32 - [TEST_STEP][PASSED] - startApp.OpenApp.terminateApplication(): startApp.OpenApp.terminateApplication is PASSED

2022-01-24 12:48:35 - [MESSAGE][PASSED] - Delayed 3 second(s)

2022-01-24 12:48:35 - [MESSAGE][PASSED] - Current device physical width is 720

2022-01-24 12:48:35 - [MESSAGE][PASSED] - Current device physical height is 1423

2022-01-24 12:48:37 - [MESSAGE][PASSED] - Swiped from 360,853 to 360,142

2022-01-24 12:48:38 - [MESSAGE][PASSED] - Delayed 1 second(s)

2022-01-24 12:48:39 - [MESSAGE][PASSED] - Swiped from 360,853 to 360,142

2022-01-24 12:48:42 - [MESSAGE][PASSED] - Delayed 3 second(s)

2022-01-24 12:48:42 - [MESSAGE][PASSED] - startApp.OpenApp.terminateApplication is PASSED

2022-01-24 12:48:42 - [MESSAGE][PASSED] - Call Test Case 'Test Cases/Mobile/Page/Run App/Terminate App' successfully

2022-01-24 12:48:42 - [TEST_STEP][PASSED] - callTestCase(findTestCase("Mobile/Page/Run App/Terminate App"), [:], STOP_ON_FAILURE): Call Test Case 'Test Cases/Mobile/Page/Run App/Terminate App' successfully

2022-01-24 12:48:42 - [TEST_CASE][PASSED] - Test Cases/Mobile/Page/Run App/Terminate App: Test Cases/Mobile/Page/Run App/Terminate App

2022-01-24 12:48:42 - [TEST_STEP][PASSED] - startApp.OpenApp.terminateApplication(): startApp.OpenApp.terminateApplication is PASSED

2022-01-24 12:48:45 - [MESSAGE][PASSED] - Delayed 3 second(s)

2022-01-24 12:48:46 - [MESSAGE][PASSED] - Current device physical width is 720

2022-01-24 12:48:46 - [MESSAGE][PASSED] - Current device physical height is 1423

2022-01-24 12:48:47 - [MESSAGE][PASSED] - Swiped from 360,853 to 360,142

2022-01-24 12:48:48 - [MESSAGE][PASSED] - Delayed 1 second(s)

2022-01-24 12:48:49 - [MESSAGE][PASSED] - Swiped from 360,853 to 360,142

2022-01-24 12:48:52 - [MESSAGE][PASSED] - Delayed 3 second(s)

2022-01-24 12:48:52 - [MESSAGE][PASSED] - startApp.OpenApp.terminateApplication is PASSED

2022-01-24 12:48:52 - [MESSAGE][PASSED] - Call Test Case 'Test Cases/Mobile/Page/Run App/Terminate App' successfully]]></system-out>
         <system-err><![CDATA[]]></system-err>
      </testcase>
      <testcase name="Test Cases/Mobile/Scenario/NavigationMenu/004 - Email button" time="66.132" classname="Test Cases/Mobile/Scenario/NavigationMenu/004 - Email button" status="PASSED">
         <system-out><![CDATA[2022-01-24 12:48:52 - [TEST_CASE][PASSED] - Test Cases/Mobile/Scenario/NavigationMenu/004 - Email button: Test Cases/Mobile/Scenario/NavigationMenu/004 - Email button

2022-01-24 12:48:52 - [TEST_STEP][PASSED] - callTestCase(findTestCase("Mobile/Page/Run App/Run App byID"), [:], STOP_ON_FAILURE): Call Test Case 'Test Cases/Mobile/Page/Run App/Run App byID' successfully

2022-01-24 12:48:53 - [TEST_CASE][PASSED] - Test Cases/Mobile/Page/Run App/Run App byID: Test Cases/Mobile/Page/Run App/Run App byID

2022-01-24 12:48:53 - [TEST_STEP][PASSED] - startApp.OpenApp.startApplication("id.co.miraeasset.sageclub"): startApp.OpenApp.startApplication is PASSED

2022-01-24 12:49:05 - [MESSAGE][PASSED] - Starting app with application ID: 'id.co.miraeasset.sageclub'

2022-01-24 12:49:05 - [MESSAGE][PASSED] - startApp.OpenApp.startApplication is PASSED

2022-01-24 12:49:05 - [MESSAGE][PASSED] - Call Test Case 'Test Cases/Mobile/Page/Run App/Run App byID' successfully

2022-01-24 12:49:05 - [TEST_STEP][PASSED] - callTestCase(findTestCase("Mobile/Page/NavigationMenu/NavigationMenu"), ["action":"email"], CONTINUE_ON_FAILURE): Call Test Case 'Test Cases/Mobile/Page/NavigationMenu/NavigationMenu' successfully

2022-01-24 12:49:05 - [TEST_CASE][PASSED] - Test Cases/Mobile/Page/NavigationMenu/NavigationMenu: Test Cases/Mobile/Page/NavigationMenu/NavigationMenu

2022-01-24 12:49:05 - [TEST_STEP][PASSED] - callTestCase(findTestCase("Mobile/Page/CheckLogin"), [:], CONTINUE_ON_FAILURE): Call Test Case 'Test Cases/Mobile/Page/CheckLogin' successfully

2022-01-24 12:49:05 - [TEST_CASE][PASSED] - Test Cases/Mobile/Page/CheckLogin: Test Cases/Mobile/Page/CheckLogin

2022-01-24 12:49:05 - [TEST_STEP][PASSED] - loginCheck = verifyElementExist(LOGN_BtnLogin, 5, CONTINUE_ON_FAILURE): Element 'Object Repository/Mobile/Page/Login/Button - Login' is exist

2022-01-24 12:49:07 - [MESSAGE][PASSED] - Element 'Object Repository/Mobile/Page/Login/Button - Login' is exist

2022-01-24 12:49:07 - [TEST_STEP][PASSED] - if (loginCheck): Call Test Case 'Test Cases/Mobile/Page/Login/Login' successfully

2022-01-24 12:49:07 - [TEST_STEP][PASSED] - callTestCase(findTestCase("Mobile/Page/Login/Login"), ["action":"username"], CONTINUE_ON_FAILURE): Call Test Case 'Test Cases/Mobile/Page/Login/Login' successfully

2022-01-24 12:49:07 - [TEST_CASE][PASSED] - Test Cases/Mobile/Page/Login/Login: Test Cases/Mobile/Page/Login/Login

2022-01-24 12:49:07 - [TEST_STEP][PASSED] - delay(2): Delayed 2 second(s)

2022-01-24 12:49:09 - [MESSAGE][PASSED] - Delayed 2 second(s)

2022-01-24 12:49:09 - [TEST_STEP][PASSED] - for ([i = 0, i < 1, (i++)]): null

2022-01-24 12:49:09 - [TEST_STEP][PASSED] - if (action == "username"): null

2022-01-24 12:49:09 - [TEST_STEP][PASSED] - tap(LOGN_EdtUserID, 0): Tapped on element 'Object Repository/Mobile/Page/Login/Input - UserID'

2022-01-24 12:49:09 - [MESSAGE][WARNING] - Timeout '0' is invalid. Using default page load timeout: '60'

2022-01-24 12:49:09 - [MESSAGE][PASSED] - Tapped on element 'Object Repository/Mobile/Page/Login/Input - UserID'

2022-01-24 12:49:09 - [TEST_STEP][PASSED] - delay(1): Delayed 1 second(s)

2022-01-24 12:49:10 - [MESSAGE][PASSED] - Delayed 1 second(s)

2022-01-24 12:49:10 - [TEST_STEP][PASSED] - setText(LOGN_EdtRdyUserID, "anggaaditya", 0): Text 'anggaaditya' has been set to element 'Object Repository/Mobile/Page/Login/Input Rdy - UserID'

2022-01-24 12:49:10 - [MESSAGE][WARNING] - Timeout '0' is invalid. Using default page load timeout: '60'

2022-01-24 12:49:11 - [MESSAGE][PASSED] - Text 'anggaaditya' has been set to element 'Object Repository/Mobile/Page/Login/Input Rdy - UserID'

2022-01-24 12:49:11 - [TEST_STEP][PASSED] - delay(1): Delayed 1 second(s)

2022-01-24 12:49:12 - [MESSAGE][PASSED] - Delayed 1 second(s)

2022-01-24 12:49:12 - [TEST_STEP][PASSED] - hideKeyboard(): Keyboard is hidden

2022-01-24 12:49:17 - [MESSAGE][PASSED] - Keyboard is hidden

2022-01-24 12:49:17 - [TEST_STEP][PASSED] - tap(LOGN_EdtPassword, 0): Tapped on element 'Object Repository/Mobile/Page/Login/Input - Password'

2022-01-24 12:49:17 - [MESSAGE][WARNING] - Timeout '0' is invalid. Using default page load timeout: '60'

2022-01-24 12:49:17 - [MESSAGE][PASSED] - Tapped on element 'Object Repository/Mobile/Page/Login/Input - Password'

2022-01-24 12:49:17 - [TEST_STEP][PASSED] - delay(1): Delayed 1 second(s)

2022-01-24 12:49:18 - [MESSAGE][PASSED] - Delayed 1 second(s)

2022-01-24 12:49:18 - [TEST_STEP][PASSED] - setText(LOGN_EdtRdyPassword, "Shalawa18", 0): Text 'Shalawa18' has been set to element 'Object Repository/Mobile/Page/Login/Input Rdy - Password'

2022-01-24 12:49:18 - [MESSAGE][WARNING] - Timeout '0' is invalid. Using default page load timeout: '60'

2022-01-24 12:49:19 - [MESSAGE][PASSED] - Text 'Shalawa18' has been set to element 'Object Repository/Mobile/Page/Login/Input Rdy - Password'

2022-01-24 12:49:19 - [TEST_STEP][PASSED] - delay(1): Delayed 1 second(s)

2022-01-24 12:49:20 - [MESSAGE][PASSED] - Delayed 1 second(s)

2022-01-24 12:49:20 - [TEST_STEP][PASSED] - hideKeyboard(): Keyboard is hidden

2022-01-24 12:49:27 - [MESSAGE][PASSED] - Keyboard is hidden

2022-01-24 12:49:27 - [TEST_STEP][PASSED] - tap(LOGN_BtnLogin, 0): Tapped on element 'Object Repository/Mobile/Page/Login/Button - Login'

2022-01-24 12:49:27 - [MESSAGE][WARNING] - Timeout '0' is invalid. Using default page load timeout: '60'

2022-01-24 12:49:27 - [MESSAGE][PASSED] - Tapped on element 'Object Repository/Mobile/Page/Login/Button - Login'

2022-01-24 12:49:27 - [TEST_STEP][PASSED] - delay(2): Delayed 2 second(s)

2022-01-24 12:49:29 - [MESSAGE][PASSED] - Delayed 2 second(s)

2022-01-24 12:49:29 - [TEST_STEP][PASSED] - break: null

2022-01-24 12:49:29 - [MESSAGE][PASSED] - Call Test Case 'Test Cases/Mobile/Page/Login/Login' successfully

2022-01-24 12:49:29 - [MESSAGE][PASSED] - Call Test Case 'Test Cases/Mobile/Page/CheckLogin' successfully

2022-01-24 12:49:29 - [TEST_STEP][PASSED] - delay(3): Delayed 3 second(s)

2022-01-24 12:49:32 - [MESSAGE][PASSED] - Delayed 3 second(s)

2022-01-24 12:49:32 - [TEST_STEP][PASSED] - scroll.scroll.scrollScreenLeftToRight(): scroll.scroll.scrollScreenLeftToRight is PASSED

2022-01-24 12:49:32 - [MESSAGE][PASSED] - Current device physical height is 1423

2022-01-24 12:49:33 - [MESSAGE][PASSED] - Current device physical width is 720

2022-01-24 12:49:33 - [MESSAGE][PASSED] - Current device physical height is 1423

2022-01-24 12:49:34 - [MESSAGE][PASSED] - Swiped from 10,711 to 710,711

2022-01-24 12:49:34 - [MESSAGE][PASSED] - scroll.scroll.scrollScreenLeftToRight is PASSED

2022-01-24 12:49:34 - [TEST_STEP][PASSED] - delay(1): Delayed 1 second(s)

2022-01-24 12:49:35 - [MESSAGE][PASSED] - Delayed 1 second(s)

2022-01-24 12:49:35 - [TEST_STEP][PASSED] - for ([i = 0, i < 1, (i++)]): Delayed 2 second(s)

2022-01-24 12:49:35 - [TEST_STEP][PASSED] - if (action == "downloadtaxreport"): null

2022-01-24 12:49:35 - [TEST_STEP][PASSED] - else if (action == "analyzeprofile"): null

2022-01-24 12:49:35 - [TEST_STEP][PASSED] - else if (action == "wa"): null

2022-01-24 12:49:35 - [TEST_STEP][PASSED] - else if (action == "email"): Delayed 2 second(s)

2022-01-24 12:49:35 - [TEST_STEP][PASSED] - tap(NAVM_BtnEmail, 0): Tapped on element 'Object Repository/Mobile/Page/NavigationMenu/Button - Email'

2022-01-24 12:49:35 - [MESSAGE][WARNING] - Timeout '0' is invalid. Using default page load timeout: '60'

2022-01-24 12:49:36 - [MESSAGE][PASSED] - Tapped on element 'Object Repository/Mobile/Page/NavigationMenu/Button - Email'

2022-01-24 12:49:36 - [TEST_STEP][PASSED] - delay(2): Delayed 2 second(s)

2022-01-24 12:49:38 - [MESSAGE][PASSED] - Delayed 2 second(s)

2022-01-24 12:49:38 - [MESSAGE][PASSED] - Call Test Case 'Test Cases/Mobile/Page/NavigationMenu/NavigationMenu' successfully

2022-01-24 12:49:38 - [TEST_STEP][PASSED] - callTestCase(findTestCase("Mobile/Page/Run App/Terminate App"), [:], STOP_ON_FAILURE): Call Test Case 'Test Cases/Mobile/Page/Run App/Terminate App' successfully

2022-01-24 12:49:38 - [TEST_CASE][PASSED] - Test Cases/Mobile/Page/Run App/Terminate App: Test Cases/Mobile/Page/Run App/Terminate App

2022-01-24 12:49:38 - [TEST_STEP][PASSED] - startApp.OpenApp.terminateApplication(): startApp.OpenApp.terminateApplication is PASSED

2022-01-24 12:49:41 - [MESSAGE][PASSED] - Delayed 3 second(s)

2022-01-24 12:49:41 - [MESSAGE][PASSED] - Current device physical width is 720

2022-01-24 12:49:42 - [MESSAGE][PASSED] - Current device physical height is 1423

2022-01-24 12:49:43 - [MESSAGE][PASSED] - Swiped from 360,853 to 360,142

2022-01-24 12:49:44 - [MESSAGE][PASSED] - Delayed 1 second(s)

2022-01-24 12:49:45 - [MESSAGE][PASSED] - Swiped from 360,853 to 360,142

2022-01-24 12:49:48 - [MESSAGE][PASSED] - Delayed 3 second(s)

2022-01-24 12:49:48 - [MESSAGE][PASSED] - startApp.OpenApp.terminateApplication is PASSED

2022-01-24 12:49:48 - [MESSAGE][PASSED] - Call Test Case 'Test Cases/Mobile/Page/Run App/Terminate App' successfully

2022-01-24 12:49:48 - [TEST_STEP][PASSED] - callTestCase(findTestCase("Mobile/Page/Run App/Terminate App"), [:], STOP_ON_FAILURE): Call Test Case 'Test Cases/Mobile/Page/Run App/Terminate App' successfully

2022-01-24 12:49:48 - [TEST_CASE][PASSED] - Test Cases/Mobile/Page/Run App/Terminate App: Test Cases/Mobile/Page/Run App/Terminate App

2022-01-24 12:49:48 - [TEST_STEP][PASSED] - startApp.OpenApp.terminateApplication(): startApp.OpenApp.terminateApplication is PASSED

2022-01-24 12:49:51 - [MESSAGE][PASSED] - Delayed 3 second(s)

2022-01-24 12:49:52 - [MESSAGE][PASSED] - Current device physical width is 720

2022-01-24 12:49:52 - [MESSAGE][PASSED] - Current device physical height is 1423

2022-01-24 12:49:53 - [MESSAGE][PASSED] - Swiped from 360,853 to 360,142

2022-01-24 12:49:54 - [MESSAGE][PASSED] - Delayed 1 second(s)

2022-01-24 12:49:55 - [MESSAGE][PASSED] - Swiped from 360,853 to 360,142

2022-01-24 12:49:58 - [MESSAGE][PASSED] - Delayed 3 second(s)

2022-01-24 12:49:58 - [MESSAGE][PASSED] - startApp.OpenApp.terminateApplication is PASSED

2022-01-24 12:49:58 - [MESSAGE][PASSED] - Call Test Case 'Test Cases/Mobile/Page/Run App/Terminate App' successfully]]></system-out>
         <system-err><![CDATA[]]></system-err>
      </testcase>
      <testcase name="Test Cases/Mobile/Scenario/NavigationMenu/005 - Settings" time="90.704" classname="Test Cases/Mobile/Scenario/NavigationMenu/005 - Settings" status="PASSED">
         <system-out><![CDATA[2022-01-24 12:49:58 - [TEST_CASE][PASSED] - Test Cases/Mobile/Scenario/NavigationMenu/005 - Settings: Test Cases/Mobile/Scenario/NavigationMenu/005 - Settings

2022-01-24 12:49:59 - [TEST_STEP][PASSED] - callTestCase(findTestCase("Mobile/Page/Run App/Run App byID"), [:], STOP_ON_FAILURE): Call Test Case 'Test Cases/Mobile/Page/Run App/Run App byID' successfully

2022-01-24 12:49:59 - [TEST_CASE][PASSED] - Test Cases/Mobile/Page/Run App/Run App byID: Test Cases/Mobile/Page/Run App/Run App byID

2022-01-24 12:49:59 - [TEST_STEP][PASSED] - startApp.OpenApp.startApplication("id.co.miraeasset.sageclub"): startApp.OpenApp.startApplication is PASSED

2022-01-24 12:50:11 - [MESSAGE][PASSED] - Starting app with application ID: 'id.co.miraeasset.sageclub'

2022-01-24 12:50:11 - [MESSAGE][PASSED] - startApp.OpenApp.startApplication is PASSED

2022-01-24 12:50:11 - [MESSAGE][PASSED] - Call Test Case 'Test Cases/Mobile/Page/Run App/Run App byID' successfully

2022-01-24 12:50:11 - [TEST_STEP][PASSED] - callTestCase(findTestCase("Mobile/Page/NavigationMenu/NavigationMenu"), ["action":"setting"], CONTINUE_ON_FAILURE): Call Test Case 'Test Cases/Mobile/Page/NavigationMenu/NavigationMenu' successfully

2022-01-24 12:50:11 - [TEST_CASE][PASSED] - Test Cases/Mobile/Page/NavigationMenu/NavigationMenu: Test Cases/Mobile/Page/NavigationMenu/NavigationMenu

2022-01-24 12:50:11 - [TEST_STEP][PASSED] - callTestCase(findTestCase("Mobile/Page/CheckLogin"), [:], CONTINUE_ON_FAILURE): Call Test Case 'Test Cases/Mobile/Page/CheckLogin' successfully

2022-01-24 12:50:11 - [TEST_CASE][PASSED] - Test Cases/Mobile/Page/CheckLogin: Test Cases/Mobile/Page/CheckLogin

2022-01-24 12:50:11 - [TEST_STEP][PASSED] - loginCheck = verifyElementExist(LOGN_BtnLogin, 5, CONTINUE_ON_FAILURE): Element 'Object Repository/Mobile/Page/Login/Button - Login' is exist

2022-01-24 12:50:12 - [MESSAGE][PASSED] - Element 'Object Repository/Mobile/Page/Login/Button - Login' is exist

2022-01-24 12:50:12 - [TEST_STEP][PASSED] - if (loginCheck): Call Test Case 'Test Cases/Mobile/Page/Login/Login' successfully

2022-01-24 12:50:12 - [TEST_STEP][PASSED] - callTestCase(findTestCase("Mobile/Page/Login/Login"), ["action":"username"], CONTINUE_ON_FAILURE): Call Test Case 'Test Cases/Mobile/Page/Login/Login' successfully

2022-01-24 12:50:12 - [TEST_CASE][PASSED] - Test Cases/Mobile/Page/Login/Login: Test Cases/Mobile/Page/Login/Login

2022-01-24 12:50:12 - [TEST_STEP][PASSED] - delay(2): Delayed 2 second(s)

2022-01-24 12:50:14 - [MESSAGE][PASSED] - Delayed 2 second(s)

2022-01-24 12:50:14 - [TEST_STEP][PASSED] - for ([i = 0, i < 1, (i++)]): null

2022-01-24 12:50:14 - [TEST_STEP][PASSED] - if (action == "username"): null

2022-01-24 12:50:14 - [TEST_STEP][PASSED] - tap(LOGN_EdtUserID, 0): Tapped on element 'Object Repository/Mobile/Page/Login/Input - UserID'

2022-01-24 12:50:14 - [MESSAGE][WARNING] - Timeout '0' is invalid. Using default page load timeout: '60'

2022-01-24 12:50:15 - [MESSAGE][PASSED] - Tapped on element 'Object Repository/Mobile/Page/Login/Input - UserID'

2022-01-24 12:50:15 - [TEST_STEP][PASSED] - delay(1): Delayed 1 second(s)

2022-01-24 12:50:16 - [MESSAGE][PASSED] - Delayed 1 second(s)

2022-01-24 12:50:16 - [TEST_STEP][PASSED] - setText(LOGN_EdtRdyUserID, "anggaaditya", 0): Text 'anggaaditya' has been set to element 'Object Repository/Mobile/Page/Login/Input Rdy - UserID'

2022-01-24 12:50:16 - [MESSAGE][WARNING] - Timeout '0' is invalid. Using default page load timeout: '60'

2022-01-24 12:50:17 - [MESSAGE][PASSED] - Text 'anggaaditya' has been set to element 'Object Repository/Mobile/Page/Login/Input Rdy - UserID'

2022-01-24 12:50:17 - [TEST_STEP][PASSED] - delay(1): Delayed 1 second(s)

2022-01-24 12:50:18 - [MESSAGE][PASSED] - Delayed 1 second(s)

2022-01-24 12:50:18 - [TEST_STEP][PASSED] - hideKeyboard(): Keyboard is hidden

2022-01-24 12:50:22 - [MESSAGE][PASSED] - Keyboard is hidden

2022-01-24 12:50:22 - [TEST_STEP][PASSED] - tap(LOGN_EdtPassword, 0): Tapped on element 'Object Repository/Mobile/Page/Login/Input - Password'

2022-01-24 12:50:22 - [MESSAGE][WARNING] - Timeout '0' is invalid. Using default page load timeout: '60'

2022-01-24 12:50:23 - [MESSAGE][PASSED] - Tapped on element 'Object Repository/Mobile/Page/Login/Input - Password'

2022-01-24 12:50:23 - [TEST_STEP][PASSED] - delay(1): Delayed 1 second(s)

2022-01-24 12:50:24 - [MESSAGE][PASSED] - Delayed 1 second(s)

2022-01-24 12:50:24 - [TEST_STEP][PASSED] - setText(LOGN_EdtRdyPassword, "Shalawa18", 0): Text 'Shalawa18' has been set to element 'Object Repository/Mobile/Page/Login/Input Rdy - Password'

2022-01-24 12:50:24 - [MESSAGE][WARNING] - Timeout '0' is invalid. Using default page load timeout: '60'

2022-01-24 12:50:24 - [MESSAGE][PASSED] - Text 'Shalawa18' has been set to element 'Object Repository/Mobile/Page/Login/Input Rdy - Password'

2022-01-24 12:50:24 - [TEST_STEP][PASSED] - delay(1): Delayed 1 second(s)

2022-01-24 12:50:25 - [MESSAGE][PASSED] - Delayed 1 second(s)

2022-01-24 12:50:25 - [TEST_STEP][PASSED] - hideKeyboard(): Keyboard is hidden

2022-01-24 12:50:31 - [MESSAGE][PASSED] - Keyboard is hidden

2022-01-24 12:50:31 - [TEST_STEP][PASSED] - tap(LOGN_BtnLogin, 0): Tapped on element 'Object Repository/Mobile/Page/Login/Button - Login'

2022-01-24 12:50:31 - [MESSAGE][WARNING] - Timeout '0' is invalid. Using default page load timeout: '60'

2022-01-24 12:50:32 - [MESSAGE][PASSED] - Tapped on element 'Object Repository/Mobile/Page/Login/Button - Login'

2022-01-24 12:50:32 - [TEST_STEP][PASSED] - delay(2): Delayed 2 second(s)

2022-01-24 12:50:34 - [MESSAGE][PASSED] - Delayed 2 second(s)

2022-01-24 12:50:34 - [TEST_STEP][PASSED] - break: null

2022-01-24 12:50:34 - [MESSAGE][PASSED] - Call Test Case 'Test Cases/Mobile/Page/Login/Login' successfully

2022-01-24 12:50:34 - [MESSAGE][PASSED] - Call Test Case 'Test Cases/Mobile/Page/CheckLogin' successfully

2022-01-24 12:50:34 - [TEST_STEP][PASSED] - delay(3): Delayed 3 second(s)

2022-01-24 12:50:37 - [MESSAGE][PASSED] - Delayed 3 second(s)

2022-01-24 12:50:37 - [TEST_STEP][PASSED] - scroll.scroll.scrollScreenLeftToRight(): scroll.scroll.scrollScreenLeftToRight is PASSED

2022-01-24 12:50:38 - [MESSAGE][PASSED] - Current device physical height is 1423

2022-01-24 12:50:38 - [MESSAGE][PASSED] - Current device physical width is 720

2022-01-24 12:50:38 - [MESSAGE][PASSED] - Current device physical height is 1423

2022-01-24 12:50:39 - [MESSAGE][PASSED] - Swiped from 10,711 to 710,711

2022-01-24 12:50:39 - [MESSAGE][PASSED] - scroll.scroll.scrollScreenLeftToRight is PASSED

2022-01-24 12:50:39 - [TEST_STEP][PASSED] - delay(1): Delayed 1 second(s)

2022-01-24 12:50:40 - [MESSAGE][PASSED] - Delayed 1 second(s)

2022-01-24 12:50:40 - [TEST_STEP][PASSED] - for ([i = 0, i < 1, (i++)]): Delayed 1 second(s)

2022-01-24 12:50:40 - [TEST_STEP][PASSED] - if (action == "downloadtaxreport"): null

2022-01-24 12:50:40 - [TEST_STEP][PASSED] - else if (action == "analyzeprofile"): null

2022-01-24 12:50:40 - [TEST_STEP][PASSED] - else if (action == "wa"): null

2022-01-24 12:50:40 - [TEST_STEP][PASSED] - else if (action == "email"): null

2022-01-24 12:50:40 - [TEST_STEP][PASSED] - else if (action == "setting"): Delayed 1 second(s)

2022-01-24 12:50:40 - [TEST_STEP][PASSED] - setting = NAVM_BtnSettings: null

2022-01-24 12:50:40 - [TEST_STEP][PASSED] - top = getElementTopPosition(setting, 0): Object 'Object Repository/Mobile/Page/NavigationMenu/Button - Settings' has top position '825'

2022-01-24 12:50:40 - [MESSAGE][WARNING] - Timeout '0' is invalid. Using default page load timeout: '60'

2022-01-24 12:50:40 - [MESSAGE][PASSED] - Object 'Object Repository/Mobile/Page/NavigationMenu/Button - Settings' has top position '825'

2022-01-24 12:50:40 - [TEST_STEP][PASSED] - y = getElementHeight(setting, 0) * 0.8 + top: Object 'Object Repository/Mobile/Page/NavigationMenu/Button - Settings' has height: '98'

2022-01-24 12:50:40 - [MESSAGE][WARNING] - Timeout '0' is invalid. Using default page load timeout: '60'

2022-01-24 12:50:40 - [MESSAGE][PASSED] - Object 'Object Repository/Mobile/Page/NavigationMenu/Button - Settings' has height: '98'

2022-01-24 12:50:40 - [TEST_STEP][PASSED] - x = getDeviceWidth() * 0.2: Current device physical width is 720

2022-01-24 12:50:41 - [MESSAGE][PASSED] - Current device physical width is 720

2022-01-24 12:50:41 - [TEST_STEP][PASSED] - tapAtPosition(x, y): Tapped at [144, 903]

2022-01-24 12:50:42 - [MESSAGE][PASSED] - Tapped at [144, 903]

2022-01-24 12:50:42 - [TEST_STEP][PASSED] - delay(1): Delayed 1 second(s)

2022-01-24 12:50:43 - [MESSAGE][PASSED] - Delayed 1 second(s)

2022-01-24 12:50:43 - [TEST_STEP][PASSED] - tap(NAVM_SETT_DropGain, 0): Tapped on element 'Object Repository/Mobile/Page/NavigationMenu/Settings/Dropdown - Gain'

2022-01-24 12:50:43 - [MESSAGE][WARNING] - Timeout '0' is invalid. Using default page load timeout: '60'

2022-01-24 12:50:45 - [MESSAGE][PASSED] - Tapped on element 'Object Repository/Mobile/Page/NavigationMenu/Settings/Dropdown - Gain'

2022-01-24 12:50:45 - [TEST_STEP][PASSED] - delay(1): Delayed 1 second(s)

2022-01-24 12:50:46 - [MESSAGE][PASSED] - Delayed 1 second(s)

2022-01-24 12:50:46 - [TEST_STEP][PASSED] - tap(NAVM_SETT_OptGain5, 0): Tapped on element 'Object Repository/Mobile/Page/NavigationMenu/Settings/Option Gain - 5'

2022-01-24 12:50:46 - [MESSAGE][WARNING] - Timeout '0' is invalid. Using default page load timeout: '60'

2022-01-24 12:50:48 - [MESSAGE][PASSED] - Tapped on element 'Object Repository/Mobile/Page/NavigationMenu/Settings/Option Gain - 5'

2022-01-24 12:50:48 - [TEST_STEP][PASSED] - delay(1): Delayed 1 second(s)

2022-01-24 12:50:49 - [MESSAGE][PASSED] - Delayed 1 second(s)

2022-01-24 12:50:49 - [TEST_STEP][PASSED] - tap(NAVM_SETT_SwitchGain, 0): Tapped on element 'Object Repository/Mobile/Page/NavigationMenu/Settings/Switch - Gain'

2022-01-24 12:50:49 - [MESSAGE][WARNING] - Timeout '0' is invalid. Using default page load timeout: '60'

2022-01-24 12:50:50 - [MESSAGE][PASSED] - Tapped on element 'Object Repository/Mobile/Page/NavigationMenu/Settings/Switch - Gain'

2022-01-24 12:50:50 - [TEST_STEP][PASSED] - delay(1): Delayed 1 second(s)

2022-01-24 12:50:51 - [MESSAGE][PASSED] - Delayed 1 second(s)

2022-01-24 12:50:51 - [TEST_STEP][PASSED] - tap(NAVM_SETT_SwitchGain, 0): Tapped on element 'Object Repository/Mobile/Page/NavigationMenu/Settings/Switch - Gain'

2022-01-24 12:50:51 - [MESSAGE][WARNING] - Timeout '0' is invalid. Using default page load timeout: '60'

2022-01-24 12:50:52 - [MESSAGE][PASSED] - Tapped on element 'Object Repository/Mobile/Page/NavigationMenu/Settings/Switch - Gain'

2022-01-24 12:50:52 - [TEST_STEP][PASSED] - delay(1): Delayed 1 second(s)

2022-01-24 12:50:53 - [MESSAGE][PASSED] - Delayed 1 second(s)

2022-01-24 12:50:53 - [TEST_STEP][PASSED] - tap(NAVM_SETT_DropLoss, 0): Tapped on element 'Object Repository/Mobile/Page/NavigationMenu/Settings/Dropdown - Loss'

2022-01-24 12:50:53 - [MESSAGE][WARNING] - Timeout '0' is invalid. Using default page load timeout: '60'

2022-01-24 12:50:54 - [MESSAGE][PASSED] - Tapped on element 'Object Repository/Mobile/Page/NavigationMenu/Settings/Dropdown - Loss'

2022-01-24 12:50:54 - [TEST_STEP][PASSED] - delay(1): Delayed 1 second(s)

2022-01-24 12:50:55 - [MESSAGE][PASSED] - Delayed 1 second(s)

2022-01-24 12:50:55 - [TEST_STEP][PASSED] - tap(NAVM_SETT_OptLoss5, 0): Tapped on element 'Object Repository/Mobile/Page/NavigationMenu/Settings/Option Loss - 5'

2022-01-24 12:50:55 - [MESSAGE][WARNING] - Timeout '0' is invalid. Using default page load timeout: '60'

2022-01-24 12:50:56 - [MESSAGE][PASSED] - Tapped on element 'Object Repository/Mobile/Page/NavigationMenu/Settings/Option Loss - 5'

2022-01-24 12:50:56 - [TEST_STEP][PASSED] - delay(1): Delayed 1 second(s)

2022-01-24 12:50:57 - [MESSAGE][PASSED] - Delayed 1 second(s)

2022-01-24 12:50:57 - [TEST_STEP][PASSED] - tap(NAVM_SETT_SwitchLoss, 0): Tapped on element 'Object Repository/Mobile/Page/NavigationMenu/Settings/Switch - Loss'

2022-01-24 12:50:57 - [MESSAGE][WARNING] - Timeout '0' is invalid. Using default page load timeout: '60'

2022-01-24 12:50:58 - [MESSAGE][PASSED] - Tapped on element 'Object Repository/Mobile/Page/NavigationMenu/Settings/Switch - Loss'

2022-01-24 12:50:58 - [TEST_STEP][PASSED] - delay(1): Delayed 1 second(s)

2022-01-24 12:50:59 - [MESSAGE][PASSED] - Delayed 1 second(s)

2022-01-24 12:50:59 - [TEST_STEP][PASSED] - tap(NAVM_SETT_SwitchLoss, 0): Tapped on element 'Object Repository/Mobile/Page/NavigationMenu/Settings/Switch - Loss'

2022-01-24 12:50:59 - [MESSAGE][WARNING] - Timeout '0' is invalid. Using default page load timeout: '60'

2022-01-24 12:51:00 - [MESSAGE][PASSED] - Tapped on element 'Object Repository/Mobile/Page/NavigationMenu/Settings/Switch - Loss'

2022-01-24 12:51:00 - [TEST_STEP][PASSED] - delay(1): Delayed 1 second(s)

2022-01-24 12:51:01 - [MESSAGE][PASSED] - Delayed 1 second(s)

2022-01-24 12:51:01 - [TEST_STEP][PASSED] - tap(NAVM_SETT_CbRiskTolerance, 0): Tapped on element 'Object Repository/Mobile/Page/NavigationMenu/Settings/Checkbox - Risk Tolerance'

2022-01-24 12:51:01 - [MESSAGE][WARNING] - Timeout '0' is invalid. Using default page load timeout: '60'

2022-01-24 12:51:01 - [MESSAGE][PASSED] - Tapped on element 'Object Repository/Mobile/Page/NavigationMenu/Settings/Checkbox - Risk Tolerance'

2022-01-24 12:51:01 - [TEST_STEP][PASSED] - delay(1): Delayed 1 second(s)

2022-01-24 12:51:02 - [MESSAGE][PASSED] - Delayed 1 second(s)

2022-01-24 12:51:02 - [TEST_STEP][PASSED] - tap(NAVM_SETT_CbRiskTolerance, 0): Tapped on element 'Object Repository/Mobile/Page/NavigationMenu/Settings/Checkbox - Risk Tolerance'

2022-01-24 12:51:02 - [MESSAGE][WARNING] - Timeout '0' is invalid. Using default page load timeout: '60'

2022-01-24 12:51:02 - [MESSAGE][PASSED] - Tapped on element 'Object Repository/Mobile/Page/NavigationMenu/Settings/Checkbox - Risk Tolerance'

2022-01-24 12:51:02 - [TEST_STEP][PASSED] - delay(1): Delayed 1 second(s)

2022-01-24 12:51:03 - [MESSAGE][PASSED] - Delayed 1 second(s)

2022-01-24 12:51:03 - [TEST_STEP][PASSED] - tap(NAVM_SETT_SwitchStock, 0): Tapped on element 'Object Repository/Mobile/Page/NavigationMenu/Settings/Switch - Stock News'

2022-01-24 12:51:03 - [MESSAGE][WARNING] - Timeout '0' is invalid. Using default page load timeout: '60'

2022-01-24 12:51:04 - [MESSAGE][PASSED] - Tapped on element 'Object Repository/Mobile/Page/NavigationMenu/Settings/Switch - Stock News'

2022-01-24 12:51:04 - [TEST_STEP][PASSED] - delay(1): Delayed 1 second(s)

2022-01-24 12:51:05 - [MESSAGE][PASSED] - Delayed 1 second(s)

2022-01-24 12:51:05 - [TEST_STEP][PASSED] - tap(NAVM_SETT_SwitchStock, 0): Tapped on element 'Object Repository/Mobile/Page/NavigationMenu/Settings/Switch - Stock News'

2022-01-24 12:51:05 - [MESSAGE][WARNING] - Timeout '0' is invalid. Using default page load timeout: '60'

2022-01-24 12:51:06 - [MESSAGE][PASSED] - Tapped on element 'Object Repository/Mobile/Page/NavigationMenu/Settings/Switch - Stock News'

2022-01-24 12:51:06 - [TEST_STEP][PASSED] - delay(1): Delayed 1 second(s)

2022-01-24 12:51:07 - [MESSAGE][PASSED] - Delayed 1 second(s)

2022-01-24 12:51:07 - [TEST_STEP][PASSED] - tap(NAVM_SETT_SwitchFund, 0): Tapped on element 'Object Repository/Mobile/Page/NavigationMenu/Settings/Switch - Fund News'

2022-01-24 12:51:07 - [MESSAGE][WARNING] - Timeout '0' is invalid. Using default page load timeout: '60'

2022-01-24 12:51:08 - [MESSAGE][PASSED] - Tapped on element 'Object Repository/Mobile/Page/NavigationMenu/Settings/Switch - Fund News'

2022-01-24 12:51:08 - [TEST_STEP][PASSED] - delay(1): Delayed 1 second(s)

2022-01-24 12:51:09 - [MESSAGE][PASSED] - Delayed 1 second(s)

2022-01-24 12:51:09 - [TEST_STEP][PASSED] - tap(NAVM_SETT_SwitchFund, 0): Tapped on element 'Object Repository/Mobile/Page/NavigationMenu/Settings/Switch - Fund News'

2022-01-24 12:51:09 - [MESSAGE][WARNING] - Timeout '0' is invalid. Using default page load timeout: '60'

2022-01-24 12:51:10 - [MESSAGE][PASSED] - Tapped on element 'Object Repository/Mobile/Page/NavigationMenu/Settings/Switch - Fund News'

2022-01-24 12:51:10 - [TEST_STEP][PASSED] - delay(1): Delayed 1 second(s)

2022-01-24 12:51:11 - [MESSAGE][PASSED] - Delayed 1 second(s)

2022-01-24 12:51:11 - [TEST_STEP][PASSED] - tap(NAVM_SETT_SwitchBond, 0): Tapped on element 'Object Repository/Mobile/Page/NavigationMenu/Settings/Switch - Bond News'

2022-01-24 12:51:11 - [MESSAGE][WARNING] - Timeout '0' is invalid. Using default page load timeout: '60'

2022-01-24 12:51:12 - [MESSAGE][PASSED] - Tapped on element 'Object Repository/Mobile/Page/NavigationMenu/Settings/Switch - Bond News'

2022-01-24 12:51:12 - [TEST_STEP][PASSED] - delay(1): Delayed 1 second(s)

2022-01-24 12:51:13 - [MESSAGE][PASSED] - Delayed 1 second(s)

2022-01-24 12:51:13 - [TEST_STEP][PASSED] - tap(NAVM_SETT_SwitchBond, 0): Tapped on element 'Object Repository/Mobile/Page/NavigationMenu/Settings/Switch - Bond News'

2022-01-24 12:51:13 - [MESSAGE][WARNING] - Timeout '0' is invalid. Using default page load timeout: '60'

2022-01-24 12:51:13 - [MESSAGE][PASSED] - Tapped on element 'Object Repository/Mobile/Page/NavigationMenu/Settings/Switch - Bond News'

2022-01-24 12:51:13 - [TEST_STEP][PASSED] - delay(1): Delayed 1 second(s)

2022-01-24 12:51:14 - [MESSAGE][PASSED] - Delayed 1 second(s)

2022-01-24 12:51:14 - [TEST_STEP][PASSED] - tap(NAVM_SETT_SwitchMacro, 0): Tapped on element 'Object Repository/Mobile/Page/NavigationMenu/Settings/Switch - Macro News'

2022-01-24 12:51:14 - [MESSAGE][WARNING] - Timeout '0' is invalid. Using default page load timeout: '60'

2022-01-24 12:51:15 - [MESSAGE][PASSED] - Tapped on element 'Object Repository/Mobile/Page/NavigationMenu/Settings/Switch - Macro News'

2022-01-24 12:51:15 - [TEST_STEP][PASSED] - delay(1): Delayed 1 second(s)

2022-01-24 12:51:16 - [MESSAGE][PASSED] - Delayed 1 second(s)

2022-01-24 12:51:16 - [TEST_STEP][PASSED] - tap(NAVM_SETT_SwitchMacro, 0): Tapped on element 'Object Repository/Mobile/Page/NavigationMenu/Settings/Switch - Macro News'

2022-01-24 12:51:16 - [MESSAGE][WARNING] - Timeout '0' is invalid. Using default page load timeout: '60'

2022-01-24 12:51:16 - [MESSAGE][PASSED] - Tapped on element 'Object Repository/Mobile/Page/NavigationMenu/Settings/Switch - Macro News'

2022-01-24 12:51:16 - [TEST_STEP][PASSED] - delay(1): Delayed 1 second(s)

2022-01-24 12:51:17 - [MESSAGE][PASSED] - Delayed 1 second(s)

2022-01-24 12:51:17 - [TEST_STEP][PASSED] - pressBack(): Press back button successfully

2022-01-24 12:51:18 - [MESSAGE][PASSED] - Press back button successfully

2022-01-24 12:51:18 - [TEST_STEP][PASSED] - delay(1): Delayed 1 second(s)

2022-01-24 12:51:19 - [MESSAGE][PASSED] - Delayed 1 second(s)

2022-01-24 12:51:19 - [MESSAGE][PASSED] - Call Test Case 'Test Cases/Mobile/Page/NavigationMenu/NavigationMenu' successfully

2022-01-24 12:51:19 - [TEST_STEP][PASSED] - callTestCase(findTestCase("Mobile/Page/Run App/Terminate App"), [:], STOP_ON_FAILURE): Call Test Case 'Test Cases/Mobile/Page/Run App/Terminate App' successfully

2022-01-24 12:51:19 - [TEST_CASE][PASSED] - Test Cases/Mobile/Page/Run App/Terminate App: Test Cases/Mobile/Page/Run App/Terminate App

2022-01-24 12:51:19 - [TEST_STEP][PASSED] - startApp.OpenApp.terminateApplication(): startApp.OpenApp.terminateApplication is PASSED

2022-01-24 12:51:22 - [MESSAGE][PASSED] - Delayed 3 second(s)

2022-01-24 12:51:22 - [MESSAGE][PASSED] - Current device physical width is 720

2022-01-24 12:51:22 - [MESSAGE][PASSED] - Current device physical height is 1423

2022-01-24 12:51:24 - [MESSAGE][PASSED] - Swiped from 360,853 to 360,142

2022-01-24 12:51:25 - [MESSAGE][PASSED] - Delayed 1 second(s)

2022-01-24 12:51:26 - [MESSAGE][PASSED] - Swiped from 360,853 to 360,142

2022-01-24 12:51:29 - [MESSAGE][PASSED] - Delayed 3 second(s)

2022-01-24 12:51:29 - [MESSAGE][PASSED] - startApp.OpenApp.terminateApplication is PASSED

2022-01-24 12:51:29 - [MESSAGE][PASSED] - Call Test Case 'Test Cases/Mobile/Page/Run App/Terminate App' successfully]]></system-out>
         <system-err><![CDATA[]]></system-err>
      </testcase>
      <testcase name="Test Cases/Mobile/Scenario/NavigationMenu/006 - Logout" time="55.526" classname="Test Cases/Mobile/Scenario/NavigationMenu/006 - Logout" status="PASSED">
         <system-out><![CDATA[2022-01-24 12:51:29 - [TEST_CASE][PASSED] - Test Cases/Mobile/Scenario/NavigationMenu/006 - Logout: Test Cases/Mobile/Scenario/NavigationMenu/006 - Logout

2022-01-24 12:51:29 - [TEST_STEP][PASSED] - callTestCase(findTestCase("Mobile/Page/Run App/Run App byID"), [:], STOP_ON_FAILURE): Call Test Case 'Test Cases/Mobile/Page/Run App/Run App byID' successfully

2022-01-24 12:51:29 - [TEST_CASE][PASSED] - Test Cases/Mobile/Page/Run App/Run App byID: Test Cases/Mobile/Page/Run App/Run App byID

2022-01-24 12:51:29 - [TEST_STEP][PASSED] - startApp.OpenApp.startApplication("id.co.miraeasset.sageclub"): startApp.OpenApp.startApplication is PASSED

2022-01-24 12:51:41 - [MESSAGE][PASSED] - Starting app with application ID: 'id.co.miraeasset.sageclub'

2022-01-24 12:51:41 - [MESSAGE][PASSED] - startApp.OpenApp.startApplication is PASSED

2022-01-24 12:51:41 - [MESSAGE][PASSED] - Call Test Case 'Test Cases/Mobile/Page/Run App/Run App byID' successfully

2022-01-24 12:51:41 - [TEST_STEP][PASSED] - callTestCase(findTestCase("Mobile/Page/NavigationMenu/NavigationMenu"), ["action":"logout"], CONTINUE_ON_FAILURE): Call Test Case 'Test Cases/Mobile/Page/NavigationMenu/NavigationMenu' successfully

2022-01-24 12:51:41 - [TEST_CASE][PASSED] - Test Cases/Mobile/Page/NavigationMenu/NavigationMenu: Test Cases/Mobile/Page/NavigationMenu/NavigationMenu

2022-01-24 12:51:41 - [TEST_STEP][PASSED] - callTestCase(findTestCase("Mobile/Page/CheckLogin"), [:], CONTINUE_ON_FAILURE): Call Test Case 'Test Cases/Mobile/Page/CheckLogin' successfully

2022-01-24 12:51:41 - [TEST_CASE][PASSED] - Test Cases/Mobile/Page/CheckLogin: Test Cases/Mobile/Page/CheckLogin

2022-01-24 12:51:41 - [TEST_STEP][PASSED] - loginCheck = verifyElementExist(LOGN_BtnLogin, 5, CONTINUE_ON_FAILURE): Element 'Object Repository/Mobile/Page/Login/Button - Login' is exist

2022-01-24 12:51:43 - [MESSAGE][PASSED] - Element 'Object Repository/Mobile/Page/Login/Button - Login' is exist

2022-01-24 12:51:43 - [TEST_STEP][PASSED] - if (loginCheck): Call Test Case 'Test Cases/Mobile/Page/Login/Login' successfully

2022-01-24 12:51:43 - [TEST_STEP][PASSED] - callTestCase(findTestCase("Mobile/Page/Login/Login"), ["action":"username"], CONTINUE_ON_FAILURE): Call Test Case 'Test Cases/Mobile/Page/Login/Login' successfully

2022-01-24 12:51:44 - [TEST_CASE][PASSED] - Test Cases/Mobile/Page/Login/Login: Test Cases/Mobile/Page/Login/Login

2022-01-24 12:51:44 - [TEST_STEP][PASSED] - delay(2): Delayed 2 second(s)

2022-01-24 12:51:46 - [MESSAGE][PASSED] - Delayed 2 second(s)

2022-01-24 12:51:46 - [TEST_STEP][PASSED] - for ([i = 0, i < 1, (i++)]): null

2022-01-24 12:51:46 - [TEST_STEP][PASSED] - if (action == "username"): null

2022-01-24 12:51:46 - [TEST_STEP][PASSED] - tap(LOGN_EdtUserID, 0): Tapped on element 'Object Repository/Mobile/Page/Login/Input - UserID'

2022-01-24 12:51:46 - [MESSAGE][WARNING] - Timeout '0' is invalid. Using default page load timeout: '60'

2022-01-24 12:51:46 - [MESSAGE][PASSED] - Tapped on element 'Object Repository/Mobile/Page/Login/Input - UserID'

2022-01-24 12:51:46 - [TEST_STEP][PASSED] - delay(1): Delayed 1 second(s)

2022-01-24 12:51:47 - [MESSAGE][PASSED] - Delayed 1 second(s)

2022-01-24 12:51:47 - [TEST_STEP][PASSED] - setText(LOGN_EdtRdyUserID, "anggaaditya", 0): Text 'anggaaditya' has been set to element 'Object Repository/Mobile/Page/Login/Input Rdy - UserID'

2022-01-24 12:51:47 - [MESSAGE][WARNING] - Timeout '0' is invalid. Using default page load timeout: '60'

2022-01-24 12:51:48 - [MESSAGE][PASSED] - Text 'anggaaditya' has been set to element 'Object Repository/Mobile/Page/Login/Input Rdy - UserID'

2022-01-24 12:51:48 - [TEST_STEP][PASSED] - delay(1): Delayed 1 second(s)

2022-01-24 12:51:49 - [MESSAGE][PASSED] - Delayed 1 second(s)

2022-01-24 12:51:49 - [TEST_STEP][PASSED] - hideKeyboard(): Keyboard is hidden

2022-01-24 12:51:54 - [MESSAGE][PASSED] - Keyboard is hidden

2022-01-24 12:51:54 - [TEST_STEP][PASSED] - tap(LOGN_EdtPassword, 0): Tapped on element 'Object Repository/Mobile/Page/Login/Input - Password'

2022-01-24 12:51:54 - [MESSAGE][WARNING] - Timeout '0' is invalid. Using default page load timeout: '60'

2022-01-24 12:51:54 - [MESSAGE][PASSED] - Tapped on element 'Object Repository/Mobile/Page/Login/Input - Password'

2022-01-24 12:51:54 - [TEST_STEP][PASSED] - delay(1): Delayed 1 second(s)

2022-01-24 12:51:55 - [MESSAGE][PASSED] - Delayed 1 second(s)

2022-01-24 12:51:55 - [TEST_STEP][PASSED] - setText(LOGN_EdtRdyPassword, "Shalawa18", 0): Text 'Shalawa18' has been set to element 'Object Repository/Mobile/Page/Login/Input Rdy - Password'

2022-01-24 12:51:55 - [MESSAGE][WARNING] - Timeout '0' is invalid. Using default page load timeout: '60'

2022-01-24 12:51:56 - [MESSAGE][PASSED] - Text 'Shalawa18' has been set to element 'Object Repository/Mobile/Page/Login/Input Rdy - Password'

2022-01-24 12:51:56 - [TEST_STEP][PASSED] - delay(1): Delayed 1 second(s)

2022-01-24 12:51:57 - [MESSAGE][PASSED] - Delayed 1 second(s)

2022-01-24 12:51:57 - [TEST_STEP][PASSED] - hideKeyboard(): Keyboard is hidden

2022-01-24 12:52:04 - [MESSAGE][PASSED] - Keyboard is hidden

2022-01-24 12:52:04 - [TEST_STEP][PASSED] - tap(LOGN_BtnLogin, 0): Tapped on element 'Object Repository/Mobile/Page/Login/Button - Login'

2022-01-24 12:52:04 - [MESSAGE][WARNING] - Timeout '0' is invalid. Using default page load timeout: '60'

2022-01-24 12:52:05 - [MESSAGE][PASSED] - Tapped on element 'Object Repository/Mobile/Page/Login/Button - Login'

2022-01-24 12:52:05 - [TEST_STEP][PASSED] - delay(2): Delayed 2 second(s)

2022-01-24 12:52:07 - [MESSAGE][PASSED] - Delayed 2 second(s)

2022-01-24 12:52:07 - [TEST_STEP][PASSED] - break: null

2022-01-24 12:52:07 - [MESSAGE][PASSED] - Call Test Case 'Test Cases/Mobile/Page/Login/Login' successfully

2022-01-24 12:52:07 - [MESSAGE][PASSED] - Call Test Case 'Test Cases/Mobile/Page/CheckLogin' successfully

2022-01-24 12:52:07 - [TEST_STEP][PASSED] - delay(3): Delayed 3 second(s)

2022-01-24 12:52:10 - [MESSAGE][PASSED] - Delayed 3 second(s)

2022-01-24 12:52:10 - [TEST_STEP][PASSED] - scroll.scroll.scrollScreenLeftToRight(): scroll.scroll.scrollScreenLeftToRight is PASSED

2022-01-24 12:52:10 - [MESSAGE][PASSED] - Current device physical height is 1423

2022-01-24 12:52:10 - [MESSAGE][PASSED] - Current device physical width is 720

2022-01-24 12:52:11 - [MESSAGE][PASSED] - Current device physical height is 1423

2022-01-24 12:52:12 - [MESSAGE][PASSED] - Swiped from 10,711 to 710,711

2022-01-24 12:52:12 - [MESSAGE][PASSED] - scroll.scroll.scrollScreenLeftToRight is PASSED

2022-01-24 12:52:12 - [TEST_STEP][PASSED] - delay(1): Delayed 1 second(s)

2022-01-24 12:52:13 - [MESSAGE][PASSED] - Delayed 1 second(s)

2022-01-24 12:52:13 - [TEST_STEP][PASSED] - for ([i = 0, i < 1, (i++)]): Delayed 1 second(s)

2022-01-24 12:52:13 - [TEST_STEP][PASSED] - if (action == "downloadtaxreport"): null

2022-01-24 12:52:13 - [TEST_STEP][PASSED] - else if (action == "analyzeprofile"): null

2022-01-24 12:52:13 - [TEST_STEP][PASSED] - else if (action == "wa"): null

2022-01-24 12:52:13 - [TEST_STEP][PASSED] - else if (action == "email"): null

2022-01-24 12:52:13 - [TEST_STEP][PASSED] - else if (action == "setting"): null

2022-01-24 12:52:13 - [TEST_STEP][PASSED] - else if (action == "logout"): Delayed 1 second(s)

2022-01-24 12:52:13 - [TEST_STEP][PASSED] - logout = NAVM_ContLogout: null

2022-01-24 12:52:13 - [TEST_STEP][PASSED] - top = getElementTopPosition(logout, 0): Object 'Object Repository/Mobile/Page/NavigationMenu/Container - Logout' has top position '1,294'

2022-01-24 12:52:13 - [MESSAGE][WARNING] - Timeout '0' is invalid. Using default page load timeout: '60'

2022-01-24 12:52:13 - [MESSAGE][PASSED] - Object 'Object Repository/Mobile/Page/NavigationMenu/Container - Logout' has top position '1,294'

2022-01-24 12:52:13 - [TEST_STEP][PASSED] - y = getElementHeight(logout, 0) * 0.8 + top: Object 'Object Repository/Mobile/Page/NavigationMenu/Container - Logout' has height: '87'

2022-01-24 12:52:13 - [MESSAGE][WARNING] - Timeout '0' is invalid. Using default page load timeout: '60'

2022-01-24 12:52:13 - [MESSAGE][PASSED] - Object 'Object Repository/Mobile/Page/NavigationMenu/Container - Logout' has height: '87'

2022-01-24 12:52:13 - [TEST_STEP][PASSED] - x = getDeviceWidth() * 0.2: Current device physical width is 720

2022-01-24 12:52:13 - [MESSAGE][PASSED] - Current device physical width is 720

2022-01-24 12:52:13 - [TEST_STEP][PASSED] - tapAtPosition(x, y): Tapped at [144, 1,363]

2022-01-24 12:52:14 - [MESSAGE][PASSED] - Tapped at [144, 1,363]

2022-01-24 12:52:14 - [TEST_STEP][PASSED] - delay(1): Delayed 1 second(s)

2022-01-24 12:52:15 - [MESSAGE][PASSED] - Delayed 1 second(s)

2022-01-24 12:52:15 - [MESSAGE][PASSED] - Call Test Case 'Test Cases/Mobile/Page/NavigationMenu/NavigationMenu' successfully

2022-01-24 12:52:15 - [TEST_STEP][PASSED] - callTestCase(findTestCase("Mobile/Page/Run App/Terminate App"), [:], STOP_ON_FAILURE): Call Test Case 'Test Cases/Mobile/Page/Run App/Terminate App' successfully

2022-01-24 12:52:15 - [TEST_CASE][PASSED] - Test Cases/Mobile/Page/Run App/Terminate App: Test Cases/Mobile/Page/Run App/Terminate App

2022-01-24 12:52:15 - [TEST_STEP][PASSED] - startApp.OpenApp.terminateApplication(): startApp.OpenApp.terminateApplication is PASSED

2022-01-24 12:52:18 - [MESSAGE][PASSED] - Delayed 3 second(s)

2022-01-24 12:52:18 - [MESSAGE][PASSED] - Current device physical width is 720

2022-01-24 12:52:18 - [MESSAGE][PASSED] - Current device physical height is 1423

2022-01-24 12:52:19 - [MESSAGE][PASSED] - Swiped from 360,853 to 360,142

2022-01-24 12:52:20 - [MESSAGE][PASSED] - Delayed 1 second(s)

2022-01-24 12:52:22 - [MESSAGE][PASSED] - Swiped from 360,853 to 360,142

2022-01-24 12:52:25 - [MESSAGE][PASSED] - Delayed 3 second(s)

2022-01-24 12:52:25 - [MESSAGE][PASSED] - startApp.OpenApp.terminateApplication is PASSED

2022-01-24 12:52:25 - [MESSAGE][PASSED] - Call Test Case 'Test Cases/Mobile/Page/Run App/Terminate App' successfully]]></system-out>
         <system-err><![CDATA[]]></system-err>
      </testcase>
      <system-out><![CDATA[2022-01-24 12:44:54 - [TEST_SUITE][PASSED] - navigationmenu: Test Cases/Mobile/Scenario/NavigationMenu/006 - Logout]]></system-out>
      <system-err><![CDATA[]]></system-err>
   </testsuite>
</testsuites>
