<?xml version="1.0" encoding="UTF-8"?>
<testsuites name="analysis" time="284.277" tests="4" failures="0" skips="0" errors="0">
   <testsuite name="analysis" tests="4" failures="0" errors="0" time="284.277" skips="0" timestamp="2021-12-17 08:30:05" hostname="Owner - aldy-tft" id="Test Suites/analysis">
      <properties>
         <property name="deviceName" value="samsung SM-A205F (Android 11)"/>
         <property name="devicePlatform" value=""/>
         <property name="logFolder" value="C:\\Users\\Owner\\Documents\\kerjaan\\KatalonProject\\qa_katalon_pwm\\qa_katalon_pwm\\Reports\\20211217_082957\\analysis\\20211217_082957"/>
         <property name="logFiles" value="C:\\Users\\Owner\\Documents\\kerjaan\\KatalonProject\\qa_katalon_pwm\\qa_katalon_pwm\\Reports\\20211217_082957\\analysis\\20211217_082957\\appium.log, C:\\Users\\Owner\\Documents\\kerjaan\\KatalonProject\\qa_katalon_pwm\\qa_katalon_pwm\\Reports\\20211217_082957\\analysis\\20211217_082957\\execution0.log"/>
         <property name="attachments" value=""/>
         <property name="hostName" value="Owner - aldy-tft"/>
         <property name="os" value="Windows 10 64bit"/>
         <property name="appiumServerStatus" value="{&quot;value&quot;:{&quot;build&quot;:{&quot;version&quot;:&quot;1.22.0&quot;}},&quot;sessionId&quot;:null,&quot;status&quot;:0}"/>
         <property name="katalonVersion" value="7.9.1.208"/>
         <property name="deviceOS" value="Android"/>
         <property name="appiumVersion" value="1.22.0"/>
         <property name="deviceModel" value="SM-A205F"/>
         <property name="hostAddress" value="10.0.30.197"/>
         <property name="deviceManufacturer" value="samsung"/>
         <property name="deviceId" value="RR8M40C9AXE"/>
         <property name="deviceName" value="samsung SM-A205F (Android 11)"/>
         <property name="deviceOSVersion" value="11"/>
      </properties>
      <testcase name="Test Cases/Mobile/Scenario/Analysis/001 - User akses techincal analysis" time="83.912" classname="Test Cases/Mobile/Scenario/Analysis/001 - User akses techincal analysis" status="PASSED">
         <system-out><![CDATA[2021-12-17 08:30:06 - [TEST_CASE][PASSED] - Test Cases/Mobile/Scenario/Analysis/001 - User akses techincal analysis: Test Cases/Mobile/Scenario/Analysis/001 - User akses techincal analysis

2021-12-17 08:30:07 - [TEST_STEP][PASSED] - callTestCase(findTestCase("Mobile/Page/Run App/Run App byID"), [:], STOP_ON_FAILURE): Call Test Case 'Test Cases/Mobile/Page/Run App/Run App byID' successfully

2021-12-17 08:30:07 - [TEST_CASE][PASSED] - Test Cases/Mobile/Page/Run App/Run App byID: Test Cases/Mobile/Page/Run App/Run App byID

2021-12-17 08:30:07 - [TEST_STEP][PASSED] - startApp.OpenApp.startApplication("id.co.miraeasset.sageclub"): startApp.OpenApp.startApplication is PASSED

2021-12-17 08:30:09 - [MESSAGE][INFO] - Appium server started on port 54,418

2021-12-17 08:30:25 - [MESSAGE][PASSED] - Starting app with application ID: 'id.co.miraeasset.sageclub'

2021-12-17 08:30:25 - [MESSAGE][PASSED] - startApp.OpenApp.startApplication is PASSED

2021-12-17 08:30:25 - [MESSAGE][PASSED] - Call Test Case 'Test Cases/Mobile/Page/Run App/Run App byID' successfully

2021-12-17 08:30:25 - [TEST_STEP][PASSED] - callTestCase(findTestCase("Mobile/Page/Analysis/Analysis"), ["action":"technicalsearch"], CONTINUE_ON_FAILURE): Call Test Case 'Test Cases/Mobile/Page/Analysis/Analysis' successfully

2021-12-17 08:30:26 - [TEST_CASE][PASSED] - Test Cases/Mobile/Page/Analysis/Analysis: Test Cases/Mobile/Page/Analysis/Analysis

2021-12-17 08:30:27 - [TEST_STEP][PASSED] - callTestCase(findTestCase("Mobile/Page/CheckLogin"), [:], CONTINUE_ON_FAILURE): Call Test Case 'Test Cases/Mobile/Page/CheckLogin' successfully

2021-12-17 08:30:27 - [TEST_CASE][PASSED] - Test Cases/Mobile/Page/CheckLogin: Test Cases/Mobile/Page/CheckLogin

2021-12-17 08:30:28 - [TEST_STEP][PASSED] - loginCheck = verifyElementExist(findTestObject("Mobile/Page/Login/Button - Login"), 2, CONTINUE_ON_FAILURE): Element 'Object Repository/Mobile/Page/Login/Button - Login' is exist

2021-12-17 08:30:29 - [MESSAGE][PASSED] - Element 'Object Repository/Mobile/Page/Login/Button - Login' is exist

2021-12-17 08:30:29 - [TEST_STEP][PASSED] - if (loginCheck): Call Test Case 'Test Cases/Mobile/Page/Login/Login' successfully

2021-12-17 08:30:29 - [TEST_STEP][PASSED] - callTestCase(findTestCase("Mobile/Page/Login/Login"), [:], CONTINUE_ON_FAILURE): Call Test Case 'Test Cases/Mobile/Page/Login/Login' successfully

2021-12-17 08:30:29 - [TEST_CASE][PASSED] - Test Cases/Mobile/Page/Login/Login: Test Cases/Mobile/Page/Login/Login

2021-12-17 08:30:30 - [TEST_STEP][PASSED] - delay(2): Delayed 2 second(s)

2021-12-17 08:30:32 - [MESSAGE][PASSED] - Delayed 2 second(s)

2021-12-17 08:30:32 - [TEST_STEP][PASSED] - tap(findTestObject("Mobile/Page/Login/Input - UserID"), 0): Tapped on element 'Object Repository/Mobile/Page/Login/Input - UserID'

2021-12-17 08:30:32 - [MESSAGE][WARNING] - Timeout '0' is invalid. Using default page load timeout: '60'

2021-12-17 08:30:33 - [MESSAGE][PASSED] - Tapped on element 'Object Repository/Mobile/Page/Login/Input - UserID'

2021-12-17 08:30:33 - [TEST_STEP][PASSED] - delay(1): Delayed 1 second(s)

2021-12-17 08:30:34 - [MESSAGE][PASSED] - Delayed 1 second(s)

2021-12-17 08:30:34 - [TEST_STEP][PASSED] - setText(findTestObject("Mobile/Page/Login/Input Rdy - UserID"), "anggaaditya", 0): Text 'anggaaditya' has been set to element 'Object Repository/Mobile/Page/Login/Input Rdy - UserID'

2021-12-17 08:30:34 - [MESSAGE][WARNING] - Timeout '0' is invalid. Using default page load timeout: '60'

2021-12-17 08:30:34 - [MESSAGE][PASSED] - Text 'anggaaditya' has been set to element 'Object Repository/Mobile/Page/Login/Input Rdy - UserID'

2021-12-17 08:30:34 - [TEST_STEP][PASSED] - delay(1): Delayed 1 second(s)

2021-12-17 08:30:35 - [MESSAGE][PASSED] - Delayed 1 second(s)

2021-12-17 08:30:35 - [TEST_STEP][PASSED] - hideKeyboard(): Keyboard is hidden

2021-12-17 08:30:39 - [MESSAGE][PASSED] - Keyboard is hidden

2021-12-17 08:30:39 - [TEST_STEP][PASSED] - tap(findTestObject("Mobile/Page/Login/Input - Password"), 0): Tapped on element 'Object Repository/Mobile/Page/Login/Input - Password'

2021-12-17 08:30:39 - [MESSAGE][WARNING] - Timeout '0' is invalid. Using default page load timeout: '60'

2021-12-17 08:30:40 - [MESSAGE][PASSED] - Tapped on element 'Object Repository/Mobile/Page/Login/Input - Password'

2021-12-17 08:30:40 - [TEST_STEP][PASSED] - delay(1): Delayed 1 second(s)

2021-12-17 08:30:41 - [MESSAGE][PASSED] - Delayed 1 second(s)

2021-12-17 08:30:41 - [TEST_STEP][PASSED] - setText(findTestObject("Mobile/Page/Login/Input Rdy - Password"), "Shalawa18", 0): Text 'Shalawa18' has been set to element 'Object Repository/Mobile/Page/Login/Input Rdy - Password'

2021-12-17 08:30:41 - [MESSAGE][WARNING] - Timeout '0' is invalid. Using default page load timeout: '60'

2021-12-17 08:30:41 - [MESSAGE][PASSED] - Text 'Shalawa18' has been set to element 'Object Repository/Mobile/Page/Login/Input Rdy - Password'

2021-12-17 08:30:41 - [TEST_STEP][PASSED] - delay(1): Delayed 1 second(s)

2021-12-17 08:30:42 - [MESSAGE][PASSED] - Delayed 1 second(s)

2021-12-17 08:30:42 - [TEST_STEP][PASSED] - hideKeyboard(): Keyboard is hidden

2021-12-17 08:30:49 - [MESSAGE][PASSED] - Keyboard is hidden

2021-12-17 08:30:49 - [TEST_STEP][PASSED] - tap(findTestObject("Mobile/Page/Login/Button - Login"), 0): Tapped on element 'Object Repository/Mobile/Page/Login/Button - Login'

2021-12-17 08:30:49 - [MESSAGE][WARNING] - Timeout '0' is invalid. Using default page load timeout: '60'

2021-12-17 08:30:50 - [MESSAGE][PASSED] - Tapped on element 'Object Repository/Mobile/Page/Login/Button - Login'

2021-12-17 08:30:50 - [TEST_STEP][PASSED] - delay(2): Delayed 2 second(s)

2021-12-17 08:30:52 - [MESSAGE][PASSED] - Delayed 2 second(s)

2021-12-17 08:30:52 - [MESSAGE][PASSED] - Call Test Case 'Test Cases/Mobile/Page/Login/Login' successfully

2021-12-17 08:30:52 - [MESSAGE][PASSED] - Call Test Case 'Test Cases/Mobile/Page/CheckLogin' successfully

2021-12-17 08:30:52 - [TEST_STEP][PASSED] - tap(findTestObject("Mobile/Page/Home/Menubar - Analysis"), 0): Tapped on element 'Object Repository/Mobile/Page/Home/Menubar - Analysis'

2021-12-17 08:30:52 - [MESSAGE][WARNING] - Timeout '0' is invalid. Using default page load timeout: '60'

2021-12-17 08:30:54 - [MESSAGE][PASSED] - Tapped on element 'Object Repository/Mobile/Page/Home/Menubar - Analysis'

2021-12-17 08:30:54 - [TEST_STEP][PASSED] - delay(1): Delayed 1 second(s)

2021-12-17 08:30:55 - [MESSAGE][PASSED] - Delayed 1 second(s)

2021-12-17 08:30:55 - [TEST_STEP][PASSED] - for ([i = 0, i < 1, (i++)]): Delayed 2 second(s)

2021-12-17 08:30:55 - [TEST_STEP][PASSED] - if (action == "technicalsearch"): Delayed 2 second(s)

2021-12-17 08:30:55 - [TEST_STEP][PASSED] - tap(findTestObject("Mobile/Page/Analysis/Dropdown - Technical Indicator"), 0): Tapped on element 'Object Repository/Mobile/Page/Analysis/Dropdown - Technical Indicator'

2021-12-17 08:30:55 - [MESSAGE][WARNING] - Timeout '0' is invalid. Using default page load timeout: '60'

2021-12-17 08:30:57 - [MESSAGE][PASSED] - Tapped on element 'Object Repository/Mobile/Page/Analysis/Dropdown - Technical Indicator'

2021-12-17 08:30:57 - [TEST_STEP][PASSED] - delay(1): Delayed 1 second(s)

2021-12-17 08:30:58 - [MESSAGE][PASSED] - Delayed 1 second(s)

2021-12-17 08:30:58 - [TEST_STEP][PASSED] - tap(findTestObject("Object Repository/Mobile/Page/Analysis/Option Technical Indicator - All"), 0): Tapped on element 'Object Repository/Mobile/Page/Analysis/Option Technical Indicator - All'

2021-12-17 08:30:58 - [MESSAGE][WARNING] - Timeout '0' is invalid. Using default page load timeout: '60'

2021-12-17 08:30:58 - [MESSAGE][PASSED] - Tapped on element 'Object Repository/Mobile/Page/Analysis/Option Technical Indicator - All'

2021-12-17 08:30:58 - [TEST_STEP][PASSED] - delay(1): Delayed 1 second(s)

2021-12-17 08:30:59 - [MESSAGE][PASSED] - Delayed 1 second(s)

2021-12-17 08:30:59 - [TEST_STEP][PASSED] - tap(findTestObject("Mobile/Page/Analysis/Dropdown - Market Cap"), 0): Tapped on element 'Object Repository/Mobile/Page/Analysis/Dropdown - Market Cap'

2021-12-17 08:30:59 - [MESSAGE][WARNING] - Timeout '0' is invalid. Using default page load timeout: '60'

2021-12-17 08:31:01 - [MESSAGE][PASSED] - Tapped on element 'Object Repository/Mobile/Page/Analysis/Dropdown - Market Cap'

2021-12-17 08:31:01 - [TEST_STEP][PASSED] - delay(1): Delayed 1 second(s)

2021-12-17 08:31:02 - [MESSAGE][PASSED] - Delayed 1 second(s)

2021-12-17 08:31:02 - [TEST_STEP][PASSED] - tap(findTestObject("Object Repository/Mobile/Page/Analysis/Option Market Cap - 1 Trillion"), 0): Tapped on element 'Object Repository/Mobile/Page/Analysis/Option Market Cap - 1 Trillion'

2021-12-17 08:31:02 - [MESSAGE][WARNING] - Timeout '0' is invalid. Using default page load timeout: '60'

2021-12-17 08:31:03 - [MESSAGE][PASSED] - Tapped on element 'Object Repository/Mobile/Page/Analysis/Option Market Cap - 1 Trillion'

2021-12-17 08:31:03 - [TEST_STEP][PASSED] - delay(1): Delayed 1 second(s)

2021-12-17 08:31:04 - [MESSAGE][PASSED] - Delayed 1 second(s)

2021-12-17 08:31:04 - [TEST_STEP][PASSED] - tap(findTestObject("Mobile/Page/Analysis/Dropdown - Transaction"), 0): Tapped on element 'Object Repository/Mobile/Page/Analysis/Dropdown - Transaction'

2021-12-17 08:31:05 - [MESSAGE][WARNING] - Timeout '0' is invalid. Using default page load timeout: '60'

2021-12-17 08:31:06 - [MESSAGE][PASSED] - Tapped on element 'Object Repository/Mobile/Page/Analysis/Dropdown - Transaction'

2021-12-17 08:31:06 - [TEST_STEP][PASSED] - delay(1): Delayed 1 second(s)

2021-12-17 08:31:07 - [MESSAGE][PASSED] - Delayed 1 second(s)

2021-12-17 08:31:07 - [TEST_STEP][PASSED] - tap(findTestObject("Object Repository/Mobile/Page/Analysis/Option Transaction - 1 Billion"), 0): Tapped on element 'Object Repository/Mobile/Page/Analysis/Option Transaction - 1 Billion'

2021-12-17 08:31:07 - [MESSAGE][WARNING] - Timeout '0' is invalid. Using default page load timeout: '60'

2021-12-17 08:31:08 - [MESSAGE][PASSED] - Tapped on element 'Object Repository/Mobile/Page/Analysis/Option Transaction - 1 Billion'

2021-12-17 08:31:08 - [TEST_STEP][PASSED] - delay(1): Delayed 1 second(s)

2021-12-17 08:31:09 - [MESSAGE][PASSED] - Delayed 1 second(s)

2021-12-17 08:31:09 - [TEST_STEP][PASSED] - tap(findTestObject("Mobile/Page/Analysis/Dropdown - Time Frame"), 0): Tapped on element 'Object Repository/Mobile/Page/Analysis/Dropdown - Time Frame'

2021-12-17 08:31:09 - [MESSAGE][WARNING] - Timeout '0' is invalid. Using default page load timeout: '60'

2021-12-17 08:31:10 - [MESSAGE][PASSED] - Tapped on element 'Object Repository/Mobile/Page/Analysis/Dropdown - Time Frame'

2021-12-17 08:31:10 - [TEST_STEP][PASSED] - delay(1): Delayed 1 second(s)

2021-12-17 08:31:11 - [MESSAGE][PASSED] - Delayed 1 second(s)

2021-12-17 08:31:11 - [TEST_STEP][PASSED] - tap(findTestObject("Object Repository/Mobile/Page/Analysis/Option Time Frame - Daily"), 0): Tapped on element 'Object Repository/Mobile/Page/Analysis/Option Time Frame - Daily'

2021-12-17 08:31:11 - [MESSAGE][WARNING] - Timeout '0' is invalid. Using default page load timeout: '60'

2021-12-17 08:31:12 - [MESSAGE][PASSED] - Tapped on element 'Object Repository/Mobile/Page/Analysis/Option Time Frame - Daily'

2021-12-17 08:31:12 - [TEST_STEP][PASSED] - delay(1): Delayed 1 second(s)

2021-12-17 08:31:13 - [MESSAGE][PASSED] - Delayed 1 second(s)

2021-12-17 08:31:13 - [TEST_STEP][PASSED] - tap(findTestObject("Mobile/Page/Analysis/Dropdown - Index"), 0): Tapped on element 'Object Repository/Mobile/Page/Analysis/Dropdown - Index'

2021-12-17 08:31:14 - [MESSAGE][WARNING] - Timeout '0' is invalid. Using default page load timeout: '60'

2021-12-17 08:31:14 - [MESSAGE][PASSED] - Tapped on element 'Object Repository/Mobile/Page/Analysis/Dropdown - Index'

2021-12-17 08:31:14 - [TEST_STEP][PASSED] - delay(1): Delayed 1 second(s)

2021-12-17 08:31:15 - [MESSAGE][PASSED] - Delayed 1 second(s)

2021-12-17 08:31:15 - [TEST_STEP][PASSED] - tap(findTestObject("Object Repository/Mobile/Page/Analysis/Option Index - Idx30"), 0): Tapped on element 'Object Repository/Mobile/Page/Analysis/Option Index - Idx30'

2021-12-17 08:31:15 - [MESSAGE][WARNING] - Timeout '0' is invalid. Using default page load timeout: '60'

2021-12-17 08:31:16 - [MESSAGE][PASSED] - Tapped on element 'Object Repository/Mobile/Page/Analysis/Option Index - Idx30'

2021-12-17 08:31:16 - [TEST_STEP][PASSED] - delay(2): Delayed 2 second(s)

2021-12-17 08:31:18 - [MESSAGE][PASSED] - Delayed 2 second(s)

2021-12-17 08:31:18 - [MESSAGE][PASSED] - Call Test Case 'Test Cases/Mobile/Page/Analysis/Analysis' successfully

2021-12-17 08:31:18 - [TEST_STEP][PASSED] - callTestCase(findTestCase("Mobile/Page/Run App/Terminate App"), [:], STOP_ON_FAILURE): Call Test Case 'Test Cases/Mobile/Page/Run App/Terminate App' successfully

2021-12-17 08:31:19 - [TEST_CASE][PASSED] - Test Cases/Mobile/Page/Run App/Terminate App: Test Cases/Mobile/Page/Run App/Terminate App

2021-12-17 08:31:19 - [TEST_STEP][PASSED] - startApp.OpenApp.terminateApplication(): startApp.OpenApp.terminateApplication is PASSED

2021-12-17 08:31:23 - [MESSAGE][PASSED] - Delayed 3 second(s)

2021-12-17 08:31:23 - [MESSAGE][PASSED] - Current device physical width is 720

2021-12-17 08:31:23 - [MESSAGE][PASSED] - Current device physical height is 1423

2021-12-17 08:31:25 - [MESSAGE][PASSED] - Swiped from 360,853 to 360,142

2021-12-17 08:31:26 - [MESSAGE][PASSED] - Delayed 1 second(s)

2021-12-17 08:31:27 - [MESSAGE][PASSED] - Swiped from 360,853 to 360,142

2021-12-17 08:31:30 - [MESSAGE][PASSED] - Delayed 3 second(s)

2021-12-17 08:31:30 - [MESSAGE][PASSED] - startApp.OpenApp.terminateApplication is PASSED

2021-12-17 08:31:30 - [MESSAGE][PASSED] - Call Test Case 'Test Cases/Mobile/Page/Run App/Terminate App' successfully]]></system-out>
         <system-err><![CDATA[]]></system-err>
      </testcase>
      <testcase name="Test Cases/Mobile/Scenario/Analysis/002 - User memilih salah satu saham (chart)" time="67.593" classname="Test Cases/Mobile/Scenario/Analysis/002 - User memilih salah satu saham (chart)" status="PASSED">
         <system-out><![CDATA[2021-12-17 08:31:30 - [TEST_CASE][PASSED] - Test Cases/Mobile/Scenario/Analysis/002 - User memilih salah satu saham (chart): Test Cases/Mobile/Scenario/Analysis/002 - User memilih salah satu saham (chart)

2021-12-17 08:31:31 - [TEST_STEP][PASSED] - callTestCase(findTestCase("Mobile/Page/Run App/Run App byID"), [:], STOP_ON_FAILURE): Call Test Case 'Test Cases/Mobile/Page/Run App/Run App byID' successfully

2021-12-17 08:31:31 - [TEST_CASE][PASSED] - Test Cases/Mobile/Page/Run App/Run App byID: Test Cases/Mobile/Page/Run App/Run App byID

2021-12-17 08:31:31 - [TEST_STEP][PASSED] - startApp.OpenApp.startApplication("id.co.miraeasset.sageclub"): startApp.OpenApp.startApplication is PASSED

2021-12-17 08:31:44 - [MESSAGE][PASSED] - Starting app with application ID: 'id.co.miraeasset.sageclub'

2021-12-17 08:31:44 - [MESSAGE][PASSED] - startApp.OpenApp.startApplication is PASSED

2021-12-17 08:31:44 - [MESSAGE][PASSED] - Call Test Case 'Test Cases/Mobile/Page/Run App/Run App byID' successfully

2021-12-17 08:31:44 - [TEST_STEP][PASSED] - callTestCase(findTestCase("Mobile/Page/Analysis/Analysis"), ["action":"technicaldetail"], CONTINUE_ON_FAILURE): Call Test Case 'Test Cases/Mobile/Page/Analysis/Analysis' successfully

2021-12-17 08:31:44 - [TEST_CASE][PASSED] - Test Cases/Mobile/Page/Analysis/Analysis: Test Cases/Mobile/Page/Analysis/Analysis

2021-12-17 08:31:44 - [TEST_STEP][PASSED] - callTestCase(findTestCase("Mobile/Page/CheckLogin"), [:], CONTINUE_ON_FAILURE): Call Test Case 'Test Cases/Mobile/Page/CheckLogin' successfully

2021-12-17 08:31:44 - [TEST_CASE][PASSED] - Test Cases/Mobile/Page/CheckLogin: Test Cases/Mobile/Page/CheckLogin

2021-12-17 08:31:44 - [TEST_STEP][PASSED] - loginCheck = verifyElementExist(findTestObject("Mobile/Page/Login/Button - Login"), 2, CONTINUE_ON_FAILURE): Element 'Object Repository/Mobile/Page/Login/Button - Login' is exist

2021-12-17 08:31:46 - [MESSAGE][PASSED] - Element 'Object Repository/Mobile/Page/Login/Button - Login' is exist

2021-12-17 08:31:46 - [TEST_STEP][PASSED] - if (loginCheck): Call Test Case 'Test Cases/Mobile/Page/Login/Login' successfully

2021-12-17 08:31:46 - [TEST_STEP][PASSED] - callTestCase(findTestCase("Mobile/Page/Login/Login"), [:], CONTINUE_ON_FAILURE): Call Test Case 'Test Cases/Mobile/Page/Login/Login' successfully

2021-12-17 08:31:46 - [TEST_CASE][PASSED] - Test Cases/Mobile/Page/Login/Login: Test Cases/Mobile/Page/Login/Login

2021-12-17 08:31:46 - [TEST_STEP][PASSED] - delay(2): Delayed 2 second(s)

2021-12-17 08:31:48 - [MESSAGE][PASSED] - Delayed 2 second(s)

2021-12-17 08:31:48 - [TEST_STEP][PASSED] - tap(findTestObject("Mobile/Page/Login/Input - UserID"), 0): Tapped on element 'Object Repository/Mobile/Page/Login/Input - UserID'

2021-12-17 08:31:48 - [MESSAGE][WARNING] - Timeout '0' is invalid. Using default page load timeout: '60'

2021-12-17 08:31:49 - [MESSAGE][PASSED] - Tapped on element 'Object Repository/Mobile/Page/Login/Input - UserID'

2021-12-17 08:31:49 - [TEST_STEP][PASSED] - delay(1): Delayed 1 second(s)

2021-12-17 08:31:50 - [MESSAGE][PASSED] - Delayed 1 second(s)

2021-12-17 08:31:50 - [TEST_STEP][PASSED] - setText(findTestObject("Mobile/Page/Login/Input Rdy - UserID"), "anggaaditya", 0): Text 'anggaaditya' has been set to element 'Object Repository/Mobile/Page/Login/Input Rdy - UserID'

2021-12-17 08:31:50 - [MESSAGE][WARNING] - Timeout '0' is invalid. Using default page load timeout: '60'

2021-12-17 08:31:51 - [MESSAGE][PASSED] - Text 'anggaaditya' has been set to element 'Object Repository/Mobile/Page/Login/Input Rdy - UserID'

2021-12-17 08:31:51 - [TEST_STEP][PASSED] - delay(1): Delayed 1 second(s)

2021-12-17 08:31:52 - [MESSAGE][PASSED] - Delayed 1 second(s)

2021-12-17 08:31:52 - [TEST_STEP][PASSED] - hideKeyboard(): Keyboard is hidden

2021-12-17 08:31:55 - [MESSAGE][PASSED] - Keyboard is hidden

2021-12-17 08:31:55 - [TEST_STEP][PASSED] - tap(findTestObject("Mobile/Page/Login/Input - Password"), 0): Tapped on element 'Object Repository/Mobile/Page/Login/Input - Password'

2021-12-17 08:31:55 - [MESSAGE][WARNING] - Timeout '0' is invalid. Using default page load timeout: '60'

2021-12-17 08:31:56 - [MESSAGE][PASSED] - Tapped on element 'Object Repository/Mobile/Page/Login/Input - Password'

2021-12-17 08:31:56 - [TEST_STEP][PASSED] - delay(1): Delayed 1 second(s)

2021-12-17 08:31:57 - [MESSAGE][PASSED] - Delayed 1 second(s)

2021-12-17 08:31:57 - [TEST_STEP][PASSED] - setText(findTestObject("Mobile/Page/Login/Input Rdy - Password"), "Shalawa18", 0): Text 'Shalawa18' has been set to element 'Object Repository/Mobile/Page/Login/Input Rdy - Password'

2021-12-17 08:31:57 - [MESSAGE][WARNING] - Timeout '0' is invalid. Using default page load timeout: '60'

2021-12-17 08:31:58 - [MESSAGE][PASSED] - Text 'Shalawa18' has been set to element 'Object Repository/Mobile/Page/Login/Input Rdy - Password'

2021-12-17 08:31:58 - [TEST_STEP][PASSED] - delay(1): Delayed 1 second(s)

2021-12-17 08:31:59 - [MESSAGE][PASSED] - Delayed 1 second(s)

2021-12-17 08:31:59 - [TEST_STEP][PASSED] - hideKeyboard(): Keyboard is hidden

2021-12-17 08:32:05 - [MESSAGE][PASSED] - Keyboard is hidden

2021-12-17 08:32:05 - [TEST_STEP][PASSED] - tap(findTestObject("Mobile/Page/Login/Button - Login"), 0): Tapped on element 'Object Repository/Mobile/Page/Login/Button - Login'

2021-12-17 08:32:05 - [MESSAGE][WARNING] - Timeout '0' is invalid. Using default page load timeout: '60'

2021-12-17 08:32:06 - [MESSAGE][PASSED] - Tapped on element 'Object Repository/Mobile/Page/Login/Button - Login'

2021-12-17 08:32:06 - [TEST_STEP][PASSED] - delay(2): Delayed 2 second(s)

2021-12-17 08:32:08 - [MESSAGE][PASSED] - Delayed 2 second(s)

2021-12-17 08:32:08 - [MESSAGE][PASSED] - Call Test Case 'Test Cases/Mobile/Page/Login/Login' successfully

2021-12-17 08:32:08 - [MESSAGE][PASSED] - Call Test Case 'Test Cases/Mobile/Page/CheckLogin' successfully

2021-12-17 08:32:08 - [TEST_STEP][PASSED] - tap(findTestObject("Mobile/Page/Home/Menubar - Analysis"), 0): Tapped on element 'Object Repository/Mobile/Page/Home/Menubar - Analysis'

2021-12-17 08:32:08 - [MESSAGE][WARNING] - Timeout '0' is invalid. Using default page load timeout: '60'

2021-12-17 08:32:09 - [MESSAGE][PASSED] - Tapped on element 'Object Repository/Mobile/Page/Home/Menubar - Analysis'

2021-12-17 08:32:09 - [TEST_STEP][PASSED] - delay(1): Delayed 1 second(s)

2021-12-17 08:32:10 - [MESSAGE][PASSED] - Delayed 1 second(s)

2021-12-17 08:32:10 - [TEST_STEP][PASSED] - for ([i = 0, i < 1, (i++)]): Delayed 2 second(s)

2021-12-17 08:32:10 - [TEST_STEP][PASSED] - if (action == "technicalsearch"): null

2021-12-17 08:32:10 - [TEST_STEP][PASSED] - else if (action == "technicaldetail"): Delayed 2 second(s)

2021-12-17 08:32:10 - [TEST_STEP][PASSED] - tap(findTestObject("Mobile/Page/Analysis/Item - Top Technical"), 0): Tapped on element 'Object Repository/Mobile/Page/Analysis/Item - Top Technical'

2021-12-17 08:32:10 - [MESSAGE][WARNING] - Timeout '0' is invalid. Using default page load timeout: '60'

2021-12-17 08:32:11 - [MESSAGE][PASSED] - Tapped on element 'Object Repository/Mobile/Page/Analysis/Item - Top Technical'

2021-12-17 08:32:11 - [TEST_STEP][PASSED] - delay(3): Delayed 3 second(s)

2021-12-17 08:32:14 - [MESSAGE][PASSED] - Delayed 3 second(s)

2021-12-17 08:32:14 - [TEST_STEP][PASSED] - tap(findTestObject("Object Repository/Mobile/Page/Analysis/Detail/Button - D"), 0): Tapped on element 'Object Repository/Mobile/Page/Analysis/Detail/Button - D'

2021-12-17 08:32:15 - [MESSAGE][WARNING] - Timeout '0' is invalid. Using default page load timeout: '60'

2021-12-17 08:32:16 - [MESSAGE][PASSED] - Tapped on element 'Object Repository/Mobile/Page/Analysis/Detail/Button - D'

2021-12-17 08:32:16 - [TEST_STEP][PASSED] - delay(2): Delayed 2 second(s)

2021-12-17 08:32:18 - [MESSAGE][PASSED] - Delayed 2 second(s)

2021-12-17 08:32:18 - [TEST_STEP][PASSED] - tap(findTestObject("Object Repository/Mobile/Page/Analysis/Detail/Button - W"), 0): Tapped on element 'Object Repository/Mobile/Page/Analysis/Detail/Button - W'

2021-12-17 08:32:18 - [MESSAGE][WARNING] - Timeout '0' is invalid. Using default page load timeout: '60'

2021-12-17 08:32:20 - [MESSAGE][PASSED] - Tapped on element 'Object Repository/Mobile/Page/Analysis/Detail/Button - W'

2021-12-17 08:32:20 - [TEST_STEP][PASSED] - delay(2): Delayed 2 second(s)

2021-12-17 08:32:22 - [MESSAGE][PASSED] - Delayed 2 second(s)

2021-12-17 08:32:22 - [TEST_STEP][PASSED] - tap(findTestObject("Object Repository/Mobile/Page/Analysis/Detail/Button - M"), 0): Tapped on element 'Object Repository/Mobile/Page/Analysis/Detail/Button - M'

2021-12-17 08:32:22 - [MESSAGE][WARNING] - Timeout '0' is invalid. Using default page load timeout: '60'

2021-12-17 08:32:23 - [MESSAGE][PASSED] - Tapped on element 'Object Repository/Mobile/Page/Analysis/Detail/Button - M'

2021-12-17 08:32:23 - [TEST_STEP][PASSED] - delay(2): Delayed 2 second(s)

2021-12-17 08:32:25 - [MESSAGE][PASSED] - Delayed 2 second(s)

2021-12-17 08:32:25 - [TEST_STEP][PASSED] - tap(findTestObject("Object Repository/Mobile/Page/Analysis/Detail/Button - Y"), 0): Tapped on element 'Object Repository/Mobile/Page/Analysis/Detail/Button - Y'

2021-12-17 08:32:25 - [MESSAGE][WARNING] - Timeout '0' is invalid. Using default page load timeout: '60'

2021-12-17 08:32:25 - [MESSAGE][PASSED] - Tapped on element 'Object Repository/Mobile/Page/Analysis/Detail/Button - Y'

2021-12-17 08:32:25 - [TEST_STEP][PASSED] - delay(2): Delayed 2 second(s)

2021-12-17 08:32:27 - [MESSAGE][PASSED] - Delayed 2 second(s)

2021-12-17 08:32:27 - [MESSAGE][PASSED] - Call Test Case 'Test Cases/Mobile/Page/Analysis/Analysis' successfully

2021-12-17 08:32:27 - [TEST_STEP][PASSED] - callTestCase(findTestCase("Mobile/Page/Run App/Terminate App"), [:], STOP_ON_FAILURE): Call Test Case 'Test Cases/Mobile/Page/Run App/Terminate App' successfully

2021-12-17 08:32:27 - [TEST_CASE][PASSED] - Test Cases/Mobile/Page/Run App/Terminate App: Test Cases/Mobile/Page/Run App/Terminate App

2021-12-17 08:32:27 - [TEST_STEP][PASSED] - startApp.OpenApp.terminateApplication(): startApp.OpenApp.terminateApplication is PASSED

2021-12-17 08:32:31 - [MESSAGE][PASSED] - Delayed 3 second(s)

2021-12-17 08:32:31 - [MESSAGE][PASSED] - Current device physical width is 720

2021-12-17 08:32:31 - [MESSAGE][PASSED] - Current device physical height is 1423

2021-12-17 08:32:32 - [MESSAGE][PASSED] - Swiped from 360,853 to 360,142

2021-12-17 08:32:33 - [MESSAGE][PASSED] - Delayed 1 second(s)

2021-12-17 08:32:35 - [MESSAGE][PASSED] - Swiped from 360,853 to 360,142

2021-12-17 08:32:38 - [MESSAGE][PASSED] - Delayed 3 second(s)

2021-12-17 08:32:38 - [MESSAGE][PASSED] - startApp.OpenApp.terminateApplication is PASSED

2021-12-17 08:32:38 - [MESSAGE][PASSED] - Call Test Case 'Test Cases/Mobile/Page/Run App/Terminate App' successfully]]></system-out>
         <system-err><![CDATA[]]></system-err>
      </testcase>
      <testcase name="Test Cases/Mobile/Scenario/Analysis/003 - User memilh Research Report" time="64.176" classname="Test Cases/Mobile/Scenario/Analysis/003 - User memilh Research Report" status="PASSED">
         <system-out><![CDATA[2021-12-17 08:32:38 - [TEST_CASE][PASSED] - Test Cases/Mobile/Scenario/Analysis/003 - User memilh Research Report: Test Cases/Mobile/Scenario/Analysis/003 - User memilh Research Report

2021-12-17 08:32:38 - [TEST_STEP][PASSED] - callTestCase(findTestCase("Mobile/Page/Run App/Run App byID"), [:], STOP_ON_FAILURE): Call Test Case 'Test Cases/Mobile/Page/Run App/Run App byID' successfully

2021-12-17 08:32:38 - [TEST_CASE][PASSED] - Test Cases/Mobile/Page/Run App/Run App byID: Test Cases/Mobile/Page/Run App/Run App byID

2021-12-17 08:32:38 - [TEST_STEP][PASSED] - startApp.OpenApp.startApplication("id.co.miraeasset.sageclub"): startApp.OpenApp.startApplication is PASSED

2021-12-17 08:32:51 - [MESSAGE][PASSED] - Starting app with application ID: 'id.co.miraeasset.sageclub'

2021-12-17 08:32:51 - [MESSAGE][PASSED] - startApp.OpenApp.startApplication is PASSED

2021-12-17 08:32:51 - [MESSAGE][PASSED] - Call Test Case 'Test Cases/Mobile/Page/Run App/Run App byID' successfully

2021-12-17 08:32:51 - [TEST_STEP][PASSED] - callTestCase(findTestCase("Mobile/Page/Analysis/Analysis"), ["action":"researchdetail"], CONTINUE_ON_FAILURE): Call Test Case 'Test Cases/Mobile/Page/Analysis/Analysis' successfully

2021-12-17 08:32:51 - [TEST_CASE][PASSED] - Test Cases/Mobile/Page/Analysis/Analysis: Test Cases/Mobile/Page/Analysis/Analysis

2021-12-17 08:32:51 - [TEST_STEP][PASSED] - callTestCase(findTestCase("Mobile/Page/CheckLogin"), [:], CONTINUE_ON_FAILURE): Call Test Case 'Test Cases/Mobile/Page/CheckLogin' successfully

2021-12-17 08:32:51 - [TEST_CASE][PASSED] - Test Cases/Mobile/Page/CheckLogin: Test Cases/Mobile/Page/CheckLogin

2021-12-17 08:32:51 - [TEST_STEP][PASSED] - loginCheck = verifyElementExist(findTestObject("Mobile/Page/Login/Button - Login"), 2, CONTINUE_ON_FAILURE): Element 'Object Repository/Mobile/Page/Login/Button - Login' is exist

2021-12-17 08:32:53 - [MESSAGE][PASSED] - Element 'Object Repository/Mobile/Page/Login/Button - Login' is exist

2021-12-17 08:32:53 - [TEST_STEP][PASSED] - if (loginCheck): Call Test Case 'Test Cases/Mobile/Page/Login/Login' successfully

2021-12-17 08:32:53 - [TEST_STEP][PASSED] - callTestCase(findTestCase("Mobile/Page/Login/Login"), [:], CONTINUE_ON_FAILURE): Call Test Case 'Test Cases/Mobile/Page/Login/Login' successfully

2021-12-17 08:32:53 - [TEST_CASE][PASSED] - Test Cases/Mobile/Page/Login/Login: Test Cases/Mobile/Page/Login/Login

2021-12-17 08:32:53 - [TEST_STEP][PASSED] - delay(2): Delayed 2 second(s)

2021-12-17 08:32:55 - [MESSAGE][PASSED] - Delayed 2 second(s)

2021-12-17 08:32:55 - [TEST_STEP][PASSED] - tap(findTestObject("Mobile/Page/Login/Input - UserID"), 0): Tapped on element 'Object Repository/Mobile/Page/Login/Input - UserID'

2021-12-17 08:32:55 - [MESSAGE][WARNING] - Timeout '0' is invalid. Using default page load timeout: '60'

2021-12-17 08:32:55 - [MESSAGE][PASSED] - Tapped on element 'Object Repository/Mobile/Page/Login/Input - UserID'

2021-12-17 08:32:55 - [TEST_STEP][PASSED] - delay(1): Delayed 1 second(s)

2021-12-17 08:32:56 - [MESSAGE][PASSED] - Delayed 1 second(s)

2021-12-17 08:32:56 - [TEST_STEP][PASSED] - setText(findTestObject("Mobile/Page/Login/Input Rdy - UserID"), "anggaaditya", 0): Text 'anggaaditya' has been set to element 'Object Repository/Mobile/Page/Login/Input Rdy - UserID'

2021-12-17 08:32:56 - [MESSAGE][WARNING] - Timeout '0' is invalid. Using default page load timeout: '60'

2021-12-17 08:32:57 - [MESSAGE][PASSED] - Text 'anggaaditya' has been set to element 'Object Repository/Mobile/Page/Login/Input Rdy - UserID'

2021-12-17 08:32:57 - [TEST_STEP][PASSED] - delay(1): Delayed 1 second(s)

2021-12-17 08:32:58 - [MESSAGE][PASSED] - Delayed 1 second(s)

2021-12-17 08:32:58 - [TEST_STEP][PASSED] - hideKeyboard(): Keyboard is hidden

2021-12-17 08:33:02 - [MESSAGE][PASSED] - Keyboard is hidden

2021-12-17 08:33:02 - [TEST_STEP][PASSED] - tap(findTestObject("Mobile/Page/Login/Input - Password"), 0): Tapped on element 'Object Repository/Mobile/Page/Login/Input - Password'

2021-12-17 08:33:02 - [MESSAGE][WARNING] - Timeout '0' is invalid. Using default page load timeout: '60'

2021-12-17 08:33:03 - [MESSAGE][PASSED] - Tapped on element 'Object Repository/Mobile/Page/Login/Input - Password'

2021-12-17 08:33:03 - [TEST_STEP][PASSED] - delay(1): Delayed 1 second(s)

2021-12-17 08:33:04 - [MESSAGE][PASSED] - Delayed 1 second(s)

2021-12-17 08:33:04 - [TEST_STEP][PASSED] - setText(findTestObject("Mobile/Page/Login/Input Rdy - Password"), "Shalawa18", 0): Text 'Shalawa18' has been set to element 'Object Repository/Mobile/Page/Login/Input Rdy - Password'

2021-12-17 08:33:04 - [MESSAGE][WARNING] - Timeout '0' is invalid. Using default page load timeout: '60'

2021-12-17 08:33:04 - [MESSAGE][PASSED] - Text 'Shalawa18' has been set to element 'Object Repository/Mobile/Page/Login/Input Rdy - Password'

2021-12-17 08:33:04 - [TEST_STEP][PASSED] - delay(1): Delayed 1 second(s)

2021-12-17 08:33:05 - [MESSAGE][PASSED] - Delayed 1 second(s)

2021-12-17 08:33:05 - [TEST_STEP][PASSED] - hideKeyboard(): Keyboard is hidden

2021-12-17 08:33:12 - [MESSAGE][PASSED] - Keyboard is hidden

2021-12-17 08:33:12 - [TEST_STEP][PASSED] - tap(findTestObject("Mobile/Page/Login/Button - Login"), 0): Tapped on element 'Object Repository/Mobile/Page/Login/Button - Login'

2021-12-17 08:33:12 - [MESSAGE][WARNING] - Timeout '0' is invalid. Using default page load timeout: '60'

2021-12-17 08:33:13 - [MESSAGE][PASSED] - Tapped on element 'Object Repository/Mobile/Page/Login/Button - Login'

2021-12-17 08:33:13 - [TEST_STEP][PASSED] - delay(2): Delayed 2 second(s)

2021-12-17 08:33:15 - [MESSAGE][PASSED] - Delayed 2 second(s)

2021-12-17 08:33:15 - [MESSAGE][PASSED] - Call Test Case 'Test Cases/Mobile/Page/Login/Login' successfully

2021-12-17 08:33:15 - [MESSAGE][PASSED] - Call Test Case 'Test Cases/Mobile/Page/CheckLogin' successfully

2021-12-17 08:33:15 - [TEST_STEP][PASSED] - tap(findTestObject("Mobile/Page/Home/Menubar - Analysis"), 0): Tapped on element 'Object Repository/Mobile/Page/Home/Menubar - Analysis'

2021-12-17 08:33:15 - [MESSAGE][WARNING] - Timeout '0' is invalid. Using default page load timeout: '60'

2021-12-17 08:33:17 - [MESSAGE][PASSED] - Tapped on element 'Object Repository/Mobile/Page/Home/Menubar - Analysis'

2021-12-17 08:33:17 - [TEST_STEP][PASSED] - delay(1): Delayed 1 second(s)

2021-12-17 08:33:18 - [MESSAGE][PASSED] - Delayed 1 second(s)

2021-12-17 08:33:18 - [TEST_STEP][PASSED] - for ([i = 0, i < 1, (i++)]): Press back button successfully

2021-12-17 08:33:18 - [TEST_STEP][PASSED] - if (action == "technicalsearch"): null

2021-12-17 08:33:18 - [TEST_STEP][PASSED] - else if (action == "technicaldetail"): null

2021-12-17 08:33:18 - [TEST_STEP][PASSED] - else if (action == "researchdetail"): Press back button successfully

2021-12-17 08:33:18 - [TEST_STEP][PASSED] - tap(findTestObject("Mobile/Page/Analysis/Tab - Research Report"), 0): Tapped on element 'Object Repository/Mobile/Page/Analysis/Tab - Research Report'

2021-12-17 08:33:18 - [MESSAGE][WARNING] - Timeout '0' is invalid. Using default page load timeout: '60'

2021-12-17 08:33:19 - [MESSAGE][PASSED] - Tapped on element 'Object Repository/Mobile/Page/Analysis/Tab - Research Report'

2021-12-17 08:33:19 - [TEST_STEP][PASSED] - delay(1): Delayed 1 second(s)

2021-12-17 08:33:20 - [MESSAGE][PASSED] - Delayed 1 second(s)

2021-12-17 08:33:20 - [TEST_STEP][PASSED] - tapAndHold(findTestObject("Mobile/Page/Analysis/Item - Top Search"), 1, 0): Tapped and held on element 'Object Repository/Mobile/Page/Analysis/Item - Top Search' with duration 1

2021-12-17 08:33:20 - [MESSAGE][WARNING] - Timeout '0' is invalid. Using default page load timeout: '60'

2021-12-17 08:33:23 - [MESSAGE][PASSED] - Tapped and held on element 'Object Repository/Mobile/Page/Analysis/Item - Top Search' with duration 1

2021-12-17 08:33:23 - [TEST_STEP][PASSED] - delay(3): Delayed 3 second(s)

2021-12-17 08:33:26 - [MESSAGE][PASSED] - Delayed 3 second(s)

2021-12-17 08:33:26 - [TEST_STEP][PASSED] - tap(findTestObject("Object Repository/Mobile/Page/Analysis/Button - Open With Just Once"), 0): Tapped on element 'Object Repository/Mobile/Page/Analysis/Button - Open With Just Once'

2021-12-17 08:33:26 - [MESSAGE][WARNING] - Timeout '0' is invalid. Using default page load timeout: '60'

2021-12-17 08:33:27 - [MESSAGE][PASSED] - Tapped on element 'Object Repository/Mobile/Page/Analysis/Button - Open With Just Once'

2021-12-17 08:33:27 - [TEST_STEP][PASSED] - delay(3): Delayed 3 second(s)

2021-12-17 08:33:30 - [MESSAGE][PASSED] - Delayed 3 second(s)

2021-12-17 08:33:30 - [TEST_STEP][PASSED] - pressBack(): Press back button successfully

2021-12-17 08:33:30 - [MESSAGE][PASSED] - Press back button successfully

2021-12-17 08:33:30 - [MESSAGE][PASSED] - Call Test Case 'Test Cases/Mobile/Page/Analysis/Analysis' successfully

2021-12-17 08:33:30 - [TEST_STEP][PASSED] - callTestCase(findTestCase("Mobile/Page/Run App/Terminate App"), [:], STOP_ON_FAILURE): Call Test Case 'Test Cases/Mobile/Page/Run App/Terminate App' successfully

2021-12-17 08:33:31 - [TEST_CASE][PASSED] - Test Cases/Mobile/Page/Run App/Terminate App: Test Cases/Mobile/Page/Run App/Terminate App

2021-12-17 08:33:31 - [TEST_STEP][PASSED] - startApp.OpenApp.terminateApplication(): startApp.OpenApp.terminateApplication is PASSED

2021-12-17 08:33:35 - [MESSAGE][PASSED] - Delayed 3 second(s)

2021-12-17 08:33:35 - [MESSAGE][PASSED] - Current device physical width is 720

2021-12-17 08:33:35 - [MESSAGE][PASSED] - Current device physical height is 1423

2021-12-17 08:33:36 - [MESSAGE][PASSED] - Swiped from 360,853 to 360,142

2021-12-17 08:33:37 - [MESSAGE][PASSED] - Delayed 1 second(s)

2021-12-17 08:33:39 - [MESSAGE][PASSED] - Swiped from 360,853 to 360,142

2021-12-17 08:33:42 - [MESSAGE][PASSED] - Delayed 3 second(s)

2021-12-17 08:33:42 - [MESSAGE][PASSED] - startApp.OpenApp.terminateApplication is PASSED

2021-12-17 08:33:42 - [MESSAGE][PASSED] - Call Test Case 'Test Cases/Mobile/Page/Run App/Terminate App' successfully]]></system-out>
         <system-err><![CDATA[]]></system-err>
      </testcase>
      <testcase name="Test Cases/Mobile/Scenario/Analysis/004 - User mencari research report" time="67.43" classname="Test Cases/Mobile/Scenario/Analysis/004 - User mencari research report" status="PASSED">
         <system-out><![CDATA[2021-12-17 08:33:42 - [TEST_CASE][PASSED] - Test Cases/Mobile/Scenario/Analysis/004 - User mencari research report: Test Cases/Mobile/Scenario/Analysis/004 - User mencari research report

2021-12-17 08:33:43 - [TEST_STEP][PASSED] - callTestCase(findTestCase("Mobile/Page/Run App/Run App byID"), [:], STOP_ON_FAILURE): Call Test Case 'Test Cases/Mobile/Page/Run App/Run App byID' successfully

2021-12-17 08:33:43 - [TEST_CASE][PASSED] - Test Cases/Mobile/Page/Run App/Run App byID: Test Cases/Mobile/Page/Run App/Run App byID

2021-12-17 08:33:43 - [TEST_STEP][PASSED] - startApp.OpenApp.startApplication("id.co.miraeasset.sageclub"): startApp.OpenApp.startApplication is PASSED

2021-12-17 08:33:55 - [MESSAGE][PASSED] - Starting app with application ID: 'id.co.miraeasset.sageclub'

2021-12-17 08:33:55 - [MESSAGE][PASSED] - startApp.OpenApp.startApplication is PASSED

2021-12-17 08:33:55 - [MESSAGE][PASSED] - Call Test Case 'Test Cases/Mobile/Page/Run App/Run App byID' successfully

2021-12-17 08:33:55 - [TEST_STEP][PASSED] - callTestCase(findTestCase("Mobile/Page/Analysis/Analysis"), ["action":"researchsearch"], CONTINUE_ON_FAILURE): Call Test Case 'Test Cases/Mobile/Page/Analysis/Analysis' successfully

2021-12-17 08:33:55 - [TEST_CASE][PASSED] - Test Cases/Mobile/Page/Analysis/Analysis: Test Cases/Mobile/Page/Analysis/Analysis

2021-12-17 08:33:55 - [TEST_STEP][PASSED] - callTestCase(findTestCase("Mobile/Page/CheckLogin"), [:], CONTINUE_ON_FAILURE): Call Test Case 'Test Cases/Mobile/Page/CheckLogin' successfully

2021-12-17 08:33:55 - [TEST_CASE][PASSED] - Test Cases/Mobile/Page/CheckLogin: Test Cases/Mobile/Page/CheckLogin

2021-12-17 08:33:55 - [TEST_STEP][PASSED] - loginCheck = verifyElementExist(findTestObject("Mobile/Page/Login/Button - Login"), 2, CONTINUE_ON_FAILURE): Element 'Object Repository/Mobile/Page/Login/Button - Login' is exist

2021-12-17 08:33:57 - [MESSAGE][PASSED] - Element 'Object Repository/Mobile/Page/Login/Button - Login' is exist

2021-12-17 08:33:57 - [TEST_STEP][PASSED] - if (loginCheck): Call Test Case 'Test Cases/Mobile/Page/Login/Login' successfully

2021-12-17 08:33:57 - [TEST_STEP][PASSED] - callTestCase(findTestCase("Mobile/Page/Login/Login"), [:], CONTINUE_ON_FAILURE): Call Test Case 'Test Cases/Mobile/Page/Login/Login' successfully

2021-12-17 08:33:57 - [TEST_CASE][PASSED] - Test Cases/Mobile/Page/Login/Login: Test Cases/Mobile/Page/Login/Login

2021-12-17 08:33:57 - [TEST_STEP][PASSED] - delay(2): Delayed 2 second(s)

2021-12-17 08:33:59 - [MESSAGE][PASSED] - Delayed 2 second(s)

2021-12-17 08:33:59 - [TEST_STEP][PASSED] - tap(findTestObject("Mobile/Page/Login/Input - UserID"), 0): Tapped on element 'Object Repository/Mobile/Page/Login/Input - UserID'

2021-12-17 08:33:59 - [MESSAGE][WARNING] - Timeout '0' is invalid. Using default page load timeout: '60'

2021-12-17 08:34:00 - [MESSAGE][PASSED] - Tapped on element 'Object Repository/Mobile/Page/Login/Input - UserID'

2021-12-17 08:34:00 - [TEST_STEP][PASSED] - delay(1): Delayed 1 second(s)

2021-12-17 08:34:01 - [MESSAGE][PASSED] - Delayed 1 second(s)

2021-12-17 08:34:01 - [TEST_STEP][PASSED] - setText(findTestObject("Mobile/Page/Login/Input Rdy - UserID"), "anggaaditya", 0): Text 'anggaaditya' has been set to element 'Object Repository/Mobile/Page/Login/Input Rdy - UserID'

2021-12-17 08:34:01 - [MESSAGE][WARNING] - Timeout '0' is invalid. Using default page load timeout: '60'

2021-12-17 08:34:02 - [MESSAGE][PASSED] - Text 'anggaaditya' has been set to element 'Object Repository/Mobile/Page/Login/Input Rdy - UserID'

2021-12-17 08:34:02 - [TEST_STEP][PASSED] - delay(1): Delayed 1 second(s)

2021-12-17 08:34:03 - [MESSAGE][PASSED] - Delayed 1 second(s)

2021-12-17 08:34:03 - [TEST_STEP][PASSED] - hideKeyboard(): Keyboard is hidden

2021-12-17 08:34:07 - [MESSAGE][PASSED] - Keyboard is hidden

2021-12-17 08:34:07 - [TEST_STEP][PASSED] - tap(findTestObject("Mobile/Page/Login/Input - Password"), 0): Tapped on element 'Object Repository/Mobile/Page/Login/Input - Password'

2021-12-17 08:34:07 - [MESSAGE][WARNING] - Timeout '0' is invalid. Using default page load timeout: '60'

2021-12-17 08:34:08 - [MESSAGE][PASSED] - Tapped on element 'Object Repository/Mobile/Page/Login/Input - Password'

2021-12-17 08:34:08 - [TEST_STEP][PASSED] - delay(1): Delayed 1 second(s)

2021-12-17 08:34:09 - [MESSAGE][PASSED] - Delayed 1 second(s)

2021-12-17 08:34:09 - [TEST_STEP][PASSED] - setText(findTestObject("Mobile/Page/Login/Input Rdy - Password"), "Shalawa18", 0): Text 'Shalawa18' has been set to element 'Object Repository/Mobile/Page/Login/Input Rdy - Password'

2021-12-17 08:34:09 - [MESSAGE][WARNING] - Timeout '0' is invalid. Using default page load timeout: '60'

2021-12-17 08:34:09 - [MESSAGE][PASSED] - Text 'Shalawa18' has been set to element 'Object Repository/Mobile/Page/Login/Input Rdy - Password'

2021-12-17 08:34:09 - [TEST_STEP][PASSED] - delay(1): Delayed 1 second(s)

2021-12-17 08:34:10 - [MESSAGE][PASSED] - Delayed 1 second(s)

2021-12-17 08:34:10 - [TEST_STEP][PASSED] - hideKeyboard(): Keyboard is hidden

2021-12-17 08:34:17 - [MESSAGE][PASSED] - Keyboard is hidden

2021-12-17 08:34:17 - [TEST_STEP][PASSED] - tap(findTestObject("Mobile/Page/Login/Button - Login"), 0): Tapped on element 'Object Repository/Mobile/Page/Login/Button - Login'

2021-12-17 08:34:17 - [MESSAGE][WARNING] - Timeout '0' is invalid. Using default page load timeout: '60'

2021-12-17 08:34:18 - [MESSAGE][PASSED] - Tapped on element 'Object Repository/Mobile/Page/Login/Button - Login'

2021-12-17 08:34:18 - [TEST_STEP][PASSED] - delay(2): Delayed 2 second(s)

2021-12-17 08:34:20 - [MESSAGE][PASSED] - Delayed 2 second(s)

2021-12-17 08:34:20 - [MESSAGE][PASSED] - Call Test Case 'Test Cases/Mobile/Page/Login/Login' successfully

2021-12-17 08:34:20 - [MESSAGE][PASSED] - Call Test Case 'Test Cases/Mobile/Page/CheckLogin' successfully

2021-12-17 08:34:20 - [TEST_STEP][PASSED] - tap(findTestObject("Mobile/Page/Home/Menubar - Analysis"), 0): Tapped on element 'Object Repository/Mobile/Page/Home/Menubar - Analysis'

2021-12-17 08:34:20 - [MESSAGE][WARNING] - Timeout '0' is invalid. Using default page load timeout: '60'

2021-12-17 08:34:21 - [MESSAGE][PASSED] - Tapped on element 'Object Repository/Mobile/Page/Home/Menubar - Analysis'

2021-12-17 08:34:21 - [TEST_STEP][PASSED] - delay(1): Delayed 1 second(s)

2021-12-17 08:34:22 - [MESSAGE][PASSED] - Delayed 1 second(s)

2021-12-17 08:34:22 - [TEST_STEP][PASSED] - for ([i = 0, i < 1, (i++)]): Press back button successfully

2021-12-17 08:34:22 - [TEST_STEP][PASSED] - if (action == "technicalsearch"): null

2021-12-17 08:34:22 - [TEST_STEP][PASSED] - else if (action == "technicaldetail"): null

2021-12-17 08:34:22 - [TEST_STEP][PASSED] - else if (action == "researchdetail"): null

2021-12-17 08:34:22 - [TEST_STEP][PASSED] - else if (action == "researchsearch"): Press back button successfully

2021-12-17 08:34:22 - [TEST_STEP][PASSED] - tap(findTestObject("Mobile/Page/Analysis/Tab - Research Report"), 0): Tapped on element 'Object Repository/Mobile/Page/Analysis/Tab - Research Report'

2021-12-17 08:34:22 - [MESSAGE][WARNING] - Timeout '0' is invalid. Using default page load timeout: '60'

2021-12-17 08:34:23 - [MESSAGE][PASSED] - Tapped on element 'Object Repository/Mobile/Page/Analysis/Tab - Research Report'

2021-12-17 08:34:23 - [TEST_STEP][PASSED] - delay(1): Delayed 1 second(s)

2021-12-17 08:34:24 - [MESSAGE][PASSED] - Delayed 1 second(s)

2021-12-17 08:34:24 - [TEST_STEP][PASSED] - tap(findTestObject("Mobile/Page/Analysis/Input - Search"), 0): Tapped on element 'Object Repository/Mobile/Page/Analysis/Input - Search'

2021-12-17 08:34:24 - [MESSAGE][WARNING] - Timeout '0' is invalid. Using default page load timeout: '60'

2021-12-17 08:34:25 - [MESSAGE][PASSED] - Tapped on element 'Object Repository/Mobile/Page/Analysis/Input - Search'

2021-12-17 08:34:25 - [TEST_STEP][PASSED] - delay(1): Delayed 1 second(s)

2021-12-17 08:34:26 - [MESSAGE][PASSED] - Delayed 1 second(s)

2021-12-17 08:34:26 - [TEST_STEP][PASSED] - setText(findTestObject("Mobile/Page/Analysis/Input - Search"), "surya", 0): Text 'surya' has been set to element 'Object Repository/Mobile/Page/Analysis/Input - Search'

2021-12-17 08:34:26 - [MESSAGE][WARNING] - Timeout '0' is invalid. Using default page load timeout: '60'

2021-12-17 08:34:26 - [MESSAGE][PASSED] - Text 'surya' has been set to element 'Object Repository/Mobile/Page/Analysis/Input - Search'

2021-12-17 08:34:26 - [TEST_STEP][PASSED] - hideKeyboard(): Keyboard is hidden

2021-12-17 08:34:28 - [MESSAGE][PASSED] - Keyboard is hidden

2021-12-17 08:34:28 - [TEST_STEP][PASSED] - tapAndHold(findTestObject("Mobile/Page/Analysis/Item - Top Search"), 1, 0): Tapped and held on element 'Object Repository/Mobile/Page/Analysis/Item - Top Search' with duration 1

2021-12-17 08:34:28 - [MESSAGE][WARNING] - Timeout '0' is invalid. Using default page load timeout: '60'

2021-12-17 08:34:31 - [MESSAGE][PASSED] - Tapped and held on element 'Object Repository/Mobile/Page/Analysis/Item - Top Search' with duration 1

2021-12-17 08:34:31 - [TEST_STEP][PASSED] - delay(3): Delayed 3 second(s)

2021-12-17 08:34:34 - [MESSAGE][PASSED] - Delayed 3 second(s)

2021-12-17 08:34:34 - [TEST_STEP][PASSED] - tap(findTestObject("Object Repository/Mobile/Page/Analysis/Button - Open With Just Once"), 0): Tapped on element 'Object Repository/Mobile/Page/Analysis/Button - Open With Just Once'

2021-12-17 08:34:34 - [MESSAGE][WARNING] - Timeout '0' is invalid. Using default page load timeout: '60'

2021-12-17 08:34:35 - [MESSAGE][PASSED] - Tapped on element 'Object Repository/Mobile/Page/Analysis/Button - Open With Just Once'

2021-12-17 08:34:35 - [TEST_STEP][PASSED] - delay(3): Delayed 3 second(s)

2021-12-17 08:34:38 - [MESSAGE][PASSED] - Delayed 3 second(s)

2021-12-17 08:34:38 - [TEST_STEP][PASSED] - pressBack(): Press back button successfully

2021-12-17 08:34:38 - [MESSAGE][PASSED] - Press back button successfully

2021-12-17 08:34:38 - [MESSAGE][PASSED] - Call Test Case 'Test Cases/Mobile/Page/Analysis/Analysis' successfully

2021-12-17 08:34:38 - [TEST_STEP][PASSED] - callTestCase(findTestCase("Mobile/Page/Run App/Terminate App"), [:], STOP_ON_FAILURE): Call Test Case 'Test Cases/Mobile/Page/Run App/Terminate App' successfully

2021-12-17 08:34:38 - [TEST_CASE][PASSED] - Test Cases/Mobile/Page/Run App/Terminate App: Test Cases/Mobile/Page/Run App/Terminate App

2021-12-17 08:34:38 - [TEST_STEP][PASSED] - startApp.OpenApp.terminateApplication(): startApp.OpenApp.terminateApplication is PASSED

2021-12-17 08:34:42 - [MESSAGE][PASSED] - Delayed 3 second(s)

2021-12-17 08:34:42 - [MESSAGE][PASSED] - Current device physical width is 720

2021-12-17 08:34:43 - [MESSAGE][PASSED] - Current device physical height is 1423

2021-12-17 08:34:44 - [MESSAGE][PASSED] - Swiped from 360,853 to 360,142

2021-12-17 08:34:45 - [MESSAGE][PASSED] - Delayed 1 second(s)

2021-12-17 08:34:46 - [MESSAGE][PASSED] - Swiped from 360,853 to 360,142

2021-12-17 08:34:49 - [MESSAGE][PASSED] - Delayed 3 second(s)

2021-12-17 08:34:49 - [MESSAGE][PASSED] - startApp.OpenApp.terminateApplication is PASSED

2021-12-17 08:34:49 - [MESSAGE][PASSED] - Call Test Case 'Test Cases/Mobile/Page/Run App/Terminate App' successfully]]></system-out>
         <system-err><![CDATA[]]></system-err>
      </testcase>
      <system-out><![CDATA[2021-12-17 08:30:05 - [TEST_SUITE][PASSED] - analysis: Test Cases/Mobile/Scenario/Analysis/004 - User mencari research report]]></system-out>
      <system-err><![CDATA[]]></system-err>
   </testsuite>
</testsuites>
