<?xml version="1.0" encoding="UTF-8"?>
<testsuites name="analysis" time="273.541" tests="4" failures="0" skips="0" errors="0">
   <testsuite name="analysis" tests="4" failures="0" errors="0" time="273.541" skips="0" timestamp="2021-12-07 09:00:36" hostname="Owner - aldy-tft" id="Test Suites/analysis">
      <properties>
         <property name="deviceName" value="samsung SM-A205F (Android 11)"/>
         <property name="devicePlatform" value=""/>
         <property name="logFolder" value="C:\\Users\\Owner\\Documents\\kerjaan\\KatalonProject\\qa_katalon_pwm\\qa_katalon_pwm\\Reports\\20211207_090030\\analysis\\20211207_090030"/>
         <property name="logFiles" value="C:\\Users\\Owner\\Documents\\kerjaan\\KatalonProject\\qa_katalon_pwm\\qa_katalon_pwm\\Reports\\20211207_090030\\analysis\\20211207_090030\\appium.log, C:\\Users\\Owner\\Documents\\kerjaan\\KatalonProject\\qa_katalon_pwm\\qa_katalon_pwm\\Reports\\20211207_090030\\analysis\\20211207_090030\\execution0.log"/>
         <property name="attachments" value=""/>
         <property name="hostName" value="Owner - aldy-tft"/>
         <property name="os" value="Windows 10 64bit"/>
         <property name="appiumServerStatus" value="{&quot;value&quot;:{&quot;build&quot;:{&quot;version&quot;:&quot;1.22.0&quot;}},&quot;sessionId&quot;:null,&quot;status&quot;:0}"/>
         <property name="katalonVersion" value="7.9.1.208"/>
         <property name="deviceOS" value="Android"/>
         <property name="appiumVersion" value="1.22.0"/>
         <property name="deviceModel" value="SM-A205F"/>
         <property name="hostAddress" value="10.0.30.129"/>
         <property name="deviceManufacturer" value="samsung"/>
         <property name="deviceId" value="RR8M40C9AXE"/>
         <property name="deviceName" value="samsung SM-A205F (Android 11)"/>
         <property name="deviceOSVersion" value="11"/>
      </properties>
      <testcase name="Test Cases/Mobile/Scenario/Analysis/001 - User akses techincal analysis" time="74.038" classname="Test Cases/Mobile/Scenario/Analysis/001 - User akses techincal analysis" status="PASSED">
         <system-out><![CDATA[2021-12-07 09:00:37 - [TEST_CASE][PASSED] - Test Cases/Mobile/Scenario/Analysis/001 - User akses techincal analysis: Test Cases/Mobile/Scenario/Analysis/001 - User akses techincal analysis

2021-12-07 09:00:37 - [TEST_STEP][PASSED] - callTestCase(findTestCase("Mobile/Page/Run App/Run App byID"), [:], STOP_ON_FAILURE): Call Test Case 'Test Cases/Mobile/Page/Run App/Run App byID' successfully

2021-12-07 09:00:37 - [TEST_CASE][PASSED] - Test Cases/Mobile/Page/Run App/Run App byID: Test Cases/Mobile/Page/Run App/Run App byID

2021-12-07 09:00:38 - [TEST_STEP][PASSED] - startApp.OpenApp.startApplication("id.co.miraeasset.sageclub"): startApp.OpenApp.startApplication is PASSED

2021-12-07 09:00:39 - [MESSAGE][INFO] - Appium server started on port 64,894

2021-12-07 09:00:53 - [MESSAGE][PASSED] - Starting app with application ID: 'id.co.miraeasset.sageclub'

2021-12-07 09:00:53 - [MESSAGE][PASSED] - startApp.OpenApp.startApplication is PASSED

2021-12-07 09:00:53 - [MESSAGE][PASSED] - Call Test Case 'Test Cases/Mobile/Page/Run App/Run App byID' successfully

2021-12-07 09:00:53 - [TEST_STEP][PASSED] - callTestCase(findTestCase("Mobile/Page/Analysis/Analysis"), ["action":"technicalsearch"], CONTINUE_ON_FAILURE): Call Test Case 'Test Cases/Mobile/Page/Analysis/Analysis' successfully

2021-12-07 09:00:53 - [TEST_CASE][PASSED] - Test Cases/Mobile/Page/Analysis/Analysis: Test Cases/Mobile/Page/Analysis/Analysis

2021-12-07 09:00:54 - [TEST_STEP][PASSED] - callTestCase(findTestCase("Mobile/Page/CheckLogin"), [:], CONTINUE_ON_FAILURE): Call Test Case 'Test Cases/Mobile/Page/CheckLogin' successfully

2021-12-07 09:00:54 - [TEST_CASE][PASSED] - Test Cases/Mobile/Page/CheckLogin: Test Cases/Mobile/Page/CheckLogin

2021-12-07 09:00:54 - [TEST_STEP][PASSED] - loginCheck = verifyElementExist(findTestObject("Mobile/Page/Login/Button - Login"), 2, CONTINUE_ON_FAILURE): Element 'Object Repository/Mobile/Page/Login/Button - Login' is exist

2021-12-07 09:00:55 - [MESSAGE][PASSED] - Element 'Object Repository/Mobile/Page/Login/Button - Login' is exist

2021-12-07 09:00:55 - [TEST_STEP][PASSED] - if (loginCheck): Call Test Case 'Test Cases/Mobile/Page/Login/Login' successfully

2021-12-07 09:00:55 - [TEST_STEP][PASSED] - callTestCase(findTestCase("Mobile/Page/Login/Login"), [:], CONTINUE_ON_FAILURE): Call Test Case 'Test Cases/Mobile/Page/Login/Login' successfully

2021-12-07 09:00:55 - [TEST_CASE][PASSED] - Test Cases/Mobile/Page/Login/Login: Test Cases/Mobile/Page/Login/Login

2021-12-07 09:00:56 - [TEST_STEP][PASSED] - delay(2): Delayed 2 second(s)

2021-12-07 09:00:58 - [MESSAGE][PASSED] - Delayed 2 second(s)

2021-12-07 09:00:58 - [TEST_STEP][PASSED] - tap(findTestObject("Mobile/Page/Login/Input - UserID"), 0): Tapped on element 'Object Repository/Mobile/Page/Login/Input - UserID'

2021-12-07 09:00:58 - [MESSAGE][WARNING] - Timeout '0' is invalid. Using default page load timeout: '60'

2021-12-07 09:00:58 - [MESSAGE][PASSED] - Tapped on element 'Object Repository/Mobile/Page/Login/Input - UserID'

2021-12-07 09:00:58 - [TEST_STEP][PASSED] - delay(1): Delayed 1 second(s)

2021-12-07 09:00:59 - [MESSAGE][PASSED] - Delayed 1 second(s)

2021-12-07 09:00:59 - [TEST_STEP][PASSED] - setText(findTestObject("Mobile/Page/Login/Input Rdy - UserID"), "anggaaditya", 0): Text 'anggaaditya' has been set to element 'Object Repository/Mobile/Page/Login/Input Rdy - UserID'

2021-12-07 09:00:59 - [MESSAGE][WARNING] - Timeout '0' is invalid. Using default page load timeout: '60'

2021-12-07 09:01:00 - [MESSAGE][PASSED] - Text 'anggaaditya' has been set to element 'Object Repository/Mobile/Page/Login/Input Rdy - UserID'

2021-12-07 09:01:00 - [TEST_STEP][PASSED] - delay(1): Delayed 1 second(s)

2021-12-07 09:01:01 - [MESSAGE][PASSED] - Delayed 1 second(s)

2021-12-07 09:01:01 - [TEST_STEP][PASSED] - hideKeyboard(): Keyboard is hidden

2021-12-07 09:01:05 - [MESSAGE][PASSED] - Keyboard is hidden

2021-12-07 09:01:05 - [TEST_STEP][PASSED] - tap(findTestObject("Mobile/Page/Login/Input - Password"), 0): Tapped on element 'Object Repository/Mobile/Page/Login/Input - Password'

2021-12-07 09:01:05 - [MESSAGE][WARNING] - Timeout '0' is invalid. Using default page load timeout: '60'

2021-12-07 09:01:05 - [MESSAGE][PASSED] - Tapped on element 'Object Repository/Mobile/Page/Login/Input - Password'

2021-12-07 09:01:05 - [TEST_STEP][PASSED] - delay(1): Delayed 1 second(s)

2021-12-07 09:01:06 - [MESSAGE][PASSED] - Delayed 1 second(s)

2021-12-07 09:01:06 - [TEST_STEP][PASSED] - setText(findTestObject("Mobile/Page/Login/Input Rdy - Password"), "Shalawa18", 0): Text 'Shalawa18' has been set to element 'Object Repository/Mobile/Page/Login/Input Rdy - Password'

2021-12-07 09:01:06 - [MESSAGE][WARNING] - Timeout '0' is invalid. Using default page load timeout: '60'

2021-12-07 09:01:07 - [MESSAGE][PASSED] - Text 'Shalawa18' has been set to element 'Object Repository/Mobile/Page/Login/Input Rdy - Password'

2021-12-07 09:01:07 - [TEST_STEP][PASSED] - delay(1): Delayed 1 second(s)

2021-12-07 09:01:08 - [MESSAGE][PASSED] - Delayed 1 second(s)

2021-12-07 09:01:08 - [TEST_STEP][PASSED] - hideKeyboard(): Keyboard is hidden

2021-12-07 09:01:14 - [MESSAGE][PASSED] - Keyboard is hidden

2021-12-07 09:01:14 - [TEST_STEP][PASSED] - tap(findTestObject("Mobile/Page/Login/Button - Login"), 0): Tapped on element 'Object Repository/Mobile/Page/Login/Button - Login'

2021-12-07 09:01:14 - [MESSAGE][WARNING] - Timeout '0' is invalid. Using default page load timeout: '60'

2021-12-07 09:01:14 - [MESSAGE][PASSED] - Tapped on element 'Object Repository/Mobile/Page/Login/Button - Login'

2021-12-07 09:01:14 - [TEST_STEP][PASSED] - delay(2): Delayed 2 second(s)

2021-12-07 09:01:16 - [MESSAGE][PASSED] - Delayed 2 second(s)

2021-12-07 09:01:16 - [MESSAGE][PASSED] - Call Test Case 'Test Cases/Mobile/Page/Login/Login' successfully

2021-12-07 09:01:16 - [MESSAGE][PASSED] - Call Test Case 'Test Cases/Mobile/Page/CheckLogin' successfully

2021-12-07 09:01:16 - [TEST_STEP][PASSED] - tap(findTestObject("Object Repository/Mobile/Page/Home/Menubar - Analysis"), 0): Tapped on element 'Object Repository/Mobile/Page/Home/Menubar - Analysis'

2021-12-07 09:01:16 - [MESSAGE][WARNING] - Timeout '0' is invalid. Using default page load timeout: '60'

2021-12-07 09:01:17 - [MESSAGE][PASSED] - Tapped on element 'Object Repository/Mobile/Page/Home/Menubar - Analysis'

2021-12-07 09:01:17 - [TEST_STEP][PASSED] - delay(1): Delayed 1 second(s)

2021-12-07 09:01:18 - [MESSAGE][PASSED] - Delayed 1 second(s)

2021-12-07 09:01:18 - [TEST_STEP][PASSED] - for ([i = 0, i < 1, (i++)]): Delayed 2 second(s)

2021-12-07 09:01:18 - [TEST_STEP][PASSED] - if (action == "technicalsearch"): Delayed 2 second(s)

2021-12-07 09:01:18 - [TEST_STEP][PASSED] - tap(findTestObject("Object Repository/Mobile/Page/Analysis/Dropdown - Technical Indicator"), 0): Tapped on element 'Object Repository/Mobile/Page/Analysis/Dropdown - Technical Indicator'

2021-12-07 09:01:19 - [MESSAGE][WARNING] - Timeout '0' is invalid. Using default page load timeout: '60'

2021-12-07 09:01:20 - [MESSAGE][PASSED] - Tapped on element 'Object Repository/Mobile/Page/Analysis/Dropdown - Technical Indicator'

2021-12-07 09:01:20 - [TEST_STEP][PASSED] - delay(1): Delayed 1 second(s)

2021-12-07 09:01:21 - [MESSAGE][PASSED] - Delayed 1 second(s)

2021-12-07 09:01:21 - [TEST_STEP][PASSED] - tap(findTestObject("Object Repository/Mobile/Page/Analysis/Option Technical Indicator - All"), 0): Tapped on element 'Object Repository/Mobile/Page/Analysis/Option Technical Indicator - All'

2021-12-07 09:01:21 - [MESSAGE][WARNING] - Timeout '0' is invalid. Using default page load timeout: '60'

2021-12-07 09:01:22 - [MESSAGE][PASSED] - Tapped on element 'Object Repository/Mobile/Page/Analysis/Option Technical Indicator - All'

2021-12-07 09:01:22 - [TEST_STEP][PASSED] - delay(1): Delayed 1 second(s)

2021-12-07 09:01:23 - [MESSAGE][PASSED] - Delayed 1 second(s)

2021-12-07 09:01:23 - [TEST_STEP][PASSED] - tap(findTestObject("Object Repository/Mobile/Page/Analysis/Dropdown - Market Cap"), 0): Tapped on element 'Object Repository/Mobile/Page/Analysis/Dropdown - Market Cap'

2021-12-07 09:01:23 - [MESSAGE][WARNING] - Timeout '0' is invalid. Using default page load timeout: '60'

2021-12-07 09:01:24 - [MESSAGE][PASSED] - Tapped on element 'Object Repository/Mobile/Page/Analysis/Dropdown - Market Cap'

2021-12-07 09:01:24 - [TEST_STEP][PASSED] - delay(1): Delayed 1 second(s)

2021-12-07 09:01:25 - [MESSAGE][PASSED] - Delayed 1 second(s)

2021-12-07 09:01:25 - [TEST_STEP][PASSED] - tap(findTestObject("Object Repository/Mobile/Page/Analysis/Option Market Cap - 1 Trillion"), 0): Tapped on element 'Object Repository/Mobile/Page/Analysis/Option Market Cap - 1 Trillion'

2021-12-07 09:01:25 - [MESSAGE][WARNING] - Timeout '0' is invalid. Using default page load timeout: '60'

2021-12-07 09:01:26 - [MESSAGE][PASSED] - Tapped on element 'Object Repository/Mobile/Page/Analysis/Option Market Cap - 1 Trillion'

2021-12-07 09:01:26 - [TEST_STEP][PASSED] - delay(1): Delayed 1 second(s)

2021-12-07 09:01:27 - [MESSAGE][PASSED] - Delayed 1 second(s)

2021-12-07 09:01:27 - [TEST_STEP][PASSED] - tap(findTestObject("Object Repository/Mobile/Page/Analysis/Dropdown - Transaction"), 0): Tapped on element 'Object Repository/Mobile/Page/Analysis/Dropdown - Transaction'

2021-12-07 09:01:28 - [MESSAGE][WARNING] - Timeout '0' is invalid. Using default page load timeout: '60'

2021-12-07 09:01:28 - [MESSAGE][PASSED] - Tapped on element 'Object Repository/Mobile/Page/Analysis/Dropdown - Transaction'

2021-12-07 09:01:28 - [TEST_STEP][PASSED] - delay(1): Delayed 1 second(s)

2021-12-07 09:01:29 - [MESSAGE][PASSED] - Delayed 1 second(s)

2021-12-07 09:01:29 - [TEST_STEP][PASSED] - tap(findTestObject("Object Repository/Mobile/Page/Analysis/Option Transaction - 1 Billion"), 0): Tapped on element 'Object Repository/Mobile/Page/Analysis/Option Transaction - 1 Billion'

2021-12-07 09:01:29 - [MESSAGE][WARNING] - Timeout '0' is invalid. Using default page load timeout: '60'

2021-12-07 09:01:30 - [MESSAGE][PASSED] - Tapped on element 'Object Repository/Mobile/Page/Analysis/Option Transaction - 1 Billion'

2021-12-07 09:01:30 - [TEST_STEP][PASSED] - delay(1): Delayed 1 second(s)

2021-12-07 09:01:31 - [MESSAGE][PASSED] - Delayed 1 second(s)

2021-12-07 09:01:31 - [TEST_STEP][PASSED] - tap(findTestObject("Object Repository/Mobile/Page/Analysis/Dropdown - Time Frame"), 0): Tapped on element 'Object Repository/Mobile/Page/Analysis/Dropdown - Time Frame'

2021-12-07 09:01:31 - [MESSAGE][WARNING] - Timeout '0' is invalid. Using default page load timeout: '60'

2021-12-07 09:01:32 - [MESSAGE][PASSED] - Tapped on element 'Object Repository/Mobile/Page/Analysis/Dropdown - Time Frame'

2021-12-07 09:01:32 - [TEST_STEP][PASSED] - delay(1): Delayed 1 second(s)

2021-12-07 09:01:33 - [MESSAGE][PASSED] - Delayed 1 second(s)

2021-12-07 09:01:33 - [TEST_STEP][PASSED] - tap(findTestObject("Object Repository/Mobile/Page/Analysis/Option Time Frame - Daily"), 0): Tapped on element 'Object Repository/Mobile/Page/Analysis/Option Time Frame - Daily'

2021-12-07 09:01:33 - [MESSAGE][WARNING] - Timeout '0' is invalid. Using default page load timeout: '60'

2021-12-07 09:01:34 - [MESSAGE][PASSED] - Tapped on element 'Object Repository/Mobile/Page/Analysis/Option Time Frame - Daily'

2021-12-07 09:01:34 - [TEST_STEP][PASSED] - delay(1): Delayed 1 second(s)

2021-12-07 09:01:35 - [MESSAGE][PASSED] - Delayed 1 second(s)

2021-12-07 09:01:35 - [TEST_STEP][PASSED] - tap(findTestObject("Object Repository/Mobile/Page/Analysis/Dropdown - Index"), 0): Tapped on element 'Object Repository/Mobile/Page/Analysis/Dropdown - Index'

2021-12-07 09:01:35 - [MESSAGE][WARNING] - Timeout '0' is invalid. Using default page load timeout: '60'

2021-12-07 09:01:36 - [MESSAGE][PASSED] - Tapped on element 'Object Repository/Mobile/Page/Analysis/Dropdown - Index'

2021-12-07 09:01:36 - [TEST_STEP][PASSED] - delay(1): Delayed 1 second(s)

2021-12-07 09:01:37 - [MESSAGE][PASSED] - Delayed 1 second(s)

2021-12-07 09:01:37 - [TEST_STEP][PASSED] - tap(findTestObject("Object Repository/Mobile/Page/Analysis/Option Index - Idx30"), 0): Tapped on element 'Object Repository/Mobile/Page/Analysis/Option Index - Idx30'

2021-12-07 09:01:37 - [MESSAGE][WARNING] - Timeout '0' is invalid. Using default page load timeout: '60'

2021-12-07 09:01:38 - [MESSAGE][PASSED] - Tapped on element 'Object Repository/Mobile/Page/Analysis/Option Index - Idx30'

2021-12-07 09:01:38 - [TEST_STEP][PASSED] - delay(2): Delayed 2 second(s)

2021-12-07 09:01:40 - [MESSAGE][PASSED] - Delayed 2 second(s)

2021-12-07 09:01:40 - [MESSAGE][PASSED] - Call Test Case 'Test Cases/Mobile/Page/Analysis/Analysis' successfully

2021-12-07 09:01:40 - [TEST_STEP][PASSED] - callTestCase(findTestCase("Mobile/Page/Run App/Terminate App"), [:], STOP_ON_FAILURE): Call Test Case 'Test Cases/Mobile/Page/Run App/Terminate App' successfully

2021-12-07 09:01:40 - [TEST_CASE][PASSED] - Test Cases/Mobile/Page/Run App/Terminate App: Test Cases/Mobile/Page/Run App/Terminate App

2021-12-07 09:01:41 - [TEST_STEP][PASSED] - startApp.OpenApp.terminateApplication(): startApp.OpenApp.terminateApplication is PASSED

2021-12-07 09:01:44 - [MESSAGE][PASSED] - Delayed 3 second(s)

2021-12-07 09:01:44 - [MESSAGE][PASSED] - Current device physical width is 720

2021-12-07 09:01:44 - [MESSAGE][PASSED] - Current device physical height is 1423

2021-12-07 09:01:46 - [MESSAGE][PASSED] - Swiped from 360,853 to 360,142

2021-12-07 09:01:47 - [MESSAGE][PASSED] - Delayed 1 second(s)

2021-12-07 09:01:48 - [MESSAGE][PASSED] - Swiped from 360,853 to 360,142

2021-12-07 09:01:51 - [MESSAGE][PASSED] - Delayed 3 second(s)

2021-12-07 09:01:51 - [MESSAGE][PASSED] - startApp.OpenApp.terminateApplication is PASSED

2021-12-07 09:01:51 - [MESSAGE][PASSED] - Call Test Case 'Test Cases/Mobile/Page/Run App/Terminate App' successfully]]></system-out>
         <system-err><![CDATA[]]></system-err>
      </testcase>
      <testcase name="Test Cases/Mobile/Scenario/Analysis/002 - User memilih salah satu saham (chart)" time="65.586" classname="Test Cases/Mobile/Scenario/Analysis/002 - User memilih salah satu saham (chart)" status="PASSED">
         <system-out><![CDATA[2021-12-07 09:01:51 - [TEST_CASE][PASSED] - Test Cases/Mobile/Scenario/Analysis/002 - User memilih salah satu saham (chart): Test Cases/Mobile/Scenario/Analysis/002 - User memilih salah satu saham (chart)

2021-12-07 09:01:51 - [TEST_STEP][PASSED] - callTestCase(findTestCase("Mobile/Page/Run App/Run App byID"), [:], STOP_ON_FAILURE): Call Test Case 'Test Cases/Mobile/Page/Run App/Run App byID' successfully

2021-12-07 09:01:51 - [TEST_CASE][PASSED] - Test Cases/Mobile/Page/Run App/Run App byID: Test Cases/Mobile/Page/Run App/Run App byID

2021-12-07 09:01:51 - [TEST_STEP][PASSED] - startApp.OpenApp.startApplication("id.co.miraeasset.sageclub"): startApp.OpenApp.startApplication is PASSED

2021-12-07 09:02:03 - [MESSAGE][PASSED] - Starting app with application ID: 'id.co.miraeasset.sageclub'

2021-12-07 09:02:03 - [MESSAGE][PASSED] - startApp.OpenApp.startApplication is PASSED

2021-12-07 09:02:03 - [MESSAGE][PASSED] - Call Test Case 'Test Cases/Mobile/Page/Run App/Run App byID' successfully

2021-12-07 09:02:03 - [TEST_STEP][PASSED] - callTestCase(findTestCase("Mobile/Page/Analysis/Analysis"), ["action":"technicaldetail"], CONTINUE_ON_FAILURE): Call Test Case 'Test Cases/Mobile/Page/Analysis/Analysis' successfully

2021-12-07 09:02:03 - [TEST_CASE][PASSED] - Test Cases/Mobile/Page/Analysis/Analysis: Test Cases/Mobile/Page/Analysis/Analysis

2021-12-07 09:02:03 - [TEST_STEP][PASSED] - callTestCase(findTestCase("Mobile/Page/CheckLogin"), [:], CONTINUE_ON_FAILURE): Call Test Case 'Test Cases/Mobile/Page/CheckLogin' successfully

2021-12-07 09:02:03 - [TEST_CASE][PASSED] - Test Cases/Mobile/Page/CheckLogin: Test Cases/Mobile/Page/CheckLogin

2021-12-07 09:02:03 - [TEST_STEP][PASSED] - loginCheck = verifyElementExist(findTestObject("Mobile/Page/Login/Button - Login"), 2, CONTINUE_ON_FAILURE): Element 'Object Repository/Mobile/Page/Login/Button - Login' is exist

2021-12-07 09:02:05 - [MESSAGE][PASSED] - Element 'Object Repository/Mobile/Page/Login/Button - Login' is exist

2021-12-07 09:02:05 - [TEST_STEP][PASSED] - if (loginCheck): Call Test Case 'Test Cases/Mobile/Page/Login/Login' successfully

2021-12-07 09:02:05 - [TEST_STEP][PASSED] - callTestCase(findTestCase("Mobile/Page/Login/Login"), [:], CONTINUE_ON_FAILURE): Call Test Case 'Test Cases/Mobile/Page/Login/Login' successfully

2021-12-07 09:02:05 - [TEST_CASE][PASSED] - Test Cases/Mobile/Page/Login/Login: Test Cases/Mobile/Page/Login/Login

2021-12-07 09:02:05 - [TEST_STEP][PASSED] - delay(2): Delayed 2 second(s)

2021-12-07 09:02:07 - [MESSAGE][PASSED] - Delayed 2 second(s)

2021-12-07 09:02:07 - [TEST_STEP][PASSED] - tap(findTestObject("Mobile/Page/Login/Input - UserID"), 0): Tapped on element 'Object Repository/Mobile/Page/Login/Input - UserID'

2021-12-07 09:02:07 - [MESSAGE][WARNING] - Timeout '0' is invalid. Using default page load timeout: '60'

2021-12-07 09:02:08 - [MESSAGE][PASSED] - Tapped on element 'Object Repository/Mobile/Page/Login/Input - UserID'

2021-12-07 09:02:08 - [TEST_STEP][PASSED] - delay(1): Delayed 1 second(s)

2021-12-07 09:02:09 - [MESSAGE][PASSED] - Delayed 1 second(s)

2021-12-07 09:02:09 - [TEST_STEP][PASSED] - setText(findTestObject("Mobile/Page/Login/Input Rdy - UserID"), "anggaaditya", 0): Text 'anggaaditya' has been set to element 'Object Repository/Mobile/Page/Login/Input Rdy - UserID'

2021-12-07 09:02:09 - [MESSAGE][WARNING] - Timeout '0' is invalid. Using default page load timeout: '60'

2021-12-07 09:02:09 - [MESSAGE][PASSED] - Text 'anggaaditya' has been set to element 'Object Repository/Mobile/Page/Login/Input Rdy - UserID'

2021-12-07 09:02:09 - [TEST_STEP][PASSED] - delay(1): Delayed 1 second(s)

2021-12-07 09:02:10 - [MESSAGE][PASSED] - Delayed 1 second(s)

2021-12-07 09:02:10 - [TEST_STEP][PASSED] - hideKeyboard(): Keyboard is hidden

2021-12-07 09:02:14 - [MESSAGE][PASSED] - Keyboard is hidden

2021-12-07 09:02:14 - [TEST_STEP][PASSED] - tap(findTestObject("Mobile/Page/Login/Input - Password"), 0): Tapped on element 'Object Repository/Mobile/Page/Login/Input - Password'

2021-12-07 09:02:14 - [MESSAGE][WARNING] - Timeout '0' is invalid. Using default page load timeout: '60'

2021-12-07 09:02:15 - [MESSAGE][PASSED] - Tapped on element 'Object Repository/Mobile/Page/Login/Input - Password'

2021-12-07 09:02:15 - [TEST_STEP][PASSED] - delay(1): Delayed 1 second(s)

2021-12-07 09:02:16 - [MESSAGE][PASSED] - Delayed 1 second(s)

2021-12-07 09:02:16 - [TEST_STEP][PASSED] - setText(findTestObject("Mobile/Page/Login/Input Rdy - Password"), "Shalawa18", 0): Text 'Shalawa18' has been set to element 'Object Repository/Mobile/Page/Login/Input Rdy - Password'

2021-12-07 09:02:16 - [MESSAGE][WARNING] - Timeout '0' is invalid. Using default page load timeout: '60'

2021-12-07 09:02:16 - [MESSAGE][PASSED] - Text 'Shalawa18' has been set to element 'Object Repository/Mobile/Page/Login/Input Rdy - Password'

2021-12-07 09:02:16 - [TEST_STEP][PASSED] - delay(1): Delayed 1 second(s)

2021-12-07 09:02:17 - [MESSAGE][PASSED] - Delayed 1 second(s)

2021-12-07 09:02:17 - [TEST_STEP][PASSED] - hideKeyboard(): Keyboard is hidden

2021-12-07 09:02:23 - [MESSAGE][PASSED] - Keyboard is hidden

2021-12-07 09:02:23 - [TEST_STEP][PASSED] - tap(findTestObject("Mobile/Page/Login/Button - Login"), 0): Tapped on element 'Object Repository/Mobile/Page/Login/Button - Login'

2021-12-07 09:02:23 - [MESSAGE][WARNING] - Timeout '0' is invalid. Using default page load timeout: '60'

2021-12-07 09:02:25 - [MESSAGE][PASSED] - Tapped on element 'Object Repository/Mobile/Page/Login/Button - Login'

2021-12-07 09:02:25 - [TEST_STEP][PASSED] - delay(2): Delayed 2 second(s)

2021-12-07 09:02:27 - [MESSAGE][PASSED] - Delayed 2 second(s)

2021-12-07 09:02:27 - [MESSAGE][PASSED] - Call Test Case 'Test Cases/Mobile/Page/Login/Login' successfully

2021-12-07 09:02:27 - [MESSAGE][PASSED] - Call Test Case 'Test Cases/Mobile/Page/CheckLogin' successfully

2021-12-07 09:02:27 - [TEST_STEP][PASSED] - tap(findTestObject("Object Repository/Mobile/Page/Home/Menubar - Analysis"), 0): Tapped on element 'Object Repository/Mobile/Page/Home/Menubar - Analysis'

2021-12-07 09:02:27 - [MESSAGE][WARNING] - Timeout '0' is invalid. Using default page load timeout: '60'

2021-12-07 09:02:27 - [MESSAGE][PASSED] - Tapped on element 'Object Repository/Mobile/Page/Home/Menubar - Analysis'

2021-12-07 09:02:27 - [TEST_STEP][PASSED] - delay(1): Delayed 1 second(s)

2021-12-07 09:02:28 - [MESSAGE][PASSED] - Delayed 1 second(s)

2021-12-07 09:02:28 - [TEST_STEP][PASSED] - for ([i = 0, i < 1, (i++)]): Delayed 2 second(s)

2021-12-07 09:02:28 - [TEST_STEP][PASSED] - if (action == "technicalsearch"): null

2021-12-07 09:02:28 - [TEST_STEP][PASSED] - else if (action == "technicaldetail"): Delayed 2 second(s)

2021-12-07 09:02:28 - [TEST_STEP][PASSED] - tap(findTestObject("Object Repository/Mobile/Page/Analysis/Item - Top Technical"), 0): Tapped on element 'Object Repository/Mobile/Page/Analysis/Item - Top Technical'

2021-12-07 09:02:28 - [MESSAGE][WARNING] - Timeout '0' is invalid. Using default page load timeout: '60'

2021-12-07 09:02:30 - [MESSAGE][PASSED] - Tapped on element 'Object Repository/Mobile/Page/Analysis/Item - Top Technical'

2021-12-07 09:02:30 - [TEST_STEP][PASSED] - delay(3): Delayed 3 second(s)

2021-12-07 09:02:33 - [MESSAGE][PASSED] - Delayed 3 second(s)

2021-12-07 09:02:33 - [TEST_STEP][PASSED] - tap(findTestObject("Object Repository/Mobile/Page/Analysis/Detail/Button - D"), 0): Tapped on element 'Object Repository/Mobile/Page/Analysis/Detail/Button - D'

2021-12-07 09:02:33 - [MESSAGE][WARNING] - Timeout '0' is invalid. Using default page load timeout: '60'

2021-12-07 09:02:34 - [MESSAGE][PASSED] - Tapped on element 'Object Repository/Mobile/Page/Analysis/Detail/Button - D'

2021-12-07 09:02:34 - [TEST_STEP][PASSED] - delay(2): Delayed 2 second(s)

2021-12-07 09:02:36 - [MESSAGE][PASSED] - Delayed 2 second(s)

2021-12-07 09:02:36 - [TEST_STEP][PASSED] - tap(findTestObject("Object Repository/Mobile/Page/Analysis/Detail/Button - W"), 0): Tapped on element 'Object Repository/Mobile/Page/Analysis/Detail/Button - W'

2021-12-07 09:02:36 - [MESSAGE][WARNING] - Timeout '0' is invalid. Using default page load timeout: '60'

2021-12-07 09:02:37 - [MESSAGE][PASSED] - Tapped on element 'Object Repository/Mobile/Page/Analysis/Detail/Button - W'

2021-12-07 09:02:37 - [TEST_STEP][PASSED] - delay(2): Delayed 2 second(s)

2021-12-07 09:02:39 - [MESSAGE][PASSED] - Delayed 2 second(s)

2021-12-07 09:02:39 - [TEST_STEP][PASSED] - tap(findTestObject("Object Repository/Mobile/Page/Analysis/Detail/Button - M"), 0): Tapped on element 'Object Repository/Mobile/Page/Analysis/Detail/Button - M'

2021-12-07 09:02:39 - [MESSAGE][WARNING] - Timeout '0' is invalid. Using default page load timeout: '60'

2021-12-07 09:02:41 - [MESSAGE][PASSED] - Tapped on element 'Object Repository/Mobile/Page/Analysis/Detail/Button - M'

2021-12-07 09:02:41 - [TEST_STEP][PASSED] - delay(2): Delayed 2 second(s)

2021-12-07 09:02:43 - [MESSAGE][PASSED] - Delayed 2 second(s)

2021-12-07 09:02:43 - [TEST_STEP][PASSED] - tap(findTestObject("Object Repository/Mobile/Page/Analysis/Detail/Button - Y"), 0): Tapped on element 'Object Repository/Mobile/Page/Analysis/Detail/Button - Y'

2021-12-07 09:02:43 - [MESSAGE][WARNING] - Timeout '0' is invalid. Using default page load timeout: '60'

2021-12-07 09:02:44 - [MESSAGE][PASSED] - Tapped on element 'Object Repository/Mobile/Page/Analysis/Detail/Button - Y'

2021-12-07 09:02:44 - [TEST_STEP][PASSED] - delay(2): Delayed 2 second(s)

2021-12-07 09:02:46 - [MESSAGE][PASSED] - Delayed 2 second(s)

2021-12-07 09:02:46 - [MESSAGE][PASSED] - Call Test Case 'Test Cases/Mobile/Page/Analysis/Analysis' successfully

2021-12-07 09:02:46 - [TEST_STEP][PASSED] - callTestCase(findTestCase("Mobile/Page/Run App/Terminate App"), [:], STOP_ON_FAILURE): Call Test Case 'Test Cases/Mobile/Page/Run App/Terminate App' successfully

2021-12-07 09:02:46 - [TEST_CASE][PASSED] - Test Cases/Mobile/Page/Run App/Terminate App: Test Cases/Mobile/Page/Run App/Terminate App

2021-12-07 09:02:46 - [TEST_STEP][PASSED] - startApp.OpenApp.terminateApplication(): startApp.OpenApp.terminateApplication is PASSED

2021-12-07 09:02:49 - [MESSAGE][PASSED] - Delayed 3 second(s)

2021-12-07 09:02:50 - [MESSAGE][PASSED] - Current device physical width is 720

2021-12-07 09:02:50 - [MESSAGE][PASSED] - Current device physical height is 1423

2021-12-07 09:02:51 - [MESSAGE][PASSED] - Swiped from 360,853 to 360,142

2021-12-07 09:02:52 - [MESSAGE][PASSED] - Delayed 1 second(s)

2021-12-07 09:02:54 - [MESSAGE][PASSED] - Swiped from 360,853 to 360,142

2021-12-07 09:02:57 - [MESSAGE][PASSED] - Delayed 3 second(s)

2021-12-07 09:02:57 - [MESSAGE][PASSED] - startApp.OpenApp.terminateApplication is PASSED

2021-12-07 09:02:57 - [MESSAGE][PASSED] - Call Test Case 'Test Cases/Mobile/Page/Run App/Terminate App' successfully]]></system-out>
         <system-err><![CDATA[]]></system-err>
      </testcase>
      <testcase name="Test Cases/Mobile/Scenario/Analysis/003 - User memilh Research Report" time="61.428" classname="Test Cases/Mobile/Scenario/Analysis/003 - User memilh Research Report" status="PASSED">
         <system-out><![CDATA[2021-12-07 09:02:57 - [TEST_CASE][PASSED] - Test Cases/Mobile/Scenario/Analysis/003 - User memilh Research Report: Test Cases/Mobile/Scenario/Analysis/003 - User memilh Research Report

2021-12-07 09:02:57 - [TEST_STEP][PASSED] - callTestCase(findTestCase("Mobile/Page/Run App/Run App byID"), [:], STOP_ON_FAILURE): Call Test Case 'Test Cases/Mobile/Page/Run App/Run App byID' successfully

2021-12-07 09:02:57 - [TEST_CASE][PASSED] - Test Cases/Mobile/Page/Run App/Run App byID: Test Cases/Mobile/Page/Run App/Run App byID

2021-12-07 09:02:57 - [TEST_STEP][PASSED] - startApp.OpenApp.startApplication("id.co.miraeasset.sageclub"): startApp.OpenApp.startApplication is PASSED

2021-12-07 09:03:08 - [MESSAGE][PASSED] - Starting app with application ID: 'id.co.miraeasset.sageclub'

2021-12-07 09:03:08 - [MESSAGE][PASSED] - startApp.OpenApp.startApplication is PASSED

2021-12-07 09:03:08 - [MESSAGE][PASSED] - Call Test Case 'Test Cases/Mobile/Page/Run App/Run App byID' successfully

2021-12-07 09:03:08 - [TEST_STEP][PASSED] - callTestCase(findTestCase("Mobile/Page/Analysis/Analysis"), ["action":"researchdetail"], CONTINUE_ON_FAILURE): Call Test Case 'Test Cases/Mobile/Page/Analysis/Analysis' successfully

2021-12-07 09:03:09 - [TEST_CASE][PASSED] - Test Cases/Mobile/Page/Analysis/Analysis: Test Cases/Mobile/Page/Analysis/Analysis

2021-12-07 09:03:09 - [TEST_STEP][PASSED] - callTestCase(findTestCase("Mobile/Page/CheckLogin"), [:], CONTINUE_ON_FAILURE): Call Test Case 'Test Cases/Mobile/Page/CheckLogin' successfully

2021-12-07 09:03:09 - [TEST_CASE][PASSED] - Test Cases/Mobile/Page/CheckLogin: Test Cases/Mobile/Page/CheckLogin

2021-12-07 09:03:09 - [TEST_STEP][PASSED] - loginCheck = verifyElementExist(findTestObject("Mobile/Page/Login/Button - Login"), 2, CONTINUE_ON_FAILURE): Element 'Object Repository/Mobile/Page/Login/Button - Login' is exist

2021-12-07 09:03:10 - [MESSAGE][PASSED] - Element 'Object Repository/Mobile/Page/Login/Button - Login' is exist

2021-12-07 09:03:10 - [TEST_STEP][PASSED] - if (loginCheck): Call Test Case 'Test Cases/Mobile/Page/Login/Login' successfully

2021-12-07 09:03:10 - [TEST_STEP][PASSED] - callTestCase(findTestCase("Mobile/Page/Login/Login"), [:], CONTINUE_ON_FAILURE): Call Test Case 'Test Cases/Mobile/Page/Login/Login' successfully

2021-12-07 09:03:11 - [TEST_CASE][PASSED] - Test Cases/Mobile/Page/Login/Login: Test Cases/Mobile/Page/Login/Login

2021-12-07 09:03:11 - [TEST_STEP][PASSED] - delay(2): Delayed 2 second(s)

2021-12-07 09:03:13 - [MESSAGE][PASSED] - Delayed 2 second(s)

2021-12-07 09:03:13 - [TEST_STEP][PASSED] - tap(findTestObject("Mobile/Page/Login/Input - UserID"), 0): Tapped on element 'Object Repository/Mobile/Page/Login/Input - UserID'

2021-12-07 09:03:13 - [MESSAGE][WARNING] - Timeout '0' is invalid. Using default page load timeout: '60'

2021-12-07 09:03:13 - [MESSAGE][PASSED] - Tapped on element 'Object Repository/Mobile/Page/Login/Input - UserID'

2021-12-07 09:03:13 - [TEST_STEP][PASSED] - delay(1): Delayed 1 second(s)

2021-12-07 09:03:14 - [MESSAGE][PASSED] - Delayed 1 second(s)

2021-12-07 09:03:14 - [TEST_STEP][PASSED] - setText(findTestObject("Mobile/Page/Login/Input Rdy - UserID"), "anggaaditya", 0): Text 'anggaaditya' has been set to element 'Object Repository/Mobile/Page/Login/Input Rdy - UserID'

2021-12-07 09:03:14 - [MESSAGE][WARNING] - Timeout '0' is invalid. Using default page load timeout: '60'

2021-12-07 09:03:15 - [MESSAGE][PASSED] - Text 'anggaaditya' has been set to element 'Object Repository/Mobile/Page/Login/Input Rdy - UserID'

2021-12-07 09:03:15 - [TEST_STEP][PASSED] - delay(1): Delayed 1 second(s)

2021-12-07 09:03:16 - [MESSAGE][PASSED] - Delayed 1 second(s)

2021-12-07 09:03:16 - [TEST_STEP][PASSED] - hideKeyboard(): Keyboard is hidden

2021-12-07 09:03:19 - [MESSAGE][PASSED] - Keyboard is hidden

2021-12-07 09:03:19 - [TEST_STEP][PASSED] - tap(findTestObject("Mobile/Page/Login/Input - Password"), 0): Tapped on element 'Object Repository/Mobile/Page/Login/Input - Password'

2021-12-07 09:03:19 - [MESSAGE][WARNING] - Timeout '0' is invalid. Using default page load timeout: '60'

2021-12-07 09:03:20 - [MESSAGE][PASSED] - Tapped on element 'Object Repository/Mobile/Page/Login/Input - Password'

2021-12-07 09:03:20 - [TEST_STEP][PASSED] - delay(1): Delayed 1 second(s)

2021-12-07 09:03:21 - [MESSAGE][PASSED] - Delayed 1 second(s)

2021-12-07 09:03:21 - [TEST_STEP][PASSED] - setText(findTestObject("Mobile/Page/Login/Input Rdy - Password"), "Shalawa18", 0): Text 'Shalawa18' has been set to element 'Object Repository/Mobile/Page/Login/Input Rdy - Password'

2021-12-07 09:03:21 - [MESSAGE][WARNING] - Timeout '0' is invalid. Using default page load timeout: '60'

2021-12-07 09:03:21 - [MESSAGE][PASSED] - Text 'Shalawa18' has been set to element 'Object Repository/Mobile/Page/Login/Input Rdy - Password'

2021-12-07 09:03:21 - [TEST_STEP][PASSED] - delay(1): Delayed 1 second(s)

2021-12-07 09:03:22 - [MESSAGE][PASSED] - Delayed 1 second(s)

2021-12-07 09:03:22 - [TEST_STEP][PASSED] - hideKeyboard(): Keyboard is hidden

2021-12-07 09:03:28 - [MESSAGE][PASSED] - Keyboard is hidden

2021-12-07 09:03:28 - [TEST_STEP][PASSED] - tap(findTestObject("Mobile/Page/Login/Button - Login"), 0): Tapped on element 'Object Repository/Mobile/Page/Login/Button - Login'

2021-12-07 09:03:28 - [MESSAGE][WARNING] - Timeout '0' is invalid. Using default page load timeout: '60'

2021-12-07 09:03:29 - [MESSAGE][PASSED] - Tapped on element 'Object Repository/Mobile/Page/Login/Button - Login'

2021-12-07 09:03:29 - [TEST_STEP][PASSED] - delay(2): Delayed 2 second(s)

2021-12-07 09:03:31 - [MESSAGE][PASSED] - Delayed 2 second(s)

2021-12-07 09:03:31 - [MESSAGE][PASSED] - Call Test Case 'Test Cases/Mobile/Page/Login/Login' successfully

2021-12-07 09:03:31 - [MESSAGE][PASSED] - Call Test Case 'Test Cases/Mobile/Page/CheckLogin' successfully

2021-12-07 09:03:31 - [TEST_STEP][PASSED] - tap(findTestObject("Object Repository/Mobile/Page/Home/Menubar - Analysis"), 0): Tapped on element 'Object Repository/Mobile/Page/Home/Menubar - Analysis'

2021-12-07 09:03:31 - [MESSAGE][WARNING] - Timeout '0' is invalid. Using default page load timeout: '60'

2021-12-07 09:03:33 - [MESSAGE][PASSED] - Tapped on element 'Object Repository/Mobile/Page/Home/Menubar - Analysis'

2021-12-07 09:03:33 - [TEST_STEP][PASSED] - delay(1): Delayed 1 second(s)

2021-12-07 09:03:34 - [MESSAGE][PASSED] - Delayed 1 second(s)

2021-12-07 09:03:34 - [TEST_STEP][PASSED] - for ([i = 0, i < 1, (i++)]): Press back button successfully

2021-12-07 09:03:34 - [TEST_STEP][PASSED] - if (action == "technicalsearch"): null

2021-12-07 09:03:34 - [TEST_STEP][PASSED] - else if (action == "technicaldetail"): null

2021-12-07 09:03:34 - [TEST_STEP][PASSED] - else if (action == "researchdetail"): Press back button successfully

2021-12-07 09:03:34 - [TEST_STEP][PASSED] - tap(findTestObject("Object Repository/Mobile/Page/Analysis/Tab - Research Report"), 0): Tapped on element 'Object Repository/Mobile/Page/Analysis/Tab - Research Report'

2021-12-07 09:03:34 - [MESSAGE][WARNING] - Timeout '0' is invalid. Using default page load timeout: '60'

2021-12-07 09:03:36 - [MESSAGE][PASSED] - Tapped on element 'Object Repository/Mobile/Page/Analysis/Tab - Research Report'

2021-12-07 09:03:36 - [TEST_STEP][PASSED] - delay(1): Delayed 1 second(s)

2021-12-07 09:03:37 - [MESSAGE][PASSED] - Delayed 1 second(s)

2021-12-07 09:03:37 - [TEST_STEP][PASSED] - tapAndHold(findTestObject("Object Repository/Mobile/Page/Analysis/Item - Top Search"), 1, 0): Tapped and held on element 'Object Repository/Mobile/Page/Analysis/Item - Top Search' with duration 1

2021-12-07 09:03:37 - [MESSAGE][WARNING] - Timeout '0' is invalid. Using default page load timeout: '60'

2021-12-07 09:03:40 - [MESSAGE][PASSED] - Tapped and held on element 'Object Repository/Mobile/Page/Analysis/Item - Top Search' with duration 1

2021-12-07 09:03:40 - [TEST_STEP][PASSED] - delay(3): Delayed 3 second(s)

2021-12-07 09:03:43 - [MESSAGE][PASSED] - Delayed 3 second(s)

2021-12-07 09:03:43 - [TEST_STEP][PASSED] - tap(findTestObject("Object Repository/Mobile/Page/Analysis/Button - Open With Just Once"), 0): Tapped on element 'Object Repository/Mobile/Page/Analysis/Button - Open With Just Once'

2021-12-07 09:03:43 - [MESSAGE][WARNING] - Timeout '0' is invalid. Using default page load timeout: '60'

2021-12-07 09:03:44 - [MESSAGE][PASSED] - Tapped on element 'Object Repository/Mobile/Page/Analysis/Button - Open With Just Once'

2021-12-07 09:03:44 - [TEST_STEP][PASSED] - delay(3): Delayed 3 second(s)

2021-12-07 09:03:47 - [MESSAGE][PASSED] - Delayed 3 second(s)

2021-12-07 09:03:47 - [TEST_STEP][PASSED] - pressBack(): Press back button successfully

2021-12-07 09:03:47 - [MESSAGE][PASSED] - Press back button successfully

2021-12-07 09:03:47 - [MESSAGE][PASSED] - Call Test Case 'Test Cases/Mobile/Page/Analysis/Analysis' successfully

2021-12-07 09:03:47 - [TEST_STEP][PASSED] - callTestCase(findTestCase("Mobile/Page/Run App/Terminate App"), [:], STOP_ON_FAILURE): Call Test Case 'Test Cases/Mobile/Page/Run App/Terminate App' successfully

2021-12-07 09:03:47 - [TEST_CASE][PASSED] - Test Cases/Mobile/Page/Run App/Terminate App: Test Cases/Mobile/Page/Run App/Terminate App

2021-12-07 09:03:47 - [TEST_STEP][PASSED] - startApp.OpenApp.terminateApplication(): startApp.OpenApp.terminateApplication is PASSED

2021-12-07 09:03:51 - [MESSAGE][PASSED] - Delayed 3 second(s)

2021-12-07 09:03:51 - [MESSAGE][PASSED] - Current device physical width is 720

2021-12-07 09:03:51 - [MESSAGE][PASSED] - Current device physical height is 1423

2021-12-07 09:03:53 - [MESSAGE][PASSED] - Swiped from 360,853 to 360,142

2021-12-07 09:03:54 - [MESSAGE][PASSED] - Delayed 1 second(s)

2021-12-07 09:03:55 - [MESSAGE][PASSED] - Swiped from 360,853 to 360,142

2021-12-07 09:03:58 - [MESSAGE][PASSED] - Delayed 3 second(s)

2021-12-07 09:03:58 - [MESSAGE][PASSED] - startApp.OpenApp.terminateApplication is PASSED

2021-12-07 09:03:58 - [MESSAGE][PASSED] - Call Test Case 'Test Cases/Mobile/Page/Run App/Terminate App' successfully]]></system-out>
         <system-err><![CDATA[]]></system-err>
      </testcase>
      <testcase name="Test Cases/Mobile/Scenario/Analysis/004 - User mencari research report" time="71.629" classname="Test Cases/Mobile/Scenario/Analysis/004 - User mencari research report" status="PASSED">
         <system-out><![CDATA[2021-12-07 09:03:58 - [TEST_CASE][PASSED] - Test Cases/Mobile/Scenario/Analysis/004 - User mencari research report: Test Cases/Mobile/Scenario/Analysis/004 - User mencari research report

2021-12-07 09:03:58 - [TEST_STEP][PASSED] - callTestCase(findTestCase("Mobile/Page/Run App/Run App byID"), [:], STOP_ON_FAILURE): Call Test Case 'Test Cases/Mobile/Page/Run App/Run App byID' successfully

2021-12-07 09:03:58 - [TEST_CASE][PASSED] - Test Cases/Mobile/Page/Run App/Run App byID: Test Cases/Mobile/Page/Run App/Run App byID

2021-12-07 09:03:58 - [TEST_STEP][PASSED] - startApp.OpenApp.startApplication("id.co.miraeasset.sageclub"): startApp.OpenApp.startApplication is PASSED

2021-12-07 09:04:10 - [MESSAGE][PASSED] - Starting app with application ID: 'id.co.miraeasset.sageclub'

2021-12-07 09:04:10 - [MESSAGE][PASSED] - startApp.OpenApp.startApplication is PASSED

2021-12-07 09:04:10 - [MESSAGE][PASSED] - Call Test Case 'Test Cases/Mobile/Page/Run App/Run App byID' successfully

2021-12-07 09:04:10 - [TEST_STEP][PASSED] - callTestCase(findTestCase("Mobile/Page/Analysis/Analysis"), ["action":"researchsearch"], CONTINUE_ON_FAILURE): Call Test Case 'Test Cases/Mobile/Page/Analysis/Analysis' successfully

2021-12-07 09:04:10 - [TEST_CASE][PASSED] - Test Cases/Mobile/Page/Analysis/Analysis: Test Cases/Mobile/Page/Analysis/Analysis

2021-12-07 09:04:10 - [TEST_STEP][PASSED] - callTestCase(findTestCase("Mobile/Page/CheckLogin"), [:], CONTINUE_ON_FAILURE): Call Test Case 'Test Cases/Mobile/Page/CheckLogin' successfully

2021-12-07 09:04:10 - [TEST_CASE][PASSED] - Test Cases/Mobile/Page/CheckLogin: Test Cases/Mobile/Page/CheckLogin

2021-12-07 09:04:10 - [TEST_STEP][PASSED] - loginCheck = verifyElementExist(findTestObject("Mobile/Page/Login/Button - Login"), 2, CONTINUE_ON_FAILURE): Element 'Object Repository/Mobile/Page/Login/Button - Login' is exist

2021-12-07 09:04:12 - [MESSAGE][PASSED] - Element 'Object Repository/Mobile/Page/Login/Button - Login' is exist

2021-12-07 09:04:12 - [TEST_STEP][PASSED] - if (loginCheck): Call Test Case 'Test Cases/Mobile/Page/Login/Login' successfully

2021-12-07 09:04:12 - [TEST_STEP][PASSED] - callTestCase(findTestCase("Mobile/Page/Login/Login"), [:], CONTINUE_ON_FAILURE): Call Test Case 'Test Cases/Mobile/Page/Login/Login' successfully

2021-12-07 09:04:12 - [TEST_CASE][PASSED] - Test Cases/Mobile/Page/Login/Login: Test Cases/Mobile/Page/Login/Login

2021-12-07 09:04:12 - [TEST_STEP][PASSED] - delay(2): Delayed 2 second(s)

2021-12-07 09:04:14 - [MESSAGE][PASSED] - Delayed 2 second(s)

2021-12-07 09:04:14 - [TEST_STEP][PASSED] - tap(findTestObject("Mobile/Page/Login/Input - UserID"), 0): Tapped on element 'Object Repository/Mobile/Page/Login/Input - UserID'

2021-12-07 09:04:14 - [MESSAGE][WARNING] - Timeout '0' is invalid. Using default page load timeout: '60'

2021-12-07 09:04:15 - [MESSAGE][PASSED] - Tapped on element 'Object Repository/Mobile/Page/Login/Input - UserID'

2021-12-07 09:04:15 - [TEST_STEP][PASSED] - delay(1): Delayed 1 second(s)

2021-12-07 09:04:16 - [MESSAGE][PASSED] - Delayed 1 second(s)

2021-12-07 09:04:16 - [TEST_STEP][PASSED] - setText(findTestObject("Mobile/Page/Login/Input Rdy - UserID"), "anggaaditya", 0): Text 'anggaaditya' has been set to element 'Object Repository/Mobile/Page/Login/Input Rdy - UserID'

2021-12-07 09:04:16 - [MESSAGE][WARNING] - Timeout '0' is invalid. Using default page load timeout: '60'

2021-12-07 09:04:16 - [MESSAGE][PASSED] - Text 'anggaaditya' has been set to element 'Object Repository/Mobile/Page/Login/Input Rdy - UserID'

2021-12-07 09:04:16 - [TEST_STEP][PASSED] - delay(1): Delayed 1 second(s)

2021-12-07 09:04:17 - [MESSAGE][PASSED] - Delayed 1 second(s)

2021-12-07 09:04:17 - [TEST_STEP][PASSED] - hideKeyboard(): Keyboard is hidden

2021-12-07 09:04:21 - [MESSAGE][PASSED] - Keyboard is hidden

2021-12-07 09:04:21 - [TEST_STEP][PASSED] - tap(findTestObject("Mobile/Page/Login/Input - Password"), 0): Tapped on element 'Object Repository/Mobile/Page/Login/Input - Password'

2021-12-07 09:04:21 - [MESSAGE][WARNING] - Timeout '0' is invalid. Using default page load timeout: '60'

2021-12-07 09:04:22 - [MESSAGE][PASSED] - Tapped on element 'Object Repository/Mobile/Page/Login/Input - Password'

2021-12-07 09:04:22 - [TEST_STEP][PASSED] - delay(1): Delayed 1 second(s)

2021-12-07 09:04:23 - [MESSAGE][PASSED] - Delayed 1 second(s)

2021-12-07 09:04:23 - [TEST_STEP][PASSED] - setText(findTestObject("Mobile/Page/Login/Input Rdy - Password"), "Shalawa18", 0): Text 'Shalawa18' has been set to element 'Object Repository/Mobile/Page/Login/Input Rdy - Password'

2021-12-07 09:04:23 - [MESSAGE][WARNING] - Timeout '0' is invalid. Using default page load timeout: '60'

2021-12-07 09:04:23 - [MESSAGE][PASSED] - Text 'Shalawa18' has been set to element 'Object Repository/Mobile/Page/Login/Input Rdy - Password'

2021-12-07 09:04:23 - [TEST_STEP][PASSED] - delay(1): Delayed 1 second(s)

2021-12-07 09:04:24 - [MESSAGE][PASSED] - Delayed 1 second(s)

2021-12-07 09:04:24 - [TEST_STEP][PASSED] - hideKeyboard(): Keyboard is hidden

2021-12-07 09:04:31 - [MESSAGE][PASSED] - Keyboard is hidden

2021-12-07 09:04:31 - [TEST_STEP][PASSED] - tap(findTestObject("Mobile/Page/Login/Button - Login"), 0): Tapped on element 'Object Repository/Mobile/Page/Login/Button - Login'

2021-12-07 09:04:31 - [MESSAGE][WARNING] - Timeout '0' is invalid. Using default page load timeout: '60'

2021-12-07 09:04:31 - [MESSAGE][PASSED] - Tapped on element 'Object Repository/Mobile/Page/Login/Button - Login'

2021-12-07 09:04:31 - [TEST_STEP][PASSED] - delay(2): Delayed 2 second(s)

2021-12-07 09:04:33 - [MESSAGE][PASSED] - Delayed 2 second(s)

2021-12-07 09:04:33 - [MESSAGE][PASSED] - Call Test Case 'Test Cases/Mobile/Page/Login/Login' successfully

2021-12-07 09:04:33 - [MESSAGE][PASSED] - Call Test Case 'Test Cases/Mobile/Page/CheckLogin' successfully

2021-12-07 09:04:33 - [TEST_STEP][PASSED] - tap(findTestObject("Object Repository/Mobile/Page/Home/Menubar - Analysis"), 0): Tapped on element 'Object Repository/Mobile/Page/Home/Menubar - Analysis'

2021-12-07 09:04:33 - [MESSAGE][WARNING] - Timeout '0' is invalid. Using default page load timeout: '60'

2021-12-07 09:04:35 - [MESSAGE][PASSED] - Tapped on element 'Object Repository/Mobile/Page/Home/Menubar - Analysis'

2021-12-07 09:04:35 - [TEST_STEP][PASSED] - delay(1): Delayed 1 second(s)

2021-12-07 09:04:36 - [MESSAGE][PASSED] - Delayed 1 second(s)

2021-12-07 09:04:36 - [TEST_STEP][PASSED] - for ([i = 0, i < 1, (i++)]): Press back button successfully

2021-12-07 09:04:36 - [TEST_STEP][PASSED] - if (action == "technicalsearch"): null

2021-12-07 09:04:36 - [TEST_STEP][PASSED] - else if (action == "technicaldetail"): null

2021-12-07 09:04:36 - [TEST_STEP][PASSED] - else if (action == "researchdetail"): null

2021-12-07 09:04:36 - [TEST_STEP][PASSED] - else if (action == "researchsearch"): Press back button successfully

2021-12-07 09:04:36 - [TEST_STEP][PASSED] - tap(findTestObject("Object Repository/Mobile/Page/Analysis/Tab - Research Report"), 0): Tapped on element 'Object Repository/Mobile/Page/Analysis/Tab - Research Report'

2021-12-07 09:04:36 - [MESSAGE][WARNING] - Timeout '0' is invalid. Using default page load timeout: '60'

2021-12-07 09:04:37 - [MESSAGE][PASSED] - Tapped on element 'Object Repository/Mobile/Page/Analysis/Tab - Research Report'

2021-12-07 09:04:37 - [TEST_STEP][PASSED] - delay(1): Delayed 1 second(s)

2021-12-07 09:04:38 - [MESSAGE][PASSED] - Delayed 1 second(s)

2021-12-07 09:04:38 - [TEST_STEP][PASSED] - tap(findTestObject("Object Repository/Mobile/Page/Analysis/Input - Search"), 0): Tapped on element 'Object Repository/Mobile/Page/Analysis/Input - Search'

2021-12-07 09:04:38 - [MESSAGE][WARNING] - Timeout '0' is invalid. Using default page load timeout: '60'

2021-12-07 09:04:39 - [MESSAGE][PASSED] - Tapped on element 'Object Repository/Mobile/Page/Analysis/Input - Search'

2021-12-07 09:04:39 - [TEST_STEP][PASSED] - delay(1): Delayed 1 second(s)

2021-12-07 09:04:40 - [MESSAGE][PASSED] - Delayed 1 second(s)

2021-12-07 09:04:40 - [TEST_STEP][PASSED] - setText(findTestObject("Object Repository/Mobile/Page/Analysis/Input - Search"), "surya", 0): Text 'surya' has been set to element 'Object Repository/Mobile/Page/Analysis/Input - Search'

2021-12-07 09:04:40 - [MESSAGE][WARNING] - Timeout '0' is invalid. Using default page load timeout: '60'

2021-12-07 09:04:41 - [MESSAGE][PASSED] - Text 'surya' has been set to element 'Object Repository/Mobile/Page/Analysis/Input - Search'

2021-12-07 09:04:41 - [TEST_STEP][PASSED] - hideKeyboard(): Keyboard is hidden

2021-12-07 09:04:49 - [MESSAGE][PASSED] - Keyboard is hidden

2021-12-07 09:04:49 - [TEST_STEP][PASSED] - tapAndHold(findTestObject("Object Repository/Mobile/Page/Analysis/Item - Top Search"), 1, 0): Tapped and held on element 'Object Repository/Mobile/Page/Analysis/Item - Top Search' with duration 1

2021-12-07 09:04:49 - [MESSAGE][WARNING] - Timeout '0' is invalid. Using default page load timeout: '60'

2021-12-07 09:04:51 - [MESSAGE][PASSED] - Tapped and held on element 'Object Repository/Mobile/Page/Analysis/Item - Top Search' with duration 1

2021-12-07 09:04:51 - [TEST_STEP][PASSED] - delay(3): Delayed 3 second(s)

2021-12-07 09:04:54 - [MESSAGE][PASSED] - Delayed 3 second(s)

2021-12-07 09:04:54 - [TEST_STEP][PASSED] - tap(findTestObject("Object Repository/Mobile/Page/Analysis/Button - Open With Just Once"), 0): Tapped on element 'Object Repository/Mobile/Page/Analysis/Button - Open With Just Once'

2021-12-07 09:04:55 - [MESSAGE][WARNING] - Timeout '0' is invalid. Using default page load timeout: '60'

2021-12-07 09:04:55 - [MESSAGE][PASSED] - Tapped on element 'Object Repository/Mobile/Page/Analysis/Button - Open With Just Once'

2021-12-07 09:04:55 - [TEST_STEP][PASSED] - delay(3): Delayed 3 second(s)

2021-12-07 09:04:58 - [MESSAGE][PASSED] - Delayed 3 second(s)

2021-12-07 09:04:58 - [TEST_STEP][PASSED] - pressBack(): Press back button successfully

2021-12-07 09:04:59 - [MESSAGE][PASSED] - Press back button successfully

2021-12-07 09:04:59 - [MESSAGE][PASSED] - Call Test Case 'Test Cases/Mobile/Page/Analysis/Analysis' successfully

2021-12-07 09:04:59 - [TEST_STEP][PASSED] - callTestCase(findTestCase("Mobile/Page/Run App/Terminate App"), [:], STOP_ON_FAILURE): Call Test Case 'Test Cases/Mobile/Page/Run App/Terminate App' successfully

2021-12-07 09:04:59 - [TEST_CASE][PASSED] - Test Cases/Mobile/Page/Run App/Terminate App: Test Cases/Mobile/Page/Run App/Terminate App

2021-12-07 09:04:59 - [TEST_STEP][PASSED] - startApp.OpenApp.terminateApplication(): startApp.OpenApp.terminateApplication is PASSED

2021-12-07 09:05:02 - [MESSAGE][PASSED] - Delayed 3 second(s)

2021-12-07 09:05:03 - [MESSAGE][PASSED] - Current device physical width is 720

2021-12-07 09:05:03 - [MESSAGE][PASSED] - Current device physical height is 1423

2021-12-07 09:05:04 - [MESSAGE][PASSED] - Swiped from 360,853 to 360,142

2021-12-07 09:05:05 - [MESSAGE][PASSED] - Delayed 1 second(s)

2021-12-07 09:05:07 - [MESSAGE][PASSED] - Swiped from 360,853 to 360,142

2021-12-07 09:05:10 - [MESSAGE][PASSED] - Delayed 3 second(s)

2021-12-07 09:05:10 - [MESSAGE][PASSED] - startApp.OpenApp.terminateApplication is PASSED

2021-12-07 09:05:10 - [MESSAGE][PASSED] - Call Test Case 'Test Cases/Mobile/Page/Run App/Terminate App' successfully]]></system-out>
         <system-err><![CDATA[]]></system-err>
      </testcase>
      <system-out><![CDATA[2021-12-07 09:00:36 - [TEST_SUITE][PASSED] - analysis: Test Cases/Mobile/Scenario/Analysis/004 - User mencari research report]]></system-out>
      <system-err><![CDATA[]]></system-err>
   </testsuite>
</testsuites>
