<?xml version="1.0" encoding="UTF-8"?>
<testsuites name="news" time="381.925" tests="5" failures="0" skips="0" errors="0">
   <testsuite name="news" tests="5" failures="0" errors="0" time="381.925" skips="0" timestamp="2021-12-03 10:04:38" hostname="Owner - aldy-tft" id="Test Suites/news">
      <properties>
         <property name="deviceName" value="samsung SM-A205F (Android 11)"/>
         <property name="devicePlatform" value=""/>
         <property name="logFolder" value="C:\\Users\\Owner\\Documents\\kerjaan\\KatalonProject\\qa-katalon-maxfund2\\Reports\\20211203_100431\\news\\20211203_100431"/>
         <property name="logFiles" value="C:\\Users\\Owner\\Documents\\kerjaan\\KatalonProject\\qa-katalon-maxfund2\\Reports\\20211203_100431\\news\\20211203_100431\\appium.log, C:\\Users\\Owner\\Documents\\kerjaan\\KatalonProject\\qa-katalon-maxfund2\\Reports\\20211203_100431\\news\\20211203_100431\\execution0.log"/>
         <property name="attachments" value="C:\\Users\\Owner\\Documents\\kerjaan\\KatalonProject\\qa-katalon-maxfund2\\Reports\\20211203_100431\\news\\20211203_100431\\1638500924325.png, C:\\Users\\Owner\\Documents\\kerjaan\\KatalonProject\\qa-katalon-maxfund2\\Reports\\20211203_100431\\news\\20211203_100431\\1638500925186.png"/>
         <property name="hostName" value="Owner - aldy-tft"/>
         <property name="os" value="Windows 10 64bit"/>
         <property name="appiumServerStatus" value="{&quot;value&quot;:{&quot;build&quot;:{&quot;version&quot;:&quot;1.22.0&quot;}},&quot;sessionId&quot;:null,&quot;status&quot;:0}"/>
         <property name="katalonVersion" value="7.9.1.208"/>
         <property name="deviceOS" value="Android"/>
         <property name="appiumVersion" value="1.22.0"/>
         <property name="deviceModel" value="SM-A205F"/>
         <property name="hostAddress" value="192.168.18.37"/>
         <property name="deviceManufacturer" value="samsung"/>
         <property name="deviceId" value="RR8M40C9AXE"/>
         <property name="deviceName" value="samsung SM-A205F (Android 11)"/>
         <property name="deviceOSVersion" value="11"/>
      </properties>
      <testcase name="Test Cases/Mobile/Scenario/News/001 - News World Indices" time="79.615" classname="Test Cases/Mobile/Scenario/News/001 - News World Indices" status="PASSED">
         <system-out><![CDATA[2021-12-03 10:04:38 - [TEST_CASE][PASSED] - Test Cases/Mobile/Scenario/News/001 - News World Indices: Test Cases/Mobile/Scenario/News/001 - News World Indices

2021-12-03 10:04:39 - [TEST_STEP][PASSED] - callTestCase(findTestCase("Mobile/Page/Run App/Run App byID"), [:], STOP_ON_FAILURE): Call Test Case 'Test Cases/Mobile/Page/Run App/Run App byID' successfully

2021-12-03 10:04:39 - [TEST_CASE][PASSED] - Test Cases/Mobile/Page/Run App/Run App byID: Test Cases/Mobile/Page/Run App/Run App byID

2021-12-03 10:04:39 - [TEST_STEP][PASSED] - startApp.OpenApp.startApplication("id.co.miraeasset.sageclub"): startApp.OpenApp.startApplication is PASSED

2021-12-03 10:04:41 - [MESSAGE][INFO] - Appium server started on port 62,485

2021-12-03 10:04:58 - [MESSAGE][PASSED] - Starting app with application ID: 'id.co.miraeasset.sageclub'

2021-12-03 10:04:58 - [MESSAGE][PASSED] - startApp.OpenApp.startApplication is PASSED

2021-12-03 10:04:58 - [MESSAGE][PASSED] - Call Test Case 'Test Cases/Mobile/Page/Run App/Run App byID' successfully

2021-12-03 10:04:58 - [TEST_STEP][PASSED] - callTestCase(findTestCase("Mobile/Page/News/News"), ["tab":"worldindices"], CONTINUE_ON_FAILURE): Call Test Case 'Test Cases/Mobile/Page/News/News' successfully

2021-12-03 10:04:58 - [TEST_CASE][PASSED] - Test Cases/Mobile/Page/News/News: Test Cases/Mobile/Page/News/News

2021-12-03 10:04:59 - [TEST_STEP][PASSED] - loginCheck = verifyElementExist(findTestObject("Object Repository/Mobile/Page/Login/Button - Login"), 2, CONTINUE_ON_FAILURE): Element 'Object Repository/Mobile/Page/Login/Button - Login' is exist

2021-12-03 10:05:01 - [MESSAGE][PASSED] - Element 'Object Repository/Mobile/Page/Login/Button - Login' is exist

2021-12-03 10:05:01 - [TEST_STEP][PASSED] - if (loginCheck): Call Test Case 'Test Cases/Mobile/Page/Login/Login' successfully

2021-12-03 10:05:01 - [TEST_STEP][PASSED] - callTestCase(findTestCase("Mobile/Page/Login/Login"), [:], CONTINUE_ON_FAILURE): Call Test Case 'Test Cases/Mobile/Page/Login/Login' successfully

2021-12-03 10:05:01 - [TEST_CASE][PASSED] - Test Cases/Mobile/Page/Login/Login: Test Cases/Mobile/Page/Login/Login

2021-12-03 10:05:02 - [TEST_STEP][PASSED] - delay(2): Delayed 2 second(s)

2021-12-03 10:05:04 - [MESSAGE][PASSED] - Delayed 2 second(s)

2021-12-03 10:05:04 - [TEST_STEP][PASSED] - tap(findTestObject("Object Repository/Mobile/Page/Login/Input - UserID"), 0): Tapped on element 'Object Repository/Mobile/Page/Login/Input - UserID'

2021-12-03 10:05:04 - [MESSAGE][WARNING] - Timeout '0' is invalid. Using default page load timeout: '60'

2021-12-03 10:05:04 - [MESSAGE][PASSED] - Tapped on element 'Object Repository/Mobile/Page/Login/Input - UserID'

2021-12-03 10:05:04 - [TEST_STEP][PASSED] - delay(1): Delayed 1 second(s)

2021-12-03 10:05:05 - [MESSAGE][PASSED] - Delayed 1 second(s)

2021-12-03 10:05:05 - [TEST_STEP][PASSED] - setText(findTestObject("Object Repository/Mobile/Page/Login/Input Rdy - UserID"), "anggaaditya", 0): Text 'anggaaditya' has been set to element 'Object Repository/Mobile/Page/Login/Input Rdy - UserID'

2021-12-03 10:05:05 - [MESSAGE][WARNING] - Timeout '0' is invalid. Using default page load timeout: '60'

2021-12-03 10:05:07 - [MESSAGE][PASSED] - Text 'anggaaditya' has been set to element 'Object Repository/Mobile/Page/Login/Input Rdy - UserID'

2021-12-03 10:05:07 - [TEST_STEP][PASSED] - delay(1): Delayed 1 second(s)

2021-12-03 10:05:08 - [MESSAGE][PASSED] - Delayed 1 second(s)

2021-12-03 10:05:08 - [TEST_STEP][PASSED] - hideKeyboard(): Keyboard is hidden

2021-12-03 10:05:14 - [MESSAGE][PASSED] - Keyboard is hidden

2021-12-03 10:05:14 - [TEST_STEP][PASSED] - tap(findTestObject("Object Repository/Mobile/Page/Login/Input - Password"), 0): Tapped on element 'Object Repository/Mobile/Page/Login/Input - Password'

2021-12-03 10:05:14 - [MESSAGE][WARNING] - Timeout '0' is invalid. Using default page load timeout: '60'

2021-12-03 10:05:15 - [MESSAGE][PASSED] - Tapped on element 'Object Repository/Mobile/Page/Login/Input - Password'

2021-12-03 10:05:15 - [TEST_STEP][PASSED] - delay(1): Delayed 1 second(s)

2021-12-03 10:05:16 - [MESSAGE][PASSED] - Delayed 1 second(s)

2021-12-03 10:05:16 - [TEST_STEP][PASSED] - setText(findTestObject("Object Repository/Mobile/Page/Login/Input Rdy - Password"), "Shalawa18", 0): Text 'Shalawa18' has been set to element 'Object Repository/Mobile/Page/Login/Input Rdy - Password'

2021-12-03 10:05:16 - [MESSAGE][WARNING] - Timeout '0' is invalid. Using default page load timeout: '60'

2021-12-03 10:05:17 - [MESSAGE][PASSED] - Text 'Shalawa18' has been set to element 'Object Repository/Mobile/Page/Login/Input Rdy - Password'

2021-12-03 10:05:17 - [TEST_STEP][PASSED] - delay(1): Delayed 1 second(s)

2021-12-03 10:05:18 - [MESSAGE][PASSED] - Delayed 1 second(s)

2021-12-03 10:05:18 - [TEST_STEP][PASSED] - hideKeyboard(): Keyboard is hidden

2021-12-03 10:05:25 - [MESSAGE][PASSED] - Keyboard is hidden

2021-12-03 10:05:25 - [TEST_STEP][PASSED] - tap(findTestObject("Object Repository/Mobile/Page/Login/Button - Login"), 0): Tapped on element 'Object Repository/Mobile/Page/Login/Button - Login'

2021-12-03 10:05:25 - [MESSAGE][WARNING] - Timeout '0' is invalid. Using default page load timeout: '60'

2021-12-03 10:05:25 - [MESSAGE][PASSED] - Tapped on element 'Object Repository/Mobile/Page/Login/Button - Login'

2021-12-03 10:05:25 - [TEST_STEP][PASSED] - delay(2): Delayed 2 second(s)

2021-12-03 10:05:27 - [MESSAGE][PASSED] - Delayed 2 second(s)

2021-12-03 10:05:27 - [MESSAGE][PASSED] - Call Test Case 'Test Cases/Mobile/Page/Login/Login' successfully

2021-12-03 10:05:27 - [TEST_STEP][PASSED] - tap(findTestObject("Object Repository/Mobile/Page/Home/Menubar - News"), 0): Tapped on element 'Object Repository/Mobile/Page/Home/Menubar - News'

2021-12-03 10:05:27 - [MESSAGE][WARNING] - Timeout '0' is invalid. Using default page load timeout: '60'

2021-12-03 10:05:28 - [MESSAGE][PASSED] - Tapped on element 'Object Repository/Mobile/Page/Home/Menubar - News'

2021-12-03 10:05:28 - [TEST_STEP][PASSED] - delay(1): Delayed 1 second(s)

2021-12-03 10:05:29 - [MESSAGE][PASSED] - Delayed 1 second(s)

2021-12-03 10:05:29 - [TEST_STEP][PASSED] - for ([i = 0, i < 1, (i++)]): null

2021-12-03 10:05:29 - [TEST_STEP][PASSED] - if (tab == "macronews"): null

2021-12-03 10:05:29 - [TEST_STEP][PASSED] - else if (tab == "stocknews"): null

2021-12-03 10:05:29 - [TEST_STEP][PASSED] - else if (tab == "fundnews"): null

2021-12-03 10:05:29 - [TEST_STEP][PASSED] - else if (tab == "bondnews"): null

2021-12-03 10:05:29 - [TEST_STEP][PASSED] - else if (tab == "worldindices"): Delayed 3 second(s)

2021-12-03 10:05:29 - [TEST_STEP][PASSED] - scroll.scroll.scrollScreenRightToLeft(findTestObject("Object Repository/Mobile/Page/News/Tab - Macro News")): scroll.scroll.scrollScreenRightToLeft is PASSED

2021-12-03 10:05:30 - [MESSAGE][WARNING] - Timeout '0' is invalid. Using default page load timeout: '60'

2021-12-03 10:05:30 - [MESSAGE][PASSED] - Object 'Object Repository/Mobile/Page/News/Tab - Macro News' has left position '14'

2021-12-03 10:05:30 - [MESSAGE][WARNING] - Timeout '0' is invalid. Using default page load timeout: '60'

2021-12-03 10:05:30 - [MESSAGE][PASSED] - Object 'Object Repository/Mobile/Page/News/Tab - Macro News' has top position '262'

2021-12-03 10:05:30 - [MESSAGE][WARNING] - Timeout '0' is invalid. Using default page load timeout: '60'

2021-12-03 10:05:30 - [MESSAGE][PASSED] - Object 'Object Repository/Mobile/Page/News/Tab - Macro News' has width: '215'

2021-12-03 10:05:30 - [MESSAGE][WARNING] - Timeout '0' is invalid. Using default page load timeout: '60'

2021-12-03 10:05:30 - [MESSAGE][PASSED] - Object 'Object Repository/Mobile/Page/News/Tab - Macro News' has height: '84'

2021-12-03 10:05:31 - [MESSAGE][PASSED] - Current device physical width is 720

2021-12-03 10:05:32 - [MESSAGE][PASSED] - Swiped from 620,304 to 100,304

2021-12-03 10:05:32 - [MESSAGE][PASSED] - scroll.scroll.scrollScreenRightToLeft is PASSED

2021-12-03 10:05:32 - [TEST_STEP][PASSED] - delay(1): Delayed 1 second(s)

2021-12-03 10:05:33 - [MESSAGE][PASSED] - Delayed 1 second(s)

2021-12-03 10:05:33 - [TEST_STEP][PASSED] - tap(findTestObject("Object Repository/Mobile/Page/News/Tab - World Indices"), 0): Tapped on element 'Object Repository/Mobile/Page/News/Tab - World Indices'

2021-12-03 10:05:33 - [MESSAGE][WARNING] - Timeout '0' is invalid. Using default page load timeout: '60'

2021-12-03 10:05:34 - [MESSAGE][PASSED] - Tapped on element 'Object Repository/Mobile/Page/News/Tab - World Indices'

2021-12-03 10:05:34 - [TEST_STEP][PASSED] - delay(1): Delayed 1 second(s)

2021-12-03 10:05:35 - [MESSAGE][PASSED] - Delayed 1 second(s)

2021-12-03 10:05:35 - [TEST_STEP][PASSED] - tap(findTestObject("Object Repository/Mobile/Page/News/Button - Indices"), 0): Tapped on element 'Object Repository/Mobile/Page/News/Button - Indices'

2021-12-03 10:05:35 - [MESSAGE][WARNING] - Timeout '0' is invalid. Using default page load timeout: '60'

2021-12-03 10:05:36 - [MESSAGE][PASSED] - Tapped on element 'Object Repository/Mobile/Page/News/Button - Indices'

2021-12-03 10:05:36 - [TEST_STEP][PASSED] - delay(3): Delayed 3 second(s)

2021-12-03 10:05:39 - [MESSAGE][PASSED] - Delayed 3 second(s)

2021-12-03 10:05:39 - [TEST_STEP][PASSED] - tap(findTestObject("Object Repository/Mobile/Page/News/Button - Currencies"), 0): Tapped on element 'Object Repository/Mobile/Page/News/Button - Currencies'

2021-12-03 10:05:39 - [MESSAGE][WARNING] - Timeout '0' is invalid. Using default page load timeout: '60'

2021-12-03 10:05:39 - [MESSAGE][PASSED] - Tapped on element 'Object Repository/Mobile/Page/News/Button - Currencies'

2021-12-03 10:05:39 - [TEST_STEP][PASSED] - delay(3): Delayed 3 second(s)

2021-12-03 10:05:42 - [MESSAGE][PASSED] - Delayed 3 second(s)

2021-12-03 10:05:42 - [TEST_STEP][PASSED] - tap(findTestObject("Object Repository/Mobile/Page/News/Button - Commodites"), 0): Tapped on element 'Object Repository/Mobile/Page/News/Button - Commodites'

2021-12-03 10:05:42 - [MESSAGE][WARNING] - Timeout '0' is invalid. Using default page load timeout: '60'

2021-12-03 10:05:43 - [MESSAGE][PASSED] - Tapped on element 'Object Repository/Mobile/Page/News/Button - Commodites'

2021-12-03 10:05:43 - [TEST_STEP][PASSED] - delay(3): Delayed 3 second(s)

2021-12-03 10:05:46 - [MESSAGE][PASSED] - Delayed 3 second(s)

2021-12-03 10:05:46 - [TEST_STEP][PASSED] - delay(1): Delayed 1 second(s)

2021-12-03 10:05:47 - [MESSAGE][PASSED] - Delayed 1 second(s)

2021-12-03 10:05:47 - [TEST_STEP][PASSED] - if (tab != "worldindices"): null

2021-12-03 10:05:47 - [MESSAGE][PASSED] - Call Test Case 'Test Cases/Mobile/Page/News/News' successfully

2021-12-03 10:05:47 - [TEST_STEP][PASSED] - callTestCase(findTestCase("Mobile/Page/Run App/Terminate App"), [:], STOP_ON_FAILURE): Call Test Case 'Test Cases/Mobile/Page/Run App/Terminate App' successfully

2021-12-03 10:05:47 - [TEST_CASE][PASSED] - Test Cases/Mobile/Page/Run App/Terminate App: Test Cases/Mobile/Page/Run App/Terminate App

2021-12-03 10:05:48 - [TEST_STEP][PASSED] - startApp.OpenApp.terminateApplication(): startApp.OpenApp.terminateApplication is PASSED

2021-12-03 10:05:51 - [MESSAGE][PASSED] - Delayed 3 second(s)

2021-12-03 10:05:51 - [MESSAGE][PASSED] - Current device physical width is 720

2021-12-03 10:05:51 - [MESSAGE][PASSED] - Current device physical height is 1423

2021-12-03 10:05:53 - [MESSAGE][PASSED] - Swiped from 360,853 to 360,142

2021-12-03 10:05:54 - [MESSAGE][PASSED] - Delayed 1 second(s)

2021-12-03 10:05:55 - [MESSAGE][PASSED] - Swiped from 360,853 to 360,142

2021-12-03 10:05:58 - [MESSAGE][PASSED] - Delayed 3 second(s)

2021-12-03 10:05:58 - [MESSAGE][PASSED] - startApp.OpenApp.terminateApplication is PASSED

2021-12-03 10:05:58 - [MESSAGE][PASSED] - Call Test Case 'Test Cases/Mobile/Page/Run App/Terminate App' successfully]]></system-out>
         <system-err><![CDATA[]]></system-err>
      </testcase>
      <testcase name="Test Cases/Mobile/Scenario/News/002 - News Stock" time="62.318" classname="Test Cases/Mobile/Scenario/News/002 - News Stock" status="PASSED">
         <system-out><![CDATA[2021-12-03 10:05:58 - [TEST_CASE][PASSED] - Test Cases/Mobile/Scenario/News/002 - News Stock: Test Cases/Mobile/Scenario/News/002 - News Stock

2021-12-03 10:05:58 - [TEST_STEP][PASSED] - callTestCase(findTestCase("Mobile/Page/Run App/Run App byID"), [:], STOP_ON_FAILURE): Call Test Case 'Test Cases/Mobile/Page/Run App/Run App byID' successfully

2021-12-03 10:05:58 - [TEST_CASE][PASSED] - Test Cases/Mobile/Page/Run App/Run App byID: Test Cases/Mobile/Page/Run App/Run App byID

2021-12-03 10:05:58 - [TEST_STEP][PASSED] - startApp.OpenApp.startApplication("id.co.miraeasset.sageclub"): startApp.OpenApp.startApplication is PASSED

2021-12-03 10:06:11 - [MESSAGE][PASSED] - Starting app with application ID: 'id.co.miraeasset.sageclub'

2021-12-03 10:06:11 - [MESSAGE][PASSED] - startApp.OpenApp.startApplication is PASSED

2021-12-03 10:06:11 - [MESSAGE][PASSED] - Call Test Case 'Test Cases/Mobile/Page/Run App/Run App byID' successfully

2021-12-03 10:06:11 - [TEST_STEP][PASSED] - callTestCase(findTestCase("Mobile/Page/News/News"), ["tab":"stocknews"], CONTINUE_ON_FAILURE): Call Test Case 'Test Cases/Mobile/Page/News/News' successfully

2021-12-03 10:06:11 - [TEST_CASE][PASSED] - Test Cases/Mobile/Page/News/News: Test Cases/Mobile/Page/News/News

2021-12-03 10:06:11 - [TEST_STEP][PASSED] - loginCheck = verifyElementExist(findTestObject("Object Repository/Mobile/Page/Login/Button - Login"), 2, CONTINUE_ON_FAILURE): Element 'Object Repository/Mobile/Page/Login/Button - Login' is exist

2021-12-03 10:06:13 - [MESSAGE][PASSED] - Element 'Object Repository/Mobile/Page/Login/Button - Login' is exist

2021-12-03 10:06:13 - [TEST_STEP][PASSED] - if (loginCheck): Call Test Case 'Test Cases/Mobile/Page/Login/Login' successfully

2021-12-03 10:06:13 - [TEST_STEP][PASSED] - callTestCase(findTestCase("Mobile/Page/Login/Login"), [:], CONTINUE_ON_FAILURE): Call Test Case 'Test Cases/Mobile/Page/Login/Login' successfully

2021-12-03 10:06:13 - [TEST_CASE][PASSED] - Test Cases/Mobile/Page/Login/Login: Test Cases/Mobile/Page/Login/Login

2021-12-03 10:06:13 - [TEST_STEP][PASSED] - delay(2): Delayed 2 second(s)

2021-12-03 10:06:15 - [MESSAGE][PASSED] - Delayed 2 second(s)

2021-12-03 10:06:15 - [TEST_STEP][PASSED] - tap(findTestObject("Object Repository/Mobile/Page/Login/Input - UserID"), 0): Tapped on element 'Object Repository/Mobile/Page/Login/Input - UserID'

2021-12-03 10:06:15 - [MESSAGE][WARNING] - Timeout '0' is invalid. Using default page load timeout: '60'

2021-12-03 10:06:15 - [MESSAGE][PASSED] - Tapped on element 'Object Repository/Mobile/Page/Login/Input - UserID'

2021-12-03 10:06:15 - [TEST_STEP][PASSED] - delay(1): Delayed 1 second(s)

2021-12-03 10:06:16 - [MESSAGE][PASSED] - Delayed 1 second(s)

2021-12-03 10:06:16 - [TEST_STEP][PASSED] - setText(findTestObject("Object Repository/Mobile/Page/Login/Input Rdy - UserID"), "anggaaditya", 0): Text 'anggaaditya' has been set to element 'Object Repository/Mobile/Page/Login/Input Rdy - UserID'

2021-12-03 10:06:16 - [MESSAGE][WARNING] - Timeout '0' is invalid. Using default page load timeout: '60'

2021-12-03 10:06:18 - [MESSAGE][PASSED] - Text 'anggaaditya' has been set to element 'Object Repository/Mobile/Page/Login/Input Rdy - UserID'

2021-12-03 10:06:18 - [TEST_STEP][PASSED] - delay(1): Delayed 1 second(s)

2021-12-03 10:06:19 - [MESSAGE][PASSED] - Delayed 1 second(s)

2021-12-03 10:06:19 - [TEST_STEP][PASSED] - hideKeyboard(): Keyboard is hidden

2021-12-03 10:06:24 - [MESSAGE][PASSED] - Keyboard is hidden

2021-12-03 10:06:24 - [TEST_STEP][PASSED] - tap(findTestObject("Object Repository/Mobile/Page/Login/Input - Password"), 0): Tapped on element 'Object Repository/Mobile/Page/Login/Input - Password'

2021-12-03 10:06:24 - [MESSAGE][WARNING] - Timeout '0' is invalid. Using default page load timeout: '60'

2021-12-03 10:06:24 - [MESSAGE][PASSED] - Tapped on element 'Object Repository/Mobile/Page/Login/Input - Password'

2021-12-03 10:06:24 - [TEST_STEP][PASSED] - delay(1): Delayed 1 second(s)

2021-12-03 10:06:25 - [MESSAGE][PASSED] - Delayed 1 second(s)

2021-12-03 10:06:25 - [TEST_STEP][PASSED] - setText(findTestObject("Object Repository/Mobile/Page/Login/Input Rdy - Password"), "Shalawa18", 0): Text 'Shalawa18' has been set to element 'Object Repository/Mobile/Page/Login/Input Rdy - Password'

2021-12-03 10:06:25 - [MESSAGE][WARNING] - Timeout '0' is invalid. Using default page load timeout: '60'

2021-12-03 10:06:26 - [MESSAGE][PASSED] - Text 'Shalawa18' has been set to element 'Object Repository/Mobile/Page/Login/Input Rdy - Password'

2021-12-03 10:06:26 - [TEST_STEP][PASSED] - delay(1): Delayed 1 second(s)

2021-12-03 10:06:27 - [MESSAGE][PASSED] - Delayed 1 second(s)

2021-12-03 10:06:27 - [TEST_STEP][PASSED] - hideKeyboard(): Keyboard is hidden

2021-12-03 10:06:34 - [MESSAGE][PASSED] - Keyboard is hidden

2021-12-03 10:06:34 - [TEST_STEP][PASSED] - tap(findTestObject("Object Repository/Mobile/Page/Login/Button - Login"), 0): Tapped on element 'Object Repository/Mobile/Page/Login/Button - Login'

2021-12-03 10:06:34 - [MESSAGE][WARNING] - Timeout '0' is invalid. Using default page load timeout: '60'

2021-12-03 10:06:35 - [MESSAGE][PASSED] - Tapped on element 'Object Repository/Mobile/Page/Login/Button - Login'

2021-12-03 10:06:35 - [TEST_STEP][PASSED] - delay(2): Delayed 2 second(s)

2021-12-03 10:06:37 - [MESSAGE][PASSED] - Delayed 2 second(s)

2021-12-03 10:06:37 - [MESSAGE][PASSED] - Call Test Case 'Test Cases/Mobile/Page/Login/Login' successfully

2021-12-03 10:06:37 - [TEST_STEP][PASSED] - tap(findTestObject("Object Repository/Mobile/Page/Home/Menubar - News"), 0): Tapped on element 'Object Repository/Mobile/Page/Home/Menubar - News'

2021-12-03 10:06:37 - [MESSAGE][WARNING] - Timeout '0' is invalid. Using default page load timeout: '60'

2021-12-03 10:06:37 - [MESSAGE][PASSED] - Tapped on element 'Object Repository/Mobile/Page/Home/Menubar - News'

2021-12-03 10:06:37 - [TEST_STEP][PASSED] - delay(1): Delayed 1 second(s)

2021-12-03 10:06:38 - [MESSAGE][PASSED] - Delayed 1 second(s)

2021-12-03 10:06:38 - [TEST_STEP][PASSED] - for ([i = 0, i < 1, (i++)]): Delayed 3 second(s)

2021-12-03 10:06:38 - [TEST_STEP][PASSED] - if (tab == "macronews"): null

2021-12-03 10:06:38 - [TEST_STEP][PASSED] - else if (tab == "stocknews"): Tapped on element 'Object Repository/Mobile/Page/News/Tab - Stock News'

2021-12-03 10:06:38 - [TEST_STEP][PASSED] - tap(findTestObject("Object Repository/Mobile/Page/News/Tab - Stock News"), 0): Tapped on element 'Object Repository/Mobile/Page/News/Tab - Stock News'

2021-12-03 10:06:38 - [MESSAGE][WARNING] - Timeout '0' is invalid. Using default page load timeout: '60'

2021-12-03 10:06:40 - [MESSAGE][PASSED] - Tapped on element 'Object Repository/Mobile/Page/News/Tab - Stock News'

2021-12-03 10:06:40 - [TEST_STEP][PASSED] - delay(1): Delayed 1 second(s)

2021-12-03 10:06:41 - [MESSAGE][PASSED] - Delayed 1 second(s)

2021-12-03 10:06:41 - [TEST_STEP][PASSED] - if (tab != "worldindices"): Delayed 3 second(s)

2021-12-03 10:06:41 - [TEST_STEP][PASSED] - try: Delayed 3 second(s)

2021-12-03 10:06:41 - [TEST_STEP][PASSED] - topnews = verifyElementExist(findTestObject("Object Repository/Mobile/Page/News/Item - Top News"), 0): Element 'Object Repository/Mobile/Page/News/Item - Top News' is exist

2021-12-03 10:06:41 - [MESSAGE][WARNING] - Timeout '0' is invalid. Using default page load timeout: '60'

2021-12-03 10:06:41 - [MESSAGE][PASSED] - Element 'Object Repository/Mobile/Page/News/Item - Top News' is exist

2021-12-03 10:06:41 - [TEST_STEP][PASSED] - if (topnews): Delayed 3 second(s)

2021-12-03 10:06:41 - [TEST_STEP][PASSED] - tapAndHold(findTestObject("Object Repository/Mobile/Page/News/Item - Top News"), 1, 0): Tapped and held on element 'Object Repository/Mobile/Page/News/Item - Top News' with duration 1

2021-12-03 10:06:41 - [MESSAGE][WARNING] - Timeout '0' is invalid. Using default page load timeout: '60'

2021-12-03 10:06:44 - [MESSAGE][PASSED] - Tapped and held on element 'Object Repository/Mobile/Page/News/Item - Top News' with duration 1

2021-12-03 10:06:44 - [TEST_STEP][PASSED] - delay(1): Delayed 1 second(s)

2021-12-03 10:06:45 - [MESSAGE][PASSED] - Delayed 1 second(s)

2021-12-03 10:06:45 - [TEST_STEP][PASSED] - scroll.scroll.scrollScreenBottomToTop(): scroll.scroll.scrollScreenBottomToTop is PASSED

2021-12-03 10:06:45 - [MESSAGE][PASSED] - Current device physical height is 1423

2021-12-03 10:06:46 - [MESSAGE][PASSED] - Current device physical width is 720

2021-12-03 10:06:47 - [MESSAGE][PASSED] - Swiped from 360,1,138 to 360,284

2021-12-03 10:06:47 - [MESSAGE][PASSED] - scroll.scroll.scrollScreenBottomToTop is PASSED

2021-12-03 10:06:47 - [TEST_STEP][PASSED] - delay(3): Delayed 3 second(s)

2021-12-03 10:06:50 - [MESSAGE][PASSED] - Delayed 3 second(s)

2021-12-03 10:06:50 - [MESSAGE][PASSED] - Call Test Case 'Test Cases/Mobile/Page/News/News' successfully

2021-12-03 10:06:50 - [TEST_STEP][PASSED] - callTestCase(findTestCase("Mobile/Page/Run App/Terminate App"), [:], STOP_ON_FAILURE): Call Test Case 'Test Cases/Mobile/Page/Run App/Terminate App' successfully

2021-12-03 10:06:50 - [TEST_CASE][PASSED] - Test Cases/Mobile/Page/Run App/Terminate App: Test Cases/Mobile/Page/Run App/Terminate App

2021-12-03 10:06:50 - [TEST_STEP][PASSED] - startApp.OpenApp.terminateApplication(): startApp.OpenApp.terminateApplication is PASSED

2021-12-03 10:06:53 - [MESSAGE][PASSED] - Delayed 3 second(s)

2021-12-03 10:06:53 - [MESSAGE][PASSED] - Current device physical width is 720

2021-12-03 10:06:54 - [MESSAGE][PASSED] - Current device physical height is 1423

2021-12-03 10:06:55 - [MESSAGE][PASSED] - Swiped from 360,853 to 360,142

2021-12-03 10:06:56 - [MESSAGE][PASSED] - Delayed 1 second(s)

2021-12-03 10:06:57 - [MESSAGE][PASSED] - Swiped from 360,853 to 360,142

2021-12-03 10:07:00 - [MESSAGE][PASSED] - Delayed 3 second(s)

2021-12-03 10:07:00 - [MESSAGE][PASSED] - startApp.OpenApp.terminateApplication is PASSED

2021-12-03 10:07:00 - [MESSAGE][PASSED] - Call Test Case 'Test Cases/Mobile/Page/Run App/Terminate App' successfully]]></system-out>
         <system-err><![CDATA[]]></system-err>
      </testcase>
      <testcase name="Test Cases/Mobile/Scenario/News/003 - News Fund" time="115.596" classname="Test Cases/Mobile/Scenario/News/003 - News Fund" status="PASSED">
         <system-out><![CDATA[2021-12-03 10:07:00 - [TEST_CASE][PASSED] - Test Cases/Mobile/Scenario/News/003 - News Fund: Test Cases/Mobile/Scenario/News/003 - News Fund

2021-12-03 10:07:01 - [TEST_STEP][PASSED] - callTestCase(findTestCase("Mobile/Page/Run App/Run App byID"), [:], STOP_ON_FAILURE): Call Test Case 'Test Cases/Mobile/Page/Run App/Run App byID' successfully

2021-12-03 10:07:01 - [TEST_CASE][PASSED] - Test Cases/Mobile/Page/Run App/Run App byID: Test Cases/Mobile/Page/Run App/Run App byID

2021-12-03 10:07:01 - [TEST_STEP][PASSED] - startApp.OpenApp.startApplication("id.co.miraeasset.sageclub"): startApp.OpenApp.startApplication is PASSED

2021-12-03 10:07:15 - [MESSAGE][PASSED] - Starting app with application ID: 'id.co.miraeasset.sageclub'

2021-12-03 10:07:15 - [MESSAGE][PASSED] - startApp.OpenApp.startApplication is PASSED

2021-12-03 10:07:15 - [MESSAGE][PASSED] - Call Test Case 'Test Cases/Mobile/Page/Run App/Run App byID' successfully

2021-12-03 10:07:15 - [TEST_STEP][PASSED] - callTestCase(findTestCase("Mobile/Page/News/News"), ["tab":"fundnews"], CONTINUE_ON_FAILURE): Call Test Case 'Test Cases/Mobile/Page/News/News' successfully

2021-12-03 10:07:15 - [TEST_CASE][PASSED] - Test Cases/Mobile/Page/News/News: Test Cases/Mobile/Page/News/News

2021-12-03 10:07:15 - [TEST_STEP][PASSED] - loginCheck = verifyElementExist(findTestObject("Object Repository/Mobile/Page/Login/Button - Login"), 2, CONTINUE_ON_FAILURE): Element 'Object Repository/Mobile/Page/Login/Button - Login' is exist

2021-12-03 10:07:17 - [MESSAGE][PASSED] - Element 'Object Repository/Mobile/Page/Login/Button - Login' is exist

2021-12-03 10:07:17 - [TEST_STEP][PASSED] - if (loginCheck): Call Test Case 'Test Cases/Mobile/Page/Login/Login' successfully

2021-12-03 10:07:17 - [TEST_STEP][PASSED] - callTestCase(findTestCase("Mobile/Page/Login/Login"), [:], CONTINUE_ON_FAILURE): Call Test Case 'Test Cases/Mobile/Page/Login/Login' successfully

2021-12-03 10:07:17 - [TEST_CASE][PASSED] - Test Cases/Mobile/Page/Login/Login: Test Cases/Mobile/Page/Login/Login

2021-12-03 10:07:17 - [TEST_STEP][PASSED] - delay(2): Delayed 2 second(s)

2021-12-03 10:07:19 - [MESSAGE][PASSED] - Delayed 2 second(s)

2021-12-03 10:07:19 - [TEST_STEP][PASSED] - tap(findTestObject("Object Repository/Mobile/Page/Login/Input - UserID"), 0): Tapped on element 'Object Repository/Mobile/Page/Login/Input - UserID'

2021-12-03 10:07:19 - [MESSAGE][WARNING] - Timeout '0' is invalid. Using default page load timeout: '60'

2021-12-03 10:07:20 - [MESSAGE][PASSED] - Tapped on element 'Object Repository/Mobile/Page/Login/Input - UserID'

2021-12-03 10:07:20 - [TEST_STEP][PASSED] - delay(1): Delayed 1 second(s)

2021-12-03 10:07:21 - [MESSAGE][PASSED] - Delayed 1 second(s)

2021-12-03 10:07:21 - [TEST_STEP][PASSED] - setText(findTestObject("Object Repository/Mobile/Page/Login/Input Rdy - UserID"), "anggaaditya", 0): Text 'anggaaditya' has been set to element 'Object Repository/Mobile/Page/Login/Input Rdy - UserID'

2021-12-03 10:07:21 - [MESSAGE][WARNING] - Timeout '0' is invalid. Using default page load timeout: '60'

2021-12-03 10:07:22 - [MESSAGE][PASSED] - Text 'anggaaditya' has been set to element 'Object Repository/Mobile/Page/Login/Input Rdy - UserID'

2021-12-03 10:07:22 - [TEST_STEP][PASSED] - delay(1): Delayed 1 second(s)

2021-12-03 10:07:23 - [MESSAGE][PASSED] - Delayed 1 second(s)

2021-12-03 10:07:23 - [TEST_STEP][PASSED] - hideKeyboard(): Keyboard is hidden

2021-12-03 10:07:27 - [MESSAGE][PASSED] - Keyboard is hidden

2021-12-03 10:07:27 - [TEST_STEP][PASSED] - tap(findTestObject("Object Repository/Mobile/Page/Login/Input - Password"), 0): Tapped on element 'Object Repository/Mobile/Page/Login/Input - Password'

2021-12-03 10:07:27 - [MESSAGE][WARNING] - Timeout '0' is invalid. Using default page load timeout: '60'

2021-12-03 10:07:27 - [MESSAGE][PASSED] - Tapped on element 'Object Repository/Mobile/Page/Login/Input - Password'

2021-12-03 10:07:27 - [TEST_STEP][PASSED] - delay(1): Delayed 1 second(s)

2021-12-03 10:07:28 - [MESSAGE][PASSED] - Delayed 1 second(s)

2021-12-03 10:07:28 - [TEST_STEP][PASSED] - setText(findTestObject("Object Repository/Mobile/Page/Login/Input Rdy - Password"), "Shalawa18", 0): Text 'Shalawa18' has been set to element 'Object Repository/Mobile/Page/Login/Input Rdy - Password'

2021-12-03 10:07:28 - [MESSAGE][WARNING] - Timeout '0' is invalid. Using default page load timeout: '60'

2021-12-03 10:07:29 - [MESSAGE][PASSED] - Text 'Shalawa18' has been set to element 'Object Repository/Mobile/Page/Login/Input Rdy - Password'

2021-12-03 10:07:29 - [TEST_STEP][PASSED] - delay(1): Delayed 1 second(s)

2021-12-03 10:07:30 - [MESSAGE][PASSED] - Delayed 1 second(s)

2021-12-03 10:07:30 - [TEST_STEP][PASSED] - hideKeyboard(): Keyboard is hidden

2021-12-03 10:07:37 - [MESSAGE][PASSED] - Keyboard is hidden

2021-12-03 10:07:37 - [TEST_STEP][PASSED] - tap(findTestObject("Object Repository/Mobile/Page/Login/Button - Login"), 0): Tapped on element 'Object Repository/Mobile/Page/Login/Button - Login'

2021-12-03 10:07:37 - [MESSAGE][WARNING] - Timeout '0' is invalid. Using default page load timeout: '60'

2021-12-03 10:07:37 - [MESSAGE][PASSED] - Tapped on element 'Object Repository/Mobile/Page/Login/Button - Login'

2021-12-03 10:07:37 - [TEST_STEP][PASSED] - delay(2): Delayed 2 second(s)

2021-12-03 10:07:39 - [MESSAGE][PASSED] - Delayed 2 second(s)

2021-12-03 10:07:39 - [MESSAGE][PASSED] - Call Test Case 'Test Cases/Mobile/Page/Login/Login' successfully

2021-12-03 10:07:39 - [TEST_STEP][PASSED] - tap(findTestObject("Object Repository/Mobile/Page/Home/Menubar - News"), 0): Tapped on element 'Object Repository/Mobile/Page/Home/Menubar - News'

2021-12-03 10:07:39 - [MESSAGE][WARNING] - Timeout '0' is invalid. Using default page load timeout: '60'

2021-12-03 10:07:40 - [MESSAGE][PASSED] - Tapped on element 'Object Repository/Mobile/Page/Home/Menubar - News'

2021-12-03 10:07:40 - [TEST_STEP][PASSED] - delay(1): Delayed 1 second(s)

2021-12-03 10:07:41 - [MESSAGE][PASSED] - Delayed 1 second(s)

2021-12-03 10:07:41 - [TEST_STEP][FAILED] - for ([i = 0, i < 1, (i++)]): null

2021-12-03 10:07:41 - [TEST_STEP][PASSED] - if (tab == "macronews"): null

2021-12-03 10:07:41 - [TEST_STEP][PASSED] - else if (tab == "stocknews"): null

2021-12-03 10:07:41 - [TEST_STEP][PASSED] - else if (tab == "fundnews"): Tapped on element 'Object Repository/Mobile/Page/News/Tab - Fund News'

2021-12-03 10:07:41 - [TEST_STEP][PASSED] - tap(findTestObject("Object Repository/Mobile/Page/News/Tab - Fund News"), 0): Tapped on element 'Object Repository/Mobile/Page/News/Tab - Fund News'

2021-12-03 10:07:41 - [MESSAGE][WARNING] - Timeout '0' is invalid. Using default page load timeout: '60'

2021-12-03 10:07:43 - [MESSAGE][PASSED] - Tapped on element 'Object Repository/Mobile/Page/News/Tab - Fund News'

2021-12-03 10:07:43 - [TEST_STEP][PASSED] - delay(1): Delayed 1 second(s)

2021-12-03 10:07:44 - [MESSAGE][PASSED] - Delayed 1 second(s)

2021-12-03 10:07:44 - [TEST_STEP][FAILED] - if (tab != "worldindices"): null

2021-12-03 10:07:44 - [TEST_STEP][FAILED] - try: Failed to check for element 'Object Repository/Mobile/Page/News/Item - Top News' exist (Root cause: com.kms.katalon.core.exception.StepFailedException: Element 'Object Repository/Mobile/Page/News/Item - Top News' not found
	at com.kms.katalon.core.keyword.internal.KeywordMain.stepFailed(KeywordMain.groovy:50)
	at com.kms.katalon.core.mobile.keyword.internal.MobileKeywordMain.stepFailed(MobileKeywordMain.groovy:40)
	at com.kms.katalon.core.mobile.keyword.builtin.VerifyElementExistKeyword$_verifyElementExist_closure1.doCall(VerifyElementExistKeyword.groovy:77)
	at com.kms.katalon.core.mobile.keyword.builtin.VerifyElementExistKeyword$_verifyElementExist_closure1.call(VerifyElementExistKeyword.groovy)
	at com.kms.katalon.core.mobile.keyword.internal.MobileKeywordMain.runKeyword(MobileKeywordMain.groovy:21)
	at com.kms.katalon.core.mobile.keyword.builtin.VerifyElementExistKeyword.verifyElementExist(VerifyElementExistKeyword.groovy:80)
	at com.kms.katalon.core.mobile.keyword.builtin.VerifyElementExistKeyword.execute(VerifyElementExistKeyword.groovy:64)
	at com.kms.katalon.core.keyword.internal.KeywordExecutor.executeKeywordForPlatform(KeywordExecutor.groovy:73)
	at com.kms.katalon.core.mobile.keyword.MobileBuiltInKeywords.verifyElementExist(MobileBuiltInKeywords.groovy:1586)
	at com.kms.katalon.core.mobile.keyword.MobileBuiltInKeywords$verifyElementExist$11.call(Unknown Source)
	at News.run(News:59)
	at com.kms.katalon.core.main.ScriptEngine.run(ScriptEngine.java:194)
	at com.kms.katalon.core.main.ScriptEngine.runScriptAsRawText(ScriptEngine.java:119)
	at com.kms.katalon.core.main.TestCaseExecutor.runScript(TestCaseExecutor.java:398)
	at com.kms.katalon.core.main.TestCaseExecutor.doExecute(TestCaseExecutor.java:389)
	at com.kms.katalon.core.main.TestCaseExecutor.processExecutionPhase(TestCaseExecutor.java:368)
	at com.kms.katalon.core.main.TestCaseExecutor.accessMainPhase(TestCaseExecutor.java:360)
	at com.kms.katalon.core.main.TestCaseExecutor.execute(TestCaseExecutor.java:255)
	at com.kms.katalon.core.main.TestCaseMain.runTestCase(TestCaseMain.java:114)
	at com.kms.katalon.core.keyword.builtin.CallTestCaseKeyword$_callTestCase_closure1.doCall(CallTestCaseKeyword.groovy:59)
	at com.kms.katalon.core.keyword.builtin.CallTestCaseKeyword$_callTestCase_closure1.call(CallTestCaseKeyword.groovy)
	at com.kms.katalon.core.keyword.internal.KeywordMain.runKeyword(KeywordMain.groovy:68)
	at com.kms.katalon.core.keyword.builtin.CallTestCaseKeyword.callTestCase(CallTestCaseKeyword.groovy:81)
	at com.kms.katalon.core.keyword.builtin.CallTestCaseKeyword.execute(CallTestCaseKeyword.groovy:44)
	at com.kms.katalon.core.keyword.internal.KeywordExecutor.executeKeywordForPlatform(KeywordExecutor.groovy:73)
	at com.kms.katalon.core.keyword.BuiltinKeywords.callTestCase(BuiltinKeywords.groovy:334)
	at 003 - News Fund.run(003 - News Fund:22)
	at com.kms.katalon.core.main.ScriptEngine.run(ScriptEngine.java:194)
	at com.kms.katalon.core.main.ScriptEngine.runScriptAsRawText(ScriptEngine.java:119)
	at com.kms.katalon.core.main.TestCaseExecutor.runScript(TestCaseExecutor.java:398)
	at com.kms.katalon.core.main.TestCaseExecutor.doExecute(TestCaseExecutor.java:389)
	at com.kms.katalon.core.main.TestCaseExecutor.processExecutionPhase(TestCaseExecutor.java:368)
	at com.kms.katalon.core.main.TestCaseExecutor.accessMainPhase(TestCaseExecutor.java:360)
	at com.kms.katalon.core.main.TestCaseExecutor.execute(TestCaseExecutor.java:255)
	at com.kms.katalon.core.main.TestSuiteExecutor.accessTestCaseMainPhase(TestSuiteExecutor.java:203)
	at com.kms.katalon.core.main.TestSuiteExecutor.accessTestSuiteMainPhase(TestSuiteExecutor.java:152)
	at com.kms.katalon.core.main.TestSuiteExecutor.execute(TestSuiteExecutor.java:95)
	at com.kms.katalon.core.main.TestCaseMain.startTestSuite(TestCaseMain.java:157)
	at com.kms.katalon.core.main.TestCaseMain$startTestSuite$0.call(Unknown Source)
	at TempTestSuite1638500671109.run(TempTestSuite1638500671109.groovy:39)
)

2021-12-03 10:07:44 - [TEST_STEP][FAILED] - topnews = verifyElementExist(findTestObject("Object Repository/Mobile/Page/News/Item - Top News"), 0): Failed to check for element 'Object Repository/Mobile/Page/News/Item - Top News' exist (Root cause: com.kms.katalon.core.exception.StepFailedException: Element 'Object Repository/Mobile/Page/News/Item - Top News' not found
	at com.kms.katalon.core.keyword.internal.KeywordMain.stepFailed(KeywordMain.groovy:50)
	at com.kms.katalon.core.mobile.keyword.internal.MobileKeywordMain.stepFailed(MobileKeywordMain.groovy:40)
	at com.kms.katalon.core.mobile.keyword.builtin.VerifyElementExistKeyword$_verifyElementExist_closure1.doCall(VerifyElementExistKeyword.groovy:77)
	at com.kms.katalon.core.mobile.keyword.builtin.VerifyElementExistKeyword$_verifyElementExist_closure1.call(VerifyElementExistKeyword.groovy)
	at com.kms.katalon.core.mobile.keyword.internal.MobileKeywordMain.runKeyword(MobileKeywordMain.groovy:21)
	at com.kms.katalon.core.mobile.keyword.builtin.VerifyElementExistKeyword.verifyElementExist(VerifyElementExistKeyword.groovy:80)
	at com.kms.katalon.core.mobile.keyword.builtin.VerifyElementExistKeyword.execute(VerifyElementExistKeyword.groovy:64)
	at com.kms.katalon.core.keyword.internal.KeywordExecutor.executeKeywordForPlatform(KeywordExecutor.groovy:73)
	at com.kms.katalon.core.mobile.keyword.MobileBuiltInKeywords.verifyElementExist(MobileBuiltInKeywords.groovy:1586)
	at com.kms.katalon.core.mobile.keyword.MobileBuiltInKeywords$verifyElementExist$11.call(Unknown Source)
	at News.run(News:59)
	at com.kms.katalon.core.main.ScriptEngine.run(ScriptEngine.java:194)
	at com.kms.katalon.core.main.ScriptEngine.runScriptAsRawText(ScriptEngine.java:119)
	at com.kms.katalon.core.main.TestCaseExecutor.runScript(TestCaseExecutor.java:398)
	at com.kms.katalon.core.main.TestCaseExecutor.doExecute(TestCaseExecutor.java:389)
	at com.kms.katalon.core.main.TestCaseExecutor.processExecutionPhase(TestCaseExecutor.java:368)
	at com.kms.katalon.core.main.TestCaseExecutor.accessMainPhase(TestCaseExecutor.java:360)
	at com.kms.katalon.core.main.TestCaseExecutor.execute(TestCaseExecutor.java:255)
	at com.kms.katalon.core.main.TestCaseMain.runTestCase(TestCaseMain.java:114)
	at com.kms.katalon.core.keyword.builtin.CallTestCaseKeyword$_callTestCase_closure1.doCall(CallTestCaseKeyword.groovy:59)
	at com.kms.katalon.core.keyword.builtin.CallTestCaseKeyword$_callTestCase_closure1.call(CallTestCaseKeyword.groovy)
	at com.kms.katalon.core.keyword.internal.KeywordMain.runKeyword(KeywordMain.groovy:68)
	at com.kms.katalon.core.keyword.builtin.CallTestCaseKeyword.callTestCase(CallTestCaseKeyword.groovy:81)
	at com.kms.katalon.core.keyword.builtin.CallTestCaseKeyword.execute(CallTestCaseKeyword.groovy:44)
	at com.kms.katalon.core.keyword.internal.KeywordExecutor.executeKeywordForPlatform(KeywordExecutor.groovy:73)
	at com.kms.katalon.core.keyword.BuiltinKeywords.callTestCase(BuiltinKeywords.groovy:334)
	at 003 - News Fund.run(003 - News Fund:22)
	at com.kms.katalon.core.main.ScriptEngine.run(ScriptEngine.java:194)
	at com.kms.katalon.core.main.ScriptEngine.runScriptAsRawText(ScriptEngine.java:119)
	at com.kms.katalon.core.main.TestCaseExecutor.runScript(TestCaseExecutor.java:398)
	at com.kms.katalon.core.main.TestCaseExecutor.doExecute(TestCaseExecutor.java:389)
	at com.kms.katalon.core.main.TestCaseExecutor.processExecutionPhase(TestCaseExecutor.java:368)
	at com.kms.katalon.core.main.TestCaseExecutor.accessMainPhase(TestCaseExecutor.java:360)
	at com.kms.katalon.core.main.TestCaseExecutor.execute(TestCaseExecutor.java:255)
	at com.kms.katalon.core.main.TestSuiteExecutor.accessTestCaseMainPhase(TestSuiteExecutor.java:203)
	at com.kms.katalon.core.main.TestSuiteExecutor.accessTestSuiteMainPhase(TestSuiteExecutor.java:152)
	at com.kms.katalon.core.main.TestSuiteExecutor.execute(TestSuiteExecutor.java:95)
	at com.kms.katalon.core.main.TestCaseMain.startTestSuite(TestCaseMain.java:157)
	at com.kms.katalon.core.main.TestCaseMain$startTestSuite$0.call(Unknown Source)
	at TempTestSuite1638500671109.run(TempTestSuite1638500671109.groovy:39)
)

2021-12-03 10:07:44 - [MESSAGE][WARNING] - Timeout '0' is invalid. Using default page load timeout: '60'

2021-12-03 10:08:45 - [MESSAGE][FAILED] - Element 'Object Repository/Mobile/Page/News/Item - Top News' not found
[[ATTACHMENT|C:\\Users\\Owner\\Documents\\kerjaan\\KatalonProject\\qa-katalon-maxfund2\\Reports\\20211203_100431\\news\\20211203_100431\\1638500924325.png]]

2021-12-03 10:08:45 - [MESSAGE][FAILED] - Failed to check for element 'Object Repository/Mobile/Page/News/Item - Top News' exist (Root cause: com.kms.katalon.core.exception.StepFailedException: Element 'Object Repository/Mobile/Page/News/Item - Top News' not found
	at com.kms.katalon.core.keyword.internal.KeywordMain.stepFailed(KeywordMain.groovy:50)
	at com.kms.katalon.core.mobile.keyword.internal.MobileKeywordMain.stepFailed(MobileKeywordMain.groovy:40)
	at com.kms.katalon.core.mobile.keyword.builtin.VerifyElementExistKeyword$_verifyElementExist_closure1.doCall(VerifyElementExistKeyword.groovy:77)
	at com.kms.katalon.core.mobile.keyword.builtin.VerifyElementExistKeyword$_verifyElementExist_closure1.call(VerifyElementExistKeyword.groovy)
	at com.kms.katalon.core.mobile.keyword.internal.MobileKeywordMain.runKeyword(MobileKeywordMain.groovy:21)
	at com.kms.katalon.core.mobile.keyword.builtin.VerifyElementExistKeyword.verifyElementExist(VerifyElementExistKeyword.groovy:80)
	at com.kms.katalon.core.mobile.keyword.builtin.VerifyElementExistKeyword.execute(VerifyElementExistKeyword.groovy:64)
	at com.kms.katalon.core.keyword.internal.KeywordExecutor.executeKeywordForPlatform(KeywordExecutor.groovy:73)
	at com.kms.katalon.core.mobile.keyword.MobileBuiltInKeywords.verifyElementExist(MobileBuiltInKeywords.groovy:1586)
	at com.kms.katalon.core.mobile.keyword.MobileBuiltInKeywords$verifyElementExist$11.call(Unknown Source)
	at News.run(News:59)
	at com.kms.katalon.core.main.ScriptEngine.run(ScriptEngine.java:194)
	at com.kms.katalon.core.main.ScriptEngine.runScriptAsRawText(ScriptEngine.java:119)
	at com.kms.katalon.core.main.TestCaseExecutor.runScript(TestCaseExecutor.java:398)
	at com.kms.katalon.core.main.TestCaseExecutor.doExecute(TestCaseExecutor.java:389)
	at com.kms.katalon.core.main.TestCaseExecutor.processExecutionPhase(TestCaseExecutor.java:368)
	at com.kms.katalon.core.main.TestCaseExecutor.accessMainPhase(TestCaseExecutor.java:360)
	at com.kms.katalon.core.main.TestCaseExecutor.execute(TestCaseExecutor.java:255)
	at com.kms.katalon.core.main.TestCaseMain.runTestCase(TestCaseMain.java:114)
	at com.kms.katalon.core.keyword.builtin.CallTestCaseKeyword$_callTestCase_closure1.doCall(CallTestCaseKeyword.groovy:59)
	at com.kms.katalon.core.keyword.builtin.CallTestCaseKeyword$_callTestCase_closure1.call(CallTestCaseKeyword.groovy)
	at com.kms.katalon.core.keyword.internal.KeywordMain.runKeyword(KeywordMain.groovy:68)
	at com.kms.katalon.core.keyword.builtin.CallTestCaseKeyword.callTestCase(CallTestCaseKeyword.groovy:81)
	at com.kms.katalon.core.keyword.builtin.CallTestCaseKeyword.execute(CallTestCaseKeyword.groovy:44)
	at com.kms.katalon.core.keyword.internal.KeywordExecutor.executeKeywordForPlatform(KeywordExecutor.groovy:73)
	at com.kms.katalon.core.keyword.BuiltinKeywords.callTestCase(BuiltinKeywords.groovy:334)
	at 003 - News Fund.run(003 - News Fund:22)
	at com.kms.katalon.core.main.ScriptEngine.run(ScriptEngine.java:194)
	at com.kms.katalon.core.main.ScriptEngine.runScriptAsRawText(ScriptEngine.java:119)
	at com.kms.katalon.core.main.TestCaseExecutor.runScript(TestCaseExecutor.java:398)
	at com.kms.katalon.core.main.TestCaseExecutor.doExecute(TestCaseExecutor.java:389)
	at com.kms.katalon.core.main.TestCaseExecutor.processExecutionPhase(TestCaseExecutor.java:368)
	at com.kms.katalon.core.main.TestCaseExecutor.accessMainPhase(TestCaseExecutor.java:360)
	at com.kms.katalon.core.main.TestCaseExecutor.execute(TestCaseExecutor.java:255)
	at com.kms.katalon.core.main.TestSuiteExecutor.accessTestCaseMainPhase(TestSuiteExecutor.java:203)
	at com.kms.katalon.core.main.TestSuiteExecutor.accessTestSuiteMainPhase(TestSuiteExecutor.java:152)
	at com.kms.katalon.core.main.TestSuiteExecutor.execute(TestSuiteExecutor.java:95)
	at com.kms.katalon.core.main.TestCaseMain.startTestSuite(TestCaseMain.java:157)
	at com.kms.katalon.core.main.TestCaseMain$startTestSuite$0.call(Unknown Source)
	at TempTestSuite1638500671109.run(TempTestSuite1638500671109.groovy:39)
)
[[ATTACHMENT|C:\\Users\\Owner\\Documents\\kerjaan\\KatalonProject\\qa-katalon-maxfund2\\Reports\\20211203_100431\\news\\20211203_100431\\1638500925186.png]]

2021-12-03 10:08:46 - [TEST_STEP][PASSED] - catch (Exception e): null

2021-12-03 10:08:46 - [MESSAGE][PASSED] - Call Test Case 'Test Cases/Mobile/Page/News/News' successfully

2021-12-03 10:08:46 - [TEST_STEP][PASSED] - callTestCase(findTestCase("Mobile/Page/Run App/Terminate App"), [:], STOP_ON_FAILURE): Call Test Case 'Test Cases/Mobile/Page/Run App/Terminate App' successfully

2021-12-03 10:08:46 - [TEST_CASE][PASSED] - Test Cases/Mobile/Page/Run App/Terminate App: Test Cases/Mobile/Page/Run App/Terminate App

2021-12-03 10:08:46 - [TEST_STEP][PASSED] - startApp.OpenApp.terminateApplication(): startApp.OpenApp.terminateApplication is PASSED

2021-12-03 10:08:49 - [MESSAGE][PASSED] - Delayed 3 second(s)

2021-12-03 10:08:49 - [MESSAGE][PASSED] - Current device physical width is 720

2021-12-03 10:08:49 - [MESSAGE][PASSED] - Current device physical height is 1423

2021-12-03 10:08:50 - [MESSAGE][PASSED] - Swiped from 360,853 to 360,142

2021-12-03 10:08:51 - [MESSAGE][PASSED] - Delayed 1 second(s)

2021-12-03 10:08:53 - [MESSAGE][PASSED] - Swiped from 360,853 to 360,142

2021-12-03 10:08:56 - [MESSAGE][PASSED] - Delayed 3 second(s)

2021-12-03 10:08:56 - [MESSAGE][PASSED] - startApp.OpenApp.terminateApplication is PASSED

2021-12-03 10:08:56 - [MESSAGE][PASSED] - Call Test Case 'Test Cases/Mobile/Page/Run App/Terminate App' successfully]]></system-out>
         <system-err><![CDATA[]]></system-err>
      </testcase>
      <testcase name="Test Cases/Mobile/Scenario/News/004 - Bond News" time="63.191" classname="Test Cases/Mobile/Scenario/News/004 - Bond News" status="PASSED">
         <system-out><![CDATA[2021-12-03 10:08:56 - [TEST_CASE][PASSED] - Test Cases/Mobile/Scenario/News/004 - Bond News: Test Cases/Mobile/Scenario/News/004 - Bond News

2021-12-03 10:08:56 - [TEST_STEP][PASSED] - callTestCase(findTestCase("Mobile/Page/Run App/Run App byID"), [:], STOP_ON_FAILURE): Call Test Case 'Test Cases/Mobile/Page/Run App/Run App byID' successfully

2021-12-03 10:08:56 - [TEST_CASE][PASSED] - Test Cases/Mobile/Page/Run App/Run App byID: Test Cases/Mobile/Page/Run App/Run App byID

2021-12-03 10:08:56 - [TEST_STEP][PASSED] - startApp.OpenApp.startApplication("id.co.miraeasset.sageclub"): startApp.OpenApp.startApplication is PASSED

2021-12-03 10:09:08 - [MESSAGE][PASSED] - Starting app with application ID: 'id.co.miraeasset.sageclub'

2021-12-03 10:09:08 - [MESSAGE][PASSED] - startApp.OpenApp.startApplication is PASSED

2021-12-03 10:09:08 - [MESSAGE][PASSED] - Call Test Case 'Test Cases/Mobile/Page/Run App/Run App byID' successfully

2021-12-03 10:09:08 - [TEST_STEP][PASSED] - callTestCase(findTestCase("Mobile/Page/News/News"), ["tab":"bondnews"], CONTINUE_ON_FAILURE): Call Test Case 'Test Cases/Mobile/Page/News/News' successfully

2021-12-03 10:09:08 - [TEST_CASE][PASSED] - Test Cases/Mobile/Page/News/News: Test Cases/Mobile/Page/News/News

2021-12-03 10:09:08 - [TEST_STEP][PASSED] - loginCheck = verifyElementExist(findTestObject("Object Repository/Mobile/Page/Login/Button - Login"), 2, CONTINUE_ON_FAILURE): Element 'Object Repository/Mobile/Page/Login/Button - Login' is exist

2021-12-03 10:09:10 - [MESSAGE][PASSED] - Element 'Object Repository/Mobile/Page/Login/Button - Login' is exist

2021-12-03 10:09:10 - [TEST_STEP][PASSED] - if (loginCheck): Call Test Case 'Test Cases/Mobile/Page/Login/Login' successfully

2021-12-03 10:09:10 - [TEST_STEP][PASSED] - callTestCase(findTestCase("Mobile/Page/Login/Login"), [:], CONTINUE_ON_FAILURE): Call Test Case 'Test Cases/Mobile/Page/Login/Login' successfully

2021-12-03 10:09:11 - [TEST_CASE][PASSED] - Test Cases/Mobile/Page/Login/Login: Test Cases/Mobile/Page/Login/Login

2021-12-03 10:09:11 - [TEST_STEP][PASSED] - delay(2): Delayed 2 second(s)

2021-12-03 10:09:13 - [MESSAGE][PASSED] - Delayed 2 second(s)

2021-12-03 10:09:13 - [TEST_STEP][PASSED] - tap(findTestObject("Object Repository/Mobile/Page/Login/Input - UserID"), 0): Tapped on element 'Object Repository/Mobile/Page/Login/Input - UserID'

2021-12-03 10:09:13 - [MESSAGE][WARNING] - Timeout '0' is invalid. Using default page load timeout: '60'

2021-12-03 10:09:13 - [MESSAGE][PASSED] - Tapped on element 'Object Repository/Mobile/Page/Login/Input - UserID'

2021-12-03 10:09:13 - [TEST_STEP][PASSED] - delay(1): Delayed 1 second(s)

2021-12-03 10:09:14 - [MESSAGE][PASSED] - Delayed 1 second(s)

2021-12-03 10:09:14 - [TEST_STEP][PASSED] - setText(findTestObject("Object Repository/Mobile/Page/Login/Input Rdy - UserID"), "anggaaditya", 0): Text 'anggaaditya' has been set to element 'Object Repository/Mobile/Page/Login/Input Rdy - UserID'

2021-12-03 10:09:14 - [MESSAGE][WARNING] - Timeout '0' is invalid. Using default page load timeout: '60'

2021-12-03 10:09:15 - [MESSAGE][PASSED] - Text 'anggaaditya' has been set to element 'Object Repository/Mobile/Page/Login/Input Rdy - UserID'

2021-12-03 10:09:15 - [TEST_STEP][PASSED] - delay(1): Delayed 1 second(s)

2021-12-03 10:09:16 - [MESSAGE][PASSED] - Delayed 1 second(s)

2021-12-03 10:09:16 - [TEST_STEP][PASSED] - hideKeyboard(): Keyboard is hidden

2021-12-03 10:09:20 - [MESSAGE][PASSED] - Keyboard is hidden

2021-12-03 10:09:20 - [TEST_STEP][PASSED] - tap(findTestObject("Object Repository/Mobile/Page/Login/Input - Password"), 0): Tapped on element 'Object Repository/Mobile/Page/Login/Input - Password'

2021-12-03 10:09:20 - [MESSAGE][WARNING] - Timeout '0' is invalid. Using default page load timeout: '60'

2021-12-03 10:09:20 - [MESSAGE][PASSED] - Tapped on element 'Object Repository/Mobile/Page/Login/Input - Password'

2021-12-03 10:09:20 - [TEST_STEP][PASSED] - delay(1): Delayed 1 second(s)

2021-12-03 10:09:21 - [MESSAGE][PASSED] - Delayed 1 second(s)

2021-12-03 10:09:21 - [TEST_STEP][PASSED] - setText(findTestObject("Object Repository/Mobile/Page/Login/Input Rdy - Password"), "Shalawa18", 0): Text 'Shalawa18' has been set to element 'Object Repository/Mobile/Page/Login/Input Rdy - Password'

2021-12-03 10:09:21 - [MESSAGE][WARNING] - Timeout '0' is invalid. Using default page load timeout: '60'

2021-12-03 10:09:22 - [MESSAGE][PASSED] - Text 'Shalawa18' has been set to element 'Object Repository/Mobile/Page/Login/Input Rdy - Password'

2021-12-03 10:09:22 - [TEST_STEP][PASSED] - delay(1): Delayed 1 second(s)

2021-12-03 10:09:23 - [MESSAGE][PASSED] - Delayed 1 second(s)

2021-12-03 10:09:23 - [TEST_STEP][PASSED] - hideKeyboard(): Keyboard is hidden

2021-12-03 10:09:30 - [MESSAGE][PASSED] - Keyboard is hidden

2021-12-03 10:09:30 - [TEST_STEP][PASSED] - tap(findTestObject("Object Repository/Mobile/Page/Login/Button - Login"), 0): Tapped on element 'Object Repository/Mobile/Page/Login/Button - Login'

2021-12-03 10:09:30 - [MESSAGE][WARNING] - Timeout '0' is invalid. Using default page load timeout: '60'

2021-12-03 10:09:31 - [MESSAGE][PASSED] - Tapped on element 'Object Repository/Mobile/Page/Login/Button - Login'

2021-12-03 10:09:31 - [TEST_STEP][PASSED] - delay(2): Delayed 2 second(s)

2021-12-03 10:09:33 - [MESSAGE][PASSED] - Delayed 2 second(s)

2021-12-03 10:09:33 - [MESSAGE][PASSED] - Call Test Case 'Test Cases/Mobile/Page/Login/Login' successfully

2021-12-03 10:09:33 - [TEST_STEP][PASSED] - tap(findTestObject("Object Repository/Mobile/Page/Home/Menubar - News"), 0): Tapped on element 'Object Repository/Mobile/Page/Home/Menubar - News'

2021-12-03 10:09:33 - [MESSAGE][WARNING] - Timeout '0' is invalid. Using default page load timeout: '60'

2021-12-03 10:09:33 - [MESSAGE][PASSED] - Tapped on element 'Object Repository/Mobile/Page/Home/Menubar - News'

2021-12-03 10:09:33 - [TEST_STEP][PASSED] - delay(1): Delayed 1 second(s)

2021-12-03 10:09:34 - [MESSAGE][PASSED] - Delayed 1 second(s)

2021-12-03 10:09:34 - [TEST_STEP][PASSED] - for ([i = 0, i < 1, (i++)]): Delayed 3 second(s)

2021-12-03 10:09:34 - [TEST_STEP][PASSED] - if (tab == "macronews"): null

2021-12-03 10:09:34 - [TEST_STEP][PASSED] - else if (tab == "stocknews"): null

2021-12-03 10:09:34 - [TEST_STEP][PASSED] - else if (tab == "fundnews"): null

2021-12-03 10:09:34 - [TEST_STEP][PASSED] - else if (tab == "bondnews"): Tapped on element 'Object Repository/Mobile/Page/News/Tab - Bond News'

2021-12-03 10:09:34 - [TEST_STEP][PASSED] - scroll.scroll.scrollScreenRightToLeft(findTestObject("Object Repository/Mobile/Page/News/Tab - Macro News")): scroll.scroll.scrollScreenRightToLeft is PASSED

2021-12-03 10:09:34 - [MESSAGE][WARNING] - Timeout '0' is invalid. Using default page load timeout: '60'

2021-12-03 10:09:35 - [MESSAGE][PASSED] - Object 'Object Repository/Mobile/Page/News/Tab - Macro News' has left position '14'

2021-12-03 10:09:35 - [MESSAGE][WARNING] - Timeout '0' is invalid. Using default page load timeout: '60'

2021-12-03 10:09:35 - [MESSAGE][PASSED] - Object 'Object Repository/Mobile/Page/News/Tab - Macro News' has top position '262'

2021-12-03 10:09:35 - [MESSAGE][WARNING] - Timeout '0' is invalid. Using default page load timeout: '60'

2021-12-03 10:09:35 - [MESSAGE][PASSED] - Object 'Object Repository/Mobile/Page/News/Tab - Macro News' has width: '215'

2021-12-03 10:09:35 - [MESSAGE][WARNING] - Timeout '0' is invalid. Using default page load timeout: '60'

2021-12-03 10:09:35 - [MESSAGE][PASSED] - Object 'Object Repository/Mobile/Page/News/Tab - Macro News' has height: '84'

2021-12-03 10:09:35 - [MESSAGE][PASSED] - Current device physical width is 720

2021-12-03 10:09:37 - [MESSAGE][PASSED] - Swiped from 620,304 to 100,304

2021-12-03 10:09:37 - [MESSAGE][PASSED] - scroll.scroll.scrollScreenRightToLeft is PASSED

2021-12-03 10:09:37 - [TEST_STEP][PASSED] - delay(1): Delayed 1 second(s)

2021-12-03 10:09:38 - [MESSAGE][PASSED] - Delayed 1 second(s)

2021-12-03 10:09:38 - [TEST_STEP][PASSED] - tap(findTestObject("Object Repository/Mobile/Page/News/Tab - Bond News"), 0): Tapped on element 'Object Repository/Mobile/Page/News/Tab - Bond News'

2021-12-03 10:09:38 - [MESSAGE][WARNING] - Timeout '0' is invalid. Using default page load timeout: '60'

2021-12-03 10:09:39 - [MESSAGE][PASSED] - Tapped on element 'Object Repository/Mobile/Page/News/Tab - Bond News'

2021-12-03 10:09:39 - [TEST_STEP][PASSED] - delay(1): Delayed 1 second(s)

2021-12-03 10:09:40 - [MESSAGE][PASSED] - Delayed 1 second(s)

2021-12-03 10:09:40 - [TEST_STEP][PASSED] - if (tab != "worldindices"): Delayed 3 second(s)

2021-12-03 10:09:40 - [TEST_STEP][PASSED] - try: Delayed 3 second(s)

2021-12-03 10:09:40 - [TEST_STEP][PASSED] - topnews = verifyElementExist(findTestObject("Object Repository/Mobile/Page/News/Item - Top News"), 0): Element 'Object Repository/Mobile/Page/News/Item - Top News' is exist

2021-12-03 10:09:40 - [MESSAGE][WARNING] - Timeout '0' is invalid. Using default page load timeout: '60'

2021-12-03 10:09:40 - [MESSAGE][PASSED] - Element 'Object Repository/Mobile/Page/News/Item - Top News' is exist

2021-12-03 10:09:40 - [TEST_STEP][PASSED] - if (topnews): Delayed 3 second(s)

2021-12-03 10:09:40 - [TEST_STEP][PASSED] - tapAndHold(findTestObject("Object Repository/Mobile/Page/News/Item - Top News"), 1, 0): Tapped and held on element 'Object Repository/Mobile/Page/News/Item - Top News' with duration 1

2021-12-03 10:09:40 - [MESSAGE][WARNING] - Timeout '0' is invalid. Using default page load timeout: '60'

2021-12-03 10:09:43 - [MESSAGE][PASSED] - Tapped and held on element 'Object Repository/Mobile/Page/News/Item - Top News' with duration 1

2021-12-03 10:09:43 - [TEST_STEP][PASSED] - delay(1): Delayed 1 second(s)

2021-12-03 10:09:44 - [MESSAGE][PASSED] - Delayed 1 second(s)

2021-12-03 10:09:44 - [TEST_STEP][PASSED] - scroll.scroll.scrollScreenBottomToTop(): scroll.scroll.scrollScreenBottomToTop is PASSED

2021-12-03 10:09:44 - [MESSAGE][PASSED] - Current device physical height is 1423

2021-12-03 10:09:45 - [MESSAGE][PASSED] - Current device physical width is 720

2021-12-03 10:09:46 - [MESSAGE][PASSED] - Swiped from 360,1,138 to 360,284

2021-12-03 10:09:46 - [MESSAGE][PASSED] - scroll.scroll.scrollScreenBottomToTop is PASSED

2021-12-03 10:09:46 - [TEST_STEP][PASSED] - delay(3): Delayed 3 second(s)

2021-12-03 10:09:49 - [MESSAGE][PASSED] - Delayed 3 second(s)

2021-12-03 10:09:49 - [MESSAGE][PASSED] - Call Test Case 'Test Cases/Mobile/Page/News/News' successfully

2021-12-03 10:09:49 - [TEST_STEP][PASSED] - callTestCase(findTestCase("Mobile/Page/Run App/Terminate App"), [:], STOP_ON_FAILURE): Call Test Case 'Test Cases/Mobile/Page/Run App/Terminate App' successfully

2021-12-03 10:09:49 - [TEST_CASE][PASSED] - Test Cases/Mobile/Page/Run App/Terminate App: Test Cases/Mobile/Page/Run App/Terminate App

2021-12-03 10:09:49 - [TEST_STEP][PASSED] - startApp.OpenApp.terminateApplication(): startApp.OpenApp.terminateApplication is PASSED

2021-12-03 10:09:52 - [MESSAGE][PASSED] - Delayed 3 second(s)

2021-12-03 10:09:52 - [MESSAGE][PASSED] - Current device physical width is 720

2021-12-03 10:09:52 - [MESSAGE][PASSED] - Current device physical height is 1423

2021-12-03 10:09:54 - [MESSAGE][PASSED] - Swiped from 360,853 to 360,142

2021-12-03 10:09:55 - [MESSAGE][PASSED] - Delayed 1 second(s)

2021-12-03 10:09:56 - [MESSAGE][PASSED] - Swiped from 360,853 to 360,142

2021-12-03 10:09:59 - [MESSAGE][PASSED] - Delayed 3 second(s)

2021-12-03 10:09:59 - [MESSAGE][PASSED] - startApp.OpenApp.terminateApplication is PASSED

2021-12-03 10:09:59 - [MESSAGE][PASSED] - Call Test Case 'Test Cases/Mobile/Page/Run App/Terminate App' successfully]]></system-out>
         <system-err><![CDATA[]]></system-err>
      </testcase>
      <testcase name="Test Cases/Mobile/Scenario/News/005 - Macro News" time="60.264" classname="Test Cases/Mobile/Scenario/News/005 - Macro News" status="PASSED">
         <system-out><![CDATA[2021-12-03 10:09:59 - [TEST_CASE][PASSED] - Test Cases/Mobile/Scenario/News/005 - Macro News: Test Cases/Mobile/Scenario/News/005 - Macro News

2021-12-03 10:09:59 - [TEST_STEP][PASSED] - callTestCase(findTestCase("Mobile/Page/Run App/Run App byID"), [:], STOP_ON_FAILURE): Call Test Case 'Test Cases/Mobile/Page/Run App/Run App byID' successfully

2021-12-03 10:09:59 - [TEST_CASE][PASSED] - Test Cases/Mobile/Page/Run App/Run App byID: Test Cases/Mobile/Page/Run App/Run App byID

2021-12-03 10:09:59 - [TEST_STEP][PASSED] - startApp.OpenApp.startApplication("id.co.miraeasset.sageclub"): startApp.OpenApp.startApplication is PASSED

2021-12-03 10:10:13 - [MESSAGE][PASSED] - Starting app with application ID: 'id.co.miraeasset.sageclub'

2021-12-03 10:10:13 - [MESSAGE][PASSED] - startApp.OpenApp.startApplication is PASSED

2021-12-03 10:10:13 - [MESSAGE][PASSED] - Call Test Case 'Test Cases/Mobile/Page/Run App/Run App byID' successfully

2021-12-03 10:10:13 - [TEST_STEP][PASSED] - callTestCase(findTestCase("Mobile/Page/News/News"), ["tab":"macronews"], CONTINUE_ON_FAILURE): Call Test Case 'Test Cases/Mobile/Page/News/News' successfully

2021-12-03 10:10:13 - [TEST_CASE][PASSED] - Test Cases/Mobile/Page/News/News: Test Cases/Mobile/Page/News/News

2021-12-03 10:10:13 - [TEST_STEP][PASSED] - loginCheck = verifyElementExist(findTestObject("Object Repository/Mobile/Page/Login/Button - Login"), 2, CONTINUE_ON_FAILURE): Element 'Object Repository/Mobile/Page/Login/Button - Login' is exist

2021-12-03 10:10:15 - [MESSAGE][PASSED] - Element 'Object Repository/Mobile/Page/Login/Button - Login' is exist

2021-12-03 10:10:15 - [TEST_STEP][PASSED] - if (loginCheck): Call Test Case 'Test Cases/Mobile/Page/Login/Login' successfully

2021-12-03 10:10:15 - [TEST_STEP][PASSED] - callTestCase(findTestCase("Mobile/Page/Login/Login"), [:], CONTINUE_ON_FAILURE): Call Test Case 'Test Cases/Mobile/Page/Login/Login' successfully

2021-12-03 10:10:15 - [TEST_CASE][PASSED] - Test Cases/Mobile/Page/Login/Login: Test Cases/Mobile/Page/Login/Login

2021-12-03 10:10:15 - [TEST_STEP][PASSED] - delay(2): Delayed 2 second(s)

2021-12-03 10:10:17 - [MESSAGE][PASSED] - Delayed 2 second(s)

2021-12-03 10:10:17 - [TEST_STEP][PASSED] - tap(findTestObject("Object Repository/Mobile/Page/Login/Input - UserID"), 0): Tapped on element 'Object Repository/Mobile/Page/Login/Input - UserID'

2021-12-03 10:10:17 - [MESSAGE][WARNING] - Timeout '0' is invalid. Using default page load timeout: '60'

2021-12-03 10:10:17 - [MESSAGE][PASSED] - Tapped on element 'Object Repository/Mobile/Page/Login/Input - UserID'

2021-12-03 10:10:17 - [TEST_STEP][PASSED] - delay(1): Delayed 1 second(s)

2021-12-03 10:10:18 - [MESSAGE][PASSED] - Delayed 1 second(s)

2021-12-03 10:10:18 - [TEST_STEP][PASSED] - setText(findTestObject("Object Repository/Mobile/Page/Login/Input Rdy - UserID"), "anggaaditya", 0): Text 'anggaaditya' has been set to element 'Object Repository/Mobile/Page/Login/Input Rdy - UserID'

2021-12-03 10:10:18 - [MESSAGE][WARNING] - Timeout '0' is invalid. Using default page load timeout: '60'

2021-12-03 10:10:19 - [MESSAGE][PASSED] - Text 'anggaaditya' has been set to element 'Object Repository/Mobile/Page/Login/Input Rdy - UserID'

2021-12-03 10:10:19 - [TEST_STEP][PASSED] - delay(1): Delayed 1 second(s)

2021-12-03 10:10:20 - [MESSAGE][PASSED] - Delayed 1 second(s)

2021-12-03 10:10:20 - [TEST_STEP][PASSED] - hideKeyboard(): Keyboard is hidden

2021-12-03 10:10:24 - [MESSAGE][PASSED] - Keyboard is hidden

2021-12-03 10:10:24 - [TEST_STEP][PASSED] - tap(findTestObject("Object Repository/Mobile/Page/Login/Input - Password"), 0): Tapped on element 'Object Repository/Mobile/Page/Login/Input - Password'

2021-12-03 10:10:24 - [MESSAGE][WARNING] - Timeout '0' is invalid. Using default page load timeout: '60'

2021-12-03 10:10:24 - [MESSAGE][PASSED] - Tapped on element 'Object Repository/Mobile/Page/Login/Input - Password'

2021-12-03 10:10:24 - [TEST_STEP][PASSED] - delay(1): Delayed 1 second(s)

2021-12-03 10:10:25 - [MESSAGE][PASSED] - Delayed 1 second(s)

2021-12-03 10:10:25 - [TEST_STEP][PASSED] - setText(findTestObject("Object Repository/Mobile/Page/Login/Input Rdy - Password"), "Shalawa18", 0): Text 'Shalawa18' has been set to element 'Object Repository/Mobile/Page/Login/Input Rdy - Password'

2021-12-03 10:10:25 - [MESSAGE][WARNING] - Timeout '0' is invalid. Using default page load timeout: '60'

2021-12-03 10:10:26 - [MESSAGE][PASSED] - Text 'Shalawa18' has been set to element 'Object Repository/Mobile/Page/Login/Input Rdy - Password'

2021-12-03 10:10:26 - [TEST_STEP][PASSED] - delay(1): Delayed 1 second(s)

2021-12-03 10:10:27 - [MESSAGE][PASSED] - Delayed 1 second(s)

2021-12-03 10:10:27 - [TEST_STEP][PASSED] - hideKeyboard(): Keyboard is hidden

2021-12-03 10:10:33 - [MESSAGE][PASSED] - Keyboard is hidden

2021-12-03 10:10:33 - [TEST_STEP][PASSED] - tap(findTestObject("Object Repository/Mobile/Page/Login/Button - Login"), 0): Tapped on element 'Object Repository/Mobile/Page/Login/Button - Login'

2021-12-03 10:10:33 - [MESSAGE][WARNING] - Timeout '0' is invalid. Using default page load timeout: '60'

2021-12-03 10:10:34 - [MESSAGE][PASSED] - Tapped on element 'Object Repository/Mobile/Page/Login/Button - Login'

2021-12-03 10:10:34 - [TEST_STEP][PASSED] - delay(2): Delayed 2 second(s)

2021-12-03 10:10:36 - [MESSAGE][PASSED] - Delayed 2 second(s)

2021-12-03 10:10:36 - [MESSAGE][PASSED] - Call Test Case 'Test Cases/Mobile/Page/Login/Login' successfully

2021-12-03 10:10:36 - [TEST_STEP][PASSED] - tap(findTestObject("Object Repository/Mobile/Page/Home/Menubar - News"), 0): Tapped on element 'Object Repository/Mobile/Page/Home/Menubar - News'

2021-12-03 10:10:36 - [MESSAGE][WARNING] - Timeout '0' is invalid. Using default page load timeout: '60'

2021-12-03 10:10:37 - [MESSAGE][PASSED] - Tapped on element 'Object Repository/Mobile/Page/Home/Menubar - News'

2021-12-03 10:10:37 - [TEST_STEP][PASSED] - delay(1): Delayed 1 second(s)

2021-12-03 10:10:38 - [MESSAGE][PASSED] - Delayed 1 second(s)

2021-12-03 10:10:38 - [TEST_STEP][PASSED] - for ([i = 0, i < 1, (i++)]): Delayed 3 second(s)

2021-12-03 10:10:38 - [TEST_STEP][PASSED] - if (tab == "macronews"): Tapped on element 'Object Repository/Mobile/Page/News/Tab - Macro News'

2021-12-03 10:10:38 - [TEST_STEP][PASSED] - tap(findTestObject("Object Repository/Mobile/Page/News/Tab - Macro News"), 0): Tapped on element 'Object Repository/Mobile/Page/News/Tab - Macro News'

2021-12-03 10:10:38 - [MESSAGE][WARNING] - Timeout '0' is invalid. Using default page load timeout: '60'

2021-12-03 10:10:39 - [MESSAGE][PASSED] - Tapped on element 'Object Repository/Mobile/Page/News/Tab - Macro News'

2021-12-03 10:10:39 - [TEST_STEP][PASSED] - delay(1): Delayed 1 second(s)

2021-12-03 10:10:40 - [MESSAGE][PASSED] - Delayed 1 second(s)

2021-12-03 10:10:40 - [TEST_STEP][PASSED] - if (tab != "worldindices"): Delayed 3 second(s)

2021-12-03 10:10:40 - [TEST_STEP][PASSED] - try: Delayed 3 second(s)

2021-12-03 10:10:40 - [TEST_STEP][PASSED] - topnews = verifyElementExist(findTestObject("Object Repository/Mobile/Page/News/Item - Top News"), 0): Element 'Object Repository/Mobile/Page/News/Item - Top News' is exist

2021-12-03 10:10:40 - [MESSAGE][WARNING] - Timeout '0' is invalid. Using default page load timeout: '60'

2021-12-03 10:10:40 - [MESSAGE][PASSED] - Element 'Object Repository/Mobile/Page/News/Item - Top News' is exist

2021-12-03 10:10:40 - [TEST_STEP][PASSED] - if (topnews): Delayed 3 second(s)

2021-12-03 10:10:40 - [TEST_STEP][PASSED] - tapAndHold(findTestObject("Object Repository/Mobile/Page/News/Item - Top News"), 1, 0): Tapped and held on element 'Object Repository/Mobile/Page/News/Item - Top News' with duration 1

2021-12-03 10:10:41 - [MESSAGE][WARNING] - Timeout '0' is invalid. Using default page load timeout: '60'

2021-12-03 10:10:43 - [MESSAGE][PASSED] - Tapped and held on element 'Object Repository/Mobile/Page/News/Item - Top News' with duration 1

2021-12-03 10:10:43 - [TEST_STEP][PASSED] - delay(1): Delayed 1 second(s)

2021-12-03 10:10:44 - [MESSAGE][PASSED] - Delayed 1 second(s)

2021-12-03 10:10:44 - [TEST_STEP][PASSED] - scroll.scroll.scrollScreenBottomToTop(): scroll.scroll.scrollScreenBottomToTop is PASSED

2021-12-03 10:10:45 - [MESSAGE][PASSED] - Current device physical height is 1423

2021-12-03 10:10:45 - [MESSAGE][PASSED] - Current device physical width is 720

2021-12-03 10:10:46 - [MESSAGE][PASSED] - Swiped from 360,1,138 to 360,284

2021-12-03 10:10:46 - [MESSAGE][PASSED] - scroll.scroll.scrollScreenBottomToTop is PASSED

2021-12-03 10:10:46 - [TEST_STEP][PASSED] - delay(3): Delayed 3 second(s)

2021-12-03 10:10:49 - [MESSAGE][PASSED] - Delayed 3 second(s)

2021-12-03 10:10:49 - [MESSAGE][PASSED] - Call Test Case 'Test Cases/Mobile/Page/News/News' successfully

2021-12-03 10:10:49 - [TEST_STEP][PASSED] - callTestCase(findTestCase("Mobile/Page/Run App/Terminate App"), [:], STOP_ON_FAILURE): Call Test Case 'Test Cases/Mobile/Page/Run App/Terminate App' successfully

2021-12-03 10:10:49 - [TEST_CASE][PASSED] - Test Cases/Mobile/Page/Run App/Terminate App: Test Cases/Mobile/Page/Run App/Terminate App

2021-12-03 10:10:49 - [TEST_STEP][PASSED] - startApp.OpenApp.terminateApplication(): startApp.OpenApp.terminateApplication is PASSED

2021-12-03 10:10:52 - [MESSAGE][PASSED] - Delayed 3 second(s)

2021-12-03 10:10:52 - [MESSAGE][PASSED] - Current device physical width is 720

2021-12-03 10:10:53 - [MESSAGE][PASSED] - Current device physical height is 1423

2021-12-03 10:10:54 - [MESSAGE][PASSED] - Swiped from 360,853 to 360,142

2021-12-03 10:10:55 - [MESSAGE][PASSED] - Delayed 1 second(s)

2021-12-03 10:10:56 - [MESSAGE][PASSED] - Swiped from 360,853 to 360,142

2021-12-03 10:10:59 - [MESSAGE][PASSED] - Delayed 3 second(s)

2021-12-03 10:10:59 - [MESSAGE][PASSED] - startApp.OpenApp.terminateApplication is PASSED

2021-12-03 10:10:59 - [MESSAGE][PASSED] - Call Test Case 'Test Cases/Mobile/Page/Run App/Terminate App' successfully]]></system-out>
         <system-err><![CDATA[]]></system-err>
      </testcase>
      <system-out><![CDATA[2021-12-03 10:04:38 - [TEST_SUITE][PASSED] - news: Test Cases/Mobile/Scenario/News/005 - Macro News]]></system-out>
      <system-err><![CDATA[]]></system-err>
   </testsuite>
</testsuites>
