<?xml version="1.0" encoding="UTF-8"?>
<testsuites name="news" time="410.105" tests="5" failures="0" skips="0" errors="0">
   <testsuite name="news" tests="5" failures="0" errors="0" time="410.105" skips="0" timestamp="2021-12-02 17:55:42" hostname="Owner - aldy-tft" id="Test Suites/news">
      <properties>
         <property name="deviceName" value="samsung SM-A205F (Android 11)"/>
         <property name="devicePlatform" value=""/>
         <property name="logFolder" value="C:\\Users\\Owner\\Documents\\kerjaan\\KatalonProject\\qa-katalon-maxfund2\\Reports\\20211202_175533\\news\\20211202_175533"/>
         <property name="logFiles" value="C:\\Users\\Owner\\Documents\\kerjaan\\KatalonProject\\qa-katalon-maxfund2\\Reports\\20211202_175533\\news\\20211202_175533\\appium.log, C:\\Users\\Owner\\Documents\\kerjaan\\KatalonProject\\qa-katalon-maxfund2\\Reports\\20211202_175533\\news\\20211202_175533\\execution0.log"/>
         <property name="attachments" value="C:\\Users\\Owner\\Documents\\kerjaan\\KatalonProject\\qa-katalon-maxfund2\\Reports\\20211202_175533\\news\\20211202_175533\\1638442813663.png, C:\\Users\\Owner\\Documents\\kerjaan\\KatalonProject\\qa-katalon-maxfund2\\Reports\\20211202_175533\\news\\20211202_175533\\1638442815213.png"/>
         <property name="hostName" value="Owner - aldy-tft"/>
         <property name="os" value="Windows 10 64bit"/>
         <property name="appiumServerStatus" value="{&quot;value&quot;:{&quot;build&quot;:{&quot;version&quot;:&quot;1.22.0&quot;}},&quot;sessionId&quot;:null,&quot;status&quot;:0}"/>
         <property name="katalonVersion" value="7.9.1.208"/>
         <property name="deviceOS" value="Android"/>
         <property name="appiumVersion" value="1.22.0"/>
         <property name="deviceModel" value="SM-A205F"/>
         <property name="hostAddress" value="192.168.100.35"/>
         <property name="deviceManufacturer" value="samsung"/>
         <property name="deviceId" value="RR8M40C9AXE"/>
         <property name="deviceName" value="samsung SM-A205F (Android 11)"/>
         <property name="deviceOSVersion" value="11"/>
      </properties>
      <testcase name="Test Cases/Mobile/Scenario/News/001 - News World Indices" time="89.218" classname="Test Cases/Mobile/Scenario/News/001 - News World Indices" status="PASSED">
         <system-out><![CDATA[2021-12-02 17:55:44 - [TEST_CASE][PASSED] - Test Cases/Mobile/Scenario/News/001 - News World Indices: Test Cases/Mobile/Scenario/News/001 - News World Indices

2021-12-02 17:55:44 - [TEST_STEP][PASSED] - callTestCase(findTestCase("Mobile/Page/Run App/Run App byID"), [:], STOP_ON_FAILURE): Call Test Case 'Test Cases/Mobile/Page/Run App/Run App byID' successfully

2021-12-02 17:55:45 - [TEST_CASE][PASSED] - Test Cases/Mobile/Page/Run App/Run App byID: Test Cases/Mobile/Page/Run App/Run App byID

2021-12-02 17:55:45 - [TEST_STEP][PASSED] - startApp.OpenApp.startApplication("id.co.miraeasset.sageclub"): startApp.OpenApp.startApplication is PASSED

2021-12-02 17:55:48 - [MESSAGE][INFO] - Appium server started on port 49,739

2021-12-02 17:56:09 - [MESSAGE][PASSED] - Starting app with application ID: 'id.co.miraeasset.sageclub'

2021-12-02 17:56:09 - [MESSAGE][PASSED] - startApp.OpenApp.startApplication is PASSED

2021-12-02 17:56:09 - [MESSAGE][PASSED] - Call Test Case 'Test Cases/Mobile/Page/Run App/Run App byID' successfully

2021-12-02 17:56:09 - [TEST_STEP][PASSED] - callTestCase(findTestCase("Mobile/Page/News/News"), ["tab":"worldindices"], CONTINUE_ON_FAILURE): Call Test Case 'Test Cases/Mobile/Page/News/News' successfully

2021-12-02 17:56:09 - [TEST_CASE][PASSED] - Test Cases/Mobile/Page/News/News: Test Cases/Mobile/Page/News/News

2021-12-02 17:56:10 - [TEST_STEP][PASSED] - loginCheck = verifyElementExist(findTestObject("Object Repository/Mobile/Page/Login/Button - Login"), 2, CONTINUE_ON_FAILURE): Element 'Object Repository/Mobile/Page/Login/Button - Login' is exist

2021-12-02 17:56:12 - [MESSAGE][PASSED] - Element 'Object Repository/Mobile/Page/Login/Button - Login' is exist

2021-12-02 17:56:12 - [TEST_STEP][PASSED] - if (loginCheck): Call Test Case 'Test Cases/Mobile/Page/Login/Login' successfully

2021-12-02 17:56:12 - [TEST_STEP][PASSED] - callTestCase(findTestCase("Mobile/Page/Login/Login"), [:], CONTINUE_ON_FAILURE): Call Test Case 'Test Cases/Mobile/Page/Login/Login' successfully

2021-12-02 17:56:12 - [TEST_CASE][PASSED] - Test Cases/Mobile/Page/Login/Login: Test Cases/Mobile/Page/Login/Login

2021-12-02 17:56:12 - [TEST_STEP][PASSED] - delay(2): Delayed 2 second(s)

2021-12-02 17:56:14 - [MESSAGE][PASSED] - Delayed 2 second(s)

2021-12-02 17:56:14 - [TEST_STEP][PASSED] - tap(findTestObject("Object Repository/Mobile/Page/Login/Input - UserID"), 0): Tapped on element 'Object Repository/Mobile/Page/Login/Input - UserID'

2021-12-02 17:56:15 - [MESSAGE][WARNING] - Timeout '0' is invalid. Using default page load timeout: '60'

2021-12-02 17:56:15 - [MESSAGE][PASSED] - Tapped on element 'Object Repository/Mobile/Page/Login/Input - UserID'

2021-12-02 17:56:15 - [TEST_STEP][PASSED] - delay(1): Delayed 1 second(s)

2021-12-02 17:56:16 - [MESSAGE][PASSED] - Delayed 1 second(s)

2021-12-02 17:56:16 - [TEST_STEP][PASSED] - setText(findTestObject("Object Repository/Mobile/Page/Login/Input Rdy - UserID"), "anggaaditya", 0): Text 'anggaaditya' has been set to element 'Object Repository/Mobile/Page/Login/Input Rdy - UserID'

2021-12-02 17:56:16 - [MESSAGE][WARNING] - Timeout '0' is invalid. Using default page load timeout: '60'

2021-12-02 17:56:17 - [MESSAGE][PASSED] - Text 'anggaaditya' has been set to element 'Object Repository/Mobile/Page/Login/Input Rdy - UserID'

2021-12-02 17:56:17 - [TEST_STEP][PASSED] - delay(1): Delayed 1 second(s)

2021-12-02 17:56:18 - [MESSAGE][PASSED] - Delayed 1 second(s)

2021-12-02 17:56:18 - [TEST_STEP][PASSED] - hideKeyboard(): Keyboard is hidden

2021-12-02 17:56:27 - [MESSAGE][PASSED] - Keyboard is hidden

2021-12-02 17:56:27 - [TEST_STEP][PASSED] - tap(findTestObject("Object Repository/Mobile/Page/Login/Input - Password"), 0): Tapped on element 'Object Repository/Mobile/Page/Login/Input - Password'

2021-12-02 17:56:27 - [MESSAGE][WARNING] - Timeout '0' is invalid. Using default page load timeout: '60'

2021-12-02 17:56:27 - [MESSAGE][PASSED] - Tapped on element 'Object Repository/Mobile/Page/Login/Input - Password'

2021-12-02 17:56:27 - [TEST_STEP][PASSED] - delay(1): Delayed 1 second(s)

2021-12-02 17:56:28 - [MESSAGE][PASSED] - Delayed 1 second(s)

2021-12-02 17:56:28 - [TEST_STEP][PASSED] - setText(findTestObject("Object Repository/Mobile/Page/Login/Input Rdy - Password"), "Shalawa18", 0): Text 'Shalawa18' has been set to element 'Object Repository/Mobile/Page/Login/Input Rdy - Password'

2021-12-02 17:56:28 - [MESSAGE][WARNING] - Timeout '0' is invalid. Using default page load timeout: '60'

2021-12-02 17:56:29 - [MESSAGE][PASSED] - Text 'Shalawa18' has been set to element 'Object Repository/Mobile/Page/Login/Input Rdy - Password'

2021-12-02 17:56:29 - [TEST_STEP][PASSED] - delay(1): Delayed 1 second(s)

2021-12-02 17:56:30 - [MESSAGE][PASSED] - Delayed 1 second(s)

2021-12-02 17:56:30 - [TEST_STEP][PASSED] - hideKeyboard(): Keyboard is hidden

2021-12-02 17:56:39 - [MESSAGE][PASSED] - Keyboard is hidden

2021-12-02 17:56:39 - [TEST_STEP][PASSED] - tap(findTestObject("Object Repository/Mobile/Page/Login/Button - Login"), 0): Tapped on element 'Object Repository/Mobile/Page/Login/Button - Login'

2021-12-02 17:56:39 - [MESSAGE][WARNING] - Timeout '0' is invalid. Using default page load timeout: '60'

2021-12-02 17:56:40 - [MESSAGE][PASSED] - Tapped on element 'Object Repository/Mobile/Page/Login/Button - Login'

2021-12-02 17:56:40 - [TEST_STEP][PASSED] - delay(2): Delayed 2 second(s)

2021-12-02 17:56:42 - [MESSAGE][PASSED] - Delayed 2 second(s)

2021-12-02 17:56:42 - [MESSAGE][PASSED] - Call Test Case 'Test Cases/Mobile/Page/Login/Login' successfully

2021-12-02 17:56:42 - [TEST_STEP][PASSED] - tap(findTestObject("Object Repository/Mobile/Page/Home/Menubar - News"), 0): Tapped on element 'Object Repository/Mobile/Page/Home/Menubar - News'

2021-12-02 17:56:42 - [MESSAGE][WARNING] - Timeout '0' is invalid. Using default page load timeout: '60'

2021-12-02 17:56:43 - [MESSAGE][PASSED] - Tapped on element 'Object Repository/Mobile/Page/Home/Menubar - News'

2021-12-02 17:56:43 - [TEST_STEP][PASSED] - delay(1): Delayed 1 second(s)

2021-12-02 17:56:44 - [MESSAGE][PASSED] - Delayed 1 second(s)

2021-12-02 17:56:44 - [TEST_STEP][PASSED] - for ([i = 0, i < 1, (i++)]): null

2021-12-02 17:56:44 - [TEST_STEP][PASSED] - if (tab == "macronews"): null

2021-12-02 17:56:44 - [TEST_STEP][PASSED] - else if (tab == "stocknews"): null

2021-12-02 17:56:44 - [TEST_STEP][PASSED] - else if (tab == "fundnews"): null

2021-12-02 17:56:44 - [TEST_STEP][PASSED] - else if (tab == "bondnews"): null

2021-12-02 17:56:44 - [TEST_STEP][PASSED] - else if (tab == "worldindices"): Delayed 3 second(s)

2021-12-02 17:56:44 - [TEST_STEP][PASSED] - scroll.scroll.scrollScreenRightToLeft(findTestObject("Object Repository/Mobile/Page/News/Tab - Macro News")): scroll.scroll.scrollScreenRightToLeft is PASSED

2021-12-02 17:56:44 - [MESSAGE][WARNING] - Timeout '0' is invalid. Using default page load timeout: '60'

2021-12-02 17:56:44 - [MESSAGE][PASSED] - Object 'Object Repository/Mobile/Page/News/Tab - Macro News' has left position '14'

2021-12-02 17:56:44 - [MESSAGE][WARNING] - Timeout '0' is invalid. Using default page load timeout: '60'

2021-12-02 17:56:45 - [MESSAGE][PASSED] - Object 'Object Repository/Mobile/Page/News/Tab - Macro News' has top position '262'

2021-12-02 17:56:45 - [MESSAGE][WARNING] - Timeout '0' is invalid. Using default page load timeout: '60'

2021-12-02 17:56:45 - [MESSAGE][PASSED] - Object 'Object Repository/Mobile/Page/News/Tab - Macro News' has width: '215'

2021-12-02 17:56:45 - [MESSAGE][WARNING] - Timeout '0' is invalid. Using default page load timeout: '60'

2021-12-02 17:56:45 - [MESSAGE][PASSED] - Object 'Object Repository/Mobile/Page/News/Tab - Macro News' has height: '84'

2021-12-02 17:56:45 - [MESSAGE][PASSED] - Current device physical width is 720

2021-12-02 17:56:46 - [MESSAGE][PASSED] - Swiped from 620,304 to 100,304

2021-12-02 17:56:46 - [MESSAGE][PASSED] - scroll.scroll.scrollScreenRightToLeft is PASSED

2021-12-02 17:56:46 - [TEST_STEP][PASSED] - delay(1): Delayed 1 second(s)

2021-12-02 17:56:47 - [MESSAGE][PASSED] - Delayed 1 second(s)

2021-12-02 17:56:47 - [TEST_STEP][PASSED] - tap(findTestObject("Object Repository/Mobile/Page/News/Tab - World Indices"), 0): Tapped on element 'Object Repository/Mobile/Page/News/Tab - World Indices'

2021-12-02 17:56:47 - [MESSAGE][WARNING] - Timeout '0' is invalid. Using default page load timeout: '60'

2021-12-02 17:56:48 - [MESSAGE][PASSED] - Tapped on element 'Object Repository/Mobile/Page/News/Tab - World Indices'

2021-12-02 17:56:48 - [TEST_STEP][PASSED] - delay(1): Delayed 1 second(s)

2021-12-02 17:56:49 - [MESSAGE][PASSED] - Delayed 1 second(s)

2021-12-02 17:56:49 - [TEST_STEP][PASSED] - tap(findTestObject("Object Repository/Mobile/Page/News/Button - Indices"), 0): Tapped on element 'Object Repository/Mobile/Page/News/Button - Indices'

2021-12-02 17:56:49 - [MESSAGE][WARNING] - Timeout '0' is invalid. Using default page load timeout: '60'

2021-12-02 17:56:50 - [MESSAGE][PASSED] - Tapped on element 'Object Repository/Mobile/Page/News/Button - Indices'

2021-12-02 17:56:50 - [TEST_STEP][PASSED] - delay(3): Delayed 3 second(s)

2021-12-02 17:56:53 - [MESSAGE][PASSED] - Delayed 3 second(s)

2021-12-02 17:56:53 - [TEST_STEP][PASSED] - tap(findTestObject("Object Repository/Mobile/Page/News/Button - Currencies"), 0): Tapped on element 'Object Repository/Mobile/Page/News/Button - Currencies'

2021-12-02 17:56:53 - [MESSAGE][WARNING] - Timeout '0' is invalid. Using default page load timeout: '60'

2021-12-02 17:56:54 - [MESSAGE][PASSED] - Tapped on element 'Object Repository/Mobile/Page/News/Button - Currencies'

2021-12-02 17:56:54 - [TEST_STEP][PASSED] - delay(3): Delayed 3 second(s)

2021-12-02 17:56:57 - [MESSAGE][PASSED] - Delayed 3 second(s)

2021-12-02 17:56:57 - [TEST_STEP][PASSED] - tap(findTestObject("Object Repository/Mobile/Page/News/Button - Commodites"), 0): Tapped on element 'Object Repository/Mobile/Page/News/Button - Commodites'

2021-12-02 17:56:57 - [MESSAGE][WARNING] - Timeout '0' is invalid. Using default page load timeout: '60'

2021-12-02 17:56:58 - [MESSAGE][PASSED] - Tapped on element 'Object Repository/Mobile/Page/News/Button - Commodites'

2021-12-02 17:56:58 - [TEST_STEP][PASSED] - delay(3): Delayed 3 second(s)

2021-12-02 17:57:01 - [MESSAGE][PASSED] - Delayed 3 second(s)

2021-12-02 17:57:01 - [TEST_STEP][PASSED] - delay(1): Delayed 1 second(s)

2021-12-02 17:57:02 - [MESSAGE][PASSED] - Delayed 1 second(s)

2021-12-02 17:57:02 - [TEST_STEP][PASSED] - if (tab != "worldindices"): null

2021-12-02 17:57:02 - [MESSAGE][PASSED] - Call Test Case 'Test Cases/Mobile/Page/News/News' successfully

2021-12-02 17:57:02 - [TEST_STEP][PASSED] - callTestCase(findTestCase("Mobile/Page/Run App/Terminate App"), [:], STOP_ON_FAILURE): Call Test Case 'Test Cases/Mobile/Page/Run App/Terminate App' successfully

2021-12-02 17:57:02 - [TEST_CASE][PASSED] - Test Cases/Mobile/Page/Run App/Terminate App: Test Cases/Mobile/Page/Run App/Terminate App

2021-12-02 17:57:02 - [TEST_STEP][PASSED] - startApp.OpenApp.terminateApplication(): startApp.OpenApp.terminateApplication is PASSED

2021-12-02 17:57:06 - [MESSAGE][PASSED] - Delayed 3 second(s)

2021-12-02 17:57:06 - [MESSAGE][PASSED] - Current device physical width is 720

2021-12-02 17:57:06 - [MESSAGE][PASSED] - Current device physical height is 1423

2021-12-02 17:57:07 - [MESSAGE][PASSED] - Swiped from 360,853 to 360,142

2021-12-02 17:57:08 - [MESSAGE][PASSED] - Delayed 1 second(s)

2021-12-02 17:57:10 - [MESSAGE][PASSED] - Swiped from 360,853 to 360,142

2021-12-02 17:57:13 - [MESSAGE][PASSED] - Delayed 3 second(s)

2021-12-02 17:57:13 - [MESSAGE][PASSED] - startApp.OpenApp.terminateApplication is PASSED

2021-12-02 17:57:13 - [MESSAGE][PASSED] - Call Test Case 'Test Cases/Mobile/Page/Run App/Terminate App' successfully]]></system-out>
         <system-err><![CDATA[]]></system-err>
      </testcase>
      <testcase name="Test Cases/Mobile/Scenario/News/002 - News Stock" time="68.954" classname="Test Cases/Mobile/Scenario/News/002 - News Stock" status="PASSED">
         <system-out><![CDATA[2021-12-02 17:57:13 - [TEST_CASE][PASSED] - Test Cases/Mobile/Scenario/News/002 - News Stock: Test Cases/Mobile/Scenario/News/002 - News Stock

2021-12-02 17:57:13 - [TEST_STEP][PASSED] - callTestCase(findTestCase("Mobile/Page/Run App/Run App byID"), [:], STOP_ON_FAILURE): Call Test Case 'Test Cases/Mobile/Page/Run App/Run App byID' successfully

2021-12-02 17:57:13 - [TEST_CASE][PASSED] - Test Cases/Mobile/Page/Run App/Run App byID: Test Cases/Mobile/Page/Run App/Run App byID

2021-12-02 17:57:13 - [TEST_STEP][PASSED] - startApp.OpenApp.startApplication("id.co.miraeasset.sageclub"): startApp.OpenApp.startApplication is PASSED

2021-12-02 17:57:29 - [MESSAGE][PASSED] - Starting app with application ID: 'id.co.miraeasset.sageclub'

2021-12-02 17:57:29 - [MESSAGE][PASSED] - startApp.OpenApp.startApplication is PASSED

2021-12-02 17:57:29 - [MESSAGE][PASSED] - Call Test Case 'Test Cases/Mobile/Page/Run App/Run App byID' successfully

2021-12-02 17:57:29 - [TEST_STEP][PASSED] - callTestCase(findTestCase("Mobile/Page/News/News"), ["tab":"stocknews"], CONTINUE_ON_FAILURE): Call Test Case 'Test Cases/Mobile/Page/News/News' successfully

2021-12-02 17:57:29 - [TEST_CASE][PASSED] - Test Cases/Mobile/Page/News/News: Test Cases/Mobile/Page/News/News

2021-12-02 17:57:29 - [TEST_STEP][PASSED] - loginCheck = verifyElementExist(findTestObject("Object Repository/Mobile/Page/Login/Button - Login"), 2, CONTINUE_ON_FAILURE): Element 'Object Repository/Mobile/Page/Login/Button - Login' is exist

2021-12-02 17:57:33 - [MESSAGE][PASSED] - Element 'Object Repository/Mobile/Page/Login/Button - Login' is exist

2021-12-02 17:57:33 - [TEST_STEP][PASSED] - if (loginCheck): Call Test Case 'Test Cases/Mobile/Page/Login/Login' successfully

2021-12-02 17:57:33 - [TEST_STEP][PASSED] - callTestCase(findTestCase("Mobile/Page/Login/Login"), [:], CONTINUE_ON_FAILURE): Call Test Case 'Test Cases/Mobile/Page/Login/Login' successfully

2021-12-02 17:57:33 - [TEST_CASE][PASSED] - Test Cases/Mobile/Page/Login/Login: Test Cases/Mobile/Page/Login/Login

2021-12-02 17:57:33 - [TEST_STEP][PASSED] - delay(2): Delayed 2 second(s)

2021-12-02 17:57:35 - [MESSAGE][PASSED] - Delayed 2 second(s)

2021-12-02 17:57:35 - [TEST_STEP][PASSED] - tap(findTestObject("Object Repository/Mobile/Page/Login/Input - UserID"), 0): Tapped on element 'Object Repository/Mobile/Page/Login/Input - UserID'

2021-12-02 17:57:35 - [MESSAGE][WARNING] - Timeout '0' is invalid. Using default page load timeout: '60'

2021-12-02 17:57:35 - [MESSAGE][PASSED] - Tapped on element 'Object Repository/Mobile/Page/Login/Input - UserID'

2021-12-02 17:57:35 - [TEST_STEP][PASSED] - delay(1): Delayed 1 second(s)

2021-12-02 17:57:36 - [MESSAGE][PASSED] - Delayed 1 second(s)

2021-12-02 17:57:36 - [TEST_STEP][PASSED] - setText(findTestObject("Object Repository/Mobile/Page/Login/Input Rdy - UserID"), "anggaaditya", 0): Text 'anggaaditya' has been set to element 'Object Repository/Mobile/Page/Login/Input Rdy - UserID'

2021-12-02 17:57:36 - [MESSAGE][WARNING] - Timeout '0' is invalid. Using default page load timeout: '60'

2021-12-02 17:57:37 - [MESSAGE][PASSED] - Text 'anggaaditya' has been set to element 'Object Repository/Mobile/Page/Login/Input Rdy - UserID'

2021-12-02 17:57:37 - [TEST_STEP][PASSED] - delay(1): Delayed 1 second(s)

2021-12-02 17:57:38 - [MESSAGE][PASSED] - Delayed 1 second(s)

2021-12-02 17:57:38 - [TEST_STEP][PASSED] - hideKeyboard(): Keyboard is hidden

2021-12-02 17:57:45 - [MESSAGE][PASSED] - Keyboard is hidden

2021-12-02 17:57:45 - [TEST_STEP][PASSED] - tap(findTestObject("Object Repository/Mobile/Page/Login/Input - Password"), 0): Tapped on element 'Object Repository/Mobile/Page/Login/Input - Password'

2021-12-02 17:57:46 - [MESSAGE][WARNING] - Timeout '0' is invalid. Using default page load timeout: '60'

2021-12-02 17:57:46 - [MESSAGE][PASSED] - Tapped on element 'Object Repository/Mobile/Page/Login/Input - Password'

2021-12-02 17:57:46 - [TEST_STEP][PASSED] - delay(1): Delayed 1 second(s)

2021-12-02 17:57:47 - [MESSAGE][PASSED] - Delayed 1 second(s)

2021-12-02 17:57:47 - [TEST_STEP][PASSED] - setText(findTestObject("Object Repository/Mobile/Page/Login/Input Rdy - Password"), "Shalawa18", 0): Text 'Shalawa18' has been set to element 'Object Repository/Mobile/Page/Login/Input Rdy - Password'

2021-12-02 17:57:47 - [MESSAGE][WARNING] - Timeout '0' is invalid. Using default page load timeout: '60'

2021-12-02 17:57:48 - [MESSAGE][PASSED] - Text 'Shalawa18' has been set to element 'Object Repository/Mobile/Page/Login/Input Rdy - Password'

2021-12-02 17:57:48 - [TEST_STEP][PASSED] - delay(1): Delayed 1 second(s)

2021-12-02 17:57:49 - [MESSAGE][PASSED] - Delayed 1 second(s)

2021-12-02 17:57:49 - [TEST_STEP][PASSED] - hideKeyboard(): Keyboard is hidden

2021-12-02 17:57:55 - [MESSAGE][PASSED] - Keyboard is hidden

2021-12-02 17:57:55 - [TEST_STEP][PASSED] - tap(findTestObject("Object Repository/Mobile/Page/Login/Button - Login"), 0): Tapped on element 'Object Repository/Mobile/Page/Login/Button - Login'

2021-12-02 17:57:55 - [MESSAGE][WARNING] - Timeout '0' is invalid. Using default page load timeout: '60'

2021-12-02 17:57:56 - [MESSAGE][PASSED] - Tapped on element 'Object Repository/Mobile/Page/Login/Button - Login'

2021-12-02 17:57:56 - [TEST_STEP][PASSED] - delay(2): Delayed 2 second(s)

2021-12-02 17:57:58 - [MESSAGE][PASSED] - Delayed 2 second(s)

2021-12-02 17:57:58 - [MESSAGE][PASSED] - Call Test Case 'Test Cases/Mobile/Page/Login/Login' successfully

2021-12-02 17:57:58 - [TEST_STEP][PASSED] - tap(findTestObject("Object Repository/Mobile/Page/Home/Menubar - News"), 0): Tapped on element 'Object Repository/Mobile/Page/Home/Menubar - News'

2021-12-02 17:57:58 - [MESSAGE][WARNING] - Timeout '0' is invalid. Using default page load timeout: '60'

2021-12-02 17:57:59 - [MESSAGE][PASSED] - Tapped on element 'Object Repository/Mobile/Page/Home/Menubar - News'

2021-12-02 17:57:59 - [TEST_STEP][PASSED] - delay(1): Delayed 1 second(s)

2021-12-02 17:58:00 - [MESSAGE][PASSED] - Delayed 1 second(s)

2021-12-02 17:58:00 - [TEST_STEP][PASSED] - for ([i = 0, i < 1, (i++)]): Delayed 3 second(s)

2021-12-02 17:58:00 - [TEST_STEP][PASSED] - if (tab == "macronews"): null

2021-12-02 17:58:00 - [TEST_STEP][PASSED] - else if (tab == "stocknews"): Tapped on element 'Object Repository/Mobile/Page/News/Tab - Stock News'

2021-12-02 17:58:00 - [TEST_STEP][PASSED] - tap(findTestObject("Object Repository/Mobile/Page/News/Tab - Stock News"), 0): Tapped on element 'Object Repository/Mobile/Page/News/Tab - Stock News'

2021-12-02 17:58:00 - [MESSAGE][WARNING] - Timeout '0' is invalid. Using default page load timeout: '60'

2021-12-02 17:58:01 - [MESSAGE][PASSED] - Tapped on element 'Object Repository/Mobile/Page/News/Tab - Stock News'

2021-12-02 17:58:01 - [TEST_STEP][PASSED] - delay(1): Delayed 1 second(s)

2021-12-02 17:58:02 - [MESSAGE][PASSED] - Delayed 1 second(s)

2021-12-02 17:58:02 - [TEST_STEP][PASSED] - if (tab != "worldindices"): Delayed 3 second(s)

2021-12-02 17:58:02 - [TEST_STEP][PASSED] - try: Delayed 3 second(s)

2021-12-02 17:58:02 - [TEST_STEP][PASSED] - topnews = verifyElementExist(findTestObject("Object Repository/Mobile/Page/News/Item - Top News"), 0): Element 'Object Repository/Mobile/Page/News/Item - Top News' is exist

2021-12-02 17:58:02 - [MESSAGE][WARNING] - Timeout '0' is invalid. Using default page load timeout: '60'

2021-12-02 17:58:03 - [MESSAGE][PASSED] - Element 'Object Repository/Mobile/Page/News/Item - Top News' is exist

2021-12-02 17:58:03 - [TEST_STEP][PASSED] - if (topnews): Delayed 3 second(s)

2021-12-02 17:58:03 - [TEST_STEP][PASSED] - tapAndHold(findTestObject("Object Repository/Mobile/Page/News/Item - Top News"), 1, 0): Tapped and held on element 'Object Repository/Mobile/Page/News/Item - Top News' with duration 1

2021-12-02 17:58:03 - [MESSAGE][WARNING] - Timeout '0' is invalid. Using default page load timeout: '60'

2021-12-02 17:58:06 - [MESSAGE][PASSED] - Tapped and held on element 'Object Repository/Mobile/Page/News/Item - Top News' with duration 1

2021-12-02 17:58:06 - [TEST_STEP][PASSED] - delay(1): Delayed 1 second(s)

2021-12-02 17:58:07 - [MESSAGE][PASSED] - Delayed 1 second(s)

2021-12-02 17:58:07 - [TEST_STEP][PASSED] - scroll.scroll.scrollScreenBottomToTop(): scroll.scroll.scrollScreenBottomToTop is PASSED

2021-12-02 17:58:07 - [MESSAGE][PASSED] - Current device physical height is 1423

2021-12-02 17:58:07 - [MESSAGE][PASSED] - Current device physical width is 720

2021-12-02 17:58:08 - [MESSAGE][PASSED] - Swiped from 360,1,138 to 360,284

2021-12-02 17:58:08 - [MESSAGE][PASSED] - scroll.scroll.scrollScreenBottomToTop is PASSED

2021-12-02 17:58:08 - [TEST_STEP][PASSED] - delay(3): Delayed 3 second(s)

2021-12-02 17:58:11 - [MESSAGE][PASSED] - Delayed 3 second(s)

2021-12-02 17:58:11 - [MESSAGE][PASSED] - Call Test Case 'Test Cases/Mobile/Page/News/News' successfully

2021-12-02 17:58:11 - [TEST_STEP][PASSED] - callTestCase(findTestCase("Mobile/Page/Run App/Terminate App"), [:], STOP_ON_FAILURE): Call Test Case 'Test Cases/Mobile/Page/Run App/Terminate App' successfully

2021-12-02 17:58:12 - [TEST_CASE][PASSED] - Test Cases/Mobile/Page/Run App/Terminate App: Test Cases/Mobile/Page/Run App/Terminate App

2021-12-02 17:58:12 - [TEST_STEP][PASSED] - startApp.OpenApp.terminateApplication(): startApp.OpenApp.terminateApplication is PASSED

2021-12-02 17:58:15 - [MESSAGE][PASSED] - Delayed 3 second(s)

2021-12-02 17:58:15 - [MESSAGE][PASSED] - Current device physical width is 720

2021-12-02 17:58:15 - [MESSAGE][PASSED] - Current device physical height is 1423

2021-12-02 17:58:16 - [MESSAGE][PASSED] - Swiped from 360,853 to 360,142

2021-12-02 17:58:17 - [MESSAGE][PASSED] - Delayed 1 second(s)

2021-12-02 17:58:19 - [MESSAGE][PASSED] - Swiped from 360,853 to 360,142

2021-12-02 17:58:22 - [MESSAGE][PASSED] - Delayed 3 second(s)

2021-12-02 17:58:22 - [MESSAGE][PASSED] - startApp.OpenApp.terminateApplication is PASSED

2021-12-02 17:58:22 - [MESSAGE][PASSED] - Call Test Case 'Test Cases/Mobile/Page/Run App/Terminate App' successfully]]></system-out>
         <system-err><![CDATA[]]></system-err>
      </testcase>
      <testcase name="Test Cases/Mobile/Scenario/News/003 - News Fund" time="124.218" classname="Test Cases/Mobile/Scenario/News/003 - News Fund" status="PASSED">
         <system-out><![CDATA[2021-12-02 17:58:22 - [TEST_CASE][PASSED] - Test Cases/Mobile/Scenario/News/003 - News Fund: Test Cases/Mobile/Scenario/News/003 - News Fund

2021-12-02 17:58:22 - [TEST_STEP][PASSED] - callTestCase(findTestCase("Mobile/Page/Run App/Run App byID"), [:], STOP_ON_FAILURE): Call Test Case 'Test Cases/Mobile/Page/Run App/Run App byID' successfully

2021-12-02 17:58:22 - [TEST_CASE][PASSED] - Test Cases/Mobile/Page/Run App/Run App byID: Test Cases/Mobile/Page/Run App/Run App byID

2021-12-02 17:58:22 - [TEST_STEP][PASSED] - startApp.OpenApp.startApplication("id.co.miraeasset.sageclub"): startApp.OpenApp.startApplication is PASSED

2021-12-02 17:58:37 - [MESSAGE][PASSED] - Starting app with application ID: 'id.co.miraeasset.sageclub'

2021-12-02 17:58:37 - [MESSAGE][PASSED] - startApp.OpenApp.startApplication is PASSED

2021-12-02 17:58:37 - [MESSAGE][PASSED] - Call Test Case 'Test Cases/Mobile/Page/Run App/Run App byID' successfully

2021-12-02 17:58:37 - [TEST_STEP][PASSED] - callTestCase(findTestCase("Mobile/Page/News/News"), ["tab":"fundnews"], CONTINUE_ON_FAILURE): Call Test Case 'Test Cases/Mobile/Page/News/News' successfully

2021-12-02 17:58:37 - [TEST_CASE][PASSED] - Test Cases/Mobile/Page/News/News: Test Cases/Mobile/Page/News/News

2021-12-02 17:58:37 - [TEST_STEP][PASSED] - loginCheck = verifyElementExist(findTestObject("Object Repository/Mobile/Page/Login/Button - Login"), 2, CONTINUE_ON_FAILURE): Element 'Object Repository/Mobile/Page/Login/Button - Login' is exist

2021-12-02 17:58:39 - [MESSAGE][PASSED] - Element 'Object Repository/Mobile/Page/Login/Button - Login' is exist

2021-12-02 17:58:39 - [TEST_STEP][PASSED] - if (loginCheck): Call Test Case 'Test Cases/Mobile/Page/Login/Login' successfully

2021-12-02 17:58:39 - [TEST_STEP][PASSED] - callTestCase(findTestCase("Mobile/Page/Login/Login"), [:], CONTINUE_ON_FAILURE): Call Test Case 'Test Cases/Mobile/Page/Login/Login' successfully

2021-12-02 17:58:39 - [TEST_CASE][PASSED] - Test Cases/Mobile/Page/Login/Login: Test Cases/Mobile/Page/Login/Login

2021-12-02 17:58:39 - [TEST_STEP][PASSED] - delay(2): Delayed 2 second(s)

2021-12-02 17:58:41 - [MESSAGE][PASSED] - Delayed 2 second(s)

2021-12-02 17:58:41 - [TEST_STEP][PASSED] - tap(findTestObject("Object Repository/Mobile/Page/Login/Input - UserID"), 0): Tapped on element 'Object Repository/Mobile/Page/Login/Input - UserID'

2021-12-02 17:58:42 - [MESSAGE][WARNING] - Timeout '0' is invalid. Using default page load timeout: '60'

2021-12-02 17:58:42 - [MESSAGE][PASSED] - Tapped on element 'Object Repository/Mobile/Page/Login/Input - UserID'

2021-12-02 17:58:42 - [TEST_STEP][PASSED] - delay(1): Delayed 1 second(s)

2021-12-02 17:58:43 - [MESSAGE][PASSED] - Delayed 1 second(s)

2021-12-02 17:58:43 - [TEST_STEP][PASSED] - setText(findTestObject("Object Repository/Mobile/Page/Login/Input Rdy - UserID"), "anggaaditya", 0): Text 'anggaaditya' has been set to element 'Object Repository/Mobile/Page/Login/Input Rdy - UserID'

2021-12-02 17:58:43 - [MESSAGE][WARNING] - Timeout '0' is invalid. Using default page load timeout: '60'

2021-12-02 17:58:44 - [MESSAGE][PASSED] - Text 'anggaaditya' has been set to element 'Object Repository/Mobile/Page/Login/Input Rdy - UserID'

2021-12-02 17:58:44 - [TEST_STEP][PASSED] - delay(1): Delayed 1 second(s)

2021-12-02 17:58:45 - [MESSAGE][PASSED] - Delayed 1 second(s)

2021-12-02 17:58:45 - [TEST_STEP][PASSED] - hideKeyboard(): Keyboard is hidden

2021-12-02 17:58:52 - [MESSAGE][PASSED] - Keyboard is hidden

2021-12-02 17:58:53 - [TEST_STEP][PASSED] - tap(findTestObject("Object Repository/Mobile/Page/Login/Input - Password"), 0): Tapped on element 'Object Repository/Mobile/Page/Login/Input - Password'

2021-12-02 17:58:53 - [MESSAGE][WARNING] - Timeout '0' is invalid. Using default page load timeout: '60'

2021-12-02 17:58:53 - [MESSAGE][PASSED] - Tapped on element 'Object Repository/Mobile/Page/Login/Input - Password'

2021-12-02 17:58:53 - [TEST_STEP][PASSED] - delay(1): Delayed 1 second(s)

2021-12-02 17:58:54 - [MESSAGE][PASSED] - Delayed 1 second(s)

2021-12-02 17:58:54 - [TEST_STEP][PASSED] - setText(findTestObject("Object Repository/Mobile/Page/Login/Input Rdy - Password"), "Shalawa18", 0): Text 'Shalawa18' has been set to element 'Object Repository/Mobile/Page/Login/Input Rdy - Password'

2021-12-02 17:58:54 - [MESSAGE][WARNING] - Timeout '0' is invalid. Using default page load timeout: '60'

2021-12-02 17:58:55 - [MESSAGE][PASSED] - Text 'Shalawa18' has been set to element 'Object Repository/Mobile/Page/Login/Input Rdy - Password'

2021-12-02 17:58:55 - [TEST_STEP][PASSED] - delay(1): Delayed 1 second(s)

2021-12-02 17:58:56 - [MESSAGE][PASSED] - Delayed 1 second(s)

2021-12-02 17:58:56 - [TEST_STEP][PASSED] - hideKeyboard(): Keyboard is hidden

2021-12-02 17:59:06 - [MESSAGE][PASSED] - Keyboard is hidden

2021-12-02 17:59:06 - [TEST_STEP][PASSED] - tap(findTestObject("Object Repository/Mobile/Page/Login/Button - Login"), 0): Tapped on element 'Object Repository/Mobile/Page/Login/Button - Login'

2021-12-02 17:59:06 - [MESSAGE][WARNING] - Timeout '0' is invalid. Using default page load timeout: '60'

2021-12-02 17:59:07 - [MESSAGE][PASSED] - Tapped on element 'Object Repository/Mobile/Page/Login/Button - Login'

2021-12-02 17:59:07 - [TEST_STEP][PASSED] - delay(2): Delayed 2 second(s)

2021-12-02 17:59:09 - [MESSAGE][PASSED] - Delayed 2 second(s)

2021-12-02 17:59:09 - [MESSAGE][PASSED] - Call Test Case 'Test Cases/Mobile/Page/Login/Login' successfully

2021-12-02 17:59:09 - [TEST_STEP][PASSED] - tap(findTestObject("Object Repository/Mobile/Page/Home/Menubar - News"), 0): Tapped on element 'Object Repository/Mobile/Page/Home/Menubar - News'

2021-12-02 17:59:09 - [MESSAGE][WARNING] - Timeout '0' is invalid. Using default page load timeout: '60'

2021-12-02 17:59:10 - [MESSAGE][PASSED] - Tapped on element 'Object Repository/Mobile/Page/Home/Menubar - News'

2021-12-02 17:59:10 - [TEST_STEP][PASSED] - delay(1): Delayed 1 second(s)

2021-12-02 17:59:11 - [MESSAGE][PASSED] - Delayed 1 second(s)

2021-12-02 17:59:11 - [TEST_STEP][FAILED] - for ([i = 0, i < 1, (i++)]): null

2021-12-02 17:59:11 - [TEST_STEP][PASSED] - if (tab == "macronews"): null

2021-12-02 17:59:11 - [TEST_STEP][PASSED] - else if (tab == "stocknews"): null

2021-12-02 17:59:11 - [TEST_STEP][PASSED] - else if (tab == "fundnews"): Tapped on element 'Object Repository/Mobile/Page/News/Tab - Fund News'

2021-12-02 17:59:11 - [TEST_STEP][PASSED] - tap(findTestObject("Object Repository/Mobile/Page/News/Tab - Fund News"), 0): Tapped on element 'Object Repository/Mobile/Page/News/Tab - Fund News'

2021-12-02 17:59:11 - [MESSAGE][WARNING] - Timeout '0' is invalid. Using default page load timeout: '60'

2021-12-02 17:59:12 - [MESSAGE][PASSED] - Tapped on element 'Object Repository/Mobile/Page/News/Tab - Fund News'

2021-12-02 17:59:12 - [TEST_STEP][PASSED] - delay(1): Delayed 1 second(s)

2021-12-02 17:59:13 - [MESSAGE][PASSED] - Delayed 1 second(s)

2021-12-02 17:59:13 - [TEST_STEP][FAILED] - if (tab != "worldindices"): null

2021-12-02 17:59:13 - [TEST_STEP][FAILED] - try: Failed to check for element 'Object Repository/Mobile/Page/News/Item - Top News' exist (Root cause: com.kms.katalon.core.exception.StepFailedException: Element 'Object Repository/Mobile/Page/News/Item - Top News' not found
	at com.kms.katalon.core.keyword.internal.KeywordMain.stepFailed(KeywordMain.groovy:50)
	at com.kms.katalon.core.mobile.keyword.internal.MobileKeywordMain.stepFailed(MobileKeywordMain.groovy:40)
	at com.kms.katalon.core.mobile.keyword.builtin.VerifyElementExistKeyword$_verifyElementExist_closure1.doCall(VerifyElementExistKeyword.groovy:77)
	at com.kms.katalon.core.mobile.keyword.builtin.VerifyElementExistKeyword$_verifyElementExist_closure1.call(VerifyElementExistKeyword.groovy)
	at com.kms.katalon.core.mobile.keyword.internal.MobileKeywordMain.runKeyword(MobileKeywordMain.groovy:21)
	at com.kms.katalon.core.mobile.keyword.builtin.VerifyElementExistKeyword.verifyElementExist(VerifyElementExistKeyword.groovy:80)
	at com.kms.katalon.core.mobile.keyword.builtin.VerifyElementExistKeyword.execute(VerifyElementExistKeyword.groovy:64)
	at com.kms.katalon.core.keyword.internal.KeywordExecutor.executeKeywordForPlatform(KeywordExecutor.groovy:73)
	at com.kms.katalon.core.mobile.keyword.MobileBuiltInKeywords.verifyElementExist(MobileBuiltInKeywords.groovy:1586)
	at com.kms.katalon.core.mobile.keyword.MobileBuiltInKeywords$verifyElementExist$11.call(Unknown Source)
	at News.run(News:59)
	at com.kms.katalon.core.main.ScriptEngine.run(ScriptEngine.java:194)
	at com.kms.katalon.core.main.ScriptEngine.runScriptAsRawText(ScriptEngine.java:119)
	at com.kms.katalon.core.main.TestCaseExecutor.runScript(TestCaseExecutor.java:398)
	at com.kms.katalon.core.main.TestCaseExecutor.doExecute(TestCaseExecutor.java:389)
	at com.kms.katalon.core.main.TestCaseExecutor.processExecutionPhase(TestCaseExecutor.java:368)
	at com.kms.katalon.core.main.TestCaseExecutor.accessMainPhase(TestCaseExecutor.java:360)
	at com.kms.katalon.core.main.TestCaseExecutor.execute(TestCaseExecutor.java:255)
	at com.kms.katalon.core.main.TestCaseMain.runTestCase(TestCaseMain.java:114)
	at com.kms.katalon.core.keyword.builtin.CallTestCaseKeyword$_callTestCase_closure1.doCall(CallTestCaseKeyword.groovy:59)
	at com.kms.katalon.core.keyword.builtin.CallTestCaseKeyword$_callTestCase_closure1.call(CallTestCaseKeyword.groovy)
	at com.kms.katalon.core.keyword.internal.KeywordMain.runKeyword(KeywordMain.groovy:68)
	at com.kms.katalon.core.keyword.builtin.CallTestCaseKeyword.callTestCase(CallTestCaseKeyword.groovy:81)
	at com.kms.katalon.core.keyword.builtin.CallTestCaseKeyword.execute(CallTestCaseKeyword.groovy:44)
	at com.kms.katalon.core.keyword.internal.KeywordExecutor.executeKeywordForPlatform(KeywordExecutor.groovy:73)
	at com.kms.katalon.core.keyword.BuiltinKeywords.callTestCase(BuiltinKeywords.groovy:334)
	at 003 - News Fund.run(003 - News Fund:22)
	at com.kms.katalon.core.main.ScriptEngine.run(ScriptEngine.java:194)
	at com.kms.katalon.core.main.ScriptEngine.runScriptAsRawText(ScriptEngine.java:119)
	at com.kms.katalon.core.main.TestCaseExecutor.runScript(TestCaseExecutor.java:398)
	at com.kms.katalon.core.main.TestCaseExecutor.doExecute(TestCaseExecutor.java:389)
	at com.kms.katalon.core.main.TestCaseExecutor.processExecutionPhase(TestCaseExecutor.java:368)
	at com.kms.katalon.core.main.TestCaseExecutor.accessMainPhase(TestCaseExecutor.java:360)
	at com.kms.katalon.core.main.TestCaseExecutor.execute(TestCaseExecutor.java:255)
	at com.kms.katalon.core.main.TestSuiteExecutor.accessTestCaseMainPhase(TestSuiteExecutor.java:203)
	at com.kms.katalon.core.main.TestSuiteExecutor.accessTestSuiteMainPhase(TestSuiteExecutor.java:152)
	at com.kms.katalon.core.main.TestSuiteExecutor.execute(TestSuiteExecutor.java:95)
	at com.kms.katalon.core.main.TestCaseMain.startTestSuite(TestCaseMain.java:157)
	at com.kms.katalon.core.main.TestCaseMain$startTestSuite$0.call(Unknown Source)
	at TempTestSuite1638442533330.run(TempTestSuite1638442533330.groovy:39)
)

2021-12-02 17:59:13 - [TEST_STEP][FAILED] - topnews = verifyElementExist(findTestObject("Object Repository/Mobile/Page/News/Item - Top News"), 0): Failed to check for element 'Object Repository/Mobile/Page/News/Item - Top News' exist (Root cause: com.kms.katalon.core.exception.StepFailedException: Element 'Object Repository/Mobile/Page/News/Item - Top News' not found
	at com.kms.katalon.core.keyword.internal.KeywordMain.stepFailed(KeywordMain.groovy:50)
	at com.kms.katalon.core.mobile.keyword.internal.MobileKeywordMain.stepFailed(MobileKeywordMain.groovy:40)
	at com.kms.katalon.core.mobile.keyword.builtin.VerifyElementExistKeyword$_verifyElementExist_closure1.doCall(VerifyElementExistKeyword.groovy:77)
	at com.kms.katalon.core.mobile.keyword.builtin.VerifyElementExistKeyword$_verifyElementExist_closure1.call(VerifyElementExistKeyword.groovy)
	at com.kms.katalon.core.mobile.keyword.internal.MobileKeywordMain.runKeyword(MobileKeywordMain.groovy:21)
	at com.kms.katalon.core.mobile.keyword.builtin.VerifyElementExistKeyword.verifyElementExist(VerifyElementExistKeyword.groovy:80)
	at com.kms.katalon.core.mobile.keyword.builtin.VerifyElementExistKeyword.execute(VerifyElementExistKeyword.groovy:64)
	at com.kms.katalon.core.keyword.internal.KeywordExecutor.executeKeywordForPlatform(KeywordExecutor.groovy:73)
	at com.kms.katalon.core.mobile.keyword.MobileBuiltInKeywords.verifyElementExist(MobileBuiltInKeywords.groovy:1586)
	at com.kms.katalon.core.mobile.keyword.MobileBuiltInKeywords$verifyElementExist$11.call(Unknown Source)
	at News.run(News:59)
	at com.kms.katalon.core.main.ScriptEngine.run(ScriptEngine.java:194)
	at com.kms.katalon.core.main.ScriptEngine.runScriptAsRawText(ScriptEngine.java:119)
	at com.kms.katalon.core.main.TestCaseExecutor.runScript(TestCaseExecutor.java:398)
	at com.kms.katalon.core.main.TestCaseExecutor.doExecute(TestCaseExecutor.java:389)
	at com.kms.katalon.core.main.TestCaseExecutor.processExecutionPhase(TestCaseExecutor.java:368)
	at com.kms.katalon.core.main.TestCaseExecutor.accessMainPhase(TestCaseExecutor.java:360)
	at com.kms.katalon.core.main.TestCaseExecutor.execute(TestCaseExecutor.java:255)
	at com.kms.katalon.core.main.TestCaseMain.runTestCase(TestCaseMain.java:114)
	at com.kms.katalon.core.keyword.builtin.CallTestCaseKeyword$_callTestCase_closure1.doCall(CallTestCaseKeyword.groovy:59)
	at com.kms.katalon.core.keyword.builtin.CallTestCaseKeyword$_callTestCase_closure1.call(CallTestCaseKeyword.groovy)
	at com.kms.katalon.core.keyword.internal.KeywordMain.runKeyword(KeywordMain.groovy:68)
	at com.kms.katalon.core.keyword.builtin.CallTestCaseKeyword.callTestCase(CallTestCaseKeyword.groovy:81)
	at com.kms.katalon.core.keyword.builtin.CallTestCaseKeyword.execute(CallTestCaseKeyword.groovy:44)
	at com.kms.katalon.core.keyword.internal.KeywordExecutor.executeKeywordForPlatform(KeywordExecutor.groovy:73)
	at com.kms.katalon.core.keyword.BuiltinKeywords.callTestCase(BuiltinKeywords.groovy:334)
	at 003 - News Fund.run(003 - News Fund:22)
	at com.kms.katalon.core.main.ScriptEngine.run(ScriptEngine.java:194)
	at com.kms.katalon.core.main.ScriptEngine.runScriptAsRawText(ScriptEngine.java:119)
	at com.kms.katalon.core.main.TestCaseExecutor.runScript(TestCaseExecutor.java:398)
	at com.kms.katalon.core.main.TestCaseExecutor.doExecute(TestCaseExecutor.java:389)
	at com.kms.katalon.core.main.TestCaseExecutor.processExecutionPhase(TestCaseExecutor.java:368)
	at com.kms.katalon.core.main.TestCaseExecutor.accessMainPhase(TestCaseExecutor.java:360)
	at com.kms.katalon.core.main.TestCaseExecutor.execute(TestCaseExecutor.java:255)
	at com.kms.katalon.core.main.TestSuiteExecutor.accessTestCaseMainPhase(TestSuiteExecutor.java:203)
	at com.kms.katalon.core.main.TestSuiteExecutor.accessTestSuiteMainPhase(TestSuiteExecutor.java:152)
	at com.kms.katalon.core.main.TestSuiteExecutor.execute(TestSuiteExecutor.java:95)
	at com.kms.katalon.core.main.TestCaseMain.startTestSuite(TestCaseMain.java:157)
	at com.kms.katalon.core.main.TestCaseMain$startTestSuite$0.call(Unknown Source)
	at TempTestSuite1638442533330.run(TempTestSuite1638442533330.groovy:39)
)

2021-12-02 17:59:13 - [MESSAGE][WARNING] - Timeout '0' is invalid. Using default page load timeout: '60'

2021-12-02 18:00:15 - [MESSAGE][FAILED] - Element 'Object Repository/Mobile/Page/News/Item - Top News' not found
[[ATTACHMENT|C:\\Users\\Owner\\Documents\\kerjaan\\KatalonProject\\qa-katalon-maxfund2\\Reports\\20211202_175533\\news\\20211202_175533\\1638442813663.png]]

2021-12-02 18:00:16 - [MESSAGE][FAILED] - Failed to check for element 'Object Repository/Mobile/Page/News/Item - Top News' exist (Root cause: com.kms.katalon.core.exception.StepFailedException: Element 'Object Repository/Mobile/Page/News/Item - Top News' not found
	at com.kms.katalon.core.keyword.internal.KeywordMain.stepFailed(KeywordMain.groovy:50)
	at com.kms.katalon.core.mobile.keyword.internal.MobileKeywordMain.stepFailed(MobileKeywordMain.groovy:40)
	at com.kms.katalon.core.mobile.keyword.builtin.VerifyElementExistKeyword$_verifyElementExist_closure1.doCall(VerifyElementExistKeyword.groovy:77)
	at com.kms.katalon.core.mobile.keyword.builtin.VerifyElementExistKeyword$_verifyElementExist_closure1.call(VerifyElementExistKeyword.groovy)
	at com.kms.katalon.core.mobile.keyword.internal.MobileKeywordMain.runKeyword(MobileKeywordMain.groovy:21)
	at com.kms.katalon.core.mobile.keyword.builtin.VerifyElementExistKeyword.verifyElementExist(VerifyElementExistKeyword.groovy:80)
	at com.kms.katalon.core.mobile.keyword.builtin.VerifyElementExistKeyword.execute(VerifyElementExistKeyword.groovy:64)
	at com.kms.katalon.core.keyword.internal.KeywordExecutor.executeKeywordForPlatform(KeywordExecutor.groovy:73)
	at com.kms.katalon.core.mobile.keyword.MobileBuiltInKeywords.verifyElementExist(MobileBuiltInKeywords.groovy:1586)
	at com.kms.katalon.core.mobile.keyword.MobileBuiltInKeywords$verifyElementExist$11.call(Unknown Source)
	at News.run(News:59)
	at com.kms.katalon.core.main.ScriptEngine.run(ScriptEngine.java:194)
	at com.kms.katalon.core.main.ScriptEngine.runScriptAsRawText(ScriptEngine.java:119)
	at com.kms.katalon.core.main.TestCaseExecutor.runScript(TestCaseExecutor.java:398)
	at com.kms.katalon.core.main.TestCaseExecutor.doExecute(TestCaseExecutor.java:389)
	at com.kms.katalon.core.main.TestCaseExecutor.processExecutionPhase(TestCaseExecutor.java:368)
	at com.kms.katalon.core.main.TestCaseExecutor.accessMainPhase(TestCaseExecutor.java:360)
	at com.kms.katalon.core.main.TestCaseExecutor.execute(TestCaseExecutor.java:255)
	at com.kms.katalon.core.main.TestCaseMain.runTestCase(TestCaseMain.java:114)
	at com.kms.katalon.core.keyword.builtin.CallTestCaseKeyword$_callTestCase_closure1.doCall(CallTestCaseKeyword.groovy:59)
	at com.kms.katalon.core.keyword.builtin.CallTestCaseKeyword$_callTestCase_closure1.call(CallTestCaseKeyword.groovy)
	at com.kms.katalon.core.keyword.internal.KeywordMain.runKeyword(KeywordMain.groovy:68)
	at com.kms.katalon.core.keyword.builtin.CallTestCaseKeyword.callTestCase(CallTestCaseKeyword.groovy:81)
	at com.kms.katalon.core.keyword.builtin.CallTestCaseKeyword.execute(CallTestCaseKeyword.groovy:44)
	at com.kms.katalon.core.keyword.internal.KeywordExecutor.executeKeywordForPlatform(KeywordExecutor.groovy:73)
	at com.kms.katalon.core.keyword.BuiltinKeywords.callTestCase(BuiltinKeywords.groovy:334)
	at 003 - News Fund.run(003 - News Fund:22)
	at com.kms.katalon.core.main.ScriptEngine.run(ScriptEngine.java:194)
	at com.kms.katalon.core.main.ScriptEngine.runScriptAsRawText(ScriptEngine.java:119)
	at com.kms.katalon.core.main.TestCaseExecutor.runScript(TestCaseExecutor.java:398)
	at com.kms.katalon.core.main.TestCaseExecutor.doExecute(TestCaseExecutor.java:389)
	at com.kms.katalon.core.main.TestCaseExecutor.processExecutionPhase(TestCaseExecutor.java:368)
	at com.kms.katalon.core.main.TestCaseExecutor.accessMainPhase(TestCaseExecutor.java:360)
	at com.kms.katalon.core.main.TestCaseExecutor.execute(TestCaseExecutor.java:255)
	at com.kms.katalon.core.main.TestSuiteExecutor.accessTestCaseMainPhase(TestSuiteExecutor.java:203)
	at com.kms.katalon.core.main.TestSuiteExecutor.accessTestSuiteMainPhase(TestSuiteExecutor.java:152)
	at com.kms.katalon.core.main.TestSuiteExecutor.execute(TestSuiteExecutor.java:95)
	at com.kms.katalon.core.main.TestCaseMain.startTestSuite(TestCaseMain.java:157)
	at com.kms.katalon.core.main.TestCaseMain$startTestSuite$0.call(Unknown Source)
	at TempTestSuite1638442533330.run(TempTestSuite1638442533330.groovy:39)
)
[[ATTACHMENT|C:\\Users\\Owner\\Documents\\kerjaan\\KatalonProject\\qa-katalon-maxfund2\\Reports\\20211202_175533\\news\\20211202_175533\\1638442815213.png]]

2021-12-02 18:00:16 - [TEST_STEP][PASSED] - catch (Exception e): null

2021-12-02 18:00:16 - [MESSAGE][PASSED] - Call Test Case 'Test Cases/Mobile/Page/News/News' successfully

2021-12-02 18:00:16 - [TEST_STEP][PASSED] - callTestCase(findTestCase("Mobile/Page/Run App/Terminate App"), [:], STOP_ON_FAILURE): Call Test Case 'Test Cases/Mobile/Page/Run App/Terminate App' successfully

2021-12-02 18:00:16 - [TEST_CASE][PASSED] - Test Cases/Mobile/Page/Run App/Terminate App: Test Cases/Mobile/Page/Run App/Terminate App

2021-12-02 18:00:16 - [TEST_STEP][PASSED] - startApp.OpenApp.terminateApplication(): startApp.OpenApp.terminateApplication is PASSED

2021-12-02 18:00:19 - [MESSAGE][PASSED] - Delayed 3 second(s)

2021-12-02 18:00:19 - [MESSAGE][PASSED] - Current device physical width is 720

2021-12-02 18:00:19 - [MESSAGE][PASSED] - Current device physical height is 1423

2021-12-02 18:00:21 - [MESSAGE][PASSED] - Swiped from 360,853 to 360,142

2021-12-02 18:00:22 - [MESSAGE][PASSED] - Delayed 1 second(s)

2021-12-02 18:00:23 - [MESSAGE][PASSED] - Swiped from 360,853 to 360,142

2021-12-02 18:00:26 - [MESSAGE][PASSED] - Delayed 3 second(s)

2021-12-02 18:00:26 - [MESSAGE][PASSED] - startApp.OpenApp.terminateApplication is PASSED

2021-12-02 18:00:26 - [MESSAGE][PASSED] - Call Test Case 'Test Cases/Mobile/Page/Run App/Terminate App' successfully]]></system-out>
         <system-err><![CDATA[]]></system-err>
      </testcase>
      <testcase name="Test Cases/Mobile/Scenario/News/004 - Bond News" time="65.775" classname="Test Cases/Mobile/Scenario/News/004 - Bond News" status="PASSED">
         <system-out><![CDATA[2021-12-02 18:00:26 - [TEST_CASE][PASSED] - Test Cases/Mobile/Scenario/News/004 - Bond News: Test Cases/Mobile/Scenario/News/004 - Bond News

2021-12-02 18:00:26 - [TEST_STEP][PASSED] - callTestCase(findTestCase("Mobile/Page/Run App/Run App byID"), [:], STOP_ON_FAILURE): Call Test Case 'Test Cases/Mobile/Page/Run App/Run App byID' successfully

2021-12-02 18:00:26 - [TEST_CASE][PASSED] - Test Cases/Mobile/Page/Run App/Run App byID: Test Cases/Mobile/Page/Run App/Run App byID

2021-12-02 18:00:26 - [TEST_STEP][PASSED] - startApp.OpenApp.startApplication("id.co.miraeasset.sageclub"): startApp.OpenApp.startApplication is PASSED

2021-12-02 18:00:40 - [MESSAGE][PASSED] - Starting app with application ID: 'id.co.miraeasset.sageclub'

2021-12-02 18:00:40 - [MESSAGE][PASSED] - startApp.OpenApp.startApplication is PASSED

2021-12-02 18:00:40 - [MESSAGE][PASSED] - Call Test Case 'Test Cases/Mobile/Page/Run App/Run App byID' successfully

2021-12-02 18:00:40 - [TEST_STEP][PASSED] - callTestCase(findTestCase("Mobile/Page/News/News"), ["tab":"bondnews"], CONTINUE_ON_FAILURE): Call Test Case 'Test Cases/Mobile/Page/News/News' successfully

2021-12-02 18:00:40 - [TEST_CASE][PASSED] - Test Cases/Mobile/Page/News/News: Test Cases/Mobile/Page/News/News

2021-12-02 18:00:40 - [TEST_STEP][PASSED] - loginCheck = verifyElementExist(findTestObject("Object Repository/Mobile/Page/Login/Button - Login"), 2, CONTINUE_ON_FAILURE): Element 'Object Repository/Mobile/Page/Login/Button - Login' is exist

2021-12-02 18:00:43 - [MESSAGE][PASSED] - Element 'Object Repository/Mobile/Page/Login/Button - Login' is exist

2021-12-02 18:00:43 - [TEST_STEP][PASSED] - if (loginCheck): Call Test Case 'Test Cases/Mobile/Page/Login/Login' successfully

2021-12-02 18:00:43 - [TEST_STEP][PASSED] - callTestCase(findTestCase("Mobile/Page/Login/Login"), [:], CONTINUE_ON_FAILURE): Call Test Case 'Test Cases/Mobile/Page/Login/Login' successfully

2021-12-02 18:00:43 - [TEST_CASE][PASSED] - Test Cases/Mobile/Page/Login/Login: Test Cases/Mobile/Page/Login/Login

2021-12-02 18:00:43 - [TEST_STEP][PASSED] - delay(2): Delayed 2 second(s)

2021-12-02 18:00:45 - [MESSAGE][PASSED] - Delayed 2 second(s)

2021-12-02 18:00:45 - [TEST_STEP][PASSED] - tap(findTestObject("Object Repository/Mobile/Page/Login/Input - UserID"), 0): Tapped on element 'Object Repository/Mobile/Page/Login/Input - UserID'

2021-12-02 18:00:45 - [MESSAGE][WARNING] - Timeout '0' is invalid. Using default page load timeout: '60'

2021-12-02 18:00:45 - [MESSAGE][PASSED] - Tapped on element 'Object Repository/Mobile/Page/Login/Input - UserID'

2021-12-02 18:00:45 - [TEST_STEP][PASSED] - delay(1): Delayed 1 second(s)

2021-12-02 18:00:46 - [MESSAGE][PASSED] - Delayed 1 second(s)

2021-12-02 18:00:46 - [TEST_STEP][PASSED] - setText(findTestObject("Object Repository/Mobile/Page/Login/Input Rdy - UserID"), "anggaaditya", 0): Text 'anggaaditya' has been set to element 'Object Repository/Mobile/Page/Login/Input Rdy - UserID'

2021-12-02 18:00:46 - [MESSAGE][WARNING] - Timeout '0' is invalid. Using default page load timeout: '60'

2021-12-02 18:00:47 - [MESSAGE][PASSED] - Text 'anggaaditya' has been set to element 'Object Repository/Mobile/Page/Login/Input Rdy - UserID'

2021-12-02 18:00:47 - [TEST_STEP][PASSED] - delay(1): Delayed 1 second(s)

2021-12-02 18:00:48 - [MESSAGE][PASSED] - Delayed 1 second(s)

2021-12-02 18:00:48 - [TEST_STEP][PASSED] - hideKeyboard(): Keyboard is hidden

2021-12-02 18:00:53 - [MESSAGE][PASSED] - Keyboard is hidden

2021-12-02 18:00:53 - [TEST_STEP][PASSED] - tap(findTestObject("Object Repository/Mobile/Page/Login/Input - Password"), 0): Tapped on element 'Object Repository/Mobile/Page/Login/Input - Password'

2021-12-02 18:00:53 - [MESSAGE][WARNING] - Timeout '0' is invalid. Using default page load timeout: '60'

2021-12-02 18:00:53 - [MESSAGE][PASSED] - Tapped on element 'Object Repository/Mobile/Page/Login/Input - Password'

2021-12-02 18:00:53 - [TEST_STEP][PASSED] - delay(1): Delayed 1 second(s)

2021-12-02 18:00:54 - [MESSAGE][PASSED] - Delayed 1 second(s)

2021-12-02 18:00:54 - [TEST_STEP][PASSED] - setText(findTestObject("Object Repository/Mobile/Page/Login/Input Rdy - Password"), "Shalawa18", 0): Text 'Shalawa18' has been set to element 'Object Repository/Mobile/Page/Login/Input Rdy - Password'

2021-12-02 18:00:54 - [MESSAGE][WARNING] - Timeout '0' is invalid. Using default page load timeout: '60'

2021-12-02 18:00:55 - [MESSAGE][PASSED] - Text 'Shalawa18' has been set to element 'Object Repository/Mobile/Page/Login/Input Rdy - Password'

2021-12-02 18:00:55 - [TEST_STEP][PASSED] - delay(1): Delayed 1 second(s)

2021-12-02 18:00:56 - [MESSAGE][PASSED] - Delayed 1 second(s)

2021-12-02 18:00:56 - [TEST_STEP][PASSED] - hideKeyboard(): Keyboard is hidden

2021-12-02 18:01:02 - [MESSAGE][PASSED] - Keyboard is hidden

2021-12-02 18:01:02 - [TEST_STEP][PASSED] - tap(findTestObject("Object Repository/Mobile/Page/Login/Button - Login"), 0): Tapped on element 'Object Repository/Mobile/Page/Login/Button - Login'

2021-12-02 18:01:02 - [MESSAGE][WARNING] - Timeout '0' is invalid. Using default page load timeout: '60'

2021-12-02 18:01:03 - [MESSAGE][PASSED] - Tapped on element 'Object Repository/Mobile/Page/Login/Button - Login'

2021-12-02 18:01:03 - [TEST_STEP][PASSED] - delay(2): Delayed 2 second(s)

2021-12-02 18:01:05 - [MESSAGE][PASSED] - Delayed 2 second(s)

2021-12-02 18:01:05 - [MESSAGE][PASSED] - Call Test Case 'Test Cases/Mobile/Page/Login/Login' successfully

2021-12-02 18:01:05 - [TEST_STEP][PASSED] - tap(findTestObject("Object Repository/Mobile/Page/Home/Menubar - News"), 0): Tapped on element 'Object Repository/Mobile/Page/Home/Menubar - News'

2021-12-02 18:01:05 - [MESSAGE][WARNING] - Timeout '0' is invalid. Using default page load timeout: '60'

2021-12-02 18:01:06 - [MESSAGE][PASSED] - Tapped on element 'Object Repository/Mobile/Page/Home/Menubar - News'

2021-12-02 18:01:06 - [TEST_STEP][PASSED] - delay(1): Delayed 1 second(s)

2021-12-02 18:01:07 - [MESSAGE][PASSED] - Delayed 1 second(s)

2021-12-02 18:01:07 - [TEST_STEP][PASSED] - for ([i = 0, i < 1, (i++)]): Delayed 3 second(s)

2021-12-02 18:01:07 - [TEST_STEP][PASSED] - if (tab == "macronews"): null

2021-12-02 18:01:07 - [TEST_STEP][PASSED] - else if (tab == "stocknews"): null

2021-12-02 18:01:07 - [TEST_STEP][PASSED] - else if (tab == "fundnews"): null

2021-12-02 18:01:07 - [TEST_STEP][PASSED] - else if (tab == "bondnews"): Tapped on element 'Object Repository/Mobile/Page/News/Tab - Bond News'

2021-12-02 18:01:07 - [TEST_STEP][PASSED] - scroll.scroll.scrollScreenRightToLeft(findTestObject("Object Repository/Mobile/Page/News/Tab - Macro News")): scroll.scroll.scrollScreenRightToLeft is PASSED

2021-12-02 18:01:07 - [MESSAGE][WARNING] - Timeout '0' is invalid. Using default page load timeout: '60'

2021-12-02 18:01:07 - [MESSAGE][PASSED] - Object 'Object Repository/Mobile/Page/News/Tab - Macro News' has left position '14'

2021-12-02 18:01:07 - [MESSAGE][WARNING] - Timeout '0' is invalid. Using default page load timeout: '60'

2021-12-02 18:01:07 - [MESSAGE][PASSED] - Object 'Object Repository/Mobile/Page/News/Tab - Macro News' has top position '262'

2021-12-02 18:01:07 - [MESSAGE][WARNING] - Timeout '0' is invalid. Using default page load timeout: '60'

2021-12-02 18:01:07 - [MESSAGE][PASSED] - Object 'Object Repository/Mobile/Page/News/Tab - Macro News' has width: '215'

2021-12-02 18:01:07 - [MESSAGE][WARNING] - Timeout '0' is invalid. Using default page load timeout: '60'

2021-12-02 18:01:07 - [MESSAGE][PASSED] - Object 'Object Repository/Mobile/Page/News/Tab - Macro News' has height: '84'

2021-12-02 18:01:08 - [MESSAGE][PASSED] - Current device physical width is 720

2021-12-02 18:01:09 - [MESSAGE][PASSED] - Swiped from 620,304 to 100,304

2021-12-02 18:01:09 - [MESSAGE][PASSED] - scroll.scroll.scrollScreenRightToLeft is PASSED

2021-12-02 18:01:09 - [TEST_STEP][PASSED] - delay(1): Delayed 1 second(s)

2021-12-02 18:01:10 - [MESSAGE][PASSED] - Delayed 1 second(s)

2021-12-02 18:01:10 - [TEST_STEP][PASSED] - tap(findTestObject("Object Repository/Mobile/Page/News/Tab - Bond News"), 0): Tapped on element 'Object Repository/Mobile/Page/News/Tab - Bond News'

2021-12-02 18:01:10 - [MESSAGE][WARNING] - Timeout '0' is invalid. Using default page load timeout: '60'

2021-12-02 18:01:11 - [MESSAGE][PASSED] - Tapped on element 'Object Repository/Mobile/Page/News/Tab - Bond News'

2021-12-02 18:01:11 - [TEST_STEP][PASSED] - delay(1): Delayed 1 second(s)

2021-12-02 18:01:12 - [MESSAGE][PASSED] - Delayed 1 second(s)

2021-12-02 18:01:12 - [TEST_STEP][PASSED] - if (tab != "worldindices"): Delayed 3 second(s)

2021-12-02 18:01:12 - [TEST_STEP][PASSED] - try: Delayed 3 second(s)

2021-12-02 18:01:12 - [TEST_STEP][PASSED] - topnews = verifyElementExist(findTestObject("Object Repository/Mobile/Page/News/Item - Top News"), 0): Element 'Object Repository/Mobile/Page/News/Item - Top News' is exist

2021-12-02 18:01:12 - [MESSAGE][WARNING] - Timeout '0' is invalid. Using default page load timeout: '60'

2021-12-02 18:01:12 - [MESSAGE][PASSED] - Element 'Object Repository/Mobile/Page/News/Item - Top News' is exist

2021-12-02 18:01:12 - [TEST_STEP][PASSED] - if (topnews): Delayed 3 second(s)

2021-12-02 18:01:12 - [TEST_STEP][PASSED] - tapAndHold(findTestObject("Object Repository/Mobile/Page/News/Item - Top News"), 1, 0): Tapped and held on element 'Object Repository/Mobile/Page/News/Item - Top News' with duration 1

2021-12-02 18:01:13 - [MESSAGE][WARNING] - Timeout '0' is invalid. Using default page load timeout: '60'

2021-12-02 18:01:15 - [MESSAGE][PASSED] - Tapped and held on element 'Object Repository/Mobile/Page/News/Item - Top News' with duration 1

2021-12-02 18:01:15 - [TEST_STEP][PASSED] - delay(1): Delayed 1 second(s)

2021-12-02 18:01:16 - [MESSAGE][PASSED] - Delayed 1 second(s)

2021-12-02 18:01:16 - [TEST_STEP][PASSED] - scroll.scroll.scrollScreenBottomToTop(): scroll.scroll.scrollScreenBottomToTop is PASSED

2021-12-02 18:01:17 - [MESSAGE][PASSED] - Current device physical height is 1423

2021-12-02 18:01:17 - [MESSAGE][PASSED] - Current device physical width is 720

2021-12-02 18:01:18 - [MESSAGE][PASSED] - Swiped from 360,1,138 to 360,284

2021-12-02 18:01:18 - [MESSAGE][PASSED] - scroll.scroll.scrollScreenBottomToTop is PASSED

2021-12-02 18:01:18 - [TEST_STEP][PASSED] - delay(3): Delayed 3 second(s)

2021-12-02 18:01:21 - [MESSAGE][PASSED] - Delayed 3 second(s)

2021-12-02 18:01:21 - [MESSAGE][PASSED] - Call Test Case 'Test Cases/Mobile/Page/News/News' successfully

2021-12-02 18:01:21 - [TEST_STEP][PASSED] - callTestCase(findTestCase("Mobile/Page/Run App/Terminate App"), [:], STOP_ON_FAILURE): Call Test Case 'Test Cases/Mobile/Page/Run App/Terminate App' successfully

2021-12-02 18:01:21 - [TEST_CASE][PASSED] - Test Cases/Mobile/Page/Run App/Terminate App: Test Cases/Mobile/Page/Run App/Terminate App

2021-12-02 18:01:21 - [TEST_STEP][PASSED] - startApp.OpenApp.terminateApplication(): startApp.OpenApp.terminateApplication is PASSED

2021-12-02 18:01:24 - [MESSAGE][PASSED] - Delayed 3 second(s)

2021-12-02 18:01:25 - [MESSAGE][PASSED] - Current device physical width is 720

2021-12-02 18:01:25 - [MESSAGE][PASSED] - Current device physical height is 1423

2021-12-02 18:01:26 - [MESSAGE][PASSED] - Swiped from 360,853 to 360,142

2021-12-02 18:01:27 - [MESSAGE][PASSED] - Delayed 1 second(s)

2021-12-02 18:01:29 - [MESSAGE][PASSED] - Swiped from 360,853 to 360,142

2021-12-02 18:01:32 - [MESSAGE][PASSED] - Delayed 3 second(s)

2021-12-02 18:01:32 - [MESSAGE][PASSED] - startApp.OpenApp.terminateApplication is PASSED

2021-12-02 18:01:32 - [MESSAGE][PASSED] - Call Test Case 'Test Cases/Mobile/Page/Run App/Terminate App' successfully]]></system-out>
         <system-err><![CDATA[]]></system-err>
      </testcase>
      <testcase name="Test Cases/Mobile/Scenario/News/005 - Macro News" time="60.046" classname="Test Cases/Mobile/Scenario/News/005 - Macro News" status="PASSED">
         <system-out><![CDATA[2021-12-02 18:01:32 - [TEST_CASE][PASSED] - Test Cases/Mobile/Scenario/News/005 - Macro News: Test Cases/Mobile/Scenario/News/005 - Macro News

2021-12-02 18:01:32 - [TEST_STEP][PASSED] - callTestCase(findTestCase("Mobile/Page/Run App/Run App byID"), [:], STOP_ON_FAILURE): Call Test Case 'Test Cases/Mobile/Page/Run App/Run App byID' successfully

2021-12-02 18:01:32 - [TEST_CASE][PASSED] - Test Cases/Mobile/Page/Run App/Run App byID: Test Cases/Mobile/Page/Run App/Run App byID

2021-12-02 18:01:32 - [TEST_STEP][PASSED] - startApp.OpenApp.startApplication("id.co.miraeasset.sageclub"): startApp.OpenApp.startApplication is PASSED

2021-12-02 18:01:45 - [MESSAGE][PASSED] - Starting app with application ID: 'id.co.miraeasset.sageclub'

2021-12-02 18:01:45 - [MESSAGE][PASSED] - startApp.OpenApp.startApplication is PASSED

2021-12-02 18:01:45 - [MESSAGE][PASSED] - Call Test Case 'Test Cases/Mobile/Page/Run App/Run App byID' successfully

2021-12-02 18:01:45 - [TEST_STEP][PASSED] - callTestCase(findTestCase("Mobile/Page/News/News"), ["tab":"macronews"], CONTINUE_ON_FAILURE): Call Test Case 'Test Cases/Mobile/Page/News/News' successfully

2021-12-02 18:01:45 - [TEST_CASE][PASSED] - Test Cases/Mobile/Page/News/News: Test Cases/Mobile/Page/News/News

2021-12-02 18:01:45 - [TEST_STEP][PASSED] - loginCheck = verifyElementExist(findTestObject("Object Repository/Mobile/Page/Login/Button - Login"), 2, CONTINUE_ON_FAILURE): Element 'Object Repository/Mobile/Page/Login/Button - Login' is exist

2021-12-02 18:01:47 - [MESSAGE][PASSED] - Element 'Object Repository/Mobile/Page/Login/Button - Login' is exist

2021-12-02 18:01:47 - [TEST_STEP][PASSED] - if (loginCheck): Call Test Case 'Test Cases/Mobile/Page/Login/Login' successfully

2021-12-02 18:01:47 - [TEST_STEP][PASSED] - callTestCase(findTestCase("Mobile/Page/Login/Login"), [:], CONTINUE_ON_FAILURE): Call Test Case 'Test Cases/Mobile/Page/Login/Login' successfully

2021-12-02 18:01:47 - [TEST_CASE][PASSED] - Test Cases/Mobile/Page/Login/Login: Test Cases/Mobile/Page/Login/Login

2021-12-02 18:01:47 - [TEST_STEP][PASSED] - delay(2): Delayed 2 second(s)

2021-12-02 18:01:49 - [MESSAGE][PASSED] - Delayed 2 second(s)

2021-12-02 18:01:49 - [TEST_STEP][PASSED] - tap(findTestObject("Object Repository/Mobile/Page/Login/Input - UserID"), 0): Tapped on element 'Object Repository/Mobile/Page/Login/Input - UserID'

2021-12-02 18:01:50 - [MESSAGE][WARNING] - Timeout '0' is invalid. Using default page load timeout: '60'

2021-12-02 18:01:50 - [MESSAGE][PASSED] - Tapped on element 'Object Repository/Mobile/Page/Login/Input - UserID'

2021-12-02 18:01:50 - [TEST_STEP][PASSED] - delay(1): Delayed 1 second(s)

2021-12-02 18:01:51 - [MESSAGE][PASSED] - Delayed 1 second(s)

2021-12-02 18:01:51 - [TEST_STEP][PASSED] - setText(findTestObject("Object Repository/Mobile/Page/Login/Input Rdy - UserID"), "anggaaditya", 0): Text 'anggaaditya' has been set to element 'Object Repository/Mobile/Page/Login/Input Rdy - UserID'

2021-12-02 18:01:51 - [MESSAGE][WARNING] - Timeout '0' is invalid. Using default page load timeout: '60'

2021-12-02 18:01:52 - [MESSAGE][PASSED] - Text 'anggaaditya' has been set to element 'Object Repository/Mobile/Page/Login/Input Rdy - UserID'

2021-12-02 18:01:52 - [TEST_STEP][PASSED] - delay(1): Delayed 1 second(s)

2021-12-02 18:01:53 - [MESSAGE][PASSED] - Delayed 1 second(s)

2021-12-02 18:01:53 - [TEST_STEP][PASSED] - hideKeyboard(): Keyboard is hidden

2021-12-02 18:01:56 - [MESSAGE][PASSED] - Keyboard is hidden

2021-12-02 18:01:56 - [TEST_STEP][PASSED] - tap(findTestObject("Object Repository/Mobile/Page/Login/Input - Password"), 0): Tapped on element 'Object Repository/Mobile/Page/Login/Input - Password'

2021-12-02 18:01:56 - [MESSAGE][WARNING] - Timeout '0' is invalid. Using default page load timeout: '60'

2021-12-02 18:01:57 - [MESSAGE][PASSED] - Tapped on element 'Object Repository/Mobile/Page/Login/Input - Password'

2021-12-02 18:01:57 - [TEST_STEP][PASSED] - delay(1): Delayed 1 second(s)

2021-12-02 18:01:58 - [MESSAGE][PASSED] - Delayed 1 second(s)

2021-12-02 18:01:58 - [TEST_STEP][PASSED] - setText(findTestObject("Object Repository/Mobile/Page/Login/Input Rdy - Password"), "Shalawa18", 0): Text 'Shalawa18' has been set to element 'Object Repository/Mobile/Page/Login/Input Rdy - Password'

2021-12-02 18:01:58 - [MESSAGE][WARNING] - Timeout '0' is invalid. Using default page load timeout: '60'

2021-12-02 18:01:58 - [MESSAGE][PASSED] - Text 'Shalawa18' has been set to element 'Object Repository/Mobile/Page/Login/Input Rdy - Password'

2021-12-02 18:01:58 - [TEST_STEP][PASSED] - delay(1): Delayed 1 second(s)

2021-12-02 18:01:59 - [MESSAGE][PASSED] - Delayed 1 second(s)

2021-12-02 18:01:59 - [TEST_STEP][PASSED] - hideKeyboard(): Keyboard is hidden

2021-12-02 18:02:05 - [MESSAGE][PASSED] - Keyboard is hidden

2021-12-02 18:02:05 - [TEST_STEP][PASSED] - tap(findTestObject("Object Repository/Mobile/Page/Login/Button - Login"), 0): Tapped on element 'Object Repository/Mobile/Page/Login/Button - Login'

2021-12-02 18:02:05 - [MESSAGE][WARNING] - Timeout '0' is invalid. Using default page load timeout: '60'

2021-12-02 18:02:06 - [MESSAGE][PASSED] - Tapped on element 'Object Repository/Mobile/Page/Login/Button - Login'

2021-12-02 18:02:06 - [TEST_STEP][PASSED] - delay(2): Delayed 2 second(s)

2021-12-02 18:02:08 - [MESSAGE][PASSED] - Delayed 2 second(s)

2021-12-02 18:02:08 - [MESSAGE][PASSED] - Call Test Case 'Test Cases/Mobile/Page/Login/Login' successfully

2021-12-02 18:02:08 - [TEST_STEP][PASSED] - tap(findTestObject("Object Repository/Mobile/Page/Home/Menubar - News"), 0): Tapped on element 'Object Repository/Mobile/Page/Home/Menubar - News'

2021-12-02 18:02:08 - [MESSAGE][WARNING] - Timeout '0' is invalid. Using default page load timeout: '60'

2021-12-02 18:02:08 - [MESSAGE][PASSED] - Tapped on element 'Object Repository/Mobile/Page/Home/Menubar - News'

2021-12-02 18:02:08 - [TEST_STEP][PASSED] - delay(1): Delayed 1 second(s)

2021-12-02 18:02:09 - [MESSAGE][PASSED] - Delayed 1 second(s)

2021-12-02 18:02:09 - [TEST_STEP][PASSED] - for ([i = 0, i < 1, (i++)]): Delayed 3 second(s)

2021-12-02 18:02:09 - [TEST_STEP][PASSED] - if (tab == "macronews"): Tapped on element 'Object Repository/Mobile/Page/News/Tab - Macro News'

2021-12-02 18:02:09 - [TEST_STEP][PASSED] - tap(findTestObject("Object Repository/Mobile/Page/News/Tab - Macro News"), 0): Tapped on element 'Object Repository/Mobile/Page/News/Tab - Macro News'

2021-12-02 18:02:10 - [MESSAGE][WARNING] - Timeout '0' is invalid. Using default page load timeout: '60'

2021-12-02 18:02:11 - [MESSAGE][PASSED] - Tapped on element 'Object Repository/Mobile/Page/News/Tab - Macro News'

2021-12-02 18:02:11 - [TEST_STEP][PASSED] - delay(1): Delayed 1 second(s)

2021-12-02 18:02:12 - [MESSAGE][PASSED] - Delayed 1 second(s)

2021-12-02 18:02:12 - [TEST_STEP][PASSED] - if (tab != "worldindices"): Delayed 3 second(s)

2021-12-02 18:02:12 - [TEST_STEP][PASSED] - try: Delayed 3 second(s)

2021-12-02 18:02:12 - [TEST_STEP][PASSED] - topnews = verifyElementExist(findTestObject("Object Repository/Mobile/Page/News/Item - Top News"), 0): Element 'Object Repository/Mobile/Page/News/Item - Top News' is exist

2021-12-02 18:02:12 - [MESSAGE][WARNING] - Timeout '0' is invalid. Using default page load timeout: '60'

2021-12-02 18:02:13 - [MESSAGE][PASSED] - Element 'Object Repository/Mobile/Page/News/Item - Top News' is exist

2021-12-02 18:02:13 - [TEST_STEP][PASSED] - if (topnews): Delayed 3 second(s)

2021-12-02 18:02:13 - [TEST_STEP][PASSED] - tapAndHold(findTestObject("Object Repository/Mobile/Page/News/Item - Top News"), 1, 0): Tapped and held on element 'Object Repository/Mobile/Page/News/Item - Top News' with duration 1

2021-12-02 18:02:13 - [MESSAGE][WARNING] - Timeout '0' is invalid. Using default page load timeout: '60'

2021-12-02 18:02:16 - [MESSAGE][PASSED] - Tapped and held on element 'Object Repository/Mobile/Page/News/Item - Top News' with duration 1

2021-12-02 18:02:16 - [TEST_STEP][PASSED] - delay(1): Delayed 1 second(s)

2021-12-02 18:02:17 - [MESSAGE][PASSED] - Delayed 1 second(s)

2021-12-02 18:02:17 - [TEST_STEP][PASSED] - scroll.scroll.scrollScreenBottomToTop(): scroll.scroll.scrollScreenBottomToTop is PASSED

2021-12-02 18:02:17 - [MESSAGE][PASSED] - Current device physical height is 1423

2021-12-02 18:02:17 - [MESSAGE][PASSED] - Current device physical width is 720

2021-12-02 18:02:18 - [MESSAGE][PASSED] - Swiped from 360,1,138 to 360,284

2021-12-02 18:02:18 - [MESSAGE][PASSED] - scroll.scroll.scrollScreenBottomToTop is PASSED

2021-12-02 18:02:18 - [TEST_STEP][PASSED] - delay(3): Delayed 3 second(s)

2021-12-02 18:02:21 - [MESSAGE][PASSED] - Delayed 3 second(s)

2021-12-02 18:02:21 - [MESSAGE][PASSED] - Call Test Case 'Test Cases/Mobile/Page/News/News' successfully

2021-12-02 18:02:21 - [TEST_STEP][PASSED] - callTestCase(findTestCase("Mobile/Page/Run App/Terminate App"), [:], STOP_ON_FAILURE): Call Test Case 'Test Cases/Mobile/Page/Run App/Terminate App' successfully

2021-12-02 18:02:22 - [TEST_CASE][PASSED] - Test Cases/Mobile/Page/Run App/Terminate App: Test Cases/Mobile/Page/Run App/Terminate App

2021-12-02 18:02:22 - [TEST_STEP][PASSED] - startApp.OpenApp.terminateApplication(): startApp.OpenApp.terminateApplication is PASSED

2021-12-02 18:02:25 - [MESSAGE][PASSED] - Delayed 3 second(s)

2021-12-02 18:02:25 - [MESSAGE][PASSED] - Current device physical width is 720

2021-12-02 18:02:25 - [MESSAGE][PASSED] - Current device physical height is 1423

2021-12-02 18:02:26 - [MESSAGE][PASSED] - Swiped from 360,853 to 360,142

2021-12-02 18:02:27 - [MESSAGE][PASSED] - Delayed 1 second(s)

2021-12-02 18:02:29 - [MESSAGE][PASSED] - Swiped from 360,853 to 360,142

2021-12-02 18:02:32 - [MESSAGE][PASSED] - Delayed 3 second(s)

2021-12-02 18:02:32 - [MESSAGE][PASSED] - startApp.OpenApp.terminateApplication is PASSED

2021-12-02 18:02:32 - [MESSAGE][PASSED] - Call Test Case 'Test Cases/Mobile/Page/Run App/Terminate App' successfully]]></system-out>
         <system-err><![CDATA[]]></system-err>
      </testcase>
      <system-out><![CDATA[2021-12-02 17:55:42 - [TEST_SUITE][PASSED] - news: Test Cases/Mobile/Scenario/News/005 - Macro News]]></system-out>
      <system-err><![CDATA[]]></system-err>
   </testsuite>
</testsuites>
