<?xml version="1.0" encoding="UTF-8"?>
<testsuites name="login" time="60.244" tests="1" failures="0" skips="0" errors="0">
   <testsuite name="login" tests="1" failures="0" errors="0" time="60.244" skips="0" timestamp="2021-12-03 09:31:20" hostname="Owner - aldy-tft" id="Test Suites/login">
      <properties>
         <property name="deviceName" value="samsung SM-A205F (Android 11)"/>
         <property name="devicePlatform" value=""/>
         <property name="logFolder" value="C:\\Users\\Owner\\Documents\\kerjaan\\KatalonProject\\qa-katalon-maxfund2\\Reports\\20211203_093111\\login\\20211203_093111"/>
         <property name="logFiles" value="C:\\Users\\Owner\\Documents\\kerjaan\\KatalonProject\\qa-katalon-maxfund2\\Reports\\20211203_093111\\login\\20211203_093111\\appium.log, C:\\Users\\Owner\\Documents\\kerjaan\\KatalonProject\\qa-katalon-maxfund2\\Reports\\20211203_093111\\login\\20211203_093111\\execution0.log"/>
         <property name="attachments" value=""/>
         <property name="hostName" value="Owner - aldy-tft"/>
         <property name="os" value="Windows 10 64bit"/>
         <property name="appiumServerStatus" value="{&quot;value&quot;:{&quot;build&quot;:{&quot;version&quot;:&quot;1.22.0&quot;}},&quot;sessionId&quot;:null,&quot;status&quot;:0}"/>
         <property name="katalonVersion" value="7.9.1.208"/>
         <property name="deviceOS" value="Android"/>
         <property name="appiumVersion" value="1.22.0"/>
         <property name="deviceModel" value="SM-A205F"/>
         <property name="hostAddress" value="192.168.18.37"/>
         <property name="deviceManufacturer" value="samsung"/>
         <property name="deviceId" value="RR8M40C9AXE"/>
         <property name="deviceName" value="samsung SM-A205F (Android 11)"/>
         <property name="deviceOSVersion" value="11"/>
      </properties>
      <testcase name="Test Cases/Mobile/Scenario/Login/001. Login dengan username" time="59.28" classname="Test Cases/Mobile/Scenario/Login/001. Login dengan username" status="PASSED">
         <system-out><![CDATA[2021-12-03 09:31:21 - [TEST_CASE][PASSED] - Test Cases/Mobile/Scenario/Login/001. Login dengan username: Test Cases/Mobile/Scenario/Login/001. Login dengan username

2021-12-03 09:31:21 - [TEST_STEP][PASSED] - callTestCase(findTestCase("Mobile/Page/Run App/Run App byID"), [:], STOP_ON_FAILURE): Call Test Case 'Test Cases/Mobile/Page/Run App/Run App byID' successfully

2021-12-03 09:31:21 - [TEST_CASE][PASSED] - Test Cases/Mobile/Page/Run App/Run App byID: Test Cases/Mobile/Page/Run App/Run App byID

2021-12-03 09:31:21 - [TEST_STEP][PASSED] - startApp.OpenApp.startApplication("id.co.miraeasset.sageclub"): startApp.OpenApp.startApplication is PASSED

2021-12-03 09:31:24 - [MESSAGE][INFO] - Appium server started on port 56,827

2021-12-03 09:31:41 - [MESSAGE][PASSED] - Starting app with application ID: 'id.co.miraeasset.sageclub'

2021-12-03 09:31:41 - [MESSAGE][PASSED] - startApp.OpenApp.startApplication is PASSED

2021-12-03 09:31:41 - [MESSAGE][PASSED] - Call Test Case 'Test Cases/Mobile/Page/Run App/Run App byID' successfully

2021-12-03 09:31:41 - [TEST_STEP][PASSED] - callTestCase(findTestCase("Mobile/Page/Login/Login"), [:], CONTINUE_ON_FAILURE): Call Test Case 'Test Cases/Mobile/Page/Login/Login' successfully

2021-12-03 09:31:41 - [TEST_CASE][PASSED] - Test Cases/Mobile/Page/Login/Login: Test Cases/Mobile/Page/Login/Login

2021-12-03 09:31:42 - [TEST_STEP][PASSED] - delay(2): Delayed 2 second(s)

2021-12-03 09:31:44 - [MESSAGE][PASSED] - Delayed 2 second(s)

2021-12-03 09:31:44 - [TEST_STEP][PASSED] - tap(findTestObject("Object Repository/Mobile/Page/Login/Input - UserID"), 0): Tapped on element 'Object Repository/Mobile/Page/Login/Input - UserID'

2021-12-03 09:31:44 - [MESSAGE][WARNING] - Timeout '0' is invalid. Using default page load timeout: '60'

2021-12-03 09:31:45 - [MESSAGE][PASSED] - Tapped on element 'Object Repository/Mobile/Page/Login/Input - UserID'

2021-12-03 09:31:45 - [TEST_STEP][PASSED] - delay(1): Delayed 1 second(s)

2021-12-03 09:31:46 - [MESSAGE][PASSED] - Delayed 1 second(s)

2021-12-03 09:31:46 - [TEST_STEP][PASSED] - setText(findTestObject("Object Repository/Mobile/Page/Login/Input Rdy - UserID"), "anggaaditya", 0): Text 'anggaaditya' has been set to element 'Object Repository/Mobile/Page/Login/Input Rdy - UserID'

2021-12-03 09:31:46 - [MESSAGE][WARNING] - Timeout '0' is invalid. Using default page load timeout: '60'

2021-12-03 09:31:47 - [MESSAGE][PASSED] - Text 'anggaaditya' has been set to element 'Object Repository/Mobile/Page/Login/Input Rdy - UserID'

2021-12-03 09:31:47 - [TEST_STEP][PASSED] - delay(1): Delayed 1 second(s)

2021-12-03 09:31:48 - [MESSAGE][PASSED] - Delayed 1 second(s)

2021-12-03 09:31:48 - [TEST_STEP][PASSED] - hideKeyboard(): Keyboard is hidden

2021-12-03 09:31:56 - [MESSAGE][PASSED] - Keyboard is hidden

2021-12-03 09:31:56 - [TEST_STEP][PASSED] - tap(findTestObject("Object Repository/Mobile/Page/Login/Input - Password"), 0): Tapped on element 'Object Repository/Mobile/Page/Login/Input - Password'

2021-12-03 09:31:56 - [MESSAGE][WARNING] - Timeout '0' is invalid. Using default page load timeout: '60'

2021-12-03 09:31:57 - [MESSAGE][PASSED] - Tapped on element 'Object Repository/Mobile/Page/Login/Input - Password'

2021-12-03 09:31:57 - [TEST_STEP][PASSED] - delay(1): Delayed 1 second(s)

2021-12-03 09:31:58 - [MESSAGE][PASSED] - Delayed 1 second(s)

2021-12-03 09:31:58 - [TEST_STEP][PASSED] - setText(findTestObject("Object Repository/Mobile/Page/Login/Input Rdy - Password"), "Shalawa18", 0): Text 'Shalawa18' has been set to element 'Object Repository/Mobile/Page/Login/Input Rdy - Password'

2021-12-03 09:31:58 - [MESSAGE][WARNING] - Timeout '0' is invalid. Using default page load timeout: '60'

2021-12-03 09:31:58 - [MESSAGE][PASSED] - Text 'Shalawa18' has been set to element 'Object Repository/Mobile/Page/Login/Input Rdy - Password'

2021-12-03 09:31:58 - [TEST_STEP][PASSED] - delay(1): Delayed 1 second(s)

2021-12-03 09:31:59 - [MESSAGE][PASSED] - Delayed 1 second(s)

2021-12-03 09:31:59 - [TEST_STEP][PASSED] - hideKeyboard(): Keyboard is hidden

2021-12-03 09:32:06 - [MESSAGE][PASSED] - Keyboard is hidden

2021-12-03 09:32:06 - [TEST_STEP][PASSED] - tap(findTestObject("Object Repository/Mobile/Page/Login/Button - Login"), 0): Tapped on element 'Object Repository/Mobile/Page/Login/Button - Login'

2021-12-03 09:32:06 - [MESSAGE][WARNING] - Timeout '0' is invalid. Using default page load timeout: '60'

2021-12-03 09:32:07 - [MESSAGE][PASSED] - Tapped on element 'Object Repository/Mobile/Page/Login/Button - Login'

2021-12-03 09:32:07 - [TEST_STEP][PASSED] - delay(2): Delayed 2 second(s)

2021-12-03 09:32:09 - [MESSAGE][PASSED] - Delayed 2 second(s)

2021-12-03 09:32:09 - [MESSAGE][PASSED] - Call Test Case 'Test Cases/Mobile/Page/Login/Login' successfully

2021-12-03 09:32:09 - [TEST_STEP][PASSED] - callTestCase(findTestCase("Mobile/Page/Run App/Terminate App"), [:], STOP_ON_FAILURE): Call Test Case 'Test Cases/Mobile/Page/Run App/Terminate App' successfully

2021-12-03 09:32:09 - [TEST_CASE][PASSED] - Test Cases/Mobile/Page/Run App/Terminate App: Test Cases/Mobile/Page/Run App/Terminate App

2021-12-03 09:32:09 - [TEST_STEP][PASSED] - startApp.OpenApp.terminateApplication(): startApp.OpenApp.terminateApplication is PASSED

2021-12-03 09:32:13 - [MESSAGE][PASSED] - Delayed 3 second(s)

2021-12-03 09:32:13 - [MESSAGE][PASSED] - Current device physical width is 720

2021-12-03 09:32:13 - [MESSAGE][PASSED] - Current device physical height is 1423

2021-12-03 09:32:15 - [MESSAGE][PASSED] - Swiped from 360,853 to 360,142

2021-12-03 09:32:16 - [MESSAGE][PASSED] - Delayed 1 second(s)

2021-12-03 09:32:17 - [MESSAGE][PASSED] - Swiped from 360,853 to 360,142

2021-12-03 09:32:20 - [MESSAGE][PASSED] - Delayed 3 second(s)

2021-12-03 09:32:20 - [MESSAGE][PASSED] - startApp.OpenApp.terminateApplication is PASSED

2021-12-03 09:32:20 - [MESSAGE][PASSED] - Call Test Case 'Test Cases/Mobile/Page/Run App/Terminate App' successfully]]></system-out>
         <system-err><![CDATA[]]></system-err>
      </testcase>
      <system-out><![CDATA[2021-12-03 09:31:20 - [TEST_SUITE][PASSED] - login: Test Cases/Mobile/Scenario/Login/001. Login dengan username]]></system-out>
      <system-err><![CDATA[]]></system-err>
   </testsuite>
</testsuites>
