<?xml version="1.0" encoding="UTF-8"?>
<testsuites name="navigationmenu" time="431.839" tests="6" failures="0" skips="0" errors="0">
   <testsuite name="navigationmenu" tests="6" failures="0" errors="0" time="431.839" skips="0" timestamp="2022-02-15 09:06:19" hostname="Owner - aldy-tft" id="Test Suites/navigationmenu">
      <properties>
         <property name="deviceName" value="samsung SM-A205F (Android 11)"/>
         <property name="devicePlatform" value=""/>
         <property name="logFolder" value="C:\\Users\\Owner\\Documents\\kerjaan\\KatalonProject\\qa_katalon_pwm\\qa_katalon_pwm\\Reports\\20220215_084255\\navigationmenu\\20220215_084307"/>
         <property name="logFiles" value="C:\\Users\\Owner\\Documents\\kerjaan\\KatalonProject\\qa_katalon_pwm\\qa_katalon_pwm\\Reports\\20220215_084255\\navigationmenu\\20220215_084307\\appium.log, C:\\Users\\Owner\\Documents\\kerjaan\\KatalonProject\\qa_katalon_pwm\\qa_katalon_pwm\\Reports\\20220215_084255\\navigationmenu\\20220215_084307\\execution0.log"/>
         <property name="attachments" value="C:\\Users\\Owner\\Documents\\kerjaan\\KatalonProject\\qa_katalon_pwm\\qa_katalon_pwm\\Reports\\20220215_084255\\navigationmenu\\20220215_084307\\1644890900657.png, C:\\Users\\Owner\\Documents\\kerjaan\\KatalonProject\\qa_katalon_pwm\\qa_katalon_pwm\\Reports\\20220215_084255\\navigationmenu\\20220215_084307\\1644890901362.png"/>
         <property name="hostName" value="Owner - aldy-tft"/>
         <property name="os" value="Windows 10 64bit"/>
         <property name="appiumServerStatus" value="{&quot;value&quot;:{&quot;build&quot;:{&quot;version&quot;:&quot;1.22.0&quot;}},&quot;sessionId&quot;:null,&quot;status&quot;:0}"/>
         <property name="katalonVersion" value="7.9.1.208"/>
         <property name="deviceOS" value="Android"/>
         <property name="appiumVersion" value="1.22.0"/>
         <property name="deviceModel" value="SM-A205F"/>
         <property name="hostAddress" value="192.168.100.33"/>
         <property name="deviceManufacturer" value="samsung"/>
         <property name="deviceId" value="RR8M40C9AXE"/>
         <property name="deviceName" value="samsung SM-A205F (Android 11)"/>
         <property name="deviceOSVersion" value="11"/>
      </properties>
      <testcase name="Test Cases/Mobile/Scenario/NavigationMenu/001 - Download Report" time="76.119" classname="Test Cases/Mobile/Scenario/NavigationMenu/001 - Download Report" status="PASSED">
         <system-out><![CDATA[2022-02-15 09:06:19 - [TEST_CASE][PASSED] - Test Cases/Mobile/Scenario/NavigationMenu/001 - Download Report: Test Cases/Mobile/Scenario/NavigationMenu/001 - Download Report

2022-02-15 09:06:20 - [TEST_STEP][PASSED] - callTestCase(findTestCase("Mobile/Page/Run App/Run App byID"), [:], STOP_ON_FAILURE): Call Test Case 'Test Cases/Mobile/Page/Run App/Run App byID' successfully

2022-02-15 09:06:20 - [TEST_CASE][PASSED] - Test Cases/Mobile/Page/Run App/Run App byID: Test Cases/Mobile/Page/Run App/Run App byID

2022-02-15 09:06:20 - [TEST_STEP][PASSED] - startApp.OpenApp.startApplication("id.co.miraeasset.sageclub"): startApp.OpenApp.startApplication is PASSED

2022-02-15 09:06:22 - [MESSAGE][INFO] - Appium server started on port 62,540

2022-02-15 09:06:36 - [MESSAGE][PASSED] - Starting app with application ID: 'id.co.miraeasset.sageclub'

2022-02-15 09:06:36 - [MESSAGE][PASSED] - startApp.OpenApp.startApplication is PASSED

2022-02-15 09:06:36 - [MESSAGE][PASSED] - Call Test Case 'Test Cases/Mobile/Page/Run App/Run App byID' successfully

2022-02-15 09:06:36 - [TEST_STEP][PASSED] - callTestCase(findTestCase("Mobile/Page/NavigationMenu/NavigationMenu"), ["action":"downloadtaxreport"], CONTINUE_ON_FAILURE): Call Test Case 'Test Cases/Mobile/Page/NavigationMenu/NavigationMenu' successfully

2022-02-15 09:06:36 - [TEST_CASE][PASSED] - Test Cases/Mobile/Page/NavigationMenu/NavigationMenu: Test Cases/Mobile/Page/NavigationMenu/NavigationMenu

2022-02-15 09:06:37 - [TEST_STEP][PASSED] - callTestCase(findTestCase("Mobile/Page/CheckLogin"), [:], CONTINUE_ON_FAILURE): Call Test Case 'Test Cases/Mobile/Page/CheckLogin' successfully

2022-02-15 09:06:37 - [TEST_CASE][PASSED] - Test Cases/Mobile/Page/CheckLogin: Test Cases/Mobile/Page/CheckLogin

2022-02-15 09:06:37 - [TEST_STEP][PASSED] - loginCheck = verifyElementExist(LOGN_BtnLogin, 5, CONTINUE_ON_FAILURE): Element 'Object Repository/Mobile/Page/Login/Button - Login' is exist

2022-02-15 09:06:38 - [MESSAGE][WARNING] - Test object with id 'Object Repository/Mobile/Page/Home/Button -  Add Watchlist' does not exist

2022-02-15 09:06:38 - [MESSAGE][WARNING] - Test object with id 'Object Repository/Mobile/Page/Home/Button - Open with Just Once' does not exist

2022-02-15 09:06:39 - [MESSAGE][WARNING] - Test object with id 'Object Repository/Mobile/Page/Home/Container - Notification' does not exist

2022-02-15 09:06:39 - [MESSAGE][WARNING] - Test object with id 'Object Repository/Mobile/Page/Home/Watchlist/Input - Search' does not exist

2022-02-15 09:06:39 - [MESSAGE][WARNING] - Test object with id 'Object Repository/Mobile/Page/Home/Watchlist/Item - Top Search' does not exist

2022-02-15 09:06:39 - [MESSAGE][WARNING] - Test object with id 'Object Repository/Mobile/Page/Home/Watchlist/Detail Watchlist/Item - Watchlist' does not exist

2022-02-15 09:06:45 - [MESSAGE][WARNING] - Test object with id 'Object Repository/Mobile/Page/Home/Button -  Add Watchlist' does not exist

2022-02-15 09:06:45 - [MESSAGE][WARNING] - Test object with id 'Object Repository/Mobile/Page/Home/Button - Open with Just Once' does not exist

2022-02-15 09:06:45 - [MESSAGE][WARNING] - Test object with id 'Object Repository/Mobile/Page/Home/Container - Notification' does not exist

2022-02-15 09:06:46 - [MESSAGE][WARNING] - Test object with id 'Object Repository/Mobile/Page/Home/Watchlist/Input - Search' does not exist

2022-02-15 09:06:46 - [MESSAGE][WARNING] - Test object with id 'Object Repository/Mobile/Page/Home/Watchlist/Item - Top Search' does not exist

2022-02-15 09:06:46 - [MESSAGE][WARNING] - Test object with id 'Object Repository/Mobile/Page/Home/Watchlist/Detail Watchlist/Item - Watchlist' does not exist

2022-02-15 09:06:51 - [MESSAGE][PASSED] - Element 'Object Repository/Mobile/Page/Login/Button - Login' is exist

2022-02-15 09:06:51 - [TEST_STEP][PASSED] - if (loginCheck): Call Test Case 'Test Cases/Mobile/Page/Login/Login' successfully

2022-02-15 09:06:51 - [TEST_STEP][PASSED] - callTestCase(findTestCase("Mobile/Page/Login/Login"), ["action":"username"], CONTINUE_ON_FAILURE): Call Test Case 'Test Cases/Mobile/Page/Login/Login' successfully

2022-02-15 09:06:52 - [TEST_CASE][PASSED] - Test Cases/Mobile/Page/Login/Login: Test Cases/Mobile/Page/Login/Login

2022-02-15 09:06:52 - [TEST_STEP][PASSED] - delay(2): Delayed 2 second(s)

2022-02-15 09:06:54 - [MESSAGE][PASSED] - Delayed 2 second(s)

2022-02-15 09:06:54 - [TEST_STEP][PASSED] - for ([i = 0, i < 1, (i++)]): null

2022-02-15 09:06:54 - [TEST_STEP][PASSED] - if (action == "username"): null

2022-02-15 09:06:54 - [TEST_STEP][PASSED] - tap(LOGN_EdtUserID, 0): Tapped on element 'Object Repository/Mobile/Page/Login/Input - UserID'

2022-02-15 09:06:54 - [MESSAGE][WARNING] - Timeout '0' is invalid. Using default page load timeout: '60'

2022-02-15 09:06:54 - [MESSAGE][PASSED] - Tapped on element 'Object Repository/Mobile/Page/Login/Input - UserID'

2022-02-15 09:06:54 - [TEST_STEP][PASSED] - delay(1): Delayed 1 second(s)

2022-02-15 09:06:55 - [MESSAGE][PASSED] - Delayed 1 second(s)

2022-02-15 09:06:55 - [TEST_STEP][PASSED] - setText(LOGN_EdtRdyUserID, "anggaaditya", 0): Text 'anggaaditya' has been set to element 'Object Repository/Mobile/Page/Login/Input Rdy - UserID'

2022-02-15 09:06:55 - [MESSAGE][WARNING] - Timeout '0' is invalid. Using default page load timeout: '60'

2022-02-15 09:06:56 - [MESSAGE][PASSED] - Text 'anggaaditya' has been set to element 'Object Repository/Mobile/Page/Login/Input Rdy - UserID'

2022-02-15 09:06:56 - [TEST_STEP][PASSED] - delay(1): Delayed 1 second(s)

2022-02-15 09:06:57 - [MESSAGE][PASSED] - Delayed 1 second(s)

2022-02-15 09:06:57 - [TEST_STEP][PASSED] - hideKeyboard(): Keyboard is hidden

2022-02-15 09:07:00 - [MESSAGE][PASSED] - Keyboard is hidden

2022-02-15 09:07:00 - [TEST_STEP][PASSED] - tap(LOGN_EdtPassword, 0): Tapped on element 'Object Repository/Mobile/Page/Login/Input - Password'

2022-02-15 09:07:00 - [MESSAGE][WARNING] - Timeout '0' is invalid. Using default page load timeout: '60'

2022-02-15 09:07:01 - [MESSAGE][PASSED] - Tapped on element 'Object Repository/Mobile/Page/Login/Input - Password'

2022-02-15 09:07:01 - [TEST_STEP][PASSED] - delay(1): Delayed 1 second(s)

2022-02-15 09:07:02 - [MESSAGE][PASSED] - Delayed 1 second(s)

2022-02-15 09:07:02 - [TEST_STEP][PASSED] - setText(LOGN_EdtRdyPassword, "Shalawa18", 0): Text 'Shalawa18' has been set to element 'Object Repository/Mobile/Page/Login/Input Rdy - Password'

2022-02-15 09:07:02 - [MESSAGE][WARNING] - Timeout '0' is invalid. Using default page load timeout: '60'

2022-02-15 09:07:02 - [MESSAGE][PASSED] - Text 'Shalawa18' has been set to element 'Object Repository/Mobile/Page/Login/Input Rdy - Password'

2022-02-15 09:07:02 - [TEST_STEP][PASSED] - delay(1): Delayed 1 second(s)

2022-02-15 09:07:03 - [MESSAGE][PASSED] - Delayed 1 second(s)

2022-02-15 09:07:03 - [TEST_STEP][PASSED] - hideKeyboard(): Keyboard is hidden

2022-02-15 09:07:09 - [MESSAGE][PASSED] - Keyboard is hidden

2022-02-15 09:07:10 - [TEST_STEP][PASSED] - tap(LOGN_BtnLogin, 0): Tapped on element 'Object Repository/Mobile/Page/Login/Button - Login'

2022-02-15 09:07:10 - [MESSAGE][WARNING] - Timeout '0' is invalid. Using default page load timeout: '60'

2022-02-15 09:07:10 - [MESSAGE][PASSED] - Tapped on element 'Object Repository/Mobile/Page/Login/Button - Login'

2022-02-15 09:07:10 - [TEST_STEP][PASSED] - delay(2): Delayed 2 second(s)

2022-02-15 09:07:12 - [MESSAGE][PASSED] - Delayed 2 second(s)

2022-02-15 09:07:12 - [TEST_STEP][PASSED] - break: null

2022-02-15 09:07:12 - [MESSAGE][PASSED] - Call Test Case 'Test Cases/Mobile/Page/Login/Login' successfully

2022-02-15 09:07:12 - [MESSAGE][PASSED] - Call Test Case 'Test Cases/Mobile/Page/CheckLogin' successfully

2022-02-15 09:07:12 - [TEST_STEP][PASSED] - delay(3): Delayed 3 second(s)

2022-02-15 09:07:15 - [MESSAGE][PASSED] - Delayed 3 second(s)

2022-02-15 09:07:15 - [TEST_STEP][PASSED] - scroll.scroll.scrollScreenLeftToRight(): scroll.scroll.scrollScreenLeftToRight is PASSED

2022-02-15 09:07:16 - [MESSAGE][PASSED] - Current device physical height is 1423

2022-02-15 09:07:16 - [MESSAGE][PASSED] - Current device physical width is 720

2022-02-15 09:07:16 - [MESSAGE][PASSED] - Current device physical height is 1423

2022-02-15 09:07:17 - [MESSAGE][PASSED] - Swiped from 10,711 to 710,711

2022-02-15 09:07:17 - [MESSAGE][PASSED] - scroll.scroll.scrollScreenLeftToRight is PASSED

2022-02-15 09:07:17 - [TEST_STEP][PASSED] - delay(1): Delayed 1 second(s)

2022-02-15 09:07:18 - [MESSAGE][PASSED] - Delayed 1 second(s)

2022-02-15 09:07:18 - [TEST_STEP][PASSED] - for ([i = 0, i < 1, (i++)]): Press back button successfully

2022-02-15 09:07:18 - [TEST_STEP][PASSED] - if (action == "downloadtaxreport"): Press back button successfully

2022-02-15 09:07:18 - [TEST_STEP][PASSED] - taxreport = NAVM_ContYearlyTaxReport: null

2022-02-15 09:07:18 - [TEST_STEP][PASSED] - top = getElementTopPosition(taxreport, 0): Object 'Object Repository/Mobile/Page/NavigationMenu/Container - Yearly Tax Report' has top position '277'

2022-02-15 09:07:18 - [MESSAGE][WARNING] - Timeout '0' is invalid. Using default page load timeout: '60'

2022-02-15 09:07:19 - [MESSAGE][PASSED] - Object 'Object Repository/Mobile/Page/NavigationMenu/Container - Yearly Tax Report' has top position '277'

2022-02-15 09:07:19 - [TEST_STEP][PASSED] - y = getElementHeight(taxreport, 0) * 0.8 + top: Object 'Object Repository/Mobile/Page/NavigationMenu/Container - Yearly Tax Report' has height: '119'

2022-02-15 09:07:19 - [MESSAGE][WARNING] - Timeout '0' is invalid. Using default page load timeout: '60'

2022-02-15 09:07:19 - [MESSAGE][PASSED] - Object 'Object Repository/Mobile/Page/NavigationMenu/Container - Yearly Tax Report' has height: '119'

2022-02-15 09:07:19 - [TEST_STEP][PASSED] - x = getDeviceWidth() * 0.2: Current device physical width is 720

2022-02-15 09:07:19 - [MESSAGE][PASSED] - Current device physical width is 720

2022-02-15 09:07:19 - [TEST_STEP][PASSED] - tapAtPosition(x, y): Tapped at [144, 372]

2022-02-15 09:07:19 - [MESSAGE][PASSED] - Tapped at [144, 372]

2022-02-15 09:07:19 - [TEST_STEP][PASSED] - delay(5): Delayed 5 second(s)

2022-02-15 09:07:24 - [MESSAGE][PASSED] - Delayed 5 second(s)

2022-02-15 09:07:24 - [TEST_STEP][PASSED] - pressBack(): Press back button successfully

2022-02-15 09:07:25 - [MESSAGE][PASSED] - Press back button successfully

2022-02-15 09:07:25 - [MESSAGE][PASSED] - Call Test Case 'Test Cases/Mobile/Page/NavigationMenu/NavigationMenu' successfully

2022-02-15 09:07:25 - [TEST_STEP][PASSED] - callTestCase(findTestCase("Mobile/Page/Run App/Terminate App"), [:], STOP_ON_FAILURE): Call Test Case 'Test Cases/Mobile/Page/Run App/Terminate App' successfully

2022-02-15 09:07:25 - [TEST_CASE][PASSED] - Test Cases/Mobile/Page/Run App/Terminate App: Test Cases/Mobile/Page/Run App/Terminate App

2022-02-15 09:07:25 - [TEST_STEP][PASSED] - startApp.OpenApp.terminateApplication(): startApp.OpenApp.terminateApplication is PASSED

2022-02-15 09:07:28 - [MESSAGE][PASSED] - Delayed 3 second(s)

2022-02-15 09:07:29 - [MESSAGE][PASSED] - Current device physical width is 720

2022-02-15 09:07:29 - [MESSAGE][PASSED] - Current device physical height is 1423

2022-02-15 09:07:30 - [MESSAGE][PASSED] - Swiped from 360,853 to 360,142

2022-02-15 09:07:31 - [MESSAGE][PASSED] - Delayed 1 second(s)

2022-02-15 09:07:32 - [MESSAGE][PASSED] - Swiped from 360,853 to 360,142

2022-02-15 09:07:35 - [MESSAGE][PASSED] - Delayed 3 second(s)

2022-02-15 09:07:35 - [MESSAGE][PASSED] - startApp.OpenApp.terminateApplication is PASSED

2022-02-15 09:07:35 - [MESSAGE][PASSED] - Call Test Case 'Test Cases/Mobile/Page/Run App/Terminate App' successfully]]></system-out>
         <system-err><![CDATA[]]></system-err>
      </testcase>
      <testcase name="Test Cases/Mobile/Scenario/NavigationMenu/002 - Risk Profile analysis" time="86.477" classname="Test Cases/Mobile/Scenario/NavigationMenu/002 - Risk Profile analysis" status="PASSED">
         <system-out><![CDATA[2022-02-15 09:07:35 - [TEST_CASE][PASSED] - Test Cases/Mobile/Scenario/NavigationMenu/002 - Risk Profile analysis: Test Cases/Mobile/Scenario/NavigationMenu/002 - Risk Profile analysis

2022-02-15 09:07:36 - [TEST_STEP][PASSED] - callTestCase(findTestCase("Mobile/Page/Run App/Run App byID"), [:], STOP_ON_FAILURE): Call Test Case 'Test Cases/Mobile/Page/Run App/Run App byID' successfully

2022-02-15 09:07:36 - [TEST_CASE][PASSED] - Test Cases/Mobile/Page/Run App/Run App byID: Test Cases/Mobile/Page/Run App/Run App byID

2022-02-15 09:07:36 - [TEST_STEP][PASSED] - startApp.OpenApp.startApplication("id.co.miraeasset.sageclub"): startApp.OpenApp.startApplication is PASSED

2022-02-15 09:07:48 - [MESSAGE][PASSED] - Starting app with application ID: 'id.co.miraeasset.sageclub'

2022-02-15 09:07:48 - [MESSAGE][PASSED] - startApp.OpenApp.startApplication is PASSED

2022-02-15 09:07:48 - [MESSAGE][PASSED] - Call Test Case 'Test Cases/Mobile/Page/Run App/Run App byID' successfully

2022-02-15 09:07:48 - [TEST_STEP][PASSED] - callTestCase(findTestCase("Mobile/Page/NavigationMenu/NavigationMenu"), ["action":"analyzeprofile"], CONTINUE_ON_FAILURE): Call Test Case 'Test Cases/Mobile/Page/NavigationMenu/NavigationMenu' successfully

2022-02-15 09:07:48 - [TEST_CASE][PASSED] - Test Cases/Mobile/Page/NavigationMenu/NavigationMenu: Test Cases/Mobile/Page/NavigationMenu/NavigationMenu

2022-02-15 09:07:48 - [TEST_STEP][PASSED] - callTestCase(findTestCase("Mobile/Page/CheckLogin"), [:], CONTINUE_ON_FAILURE): Call Test Case 'Test Cases/Mobile/Page/CheckLogin' successfully

2022-02-15 09:07:48 - [TEST_CASE][PASSED] - Test Cases/Mobile/Page/CheckLogin: Test Cases/Mobile/Page/CheckLogin

2022-02-15 09:07:48 - [TEST_STEP][PASSED] - loginCheck = verifyElementExist(LOGN_BtnLogin, 5, CONTINUE_ON_FAILURE): Element 'Object Repository/Mobile/Page/Login/Button - Login' is exist

2022-02-15 09:07:50 - [MESSAGE][PASSED] - Element 'Object Repository/Mobile/Page/Login/Button - Login' is exist

2022-02-15 09:07:50 - [TEST_STEP][PASSED] - if (loginCheck): Call Test Case 'Test Cases/Mobile/Page/Login/Login' successfully

2022-02-15 09:07:50 - [TEST_STEP][PASSED] - callTestCase(findTestCase("Mobile/Page/Login/Login"), ["action":"username"], CONTINUE_ON_FAILURE): Call Test Case 'Test Cases/Mobile/Page/Login/Login' successfully

2022-02-15 09:07:50 - [TEST_CASE][PASSED] - Test Cases/Mobile/Page/Login/Login: Test Cases/Mobile/Page/Login/Login

2022-02-15 09:07:50 - [TEST_STEP][PASSED] - delay(2): Delayed 2 second(s)

2022-02-15 09:07:52 - [MESSAGE][PASSED] - Delayed 2 second(s)

2022-02-15 09:07:52 - [TEST_STEP][PASSED] - for ([i = 0, i < 1, (i++)]): null

2022-02-15 09:07:52 - [TEST_STEP][PASSED] - if (action == "username"): null

2022-02-15 09:07:52 - [TEST_STEP][PASSED] - tap(LOGN_EdtUserID, 0): Tapped on element 'Object Repository/Mobile/Page/Login/Input - UserID'

2022-02-15 09:07:52 - [MESSAGE][WARNING] - Timeout '0' is invalid. Using default page load timeout: '60'

2022-02-15 09:07:52 - [MESSAGE][PASSED] - Tapped on element 'Object Repository/Mobile/Page/Login/Input - UserID'

2022-02-15 09:07:52 - [TEST_STEP][PASSED] - delay(1): Delayed 1 second(s)

2022-02-15 09:07:53 - [MESSAGE][PASSED] - Delayed 1 second(s)

2022-02-15 09:07:53 - [TEST_STEP][PASSED] - setText(LOGN_EdtRdyUserID, "anggaaditya", 0): Text 'anggaaditya' has been set to element 'Object Repository/Mobile/Page/Login/Input Rdy - UserID'

2022-02-15 09:07:53 - [MESSAGE][WARNING] - Timeout '0' is invalid. Using default page load timeout: '60'

2022-02-15 09:07:54 - [MESSAGE][PASSED] - Text 'anggaaditya' has been set to element 'Object Repository/Mobile/Page/Login/Input Rdy - UserID'

2022-02-15 09:07:54 - [TEST_STEP][PASSED] - delay(1): Delayed 1 second(s)

2022-02-15 09:07:55 - [MESSAGE][PASSED] - Delayed 1 second(s)

2022-02-15 09:07:55 - [TEST_STEP][PASSED] - hideKeyboard(): Keyboard is hidden

2022-02-15 09:07:58 - [MESSAGE][PASSED] - Keyboard is hidden

2022-02-15 09:07:58 - [TEST_STEP][PASSED] - tap(LOGN_EdtPassword, 0): Tapped on element 'Object Repository/Mobile/Page/Login/Input - Password'

2022-02-15 09:07:58 - [MESSAGE][WARNING] - Timeout '0' is invalid. Using default page load timeout: '60'

2022-02-15 09:07:59 - [MESSAGE][PASSED] - Tapped on element 'Object Repository/Mobile/Page/Login/Input - Password'

2022-02-15 09:07:59 - [TEST_STEP][PASSED] - delay(1): Delayed 1 second(s)

2022-02-15 09:08:00 - [MESSAGE][PASSED] - Delayed 1 second(s)

2022-02-15 09:08:00 - [TEST_STEP][PASSED] - setText(LOGN_EdtRdyPassword, "Shalawa18", 0): Text 'Shalawa18' has been set to element 'Object Repository/Mobile/Page/Login/Input Rdy - Password'

2022-02-15 09:08:00 - [MESSAGE][WARNING] - Timeout '0' is invalid. Using default page load timeout: '60'

2022-02-15 09:08:00 - [MESSAGE][PASSED] - Text 'Shalawa18' has been set to element 'Object Repository/Mobile/Page/Login/Input Rdy - Password'

2022-02-15 09:08:00 - [TEST_STEP][PASSED] - delay(1): Delayed 1 second(s)

2022-02-15 09:08:01 - [MESSAGE][PASSED] - Delayed 1 second(s)

2022-02-15 09:08:01 - [TEST_STEP][PASSED] - hideKeyboard(): Keyboard is hidden

2022-02-15 09:08:07 - [MESSAGE][PASSED] - Keyboard is hidden

2022-02-15 09:08:07 - [TEST_STEP][PASSED] - tap(LOGN_BtnLogin, 0): Tapped on element 'Object Repository/Mobile/Page/Login/Button - Login'

2022-02-15 09:08:07 - [MESSAGE][WARNING] - Timeout '0' is invalid. Using default page load timeout: '60'

2022-02-15 09:08:08 - [MESSAGE][PASSED] - Tapped on element 'Object Repository/Mobile/Page/Login/Button - Login'

2022-02-15 09:08:08 - [TEST_STEP][PASSED] - delay(2): Delayed 2 second(s)

2022-02-15 09:08:10 - [MESSAGE][PASSED] - Delayed 2 second(s)

2022-02-15 09:08:10 - [TEST_STEP][PASSED] - break: null

2022-02-15 09:08:10 - [MESSAGE][PASSED] - Call Test Case 'Test Cases/Mobile/Page/Login/Login' successfully

2022-02-15 09:08:10 - [MESSAGE][PASSED] - Call Test Case 'Test Cases/Mobile/Page/CheckLogin' successfully

2022-02-15 09:08:10 - [TEST_STEP][PASSED] - delay(3): Delayed 3 second(s)

2022-02-15 09:08:13 - [MESSAGE][PASSED] - Delayed 3 second(s)

2022-02-15 09:08:13 - [TEST_STEP][PASSED] - scroll.scroll.scrollScreenLeftToRight(): scroll.scroll.scrollScreenLeftToRight is PASSED

2022-02-15 09:08:14 - [MESSAGE][PASSED] - Current device physical height is 1423

2022-02-15 09:08:14 - [MESSAGE][PASSED] - Current device physical width is 720

2022-02-15 09:08:14 - [MESSAGE][PASSED] - Current device physical height is 1423

2022-02-15 09:08:15 - [MESSAGE][PASSED] - Swiped from 10,711 to 710,711

2022-02-15 09:08:15 - [MESSAGE][PASSED] - scroll.scroll.scrollScreenLeftToRight is PASSED

2022-02-15 09:08:15 - [TEST_STEP][PASSED] - delay(1): Delayed 1 second(s)

2022-02-15 09:08:16 - [MESSAGE][PASSED] - Delayed 1 second(s)

2022-02-15 09:08:16 - [TEST_STEP][FAILED] - for ([i = 0, i < 1, (i++)]): null

2022-02-15 09:08:16 - [TEST_STEP][PASSED] - if (action == "downloadtaxreport"): null

2022-02-15 09:08:16 - [TEST_STEP][FAILED] - else if (action == "analyzeprofile"): null

2022-02-15 09:08:16 - [TEST_STEP][PASSED] - risk = NAVM_ContRiskProfile: null

2022-02-15 09:08:16 - [TEST_STEP][PASSED] - top = getElementTopPosition(risk, 0): Object 'Object Repository/Mobile/Page/NavigationMenu/Container - Risk Profile' has top position '431'

2022-02-15 09:08:16 - [MESSAGE][WARNING] - Timeout '0' is invalid. Using default page load timeout: '60'

2022-02-15 09:08:16 - [MESSAGE][PASSED] - Object 'Object Repository/Mobile/Page/NavigationMenu/Container - Risk Profile' has top position '431'

2022-02-15 09:08:16 - [TEST_STEP][PASSED] - y = getElementHeight(risk, 0) * 0.8 + top: Object 'Object Repository/Mobile/Page/NavigationMenu/Container - Risk Profile' has height: '119'

2022-02-15 09:08:16 - [MESSAGE][WARNING] - Timeout '0' is invalid. Using default page load timeout: '60'

2022-02-15 09:08:17 - [MESSAGE][PASSED] - Object 'Object Repository/Mobile/Page/NavigationMenu/Container - Risk Profile' has height: '119'

2022-02-15 09:08:17 - [TEST_STEP][PASSED] - x = getDeviceWidth() * 0.2: Current device physical width is 720

2022-02-15 09:08:17 - [MESSAGE][PASSED] - Current device physical width is 720

2022-02-15 09:08:17 - [TEST_STEP][PASSED] - tapAtPosition(x, y): Tapped at [144, 526]

2022-02-15 09:08:17 - [MESSAGE][PASSED] - Tapped at [144, 526]

2022-02-15 09:08:17 - [TEST_STEP][PASSED] - delay(1): Delayed 1 second(s)

2022-02-15 09:08:18 - [MESSAGE][PASSED] - Delayed 1 second(s)

2022-02-15 09:08:18 - [TEST_STEP][FAILED] - try: Failed to check for element 'Object Repository/Mobile/Page/NavigationMenu/Container - Risk Profile' exist (Root cause: com.kms.katalon.core.exception.StepFailedException: Element 'Object Repository/Mobile/Page/NavigationMenu/Container - Risk Profile' not found
	at com.kms.katalon.core.keyword.internal.KeywordMain.stepFailed(KeywordMain.groovy:50)
	at com.kms.katalon.core.mobile.keyword.internal.MobileKeywordMain.stepFailed(MobileKeywordMain.groovy:40)
	at com.kms.katalon.core.mobile.keyword.builtin.VerifyElementExistKeyword$_verifyElementExist_closure1.doCall(VerifyElementExistKeyword.groovy:77)
	at com.kms.katalon.core.mobile.keyword.builtin.VerifyElementExistKeyword$_verifyElementExist_closure1.call(VerifyElementExistKeyword.groovy)
	at com.kms.katalon.core.mobile.keyword.internal.MobileKeywordMain.runKeyword(MobileKeywordMain.groovy:21)
	at com.kms.katalon.core.mobile.keyword.builtin.VerifyElementExistKeyword.verifyElementExist(VerifyElementExistKeyword.groovy:80)
	at com.kms.katalon.core.mobile.keyword.builtin.VerifyElementExistKeyword.execute(VerifyElementExistKeyword.groovy:64)
	at com.kms.katalon.core.keyword.internal.KeywordExecutor.executeKeywordForPlatform(KeywordExecutor.groovy:73)
	at com.kms.katalon.core.mobile.keyword.MobileBuiltInKeywords.verifyElementExist(MobileBuiltInKeywords.groovy:1586)
	at com.kms.katalon.core.mobile.keyword.MobileBuiltInKeywords$verifyElementExist$11.call(Unknown Source)
	at NavigationMenu.run(NavigationMenu:51)
	at com.kms.katalon.core.main.ScriptEngine.run(ScriptEngine.java:194)
	at com.kms.katalon.core.main.ScriptEngine.runScriptAsRawText(ScriptEngine.java:119)
	at com.kms.katalon.core.main.TestCaseExecutor.runScript(TestCaseExecutor.java:398)
	at com.kms.katalon.core.main.TestCaseExecutor.doExecute(TestCaseExecutor.java:389)
	at com.kms.katalon.core.main.TestCaseExecutor.processExecutionPhase(TestCaseExecutor.java:368)
	at com.kms.katalon.core.main.TestCaseExecutor.accessMainPhase(TestCaseExecutor.java:360)
	at com.kms.katalon.core.main.TestCaseExecutor.execute(TestCaseExecutor.java:255)
	at com.kms.katalon.core.main.TestCaseMain.runTestCase(TestCaseMain.java:114)
	at com.kms.katalon.core.keyword.builtin.CallTestCaseKeyword$_callTestCase_closure1.doCall(CallTestCaseKeyword.groovy:59)
	at com.kms.katalon.core.keyword.builtin.CallTestCaseKeyword$_callTestCase_closure1.call(CallTestCaseKeyword.groovy)
	at com.kms.katalon.core.keyword.internal.KeywordMain.runKeyword(KeywordMain.groovy:68)
	at com.kms.katalon.core.keyword.builtin.CallTestCaseKeyword.callTestCase(CallTestCaseKeyword.groovy:81)
	at com.kms.katalon.core.keyword.builtin.CallTestCaseKeyword.execute(CallTestCaseKeyword.groovy:44)
	at com.kms.katalon.core.keyword.internal.KeywordExecutor.executeKeywordForPlatform(KeywordExecutor.groovy:73)
	at com.kms.katalon.core.keyword.BuiltinKeywords.callTestCase(BuiltinKeywords.groovy:334)
	at 002 - Risk Profile analysis.run(002 - Risk Profile analysis:22)
	at com.kms.katalon.core.main.ScriptEngine.run(ScriptEngine.java:194)
	at com.kms.katalon.core.main.ScriptEngine.runScriptAsRawText(ScriptEngine.java:119)
	at com.kms.katalon.core.main.TestCaseExecutor.runScript(TestCaseExecutor.java:398)
	at com.kms.katalon.core.main.TestCaseExecutor.doExecute(TestCaseExecutor.java:389)
	at com.kms.katalon.core.main.TestCaseExecutor.processExecutionPhase(TestCaseExecutor.java:368)
	at com.kms.katalon.core.main.TestCaseExecutor.accessMainPhase(TestCaseExecutor.java:360)
	at com.kms.katalon.core.main.TestCaseExecutor.execute(TestCaseExecutor.java:255)
	at com.kms.katalon.core.main.TestSuiteExecutor.accessTestCaseMainPhase(TestSuiteExecutor.java:203)
	at com.kms.katalon.core.main.TestSuiteExecutor.accessTestSuiteMainPhase(TestSuiteExecutor.java:152)
	at com.kms.katalon.core.main.TestSuiteExecutor.execute(TestSuiteExecutor.java:95)
	at com.kms.katalon.core.main.TestCaseMain.startTestSuite(TestCaseMain.java:157)
	at com.kms.katalon.core.main.TestCaseMain$startTestSuite$0.call(Unknown Source)
	at TempTestSuite1644889387904.run(TempTestSuite1644889387904.groovy:39)
)

2022-02-15 09:08:18 - [TEST_STEP][FAILED] - for ([j = 1, j <= 5, (j++)]): Failed to check for element 'Object Repository/Mobile/Page/NavigationMenu/Container - Risk Profile' exist (Root cause: com.kms.katalon.core.exception.StepFailedException: Element 'Object Repository/Mobile/Page/NavigationMenu/Container - Risk Profile' not found
	at com.kms.katalon.core.keyword.internal.KeywordMain.stepFailed(KeywordMain.groovy:50)
	at com.kms.katalon.core.mobile.keyword.internal.MobileKeywordMain.stepFailed(MobileKeywordMain.groovy:40)
	at com.kms.katalon.core.mobile.keyword.builtin.VerifyElementExistKeyword$_verifyElementExist_closure1.doCall(VerifyElementExistKeyword.groovy:77)
	at com.kms.katalon.core.mobile.keyword.builtin.VerifyElementExistKeyword$_verifyElementExist_closure1.call(VerifyElementExistKeyword.groovy)
	at com.kms.katalon.core.mobile.keyword.internal.MobileKeywordMain.runKeyword(MobileKeywordMain.groovy:21)
	at com.kms.katalon.core.mobile.keyword.builtin.VerifyElementExistKeyword.verifyElementExist(VerifyElementExistKeyword.groovy:80)
	at com.kms.katalon.core.mobile.keyword.builtin.VerifyElementExistKeyword.execute(VerifyElementExistKeyword.groovy:64)
	at com.kms.katalon.core.keyword.internal.KeywordExecutor.executeKeywordForPlatform(KeywordExecutor.groovy:73)
	at com.kms.katalon.core.mobile.keyword.MobileBuiltInKeywords.verifyElementExist(MobileBuiltInKeywords.groovy:1586)
	at com.kms.katalon.core.mobile.keyword.MobileBuiltInKeywords$verifyElementExist$11.call(Unknown Source)
	at NavigationMenu.run(NavigationMenu:51)
	at com.kms.katalon.core.main.ScriptEngine.run(ScriptEngine.java:194)
	at com.kms.katalon.core.main.ScriptEngine.runScriptAsRawText(ScriptEngine.java:119)
	at com.kms.katalon.core.main.TestCaseExecutor.runScript(TestCaseExecutor.java:398)
	at com.kms.katalon.core.main.TestCaseExecutor.doExecute(TestCaseExecutor.java:389)
	at com.kms.katalon.core.main.TestCaseExecutor.processExecutionPhase(TestCaseExecutor.java:368)
	at com.kms.katalon.core.main.TestCaseExecutor.accessMainPhase(TestCaseExecutor.java:360)
	at com.kms.katalon.core.main.TestCaseExecutor.execute(TestCaseExecutor.java:255)
	at com.kms.katalon.core.main.TestCaseMain.runTestCase(TestCaseMain.java:114)
	at com.kms.katalon.core.keyword.builtin.CallTestCaseKeyword$_callTestCase_closure1.doCall(CallTestCaseKeyword.groovy:59)
	at com.kms.katalon.core.keyword.builtin.CallTestCaseKeyword$_callTestCase_closure1.call(CallTestCaseKeyword.groovy)
	at com.kms.katalon.core.keyword.internal.KeywordMain.runKeyword(KeywordMain.groovy:68)
	at com.kms.katalon.core.keyword.builtin.CallTestCaseKeyword.callTestCase(CallTestCaseKeyword.groovy:81)
	at com.kms.katalon.core.keyword.builtin.CallTestCaseKeyword.execute(CallTestCaseKeyword.groovy:44)
	at com.kms.katalon.core.keyword.internal.KeywordExecutor.executeKeywordForPlatform(KeywordExecutor.groovy:73)
	at com.kms.katalon.core.keyword.BuiltinKeywords.callTestCase(BuiltinKeywords.groovy:334)
	at 002 - Risk Profile analysis.run(002 - Risk Profile analysis:22)
	at com.kms.katalon.core.main.ScriptEngine.run(ScriptEngine.java:194)
	at com.kms.katalon.core.main.ScriptEngine.runScriptAsRawText(ScriptEngine.java:119)
	at com.kms.katalon.core.main.TestCaseExecutor.runScript(TestCaseExecutor.java:398)
	at com.kms.katalon.core.main.TestCaseExecutor.doExecute(TestCaseExecutor.java:389)
	at com.kms.katalon.core.main.TestCaseExecutor.processExecutionPhase(TestCaseExecutor.java:368)
	at com.kms.katalon.core.main.TestCaseExecutor.accessMainPhase(TestCaseExecutor.java:360)
	at com.kms.katalon.core.main.TestCaseExecutor.execute(TestCaseExecutor.java:255)
	at com.kms.katalon.core.main.TestSuiteExecutor.accessTestCaseMainPhase(TestSuiteExecutor.java:203)
	at com.kms.katalon.core.main.TestSuiteExecutor.accessTestSuiteMainPhase(TestSuiteExecutor.java:152)
	at com.kms.katalon.core.main.TestSuiteExecutor.execute(TestSuiteExecutor.java:95)
	at com.kms.katalon.core.main.TestCaseMain.startTestSuite(TestCaseMain.java:157)
	at com.kms.katalon.core.main.TestCaseMain$startTestSuite$0.call(Unknown Source)
	at TempTestSuite1644889387904.run(TempTestSuite1644889387904.groovy:39)
)

2022-02-15 09:08:18 - [TEST_STEP][FAILED] - bestsuited = verifyElementExist(NAVM_ContRiskProfile, 2): Failed to check for element 'Object Repository/Mobile/Page/NavigationMenu/Container - Risk Profile' exist (Root cause: com.kms.katalon.core.exception.StepFailedException: Element 'Object Repository/Mobile/Page/NavigationMenu/Container - Risk Profile' not found
	at com.kms.katalon.core.keyword.internal.KeywordMain.stepFailed(KeywordMain.groovy:50)
	at com.kms.katalon.core.mobile.keyword.internal.MobileKeywordMain.stepFailed(MobileKeywordMain.groovy:40)
	at com.kms.katalon.core.mobile.keyword.builtin.VerifyElementExistKeyword$_verifyElementExist_closure1.doCall(VerifyElementExistKeyword.groovy:77)
	at com.kms.katalon.core.mobile.keyword.builtin.VerifyElementExistKeyword$_verifyElementExist_closure1.call(VerifyElementExistKeyword.groovy)
	at com.kms.katalon.core.mobile.keyword.internal.MobileKeywordMain.runKeyword(MobileKeywordMain.groovy:21)
	at com.kms.katalon.core.mobile.keyword.builtin.VerifyElementExistKeyword.verifyElementExist(VerifyElementExistKeyword.groovy:80)
	at com.kms.katalon.core.mobile.keyword.builtin.VerifyElementExistKeyword.execute(VerifyElementExistKeyword.groovy:64)
	at com.kms.katalon.core.keyword.internal.KeywordExecutor.executeKeywordForPlatform(KeywordExecutor.groovy:73)
	at com.kms.katalon.core.mobile.keyword.MobileBuiltInKeywords.verifyElementExist(MobileBuiltInKeywords.groovy:1586)
	at com.kms.katalon.core.mobile.keyword.MobileBuiltInKeywords$verifyElementExist$11.call(Unknown Source)
	at NavigationMenu.run(NavigationMenu:51)
	at com.kms.katalon.core.main.ScriptEngine.run(ScriptEngine.java:194)
	at com.kms.katalon.core.main.ScriptEngine.runScriptAsRawText(ScriptEngine.java:119)
	at com.kms.katalon.core.main.TestCaseExecutor.runScript(TestCaseExecutor.java:398)
	at com.kms.katalon.core.main.TestCaseExecutor.doExecute(TestCaseExecutor.java:389)
	at com.kms.katalon.core.main.TestCaseExecutor.processExecutionPhase(TestCaseExecutor.java:368)
	at com.kms.katalon.core.main.TestCaseExecutor.accessMainPhase(TestCaseExecutor.java:360)
	at com.kms.katalon.core.main.TestCaseExecutor.execute(TestCaseExecutor.java:255)
	at com.kms.katalon.core.main.TestCaseMain.runTestCase(TestCaseMain.java:114)
	at com.kms.katalon.core.keyword.builtin.CallTestCaseKeyword$_callTestCase_closure1.doCall(CallTestCaseKeyword.groovy:59)
	at com.kms.katalon.core.keyword.builtin.CallTestCaseKeyword$_callTestCase_closure1.call(CallTestCaseKeyword.groovy)
	at com.kms.katalon.core.keyword.internal.KeywordMain.runKeyword(KeywordMain.groovy:68)
	at com.kms.katalon.core.keyword.builtin.CallTestCaseKeyword.callTestCase(CallTestCaseKeyword.groovy:81)
	at com.kms.katalon.core.keyword.builtin.CallTestCaseKeyword.execute(CallTestCaseKeyword.groovy:44)
	at com.kms.katalon.core.keyword.internal.KeywordExecutor.executeKeywordForPlatform(KeywordExecutor.groovy:73)
	at com.kms.katalon.core.keyword.BuiltinKeywords.callTestCase(BuiltinKeywords.groovy:334)
	at 002 - Risk Profile analysis.run(002 - Risk Profile analysis:22)
	at com.kms.katalon.core.main.ScriptEngine.run(ScriptEngine.java:194)
	at com.kms.katalon.core.main.ScriptEngine.runScriptAsRawText(ScriptEngine.java:119)
	at com.kms.katalon.core.main.TestCaseExecutor.runScript(TestCaseExecutor.java:398)
	at com.kms.katalon.core.main.TestCaseExecutor.doExecute(TestCaseExecutor.java:389)
	at com.kms.katalon.core.main.TestCaseExecutor.processExecutionPhase(TestCaseExecutor.java:368)
	at com.kms.katalon.core.main.TestCaseExecutor.accessMainPhase(TestCaseExecutor.java:360)
	at com.kms.katalon.core.main.TestCaseExecutor.execute(TestCaseExecutor.java:255)
	at com.kms.katalon.core.main.TestSuiteExecutor.accessTestCaseMainPhase(TestSuiteExecutor.java:203)
	at com.kms.katalon.core.main.TestSuiteExecutor.accessTestSuiteMainPhase(TestSuiteExecutor.java:152)
	at com.kms.katalon.core.main.TestSuiteExecutor.execute(TestSuiteExecutor.java:95)
	at com.kms.katalon.core.main.TestCaseMain.startTestSuite(TestCaseMain.java:157)
	at com.kms.katalon.core.main.TestCaseMain$startTestSuite$0.call(Unknown Source)
	at TempTestSuite1644889387904.run(TempTestSuite1644889387904.groovy:39)
)

2022-02-15 09:08:21 - [MESSAGE][FAILED] - Element 'Object Repository/Mobile/Page/NavigationMenu/Container - Risk Profile' not found
[[ATTACHMENT|C:\\Users\\Owner\\Documents\\kerjaan\\KatalonProject\\qa_katalon_pwm\\qa_katalon_pwm\\Reports\\20220215_084255\\navigationmenu\\20220215_084307\\1644890900657.png]]

2022-02-15 09:08:22 - [MESSAGE][FAILED] - Failed to check for element 'Object Repository/Mobile/Page/NavigationMenu/Container - Risk Profile' exist (Root cause: com.kms.katalon.core.exception.StepFailedException: Element 'Object Repository/Mobile/Page/NavigationMenu/Container - Risk Profile' not found
	at com.kms.katalon.core.keyword.internal.KeywordMain.stepFailed(KeywordMain.groovy:50)
	at com.kms.katalon.core.mobile.keyword.internal.MobileKeywordMain.stepFailed(MobileKeywordMain.groovy:40)
	at com.kms.katalon.core.mobile.keyword.builtin.VerifyElementExistKeyword$_verifyElementExist_closure1.doCall(VerifyElementExistKeyword.groovy:77)
	at com.kms.katalon.core.mobile.keyword.builtin.VerifyElementExistKeyword$_verifyElementExist_closure1.call(VerifyElementExistKeyword.groovy)
	at com.kms.katalon.core.mobile.keyword.internal.MobileKeywordMain.runKeyword(MobileKeywordMain.groovy:21)
	at com.kms.katalon.core.mobile.keyword.builtin.VerifyElementExistKeyword.verifyElementExist(VerifyElementExistKeyword.groovy:80)
	at com.kms.katalon.core.mobile.keyword.builtin.VerifyElementExistKeyword.execute(VerifyElementExistKeyword.groovy:64)
	at com.kms.katalon.core.keyword.internal.KeywordExecutor.executeKeywordForPlatform(KeywordExecutor.groovy:73)
	at com.kms.katalon.core.mobile.keyword.MobileBuiltInKeywords.verifyElementExist(MobileBuiltInKeywords.groovy:1586)
	at com.kms.katalon.core.mobile.keyword.MobileBuiltInKeywords$verifyElementExist$11.call(Unknown Source)
	at NavigationMenu.run(NavigationMenu:51)
	at com.kms.katalon.core.main.ScriptEngine.run(ScriptEngine.java:194)
	at com.kms.katalon.core.main.ScriptEngine.runScriptAsRawText(ScriptEngine.java:119)
	at com.kms.katalon.core.main.TestCaseExecutor.runScript(TestCaseExecutor.java:398)
	at com.kms.katalon.core.main.TestCaseExecutor.doExecute(TestCaseExecutor.java:389)
	at com.kms.katalon.core.main.TestCaseExecutor.processExecutionPhase(TestCaseExecutor.java:368)
	at com.kms.katalon.core.main.TestCaseExecutor.accessMainPhase(TestCaseExecutor.java:360)
	at com.kms.katalon.core.main.TestCaseExecutor.execute(TestCaseExecutor.java:255)
	at com.kms.katalon.core.main.TestCaseMain.runTestCase(TestCaseMain.java:114)
	at com.kms.katalon.core.keyword.builtin.CallTestCaseKeyword$_callTestCase_closure1.doCall(CallTestCaseKeyword.groovy:59)
	at com.kms.katalon.core.keyword.builtin.CallTestCaseKeyword$_callTestCase_closure1.call(CallTestCaseKeyword.groovy)
	at com.kms.katalon.core.keyword.internal.KeywordMain.runKeyword(KeywordMain.groovy:68)
	at com.kms.katalon.core.keyword.builtin.CallTestCaseKeyword.callTestCase(CallTestCaseKeyword.groovy:81)
	at com.kms.katalon.core.keyword.builtin.CallTestCaseKeyword.execute(CallTestCaseKeyword.groovy:44)
	at com.kms.katalon.core.keyword.internal.KeywordExecutor.executeKeywordForPlatform(KeywordExecutor.groovy:73)
	at com.kms.katalon.core.keyword.BuiltinKeywords.callTestCase(BuiltinKeywords.groovy:334)
	at 002 - Risk Profile analysis.run(002 - Risk Profile analysis:22)
	at com.kms.katalon.core.main.ScriptEngine.run(ScriptEngine.java:194)
	at com.kms.katalon.core.main.ScriptEngine.runScriptAsRawText(ScriptEngine.java:119)
	at com.kms.katalon.core.main.TestCaseExecutor.runScript(TestCaseExecutor.java:398)
	at com.kms.katalon.core.main.TestCaseExecutor.doExecute(TestCaseExecutor.java:389)
	at com.kms.katalon.core.main.TestCaseExecutor.processExecutionPhase(TestCaseExecutor.java:368)
	at com.kms.katalon.core.main.TestCaseExecutor.accessMainPhase(TestCaseExecutor.java:360)
	at com.kms.katalon.core.main.TestCaseExecutor.execute(TestCaseExecutor.java:255)
	at com.kms.katalon.core.main.TestSuiteExecutor.accessTestCaseMainPhase(TestSuiteExecutor.java:203)
	at com.kms.katalon.core.main.TestSuiteExecutor.accessTestSuiteMainPhase(TestSuiteExecutor.java:152)
	at com.kms.katalon.core.main.TestSuiteExecutor.execute(TestSuiteExecutor.java:95)
	at com.kms.katalon.core.main.TestCaseMain.startTestSuite(TestCaseMain.java:157)
	at com.kms.katalon.core.main.TestCaseMain$startTestSuite$0.call(Unknown Source)
	at TempTestSuite1644889387904.run(TempTestSuite1644889387904.groovy:39)
)
[[ATTACHMENT|C:\\Users\\Owner\\Documents\\kerjaan\\KatalonProject\\qa_katalon_pwm\\qa_katalon_pwm\\Reports\\20220215_084255\\navigationmenu\\20220215_084307\\1644890901362.png]]

2022-02-15 09:08:22 - [TEST_STEP][PASSED] - catch (Exception e): null

2022-02-15 09:08:22 - [TEST_STEP][PASSED] - rand = new java.util.Random(): null

2022-02-15 09:08:22 - [TEST_STEP][PASSED] - random = rand.nextInt(2): null

2022-02-15 09:08:22 - [TEST_STEP][PASSED] - positionclick.positionclick.clickButtonInBottom(NAVM_RISK_DropHowLong): positionclick.positionclick.clickButtonInBottom is PASSED

2022-02-15 09:08:22 - [MESSAGE][PASSED] - Current device physical width is 720

2022-02-15 09:08:22 - [MESSAGE][WARNING] - Timeout '0' is invalid. Using default page load timeout: '60'

2022-02-15 09:08:22 - [MESSAGE][PASSED] - Object 'Object Repository/Mobile/Page/NavigationMenu/Risk Profile/Dropdown - How Long' has top position '151'

2022-02-15 09:08:22 - [MESSAGE][WARNING] - Timeout '0' is invalid. Using default page load timeout: '60'

2022-02-15 09:08:22 - [MESSAGE][PASSED] - Object 'Object Repository/Mobile/Page/NavigationMenu/Risk Profile/Dropdown - How Long' has height: '126'

2022-02-15 09:08:23 - [MESSAGE][PASSED] - Tapped at [360, 251]

2022-02-15 09:08:23 - [MESSAGE][PASSED] - positionclick.positionclick.clickButtonInBottom is PASSED

2022-02-15 09:08:23 - [TEST_STEP][PASSED] - delay(1): Delayed 1 second(s)

2022-02-15 09:08:24 - [MESSAGE][PASSED] - Delayed 1 second(s)

2022-02-15 09:08:24 - [TEST_STEP][PASSED] - if (random == 0): Tapped on element 'Object Repository/Mobile/Page/NavigationMenu/Risk Profile/Option How Long - 1 to 3'

2022-02-15 09:08:24 - [MESSAGE][WARNING] - Timeout '0' is invalid. Using default page load timeout: '60'

2022-02-15 09:08:25 - [MESSAGE][PASSED] - Tapped on element 'Object Repository/Mobile/Page/NavigationMenu/Risk Profile/Option How Long - 1 to 3'

2022-02-15 09:08:25 - [TEST_STEP][PASSED] - delay(1): Delayed 1 second(s)

2022-02-15 09:08:27 - [MESSAGE][PASSED] - Delayed 1 second(s)

2022-02-15 09:08:27 - [TEST_STEP][PASSED] - random = rand.nextInt(2): null

2022-02-15 09:08:27 - [TEST_STEP][PASSED] - positionclick.positionclick.clickButtonInBottom(NAVM_RISK_DropInvestGoal): positionclick.positionclick.clickButtonInBottom is PASSED

2022-02-15 09:08:27 - [MESSAGE][PASSED] - Current device physical width is 720

2022-02-15 09:08:27 - [MESSAGE][WARNING] - Timeout '0' is invalid. Using default page load timeout: '60'

2022-02-15 09:08:27 - [MESSAGE][PASSED] - Object 'Object Repository/Mobile/Page/NavigationMenu/Risk Profile/Dropdown - Investment Goal' has top position '303'

2022-02-15 09:08:27 - [MESSAGE][WARNING] - Timeout '0' is invalid. Using default page load timeout: '60'

2022-02-15 09:08:27 - [MESSAGE][PASSED] - Object 'Object Repository/Mobile/Page/NavigationMenu/Risk Profile/Dropdown - Investment Goal' has height: '126'

2022-02-15 09:08:28 - [MESSAGE][PASSED] - Tapped at [360, 403]

2022-02-15 09:08:28 - [MESSAGE][PASSED] - positionclick.positionclick.clickButtonInBottom is PASSED

2022-02-15 09:08:28 - [TEST_STEP][PASSED] - delay(1): Delayed 1 second(s)

2022-02-15 09:08:29 - [MESSAGE][PASSED] - Delayed 1 second(s)

2022-02-15 09:08:29 - [TEST_STEP][PASSED] - if (random == 0): null

2022-02-15 09:08:29 - [TEST_STEP][PASSED] - else: Tapped on element 'Object Repository/Mobile/Page/NavigationMenu/Risk Profile/Option Investment Goal - Profit'

2022-02-15 09:08:29 - [TEST_STEP][PASSED] - tap(NAVM_RISK_OptInvestGoalProfit, 0): Tapped on element 'Object Repository/Mobile/Page/NavigationMenu/Risk Profile/Option Investment Goal - Profit'

2022-02-15 09:08:29 - [MESSAGE][WARNING] - Timeout '0' is invalid. Using default page load timeout: '60'

2022-02-15 09:08:30 - [MESSAGE][PASSED] - Tapped on element 'Object Repository/Mobile/Page/NavigationMenu/Risk Profile/Option Investment Goal - Profit'

2022-02-15 09:08:30 - [TEST_STEP][PASSED] - delay(1): Delayed 1 second(s)

2022-02-15 09:08:31 - [MESSAGE][PASSED] - Delayed 1 second(s)

2022-02-15 09:08:31 - [TEST_STEP][PASSED] - random = rand.nextInt(2): null

2022-02-15 09:08:31 - [TEST_STEP][PASSED] - positionclick.positionclick.clickButtonInBottom(NAVM_RISK_DropGenKnowledge): positionclick.positionclick.clickButtonInBottom is PASSED

2022-02-15 09:08:32 - [MESSAGE][PASSED] - Current device physical width is 720

2022-02-15 09:08:32 - [MESSAGE][WARNING] - Timeout '0' is invalid. Using default page load timeout: '60'

2022-02-15 09:08:32 - [MESSAGE][PASSED] - Object 'Object Repository/Mobile/Page/NavigationMenu/Risk Profile/Dropdown - General Knowledge' has top position '456'

2022-02-15 09:08:32 - [MESSAGE][WARNING] - Timeout '0' is invalid. Using default page load timeout: '60'

2022-02-15 09:08:32 - [MESSAGE][PASSED] - Object 'Object Repository/Mobile/Page/NavigationMenu/Risk Profile/Dropdown - General Knowledge' has height: '126'

2022-02-15 09:08:33 - [MESSAGE][PASSED] - Tapped at [360, 556]

2022-02-15 09:08:33 - [MESSAGE][PASSED] - positionclick.positionclick.clickButtonInBottom is PASSED

2022-02-15 09:08:33 - [TEST_STEP][PASSED] - delay(1): Delayed 1 second(s)

2022-02-15 09:08:34 - [MESSAGE][PASSED] - Delayed 1 second(s)

2022-02-15 09:08:34 - [TEST_STEP][PASSED] - if (random == 0): Tapped on element 'Object Repository/Mobile/Page/NavigationMenu/Risk Profile/Option General Knowledge - Limited'

2022-02-15 09:08:34 - [MESSAGE][WARNING] - Timeout '0' is invalid. Using default page load timeout: '60'

2022-02-15 09:08:35 - [MESSAGE][PASSED] - Tapped on element 'Object Repository/Mobile/Page/NavigationMenu/Risk Profile/Option General Knowledge - Limited'

2022-02-15 09:08:35 - [TEST_STEP][PASSED] - delay(1): Delayed 1 second(s)

2022-02-15 09:08:36 - [MESSAGE][PASSED] - Delayed 1 second(s)

2022-02-15 09:08:36 - [TEST_STEP][PASSED] - random = rand.nextInt(2): null

2022-02-15 09:08:36 - [TEST_STEP][PASSED] - positionclick.positionclick.clickButtonInBottom(NAVM_RISK_DropTotalAmount): positionclick.positionclick.clickButtonInBottom is PASSED

2022-02-15 09:08:36 - [MESSAGE][PASSED] - Current device physical width is 720

2022-02-15 09:08:36 - [MESSAGE][WARNING] - Timeout '0' is invalid. Using default page load timeout: '60'

2022-02-15 09:08:36 - [MESSAGE][PASSED] - Object 'Object Repository/Mobile/Page/NavigationMenu/Risk Profile/Dropdown - Total Amount' has top position '608'

2022-02-15 09:08:36 - [MESSAGE][WARNING] - Timeout '0' is invalid. Using default page load timeout: '60'

2022-02-15 09:08:37 - [MESSAGE][PASSED] - Object 'Object Repository/Mobile/Page/NavigationMenu/Risk Profile/Dropdown - Total Amount' has height: '126'

2022-02-15 09:08:37 - [MESSAGE][PASSED] - Tapped at [360, 708]

2022-02-15 09:08:37 - [MESSAGE][PASSED] - positionclick.positionclick.clickButtonInBottom is PASSED

2022-02-15 09:08:37 - [TEST_STEP][PASSED] - delay(1): Delayed 1 second(s)

2022-02-15 09:08:38 - [MESSAGE][PASSED] - Delayed 1 second(s)

2022-02-15 09:08:38 - [TEST_STEP][PASSED] - if (random == 0): null

2022-02-15 09:08:38 - [TEST_STEP][PASSED] - else: Tapped on element 'Object Repository/Mobile/Page/NavigationMenu/Risk Profile/Option Total Amount - Between 20 and 30'

2022-02-15 09:08:38 - [TEST_STEP][PASSED] - tap(NAVM_RISK_OptTotal20and30, 0): Tapped on element 'Object Repository/Mobile/Page/NavigationMenu/Risk Profile/Option Total Amount - Between 20 and 30'

2022-02-15 09:08:38 - [MESSAGE][WARNING] - Timeout '0' is invalid. Using default page load timeout: '60'

2022-02-15 09:08:39 - [MESSAGE][PASSED] - Tapped on element 'Object Repository/Mobile/Page/NavigationMenu/Risk Profile/Option Total Amount - Between 20 and 30'

2022-02-15 09:08:39 - [TEST_STEP][PASSED] - delay(1): Delayed 1 second(s)

2022-02-15 09:08:40 - [MESSAGE][PASSED] - Delayed 1 second(s)

2022-02-15 09:08:40 - [TEST_STEP][PASSED] - random = rand.nextInt(2): null

2022-02-15 09:08:40 - [TEST_STEP][PASSED] - positionclick.positionclick.clickButtonInBottom(NAVM_RISK_DropRiskLevel): positionclick.positionclick.clickButtonInBottom is PASSED

2022-02-15 09:08:41 - [MESSAGE][PASSED] - Current device physical width is 720

2022-02-15 09:08:41 - [MESSAGE][WARNING] - Timeout '0' is invalid. Using default page load timeout: '60'

2022-02-15 09:08:41 - [MESSAGE][PASSED] - Object 'Object Repository/Mobile/Page/NavigationMenu/Risk Profile/Dropdown - Risk Level' has top position '760'

2022-02-15 09:08:41 - [MESSAGE][WARNING] - Timeout '0' is invalid. Using default page load timeout: '60'

2022-02-15 09:08:41 - [MESSAGE][PASSED] - Object 'Object Repository/Mobile/Page/NavigationMenu/Risk Profile/Dropdown - Risk Level' has height: '126'

2022-02-15 09:08:42 - [MESSAGE][PASSED] - Tapped at [360, 860]

2022-02-15 09:08:42 - [MESSAGE][PASSED] - positionclick.positionclick.clickButtonInBottom is PASSED

2022-02-15 09:08:42 - [TEST_STEP][PASSED] - delay(1): Delayed 1 second(s)

2022-02-15 09:08:43 - [MESSAGE][PASSED] - Delayed 1 second(s)

2022-02-15 09:08:43 - [TEST_STEP][PASSED] - if (random == 0): null

2022-02-15 09:08:43 - [TEST_STEP][PASSED] - else: Tapped on element 'Object Repository/Mobile/Page/NavigationMenu/Risk Profile/Option Risk Level - None'

2022-02-15 09:08:43 - [TEST_STEP][PASSED] - tap(NAVM_RISK_OptRiskLevelNone, 0): Tapped on element 'Object Repository/Mobile/Page/NavigationMenu/Risk Profile/Option Risk Level - None'

2022-02-15 09:08:43 - [MESSAGE][WARNING] - Timeout '0' is invalid. Using default page load timeout: '60'

2022-02-15 09:08:44 - [MESSAGE][PASSED] - Tapped on element 'Object Repository/Mobile/Page/NavigationMenu/Risk Profile/Option Risk Level - None'

2022-02-15 09:08:44 - [TEST_STEP][PASSED] - delay(1): Delayed 1 second(s)

2022-02-15 09:08:45 - [MESSAGE][PASSED] - Delayed 1 second(s)

2022-02-15 09:08:45 - [TEST_STEP][PASSED] - random = rand.nextInt(2): null

2022-02-15 09:08:45 - [TEST_STEP][PASSED] - positionclick.positionclick.clickButtonInBottom(NAVM_RISK_DropBestSuited): positionclick.positionclick.clickButtonInBottom is PASSED

2022-02-15 09:08:45 - [MESSAGE][PASSED] - Current device physical width is 720

2022-02-15 09:08:45 - [MESSAGE][WARNING] - Timeout '0' is invalid. Using default page load timeout: '60'

2022-02-15 09:08:45 - [MESSAGE][PASSED] - Object 'Object Repository/Mobile/Page/NavigationMenu/Risk Profile/Dropdown - Best Suited' has top position '912'

2022-02-15 09:08:45 - [MESSAGE][WARNING] - Timeout '0' is invalid. Using default page load timeout: '60'

2022-02-15 09:08:46 - [MESSAGE][PASSED] - Object 'Object Repository/Mobile/Page/NavigationMenu/Risk Profile/Dropdown - Best Suited' has height: '154'

2022-02-15 09:08:47 - [MESSAGE][PASSED] - Tapped at [360, 1,035]

2022-02-15 09:08:47 - [MESSAGE][PASSED] - positionclick.positionclick.clickButtonInBottom is PASSED

2022-02-15 09:08:47 - [TEST_STEP][PASSED] - delay(1): Delayed 1 second(s)

2022-02-15 09:08:48 - [MESSAGE][PASSED] - Delayed 1 second(s)

2022-02-15 09:08:48 - [TEST_STEP][PASSED] - if (random == 0): Tapped on element 'Object Repository/Mobile/Page/NavigationMenu/Risk Profile/Option Best Suited - Bonds'

2022-02-15 09:08:48 - [MESSAGE][WARNING] - Timeout '0' is invalid. Using default page load timeout: '60'

2022-02-15 09:08:48 - [MESSAGE][PASSED] - Tapped on element 'Object Repository/Mobile/Page/NavigationMenu/Risk Profile/Option Best Suited - Bonds'

2022-02-15 09:08:48 - [TEST_STEP][PASSED] - delay(1): Delayed 1 second(s)

2022-02-15 09:08:49 - [MESSAGE][PASSED] - Delayed 1 second(s)

2022-02-15 09:08:49 - [TEST_STEP][PASSED] - tap(NAVM_RISK_BtnCalculate, 0): Tapped on element 'Object Repository/Mobile/Page/NavigationMenu/Risk Profile/Button - Calculate Risk Profile'

2022-02-15 09:08:49 - [MESSAGE][WARNING] - Timeout '0' is invalid. Using default page load timeout: '60'

2022-02-15 09:08:50 - [MESSAGE][PASSED] - Tapped on element 'Object Repository/Mobile/Page/NavigationMenu/Risk Profile/Button - Calculate Risk Profile'

2022-02-15 09:08:50 - [TEST_STEP][PASSED] - delay(1): Delayed 1 second(s)

2022-02-15 09:08:51 - [MESSAGE][PASSED] - Delayed 1 second(s)

2022-02-15 09:08:51 - [TEST_STEP][PASSED] - pressBack(): Press back button successfully

2022-02-15 09:08:51 - [MESSAGE][PASSED] - Press back button successfully

2022-02-15 09:08:51 - [MESSAGE][PASSED] - Call Test Case 'Test Cases/Mobile/Page/NavigationMenu/NavigationMenu' successfully

2022-02-15 09:08:51 - [TEST_STEP][PASSED] - callTestCase(findTestCase("Mobile/Page/Run App/Terminate App"), [:], STOP_ON_FAILURE): Call Test Case 'Test Cases/Mobile/Page/Run App/Terminate App' successfully

2022-02-15 09:08:51 - [TEST_CASE][PASSED] - Test Cases/Mobile/Page/Run App/Terminate App: Test Cases/Mobile/Page/Run App/Terminate App

2022-02-15 09:08:51 - [TEST_STEP][PASSED] - startApp.OpenApp.terminateApplication(): startApp.OpenApp.terminateApplication is PASSED

2022-02-15 09:08:55 - [MESSAGE][PASSED] - Delayed 3 second(s)

2022-02-15 09:08:55 - [MESSAGE][PASSED] - Current device physical width is 720

2022-02-15 09:08:55 - [MESSAGE][PASSED] - Current device physical height is 1423

2022-02-15 09:08:57 - [MESSAGE][PASSED] - Swiped from 360,853 to 360,142

2022-02-15 09:08:58 - [MESSAGE][PASSED] - Delayed 1 second(s)

2022-02-15 09:08:59 - [MESSAGE][PASSED] - Swiped from 360,853 to 360,142

2022-02-15 09:09:02 - [MESSAGE][PASSED] - Delayed 3 second(s)

2022-02-15 09:09:02 - [MESSAGE][PASSED] - startApp.OpenApp.terminateApplication is PASSED

2022-02-15 09:09:02 - [MESSAGE][PASSED] - Call Test Case 'Test Cases/Mobile/Page/Run App/Terminate App' successfully]]></system-out>
         <system-err><![CDATA[]]></system-err>
      </testcase>
      <testcase name="Test Cases/Mobile/Scenario/NavigationMenu/003 - Whatsapp message" time="64.277" classname="Test Cases/Mobile/Scenario/NavigationMenu/003 - Whatsapp message" status="PASSED">
         <system-out><![CDATA[2022-02-15 09:09:02 - [TEST_CASE][PASSED] - Test Cases/Mobile/Scenario/NavigationMenu/003 - Whatsapp message: Test Cases/Mobile/Scenario/NavigationMenu/003 - Whatsapp message

2022-02-15 09:09:02 - [TEST_STEP][PASSED] - callTestCase(findTestCase("Mobile/Page/Run App/Run App byID"), [:], STOP_ON_FAILURE): Call Test Case 'Test Cases/Mobile/Page/Run App/Run App byID' successfully

2022-02-15 09:09:02 - [TEST_CASE][PASSED] - Test Cases/Mobile/Page/Run App/Run App byID: Test Cases/Mobile/Page/Run App/Run App byID

2022-02-15 09:09:02 - [TEST_STEP][PASSED] - startApp.OpenApp.startApplication("id.co.miraeasset.sageclub"): startApp.OpenApp.startApplication is PASSED

2022-02-15 09:09:14 - [MESSAGE][PASSED] - Starting app with application ID: 'id.co.miraeasset.sageclub'

2022-02-15 09:09:14 - [MESSAGE][PASSED] - startApp.OpenApp.startApplication is PASSED

2022-02-15 09:09:14 - [MESSAGE][PASSED] - Call Test Case 'Test Cases/Mobile/Page/Run App/Run App byID' successfully

2022-02-15 09:09:14 - [TEST_STEP][PASSED] - callTestCase(findTestCase("Mobile/Page/NavigationMenu/NavigationMenu"), ["action":"wa"], CONTINUE_ON_FAILURE): Call Test Case 'Test Cases/Mobile/Page/NavigationMenu/NavigationMenu' successfully

2022-02-15 09:09:14 - [TEST_CASE][PASSED] - Test Cases/Mobile/Page/NavigationMenu/NavigationMenu: Test Cases/Mobile/Page/NavigationMenu/NavigationMenu

2022-02-15 09:09:14 - [TEST_STEP][PASSED] - callTestCase(findTestCase("Mobile/Page/CheckLogin"), [:], CONTINUE_ON_FAILURE): Call Test Case 'Test Cases/Mobile/Page/CheckLogin' successfully

2022-02-15 09:09:14 - [TEST_CASE][PASSED] - Test Cases/Mobile/Page/CheckLogin: Test Cases/Mobile/Page/CheckLogin

2022-02-15 09:09:14 - [TEST_STEP][PASSED] - loginCheck = verifyElementExist(LOGN_BtnLogin, 5, CONTINUE_ON_FAILURE): Element 'Object Repository/Mobile/Page/Login/Button - Login' is exist

2022-02-15 09:09:16 - [MESSAGE][PASSED] - Element 'Object Repository/Mobile/Page/Login/Button - Login' is exist

2022-02-15 09:09:16 - [TEST_STEP][PASSED] - if (loginCheck): Call Test Case 'Test Cases/Mobile/Page/Login/Login' successfully

2022-02-15 09:09:16 - [TEST_STEP][PASSED] - callTestCase(findTestCase("Mobile/Page/Login/Login"), ["action":"username"], CONTINUE_ON_FAILURE): Call Test Case 'Test Cases/Mobile/Page/Login/Login' successfully

2022-02-15 09:09:16 - [TEST_CASE][PASSED] - Test Cases/Mobile/Page/Login/Login: Test Cases/Mobile/Page/Login/Login

2022-02-15 09:09:16 - [TEST_STEP][PASSED] - delay(2): Delayed 2 second(s)

2022-02-15 09:09:18 - [MESSAGE][PASSED] - Delayed 2 second(s)

2022-02-15 09:09:18 - [TEST_STEP][PASSED] - for ([i = 0, i < 1, (i++)]): null

2022-02-15 09:09:18 - [TEST_STEP][PASSED] - if (action == "username"): null

2022-02-15 09:09:18 - [TEST_STEP][PASSED] - tap(LOGN_EdtUserID, 0): Tapped on element 'Object Repository/Mobile/Page/Login/Input - UserID'

2022-02-15 09:09:18 - [MESSAGE][WARNING] - Timeout '0' is invalid. Using default page load timeout: '60'

2022-02-15 09:09:19 - [MESSAGE][PASSED] - Tapped on element 'Object Repository/Mobile/Page/Login/Input - UserID'

2022-02-15 09:09:19 - [TEST_STEP][PASSED] - delay(1): Delayed 1 second(s)

2022-02-15 09:09:20 - [MESSAGE][PASSED] - Delayed 1 second(s)

2022-02-15 09:09:20 - [TEST_STEP][PASSED] - setText(LOGN_EdtRdyUserID, "anggaaditya", 0): Text 'anggaaditya' has been set to element 'Object Repository/Mobile/Page/Login/Input Rdy - UserID'

2022-02-15 09:09:20 - [MESSAGE][WARNING] - Timeout '0' is invalid. Using default page load timeout: '60'

2022-02-15 09:09:20 - [MESSAGE][PASSED] - Text 'anggaaditya' has been set to element 'Object Repository/Mobile/Page/Login/Input Rdy - UserID'

2022-02-15 09:09:20 - [TEST_STEP][PASSED] - delay(1): Delayed 1 second(s)

2022-02-15 09:09:21 - [MESSAGE][PASSED] - Delayed 1 second(s)

2022-02-15 09:09:21 - [TEST_STEP][PASSED] - hideKeyboard(): Keyboard is hidden

2022-02-15 09:09:25 - [MESSAGE][PASSED] - Keyboard is hidden

2022-02-15 09:09:25 - [TEST_STEP][PASSED] - tap(LOGN_EdtPassword, 0): Tapped on element 'Object Repository/Mobile/Page/Login/Input - Password'

2022-02-15 09:09:25 - [MESSAGE][WARNING] - Timeout '0' is invalid. Using default page load timeout: '60'

2022-02-15 09:09:25 - [MESSAGE][PASSED] - Tapped on element 'Object Repository/Mobile/Page/Login/Input - Password'

2022-02-15 09:09:25 - [TEST_STEP][PASSED] - delay(1): Delayed 1 second(s)

2022-02-15 09:09:26 - [MESSAGE][PASSED] - Delayed 1 second(s)

2022-02-15 09:09:26 - [TEST_STEP][PASSED] - setText(LOGN_EdtRdyPassword, "Shalawa18", 0): Text 'Shalawa18' has been set to element 'Object Repository/Mobile/Page/Login/Input Rdy - Password'

2022-02-15 09:09:26 - [MESSAGE][WARNING] - Timeout '0' is invalid. Using default page load timeout: '60'

2022-02-15 09:09:27 - [MESSAGE][PASSED] - Text 'Shalawa18' has been set to element 'Object Repository/Mobile/Page/Login/Input Rdy - Password'

2022-02-15 09:09:27 - [TEST_STEP][PASSED] - delay(1): Delayed 1 second(s)

2022-02-15 09:09:28 - [MESSAGE][PASSED] - Delayed 1 second(s)

2022-02-15 09:09:28 - [TEST_STEP][PASSED] - hideKeyboard(): Keyboard is hidden

2022-02-15 09:09:34 - [MESSAGE][PASSED] - Keyboard is hidden

2022-02-15 09:09:34 - [TEST_STEP][PASSED] - tap(LOGN_BtnLogin, 0): Tapped on element 'Object Repository/Mobile/Page/Login/Button - Login'

2022-02-15 09:09:34 - [MESSAGE][WARNING] - Timeout '0' is invalid. Using default page load timeout: '60'

2022-02-15 09:09:35 - [MESSAGE][PASSED] - Tapped on element 'Object Repository/Mobile/Page/Login/Button - Login'

2022-02-15 09:09:35 - [TEST_STEP][PASSED] - delay(2): Delayed 2 second(s)

2022-02-15 09:09:37 - [MESSAGE][PASSED] - Delayed 2 second(s)

2022-02-15 09:09:37 - [TEST_STEP][PASSED] - break: null

2022-02-15 09:09:37 - [MESSAGE][PASSED] - Call Test Case 'Test Cases/Mobile/Page/Login/Login' successfully

2022-02-15 09:09:37 - [MESSAGE][PASSED] - Call Test Case 'Test Cases/Mobile/Page/CheckLogin' successfully

2022-02-15 09:09:37 - [TEST_STEP][PASSED] - delay(3): Delayed 3 second(s)

2022-02-15 09:09:40 - [MESSAGE][PASSED] - Delayed 3 second(s)

2022-02-15 09:09:40 - [TEST_STEP][PASSED] - scroll.scroll.scrollScreenLeftToRight(): scroll.scroll.scrollScreenLeftToRight is PASSED

2022-02-15 09:09:40 - [MESSAGE][PASSED] - Current device physical height is 1423

2022-02-15 09:09:40 - [MESSAGE][PASSED] - Current device physical width is 720

2022-02-15 09:09:40 - [MESSAGE][PASSED] - Current device physical height is 1423

2022-02-15 09:09:42 - [MESSAGE][PASSED] - Swiped from 10,711 to 710,711

2022-02-15 09:09:42 - [MESSAGE][PASSED] - scroll.scroll.scrollScreenLeftToRight is PASSED

2022-02-15 09:09:42 - [TEST_STEP][PASSED] - delay(1): Delayed 1 second(s)

2022-02-15 09:09:43 - [MESSAGE][PASSED] - Delayed 1 second(s)

2022-02-15 09:09:43 - [TEST_STEP][PASSED] - for ([i = 0, i < 1, (i++)]): Delayed 2 second(s)

2022-02-15 09:09:43 - [TEST_STEP][PASSED] - if (action == "downloadtaxreport"): null

2022-02-15 09:09:43 - [TEST_STEP][PASSED] - else if (action == "analyzeprofile"): null

2022-02-15 09:09:43 - [TEST_STEP][PASSED] - else if (action == "wa"): Delayed 2 second(s)

2022-02-15 09:09:43 - [TEST_STEP][PASSED] - tap(NAVM_BtnWhatsapp, 0): Tapped on element 'Object Repository/Mobile/Page/NavigationMenu/Button - Whatsapp'

2022-02-15 09:09:43 - [MESSAGE][WARNING] - Timeout '0' is invalid. Using default page load timeout: '60'

2022-02-15 09:09:44 - [MESSAGE][PASSED] - Tapped on element 'Object Repository/Mobile/Page/NavigationMenu/Button - Whatsapp'

2022-02-15 09:09:44 - [TEST_STEP][PASSED] - delay(2): Delayed 2 second(s)

2022-02-15 09:09:46 - [MESSAGE][PASSED] - Delayed 2 second(s)

2022-02-15 09:09:46 - [MESSAGE][PASSED] - Call Test Case 'Test Cases/Mobile/Page/NavigationMenu/NavigationMenu' successfully

2022-02-15 09:09:46 - [TEST_STEP][PASSED] - callTestCase(findTestCase("Mobile/Page/Run App/Terminate App"), [:], STOP_ON_FAILURE): Call Test Case 'Test Cases/Mobile/Page/Run App/Terminate App' successfully

2022-02-15 09:09:46 - [TEST_CASE][PASSED] - Test Cases/Mobile/Page/Run App/Terminate App: Test Cases/Mobile/Page/Run App/Terminate App

2022-02-15 09:09:46 - [TEST_STEP][PASSED] - startApp.OpenApp.terminateApplication(): startApp.OpenApp.terminateApplication is PASSED

2022-02-15 09:09:49 - [MESSAGE][PASSED] - Delayed 3 second(s)

2022-02-15 09:09:49 - [MESSAGE][PASSED] - Current device physical width is 720

2022-02-15 09:09:49 - [MESSAGE][PASSED] - Current device physical height is 1423

2022-02-15 09:09:51 - [MESSAGE][PASSED] - Swiped from 360,853 to 360,142

2022-02-15 09:09:52 - [MESSAGE][PASSED] - Delayed 1 second(s)

2022-02-15 09:09:53 - [MESSAGE][PASSED] - Swiped from 360,853 to 360,142

2022-02-15 09:09:56 - [MESSAGE][PASSED] - Delayed 3 second(s)

2022-02-15 09:09:56 - [MESSAGE][PASSED] - startApp.OpenApp.terminateApplication is PASSED

2022-02-15 09:09:56 - [MESSAGE][PASSED] - Call Test Case 'Test Cases/Mobile/Page/Run App/Terminate App' successfully

2022-02-15 09:09:56 - [TEST_STEP][PASSED] - callTestCase(findTestCase("Mobile/Page/Run App/Terminate App"), [:], STOP_ON_FAILURE): Call Test Case 'Test Cases/Mobile/Page/Run App/Terminate App' successfully

2022-02-15 09:09:56 - [TEST_CASE][PASSED] - Test Cases/Mobile/Page/Run App/Terminate App: Test Cases/Mobile/Page/Run App/Terminate App

2022-02-15 09:09:56 - [TEST_STEP][PASSED] - startApp.OpenApp.terminateApplication(): startApp.OpenApp.terminateApplication is PASSED

2022-02-15 09:09:59 - [MESSAGE][PASSED] - Delayed 3 second(s)

2022-02-15 09:09:59 - [MESSAGE][PASSED] - Current device physical width is 720

2022-02-15 09:10:00 - [MESSAGE][PASSED] - Current device physical height is 1423

2022-02-15 09:10:01 - [MESSAGE][PASSED] - Swiped from 360,853 to 360,142

2022-02-15 09:10:02 - [MESSAGE][PASSED] - Delayed 1 second(s)

2022-02-15 09:10:03 - [MESSAGE][PASSED] - Swiped from 360,853 to 360,142

2022-02-15 09:10:06 - [MESSAGE][PASSED] - Delayed 3 second(s)

2022-02-15 09:10:06 - [MESSAGE][PASSED] - startApp.OpenApp.terminateApplication is PASSED

2022-02-15 09:10:06 - [MESSAGE][PASSED] - Call Test Case 'Test Cases/Mobile/Page/Run App/Terminate App' successfully]]></system-out>
         <system-err><![CDATA[]]></system-err>
      </testcase>
      <testcase name="Test Cases/Mobile/Scenario/NavigationMenu/004 - Email button" time="64.84" classname="Test Cases/Mobile/Scenario/NavigationMenu/004 - Email button" status="PASSED">
         <system-out><![CDATA[2022-02-15 09:10:06 - [TEST_CASE][PASSED] - Test Cases/Mobile/Scenario/NavigationMenu/004 - Email button: Test Cases/Mobile/Scenario/NavigationMenu/004 - Email button

2022-02-15 09:10:06 - [TEST_STEP][PASSED] - callTestCase(findTestCase("Mobile/Page/Run App/Run App byID"), [:], STOP_ON_FAILURE): Call Test Case 'Test Cases/Mobile/Page/Run App/Run App byID' successfully

2022-02-15 09:10:07 - [TEST_CASE][PASSED] - Test Cases/Mobile/Page/Run App/Run App byID: Test Cases/Mobile/Page/Run App/Run App byID

2022-02-15 09:10:07 - [TEST_STEP][PASSED] - startApp.OpenApp.startApplication("id.co.miraeasset.sageclub"): startApp.OpenApp.startApplication is PASSED

2022-02-15 09:10:20 - [MESSAGE][PASSED] - Starting app with application ID: 'id.co.miraeasset.sageclub'

2022-02-15 09:10:20 - [MESSAGE][PASSED] - startApp.OpenApp.startApplication is PASSED

2022-02-15 09:10:20 - [MESSAGE][PASSED] - Call Test Case 'Test Cases/Mobile/Page/Run App/Run App byID' successfully

2022-02-15 09:10:20 - [TEST_STEP][PASSED] - callTestCase(findTestCase("Mobile/Page/NavigationMenu/NavigationMenu"), ["action":"email"], CONTINUE_ON_FAILURE): Call Test Case 'Test Cases/Mobile/Page/NavigationMenu/NavigationMenu' successfully

2022-02-15 09:10:20 - [TEST_CASE][PASSED] - Test Cases/Mobile/Page/NavigationMenu/NavigationMenu: Test Cases/Mobile/Page/NavigationMenu/NavigationMenu

2022-02-15 09:10:20 - [TEST_STEP][PASSED] - callTestCase(findTestCase("Mobile/Page/CheckLogin"), [:], CONTINUE_ON_FAILURE): Call Test Case 'Test Cases/Mobile/Page/CheckLogin' successfully

2022-02-15 09:10:20 - [TEST_CASE][PASSED] - Test Cases/Mobile/Page/CheckLogin: Test Cases/Mobile/Page/CheckLogin

2022-02-15 09:10:20 - [TEST_STEP][PASSED] - loginCheck = verifyElementExist(LOGN_BtnLogin, 5, CONTINUE_ON_FAILURE): Element 'Object Repository/Mobile/Page/Login/Button - Login' is exist

2022-02-15 09:10:21 - [MESSAGE][PASSED] - Element 'Object Repository/Mobile/Page/Login/Button - Login' is exist

2022-02-15 09:10:21 - [TEST_STEP][PASSED] - if (loginCheck): Call Test Case 'Test Cases/Mobile/Page/Login/Login' successfully

2022-02-15 09:10:21 - [TEST_STEP][PASSED] - callTestCase(findTestCase("Mobile/Page/Login/Login"), ["action":"username"], CONTINUE_ON_FAILURE): Call Test Case 'Test Cases/Mobile/Page/Login/Login' successfully

2022-02-15 09:10:21 - [TEST_CASE][PASSED] - Test Cases/Mobile/Page/Login/Login: Test Cases/Mobile/Page/Login/Login

2022-02-15 09:10:21 - [TEST_STEP][PASSED] - delay(2): Delayed 2 second(s)

2022-02-15 09:10:23 - [MESSAGE][PASSED] - Delayed 2 second(s)

2022-02-15 09:10:23 - [TEST_STEP][PASSED] - for ([i = 0, i < 1, (i++)]): null

2022-02-15 09:10:23 - [TEST_STEP][PASSED] - if (action == "username"): null

2022-02-15 09:10:23 - [TEST_STEP][PASSED] - tap(LOGN_EdtUserID, 0): Tapped on element 'Object Repository/Mobile/Page/Login/Input - UserID'

2022-02-15 09:10:23 - [MESSAGE][WARNING] - Timeout '0' is invalid. Using default page load timeout: '60'

2022-02-15 09:10:24 - [MESSAGE][PASSED] - Tapped on element 'Object Repository/Mobile/Page/Login/Input - UserID'

2022-02-15 09:10:24 - [TEST_STEP][PASSED] - delay(1): Delayed 1 second(s)

2022-02-15 09:10:25 - [MESSAGE][PASSED] - Delayed 1 second(s)

2022-02-15 09:10:25 - [TEST_STEP][PASSED] - setText(LOGN_EdtRdyUserID, "anggaaditya", 0): Text 'anggaaditya' has been set to element 'Object Repository/Mobile/Page/Login/Input Rdy - UserID'

2022-02-15 09:10:25 - [MESSAGE][WARNING] - Timeout '0' is invalid. Using default page load timeout: '60'

2022-02-15 09:10:25 - [MESSAGE][PASSED] - Text 'anggaaditya' has been set to element 'Object Repository/Mobile/Page/Login/Input Rdy - UserID'

2022-02-15 09:10:25 - [TEST_STEP][PASSED] - delay(1): Delayed 1 second(s)

2022-02-15 09:10:26 - [MESSAGE][PASSED] - Delayed 1 second(s)

2022-02-15 09:10:26 - [TEST_STEP][PASSED] - hideKeyboard(): Keyboard is hidden

2022-02-15 09:10:30 - [MESSAGE][PASSED] - Keyboard is hidden

2022-02-15 09:10:30 - [TEST_STEP][PASSED] - tap(LOGN_EdtPassword, 0): Tapped on element 'Object Repository/Mobile/Page/Login/Input - Password'

2022-02-15 09:10:30 - [MESSAGE][WARNING] - Timeout '0' is invalid. Using default page load timeout: '60'

2022-02-15 09:10:30 - [MESSAGE][PASSED] - Tapped on element 'Object Repository/Mobile/Page/Login/Input - Password'

2022-02-15 09:10:30 - [TEST_STEP][PASSED] - delay(1): Delayed 1 second(s)

2022-02-15 09:10:31 - [MESSAGE][PASSED] - Delayed 1 second(s)

2022-02-15 09:10:31 - [TEST_STEP][PASSED] - setText(LOGN_EdtRdyPassword, "Shalawa18", 0): Text 'Shalawa18' has been set to element 'Object Repository/Mobile/Page/Login/Input Rdy - Password'

2022-02-15 09:10:31 - [MESSAGE][WARNING] - Timeout '0' is invalid. Using default page load timeout: '60'

2022-02-15 09:10:32 - [MESSAGE][PASSED] - Text 'Shalawa18' has been set to element 'Object Repository/Mobile/Page/Login/Input Rdy - Password'

2022-02-15 09:10:32 - [TEST_STEP][PASSED] - delay(1): Delayed 1 second(s)

2022-02-15 09:10:33 - [MESSAGE][PASSED] - Delayed 1 second(s)

2022-02-15 09:10:33 - [TEST_STEP][PASSED] - hideKeyboard(): Keyboard is hidden

2022-02-15 09:10:39 - [MESSAGE][PASSED] - Keyboard is hidden

2022-02-15 09:10:39 - [TEST_STEP][PASSED] - tap(LOGN_BtnLogin, 0): Tapped on element 'Object Repository/Mobile/Page/Login/Button - Login'

2022-02-15 09:10:39 - [MESSAGE][WARNING] - Timeout '0' is invalid. Using default page load timeout: '60'

2022-02-15 09:10:40 - [MESSAGE][PASSED] - Tapped on element 'Object Repository/Mobile/Page/Login/Button - Login'

2022-02-15 09:10:40 - [TEST_STEP][PASSED] - delay(2): Delayed 2 second(s)

2022-02-15 09:10:42 - [MESSAGE][PASSED] - Delayed 2 second(s)

2022-02-15 09:10:42 - [TEST_STEP][PASSED] - break: null

2022-02-15 09:10:42 - [MESSAGE][PASSED] - Call Test Case 'Test Cases/Mobile/Page/Login/Login' successfully

2022-02-15 09:10:42 - [MESSAGE][PASSED] - Call Test Case 'Test Cases/Mobile/Page/CheckLogin' successfully

2022-02-15 09:10:42 - [TEST_STEP][PASSED] - delay(3): Delayed 3 second(s)

2022-02-15 09:10:45 - [MESSAGE][PASSED] - Delayed 3 second(s)

2022-02-15 09:10:45 - [TEST_STEP][PASSED] - scroll.scroll.scrollScreenLeftToRight(): scroll.scroll.scrollScreenLeftToRight is PASSED

2022-02-15 09:10:45 - [MESSAGE][PASSED] - Current device physical height is 1423

2022-02-15 09:10:45 - [MESSAGE][PASSED] - Current device physical width is 720

2022-02-15 09:10:46 - [MESSAGE][PASSED] - Current device physical height is 1423

2022-02-15 09:10:47 - [MESSAGE][PASSED] - Swiped from 10,711 to 710,711

2022-02-15 09:10:47 - [MESSAGE][PASSED] - scroll.scroll.scrollScreenLeftToRight is PASSED

2022-02-15 09:10:47 - [TEST_STEP][PASSED] - delay(1): Delayed 1 second(s)

2022-02-15 09:10:48 - [MESSAGE][PASSED] - Delayed 1 second(s)

2022-02-15 09:10:48 - [TEST_STEP][PASSED] - for ([i = 0, i < 1, (i++)]): Delayed 2 second(s)

2022-02-15 09:10:48 - [TEST_STEP][PASSED] - if (action == "downloadtaxreport"): null

2022-02-15 09:10:48 - [TEST_STEP][PASSED] - else if (action == "analyzeprofile"): null

2022-02-15 09:10:48 - [TEST_STEP][PASSED] - else if (action == "wa"): null

2022-02-15 09:10:48 - [TEST_STEP][PASSED] - else if (action == "email"): Delayed 2 second(s)

2022-02-15 09:10:48 - [TEST_STEP][PASSED] - tap(NAVM_BtnEmail, 0): Tapped on element 'Object Repository/Mobile/Page/NavigationMenu/Button - Email'

2022-02-15 09:10:48 - [MESSAGE][WARNING] - Timeout '0' is invalid. Using default page load timeout: '60'

2022-02-15 09:10:49 - [MESSAGE][PASSED] - Tapped on element 'Object Repository/Mobile/Page/NavigationMenu/Button - Email'

2022-02-15 09:10:49 - [TEST_STEP][PASSED] - delay(2): Delayed 2 second(s)

2022-02-15 09:10:51 - [MESSAGE][PASSED] - Delayed 2 second(s)

2022-02-15 09:10:51 - [MESSAGE][PASSED] - Call Test Case 'Test Cases/Mobile/Page/NavigationMenu/NavigationMenu' successfully

2022-02-15 09:10:51 - [TEST_STEP][PASSED] - callTestCase(findTestCase("Mobile/Page/Run App/Terminate App"), [:], STOP_ON_FAILURE): Call Test Case 'Test Cases/Mobile/Page/Run App/Terminate App' successfully

2022-02-15 09:10:51 - [TEST_CASE][PASSED] - Test Cases/Mobile/Page/Run App/Terminate App: Test Cases/Mobile/Page/Run App/Terminate App

2022-02-15 09:10:51 - [TEST_STEP][PASSED] - startApp.OpenApp.terminateApplication(): startApp.OpenApp.terminateApplication is PASSED

2022-02-15 09:10:54 - [MESSAGE][PASSED] - Delayed 3 second(s)

2022-02-15 09:10:54 - [MESSAGE][PASSED] - Current device physical width is 720

2022-02-15 09:10:54 - [MESSAGE][PASSED] - Current device physical height is 1423

2022-02-15 09:10:56 - [MESSAGE][PASSED] - Swiped from 360,853 to 360,142

2022-02-15 09:10:57 - [MESSAGE][PASSED] - Delayed 1 second(s)

2022-02-15 09:10:58 - [MESSAGE][PASSED] - Swiped from 360,853 to 360,142

2022-02-15 09:11:01 - [MESSAGE][PASSED] - Delayed 3 second(s)

2022-02-15 09:11:01 - [MESSAGE][PASSED] - startApp.OpenApp.terminateApplication is PASSED

2022-02-15 09:11:01 - [MESSAGE][PASSED] - Call Test Case 'Test Cases/Mobile/Page/Run App/Terminate App' successfully

2022-02-15 09:11:01 - [TEST_STEP][PASSED] - callTestCase(findTestCase("Mobile/Page/Run App/Terminate App"), [:], STOP_ON_FAILURE): Call Test Case 'Test Cases/Mobile/Page/Run App/Terminate App' successfully

2022-02-15 09:11:01 - [TEST_CASE][PASSED] - Test Cases/Mobile/Page/Run App/Terminate App: Test Cases/Mobile/Page/Run App/Terminate App

2022-02-15 09:11:01 - [TEST_STEP][PASSED] - startApp.OpenApp.terminateApplication(): startApp.OpenApp.terminateApplication is PASSED

2022-02-15 09:11:04 - [MESSAGE][PASSED] - Delayed 3 second(s)

2022-02-15 09:11:04 - [MESSAGE][PASSED] - Current device physical width is 720

2022-02-15 09:11:05 - [MESSAGE][PASSED] - Current device physical height is 1423

2022-02-15 09:11:06 - [MESSAGE][PASSED] - Swiped from 360,853 to 360,142

2022-02-15 09:11:07 - [MESSAGE][PASSED] - Delayed 1 second(s)

2022-02-15 09:11:08 - [MESSAGE][PASSED] - Swiped from 360,853 to 360,142

2022-02-15 09:11:11 - [MESSAGE][PASSED] - Delayed 3 second(s)

2022-02-15 09:11:11 - [MESSAGE][PASSED] - startApp.OpenApp.terminateApplication is PASSED

2022-02-15 09:11:11 - [MESSAGE][PASSED] - Call Test Case 'Test Cases/Mobile/Page/Run App/Terminate App' successfully]]></system-out>
         <system-err><![CDATA[]]></system-err>
      </testcase>
      <testcase name="Test Cases/Mobile/Scenario/NavigationMenu/005 - Settings" time="87.209" classname="Test Cases/Mobile/Scenario/NavigationMenu/005 - Settings" status="PASSED">
         <system-out><![CDATA[2022-02-15 09:11:11 - [TEST_CASE][PASSED] - Test Cases/Mobile/Scenario/NavigationMenu/005 - Settings: Test Cases/Mobile/Scenario/NavigationMenu/005 - Settings

2022-02-15 09:11:11 - [TEST_STEP][PASSED] - callTestCase(findTestCase("Mobile/Page/Run App/Run App byID"), [:], STOP_ON_FAILURE): Call Test Case 'Test Cases/Mobile/Page/Run App/Run App byID' successfully

2022-02-15 09:11:11 - [TEST_CASE][PASSED] - Test Cases/Mobile/Page/Run App/Run App byID: Test Cases/Mobile/Page/Run App/Run App byID

2022-02-15 09:11:11 - [TEST_STEP][PASSED] - startApp.OpenApp.startApplication("id.co.miraeasset.sageclub"): startApp.OpenApp.startApplication is PASSED

2022-02-15 09:11:23 - [MESSAGE][PASSED] - Starting app with application ID: 'id.co.miraeasset.sageclub'

2022-02-15 09:11:23 - [MESSAGE][PASSED] - startApp.OpenApp.startApplication is PASSED

2022-02-15 09:11:23 - [MESSAGE][PASSED] - Call Test Case 'Test Cases/Mobile/Page/Run App/Run App byID' successfully

2022-02-15 09:11:23 - [TEST_STEP][PASSED] - callTestCase(findTestCase("Mobile/Page/NavigationMenu/NavigationMenu"), ["action":"setting"], CONTINUE_ON_FAILURE): Call Test Case 'Test Cases/Mobile/Page/NavigationMenu/NavigationMenu' successfully

2022-02-15 09:11:23 - [TEST_CASE][PASSED] - Test Cases/Mobile/Page/NavigationMenu/NavigationMenu: Test Cases/Mobile/Page/NavigationMenu/NavigationMenu

2022-02-15 09:11:23 - [TEST_STEP][PASSED] - callTestCase(findTestCase("Mobile/Page/CheckLogin"), [:], CONTINUE_ON_FAILURE): Call Test Case 'Test Cases/Mobile/Page/CheckLogin' successfully

2022-02-15 09:11:24 - [TEST_CASE][PASSED] - Test Cases/Mobile/Page/CheckLogin: Test Cases/Mobile/Page/CheckLogin

2022-02-15 09:11:24 - [TEST_STEP][PASSED] - loginCheck = verifyElementExist(LOGN_BtnLogin, 5, CONTINUE_ON_FAILURE): Element 'Object Repository/Mobile/Page/Login/Button - Login' is exist

2022-02-15 09:11:25 - [MESSAGE][PASSED] - Element 'Object Repository/Mobile/Page/Login/Button - Login' is exist

2022-02-15 09:11:25 - [TEST_STEP][PASSED] - if (loginCheck): Call Test Case 'Test Cases/Mobile/Page/Login/Login' successfully

2022-02-15 09:11:25 - [TEST_STEP][PASSED] - callTestCase(findTestCase("Mobile/Page/Login/Login"), ["action":"username"], CONTINUE_ON_FAILURE): Call Test Case 'Test Cases/Mobile/Page/Login/Login' successfully

2022-02-15 09:11:25 - [TEST_CASE][PASSED] - Test Cases/Mobile/Page/Login/Login: Test Cases/Mobile/Page/Login/Login

2022-02-15 09:11:25 - [TEST_STEP][PASSED] - delay(2): Delayed 2 second(s)

2022-02-15 09:11:27 - [MESSAGE][PASSED] - Delayed 2 second(s)

2022-02-15 09:11:27 - [TEST_STEP][PASSED] - for ([i = 0, i < 1, (i++)]): null

2022-02-15 09:11:27 - [TEST_STEP][PASSED] - if (action == "username"): null

2022-02-15 09:11:27 - [TEST_STEP][PASSED] - tap(LOGN_EdtUserID, 0): Tapped on element 'Object Repository/Mobile/Page/Login/Input - UserID'

2022-02-15 09:11:27 - [MESSAGE][WARNING] - Timeout '0' is invalid. Using default page load timeout: '60'

2022-02-15 09:11:28 - [MESSAGE][PASSED] - Tapped on element 'Object Repository/Mobile/Page/Login/Input - UserID'

2022-02-15 09:11:28 - [TEST_STEP][PASSED] - delay(1): Delayed 1 second(s)

2022-02-15 09:11:29 - [MESSAGE][PASSED] - Delayed 1 second(s)

2022-02-15 09:11:29 - [TEST_STEP][PASSED] - setText(LOGN_EdtRdyUserID, "anggaaditya", 0): Text 'anggaaditya' has been set to element 'Object Repository/Mobile/Page/Login/Input Rdy - UserID'

2022-02-15 09:11:29 - [MESSAGE][WARNING] - Timeout '0' is invalid. Using default page load timeout: '60'

2022-02-15 09:11:29 - [MESSAGE][PASSED] - Text 'anggaaditya' has been set to element 'Object Repository/Mobile/Page/Login/Input Rdy - UserID'

2022-02-15 09:11:29 - [TEST_STEP][PASSED] - delay(1): Delayed 1 second(s)

2022-02-15 09:11:30 - [MESSAGE][PASSED] - Delayed 1 second(s)

2022-02-15 09:11:30 - [TEST_STEP][PASSED] - hideKeyboard(): Keyboard is hidden

2022-02-15 09:11:34 - [MESSAGE][PASSED] - Keyboard is hidden

2022-02-15 09:11:34 - [TEST_STEP][PASSED] - tap(LOGN_EdtPassword, 0): Tapped on element 'Object Repository/Mobile/Page/Login/Input - Password'

2022-02-15 09:11:34 - [MESSAGE][WARNING] - Timeout '0' is invalid. Using default page load timeout: '60'

2022-02-15 09:11:34 - [MESSAGE][PASSED] - Tapped on element 'Object Repository/Mobile/Page/Login/Input - Password'

2022-02-15 09:11:34 - [TEST_STEP][PASSED] - delay(1): Delayed 1 second(s)

2022-02-15 09:11:35 - [MESSAGE][PASSED] - Delayed 1 second(s)

2022-02-15 09:11:35 - [TEST_STEP][PASSED] - setText(LOGN_EdtRdyPassword, "Shalawa18", 0): Text 'Shalawa18' has been set to element 'Object Repository/Mobile/Page/Login/Input Rdy - Password'

2022-02-15 09:11:35 - [MESSAGE][WARNING] - Timeout '0' is invalid. Using default page load timeout: '60'

2022-02-15 09:11:36 - [MESSAGE][PASSED] - Text 'Shalawa18' has been set to element 'Object Repository/Mobile/Page/Login/Input Rdy - Password'

2022-02-15 09:11:36 - [TEST_STEP][PASSED] - delay(1): Delayed 1 second(s)

2022-02-15 09:11:37 - [MESSAGE][PASSED] - Delayed 1 second(s)

2022-02-15 09:11:37 - [TEST_STEP][PASSED] - hideKeyboard(): Keyboard is hidden

2022-02-15 09:11:43 - [MESSAGE][PASSED] - Keyboard is hidden

2022-02-15 09:11:43 - [TEST_STEP][PASSED] - tap(LOGN_BtnLogin, 0): Tapped on element 'Object Repository/Mobile/Page/Login/Button - Login'

2022-02-15 09:11:43 - [MESSAGE][WARNING] - Timeout '0' is invalid. Using default page load timeout: '60'

2022-02-15 09:11:44 - [MESSAGE][PASSED] - Tapped on element 'Object Repository/Mobile/Page/Login/Button - Login'

2022-02-15 09:11:44 - [TEST_STEP][PASSED] - delay(2): Delayed 2 second(s)

2022-02-15 09:11:46 - [MESSAGE][PASSED] - Delayed 2 second(s)

2022-02-15 09:11:46 - [TEST_STEP][PASSED] - break: null

2022-02-15 09:11:46 - [MESSAGE][PASSED] - Call Test Case 'Test Cases/Mobile/Page/Login/Login' successfully

2022-02-15 09:11:46 - [MESSAGE][PASSED] - Call Test Case 'Test Cases/Mobile/Page/CheckLogin' successfully

2022-02-15 09:11:46 - [TEST_STEP][PASSED] - delay(3): Delayed 3 second(s)

2022-02-15 09:11:49 - [MESSAGE][PASSED] - Delayed 3 second(s)

2022-02-15 09:11:49 - [TEST_STEP][PASSED] - scroll.scroll.scrollScreenLeftToRight(): scroll.scroll.scrollScreenLeftToRight is PASSED

2022-02-15 09:11:49 - [MESSAGE][PASSED] - Current device physical height is 1423

2022-02-15 09:11:49 - [MESSAGE][PASSED] - Current device physical width is 720

2022-02-15 09:11:49 - [MESSAGE][PASSED] - Current device physical height is 1423

2022-02-15 09:11:50 - [MESSAGE][PASSED] - Swiped from 10,711 to 710,711

2022-02-15 09:11:50 - [MESSAGE][PASSED] - scroll.scroll.scrollScreenLeftToRight is PASSED

2022-02-15 09:11:50 - [TEST_STEP][PASSED] - delay(1): Delayed 1 second(s)

2022-02-15 09:11:51 - [MESSAGE][PASSED] - Delayed 1 second(s)

2022-02-15 09:11:51 - [TEST_STEP][PASSED] - for ([i = 0, i < 1, (i++)]): Delayed 1 second(s)

2022-02-15 09:11:51 - [TEST_STEP][PASSED] - if (action == "downloadtaxreport"): null

2022-02-15 09:11:51 - [TEST_STEP][PASSED] - else if (action == "analyzeprofile"): null

2022-02-15 09:11:51 - [TEST_STEP][PASSED] - else if (action == "wa"): null

2022-02-15 09:11:51 - [TEST_STEP][PASSED] - else if (action == "email"): null

2022-02-15 09:11:51 - [TEST_STEP][PASSED] - else if (action == "setting"): Delayed 1 second(s)

2022-02-15 09:11:51 - [TEST_STEP][PASSED] - setting = NAVM_BtnSettings: null

2022-02-15 09:11:51 - [TEST_STEP][PASSED] - top = getElementTopPosition(setting, 0): Object 'Object Repository/Mobile/Page/NavigationMenu/Button - Settings' has top position '816'

2022-02-15 09:11:51 - [MESSAGE][WARNING] - Timeout '0' is invalid. Using default page load timeout: '60'

2022-02-15 09:11:52 - [MESSAGE][PASSED] - Object 'Object Repository/Mobile/Page/NavigationMenu/Button - Settings' has top position '816'

2022-02-15 09:11:52 - [TEST_STEP][PASSED] - y = getElementHeight(setting, 0) * 0.8 + top: Object 'Object Repository/Mobile/Page/NavigationMenu/Button - Settings' has height: '98'

2022-02-15 09:11:52 - [MESSAGE][WARNING] - Timeout '0' is invalid. Using default page load timeout: '60'

2022-02-15 09:11:52 - [MESSAGE][PASSED] - Object 'Object Repository/Mobile/Page/NavigationMenu/Button - Settings' has height: '98'

2022-02-15 09:11:52 - [TEST_STEP][PASSED] - x = getDeviceWidth() * 0.2: Current device physical width is 720

2022-02-15 09:11:52 - [MESSAGE][PASSED] - Current device physical width is 720

2022-02-15 09:11:52 - [TEST_STEP][PASSED] - tapAtPosition(x, y): Tapped at [144, 894]

2022-02-15 09:11:53 - [MESSAGE][PASSED] - Tapped at [144, 894]

2022-02-15 09:11:53 - [TEST_STEP][PASSED] - delay(1): Delayed 1 second(s)

2022-02-15 09:11:54 - [MESSAGE][PASSED] - Delayed 1 second(s)

2022-02-15 09:11:54 - [TEST_STEP][PASSED] - tap(NAVM_SETT_DropGain, 0): Tapped on element 'Object Repository/Mobile/Page/NavigationMenu/Settings/Dropdown - Gain'

2022-02-15 09:11:54 - [MESSAGE][WARNING] - Timeout '0' is invalid. Using default page load timeout: '60'

2022-02-15 09:11:54 - [MESSAGE][PASSED] - Tapped on element 'Object Repository/Mobile/Page/NavigationMenu/Settings/Dropdown - Gain'

2022-02-15 09:11:54 - [TEST_STEP][PASSED] - delay(1): Delayed 1 second(s)

2022-02-15 09:11:55 - [MESSAGE][PASSED] - Delayed 1 second(s)

2022-02-15 09:11:55 - [TEST_STEP][PASSED] - tap(NAVM_SETT_OptGain5, 0): Tapped on element 'Object Repository/Mobile/Page/NavigationMenu/Settings/Option Gain - 5'

2022-02-15 09:11:55 - [MESSAGE][WARNING] - Timeout '0' is invalid. Using default page load timeout: '60'

2022-02-15 09:11:57 - [MESSAGE][PASSED] - Tapped on element 'Object Repository/Mobile/Page/NavigationMenu/Settings/Option Gain - 5'

2022-02-15 09:11:57 - [TEST_STEP][PASSED] - delay(1): Delayed 1 second(s)

2022-02-15 09:11:58 - [MESSAGE][PASSED] - Delayed 1 second(s)

2022-02-15 09:11:58 - [TEST_STEP][PASSED] - tap(NAVM_SETT_SwitchGain, 0): Tapped on element 'Object Repository/Mobile/Page/NavigationMenu/Settings/Switch - Gain'

2022-02-15 09:11:58 - [MESSAGE][WARNING] - Timeout '0' is invalid. Using default page load timeout: '60'

2022-02-15 09:11:59 - [MESSAGE][PASSED] - Tapped on element 'Object Repository/Mobile/Page/NavigationMenu/Settings/Switch - Gain'

2022-02-15 09:11:59 - [TEST_STEP][PASSED] - delay(1): Delayed 1 second(s)

2022-02-15 09:12:00 - [MESSAGE][PASSED] - Delayed 1 second(s)

2022-02-15 09:12:00 - [TEST_STEP][PASSED] - tap(NAVM_SETT_SwitchGain, 0): Tapped on element 'Object Repository/Mobile/Page/NavigationMenu/Settings/Switch - Gain'

2022-02-15 09:12:00 - [MESSAGE][WARNING] - Timeout '0' is invalid. Using default page load timeout: '60'

2022-02-15 09:12:01 - [MESSAGE][PASSED] - Tapped on element 'Object Repository/Mobile/Page/NavigationMenu/Settings/Switch - Gain'

2022-02-15 09:12:01 - [TEST_STEP][PASSED] - delay(1): Delayed 1 second(s)

2022-02-15 09:12:02 - [MESSAGE][PASSED] - Delayed 1 second(s)

2022-02-15 09:12:02 - [TEST_STEP][PASSED] - tap(NAVM_SETT_DropLoss, 0): Tapped on element 'Object Repository/Mobile/Page/NavigationMenu/Settings/Dropdown - Loss'

2022-02-15 09:12:02 - [MESSAGE][WARNING] - Timeout '0' is invalid. Using default page load timeout: '60'

2022-02-15 09:12:03 - [MESSAGE][PASSED] - Tapped on element 'Object Repository/Mobile/Page/NavigationMenu/Settings/Dropdown - Loss'

2022-02-15 09:12:03 - [TEST_STEP][PASSED] - delay(1): Delayed 1 second(s)

2022-02-15 09:12:04 - [MESSAGE][PASSED] - Delayed 1 second(s)

2022-02-15 09:12:04 - [TEST_STEP][PASSED] - tap(NAVM_SETT_OptLoss5, 0): Tapped on element 'Object Repository/Mobile/Page/NavigationMenu/Settings/Option Loss - 5'

2022-02-15 09:12:04 - [MESSAGE][WARNING] - Timeout '0' is invalid. Using default page load timeout: '60'

2022-02-15 09:12:05 - [MESSAGE][PASSED] - Tapped on element 'Object Repository/Mobile/Page/NavigationMenu/Settings/Option Loss - 5'

2022-02-15 09:12:05 - [TEST_STEP][PASSED] - delay(1): Delayed 1 second(s)

2022-02-15 09:12:06 - [MESSAGE][PASSED] - Delayed 1 second(s)

2022-02-15 09:12:06 - [TEST_STEP][PASSED] - tap(NAVM_SETT_SwitchLoss, 0): Tapped on element 'Object Repository/Mobile/Page/NavigationMenu/Settings/Switch - Loss'

2022-02-15 09:12:06 - [MESSAGE][WARNING] - Timeout '0' is invalid. Using default page load timeout: '60'

2022-02-15 09:12:07 - [MESSAGE][PASSED] - Tapped on element 'Object Repository/Mobile/Page/NavigationMenu/Settings/Switch - Loss'

2022-02-15 09:12:07 - [TEST_STEP][PASSED] - delay(1): Delayed 1 second(s)

2022-02-15 09:12:08 - [MESSAGE][PASSED] - Delayed 1 second(s)

2022-02-15 09:12:08 - [TEST_STEP][PASSED] - tap(NAVM_SETT_SwitchLoss, 0): Tapped on element 'Object Repository/Mobile/Page/NavigationMenu/Settings/Switch - Loss'

2022-02-15 09:12:08 - [MESSAGE][WARNING] - Timeout '0' is invalid. Using default page load timeout: '60'

2022-02-15 09:12:09 - [MESSAGE][PASSED] - Tapped on element 'Object Repository/Mobile/Page/NavigationMenu/Settings/Switch - Loss'

2022-02-15 09:12:09 - [TEST_STEP][PASSED] - delay(1): Delayed 1 second(s)

2022-02-15 09:12:10 - [MESSAGE][PASSED] - Delayed 1 second(s)

2022-02-15 09:12:10 - [TEST_STEP][PASSED] - tap(NAVM_SETT_CbRiskTolerance, 0): Tapped on element 'Object Repository/Mobile/Page/NavigationMenu/Settings/Checkbox - Risk Tolerance'

2022-02-15 09:12:10 - [MESSAGE][WARNING] - Timeout '0' is invalid. Using default page load timeout: '60'

2022-02-15 09:12:11 - [MESSAGE][PASSED] - Tapped on element 'Object Repository/Mobile/Page/NavigationMenu/Settings/Checkbox - Risk Tolerance'

2022-02-15 09:12:11 - [TEST_STEP][PASSED] - delay(1): Delayed 1 second(s)

2022-02-15 09:12:12 - [MESSAGE][PASSED] - Delayed 1 second(s)

2022-02-15 09:12:12 - [TEST_STEP][PASSED] - tap(NAVM_SETT_CbRiskTolerance, 0): Tapped on element 'Object Repository/Mobile/Page/NavigationMenu/Settings/Checkbox - Risk Tolerance'

2022-02-15 09:12:12 - [MESSAGE][WARNING] - Timeout '0' is invalid. Using default page load timeout: '60'

2022-02-15 09:12:13 - [MESSAGE][PASSED] - Tapped on element 'Object Repository/Mobile/Page/NavigationMenu/Settings/Checkbox - Risk Tolerance'

2022-02-15 09:12:13 - [TEST_STEP][PASSED] - delay(1): Delayed 1 second(s)

2022-02-15 09:12:14 - [MESSAGE][PASSED] - Delayed 1 second(s)

2022-02-15 09:12:14 - [TEST_STEP][PASSED] - tap(NAVM_SETT_SwitchStock, 0): Tapped on element 'Object Repository/Mobile/Page/NavigationMenu/Settings/Switch - Stock News'

2022-02-15 09:12:14 - [MESSAGE][WARNING] - Timeout '0' is invalid. Using default page load timeout: '60'

2022-02-15 09:12:15 - [MESSAGE][PASSED] - Tapped on element 'Object Repository/Mobile/Page/NavigationMenu/Settings/Switch - Stock News'

2022-02-15 09:12:15 - [TEST_STEP][PASSED] - delay(1): Delayed 1 second(s)

2022-02-15 09:12:16 - [MESSAGE][PASSED] - Delayed 1 second(s)

2022-02-15 09:12:16 - [TEST_STEP][PASSED] - tap(NAVM_SETT_SwitchStock, 0): Tapped on element 'Object Repository/Mobile/Page/NavigationMenu/Settings/Switch - Stock News'

2022-02-15 09:12:16 - [MESSAGE][WARNING] - Timeout '0' is invalid. Using default page load timeout: '60'

2022-02-15 09:12:16 - [MESSAGE][PASSED] - Tapped on element 'Object Repository/Mobile/Page/NavigationMenu/Settings/Switch - Stock News'

2022-02-15 09:12:16 - [TEST_STEP][PASSED] - delay(1): Delayed 1 second(s)

2022-02-15 09:12:17 - [MESSAGE][PASSED] - Delayed 1 second(s)

2022-02-15 09:12:17 - [TEST_STEP][PASSED] - tap(NAVM_SETT_SwitchFund, 0): Tapped on element 'Object Repository/Mobile/Page/NavigationMenu/Settings/Switch - Fund News'

2022-02-15 09:12:17 - [MESSAGE][WARNING] - Timeout '0' is invalid. Using default page load timeout: '60'

2022-02-15 09:12:18 - [MESSAGE][PASSED] - Tapped on element 'Object Repository/Mobile/Page/NavigationMenu/Settings/Switch - Fund News'

2022-02-15 09:12:18 - [TEST_STEP][PASSED] - delay(1): Delayed 1 second(s)

2022-02-15 09:12:19 - [MESSAGE][PASSED] - Delayed 1 second(s)

2022-02-15 09:12:19 - [TEST_STEP][PASSED] - tap(NAVM_SETT_SwitchFund, 0): Tapped on element 'Object Repository/Mobile/Page/NavigationMenu/Settings/Switch - Fund News'

2022-02-15 09:12:19 - [MESSAGE][WARNING] - Timeout '0' is invalid. Using default page load timeout: '60'

2022-02-15 09:12:19 - [MESSAGE][PASSED] - Tapped on element 'Object Repository/Mobile/Page/NavigationMenu/Settings/Switch - Fund News'

2022-02-15 09:12:19 - [TEST_STEP][PASSED] - delay(1): Delayed 1 second(s)

2022-02-15 09:12:20 - [MESSAGE][PASSED] - Delayed 1 second(s)

2022-02-15 09:12:20 - [TEST_STEP][PASSED] - tap(NAVM_SETT_SwitchBond, 0): Tapped on element 'Object Repository/Mobile/Page/NavigationMenu/Settings/Switch - Bond News'

2022-02-15 09:12:20 - [MESSAGE][WARNING] - Timeout '0' is invalid. Using default page load timeout: '60'

2022-02-15 09:12:20 - [MESSAGE][PASSED] - Tapped on element 'Object Repository/Mobile/Page/NavigationMenu/Settings/Switch - Bond News'

2022-02-15 09:12:20 - [TEST_STEP][PASSED] - delay(1): Delayed 1 second(s)

2022-02-15 09:12:21 - [MESSAGE][PASSED] - Delayed 1 second(s)

2022-02-15 09:12:21 - [TEST_STEP][PASSED] - tap(NAVM_SETT_SwitchBond, 0): Tapped on element 'Object Repository/Mobile/Page/NavigationMenu/Settings/Switch - Bond News'

2022-02-15 09:12:21 - [MESSAGE][WARNING] - Timeout '0' is invalid. Using default page load timeout: '60'

2022-02-15 09:12:22 - [MESSAGE][PASSED] - Tapped on element 'Object Repository/Mobile/Page/NavigationMenu/Settings/Switch - Bond News'

2022-02-15 09:12:22 - [TEST_STEP][PASSED] - delay(1): Delayed 1 second(s)

2022-02-15 09:12:23 - [MESSAGE][PASSED] - Delayed 1 second(s)

2022-02-15 09:12:23 - [TEST_STEP][PASSED] - tap(NAVM_SETT_SwitchMacro, 0): Tapped on element 'Object Repository/Mobile/Page/NavigationMenu/Settings/Switch - Macro News'

2022-02-15 09:12:23 - [MESSAGE][WARNING] - Timeout '0' is invalid. Using default page load timeout: '60'

2022-02-15 09:12:24 - [MESSAGE][PASSED] - Tapped on element 'Object Repository/Mobile/Page/NavigationMenu/Settings/Switch - Macro News'

2022-02-15 09:12:24 - [TEST_STEP][PASSED] - delay(1): Delayed 1 second(s)

2022-02-15 09:12:25 - [MESSAGE][PASSED] - Delayed 1 second(s)

2022-02-15 09:12:25 - [TEST_STEP][PASSED] - tap(NAVM_SETT_SwitchMacro, 0): Tapped on element 'Object Repository/Mobile/Page/NavigationMenu/Settings/Switch - Macro News'

2022-02-15 09:12:25 - [MESSAGE][WARNING] - Timeout '0' is invalid. Using default page load timeout: '60'

2022-02-15 09:12:26 - [MESSAGE][PASSED] - Tapped on element 'Object Repository/Mobile/Page/NavigationMenu/Settings/Switch - Macro News'

2022-02-15 09:12:26 - [TEST_STEP][PASSED] - delay(1): Delayed 1 second(s)

2022-02-15 09:12:27 - [MESSAGE][PASSED] - Delayed 1 second(s)

2022-02-15 09:12:27 - [TEST_STEP][PASSED] - pressBack(): Press back button successfully

2022-02-15 09:12:27 - [MESSAGE][PASSED] - Press back button successfully

2022-02-15 09:12:27 - [TEST_STEP][PASSED] - delay(1): Delayed 1 second(s)

2022-02-15 09:12:28 - [MESSAGE][PASSED] - Delayed 1 second(s)

2022-02-15 09:12:28 - [MESSAGE][PASSED] - Call Test Case 'Test Cases/Mobile/Page/NavigationMenu/NavigationMenu' successfully

2022-02-15 09:12:28 - [TEST_STEP][PASSED] - callTestCase(findTestCase("Mobile/Page/Run App/Terminate App"), [:], STOP_ON_FAILURE): Call Test Case 'Test Cases/Mobile/Page/Run App/Terminate App' successfully

2022-02-15 09:12:28 - [TEST_CASE][PASSED] - Test Cases/Mobile/Page/Run App/Terminate App: Test Cases/Mobile/Page/Run App/Terminate App

2022-02-15 09:12:28 - [TEST_STEP][PASSED] - startApp.OpenApp.terminateApplication(): startApp.OpenApp.terminateApplication is PASSED

2022-02-15 09:12:31 - [MESSAGE][PASSED] - Delayed 3 second(s)

2022-02-15 09:12:32 - [MESSAGE][PASSED] - Current device physical width is 720

2022-02-15 09:12:32 - [MESSAGE][PASSED] - Current device physical height is 1423

2022-02-15 09:12:33 - [MESSAGE][PASSED] - Swiped from 360,853 to 360,142

2022-02-15 09:12:34 - [MESSAGE][PASSED] - Delayed 1 second(s)

2022-02-15 09:12:35 - [MESSAGE][PASSED] - Swiped from 360,853 to 360,142

2022-02-15 09:12:38 - [MESSAGE][PASSED] - Delayed 3 second(s)

2022-02-15 09:12:38 - [MESSAGE][PASSED] - startApp.OpenApp.terminateApplication is PASSED

2022-02-15 09:12:38 - [MESSAGE][PASSED] - Call Test Case 'Test Cases/Mobile/Page/Run App/Terminate App' successfully]]></system-out>
         <system-err><![CDATA[]]></system-err>
      </testcase>
      <testcase name="Test Cases/Mobile/Scenario/NavigationMenu/006 - Logout" time="51.956" classname="Test Cases/Mobile/Scenario/NavigationMenu/006 - Logout" status="PASSED">
         <system-out><![CDATA[2022-02-15 09:12:38 - [TEST_CASE][PASSED] - Test Cases/Mobile/Scenario/NavigationMenu/006 - Logout: Test Cases/Mobile/Scenario/NavigationMenu/006 - Logout

2022-02-15 09:12:39 - [TEST_STEP][PASSED] - callTestCase(findTestCase("Mobile/Page/Run App/Run App byID"), [:], STOP_ON_FAILURE): Call Test Case 'Test Cases/Mobile/Page/Run App/Run App byID' successfully

2022-02-15 09:12:39 - [TEST_CASE][PASSED] - Test Cases/Mobile/Page/Run App/Run App byID: Test Cases/Mobile/Page/Run App/Run App byID

2022-02-15 09:12:39 - [TEST_STEP][PASSED] - startApp.OpenApp.startApplication("id.co.miraeasset.sageclub"): startApp.OpenApp.startApplication is PASSED

2022-02-15 09:12:51 - [MESSAGE][PASSED] - Starting app with application ID: 'id.co.miraeasset.sageclub'

2022-02-15 09:12:51 - [MESSAGE][PASSED] - startApp.OpenApp.startApplication is PASSED

2022-02-15 09:12:51 - [MESSAGE][PASSED] - Call Test Case 'Test Cases/Mobile/Page/Run App/Run App byID' successfully

2022-02-15 09:12:51 - [TEST_STEP][PASSED] - callTestCase(findTestCase("Mobile/Page/NavigationMenu/NavigationMenu"), ["action":"logout"], CONTINUE_ON_FAILURE): Call Test Case 'Test Cases/Mobile/Page/NavigationMenu/NavigationMenu' successfully

2022-02-15 09:12:51 - [TEST_CASE][PASSED] - Test Cases/Mobile/Page/NavigationMenu/NavigationMenu: Test Cases/Mobile/Page/NavigationMenu/NavigationMenu

2022-02-15 09:12:51 - [TEST_STEP][PASSED] - callTestCase(findTestCase("Mobile/Page/CheckLogin"), [:], CONTINUE_ON_FAILURE): Call Test Case 'Test Cases/Mobile/Page/CheckLogin' successfully

2022-02-15 09:12:51 - [TEST_CASE][PASSED] - Test Cases/Mobile/Page/CheckLogin: Test Cases/Mobile/Page/CheckLogin

2022-02-15 09:12:51 - [TEST_STEP][PASSED] - loginCheck = verifyElementExist(LOGN_BtnLogin, 5, CONTINUE_ON_FAILURE): Element 'Object Repository/Mobile/Page/Login/Button - Login' is exist

2022-02-15 09:12:53 - [MESSAGE][PASSED] - Element 'Object Repository/Mobile/Page/Login/Button - Login' is exist

2022-02-15 09:12:53 - [TEST_STEP][PASSED] - if (loginCheck): Call Test Case 'Test Cases/Mobile/Page/Login/Login' successfully

2022-02-15 09:12:53 - [TEST_STEP][PASSED] - callTestCase(findTestCase("Mobile/Page/Login/Login"), ["action":"username"], CONTINUE_ON_FAILURE): Call Test Case 'Test Cases/Mobile/Page/Login/Login' successfully

2022-02-15 09:12:53 - [TEST_CASE][PASSED] - Test Cases/Mobile/Page/Login/Login: Test Cases/Mobile/Page/Login/Login

2022-02-15 09:12:53 - [TEST_STEP][PASSED] - delay(2): Delayed 2 second(s)

2022-02-15 09:12:55 - [MESSAGE][PASSED] - Delayed 2 second(s)

2022-02-15 09:12:55 - [TEST_STEP][PASSED] - for ([i = 0, i < 1, (i++)]): null

2022-02-15 09:12:55 - [TEST_STEP][PASSED] - if (action == "username"): null

2022-02-15 09:12:55 - [TEST_STEP][PASSED] - tap(LOGN_EdtUserID, 0): Tapped on element 'Object Repository/Mobile/Page/Login/Input - UserID'

2022-02-15 09:12:55 - [MESSAGE][WARNING] - Timeout '0' is invalid. Using default page load timeout: '60'

2022-02-15 09:12:55 - [MESSAGE][PASSED] - Tapped on element 'Object Repository/Mobile/Page/Login/Input - UserID'

2022-02-15 09:12:55 - [TEST_STEP][PASSED] - delay(1): Delayed 1 second(s)

2022-02-15 09:12:56 - [MESSAGE][PASSED] - Delayed 1 second(s)

2022-02-15 09:12:56 - [TEST_STEP][PASSED] - setText(LOGN_EdtRdyUserID, "anggaaditya", 0): Text 'anggaaditya' has been set to element 'Object Repository/Mobile/Page/Login/Input Rdy - UserID'

2022-02-15 09:12:56 - [MESSAGE][WARNING] - Timeout '0' is invalid. Using default page load timeout: '60'

2022-02-15 09:12:57 - [MESSAGE][PASSED] - Text 'anggaaditya' has been set to element 'Object Repository/Mobile/Page/Login/Input Rdy - UserID'

2022-02-15 09:12:57 - [TEST_STEP][PASSED] - delay(1): Delayed 1 second(s)

2022-02-15 09:12:58 - [MESSAGE][PASSED] - Delayed 1 second(s)

2022-02-15 09:12:58 - [TEST_STEP][PASSED] - hideKeyboard(): Keyboard is hidden

2022-02-15 09:13:01 - [MESSAGE][PASSED] - Keyboard is hidden

2022-02-15 09:13:01 - [TEST_STEP][PASSED] - tap(LOGN_EdtPassword, 0): Tapped on element 'Object Repository/Mobile/Page/Login/Input - Password'

2022-02-15 09:13:01 - [MESSAGE][WARNING] - Timeout '0' is invalid. Using default page load timeout: '60'

2022-02-15 09:13:02 - [MESSAGE][PASSED] - Tapped on element 'Object Repository/Mobile/Page/Login/Input - Password'

2022-02-15 09:13:02 - [TEST_STEP][PASSED] - delay(1): Delayed 1 second(s)

2022-02-15 09:13:03 - [MESSAGE][PASSED] - Delayed 1 second(s)

2022-02-15 09:13:03 - [TEST_STEP][PASSED] - setText(LOGN_EdtRdyPassword, "Shalawa18", 0): Text 'Shalawa18' has been set to element 'Object Repository/Mobile/Page/Login/Input Rdy - Password'

2022-02-15 09:13:03 - [MESSAGE][WARNING] - Timeout '0' is invalid. Using default page load timeout: '60'

2022-02-15 09:13:03 - [MESSAGE][PASSED] - Text 'Shalawa18' has been set to element 'Object Repository/Mobile/Page/Login/Input Rdy - Password'

2022-02-15 09:13:03 - [TEST_STEP][PASSED] - delay(1): Delayed 1 second(s)

2022-02-15 09:13:04 - [MESSAGE][PASSED] - Delayed 1 second(s)

2022-02-15 09:13:04 - [TEST_STEP][PASSED] - hideKeyboard(): Keyboard is hidden

2022-02-15 09:13:10 - [MESSAGE][PASSED] - Keyboard is hidden

2022-02-15 09:13:10 - [TEST_STEP][PASSED] - tap(LOGN_BtnLogin, 0): Tapped on element 'Object Repository/Mobile/Page/Login/Button - Login'

2022-02-15 09:13:10 - [MESSAGE][WARNING] - Timeout '0' is invalid. Using default page load timeout: '60'

2022-02-15 09:13:11 - [MESSAGE][PASSED] - Tapped on element 'Object Repository/Mobile/Page/Login/Button - Login'

2022-02-15 09:13:11 - [TEST_STEP][PASSED] - delay(2): Delayed 2 second(s)

2022-02-15 09:13:13 - [MESSAGE][PASSED] - Delayed 2 second(s)

2022-02-15 09:13:13 - [TEST_STEP][PASSED] - break: null

2022-02-15 09:13:13 - [MESSAGE][PASSED] - Call Test Case 'Test Cases/Mobile/Page/Login/Login' successfully

2022-02-15 09:13:13 - [MESSAGE][PASSED] - Call Test Case 'Test Cases/Mobile/Page/CheckLogin' successfully

2022-02-15 09:13:13 - [TEST_STEP][PASSED] - delay(3): Delayed 3 second(s)

2022-02-15 09:13:16 - [MESSAGE][PASSED] - Delayed 3 second(s)

2022-02-15 09:13:16 - [TEST_STEP][PASSED] - scroll.scroll.scrollScreenLeftToRight(): scroll.scroll.scrollScreenLeftToRight is PASSED

2022-02-15 09:13:16 - [MESSAGE][PASSED] - Current device physical height is 1423

2022-02-15 09:13:16 - [MESSAGE][PASSED] - Current device physical width is 720

2022-02-15 09:13:16 - [MESSAGE][PASSED] - Current device physical height is 1423

2022-02-15 09:13:18 - [MESSAGE][PASSED] - Swiped from 10,711 to 710,711

2022-02-15 09:13:18 - [MESSAGE][PASSED] - scroll.scroll.scrollScreenLeftToRight is PASSED

2022-02-15 09:13:18 - [TEST_STEP][PASSED] - delay(1): Delayed 1 second(s)

2022-02-15 09:13:19 - [MESSAGE][PASSED] - Delayed 1 second(s)

2022-02-15 09:13:19 - [TEST_STEP][PASSED] - for ([i = 0, i < 1, (i++)]): Delayed 1 second(s)

2022-02-15 09:13:19 - [TEST_STEP][PASSED] - if (action == "downloadtaxreport"): null

2022-02-15 09:13:19 - [TEST_STEP][PASSED] - else if (action == "analyzeprofile"): null

2022-02-15 09:13:19 - [TEST_STEP][PASSED] - else if (action == "wa"): null

2022-02-15 09:13:19 - [TEST_STEP][PASSED] - else if (action == "email"): null

2022-02-15 09:13:19 - [TEST_STEP][PASSED] - else if (action == "setting"): null

2022-02-15 09:13:19 - [TEST_STEP][PASSED] - else if (action == "logout"): Delayed 1 second(s)

2022-02-15 09:13:19 - [TEST_STEP][PASSED] - logout = NAVM_BtnLogout: null

2022-02-15 09:13:19 - [TEST_STEP][PASSED] - tap(logout, 0): Tapped on element 'Object Repository/Mobile/Page/NavigationMenu/Button - Logout'

2022-02-15 09:13:19 - [MESSAGE][WARNING] - Timeout '0' is invalid. Using default page load timeout: '60'

2022-02-15 09:13:19 - [MESSAGE][PASSED] - Tapped on element 'Object Repository/Mobile/Page/NavigationMenu/Button - Logout'

2022-02-15 09:13:19 - [TEST_STEP][PASSED] - delay(1): Delayed 1 second(s)

2022-02-15 09:13:20 - [MESSAGE][PASSED] - Delayed 1 second(s)

2022-02-15 09:13:20 - [MESSAGE][PASSED] - Call Test Case 'Test Cases/Mobile/Page/NavigationMenu/NavigationMenu' successfully

2022-02-15 09:13:20 - [TEST_STEP][PASSED] - callTestCase(findTestCase("Mobile/Page/Run App/Terminate App"), [:], STOP_ON_FAILURE): Call Test Case 'Test Cases/Mobile/Page/Run App/Terminate App' successfully

2022-02-15 09:13:20 - [TEST_CASE][PASSED] - Test Cases/Mobile/Page/Run App/Terminate App: Test Cases/Mobile/Page/Run App/Terminate App

2022-02-15 09:13:20 - [TEST_STEP][PASSED] - startApp.OpenApp.terminateApplication(): startApp.OpenApp.terminateApplication is PASSED

2022-02-15 09:13:23 - [MESSAGE][PASSED] - Delayed 3 second(s)

2022-02-15 09:13:23 - [MESSAGE][PASSED] - Current device physical width is 720

2022-02-15 09:13:24 - [MESSAGE][PASSED] - Current device physical height is 1423

2022-02-15 09:13:25 - [MESSAGE][PASSED] - Swiped from 360,853 to 360,142

2022-02-15 09:13:26 - [MESSAGE][PASSED] - Delayed 1 second(s)

2022-02-15 09:13:27 - [MESSAGE][PASSED] - Swiped from 360,853 to 360,142

2022-02-15 09:13:30 - [MESSAGE][PASSED] - Delayed 3 second(s)

2022-02-15 09:13:30 - [MESSAGE][PASSED] - startApp.OpenApp.terminateApplication is PASSED

2022-02-15 09:13:30 - [MESSAGE][PASSED] - Call Test Case 'Test Cases/Mobile/Page/Run App/Terminate App' successfully]]></system-out>
         <system-err><![CDATA[]]></system-err>
      </testcase>
      <system-out><![CDATA[2022-02-15 09:06:19 - [TEST_SUITE][PASSED] - navigationmenu: Test Cases/Mobile/Scenario/NavigationMenu/006 - Logout]]></system-out>
      <system-err><![CDATA[]]></system-err>
   </testsuite>
</testsuites>
