<?xml version="1.0" encoding="UTF-8"?>
<testsuites name="navigationmenu" time="468.116" tests="6" failures="0" skips="0" errors="0">
   <testsuite name="navigationmenu" tests="6" failures="0" errors="0" time="468.116" skips="0" timestamp="2022-03-11 08:22:20" hostname="Owner - aldy-tft" id="Test Suites/navigationmenu">
      <properties>
         <property name="deviceName" value="samsung SM-A205F (Android 11)"/>
         <property name="devicePlatform" value=""/>
         <property name="logFolder" value="C:\\Users\\Owner\\Documents\\kerjaan\\KatalonProject\\qa_katalon_pwm\\qa_katalon_pwm\\Reports\\20220311_081001\\navigationmenu\\20220311_081012"/>
         <property name="logFiles" value="C:\\Users\\Owner\\Documents\\kerjaan\\KatalonProject\\qa_katalon_pwm\\qa_katalon_pwm\\Reports\\20220311_081001\\navigationmenu\\20220311_081012\\appium.log, C:\\Users\\Owner\\Documents\\kerjaan\\KatalonProject\\qa_katalon_pwm\\qa_katalon_pwm\\Reports\\20220311_081001\\navigationmenu\\20220311_081012\\execution0.log"/>
         <property name="attachments" value="C:\\Users\\Owner\\Documents\\kerjaan\\KatalonProject\\qa_katalon_pwm\\qa_katalon_pwm\\Reports\\20220311_081001\\navigationmenu\\20220311_081012\\1646961882868.png, C:\\Users\\Owner\\Documents\\kerjaan\\KatalonProject\\qa_katalon_pwm\\qa_katalon_pwm\\Reports\\20220311_081001\\navigationmenu\\20220311_081012\\1646961883648.png"/>
         <property name="hostName" value="Owner - aldy-tft"/>
         <property name="os" value="Windows 10 64bit"/>
         <property name="appiumServerStatus" value="{&quot;value&quot;:{&quot;build&quot;:{&quot;version&quot;:&quot;1.22.0&quot;}},&quot;sessionId&quot;:null,&quot;status&quot;:0}"/>
         <property name="katalonVersion" value="7.9.1.208"/>
         <property name="deviceOS" value="Android"/>
         <property name="appiumVersion" value="1.22.0"/>
         <property name="deviceModel" value="SM-A205F"/>
         <property name="hostAddress" value="10.0.30.84"/>
         <property name="deviceManufacturer" value="samsung"/>
         <property name="deviceId" value="RR8M40C9AXE"/>
         <property name="deviceName" value="samsung SM-A205F (Android 11)"/>
         <property name="deviceOSVersion" value="11"/>
      </properties>
      <testcase name="Test Cases/Mobile/Scenario/NavigationMenu/001 - Download Report" time="93.107" classname="Test Cases/Mobile/Scenario/NavigationMenu/001 - Download Report" status="PASSED">
         <system-out><![CDATA[2022-03-11 08:22:22 - [TEST_CASE][PASSED] - Test Cases/Mobile/Scenario/NavigationMenu/001 - Download Report: Test Cases/Mobile/Scenario/NavigationMenu/001 - Download Report

2022-03-11 08:22:22 - [TEST_STEP][PASSED] - callTestCase(findTestCase("Mobile/Page/Run App/Run App byID"), [:], STOP_ON_FAILURE): Call Test Case 'Test Cases/Mobile/Page/Run App/Run App byID' successfully

2022-03-11 08:22:23 - [TEST_CASE][PASSED] - Test Cases/Mobile/Page/Run App/Run App byID: Test Cases/Mobile/Page/Run App/Run App byID

2022-03-11 08:22:23 - [TEST_STEP][PASSED] - startApp.OpenApp.startApplication("id.co.miraeasset.sageclub"): startApp.OpenApp.startApplication is PASSED

2022-03-11 08:22:26 - [MESSAGE][INFO] - Appium server started on port 50,160

2022-03-11 08:22:46 - [MESSAGE][PASSED] - Starting app with application ID: 'id.co.miraeasset.sageclub'

2022-03-11 08:22:46 - [MESSAGE][PASSED] - startApp.OpenApp.startApplication is PASSED

2022-03-11 08:22:46 - [MESSAGE][PASSED] - Call Test Case 'Test Cases/Mobile/Page/Run App/Run App byID' successfully

2022-03-11 08:22:46 - [TEST_STEP][PASSED] - callTestCase(findTestCase("Mobile/Page/NavigationMenu/NavigationMenu"), ["action":"downloadtaxreport"], CONTINUE_ON_FAILURE): Call Test Case 'Test Cases/Mobile/Page/NavigationMenu/NavigationMenu' successfully

2022-03-11 08:22:46 - [TEST_CASE][PASSED] - Test Cases/Mobile/Page/NavigationMenu/NavigationMenu: Test Cases/Mobile/Page/NavigationMenu/NavigationMenu

2022-03-11 08:22:47 - [TEST_STEP][PASSED] - callTestCase(findTestCase("Mobile/Page/CheckLogin"), [:], CONTINUE_ON_FAILURE): Call Test Case 'Test Cases/Mobile/Page/CheckLogin' successfully

2022-03-11 08:22:47 - [TEST_CASE][PASSED] - Test Cases/Mobile/Page/CheckLogin: Test Cases/Mobile/Page/CheckLogin

2022-03-11 08:22:47 - [TEST_STEP][PASSED] - loginCheck = verifyElementExist(LOGN_BtnLogin, 5, CONTINUE_ON_FAILURE): Element 'Object Repository/Mobile/Page/Login/Button - Login' is exist

2022-03-11 08:22:47 - [MESSAGE][WARNING] - Test object with id 'Object Repository/Mobile/Page/Analysis/Button - Open With Just Once' does not exist

2022-03-11 08:22:47 - [MESSAGE][WARNING] - Test object with id 'Object Repository/Mobile/Page/Analysis/Button - Search' does not exist

2022-03-11 08:22:50 - [MESSAGE][WARNING] - Test object with id 'Object Repository/Mobile/Page/Home/Button -  Add Watchlist' does not exist

2022-03-11 08:22:50 - [MESSAGE][WARNING] - Test object with id 'Object Repository/Mobile/Page/Home/Button - Open with Just Once' does not exist

2022-03-11 08:22:50 - [MESSAGE][WARNING] - Test object with id 'Object Repository/Mobile/Page/Home/Container - Notification' does not exist

2022-03-11 08:22:51 - [MESSAGE][WARNING] - Test object with id 'Object Repository/Mobile/Page/Home/Watchlist/Input - Search' does not exist

2022-03-11 08:22:51 - [MESSAGE][WARNING] - Test object with id 'Object Repository/Mobile/Page/Home/Watchlist/Item - Top Search' does not exist

2022-03-11 08:22:51 - [MESSAGE][WARNING] - Test object with id 'Object Repository/Mobile/Page/Home/Watchlist/Detail Watchlist/Input - Expiry Date' does not exist

2022-03-11 08:22:52 - [MESSAGE][WARNING] - Test object with id 'Object Repository/Mobile/Page/Home/Watchlist/Detail Watchlist/Item - Watchlist' does not exist

2022-03-11 08:22:53 - [MESSAGE][WARNING] - Test object with id 'Object Repository/Mobile/Page/NavigationMenu/Button - Open Just Once' does not exist

2022-03-11 08:22:53 - [MESSAGE][WARNING] - Test object with id 'Object Repository/Mobile/Page/NavigationMenu/Container - Logout' does not exist

2022-03-11 08:22:58 - [MESSAGE][WARNING] - Test object with id 'Object Repository/Mobile/Page/Analysis/Button - Open With Just Once' does not exist

2022-03-11 08:22:58 - [MESSAGE][WARNING] - Test object with id 'Object Repository/Mobile/Page/Analysis/Button - Search' does not exist

2022-03-11 08:23:00 - [MESSAGE][WARNING] - Test object with id 'Object Repository/Mobile/Page/Home/Button -  Add Watchlist' does not exist

2022-03-11 08:23:00 - [MESSAGE][WARNING] - Test object with id 'Object Repository/Mobile/Page/Home/Button - Open with Just Once' does not exist

2022-03-11 08:23:00 - [MESSAGE][WARNING] - Test object with id 'Object Repository/Mobile/Page/Home/Container - Notification' does not exist

2022-03-11 08:23:01 - [MESSAGE][WARNING] - Test object with id 'Object Repository/Mobile/Page/Home/Watchlist/Input - Search' does not exist

2022-03-11 08:23:01 - [MESSAGE][WARNING] - Test object with id 'Object Repository/Mobile/Page/Home/Watchlist/Item - Top Search' does not exist

2022-03-11 08:23:01 - [MESSAGE][WARNING] - Test object with id 'Object Repository/Mobile/Page/Home/Watchlist/Detail Watchlist/Input - Expiry Date' does not exist

2022-03-11 08:23:02 - [MESSAGE][WARNING] - Test object with id 'Object Repository/Mobile/Page/Home/Watchlist/Detail Watchlist/Item - Watchlist' does not exist

2022-03-11 08:23:03 - [MESSAGE][WARNING] - Test object with id 'Object Repository/Mobile/Page/NavigationMenu/Button - Open Just Once' does not exist

2022-03-11 08:23:03 - [MESSAGE][WARNING] - Test object with id 'Object Repository/Mobile/Page/NavigationMenu/Container - Logout' does not exist

2022-03-11 08:23:08 - [MESSAGE][PASSED] - Element 'Object Repository/Mobile/Page/Login/Button - Login' is exist

2022-03-11 08:23:08 - [TEST_STEP][PASSED] - if (loginCheck): Call Test Case 'Test Cases/Mobile/Page/Login/Login' successfully

2022-03-11 08:23:08 - [TEST_STEP][PASSED] - callTestCase(findTestCase("Mobile/Page/Login/Login"), ["action":"username"], CONTINUE_ON_FAILURE): Call Test Case 'Test Cases/Mobile/Page/Login/Login' successfully

2022-03-11 08:23:08 - [TEST_CASE][PASSED] - Test Cases/Mobile/Page/Login/Login: Test Cases/Mobile/Page/Login/Login

2022-03-11 08:23:09 - [TEST_STEP][PASSED] - delay(2): Delayed 2 second(s)

2022-03-11 08:23:11 - [MESSAGE][PASSED] - Delayed 2 second(s)

2022-03-11 08:23:11 - [TEST_STEP][PASSED] - for ([i = 0, i < 1, (i++)]): null

2022-03-11 08:23:11 - [TEST_STEP][PASSED] - if (action == "username"): null

2022-03-11 08:23:11 - [TEST_STEP][PASSED] - tap(LOGN_EdtUserID, 0): Tapped on element 'Object Repository/Mobile/Page/Login/Input - UserID'

2022-03-11 08:23:11 - [MESSAGE][WARNING] - Timeout '0' is invalid. Using default page load timeout: '60'

2022-03-11 08:23:11 - [MESSAGE][PASSED] - Tapped on element 'Object Repository/Mobile/Page/Login/Input - UserID'

2022-03-11 08:23:11 - [TEST_STEP][PASSED] - delay(1): Delayed 1 second(s)

2022-03-11 08:23:12 - [MESSAGE][PASSED] - Delayed 1 second(s)

2022-03-11 08:23:12 - [TEST_STEP][PASSED] - setText(LOGN_EdtRdyUserID, "anggaaditya", 0): Text 'anggaaditya' has been set to element 'Object Repository/Mobile/Page/Login/Input Rdy - UserID'

2022-03-11 08:23:12 - [MESSAGE][WARNING] - Timeout '0' is invalid. Using default page load timeout: '60'

2022-03-11 08:23:14 - [MESSAGE][PASSED] - Text 'anggaaditya' has been set to element 'Object Repository/Mobile/Page/Login/Input Rdy - UserID'

2022-03-11 08:23:14 - [TEST_STEP][PASSED] - delay(1): Delayed 1 second(s)

2022-03-11 08:23:15 - [MESSAGE][PASSED] - Delayed 1 second(s)

2022-03-11 08:23:15 - [TEST_STEP][PASSED] - hideKeyboard(): Keyboard is hidden

2022-03-11 08:23:19 - [MESSAGE][PASSED] - Keyboard is hidden

2022-03-11 08:23:19 - [TEST_STEP][PASSED] - tap(LOGN_EdtPassword, 0): Tapped on element 'Object Repository/Mobile/Page/Login/Input - Password'

2022-03-11 08:23:19 - [MESSAGE][WARNING] - Timeout '0' is invalid. Using default page load timeout: '60'

2022-03-11 08:23:19 - [MESSAGE][PASSED] - Tapped on element 'Object Repository/Mobile/Page/Login/Input - Password'

2022-03-11 08:23:19 - [TEST_STEP][PASSED] - delay(1): Delayed 1 second(s)

2022-03-11 08:23:20 - [MESSAGE][PASSED] - Delayed 1 second(s)

2022-03-11 08:23:20 - [TEST_STEP][PASSED] - setText(LOGN_EdtRdyPassword, "Shalawa18", 0): Text 'Shalawa18' has been set to element 'Object Repository/Mobile/Page/Login/Input Rdy - Password'

2022-03-11 08:23:20 - [MESSAGE][WARNING] - Timeout '0' is invalid. Using default page load timeout: '60'

2022-03-11 08:23:21 - [MESSAGE][PASSED] - Text 'Shalawa18' has been set to element 'Object Repository/Mobile/Page/Login/Input Rdy - Password'

2022-03-11 08:23:21 - [TEST_STEP][PASSED] - delay(1): Delayed 1 second(s)

2022-03-11 08:23:22 - [MESSAGE][PASSED] - Delayed 1 second(s)

2022-03-11 08:23:22 - [TEST_STEP][PASSED] - hideKeyboard(): Keyboard is hidden

2022-03-11 08:23:28 - [MESSAGE][PASSED] - Keyboard is hidden

2022-03-11 08:23:28 - [TEST_STEP][PASSED] - tap(LOGN_BtnLogin, 0): Tapped on element 'Object Repository/Mobile/Page/Login/Button - Login'

2022-03-11 08:23:28 - [MESSAGE][WARNING] - Timeout '0' is invalid. Using default page load timeout: '60'

2022-03-11 08:23:29 - [MESSAGE][PASSED] - Tapped on element 'Object Repository/Mobile/Page/Login/Button - Login'

2022-03-11 08:23:29 - [TEST_STEP][PASSED] - delay(2): Delayed 2 second(s)

2022-03-11 08:23:31 - [MESSAGE][PASSED] - Delayed 2 second(s)

2022-03-11 08:23:31 - [TEST_STEP][PASSED] - break: null

2022-03-11 08:23:31 - [MESSAGE][PASSED] - Call Test Case 'Test Cases/Mobile/Page/Login/Login' successfully

2022-03-11 08:23:31 - [MESSAGE][PASSED] - Call Test Case 'Test Cases/Mobile/Page/CheckLogin' successfully

2022-03-11 08:23:31 - [TEST_STEP][PASSED] - delay(3): Delayed 3 second(s)

2022-03-11 08:23:34 - [MESSAGE][PASSED] - Delayed 3 second(s)

2022-03-11 08:23:34 - [TEST_STEP][PASSED] - scroll.scroll.scrollScreenLeftToRight(): scroll.scroll.scrollScreenLeftToRight is PASSED

2022-03-11 08:23:35 - [MESSAGE][PASSED] - Current device physical height is 1423

2022-03-11 08:23:35 - [MESSAGE][PASSED] - Current device physical width is 720

2022-03-11 08:23:35 - [MESSAGE][PASSED] - Current device physical height is 1423

2022-03-11 08:23:36 - [MESSAGE][PASSED] - Swiped from 10,711 to 710,711

2022-03-11 08:23:36 - [MESSAGE][PASSED] - scroll.scroll.scrollScreenLeftToRight is PASSED

2022-03-11 08:23:36 - [TEST_STEP][PASSED] - delay(1): Delayed 1 second(s)

2022-03-11 08:23:37 - [MESSAGE][PASSED] - Delayed 1 second(s)

2022-03-11 08:23:37 - [TEST_STEP][PASSED] - for ([i = 0, i < 1, (i++)]): Press back button successfully

2022-03-11 08:23:37 - [TEST_STEP][PASSED] - if (action == "downloadtaxreport"): Press back button successfully

2022-03-11 08:23:37 - [TEST_STEP][PASSED] - taxreport = NAVM_ContYearlyTaxReport: null

2022-03-11 08:23:37 - [TEST_STEP][PASSED] - top = getElementTopPosition(taxreport, 0): Object 'Object Repository/Mobile/Page/NavigationMenu/Container - Yearly Tax Report' has top position '277'

2022-03-11 08:23:37 - [MESSAGE][WARNING] - Timeout '0' is invalid. Using default page load timeout: '60'

2022-03-11 08:23:38 - [MESSAGE][PASSED] - Object 'Object Repository/Mobile/Page/NavigationMenu/Container - Yearly Tax Report' has top position '277'

2022-03-11 08:23:38 - [TEST_STEP][PASSED] - y = getElementHeight(taxreport, 0) * 0.8 + top: Object 'Object Repository/Mobile/Page/NavigationMenu/Container - Yearly Tax Report' has height: '119'

2022-03-11 08:23:38 - [MESSAGE][WARNING] - Timeout '0' is invalid. Using default page load timeout: '60'

2022-03-11 08:23:38 - [MESSAGE][PASSED] - Object 'Object Repository/Mobile/Page/NavigationMenu/Container - Yearly Tax Report' has height: '119'

2022-03-11 08:23:38 - [TEST_STEP][PASSED] - x = getDeviceWidth() * 0.2: Current device physical width is 720

2022-03-11 08:23:38 - [MESSAGE][PASSED] - Current device physical width is 720

2022-03-11 08:23:38 - [TEST_STEP][PASSED] - tapAtPosition(x, y): Tapped at [144, 372]

2022-03-11 08:23:38 - [MESSAGE][PASSED] - Tapped at [144, 372]

2022-03-11 08:23:38 - [TEST_STEP][PASSED] - delay(5): Delayed 5 second(s)

2022-03-11 08:23:43 - [MESSAGE][PASSED] - Delayed 5 second(s)

2022-03-11 08:23:43 - [TEST_STEP][PASSED] - pressBack(): Press back button successfully

2022-03-11 08:23:44 - [MESSAGE][PASSED] - Press back button successfully

2022-03-11 08:23:44 - [MESSAGE][PASSED] - Call Test Case 'Test Cases/Mobile/Page/NavigationMenu/NavigationMenu' successfully

2022-03-11 08:23:44 - [TEST_STEP][PASSED] - callTestCase(findTestCase("Mobile/Page/Run App/Terminate App"), [:], STOP_ON_FAILURE): Call Test Case 'Test Cases/Mobile/Page/Run App/Terminate App' successfully

2022-03-11 08:23:44 - [TEST_CASE][PASSED] - Test Cases/Mobile/Page/Run App/Terminate App: Test Cases/Mobile/Page/Run App/Terminate App

2022-03-11 08:23:44 - [TEST_STEP][PASSED] - startApp.OpenApp.terminateApplication(): startApp.OpenApp.terminateApplication is PASSED

2022-03-11 08:23:48 - [MESSAGE][PASSED] - Delayed 3 second(s)

2022-03-11 08:23:48 - [MESSAGE][PASSED] - Current device physical width is 720

2022-03-11 08:23:48 - [MESSAGE][PASSED] - Current device physical height is 1423

2022-03-11 08:23:49 - [MESSAGE][PASSED] - Swiped from 360,853 to 360,142

2022-03-11 08:23:51 - [MESSAGE][PASSED] - Delayed 1 second(s)

2022-03-11 08:23:52 - [MESSAGE][PASSED] - Swiped from 360,853 to 360,142

2022-03-11 08:23:55 - [MESSAGE][PASSED] - Delayed 3 second(s)

2022-03-11 08:23:55 - [MESSAGE][PASSED] - startApp.OpenApp.terminateApplication is PASSED

2022-03-11 08:23:55 - [MESSAGE][PASSED] - Call Test Case 'Test Cases/Mobile/Page/Run App/Terminate App' successfully]]></system-out>
         <system-err><![CDATA[]]></system-err>
      </testcase>
      <testcase name="Test Cases/Mobile/Scenario/NavigationMenu/002 - Risk Profile analysis" time="89.317" classname="Test Cases/Mobile/Scenario/NavigationMenu/002 - Risk Profile analysis" status="PASSED">
         <system-out><![CDATA[2022-03-11 08:23:55 - [TEST_CASE][PASSED] - Test Cases/Mobile/Scenario/NavigationMenu/002 - Risk Profile analysis: Test Cases/Mobile/Scenario/NavigationMenu/002 - Risk Profile analysis

2022-03-11 08:23:55 - [TEST_STEP][PASSED] - callTestCase(findTestCase("Mobile/Page/Run App/Run App byID"), [:], STOP_ON_FAILURE): Call Test Case 'Test Cases/Mobile/Page/Run App/Run App byID' successfully

2022-03-11 08:23:55 - [TEST_CASE][PASSED] - Test Cases/Mobile/Page/Run App/Run App byID: Test Cases/Mobile/Page/Run App/Run App byID

2022-03-11 08:23:55 - [TEST_STEP][PASSED] - startApp.OpenApp.startApplication("id.co.miraeasset.sageclub"): startApp.OpenApp.startApplication is PASSED

2022-03-11 08:24:08 - [MESSAGE][PASSED] - Starting app with application ID: 'id.co.miraeasset.sageclub'

2022-03-11 08:24:08 - [MESSAGE][PASSED] - startApp.OpenApp.startApplication is PASSED

2022-03-11 08:24:08 - [MESSAGE][PASSED] - Call Test Case 'Test Cases/Mobile/Page/Run App/Run App byID' successfully

2022-03-11 08:24:08 - [TEST_STEP][PASSED] - callTestCase(findTestCase("Mobile/Page/NavigationMenu/NavigationMenu"), ["action":"analyzeprofile"], CONTINUE_ON_FAILURE): Call Test Case 'Test Cases/Mobile/Page/NavigationMenu/NavigationMenu' successfully

2022-03-11 08:24:08 - [TEST_CASE][PASSED] - Test Cases/Mobile/Page/NavigationMenu/NavigationMenu: Test Cases/Mobile/Page/NavigationMenu/NavigationMenu

2022-03-11 08:24:08 - [TEST_STEP][PASSED] - callTestCase(findTestCase("Mobile/Page/CheckLogin"), [:], CONTINUE_ON_FAILURE): Call Test Case 'Test Cases/Mobile/Page/CheckLogin' successfully

2022-03-11 08:24:08 - [TEST_CASE][PASSED] - Test Cases/Mobile/Page/CheckLogin: Test Cases/Mobile/Page/CheckLogin

2022-03-11 08:24:08 - [TEST_STEP][PASSED] - loginCheck = verifyElementExist(LOGN_BtnLogin, 5, CONTINUE_ON_FAILURE): Element 'Object Repository/Mobile/Page/Login/Button - Login' is exist

2022-03-11 08:24:10 - [MESSAGE][PASSED] - Element 'Object Repository/Mobile/Page/Login/Button - Login' is exist

2022-03-11 08:24:10 - [TEST_STEP][PASSED] - if (loginCheck): Call Test Case 'Test Cases/Mobile/Page/Login/Login' successfully

2022-03-11 08:24:10 - [TEST_STEP][PASSED] - callTestCase(findTestCase("Mobile/Page/Login/Login"), ["action":"username"], CONTINUE_ON_FAILURE): Call Test Case 'Test Cases/Mobile/Page/Login/Login' successfully

2022-03-11 08:24:10 - [TEST_CASE][PASSED] - Test Cases/Mobile/Page/Login/Login: Test Cases/Mobile/Page/Login/Login

2022-03-11 08:24:10 - [TEST_STEP][PASSED] - delay(2): Delayed 2 second(s)

2022-03-11 08:24:12 - [MESSAGE][PASSED] - Delayed 2 second(s)

2022-03-11 08:24:12 - [TEST_STEP][PASSED] - for ([i = 0, i < 1, (i++)]): null

2022-03-11 08:24:12 - [TEST_STEP][PASSED] - if (action == "username"): null

2022-03-11 08:24:12 - [TEST_STEP][PASSED] - tap(LOGN_EdtUserID, 0): Tapped on element 'Object Repository/Mobile/Page/Login/Input - UserID'

2022-03-11 08:24:12 - [MESSAGE][WARNING] - Timeout '0' is invalid. Using default page load timeout: '60'

2022-03-11 08:24:13 - [MESSAGE][PASSED] - Tapped on element 'Object Repository/Mobile/Page/Login/Input - UserID'

2022-03-11 08:24:13 - [TEST_STEP][PASSED] - delay(1): Delayed 1 second(s)

2022-03-11 08:24:14 - [MESSAGE][PASSED] - Delayed 1 second(s)

2022-03-11 08:24:14 - [TEST_STEP][PASSED] - setText(LOGN_EdtRdyUserID, "anggaaditya", 0): Text 'anggaaditya' has been set to element 'Object Repository/Mobile/Page/Login/Input Rdy - UserID'

2022-03-11 08:24:14 - [MESSAGE][WARNING] - Timeout '0' is invalid. Using default page load timeout: '60'

2022-03-11 08:24:14 - [MESSAGE][PASSED] - Text 'anggaaditya' has been set to element 'Object Repository/Mobile/Page/Login/Input Rdy - UserID'

2022-03-11 08:24:14 - [TEST_STEP][PASSED] - delay(1): Delayed 1 second(s)

2022-03-11 08:24:15 - [MESSAGE][PASSED] - Delayed 1 second(s)

2022-03-11 08:24:15 - [TEST_STEP][PASSED] - hideKeyboard(): Keyboard is hidden

2022-03-11 08:24:19 - [MESSAGE][PASSED] - Keyboard is hidden

2022-03-11 08:24:19 - [TEST_STEP][PASSED] - tap(LOGN_EdtPassword, 0): Tapped on element 'Object Repository/Mobile/Page/Login/Input - Password'

2022-03-11 08:24:19 - [MESSAGE][WARNING] - Timeout '0' is invalid. Using default page load timeout: '60'

2022-03-11 08:24:20 - [MESSAGE][PASSED] - Tapped on element 'Object Repository/Mobile/Page/Login/Input - Password'

2022-03-11 08:24:20 - [TEST_STEP][PASSED] - delay(1): Delayed 1 second(s)

2022-03-11 08:24:21 - [MESSAGE][PASSED] - Delayed 1 second(s)

2022-03-11 08:24:21 - [TEST_STEP][PASSED] - setText(LOGN_EdtRdyPassword, "Shalawa18", 0): Text 'Shalawa18' has been set to element 'Object Repository/Mobile/Page/Login/Input Rdy - Password'

2022-03-11 08:24:21 - [MESSAGE][WARNING] - Timeout '0' is invalid. Using default page load timeout: '60'

2022-03-11 08:24:22 - [MESSAGE][PASSED] - Text 'Shalawa18' has been set to element 'Object Repository/Mobile/Page/Login/Input Rdy - Password'

2022-03-11 08:24:22 - [TEST_STEP][PASSED] - delay(1): Delayed 1 second(s)

2022-03-11 08:24:23 - [MESSAGE][PASSED] - Delayed 1 second(s)

2022-03-11 08:24:23 - [TEST_STEP][PASSED] - hideKeyboard(): Keyboard is hidden

2022-03-11 08:24:29 - [MESSAGE][PASSED] - Keyboard is hidden

2022-03-11 08:24:29 - [TEST_STEP][PASSED] - tap(LOGN_BtnLogin, 0): Tapped on element 'Object Repository/Mobile/Page/Login/Button - Login'

2022-03-11 08:24:29 - [MESSAGE][WARNING] - Timeout '0' is invalid. Using default page load timeout: '60'

2022-03-11 08:24:30 - [MESSAGE][PASSED] - Tapped on element 'Object Repository/Mobile/Page/Login/Button - Login'

2022-03-11 08:24:30 - [TEST_STEP][PASSED] - delay(2): Delayed 2 second(s)

2022-03-11 08:24:32 - [MESSAGE][PASSED] - Delayed 2 second(s)

2022-03-11 08:24:32 - [TEST_STEP][PASSED] - break: null

2022-03-11 08:24:32 - [MESSAGE][PASSED] - Call Test Case 'Test Cases/Mobile/Page/Login/Login' successfully

2022-03-11 08:24:32 - [MESSAGE][PASSED] - Call Test Case 'Test Cases/Mobile/Page/CheckLogin' successfully

2022-03-11 08:24:32 - [TEST_STEP][PASSED] - delay(3): Delayed 3 second(s)

2022-03-11 08:24:35 - [MESSAGE][PASSED] - Delayed 3 second(s)

2022-03-11 08:24:35 - [TEST_STEP][PASSED] - scroll.scroll.scrollScreenLeftToRight(): scroll.scroll.scrollScreenLeftToRight is PASSED

2022-03-11 08:24:35 - [MESSAGE][PASSED] - Current device physical height is 1423

2022-03-11 08:24:36 - [MESSAGE][PASSED] - Current device physical width is 720

2022-03-11 08:24:36 - [MESSAGE][PASSED] - Current device physical height is 1423

2022-03-11 08:24:37 - [MESSAGE][PASSED] - Swiped from 10,711 to 710,711

2022-03-11 08:24:37 - [MESSAGE][PASSED] - scroll.scroll.scrollScreenLeftToRight is PASSED

2022-03-11 08:24:37 - [TEST_STEP][PASSED] - delay(1): Delayed 1 second(s)

2022-03-11 08:24:38 - [MESSAGE][PASSED] - Delayed 1 second(s)

2022-03-11 08:24:38 - [TEST_STEP][FAILED] - for ([i = 0, i < 1, (i++)]): null

2022-03-11 08:24:38 - [TEST_STEP][PASSED] - if (action == "downloadtaxreport"): null

2022-03-11 08:24:38 - [TEST_STEP][FAILED] - else if (action == "analyzeprofile"): null

2022-03-11 08:24:38 - [TEST_STEP][PASSED] - risk = NAVM_ContRiskProfile: null

2022-03-11 08:24:38 - [TEST_STEP][PASSED] - top = getElementTopPosition(risk, 0): Object 'Object Repository/Mobile/Page/NavigationMenu/Container - Risk Profile' has top position '431'

2022-03-11 08:24:38 - [MESSAGE][WARNING] - Timeout '0' is invalid. Using default page load timeout: '60'

2022-03-11 08:24:38 - [MESSAGE][PASSED] - Object 'Object Repository/Mobile/Page/NavigationMenu/Container - Risk Profile' has top position '431'

2022-03-11 08:24:38 - [TEST_STEP][PASSED] - y = getElementHeight(risk, 0) * 0.8 + top: Object 'Object Repository/Mobile/Page/NavigationMenu/Container - Risk Profile' has height: '119'

2022-03-11 08:24:38 - [MESSAGE][WARNING] - Timeout '0' is invalid. Using default page load timeout: '60'

2022-03-11 08:24:38 - [MESSAGE][PASSED] - Object 'Object Repository/Mobile/Page/NavigationMenu/Container - Risk Profile' has height: '119'

2022-03-11 08:24:38 - [TEST_STEP][PASSED] - x = getDeviceWidth() * 0.2: Current device physical width is 720

2022-03-11 08:24:39 - [MESSAGE][PASSED] - Current device physical width is 720

2022-03-11 08:24:39 - [TEST_STEP][PASSED] - tapAtPosition(x, y): Tapped at [144, 526]

2022-03-11 08:24:39 - [MESSAGE][PASSED] - Tapped at [144, 526]

2022-03-11 08:24:39 - [TEST_STEP][PASSED] - delay(1): Delayed 1 second(s)

2022-03-11 08:24:40 - [MESSAGE][PASSED] - Delayed 1 second(s)

2022-03-11 08:24:40 - [TEST_STEP][FAILED] - try: Failed to check for element 'Object Repository/Mobile/Page/NavigationMenu/Container - Risk Profile' exist (Root cause: com.kms.katalon.core.exception.StepFailedException: Element 'Object Repository/Mobile/Page/NavigationMenu/Container - Risk Profile' not found
	at com.kms.katalon.core.keyword.internal.KeywordMain.stepFailed(KeywordMain.groovy:50)
	at com.kms.katalon.core.mobile.keyword.internal.MobileKeywordMain.stepFailed(MobileKeywordMain.groovy:40)
	at com.kms.katalon.core.mobile.keyword.builtin.VerifyElementExistKeyword$_verifyElementExist_closure1.doCall(VerifyElementExistKeyword.groovy:77)
	at com.kms.katalon.core.mobile.keyword.builtin.VerifyElementExistKeyword$_verifyElementExist_closure1.call(VerifyElementExistKeyword.groovy)
	at com.kms.katalon.core.mobile.keyword.internal.MobileKeywordMain.runKeyword(MobileKeywordMain.groovy:21)
	at com.kms.katalon.core.mobile.keyword.builtin.VerifyElementExistKeyword.verifyElementExist(VerifyElementExistKeyword.groovy:80)
	at com.kms.katalon.core.mobile.keyword.builtin.VerifyElementExistKeyword.execute(VerifyElementExistKeyword.groovy:64)
	at com.kms.katalon.core.keyword.internal.KeywordExecutor.executeKeywordForPlatform(KeywordExecutor.groovy:73)
	at com.kms.katalon.core.mobile.keyword.MobileBuiltInKeywords.verifyElementExist(MobileBuiltInKeywords.groovy:1586)
	at com.kms.katalon.core.mobile.keyword.MobileBuiltInKeywords$verifyElementExist$11.call(Unknown Source)
	at NavigationMenu.run(NavigationMenu:49)
	at com.kms.katalon.core.main.ScriptEngine.run(ScriptEngine.java:194)
	at com.kms.katalon.core.main.ScriptEngine.runScriptAsRawText(ScriptEngine.java:119)
	at com.kms.katalon.core.main.TestCaseExecutor.runScript(TestCaseExecutor.java:398)
	at com.kms.katalon.core.main.TestCaseExecutor.doExecute(TestCaseExecutor.java:389)
	at com.kms.katalon.core.main.TestCaseExecutor.processExecutionPhase(TestCaseExecutor.java:368)
	at com.kms.katalon.core.main.TestCaseExecutor.accessMainPhase(TestCaseExecutor.java:360)
	at com.kms.katalon.core.main.TestCaseExecutor.execute(TestCaseExecutor.java:255)
	at com.kms.katalon.core.main.TestCaseMain.runTestCase(TestCaseMain.java:114)
	at com.kms.katalon.core.keyword.builtin.CallTestCaseKeyword$_callTestCase_closure1.doCall(CallTestCaseKeyword.groovy:59)
	at com.kms.katalon.core.keyword.builtin.CallTestCaseKeyword$_callTestCase_closure1.call(CallTestCaseKeyword.groovy)
	at com.kms.katalon.core.keyword.internal.KeywordMain.runKeyword(KeywordMain.groovy:68)
	at com.kms.katalon.core.keyword.builtin.CallTestCaseKeyword.callTestCase(CallTestCaseKeyword.groovy:81)
	at com.kms.katalon.core.keyword.builtin.CallTestCaseKeyword.execute(CallTestCaseKeyword.groovy:44)
	at com.kms.katalon.core.keyword.internal.KeywordExecutor.executeKeywordForPlatform(KeywordExecutor.groovy:73)
	at com.kms.katalon.core.keyword.BuiltinKeywords.callTestCase(BuiltinKeywords.groovy:334)
	at 002 - Risk Profile analysis.run(002 - Risk Profile analysis:22)
	at com.kms.katalon.core.main.ScriptEngine.run(ScriptEngine.java:194)
	at com.kms.katalon.core.main.ScriptEngine.runScriptAsRawText(ScriptEngine.java:119)
	at com.kms.katalon.core.main.TestCaseExecutor.runScript(TestCaseExecutor.java:398)
	at com.kms.katalon.core.main.TestCaseExecutor.doExecute(TestCaseExecutor.java:389)
	at com.kms.katalon.core.main.TestCaseExecutor.processExecutionPhase(TestCaseExecutor.java:368)
	at com.kms.katalon.core.main.TestCaseExecutor.accessMainPhase(TestCaseExecutor.java:360)
	at com.kms.katalon.core.main.TestCaseExecutor.execute(TestCaseExecutor.java:255)
	at com.kms.katalon.core.main.TestSuiteExecutor.accessTestCaseMainPhase(TestSuiteExecutor.java:203)
	at com.kms.katalon.core.main.TestSuiteExecutor.accessTestSuiteMainPhase(TestSuiteExecutor.java:152)
	at com.kms.katalon.core.main.TestSuiteExecutor.execute(TestSuiteExecutor.java:95)
	at com.kms.katalon.core.main.TestCaseMain.startTestSuite(TestCaseMain.java:157)
	at com.kms.katalon.core.main.TestCaseMain$startTestSuite$0.call(Unknown Source)
	at TempTestSuite1646961012409.run(TempTestSuite1646961012409.groovy:39)
)

2022-03-11 08:24:40 - [TEST_STEP][FAILED] - for ([j = 1, j <= 5, (j++)]): Failed to check for element 'Object Repository/Mobile/Page/NavigationMenu/Container - Risk Profile' exist (Root cause: com.kms.katalon.core.exception.StepFailedException: Element 'Object Repository/Mobile/Page/NavigationMenu/Container - Risk Profile' not found
	at com.kms.katalon.core.keyword.internal.KeywordMain.stepFailed(KeywordMain.groovy:50)
	at com.kms.katalon.core.mobile.keyword.internal.MobileKeywordMain.stepFailed(MobileKeywordMain.groovy:40)
	at com.kms.katalon.core.mobile.keyword.builtin.VerifyElementExistKeyword$_verifyElementExist_closure1.doCall(VerifyElementExistKeyword.groovy:77)
	at com.kms.katalon.core.mobile.keyword.builtin.VerifyElementExistKeyword$_verifyElementExist_closure1.call(VerifyElementExistKeyword.groovy)
	at com.kms.katalon.core.mobile.keyword.internal.MobileKeywordMain.runKeyword(MobileKeywordMain.groovy:21)
	at com.kms.katalon.core.mobile.keyword.builtin.VerifyElementExistKeyword.verifyElementExist(VerifyElementExistKeyword.groovy:80)
	at com.kms.katalon.core.mobile.keyword.builtin.VerifyElementExistKeyword.execute(VerifyElementExistKeyword.groovy:64)
	at com.kms.katalon.core.keyword.internal.KeywordExecutor.executeKeywordForPlatform(KeywordExecutor.groovy:73)
	at com.kms.katalon.core.mobile.keyword.MobileBuiltInKeywords.verifyElementExist(MobileBuiltInKeywords.groovy:1586)
	at com.kms.katalon.core.mobile.keyword.MobileBuiltInKeywords$verifyElementExist$11.call(Unknown Source)
	at NavigationMenu.run(NavigationMenu:49)
	at com.kms.katalon.core.main.ScriptEngine.run(ScriptEngine.java:194)
	at com.kms.katalon.core.main.ScriptEngine.runScriptAsRawText(ScriptEngine.java:119)
	at com.kms.katalon.core.main.TestCaseExecutor.runScript(TestCaseExecutor.java:398)
	at com.kms.katalon.core.main.TestCaseExecutor.doExecute(TestCaseExecutor.java:389)
	at com.kms.katalon.core.main.TestCaseExecutor.processExecutionPhase(TestCaseExecutor.java:368)
	at com.kms.katalon.core.main.TestCaseExecutor.accessMainPhase(TestCaseExecutor.java:360)
	at com.kms.katalon.core.main.TestCaseExecutor.execute(TestCaseExecutor.java:255)
	at com.kms.katalon.core.main.TestCaseMain.runTestCase(TestCaseMain.java:114)
	at com.kms.katalon.core.keyword.builtin.CallTestCaseKeyword$_callTestCase_closure1.doCall(CallTestCaseKeyword.groovy:59)
	at com.kms.katalon.core.keyword.builtin.CallTestCaseKeyword$_callTestCase_closure1.call(CallTestCaseKeyword.groovy)
	at com.kms.katalon.core.keyword.internal.KeywordMain.runKeyword(KeywordMain.groovy:68)
	at com.kms.katalon.core.keyword.builtin.CallTestCaseKeyword.callTestCase(CallTestCaseKeyword.groovy:81)
	at com.kms.katalon.core.keyword.builtin.CallTestCaseKeyword.execute(CallTestCaseKeyword.groovy:44)
	at com.kms.katalon.core.keyword.internal.KeywordExecutor.executeKeywordForPlatform(KeywordExecutor.groovy:73)
	at com.kms.katalon.core.keyword.BuiltinKeywords.callTestCase(BuiltinKeywords.groovy:334)
	at 002 - Risk Profile analysis.run(002 - Risk Profile analysis:22)
	at com.kms.katalon.core.main.ScriptEngine.run(ScriptEngine.java:194)
	at com.kms.katalon.core.main.ScriptEngine.runScriptAsRawText(ScriptEngine.java:119)
	at com.kms.katalon.core.main.TestCaseExecutor.runScript(TestCaseExecutor.java:398)
	at com.kms.katalon.core.main.TestCaseExecutor.doExecute(TestCaseExecutor.java:389)
	at com.kms.katalon.core.main.TestCaseExecutor.processExecutionPhase(TestCaseExecutor.java:368)
	at com.kms.katalon.core.main.TestCaseExecutor.accessMainPhase(TestCaseExecutor.java:360)
	at com.kms.katalon.core.main.TestCaseExecutor.execute(TestCaseExecutor.java:255)
	at com.kms.katalon.core.main.TestSuiteExecutor.accessTestCaseMainPhase(TestSuiteExecutor.java:203)
	at com.kms.katalon.core.main.TestSuiteExecutor.accessTestSuiteMainPhase(TestSuiteExecutor.java:152)
	at com.kms.katalon.core.main.TestSuiteExecutor.execute(TestSuiteExecutor.java:95)
	at com.kms.katalon.core.main.TestCaseMain.startTestSuite(TestCaseMain.java:157)
	at com.kms.katalon.core.main.TestCaseMain$startTestSuite$0.call(Unknown Source)
	at TempTestSuite1646961012409.run(TempTestSuite1646961012409.groovy:39)
)

2022-03-11 08:24:40 - [TEST_STEP][FAILED] - bestsuited = verifyElementExist(NAVM_ContRiskProfile, 2): Failed to check for element 'Object Repository/Mobile/Page/NavigationMenu/Container - Risk Profile' exist (Root cause: com.kms.katalon.core.exception.StepFailedException: Element 'Object Repository/Mobile/Page/NavigationMenu/Container - Risk Profile' not found
	at com.kms.katalon.core.keyword.internal.KeywordMain.stepFailed(KeywordMain.groovy:50)
	at com.kms.katalon.core.mobile.keyword.internal.MobileKeywordMain.stepFailed(MobileKeywordMain.groovy:40)
	at com.kms.katalon.core.mobile.keyword.builtin.VerifyElementExistKeyword$_verifyElementExist_closure1.doCall(VerifyElementExistKeyword.groovy:77)
	at com.kms.katalon.core.mobile.keyword.builtin.VerifyElementExistKeyword$_verifyElementExist_closure1.call(VerifyElementExistKeyword.groovy)
	at com.kms.katalon.core.mobile.keyword.internal.MobileKeywordMain.runKeyword(MobileKeywordMain.groovy:21)
	at com.kms.katalon.core.mobile.keyword.builtin.VerifyElementExistKeyword.verifyElementExist(VerifyElementExistKeyword.groovy:80)
	at com.kms.katalon.core.mobile.keyword.builtin.VerifyElementExistKeyword.execute(VerifyElementExistKeyword.groovy:64)
	at com.kms.katalon.core.keyword.internal.KeywordExecutor.executeKeywordForPlatform(KeywordExecutor.groovy:73)
	at com.kms.katalon.core.mobile.keyword.MobileBuiltInKeywords.verifyElementExist(MobileBuiltInKeywords.groovy:1586)
	at com.kms.katalon.core.mobile.keyword.MobileBuiltInKeywords$verifyElementExist$11.call(Unknown Source)
	at NavigationMenu.run(NavigationMenu:49)
	at com.kms.katalon.core.main.ScriptEngine.run(ScriptEngine.java:194)
	at com.kms.katalon.core.main.ScriptEngine.runScriptAsRawText(ScriptEngine.java:119)
	at com.kms.katalon.core.main.TestCaseExecutor.runScript(TestCaseExecutor.java:398)
	at com.kms.katalon.core.main.TestCaseExecutor.doExecute(TestCaseExecutor.java:389)
	at com.kms.katalon.core.main.TestCaseExecutor.processExecutionPhase(TestCaseExecutor.java:368)
	at com.kms.katalon.core.main.TestCaseExecutor.accessMainPhase(TestCaseExecutor.java:360)
	at com.kms.katalon.core.main.TestCaseExecutor.execute(TestCaseExecutor.java:255)
	at com.kms.katalon.core.main.TestCaseMain.runTestCase(TestCaseMain.java:114)
	at com.kms.katalon.core.keyword.builtin.CallTestCaseKeyword$_callTestCase_closure1.doCall(CallTestCaseKeyword.groovy:59)
	at com.kms.katalon.core.keyword.builtin.CallTestCaseKeyword$_callTestCase_closure1.call(CallTestCaseKeyword.groovy)
	at com.kms.katalon.core.keyword.internal.KeywordMain.runKeyword(KeywordMain.groovy:68)
	at com.kms.katalon.core.keyword.builtin.CallTestCaseKeyword.callTestCase(CallTestCaseKeyword.groovy:81)
	at com.kms.katalon.core.keyword.builtin.CallTestCaseKeyword.execute(CallTestCaseKeyword.groovy:44)
	at com.kms.katalon.core.keyword.internal.KeywordExecutor.executeKeywordForPlatform(KeywordExecutor.groovy:73)
	at com.kms.katalon.core.keyword.BuiltinKeywords.callTestCase(BuiltinKeywords.groovy:334)
	at 002 - Risk Profile analysis.run(002 - Risk Profile analysis:22)
	at com.kms.katalon.core.main.ScriptEngine.run(ScriptEngine.java:194)
	at com.kms.katalon.core.main.ScriptEngine.runScriptAsRawText(ScriptEngine.java:119)
	at com.kms.katalon.core.main.TestCaseExecutor.runScript(TestCaseExecutor.java:398)
	at com.kms.katalon.core.main.TestCaseExecutor.doExecute(TestCaseExecutor.java:389)
	at com.kms.katalon.core.main.TestCaseExecutor.processExecutionPhase(TestCaseExecutor.java:368)
	at com.kms.katalon.core.main.TestCaseExecutor.accessMainPhase(TestCaseExecutor.java:360)
	at com.kms.katalon.core.main.TestCaseExecutor.execute(TestCaseExecutor.java:255)
	at com.kms.katalon.core.main.TestSuiteExecutor.accessTestCaseMainPhase(TestSuiteExecutor.java:203)
	at com.kms.katalon.core.main.TestSuiteExecutor.accessTestSuiteMainPhase(TestSuiteExecutor.java:152)
	at com.kms.katalon.core.main.TestSuiteExecutor.execute(TestSuiteExecutor.java:95)
	at com.kms.katalon.core.main.TestCaseMain.startTestSuite(TestCaseMain.java:157)
	at com.kms.katalon.core.main.TestCaseMain$startTestSuite$0.call(Unknown Source)
	at TempTestSuite1646961012409.run(TempTestSuite1646961012409.groovy:39)
)

2022-03-11 08:24:43 - [MESSAGE][FAILED] - Element 'Object Repository/Mobile/Page/NavigationMenu/Container - Risk Profile' not found
[[ATTACHMENT|C:\\Users\\Owner\\Documents\\kerjaan\\KatalonProject\\qa_katalon_pwm\\qa_katalon_pwm\\Reports\\20220311_081001\\navigationmenu\\20220311_081012\\1646961882868.png]]

2022-03-11 08:24:44 - [MESSAGE][FAILED] - Failed to check for element 'Object Repository/Mobile/Page/NavigationMenu/Container - Risk Profile' exist (Root cause: com.kms.katalon.core.exception.StepFailedException: Element 'Object Repository/Mobile/Page/NavigationMenu/Container - Risk Profile' not found
	at com.kms.katalon.core.keyword.internal.KeywordMain.stepFailed(KeywordMain.groovy:50)
	at com.kms.katalon.core.mobile.keyword.internal.MobileKeywordMain.stepFailed(MobileKeywordMain.groovy:40)
	at com.kms.katalon.core.mobile.keyword.builtin.VerifyElementExistKeyword$_verifyElementExist_closure1.doCall(VerifyElementExistKeyword.groovy:77)
	at com.kms.katalon.core.mobile.keyword.builtin.VerifyElementExistKeyword$_verifyElementExist_closure1.call(VerifyElementExistKeyword.groovy)
	at com.kms.katalon.core.mobile.keyword.internal.MobileKeywordMain.runKeyword(MobileKeywordMain.groovy:21)
	at com.kms.katalon.core.mobile.keyword.builtin.VerifyElementExistKeyword.verifyElementExist(VerifyElementExistKeyword.groovy:80)
	at com.kms.katalon.core.mobile.keyword.builtin.VerifyElementExistKeyword.execute(VerifyElementExistKeyword.groovy:64)
	at com.kms.katalon.core.keyword.internal.KeywordExecutor.executeKeywordForPlatform(KeywordExecutor.groovy:73)
	at com.kms.katalon.core.mobile.keyword.MobileBuiltInKeywords.verifyElementExist(MobileBuiltInKeywords.groovy:1586)
	at com.kms.katalon.core.mobile.keyword.MobileBuiltInKeywords$verifyElementExist$11.call(Unknown Source)
	at NavigationMenu.run(NavigationMenu:49)
	at com.kms.katalon.core.main.ScriptEngine.run(ScriptEngine.java:194)
	at com.kms.katalon.core.main.ScriptEngine.runScriptAsRawText(ScriptEngine.java:119)
	at com.kms.katalon.core.main.TestCaseExecutor.runScript(TestCaseExecutor.java:398)
	at com.kms.katalon.core.main.TestCaseExecutor.doExecute(TestCaseExecutor.java:389)
	at com.kms.katalon.core.main.TestCaseExecutor.processExecutionPhase(TestCaseExecutor.java:368)
	at com.kms.katalon.core.main.TestCaseExecutor.accessMainPhase(TestCaseExecutor.java:360)
	at com.kms.katalon.core.main.TestCaseExecutor.execute(TestCaseExecutor.java:255)
	at com.kms.katalon.core.main.TestCaseMain.runTestCase(TestCaseMain.java:114)
	at com.kms.katalon.core.keyword.builtin.CallTestCaseKeyword$_callTestCase_closure1.doCall(CallTestCaseKeyword.groovy:59)
	at com.kms.katalon.core.keyword.builtin.CallTestCaseKeyword$_callTestCase_closure1.call(CallTestCaseKeyword.groovy)
	at com.kms.katalon.core.keyword.internal.KeywordMain.runKeyword(KeywordMain.groovy:68)
	at com.kms.katalon.core.keyword.builtin.CallTestCaseKeyword.callTestCase(CallTestCaseKeyword.groovy:81)
	at com.kms.katalon.core.keyword.builtin.CallTestCaseKeyword.execute(CallTestCaseKeyword.groovy:44)
	at com.kms.katalon.core.keyword.internal.KeywordExecutor.executeKeywordForPlatform(KeywordExecutor.groovy:73)
	at com.kms.katalon.core.keyword.BuiltinKeywords.callTestCase(BuiltinKeywords.groovy:334)
	at 002 - Risk Profile analysis.run(002 - Risk Profile analysis:22)
	at com.kms.katalon.core.main.ScriptEngine.run(ScriptEngine.java:194)
	at com.kms.katalon.core.main.ScriptEngine.runScriptAsRawText(ScriptEngine.java:119)
	at com.kms.katalon.core.main.TestCaseExecutor.runScript(TestCaseExecutor.java:398)
	at com.kms.katalon.core.main.TestCaseExecutor.doExecute(TestCaseExecutor.java:389)
	at com.kms.katalon.core.main.TestCaseExecutor.processExecutionPhase(TestCaseExecutor.java:368)
	at com.kms.katalon.core.main.TestCaseExecutor.accessMainPhase(TestCaseExecutor.java:360)
	at com.kms.katalon.core.main.TestCaseExecutor.execute(TestCaseExecutor.java:255)
	at com.kms.katalon.core.main.TestSuiteExecutor.accessTestCaseMainPhase(TestSuiteExecutor.java:203)
	at com.kms.katalon.core.main.TestSuiteExecutor.accessTestSuiteMainPhase(TestSuiteExecutor.java:152)
	at com.kms.katalon.core.main.TestSuiteExecutor.execute(TestSuiteExecutor.java:95)
	at com.kms.katalon.core.main.TestCaseMain.startTestSuite(TestCaseMain.java:157)
	at com.kms.katalon.core.main.TestCaseMain$startTestSuite$0.call(Unknown Source)
	at TempTestSuite1646961012409.run(TempTestSuite1646961012409.groovy:39)
)
[[ATTACHMENT|C:\\Users\\Owner\\Documents\\kerjaan\\KatalonProject\\qa_katalon_pwm\\qa_katalon_pwm\\Reports\\20220311_081001\\navigationmenu\\20220311_081012\\1646961883648.png]]

2022-03-11 08:24:44 - [TEST_STEP][PASSED] - catch (Exception e): null

2022-03-11 08:24:44 - [TEST_STEP][PASSED] - rand = new java.util.Random(): null

2022-03-11 08:24:44 - [TEST_STEP][PASSED] - random = rand.nextInt(2): null

2022-03-11 08:24:44 - [TEST_STEP][PASSED] - positionclick.positionclick.clickButtonInBottom(NAVM_RISK_DropHowLong): positionclick.positionclick.clickButtonInBottom is PASSED

2022-03-11 08:24:44 - [MESSAGE][PASSED] - Current device physical width is 720

2022-03-11 08:24:44 - [MESSAGE][WARNING] - Timeout '0' is invalid. Using default page load timeout: '60'

2022-03-11 08:24:44 - [MESSAGE][PASSED] - Object 'Object Repository/Mobile/Page/NavigationMenu/Risk Profile/Dropdown - How Long' has top position '151'

2022-03-11 08:24:44 - [MESSAGE][WARNING] - Timeout '0' is invalid. Using default page load timeout: '60'

2022-03-11 08:24:45 - [MESSAGE][PASSED] - Object 'Object Repository/Mobile/Page/NavigationMenu/Risk Profile/Dropdown - How Long' has height: '126'

2022-03-11 08:24:46 - [MESSAGE][PASSED] - Tapped at [360, 251]

2022-03-11 08:24:46 - [MESSAGE][PASSED] - positionclick.positionclick.clickButtonInBottom is PASSED

2022-03-11 08:24:46 - [TEST_STEP][PASSED] - delay(1): Delayed 1 second(s)

2022-03-11 08:24:47 - [MESSAGE][PASSED] - Delayed 1 second(s)

2022-03-11 08:24:47 - [TEST_STEP][PASSED] - if (random == 0): Tapped on element 'Object Repository/Mobile/Page/NavigationMenu/Risk Profile/Option How Long - 1 to 3'

2022-03-11 08:24:47 - [MESSAGE][WARNING] - Timeout '0' is invalid. Using default page load timeout: '60'

2022-03-11 08:24:48 - [MESSAGE][PASSED] - Tapped on element 'Object Repository/Mobile/Page/NavigationMenu/Risk Profile/Option How Long - 1 to 3'

2022-03-11 08:24:48 - [TEST_STEP][PASSED] - delay(1): Delayed 1 second(s)

2022-03-11 08:24:49 - [MESSAGE][PASSED] - Delayed 1 second(s)

2022-03-11 08:24:49 - [TEST_STEP][PASSED] - random = rand.nextInt(2): null

2022-03-11 08:24:49 - [TEST_STEP][PASSED] - positionclick.positionclick.clickButtonInBottom(NAVM_RISK_DropInvestGoal): positionclick.positionclick.clickButtonInBottom is PASSED

2022-03-11 08:24:49 - [MESSAGE][PASSED] - Current device physical width is 720

2022-03-11 08:24:49 - [MESSAGE][WARNING] - Timeout '0' is invalid. Using default page load timeout: '60'

2022-03-11 08:24:49 - [MESSAGE][PASSED] - Object 'Object Repository/Mobile/Page/NavigationMenu/Risk Profile/Dropdown - Investment Goal' has top position '303'

2022-03-11 08:24:49 - [MESSAGE][WARNING] - Timeout '0' is invalid. Using default page load timeout: '60'

2022-03-11 08:24:49 - [MESSAGE][PASSED] - Object 'Object Repository/Mobile/Page/NavigationMenu/Risk Profile/Dropdown - Investment Goal' has height: '126'

2022-03-11 08:24:50 - [MESSAGE][PASSED] - Tapped at [360, 403]

2022-03-11 08:24:50 - [MESSAGE][PASSED] - positionclick.positionclick.clickButtonInBottom is PASSED

2022-03-11 08:24:50 - [TEST_STEP][PASSED] - delay(1): Delayed 1 second(s)

2022-03-11 08:24:51 - [MESSAGE][PASSED] - Delayed 1 second(s)

2022-03-11 08:24:51 - [TEST_STEP][PASSED] - if (random == 0): null

2022-03-11 08:24:51 - [TEST_STEP][PASSED] - else: Tapped on element 'Object Repository/Mobile/Page/NavigationMenu/Risk Profile/Option Investment Goal - Profit'

2022-03-11 08:24:51 - [TEST_STEP][PASSED] - tap(NAVM_RISK_OptInvestGoalProfit, 0): Tapped on element 'Object Repository/Mobile/Page/NavigationMenu/Risk Profile/Option Investment Goal - Profit'

2022-03-11 08:24:51 - [MESSAGE][WARNING] - Timeout '0' is invalid. Using default page load timeout: '60'

2022-03-11 08:24:51 - [MESSAGE][PASSED] - Tapped on element 'Object Repository/Mobile/Page/NavigationMenu/Risk Profile/Option Investment Goal - Profit'

2022-03-11 08:24:51 - [TEST_STEP][PASSED] - delay(1): Delayed 1 second(s)

2022-03-11 08:24:52 - [MESSAGE][PASSED] - Delayed 1 second(s)

2022-03-11 08:24:52 - [TEST_STEP][PASSED] - random = rand.nextInt(2): null

2022-03-11 08:24:52 - [TEST_STEP][PASSED] - positionclick.positionclick.clickButtonInBottom(NAVM_RISK_DropGenKnowledge): positionclick.positionclick.clickButtonInBottom is PASSED

2022-03-11 08:24:52 - [MESSAGE][PASSED] - Current device physical width is 720

2022-03-11 08:24:52 - [MESSAGE][WARNING] - Timeout '0' is invalid. Using default page load timeout: '60'

2022-03-11 08:24:53 - [MESSAGE][PASSED] - Object 'Object Repository/Mobile/Page/NavigationMenu/Risk Profile/Dropdown - General Knowledge' has top position '456'

2022-03-11 08:24:53 - [MESSAGE][WARNING] - Timeout '0' is invalid. Using default page load timeout: '60'

2022-03-11 08:24:53 - [MESSAGE][PASSED] - Object 'Object Repository/Mobile/Page/NavigationMenu/Risk Profile/Dropdown - General Knowledge' has height: '126'

2022-03-11 08:24:54 - [MESSAGE][PASSED] - Tapped at [360, 556]

2022-03-11 08:24:54 - [MESSAGE][PASSED] - positionclick.positionclick.clickButtonInBottom is PASSED

2022-03-11 08:24:54 - [TEST_STEP][PASSED] - delay(1): Delayed 1 second(s)

2022-03-11 08:24:55 - [MESSAGE][PASSED] - Delayed 1 second(s)

2022-03-11 08:24:55 - [TEST_STEP][PASSED] - if (random == 0): Tapped on element 'Object Repository/Mobile/Page/NavigationMenu/Risk Profile/Option General Knowledge - Limited'

2022-03-11 08:24:55 - [MESSAGE][WARNING] - Timeout '0' is invalid. Using default page load timeout: '60'

2022-03-11 08:24:56 - [MESSAGE][PASSED] - Tapped on element 'Object Repository/Mobile/Page/NavigationMenu/Risk Profile/Option General Knowledge - Limited'

2022-03-11 08:24:56 - [TEST_STEP][PASSED] - delay(1): Delayed 1 second(s)

2022-03-11 08:24:57 - [MESSAGE][PASSED] - Delayed 1 second(s)

2022-03-11 08:24:57 - [TEST_STEP][PASSED] - random = rand.nextInt(2): null

2022-03-11 08:24:57 - [TEST_STEP][PASSED] - positionclick.positionclick.clickButtonInBottom(NAVM_RISK_DropTotalAmount): positionclick.positionclick.clickButtonInBottom is PASSED

2022-03-11 08:24:57 - [MESSAGE][PASSED] - Current device physical width is 720

2022-03-11 08:24:57 - [MESSAGE][WARNING] - Timeout '0' is invalid. Using default page load timeout: '60'

2022-03-11 08:24:57 - [MESSAGE][PASSED] - Object 'Object Repository/Mobile/Page/NavigationMenu/Risk Profile/Dropdown - Total Amount' has top position '608'

2022-03-11 08:24:57 - [MESSAGE][WARNING] - Timeout '0' is invalid. Using default page load timeout: '60'

2022-03-11 08:24:58 - [MESSAGE][PASSED] - Object 'Object Repository/Mobile/Page/NavigationMenu/Risk Profile/Dropdown - Total Amount' has height: '126'

2022-03-11 08:24:59 - [MESSAGE][PASSED] - Tapped at [360, 708]

2022-03-11 08:24:59 - [MESSAGE][PASSED] - positionclick.positionclick.clickButtonInBottom is PASSED

2022-03-11 08:24:59 - [TEST_STEP][PASSED] - delay(1): Delayed 1 second(s)

2022-03-11 08:25:00 - [MESSAGE][PASSED] - Delayed 1 second(s)

2022-03-11 08:25:00 - [TEST_STEP][PASSED] - if (random == 0): null

2022-03-11 08:25:00 - [TEST_STEP][PASSED] - else: Tapped on element 'Object Repository/Mobile/Page/NavigationMenu/Risk Profile/Option Total Amount - Between 20 and 30'

2022-03-11 08:25:00 - [TEST_STEP][PASSED] - tap(NAVM_RISK_OptTotal20and30, 0): Tapped on element 'Object Repository/Mobile/Page/NavigationMenu/Risk Profile/Option Total Amount - Between 20 and 30'

2022-03-11 08:25:00 - [MESSAGE][WARNING] - Timeout '0' is invalid. Using default page load timeout: '60'

2022-03-11 08:25:00 - [MESSAGE][PASSED] - Tapped on element 'Object Repository/Mobile/Page/NavigationMenu/Risk Profile/Option Total Amount - Between 20 and 30'

2022-03-11 08:25:00 - [TEST_STEP][PASSED] - delay(1): Delayed 1 second(s)

2022-03-11 08:25:01 - [MESSAGE][PASSED] - Delayed 1 second(s)

2022-03-11 08:25:01 - [TEST_STEP][PASSED] - random = rand.nextInt(2): null

2022-03-11 08:25:01 - [TEST_STEP][PASSED] - positionclick.positionclick.clickButtonInBottom(NAVM_RISK_DropRiskLevel): positionclick.positionclick.clickButtonInBottom is PASSED

2022-03-11 08:25:01 - [MESSAGE][PASSED] - Current device physical width is 720

2022-03-11 08:25:01 - [MESSAGE][WARNING] - Timeout '0' is invalid. Using default page load timeout: '60'

2022-03-11 08:25:02 - [MESSAGE][PASSED] - Object 'Object Repository/Mobile/Page/NavigationMenu/Risk Profile/Dropdown - Risk Level' has top position '760'

2022-03-11 08:25:02 - [MESSAGE][WARNING] - Timeout '0' is invalid. Using default page load timeout: '60'

2022-03-11 08:25:02 - [MESSAGE][PASSED] - Object 'Object Repository/Mobile/Page/NavigationMenu/Risk Profile/Dropdown - Risk Level' has height: '126'

2022-03-11 08:25:03 - [MESSAGE][PASSED] - Tapped at [360, 860]

2022-03-11 08:25:03 - [MESSAGE][PASSED] - positionclick.positionclick.clickButtonInBottom is PASSED

2022-03-11 08:25:03 - [TEST_STEP][PASSED] - delay(1): Delayed 1 second(s)

2022-03-11 08:25:04 - [MESSAGE][PASSED] - Delayed 1 second(s)

2022-03-11 08:25:04 - [TEST_STEP][PASSED] - if (random == 0): Tapped on element 'Object Repository/Mobile/Page/NavigationMenu/Risk Profile/Option Risk Level - Low'

2022-03-11 08:25:04 - [MESSAGE][WARNING] - Timeout '0' is invalid. Using default page load timeout: '60'

2022-03-11 08:25:05 - [MESSAGE][PASSED] - Tapped on element 'Object Repository/Mobile/Page/NavigationMenu/Risk Profile/Option Risk Level - Low'

2022-03-11 08:25:05 - [TEST_STEP][PASSED] - delay(1): Delayed 1 second(s)

2022-03-11 08:25:06 - [MESSAGE][PASSED] - Delayed 1 second(s)

2022-03-11 08:25:06 - [TEST_STEP][PASSED] - random = rand.nextInt(2): null

2022-03-11 08:25:06 - [TEST_STEP][PASSED] - positionclick.positionclick.clickButtonInBottom(NAVM_RISK_DropBestSuited): positionclick.positionclick.clickButtonInBottom is PASSED

2022-03-11 08:25:06 - [MESSAGE][PASSED] - Current device physical width is 720

2022-03-11 08:25:06 - [MESSAGE][WARNING] - Timeout '0' is invalid. Using default page load timeout: '60'

2022-03-11 08:25:07 - [MESSAGE][PASSED] - Object 'Object Repository/Mobile/Page/NavigationMenu/Risk Profile/Dropdown - Best Suited' has top position '912'

2022-03-11 08:25:07 - [MESSAGE][WARNING] - Timeout '0' is invalid. Using default page load timeout: '60'

2022-03-11 08:25:07 - [MESSAGE][PASSED] - Object 'Object Repository/Mobile/Page/NavigationMenu/Risk Profile/Dropdown - Best Suited' has height: '154'

2022-03-11 08:25:07 - [MESSAGE][PASSED] - Tapped at [360, 1,035]

2022-03-11 08:25:07 - [MESSAGE][PASSED] - positionclick.positionclick.clickButtonInBottom is PASSED

2022-03-11 08:25:07 - [TEST_STEP][PASSED] - delay(1): Delayed 1 second(s)

2022-03-11 08:25:08 - [MESSAGE][PASSED] - Delayed 1 second(s)

2022-03-11 08:25:08 - [TEST_STEP][PASSED] - if (random == 0): Tapped on element 'Object Repository/Mobile/Page/NavigationMenu/Risk Profile/Option Best Suited - Bonds'

2022-03-11 08:25:08 - [MESSAGE][WARNING] - Timeout '0' is invalid. Using default page load timeout: '60'

2022-03-11 08:25:09 - [MESSAGE][PASSED] - Tapped on element 'Object Repository/Mobile/Page/NavigationMenu/Risk Profile/Option Best Suited - Bonds'

2022-03-11 08:25:09 - [TEST_STEP][PASSED] - delay(1): Delayed 1 second(s)

2022-03-11 08:25:10 - [MESSAGE][PASSED] - Delayed 1 second(s)

2022-03-11 08:25:10 - [TEST_STEP][PASSED] - tap(NAVM_RISK_BtnCalculate, 0): Tapped on element 'Object Repository/Mobile/Page/NavigationMenu/Risk Profile/Button - Calculate Risk Profile'

2022-03-11 08:25:10 - [MESSAGE][WARNING] - Timeout '0' is invalid. Using default page load timeout: '60'

2022-03-11 08:25:12 - [MESSAGE][PASSED] - Tapped on element 'Object Repository/Mobile/Page/NavigationMenu/Risk Profile/Button - Calculate Risk Profile'

2022-03-11 08:25:12 - [TEST_STEP][PASSED] - delay(1): Delayed 1 second(s)

2022-03-11 08:25:13 - [MESSAGE][PASSED] - Delayed 1 second(s)

2022-03-11 08:25:13 - [TEST_STEP][PASSED] - pressBack(): Press back button successfully

2022-03-11 08:25:13 - [MESSAGE][PASSED] - Press back button successfully

2022-03-11 08:25:13 - [MESSAGE][PASSED] - Call Test Case 'Test Cases/Mobile/Page/NavigationMenu/NavigationMenu' successfully

2022-03-11 08:25:13 - [TEST_STEP][PASSED] - callTestCase(findTestCase("Mobile/Page/Run App/Terminate App"), [:], STOP_ON_FAILURE): Call Test Case 'Test Cases/Mobile/Page/Run App/Terminate App' successfully

2022-03-11 08:25:13 - [TEST_CASE][PASSED] - Test Cases/Mobile/Page/Run App/Terminate App: Test Cases/Mobile/Page/Run App/Terminate App

2022-03-11 08:25:13 - [TEST_STEP][PASSED] - startApp.OpenApp.terminateApplication(): startApp.OpenApp.terminateApplication is PASSED

2022-03-11 08:25:17 - [MESSAGE][PASSED] - Delayed 3 second(s)

2022-03-11 08:25:17 - [MESSAGE][PASSED] - Current device physical width is 720

2022-03-11 08:25:18 - [MESSAGE][PASSED] - Current device physical height is 1423

2022-03-11 08:25:19 - [MESSAGE][PASSED] - Swiped from 360,853 to 360,142

2022-03-11 08:25:20 - [MESSAGE][PASSED] - Delayed 1 second(s)

2022-03-11 08:25:21 - [MESSAGE][PASSED] - Swiped from 360,853 to 360,142

2022-03-11 08:25:24 - [MESSAGE][PASSED] - Delayed 3 second(s)

2022-03-11 08:25:24 - [MESSAGE][PASSED] - startApp.OpenApp.terminateApplication is PASSED

2022-03-11 08:25:24 - [MESSAGE][PASSED] - Call Test Case 'Test Cases/Mobile/Page/Run App/Terminate App' successfully]]></system-out>
         <system-err><![CDATA[]]></system-err>
      </testcase>
      <testcase name="Test Cases/Mobile/Scenario/NavigationMenu/003 - Whatsapp message" time="69.696" classname="Test Cases/Mobile/Scenario/NavigationMenu/003 - Whatsapp message" status="PASSED">
         <system-out><![CDATA[2022-03-11 08:25:24 - [TEST_CASE][PASSED] - Test Cases/Mobile/Scenario/NavigationMenu/003 - Whatsapp message: Test Cases/Mobile/Scenario/NavigationMenu/003 - Whatsapp message

2022-03-11 08:25:25 - [TEST_STEP][PASSED] - callTestCase(findTestCase("Mobile/Page/Run App/Run App byID"), [:], STOP_ON_FAILURE): Call Test Case 'Test Cases/Mobile/Page/Run App/Run App byID' successfully

2022-03-11 08:25:25 - [TEST_CASE][PASSED] - Test Cases/Mobile/Page/Run App/Run App byID: Test Cases/Mobile/Page/Run App/Run App byID

2022-03-11 08:25:25 - [TEST_STEP][PASSED] - startApp.OpenApp.startApplication("id.co.miraeasset.sageclub"): startApp.OpenApp.startApplication is PASSED

2022-03-11 08:25:40 - [MESSAGE][PASSED] - Starting app with application ID: 'id.co.miraeasset.sageclub'

2022-03-11 08:25:40 - [MESSAGE][PASSED] - startApp.OpenApp.startApplication is PASSED

2022-03-11 08:25:40 - [MESSAGE][PASSED] - Call Test Case 'Test Cases/Mobile/Page/Run App/Run App byID' successfully

2022-03-11 08:25:40 - [TEST_STEP][PASSED] - callTestCase(findTestCase("Mobile/Page/NavigationMenu/NavigationMenu"), ["action":"wa"], CONTINUE_ON_FAILURE): Call Test Case 'Test Cases/Mobile/Page/NavigationMenu/NavigationMenu' successfully

2022-03-11 08:25:40 - [TEST_CASE][PASSED] - Test Cases/Mobile/Page/NavigationMenu/NavigationMenu: Test Cases/Mobile/Page/NavigationMenu/NavigationMenu

2022-03-11 08:25:40 - [TEST_STEP][PASSED] - callTestCase(findTestCase("Mobile/Page/CheckLogin"), [:], CONTINUE_ON_FAILURE): Call Test Case 'Test Cases/Mobile/Page/CheckLogin' successfully

2022-03-11 08:25:40 - [TEST_CASE][PASSED] - Test Cases/Mobile/Page/CheckLogin: Test Cases/Mobile/Page/CheckLogin

2022-03-11 08:25:40 - [TEST_STEP][PASSED] - loginCheck = verifyElementExist(LOGN_BtnLogin, 5, CONTINUE_ON_FAILURE): Element 'Object Repository/Mobile/Page/Login/Button - Login' is exist

2022-03-11 08:25:42 - [MESSAGE][PASSED] - Element 'Object Repository/Mobile/Page/Login/Button - Login' is exist

2022-03-11 08:25:42 - [TEST_STEP][PASSED] - if (loginCheck): Call Test Case 'Test Cases/Mobile/Page/Login/Login' successfully

2022-03-11 08:25:42 - [TEST_STEP][PASSED] - callTestCase(findTestCase("Mobile/Page/Login/Login"), ["action":"username"], CONTINUE_ON_FAILURE): Call Test Case 'Test Cases/Mobile/Page/Login/Login' successfully

2022-03-11 08:25:42 - [TEST_CASE][PASSED] - Test Cases/Mobile/Page/Login/Login: Test Cases/Mobile/Page/Login/Login

2022-03-11 08:25:42 - [TEST_STEP][PASSED] - delay(2): Delayed 2 second(s)

2022-03-11 08:25:44 - [MESSAGE][PASSED] - Delayed 2 second(s)

2022-03-11 08:25:44 - [TEST_STEP][PASSED] - for ([i = 0, i < 1, (i++)]): null

2022-03-11 08:25:44 - [TEST_STEP][PASSED] - if (action == "username"): null

2022-03-11 08:25:44 - [TEST_STEP][PASSED] - tap(LOGN_EdtUserID, 0): Tapped on element 'Object Repository/Mobile/Page/Login/Input - UserID'

2022-03-11 08:25:44 - [MESSAGE][WARNING] - Timeout '0' is invalid. Using default page load timeout: '60'

2022-03-11 08:25:44 - [MESSAGE][PASSED] - Tapped on element 'Object Repository/Mobile/Page/Login/Input - UserID'

2022-03-11 08:25:44 - [TEST_STEP][PASSED] - delay(1): Delayed 1 second(s)

2022-03-11 08:25:45 - [MESSAGE][PASSED] - Delayed 1 second(s)

2022-03-11 08:25:45 - [TEST_STEP][PASSED] - setText(LOGN_EdtRdyUserID, "anggaaditya", 0): Text 'anggaaditya' has been set to element 'Object Repository/Mobile/Page/Login/Input Rdy - UserID'

2022-03-11 08:25:45 - [MESSAGE][WARNING] - Timeout '0' is invalid. Using default page load timeout: '60'

2022-03-11 08:25:47 - [MESSAGE][PASSED] - Text 'anggaaditya' has been set to element 'Object Repository/Mobile/Page/Login/Input Rdy - UserID'

2022-03-11 08:25:47 - [TEST_STEP][PASSED] - delay(1): Delayed 1 second(s)

2022-03-11 08:25:48 - [MESSAGE][PASSED] - Delayed 1 second(s)

2022-03-11 08:25:48 - [TEST_STEP][PASSED] - hideKeyboard(): Keyboard is hidden

2022-03-11 08:25:52 - [MESSAGE][PASSED] - Keyboard is hidden

2022-03-11 08:25:52 - [TEST_STEP][PASSED] - tap(LOGN_EdtPassword, 0): Tapped on element 'Object Repository/Mobile/Page/Login/Input - Password'

2022-03-11 08:25:52 - [MESSAGE][WARNING] - Timeout '0' is invalid. Using default page load timeout: '60'

2022-03-11 08:25:52 - [MESSAGE][PASSED] - Tapped on element 'Object Repository/Mobile/Page/Login/Input - Password'

2022-03-11 08:25:52 - [TEST_STEP][PASSED] - delay(1): Delayed 1 second(s)

2022-03-11 08:25:53 - [MESSAGE][PASSED] - Delayed 1 second(s)

2022-03-11 08:25:53 - [TEST_STEP][PASSED] - setText(LOGN_EdtRdyPassword, "Shalawa18", 0): Text 'Shalawa18' has been set to element 'Object Repository/Mobile/Page/Login/Input Rdy - Password'

2022-03-11 08:25:53 - [MESSAGE][WARNING] - Timeout '0' is invalid. Using default page load timeout: '60'

2022-03-11 08:25:54 - [MESSAGE][PASSED] - Text 'Shalawa18' has been set to element 'Object Repository/Mobile/Page/Login/Input Rdy - Password'

2022-03-11 08:25:54 - [TEST_STEP][PASSED] - delay(1): Delayed 1 second(s)

2022-03-11 08:25:55 - [MESSAGE][PASSED] - Delayed 1 second(s)

2022-03-11 08:25:55 - [TEST_STEP][PASSED] - hideKeyboard(): Keyboard is hidden

2022-03-11 08:26:02 - [MESSAGE][PASSED] - Keyboard is hidden

2022-03-11 08:26:02 - [TEST_STEP][PASSED] - tap(LOGN_BtnLogin, 0): Tapped on element 'Object Repository/Mobile/Page/Login/Button - Login'

2022-03-11 08:26:02 - [MESSAGE][WARNING] - Timeout '0' is invalid. Using default page load timeout: '60'

2022-03-11 08:26:03 - [MESSAGE][PASSED] - Tapped on element 'Object Repository/Mobile/Page/Login/Button - Login'

2022-03-11 08:26:03 - [TEST_STEP][PASSED] - delay(2): Delayed 2 second(s)

2022-03-11 08:26:05 - [MESSAGE][PASSED] - Delayed 2 second(s)

2022-03-11 08:26:05 - [TEST_STEP][PASSED] - break: null

2022-03-11 08:26:05 - [MESSAGE][PASSED] - Call Test Case 'Test Cases/Mobile/Page/Login/Login' successfully

2022-03-11 08:26:05 - [MESSAGE][PASSED] - Call Test Case 'Test Cases/Mobile/Page/CheckLogin' successfully

2022-03-11 08:26:05 - [TEST_STEP][PASSED] - delay(3): Delayed 3 second(s)

2022-03-11 08:26:08 - [MESSAGE][PASSED] - Delayed 3 second(s)

2022-03-11 08:26:08 - [TEST_STEP][PASSED] - scroll.scroll.scrollScreenLeftToRight(): scroll.scroll.scrollScreenLeftToRight is PASSED

2022-03-11 08:26:08 - [MESSAGE][PASSED] - Current device physical height is 1423

2022-03-11 08:26:08 - [MESSAGE][PASSED] - Current device physical width is 720

2022-03-11 08:26:08 - [MESSAGE][PASSED] - Current device physical height is 1423

2022-03-11 08:26:10 - [MESSAGE][PASSED] - Swiped from 10,711 to 710,711

2022-03-11 08:26:10 - [MESSAGE][PASSED] - scroll.scroll.scrollScreenLeftToRight is PASSED

2022-03-11 08:26:10 - [TEST_STEP][PASSED] - delay(1): Delayed 1 second(s)

2022-03-11 08:26:11 - [MESSAGE][PASSED] - Delayed 1 second(s)

2022-03-11 08:26:11 - [TEST_STEP][PASSED] - for ([i = 0, i < 1, (i++)]): Delayed 2 second(s)

2022-03-11 08:26:11 - [TEST_STEP][PASSED] - if (action == "downloadtaxreport"): null

2022-03-11 08:26:11 - [TEST_STEP][PASSED] - else if (action == "analyzeprofile"): null

2022-03-11 08:26:11 - [TEST_STEP][PASSED] - else if (action == "wa"): Delayed 2 second(s)

2022-03-11 08:26:11 - [TEST_STEP][PASSED] - tap(NAVM_BtnWhatsapp, 0): Tapped on element 'Object Repository/Mobile/Page/NavigationMenu/Button - Whatsapp'

2022-03-11 08:26:11 - [MESSAGE][WARNING] - Timeout '0' is invalid. Using default page load timeout: '60'

2022-03-11 08:26:11 - [MESSAGE][PASSED] - Tapped on element 'Object Repository/Mobile/Page/NavigationMenu/Button - Whatsapp'

2022-03-11 08:26:11 - [TEST_STEP][PASSED] - delay(2): Delayed 2 second(s)

2022-03-11 08:26:13 - [MESSAGE][PASSED] - Delayed 2 second(s)

2022-03-11 08:26:13 - [MESSAGE][PASSED] - Call Test Case 'Test Cases/Mobile/Page/NavigationMenu/NavigationMenu' successfully

2022-03-11 08:26:13 - [TEST_STEP][PASSED] - callTestCase(findTestCase("Mobile/Page/Run App/Terminate App"), [:], STOP_ON_FAILURE): Call Test Case 'Test Cases/Mobile/Page/Run App/Terminate App' successfully

2022-03-11 08:26:13 - [TEST_CASE][PASSED] - Test Cases/Mobile/Page/Run App/Terminate App: Test Cases/Mobile/Page/Run App/Terminate App

2022-03-11 08:26:13 - [TEST_STEP][PASSED] - startApp.OpenApp.terminateApplication(): startApp.OpenApp.terminateApplication is PASSED

2022-03-11 08:26:16 - [MESSAGE][PASSED] - Delayed 3 second(s)

2022-03-11 08:26:17 - [MESSAGE][PASSED] - Current device physical width is 720

2022-03-11 08:26:17 - [MESSAGE][PASSED] - Current device physical height is 1423

2022-03-11 08:26:18 - [MESSAGE][PASSED] - Swiped from 360,853 to 360,142

2022-03-11 08:26:19 - [MESSAGE][PASSED] - Delayed 1 second(s)

2022-03-11 08:26:20 - [MESSAGE][PASSED] - Swiped from 360,853 to 360,142

2022-03-11 08:26:24 - [MESSAGE][PASSED] - Delayed 3 second(s)

2022-03-11 08:26:24 - [MESSAGE][PASSED] - startApp.OpenApp.terminateApplication is PASSED

2022-03-11 08:26:24 - [MESSAGE][PASSED] - Call Test Case 'Test Cases/Mobile/Page/Run App/Terminate App' successfully

2022-03-11 08:26:24 - [TEST_STEP][PASSED] - callTestCase(findTestCase("Mobile/Page/Run App/Terminate App"), [:], STOP_ON_FAILURE): Call Test Case 'Test Cases/Mobile/Page/Run App/Terminate App' successfully

2022-03-11 08:26:24 - [TEST_CASE][PASSED] - Test Cases/Mobile/Page/Run App/Terminate App: Test Cases/Mobile/Page/Run App/Terminate App

2022-03-11 08:26:24 - [TEST_STEP][PASSED] - startApp.OpenApp.terminateApplication(): startApp.OpenApp.terminateApplication is PASSED

2022-03-11 08:26:27 - [MESSAGE][PASSED] - Delayed 3 second(s)

2022-03-11 08:26:27 - [MESSAGE][PASSED] - Current device physical width is 720

2022-03-11 08:26:27 - [MESSAGE][PASSED] - Current device physical height is 1423

2022-03-11 08:26:28 - [MESSAGE][PASSED] - Swiped from 360,853 to 360,142

2022-03-11 08:26:30 - [MESSAGE][PASSED] - Delayed 1 second(s)

2022-03-11 08:26:31 - [MESSAGE][PASSED] - Swiped from 360,853 to 360,142

2022-03-11 08:26:34 - [MESSAGE][PASSED] - Delayed 3 second(s)

2022-03-11 08:26:34 - [MESSAGE][PASSED] - startApp.OpenApp.terminateApplication is PASSED

2022-03-11 08:26:34 - [MESSAGE][PASSED] - Call Test Case 'Test Cases/Mobile/Page/Run App/Terminate App' successfully]]></system-out>
         <system-err><![CDATA[]]></system-err>
      </testcase>
      <testcase name="Test Cases/Mobile/Scenario/NavigationMenu/004 - Email button" time="66.259" classname="Test Cases/Mobile/Scenario/NavigationMenu/004 - Email button" status="PASSED">
         <system-out><![CDATA[2022-03-11 08:26:34 - [TEST_CASE][PASSED] - Test Cases/Mobile/Scenario/NavigationMenu/004 - Email button: Test Cases/Mobile/Scenario/NavigationMenu/004 - Email button

2022-03-11 08:26:34 - [TEST_STEP][PASSED] - callTestCase(findTestCase("Mobile/Page/Run App/Run App byID"), [:], STOP_ON_FAILURE): Call Test Case 'Test Cases/Mobile/Page/Run App/Run App byID' successfully

2022-03-11 08:26:34 - [TEST_CASE][PASSED] - Test Cases/Mobile/Page/Run App/Run App byID: Test Cases/Mobile/Page/Run App/Run App byID

2022-03-11 08:26:34 - [TEST_STEP][PASSED] - startApp.OpenApp.startApplication("id.co.miraeasset.sageclub"): startApp.OpenApp.startApplication is PASSED

2022-03-11 08:26:47 - [MESSAGE][PASSED] - Starting app with application ID: 'id.co.miraeasset.sageclub'

2022-03-11 08:26:47 - [MESSAGE][PASSED] - startApp.OpenApp.startApplication is PASSED

2022-03-11 08:26:47 - [MESSAGE][PASSED] - Call Test Case 'Test Cases/Mobile/Page/Run App/Run App byID' successfully

2022-03-11 08:26:47 - [TEST_STEP][PASSED] - callTestCase(findTestCase("Mobile/Page/NavigationMenu/NavigationMenu"), ["action":"email"], CONTINUE_ON_FAILURE): Call Test Case 'Test Cases/Mobile/Page/NavigationMenu/NavigationMenu' successfully

2022-03-11 08:26:48 - [TEST_CASE][PASSED] - Test Cases/Mobile/Page/NavigationMenu/NavigationMenu: Test Cases/Mobile/Page/NavigationMenu/NavigationMenu

2022-03-11 08:26:48 - [TEST_STEP][PASSED] - callTestCase(findTestCase("Mobile/Page/CheckLogin"), [:], CONTINUE_ON_FAILURE): Call Test Case 'Test Cases/Mobile/Page/CheckLogin' successfully

2022-03-11 08:26:48 - [TEST_CASE][PASSED] - Test Cases/Mobile/Page/CheckLogin: Test Cases/Mobile/Page/CheckLogin

2022-03-11 08:26:48 - [TEST_STEP][PASSED] - loginCheck = verifyElementExist(LOGN_BtnLogin, 5, CONTINUE_ON_FAILURE): Element 'Object Repository/Mobile/Page/Login/Button - Login' is exist

2022-03-11 08:26:49 - [MESSAGE][PASSED] - Element 'Object Repository/Mobile/Page/Login/Button - Login' is exist

2022-03-11 08:26:49 - [TEST_STEP][PASSED] - if (loginCheck): Call Test Case 'Test Cases/Mobile/Page/Login/Login' successfully

2022-03-11 08:26:49 - [TEST_STEP][PASSED] - callTestCase(findTestCase("Mobile/Page/Login/Login"), ["action":"username"], CONTINUE_ON_FAILURE): Call Test Case 'Test Cases/Mobile/Page/Login/Login' successfully

2022-03-11 08:26:49 - [TEST_CASE][PASSED] - Test Cases/Mobile/Page/Login/Login: Test Cases/Mobile/Page/Login/Login

2022-03-11 08:26:49 - [TEST_STEP][PASSED] - delay(2): Delayed 2 second(s)

2022-03-11 08:26:51 - [MESSAGE][PASSED] - Delayed 2 second(s)

2022-03-11 08:26:51 - [TEST_STEP][PASSED] - for ([i = 0, i < 1, (i++)]): null

2022-03-11 08:26:51 - [TEST_STEP][PASSED] - if (action == "username"): null

2022-03-11 08:26:51 - [TEST_STEP][PASSED] - tap(LOGN_EdtUserID, 0): Tapped on element 'Object Repository/Mobile/Page/Login/Input - UserID'

2022-03-11 08:26:51 - [MESSAGE][WARNING] - Timeout '0' is invalid. Using default page load timeout: '60'

2022-03-11 08:26:52 - [MESSAGE][PASSED] - Tapped on element 'Object Repository/Mobile/Page/Login/Input - UserID'

2022-03-11 08:26:52 - [TEST_STEP][PASSED] - delay(1): Delayed 1 second(s)

2022-03-11 08:26:53 - [MESSAGE][PASSED] - Delayed 1 second(s)

2022-03-11 08:26:53 - [TEST_STEP][PASSED] - setText(LOGN_EdtRdyUserID, "anggaaditya", 0): Text 'anggaaditya' has been set to element 'Object Repository/Mobile/Page/Login/Input Rdy - UserID'

2022-03-11 08:26:53 - [MESSAGE][WARNING] - Timeout '0' is invalid. Using default page load timeout: '60'

2022-03-11 08:26:54 - [MESSAGE][PASSED] - Text 'anggaaditya' has been set to element 'Object Repository/Mobile/Page/Login/Input Rdy - UserID'

2022-03-11 08:26:54 - [TEST_STEP][PASSED] - delay(1): Delayed 1 second(s)

2022-03-11 08:26:55 - [MESSAGE][PASSED] - Delayed 1 second(s)

2022-03-11 08:26:55 - [TEST_STEP][PASSED] - hideKeyboard(): Keyboard is hidden

2022-03-11 08:26:58 - [MESSAGE][PASSED] - Keyboard is hidden

2022-03-11 08:26:58 - [TEST_STEP][PASSED] - tap(LOGN_EdtPassword, 0): Tapped on element 'Object Repository/Mobile/Page/Login/Input - Password'

2022-03-11 08:26:58 - [MESSAGE][WARNING] - Timeout '0' is invalid. Using default page load timeout: '60'

2022-03-11 08:26:59 - [MESSAGE][PASSED] - Tapped on element 'Object Repository/Mobile/Page/Login/Input - Password'

2022-03-11 08:26:59 - [TEST_STEP][PASSED] - delay(1): Delayed 1 second(s)

2022-03-11 08:27:00 - [MESSAGE][PASSED] - Delayed 1 second(s)

2022-03-11 08:27:00 - [TEST_STEP][PASSED] - setText(LOGN_EdtRdyPassword, "Shalawa18", 0): Text 'Shalawa18' has been set to element 'Object Repository/Mobile/Page/Login/Input Rdy - Password'

2022-03-11 08:27:00 - [MESSAGE][WARNING] - Timeout '0' is invalid. Using default page load timeout: '60'

2022-03-11 08:27:00 - [MESSAGE][PASSED] - Text 'Shalawa18' has been set to element 'Object Repository/Mobile/Page/Login/Input Rdy - Password'

2022-03-11 08:27:00 - [TEST_STEP][PASSED] - delay(1): Delayed 1 second(s)

2022-03-11 08:27:01 - [MESSAGE][PASSED] - Delayed 1 second(s)

2022-03-11 08:27:01 - [TEST_STEP][PASSED] - hideKeyboard(): Keyboard is hidden

2022-03-11 08:27:08 - [MESSAGE][PASSED] - Keyboard is hidden

2022-03-11 08:27:08 - [TEST_STEP][PASSED] - tap(LOGN_BtnLogin, 0): Tapped on element 'Object Repository/Mobile/Page/Login/Button - Login'

2022-03-11 08:27:08 - [MESSAGE][WARNING] - Timeout '0' is invalid. Using default page load timeout: '60'

2022-03-11 08:27:09 - [MESSAGE][PASSED] - Tapped on element 'Object Repository/Mobile/Page/Login/Button - Login'

2022-03-11 08:27:09 - [TEST_STEP][PASSED] - delay(2): Delayed 2 second(s)

2022-03-11 08:27:11 - [MESSAGE][PASSED] - Delayed 2 second(s)

2022-03-11 08:27:11 - [TEST_STEP][PASSED] - break: null

2022-03-11 08:27:11 - [MESSAGE][PASSED] - Call Test Case 'Test Cases/Mobile/Page/Login/Login' successfully

2022-03-11 08:27:11 - [MESSAGE][PASSED] - Call Test Case 'Test Cases/Mobile/Page/CheckLogin' successfully

2022-03-11 08:27:11 - [TEST_STEP][PASSED] - delay(3): Delayed 3 second(s)

2022-03-11 08:27:14 - [MESSAGE][PASSED] - Delayed 3 second(s)

2022-03-11 08:27:14 - [TEST_STEP][PASSED] - scroll.scroll.scrollScreenLeftToRight(): scroll.scroll.scrollScreenLeftToRight is PASSED

2022-03-11 08:27:14 - [MESSAGE][PASSED] - Current device physical height is 1423

2022-03-11 08:27:14 - [MESSAGE][PASSED] - Current device physical width is 720

2022-03-11 08:27:15 - [MESSAGE][PASSED] - Current device physical height is 1423

2022-03-11 08:27:16 - [MESSAGE][PASSED] - Swiped from 10,711 to 710,711

2022-03-11 08:27:16 - [MESSAGE][PASSED] - scroll.scroll.scrollScreenLeftToRight is PASSED

2022-03-11 08:27:16 - [TEST_STEP][PASSED] - delay(1): Delayed 1 second(s)

2022-03-11 08:27:17 - [MESSAGE][PASSED] - Delayed 1 second(s)

2022-03-11 08:27:17 - [TEST_STEP][PASSED] - for ([i = 0, i < 1, (i++)]): Delayed 2 second(s)

2022-03-11 08:27:17 - [TEST_STEP][PASSED] - if (action == "downloadtaxreport"): null

2022-03-11 08:27:17 - [TEST_STEP][PASSED] - else if (action == "analyzeprofile"): null

2022-03-11 08:27:17 - [TEST_STEP][PASSED] - else if (action == "wa"): null

2022-03-11 08:27:17 - [TEST_STEP][PASSED] - else if (action == "email"): Delayed 2 second(s)

2022-03-11 08:27:17 - [TEST_STEP][PASSED] - tap(NAVM_BtnEmail, 0): Tapped on element 'Object Repository/Mobile/Page/NavigationMenu/Button - Email'

2022-03-11 08:27:17 - [MESSAGE][WARNING] - Timeout '0' is invalid. Using default page load timeout: '60'

2022-03-11 08:27:17 - [MESSAGE][PASSED] - Tapped on element 'Object Repository/Mobile/Page/NavigationMenu/Button - Email'

2022-03-11 08:27:17 - [TEST_STEP][PASSED] - delay(2): Delayed 2 second(s)

2022-03-11 08:27:19 - [MESSAGE][PASSED] - Delayed 2 second(s)

2022-03-11 08:27:19 - [MESSAGE][PASSED] - Call Test Case 'Test Cases/Mobile/Page/NavigationMenu/NavigationMenu' successfully

2022-03-11 08:27:19 - [TEST_STEP][PASSED] - callTestCase(findTestCase("Mobile/Page/Run App/Terminate App"), [:], STOP_ON_FAILURE): Call Test Case 'Test Cases/Mobile/Page/Run App/Terminate App' successfully

2022-03-11 08:27:19 - [TEST_CASE][PASSED] - Test Cases/Mobile/Page/Run App/Terminate App: Test Cases/Mobile/Page/Run App/Terminate App

2022-03-11 08:27:19 - [TEST_STEP][PASSED] - startApp.OpenApp.terminateApplication(): startApp.OpenApp.terminateApplication is PASSED

2022-03-11 08:27:23 - [MESSAGE][PASSED] - Delayed 3 second(s)

2022-03-11 08:27:23 - [MESSAGE][PASSED] - Current device physical width is 720

2022-03-11 08:27:23 - [MESSAGE][PASSED] - Current device physical height is 1423

2022-03-11 08:27:24 - [MESSAGE][PASSED] - Swiped from 360,853 to 360,142

2022-03-11 08:27:25 - [MESSAGE][PASSED] - Delayed 1 second(s)

2022-03-11 08:27:27 - [MESSAGE][PASSED] - Swiped from 360,853 to 360,142

2022-03-11 08:27:30 - [MESSAGE][PASSED] - Delayed 3 second(s)

2022-03-11 08:27:30 - [MESSAGE][PASSED] - startApp.OpenApp.terminateApplication is PASSED

2022-03-11 08:27:30 - [MESSAGE][PASSED] - Call Test Case 'Test Cases/Mobile/Page/Run App/Terminate App' successfully

2022-03-11 08:27:30 - [TEST_STEP][PASSED] - callTestCase(findTestCase("Mobile/Page/Run App/Terminate App"), [:], STOP_ON_FAILURE): Call Test Case 'Test Cases/Mobile/Page/Run App/Terminate App' successfully

2022-03-11 08:27:30 - [TEST_CASE][PASSED] - Test Cases/Mobile/Page/Run App/Terminate App: Test Cases/Mobile/Page/Run App/Terminate App

2022-03-11 08:27:30 - [TEST_STEP][PASSED] - startApp.OpenApp.terminateApplication(): startApp.OpenApp.terminateApplication is PASSED

2022-03-11 08:27:33 - [MESSAGE][PASSED] - Delayed 3 second(s)

2022-03-11 08:27:33 - [MESSAGE][PASSED] - Current device physical width is 720

2022-03-11 08:27:34 - [MESSAGE][PASSED] - Current device physical height is 1423

2022-03-11 08:27:35 - [MESSAGE][PASSED] - Swiped from 360,853 to 360,142

2022-03-11 08:27:36 - [MESSAGE][PASSED] - Delayed 1 second(s)

2022-03-11 08:27:37 - [MESSAGE][PASSED] - Swiped from 360,853 to 360,142

2022-03-11 08:27:40 - [MESSAGE][PASSED] - Delayed 3 second(s)

2022-03-11 08:27:40 - [MESSAGE][PASSED] - startApp.OpenApp.terminateApplication is PASSED

2022-03-11 08:27:40 - [MESSAGE][PASSED] - Call Test Case 'Test Cases/Mobile/Page/Run App/Terminate App' successfully]]></system-out>
         <system-err><![CDATA[]]></system-err>
      </testcase>
      <testcase name="Test Cases/Mobile/Scenario/NavigationMenu/005 - Settings" time="92.289" classname="Test Cases/Mobile/Scenario/NavigationMenu/005 - Settings" status="PASSED">
         <system-out><![CDATA[2022-03-11 08:27:40 - [TEST_CASE][PASSED] - Test Cases/Mobile/Scenario/NavigationMenu/005 - Settings: Test Cases/Mobile/Scenario/NavigationMenu/005 - Settings

2022-03-11 08:27:41 - [TEST_STEP][PASSED] - callTestCase(findTestCase("Mobile/Page/Run App/Run App byID"), [:], STOP_ON_FAILURE): Call Test Case 'Test Cases/Mobile/Page/Run App/Run App byID' successfully

2022-03-11 08:27:41 - [TEST_CASE][PASSED] - Test Cases/Mobile/Page/Run App/Run App byID: Test Cases/Mobile/Page/Run App/Run App byID

2022-03-11 08:27:41 - [TEST_STEP][PASSED] - startApp.OpenApp.startApplication("id.co.miraeasset.sageclub"): startApp.OpenApp.startApplication is PASSED

2022-03-11 08:27:54 - [MESSAGE][PASSED] - Starting app with application ID: 'id.co.miraeasset.sageclub'

2022-03-11 08:27:54 - [MESSAGE][PASSED] - startApp.OpenApp.startApplication is PASSED

2022-03-11 08:27:54 - [MESSAGE][PASSED] - Call Test Case 'Test Cases/Mobile/Page/Run App/Run App byID' successfully

2022-03-11 08:27:54 - [TEST_STEP][PASSED] - callTestCase(findTestCase("Mobile/Page/NavigationMenu/NavigationMenu"), ["action":"setting"], CONTINUE_ON_FAILURE): Call Test Case 'Test Cases/Mobile/Page/NavigationMenu/NavigationMenu' successfully

2022-03-11 08:27:54 - [TEST_CASE][PASSED] - Test Cases/Mobile/Page/NavigationMenu/NavigationMenu: Test Cases/Mobile/Page/NavigationMenu/NavigationMenu

2022-03-11 08:27:54 - [TEST_STEP][PASSED] - callTestCase(findTestCase("Mobile/Page/CheckLogin"), [:], CONTINUE_ON_FAILURE): Call Test Case 'Test Cases/Mobile/Page/CheckLogin' successfully

2022-03-11 08:27:54 - [TEST_CASE][PASSED] - Test Cases/Mobile/Page/CheckLogin: Test Cases/Mobile/Page/CheckLogin

2022-03-11 08:27:54 - [TEST_STEP][PASSED] - loginCheck = verifyElementExist(LOGN_BtnLogin, 5, CONTINUE_ON_FAILURE): Element 'Object Repository/Mobile/Page/Login/Button - Login' is exist

2022-03-11 08:27:56 - [MESSAGE][PASSED] - Element 'Object Repository/Mobile/Page/Login/Button - Login' is exist

2022-03-11 08:27:56 - [TEST_STEP][PASSED] - if (loginCheck): Call Test Case 'Test Cases/Mobile/Page/Login/Login' successfully

2022-03-11 08:27:56 - [TEST_STEP][PASSED] - callTestCase(findTestCase("Mobile/Page/Login/Login"), ["action":"username"], CONTINUE_ON_FAILURE): Call Test Case 'Test Cases/Mobile/Page/Login/Login' successfully

2022-03-11 08:27:56 - [TEST_CASE][PASSED] - Test Cases/Mobile/Page/Login/Login: Test Cases/Mobile/Page/Login/Login

2022-03-11 08:27:56 - [TEST_STEP][PASSED] - delay(2): Delayed 2 second(s)

2022-03-11 08:27:58 - [MESSAGE][PASSED] - Delayed 2 second(s)

2022-03-11 08:27:58 - [TEST_STEP][PASSED] - for ([i = 0, i < 1, (i++)]): null

2022-03-11 08:27:58 - [TEST_STEP][PASSED] - if (action == "username"): null

2022-03-11 08:27:58 - [TEST_STEP][PASSED] - tap(LOGN_EdtUserID, 0): Tapped on element 'Object Repository/Mobile/Page/Login/Input - UserID'

2022-03-11 08:27:58 - [MESSAGE][WARNING] - Timeout '0' is invalid. Using default page load timeout: '60'

2022-03-11 08:27:58 - [MESSAGE][PASSED] - Tapped on element 'Object Repository/Mobile/Page/Login/Input - UserID'

2022-03-11 08:27:58 - [TEST_STEP][PASSED] - delay(1): Delayed 1 second(s)

2022-03-11 08:27:59 - [MESSAGE][PASSED] - Delayed 1 second(s)

2022-03-11 08:27:59 - [TEST_STEP][PASSED] - setText(LOGN_EdtRdyUserID, "anggaaditya", 0): Text 'anggaaditya' has been set to element 'Object Repository/Mobile/Page/Login/Input Rdy - UserID'

2022-03-11 08:27:59 - [MESSAGE][WARNING] - Timeout '0' is invalid. Using default page load timeout: '60'

2022-03-11 08:28:00 - [MESSAGE][PASSED] - Text 'anggaaditya' has been set to element 'Object Repository/Mobile/Page/Login/Input Rdy - UserID'

2022-03-11 08:28:00 - [TEST_STEP][PASSED] - delay(1): Delayed 1 second(s)

2022-03-11 08:28:01 - [MESSAGE][PASSED] - Delayed 1 second(s)

2022-03-11 08:28:01 - [TEST_STEP][PASSED] - hideKeyboard(): Keyboard is hidden

2022-03-11 08:28:05 - [MESSAGE][PASSED] - Keyboard is hidden

2022-03-11 08:28:05 - [TEST_STEP][PASSED] - tap(LOGN_EdtPassword, 0): Tapped on element 'Object Repository/Mobile/Page/Login/Input - Password'

2022-03-11 08:28:05 - [MESSAGE][WARNING] - Timeout '0' is invalid. Using default page load timeout: '60'

2022-03-11 08:28:05 - [MESSAGE][PASSED] - Tapped on element 'Object Repository/Mobile/Page/Login/Input - Password'

2022-03-11 08:28:05 - [TEST_STEP][PASSED] - delay(1): Delayed 1 second(s)

2022-03-11 08:28:06 - [MESSAGE][PASSED] - Delayed 1 second(s)

2022-03-11 08:28:06 - [TEST_STEP][PASSED] - setText(LOGN_EdtRdyPassword, "Shalawa18", 0): Text 'Shalawa18' has been set to element 'Object Repository/Mobile/Page/Login/Input Rdy - Password'

2022-03-11 08:28:06 - [MESSAGE][WARNING] - Timeout '0' is invalid. Using default page load timeout: '60'

2022-03-11 08:28:07 - [MESSAGE][PASSED] - Text 'Shalawa18' has been set to element 'Object Repository/Mobile/Page/Login/Input Rdy - Password'

2022-03-11 08:28:07 - [TEST_STEP][PASSED] - delay(1): Delayed 1 second(s)

2022-03-11 08:28:08 - [MESSAGE][PASSED] - Delayed 1 second(s)

2022-03-11 08:28:08 - [TEST_STEP][PASSED] - hideKeyboard(): Keyboard is hidden

2022-03-11 08:28:15 - [MESSAGE][PASSED] - Keyboard is hidden

2022-03-11 08:28:15 - [TEST_STEP][PASSED] - tap(LOGN_BtnLogin, 0): Tapped on element 'Object Repository/Mobile/Page/Login/Button - Login'

2022-03-11 08:28:15 - [MESSAGE][WARNING] - Timeout '0' is invalid. Using default page load timeout: '60'

2022-03-11 08:28:16 - [MESSAGE][PASSED] - Tapped on element 'Object Repository/Mobile/Page/Login/Button - Login'

2022-03-11 08:28:16 - [TEST_STEP][PASSED] - delay(2): Delayed 2 second(s)

2022-03-11 08:28:18 - [MESSAGE][PASSED] - Delayed 2 second(s)

2022-03-11 08:28:18 - [TEST_STEP][PASSED] - break: null

2022-03-11 08:28:18 - [MESSAGE][PASSED] - Call Test Case 'Test Cases/Mobile/Page/Login/Login' successfully

2022-03-11 08:28:18 - [MESSAGE][PASSED] - Call Test Case 'Test Cases/Mobile/Page/CheckLogin' successfully

2022-03-11 08:28:18 - [TEST_STEP][PASSED] - delay(3): Delayed 3 second(s)

2022-03-11 08:28:21 - [MESSAGE][PASSED] - Delayed 3 second(s)

2022-03-11 08:28:21 - [TEST_STEP][PASSED] - scroll.scroll.scrollScreenLeftToRight(): scroll.scroll.scrollScreenLeftToRight is PASSED

2022-03-11 08:28:21 - [MESSAGE][PASSED] - Current device physical height is 1423

2022-03-11 08:28:21 - [MESSAGE][PASSED] - Current device physical width is 720

2022-03-11 08:28:21 - [MESSAGE][PASSED] - Current device physical height is 1423

2022-03-11 08:28:23 - [MESSAGE][PASSED] - Swiped from 10,711 to 710,711

2022-03-11 08:28:23 - [MESSAGE][PASSED] - scroll.scroll.scrollScreenLeftToRight is PASSED

2022-03-11 08:28:23 - [TEST_STEP][PASSED] - delay(1): Delayed 1 second(s)

2022-03-11 08:28:24 - [MESSAGE][PASSED] - Delayed 1 second(s)

2022-03-11 08:28:24 - [TEST_STEP][PASSED] - for ([i = 0, i < 1, (i++)]): Delayed 1 second(s)

2022-03-11 08:28:24 - [TEST_STEP][PASSED] - if (action == "downloadtaxreport"): null

2022-03-11 08:28:24 - [TEST_STEP][PASSED] - else if (action == "analyzeprofile"): null

2022-03-11 08:28:24 - [TEST_STEP][PASSED] - else if (action == "wa"): null

2022-03-11 08:28:24 - [TEST_STEP][PASSED] - else if (action == "email"): null

2022-03-11 08:28:24 - [TEST_STEP][PASSED] - else if (action == "setting"): Delayed 1 second(s)

2022-03-11 08:28:24 - [TEST_STEP][PASSED] - setting = NAVM_BtnSettings: null

2022-03-11 08:28:24 - [TEST_STEP][PASSED] - top = getElementTopPosition(setting, 0): Object 'Object Repository/Mobile/Page/NavigationMenu/Button - Settings' has top position '816'

2022-03-11 08:28:24 - [MESSAGE][WARNING] - Timeout '0' is invalid. Using default page load timeout: '60'

2022-03-11 08:28:24 - [MESSAGE][PASSED] - Object 'Object Repository/Mobile/Page/NavigationMenu/Button - Settings' has top position '816'

2022-03-11 08:28:24 - [TEST_STEP][PASSED] - y = getElementHeight(setting, 0) * 0.8 + top: Object 'Object Repository/Mobile/Page/NavigationMenu/Button - Settings' has height: '98'

2022-03-11 08:28:24 - [MESSAGE][WARNING] - Timeout '0' is invalid. Using default page load timeout: '60'

2022-03-11 08:28:24 - [MESSAGE][PASSED] - Object 'Object Repository/Mobile/Page/NavigationMenu/Button - Settings' has height: '98'

2022-03-11 08:28:24 - [TEST_STEP][PASSED] - x = getDeviceWidth() * 0.2: Current device physical width is 720

2022-03-11 08:28:24 - [MESSAGE][PASSED] - Current device physical width is 720

2022-03-11 08:28:24 - [TEST_STEP][PASSED] - tapAtPosition(x, y): Tapped at [144, 894]

2022-03-11 08:28:26 - [MESSAGE][PASSED] - Tapped at [144, 894]

2022-03-11 08:28:26 - [TEST_STEP][PASSED] - delay(1): Delayed 1 second(s)

2022-03-11 08:28:27 - [MESSAGE][PASSED] - Delayed 1 second(s)

2022-03-11 08:28:27 - [TEST_STEP][PASSED] - tap(NAVM_SETT_DropGain, 0): Tapped on element 'Object Repository/Mobile/Page/NavigationMenu/Settings/Dropdown - Gain'

2022-03-11 08:28:27 - [MESSAGE][WARNING] - Timeout '0' is invalid. Using default page load timeout: '60'

2022-03-11 08:28:28 - [MESSAGE][PASSED] - Tapped on element 'Object Repository/Mobile/Page/NavigationMenu/Settings/Dropdown - Gain'

2022-03-11 08:28:28 - [TEST_STEP][PASSED] - delay(1): Delayed 1 second(s)

2022-03-11 08:28:29 - [MESSAGE][PASSED] - Delayed 1 second(s)

2022-03-11 08:28:29 - [TEST_STEP][PASSED] - tap(NAVM_SETT_OptGain5, 0): Tapped on element 'Object Repository/Mobile/Page/NavigationMenu/Settings/Option Alert - 5'

2022-03-11 08:28:29 - [MESSAGE][WARNING] - Timeout '0' is invalid. Using default page load timeout: '60'

2022-03-11 08:28:29 - [MESSAGE][PASSED] - Tapped on element 'Object Repository/Mobile/Page/NavigationMenu/Settings/Option Alert - 5'

2022-03-11 08:28:29 - [TEST_STEP][PASSED] - delay(1): Delayed 1 second(s)

2022-03-11 08:28:30 - [MESSAGE][PASSED] - Delayed 1 second(s)

2022-03-11 08:28:30 - [TEST_STEP][PASSED] - tap(NAVM_SETT_SwitchGain, 0): Tapped on element 'Object Repository/Mobile/Page/NavigationMenu/Settings/Switch - Gain'

2022-03-11 08:28:30 - [MESSAGE][WARNING] - Timeout '0' is invalid. Using default page load timeout: '60'

2022-03-11 08:28:31 - [MESSAGE][PASSED] - Tapped on element 'Object Repository/Mobile/Page/NavigationMenu/Settings/Switch - Gain'

2022-03-11 08:28:31 - [TEST_STEP][PASSED] - delay(1): Delayed 1 second(s)

2022-03-11 08:28:32 - [MESSAGE][PASSED] - Delayed 1 second(s)

2022-03-11 08:28:32 - [TEST_STEP][PASSED] - tap(NAVM_SETT_SwitchGain, 0): Tapped on element 'Object Repository/Mobile/Page/NavigationMenu/Settings/Switch - Gain'

2022-03-11 08:28:32 - [MESSAGE][WARNING] - Timeout '0' is invalid. Using default page load timeout: '60'

2022-03-11 08:28:33 - [MESSAGE][PASSED] - Tapped on element 'Object Repository/Mobile/Page/NavigationMenu/Settings/Switch - Gain'

2022-03-11 08:28:33 - [TEST_STEP][PASSED] - delay(1): Delayed 1 second(s)

2022-03-11 08:28:34 - [MESSAGE][PASSED] - Delayed 1 second(s)

2022-03-11 08:28:34 - [TEST_STEP][PASSED] - tap(NAVM_SETT_DropLoss, 0): Tapped on element 'Object Repository/Mobile/Page/NavigationMenu/Settings/Dropdown - Loss'

2022-03-11 08:28:34 - [MESSAGE][WARNING] - Timeout '0' is invalid. Using default page load timeout: '60'

2022-03-11 08:28:35 - [MESSAGE][PASSED] - Tapped on element 'Object Repository/Mobile/Page/NavigationMenu/Settings/Dropdown - Loss'

2022-03-11 08:28:35 - [TEST_STEP][PASSED] - delay(1): Delayed 1 second(s)

2022-03-11 08:28:36 - [MESSAGE][PASSED] - Delayed 1 second(s)

2022-03-11 08:28:36 - [TEST_STEP][PASSED] - tap(NAVM_SETT_OptLoss5, 0): Tapped on element 'Object Repository/Mobile/Page/NavigationMenu/Settings/Option Alert - 5'

2022-03-11 08:28:36 - [MESSAGE][WARNING] - Timeout '0' is invalid. Using default page load timeout: '60'

2022-03-11 08:28:37 - [MESSAGE][PASSED] - Tapped on element 'Object Repository/Mobile/Page/NavigationMenu/Settings/Option Alert - 5'

2022-03-11 08:28:37 - [TEST_STEP][PASSED] - delay(1): Delayed 1 second(s)

2022-03-11 08:28:38 - [MESSAGE][PASSED] - Delayed 1 second(s)

2022-03-11 08:28:38 - [TEST_STEP][PASSED] - tap(NAVM_SETT_SwitchLoss, 0): Tapped on element 'Object Repository/Mobile/Page/NavigationMenu/Settings/Switch - Loss'

2022-03-11 08:28:38 - [MESSAGE][WARNING] - Timeout '0' is invalid. Using default page load timeout: '60'

2022-03-11 08:28:39 - [MESSAGE][PASSED] - Tapped on element 'Object Repository/Mobile/Page/NavigationMenu/Settings/Switch - Loss'

2022-03-11 08:28:39 - [TEST_STEP][PASSED] - delay(1): Delayed 1 second(s)

2022-03-11 08:28:40 - [MESSAGE][PASSED] - Delayed 1 second(s)

2022-03-11 08:28:40 - [TEST_STEP][PASSED] - tap(NAVM_SETT_SwitchLoss, 0): Tapped on element 'Object Repository/Mobile/Page/NavigationMenu/Settings/Switch - Loss'

2022-03-11 08:28:40 - [MESSAGE][WARNING] - Timeout '0' is invalid. Using default page load timeout: '60'

2022-03-11 08:28:41 - [MESSAGE][PASSED] - Tapped on element 'Object Repository/Mobile/Page/NavigationMenu/Settings/Switch - Loss'

2022-03-11 08:28:41 - [TEST_STEP][PASSED] - delay(1): Delayed 1 second(s)

2022-03-11 08:28:42 - [MESSAGE][PASSED] - Delayed 1 second(s)

2022-03-11 08:28:42 - [TEST_STEP][PASSED] - tap(NAVM_SETT_CbRiskTolerance, 0): Tapped on element 'Object Repository/Mobile/Page/NavigationMenu/Settings/Checkbox - Risk Tolerance'

2022-03-11 08:28:42 - [MESSAGE][WARNING] - Timeout '0' is invalid. Using default page load timeout: '60'

2022-03-11 08:28:43 - [MESSAGE][PASSED] - Tapped on element 'Object Repository/Mobile/Page/NavigationMenu/Settings/Checkbox - Risk Tolerance'

2022-03-11 08:28:43 - [TEST_STEP][PASSED] - delay(1): Delayed 1 second(s)

2022-03-11 08:28:44 - [MESSAGE][PASSED] - Delayed 1 second(s)

2022-03-11 08:28:44 - [TEST_STEP][PASSED] - tap(NAVM_SETT_CbRiskTolerance, 0): Tapped on element 'Object Repository/Mobile/Page/NavigationMenu/Settings/Checkbox - Risk Tolerance'

2022-03-11 08:28:44 - [MESSAGE][WARNING] - Timeout '0' is invalid. Using default page load timeout: '60'

2022-03-11 08:28:44 - [MESSAGE][PASSED] - Tapped on element 'Object Repository/Mobile/Page/NavigationMenu/Settings/Checkbox - Risk Tolerance'

2022-03-11 08:28:44 - [TEST_STEP][PASSED] - delay(1): Delayed 1 second(s)

2022-03-11 08:28:46 - [MESSAGE][PASSED] - Delayed 1 second(s)

2022-03-11 08:28:46 - [TEST_STEP][PASSED] - tap(NAVM_SETT_SwitchStock, 0): Tapped on element 'Object Repository/Mobile/Page/NavigationMenu/Settings/Switch - Stock News'

2022-03-11 08:28:46 - [MESSAGE][WARNING] - Timeout '0' is invalid. Using default page load timeout: '60'

2022-03-11 08:28:46 - [MESSAGE][PASSED] - Tapped on element 'Object Repository/Mobile/Page/NavigationMenu/Settings/Switch - Stock News'

2022-03-11 08:28:46 - [TEST_STEP][PASSED] - delay(1): Delayed 1 second(s)

2022-03-11 08:28:47 - [MESSAGE][PASSED] - Delayed 1 second(s)

2022-03-11 08:28:47 - [TEST_STEP][PASSED] - tap(NAVM_SETT_SwitchStock, 0): Tapped on element 'Object Repository/Mobile/Page/NavigationMenu/Settings/Switch - Stock News'

2022-03-11 08:28:47 - [MESSAGE][WARNING] - Timeout '0' is invalid. Using default page load timeout: '60'

2022-03-11 08:28:48 - [MESSAGE][PASSED] - Tapped on element 'Object Repository/Mobile/Page/NavigationMenu/Settings/Switch - Stock News'

2022-03-11 08:28:48 - [TEST_STEP][PASSED] - delay(1): Delayed 1 second(s)

2022-03-11 08:28:50 - [MESSAGE][PASSED] - Delayed 1 second(s)

2022-03-11 08:28:50 - [TEST_STEP][PASSED] - tap(NAVM_SETT_SwitchFund, 0): Tapped on element 'Object Repository/Mobile/Page/NavigationMenu/Settings/Switch - Fund News'

2022-03-11 08:28:50 - [MESSAGE][WARNING] - Timeout '0' is invalid. Using default page load timeout: '60'

2022-03-11 08:28:50 - [MESSAGE][PASSED] - Tapped on element 'Object Repository/Mobile/Page/NavigationMenu/Settings/Switch - Fund News'

2022-03-11 08:28:50 - [TEST_STEP][PASSED] - delay(1): Delayed 1 second(s)

2022-03-11 08:28:51 - [MESSAGE][PASSED] - Delayed 1 second(s)

2022-03-11 08:28:51 - [TEST_STEP][PASSED] - tap(NAVM_SETT_SwitchFund, 0): Tapped on element 'Object Repository/Mobile/Page/NavigationMenu/Settings/Switch - Fund News'

2022-03-11 08:28:51 - [MESSAGE][WARNING] - Timeout '0' is invalid. Using default page load timeout: '60'

2022-03-11 08:28:52 - [MESSAGE][PASSED] - Tapped on element 'Object Repository/Mobile/Page/NavigationMenu/Settings/Switch - Fund News'

2022-03-11 08:28:52 - [TEST_STEP][PASSED] - delay(1): Delayed 1 second(s)

2022-03-11 08:28:53 - [MESSAGE][PASSED] - Delayed 1 second(s)

2022-03-11 08:28:53 - [TEST_STEP][PASSED] - tap(NAVM_SETT_SwitchBond, 0): Tapped on element 'Object Repository/Mobile/Page/NavigationMenu/Settings/Switch - Bond News'

2022-03-11 08:28:53 - [MESSAGE][WARNING] - Timeout '0' is invalid. Using default page load timeout: '60'

2022-03-11 08:28:54 - [MESSAGE][PASSED] - Tapped on element 'Object Repository/Mobile/Page/NavigationMenu/Settings/Switch - Bond News'

2022-03-11 08:28:54 - [TEST_STEP][PASSED] - delay(1): Delayed 1 second(s)

2022-03-11 08:28:55 - [MESSAGE][PASSED] - Delayed 1 second(s)

2022-03-11 08:28:55 - [TEST_STEP][PASSED] - tap(NAVM_SETT_SwitchBond, 0): Tapped on element 'Object Repository/Mobile/Page/NavigationMenu/Settings/Switch - Bond News'

2022-03-11 08:28:55 - [MESSAGE][WARNING] - Timeout '0' is invalid. Using default page load timeout: '60'

2022-03-11 08:28:56 - [MESSAGE][PASSED] - Tapped on element 'Object Repository/Mobile/Page/NavigationMenu/Settings/Switch - Bond News'

2022-03-11 08:28:56 - [TEST_STEP][PASSED] - delay(1): Delayed 1 second(s)

2022-03-11 08:28:57 - [MESSAGE][PASSED] - Delayed 1 second(s)

2022-03-11 08:28:57 - [TEST_STEP][PASSED] - tap(NAVM_SETT_SwitchMacro, 0): Tapped on element 'Object Repository/Mobile/Page/NavigationMenu/Settings/Switch - Macro News'

2022-03-11 08:28:57 - [MESSAGE][WARNING] - Timeout '0' is invalid. Using default page load timeout: '60'

2022-03-11 08:28:57 - [MESSAGE][PASSED] - Tapped on element 'Object Repository/Mobile/Page/NavigationMenu/Settings/Switch - Macro News'

2022-03-11 08:28:57 - [TEST_STEP][PASSED] - delay(1): Delayed 1 second(s)

2022-03-11 08:28:58 - [MESSAGE][PASSED] - Delayed 1 second(s)

2022-03-11 08:28:58 - [TEST_STEP][PASSED] - tap(NAVM_SETT_SwitchMacro, 0): Tapped on element 'Object Repository/Mobile/Page/NavigationMenu/Settings/Switch - Macro News'

2022-03-11 08:28:58 - [MESSAGE][WARNING] - Timeout '0' is invalid. Using default page load timeout: '60'

2022-03-11 08:29:00 - [MESSAGE][PASSED] - Tapped on element 'Object Repository/Mobile/Page/NavigationMenu/Settings/Switch - Macro News'

2022-03-11 08:29:00 - [TEST_STEP][PASSED] - delay(1): Delayed 1 second(s)

2022-03-11 08:29:01 - [MESSAGE][PASSED] - Delayed 1 second(s)

2022-03-11 08:29:01 - [TEST_STEP][PASSED] - pressBack(): Press back button successfully

2022-03-11 08:29:01 - [MESSAGE][PASSED] - Press back button successfully

2022-03-11 08:29:01 - [TEST_STEP][PASSED] - delay(1): Delayed 1 second(s)

2022-03-11 08:29:02 - [MESSAGE][PASSED] - Delayed 1 second(s)

2022-03-11 08:29:02 - [MESSAGE][PASSED] - Call Test Case 'Test Cases/Mobile/Page/NavigationMenu/NavigationMenu' successfully

2022-03-11 08:29:02 - [TEST_STEP][PASSED] - callTestCase(findTestCase("Mobile/Page/Run App/Terminate App"), [:], STOP_ON_FAILURE): Call Test Case 'Test Cases/Mobile/Page/Run App/Terminate App' successfully

2022-03-11 08:29:02 - [TEST_CASE][PASSED] - Test Cases/Mobile/Page/Run App/Terminate App: Test Cases/Mobile/Page/Run App/Terminate App

2022-03-11 08:29:02 - [TEST_STEP][PASSED] - startApp.OpenApp.terminateApplication(): startApp.OpenApp.terminateApplication is PASSED

2022-03-11 08:29:05 - [MESSAGE][PASSED] - Delayed 3 second(s)

2022-03-11 08:29:05 - [MESSAGE][PASSED] - Current device physical width is 720

2022-03-11 08:29:06 - [MESSAGE][PASSED] - Current device physical height is 1423

2022-03-11 08:29:07 - [MESSAGE][PASSED] - Swiped from 360,853 to 360,142

2022-03-11 08:29:08 - [MESSAGE][PASSED] - Delayed 1 second(s)

2022-03-11 08:29:09 - [MESSAGE][PASSED] - Swiped from 360,853 to 360,142

2022-03-11 08:29:12 - [MESSAGE][PASSED] - Delayed 3 second(s)

2022-03-11 08:29:12 - [MESSAGE][PASSED] - startApp.OpenApp.terminateApplication is PASSED

2022-03-11 08:29:12 - [MESSAGE][PASSED] - Call Test Case 'Test Cases/Mobile/Page/Run App/Terminate App' successfully]]></system-out>
         <system-err><![CDATA[]]></system-err>
      </testcase>
      <testcase name="Test Cases/Mobile/Scenario/NavigationMenu/006 - Logout" time="55.45" classname="Test Cases/Mobile/Scenario/NavigationMenu/006 - Logout" status="PASSED">
         <system-out><![CDATA[2022-03-11 08:29:12 - [TEST_CASE][PASSED] - Test Cases/Mobile/Scenario/NavigationMenu/006 - Logout: Test Cases/Mobile/Scenario/NavigationMenu/006 - Logout

2022-03-11 08:29:13 - [TEST_STEP][PASSED] - callTestCase(findTestCase("Mobile/Page/Run App/Run App byID"), [:], STOP_ON_FAILURE): Call Test Case 'Test Cases/Mobile/Page/Run App/Run App byID' successfully

2022-03-11 08:29:13 - [TEST_CASE][PASSED] - Test Cases/Mobile/Page/Run App/Run App byID: Test Cases/Mobile/Page/Run App/Run App byID

2022-03-11 08:29:13 - [TEST_STEP][PASSED] - startApp.OpenApp.startApplication("id.co.miraeasset.sageclub"): startApp.OpenApp.startApplication is PASSED

2022-03-11 08:29:26 - [MESSAGE][PASSED] - Starting app with application ID: 'id.co.miraeasset.sageclub'

2022-03-11 08:29:26 - [MESSAGE][PASSED] - startApp.OpenApp.startApplication is PASSED

2022-03-11 08:29:26 - [MESSAGE][PASSED] - Call Test Case 'Test Cases/Mobile/Page/Run App/Run App byID' successfully

2022-03-11 08:29:26 - [TEST_STEP][PASSED] - callTestCase(findTestCase("Mobile/Page/NavigationMenu/NavigationMenu"), ["action":"logout"], CONTINUE_ON_FAILURE): Call Test Case 'Test Cases/Mobile/Page/NavigationMenu/NavigationMenu' successfully

2022-03-11 08:29:26 - [TEST_CASE][PASSED] - Test Cases/Mobile/Page/NavigationMenu/NavigationMenu: Test Cases/Mobile/Page/NavigationMenu/NavigationMenu

2022-03-11 08:29:26 - [TEST_STEP][PASSED] - callTestCase(findTestCase("Mobile/Page/CheckLogin"), [:], CONTINUE_ON_FAILURE): Call Test Case 'Test Cases/Mobile/Page/CheckLogin' successfully

2022-03-11 08:29:26 - [TEST_CASE][PASSED] - Test Cases/Mobile/Page/CheckLogin: Test Cases/Mobile/Page/CheckLogin

2022-03-11 08:29:26 - [TEST_STEP][PASSED] - loginCheck = verifyElementExist(LOGN_BtnLogin, 5, CONTINUE_ON_FAILURE): Element 'Object Repository/Mobile/Page/Login/Button - Login' is exist

2022-03-11 08:29:28 - [MESSAGE][PASSED] - Element 'Object Repository/Mobile/Page/Login/Button - Login' is exist

2022-03-11 08:29:28 - [TEST_STEP][PASSED] - if (loginCheck): Call Test Case 'Test Cases/Mobile/Page/Login/Login' successfully

2022-03-11 08:29:28 - [TEST_STEP][PASSED] - callTestCase(findTestCase("Mobile/Page/Login/Login"), ["action":"username"], CONTINUE_ON_FAILURE): Call Test Case 'Test Cases/Mobile/Page/Login/Login' successfully

2022-03-11 08:29:28 - [TEST_CASE][PASSED] - Test Cases/Mobile/Page/Login/Login: Test Cases/Mobile/Page/Login/Login

2022-03-11 08:29:28 - [TEST_STEP][PASSED] - delay(2): Delayed 2 second(s)

2022-03-11 08:29:30 - [MESSAGE][PASSED] - Delayed 2 second(s)

2022-03-11 08:29:30 - [TEST_STEP][PASSED] - for ([i = 0, i < 1, (i++)]): null

2022-03-11 08:29:30 - [TEST_STEP][PASSED] - if (action == "username"): null

2022-03-11 08:29:30 - [TEST_STEP][PASSED] - tap(LOGN_EdtUserID, 0): Tapped on element 'Object Repository/Mobile/Page/Login/Input - UserID'

2022-03-11 08:29:30 - [MESSAGE][WARNING] - Timeout '0' is invalid. Using default page load timeout: '60'

2022-03-11 08:29:31 - [MESSAGE][PASSED] - Tapped on element 'Object Repository/Mobile/Page/Login/Input - UserID'

2022-03-11 08:29:31 - [TEST_STEP][PASSED] - delay(1): Delayed 1 second(s)

2022-03-11 08:29:32 - [MESSAGE][PASSED] - Delayed 1 second(s)

2022-03-11 08:29:32 - [TEST_STEP][PASSED] - setText(LOGN_EdtRdyUserID, "anggaaditya", 0): Text 'anggaaditya' has been set to element 'Object Repository/Mobile/Page/Login/Input Rdy - UserID'

2022-03-11 08:29:32 - [MESSAGE][WARNING] - Timeout '0' is invalid. Using default page load timeout: '60'

2022-03-11 08:29:32 - [MESSAGE][PASSED] - Text 'anggaaditya' has been set to element 'Object Repository/Mobile/Page/Login/Input Rdy - UserID'

2022-03-11 08:29:32 - [TEST_STEP][PASSED] - delay(1): Delayed 1 second(s)

2022-03-11 08:29:33 - [MESSAGE][PASSED] - Delayed 1 second(s)

2022-03-11 08:29:33 - [TEST_STEP][PASSED] - hideKeyboard(): Keyboard is hidden

2022-03-11 08:29:37 - [MESSAGE][PASSED] - Keyboard is hidden

2022-03-11 08:29:37 - [TEST_STEP][PASSED] - tap(LOGN_EdtPassword, 0): Tapped on element 'Object Repository/Mobile/Page/Login/Input - Password'

2022-03-11 08:29:37 - [MESSAGE][WARNING] - Timeout '0' is invalid. Using default page load timeout: '60'

2022-03-11 08:29:38 - [MESSAGE][PASSED] - Tapped on element 'Object Repository/Mobile/Page/Login/Input - Password'

2022-03-11 08:29:38 - [TEST_STEP][PASSED] - delay(1): Delayed 1 second(s)

2022-03-11 08:29:39 - [MESSAGE][PASSED] - Delayed 1 second(s)

2022-03-11 08:29:39 - [TEST_STEP][PASSED] - setText(LOGN_EdtRdyPassword, "Shalawa18", 0): Text 'Shalawa18' has been set to element 'Object Repository/Mobile/Page/Login/Input Rdy - Password'

2022-03-11 08:29:39 - [MESSAGE][WARNING] - Timeout '0' is invalid. Using default page load timeout: '60'

2022-03-11 08:29:39 - [MESSAGE][PASSED] - Text 'Shalawa18' has been set to element 'Object Repository/Mobile/Page/Login/Input Rdy - Password'

2022-03-11 08:29:39 - [TEST_STEP][PASSED] - delay(1): Delayed 1 second(s)

2022-03-11 08:29:40 - [MESSAGE][PASSED] - Delayed 1 second(s)

2022-03-11 08:29:40 - [TEST_STEP][PASSED] - hideKeyboard(): Keyboard is hidden

2022-03-11 08:29:47 - [MESSAGE][PASSED] - Keyboard is hidden

2022-03-11 08:29:47 - [TEST_STEP][PASSED] - tap(LOGN_BtnLogin, 0): Tapped on element 'Object Repository/Mobile/Page/Login/Button - Login'

2022-03-11 08:29:47 - [MESSAGE][WARNING] - Timeout '0' is invalid. Using default page load timeout: '60'

2022-03-11 08:29:48 - [MESSAGE][PASSED] - Tapped on element 'Object Repository/Mobile/Page/Login/Button - Login'

2022-03-11 08:29:48 - [TEST_STEP][PASSED] - delay(2): Delayed 2 second(s)

2022-03-11 08:29:50 - [MESSAGE][PASSED] - Delayed 2 second(s)

2022-03-11 08:29:50 - [TEST_STEP][PASSED] - break: null

2022-03-11 08:29:50 - [MESSAGE][PASSED] - Call Test Case 'Test Cases/Mobile/Page/Login/Login' successfully

2022-03-11 08:29:50 - [MESSAGE][PASSED] - Call Test Case 'Test Cases/Mobile/Page/CheckLogin' successfully

2022-03-11 08:29:50 - [TEST_STEP][PASSED] - delay(3): Delayed 3 second(s)

2022-03-11 08:29:53 - [MESSAGE][PASSED] - Delayed 3 second(s)

2022-03-11 08:29:53 - [TEST_STEP][PASSED] - scroll.scroll.scrollScreenLeftToRight(): scroll.scroll.scrollScreenLeftToRight is PASSED

2022-03-11 08:29:53 - [MESSAGE][PASSED] - Current device physical height is 1423

2022-03-11 08:29:53 - [MESSAGE][PASSED] - Current device physical width is 720

2022-03-11 08:29:53 - [MESSAGE][PASSED] - Current device physical height is 1423

2022-03-11 08:29:54 - [MESSAGE][PASSED] - Swiped from 10,711 to 710,711

2022-03-11 08:29:54 - [MESSAGE][PASSED] - scroll.scroll.scrollScreenLeftToRight is PASSED

2022-03-11 08:29:54 - [TEST_STEP][PASSED] - delay(1): Delayed 1 second(s)

2022-03-11 08:29:55 - [MESSAGE][PASSED] - Delayed 1 second(s)

2022-03-11 08:29:55 - [TEST_STEP][PASSED] - for ([i = 0, i < 1, (i++)]): Delayed 1 second(s)

2022-03-11 08:29:55 - [TEST_STEP][PASSED] - if (action == "downloadtaxreport"): null

2022-03-11 08:29:55 - [TEST_STEP][PASSED] - else if (action == "analyzeprofile"): null

2022-03-11 08:29:55 - [TEST_STEP][PASSED] - else if (action == "wa"): null

2022-03-11 08:29:55 - [TEST_STEP][PASSED] - else if (action == "email"): null

2022-03-11 08:29:55 - [TEST_STEP][PASSED] - else if (action == "setting"): null

2022-03-11 08:29:55 - [TEST_STEP][PASSED] - else if (action == "logout"): Delayed 1 second(s)

2022-03-11 08:29:55 - [TEST_STEP][PASSED] - logout = NAVM_BtnLogout: null

2022-03-11 08:29:55 - [TEST_STEP][PASSED] - tap(logout, 0): Tapped on element 'Object Repository/Mobile/Page/NavigationMenu/Button - Logout'

2022-03-11 08:29:55 - [MESSAGE][WARNING] - Timeout '0' is invalid. Using default page load timeout: '60'

2022-03-11 08:29:56 - [MESSAGE][PASSED] - Tapped on element 'Object Repository/Mobile/Page/NavigationMenu/Button - Logout'

2022-03-11 08:29:56 - [TEST_STEP][PASSED] - delay(1): Delayed 1 second(s)

2022-03-11 08:29:57 - [MESSAGE][PASSED] - Delayed 1 second(s)

2022-03-11 08:29:57 - [MESSAGE][PASSED] - Call Test Case 'Test Cases/Mobile/Page/NavigationMenu/NavigationMenu' successfully

2022-03-11 08:29:57 - [TEST_STEP][PASSED] - callTestCase(findTestCase("Mobile/Page/Run App/Terminate App"), [:], STOP_ON_FAILURE): Call Test Case 'Test Cases/Mobile/Page/Run App/Terminate App' successfully

2022-03-11 08:29:58 - [TEST_CASE][PASSED] - Test Cases/Mobile/Page/Run App/Terminate App: Test Cases/Mobile/Page/Run App/Terminate App

2022-03-11 08:29:58 - [TEST_STEP][PASSED] - startApp.OpenApp.terminateApplication(): startApp.OpenApp.terminateApplication is PASSED

2022-03-11 08:30:01 - [MESSAGE][PASSED] - Delayed 3 second(s)

2022-03-11 08:30:01 - [MESSAGE][PASSED] - Current device physical width is 720

2022-03-11 08:30:01 - [MESSAGE][PASSED] - Current device physical height is 1423

2022-03-11 08:30:02 - [MESSAGE][PASSED] - Swiped from 360,853 to 360,142

2022-03-11 08:30:04 - [MESSAGE][PASSED] - Delayed 1 second(s)

2022-03-11 08:30:05 - [MESSAGE][PASSED] - Swiped from 360,853 to 360,142

2022-03-11 08:30:08 - [MESSAGE][PASSED] - Delayed 3 second(s)

2022-03-11 08:30:08 - [MESSAGE][PASSED] - startApp.OpenApp.terminateApplication is PASSED

2022-03-11 08:30:08 - [MESSAGE][PASSED] - Call Test Case 'Test Cases/Mobile/Page/Run App/Terminate App' successfully]]></system-out>
         <system-err><![CDATA[]]></system-err>
      </testcase>
      <system-out><![CDATA[2022-03-11 08:22:20 - [TEST_SUITE][PASSED] - navigationmenu: Test Cases/Mobile/Scenario/NavigationMenu/006 - Logout]]></system-out>
      <system-err><![CDATA[]]></system-err>
   </testsuite>
</testsuites>
