<?xml version="1.0" encoding="UTF-8"?>
<testsuites name="analysis" time="283.534" tests="4" failures="0" skips="0" errors="0">
   <testsuite name="analysis" tests="4" failures="0" errors="0" time="283.534" skips="0" timestamp="2021-12-22 14:36:58" hostname="Owner - aldy-tft" id="Test Suites/analysis">
      <properties>
         <property name="deviceName" value="samsung SM-A205F (Android 11)"/>
         <property name="devicePlatform" value=""/>
         <property name="logFolder" value="C:\\Users\\Owner\\Documents\\kerjaan\\KatalonProject\\qa_katalon_pwm\\qa_katalon_pwm\\Reports\\20211222_143651\\analysis\\20211222_143651"/>
         <property name="logFiles" value="C:\\Users\\Owner\\Documents\\kerjaan\\KatalonProject\\qa_katalon_pwm\\qa_katalon_pwm\\Reports\\20211222_143651\\analysis\\20211222_143651\\appium.log, C:\\Users\\Owner\\Documents\\kerjaan\\KatalonProject\\qa_katalon_pwm\\qa_katalon_pwm\\Reports\\20211222_143651\\analysis\\20211222_143651\\execution0.log"/>
         <property name="attachments" value=""/>
         <property name="hostName" value="Owner - aldy-tft"/>
         <property name="os" value="Windows 10 64bit"/>
         <property name="appiumServerStatus" value="{&quot;value&quot;:{&quot;build&quot;:{&quot;version&quot;:&quot;1.22.0&quot;}},&quot;sessionId&quot;:null,&quot;status&quot;:0}"/>
         <property name="katalonVersion" value="7.9.1.208"/>
         <property name="deviceOS" value="Android"/>
         <property name="appiumVersion" value="1.22.0"/>
         <property name="deviceModel" value="SM-A205F"/>
         <property name="hostAddress" value="192.168.100.13"/>
         <property name="deviceManufacturer" value="samsung"/>
         <property name="deviceId" value="RR8M40C9AXE"/>
         <property name="deviceName" value="samsung SM-A205F (Android 11)"/>
         <property name="deviceOSVersion" value="11"/>
      </properties>
      <testcase name="Test Cases/Mobile/Scenario/Analysis/001 - User akses techincal analysis" time="93.663" classname="Test Cases/Mobile/Scenario/Analysis/001 - User akses techincal analysis" status="PASSED">
         <system-out><![CDATA[2021-12-22 14:36:59 - [TEST_CASE][PASSED] - Test Cases/Mobile/Scenario/Analysis/001 - User akses techincal analysis: Test Cases/Mobile/Scenario/Analysis/001 - User akses techincal analysis

2021-12-22 14:37:00 - [TEST_STEP][PASSED] - callTestCase(findTestCase("Mobile/Page/Run App/Run App byID"), [:], STOP_ON_FAILURE): Call Test Case 'Test Cases/Mobile/Page/Run App/Run App byID' successfully

2021-12-22 14:37:00 - [TEST_CASE][PASSED] - Test Cases/Mobile/Page/Run App/Run App byID: Test Cases/Mobile/Page/Run App/Run App byID

2021-12-22 14:37:00 - [TEST_STEP][PASSED] - startApp.OpenApp.startApplication("id.co.miraeasset.sageclub"): startApp.OpenApp.startApplication is PASSED

2021-12-22 14:37:03 - [MESSAGE][INFO] - Appium server started on port 63,085

2021-12-22 14:37:22 - [MESSAGE][PASSED] - Starting app with application ID: 'id.co.miraeasset.sageclub'

2021-12-22 14:37:22 - [MESSAGE][PASSED] - startApp.OpenApp.startApplication is PASSED

2021-12-22 14:37:22 - [MESSAGE][PASSED] - Call Test Case 'Test Cases/Mobile/Page/Run App/Run App byID' successfully

2021-12-22 14:37:22 - [TEST_STEP][PASSED] - callTestCase(findTestCase("Mobile/Page/Analysis/Analysis"), ["action":"technicalsearch"], CONTINUE_ON_FAILURE): Call Test Case 'Test Cases/Mobile/Page/Analysis/Analysis' successfully

2021-12-22 14:37:22 - [TEST_CASE][PASSED] - Test Cases/Mobile/Page/Analysis/Analysis: Test Cases/Mobile/Page/Analysis/Analysis

2021-12-22 14:37:22 - [TEST_STEP][PASSED] - callTestCase(findTestCase("Mobile/Page/CheckLogin"), [:], CONTINUE_ON_FAILURE): Call Test Case 'Test Cases/Mobile/Page/CheckLogin' successfully

2021-12-22 14:37:22 - [TEST_CASE][PASSED] - Test Cases/Mobile/Page/CheckLogin: Test Cases/Mobile/Page/CheckLogin

2021-12-22 14:37:23 - [TEST_STEP][PASSED] - loginCheck = verifyElementExist(findTestObject("Mobile/Page/Login/Button - Login"), 5, CONTINUE_ON_FAILURE): Element 'Object Repository/Mobile/Page/Login/Button - Login' is exist

2021-12-22 14:37:25 - [MESSAGE][PASSED] - Element 'Object Repository/Mobile/Page/Login/Button - Login' is exist

2021-12-22 14:37:25 - [TEST_STEP][PASSED] - if (loginCheck): Call Test Case 'Test Cases/Mobile/Page/Login/Login' successfully

2021-12-22 14:37:25 - [TEST_STEP][PASSED] - callTestCase(findTestCase("Mobile/Page/Login/Login"), [:], CONTINUE_ON_FAILURE): Call Test Case 'Test Cases/Mobile/Page/Login/Login' successfully

2021-12-22 14:37:25 - [TEST_CASE][PASSED] - Test Cases/Mobile/Page/Login/Login: Test Cases/Mobile/Page/Login/Login

2021-12-22 14:37:25 - [TEST_STEP][PASSED] - delay(2): Delayed 2 second(s)

2021-12-22 14:37:27 - [MESSAGE][PASSED] - Delayed 2 second(s)

2021-12-22 14:37:27 - [TEST_STEP][PASSED] - tap(findTestObject("Mobile/Page/Login/Input - UserID"), 0): Tapped on element 'Object Repository/Mobile/Page/Login/Input - UserID'

2021-12-22 14:37:27 - [MESSAGE][WARNING] - Timeout '0' is invalid. Using default page load timeout: '60'

2021-12-22 14:37:27 - [MESSAGE][PASSED] - Tapped on element 'Object Repository/Mobile/Page/Login/Input - UserID'

2021-12-22 14:37:27 - [TEST_STEP][PASSED] - delay(1): Delayed 1 second(s)

2021-12-22 14:37:29 - [MESSAGE][PASSED] - Delayed 1 second(s)

2021-12-22 14:37:29 - [TEST_STEP][PASSED] - setText(findTestObject("Mobile/Page/Login/Input Rdy - UserID"), "anggaaditya", 0): Text 'anggaaditya' has been set to element 'Object Repository/Mobile/Page/Login/Input Rdy - UserID'

2021-12-22 14:37:29 - [MESSAGE][WARNING] - Timeout '0' is invalid. Using default page load timeout: '60'

2021-12-22 14:37:30 - [MESSAGE][PASSED] - Text 'anggaaditya' has been set to element 'Object Repository/Mobile/Page/Login/Input Rdy - UserID'

2021-12-22 14:37:30 - [TEST_STEP][PASSED] - delay(1): Delayed 1 second(s)

2021-12-22 14:37:31 - [MESSAGE][PASSED] - Delayed 1 second(s)

2021-12-22 14:37:31 - [TEST_STEP][PASSED] - hideKeyboard(): Keyboard is hidden

2021-12-22 14:37:39 - [MESSAGE][PASSED] - Keyboard is hidden

2021-12-22 14:37:39 - [TEST_STEP][PASSED] - tap(findTestObject("Mobile/Page/Login/Input - Password"), 0): Tapped on element 'Object Repository/Mobile/Page/Login/Input - Password'

2021-12-22 14:37:39 - [MESSAGE][WARNING] - Timeout '0' is invalid. Using default page load timeout: '60'

2021-12-22 14:37:39 - [MESSAGE][PASSED] - Tapped on element 'Object Repository/Mobile/Page/Login/Input - Password'

2021-12-22 14:37:39 - [TEST_STEP][PASSED] - delay(1): Delayed 1 second(s)

2021-12-22 14:37:40 - [MESSAGE][PASSED] - Delayed 1 second(s)

2021-12-22 14:37:40 - [TEST_STEP][PASSED] - setText(findTestObject("Mobile/Page/Login/Input Rdy - Password"), "Shalawa18", 0): Text 'Shalawa18' has been set to element 'Object Repository/Mobile/Page/Login/Input Rdy - Password'

2021-12-22 14:37:40 - [MESSAGE][WARNING] - Timeout '0' is invalid. Using default page load timeout: '60'

2021-12-22 14:37:42 - [MESSAGE][PASSED] - Text 'Shalawa18' has been set to element 'Object Repository/Mobile/Page/Login/Input Rdy - Password'

2021-12-22 14:37:42 - [TEST_STEP][PASSED] - delay(1): Delayed 1 second(s)

2021-12-22 14:37:43 - [MESSAGE][PASSED] - Delayed 1 second(s)

2021-12-22 14:37:43 - [TEST_STEP][PASSED] - hideKeyboard(): Keyboard is hidden

2021-12-22 14:37:54 - [MESSAGE][PASSED] - Keyboard is hidden

2021-12-22 14:37:54 - [TEST_STEP][PASSED] - tap(findTestObject("Mobile/Page/Login/Button - Login"), 0): Tapped on element 'Object Repository/Mobile/Page/Login/Button - Login'

2021-12-22 14:37:54 - [MESSAGE][WARNING] - Timeout '0' is invalid. Using default page load timeout: '60'

2021-12-22 14:37:55 - [MESSAGE][PASSED] - Tapped on element 'Object Repository/Mobile/Page/Login/Button - Login'

2021-12-22 14:37:55 - [TEST_STEP][PASSED] - delay(2): Delayed 2 second(s)

2021-12-22 14:37:57 - [MESSAGE][PASSED] - Delayed 2 second(s)

2021-12-22 14:37:57 - [MESSAGE][PASSED] - Call Test Case 'Test Cases/Mobile/Page/Login/Login' successfully

2021-12-22 14:37:57 - [MESSAGE][PASSED] - Call Test Case 'Test Cases/Mobile/Page/CheckLogin' successfully

2021-12-22 14:37:57 - [TEST_STEP][PASSED] - tap(findTestObject("Mobile/Page/Home/Menubar - Analysis2"), 0): Tapped on element 'Object Repository/Mobile/Page/Home/Menubar - Analysis2'

2021-12-22 14:37:57 - [MESSAGE][WARNING] - Timeout '0' is invalid. Using default page load timeout: '60'

2021-12-22 14:37:58 - [MESSAGE][PASSED] - Tapped on element 'Object Repository/Mobile/Page/Home/Menubar - Analysis2'

2021-12-22 14:37:58 - [TEST_STEP][PASSED] - delay(1): Delayed 1 second(s)

2021-12-22 14:37:59 - [MESSAGE][PASSED] - Delayed 1 second(s)

2021-12-22 14:37:59 - [TEST_STEP][PASSED] - for ([i = 0, i < 1, (i++)]): Delayed 2 second(s)

2021-12-22 14:37:59 - [TEST_STEP][PASSED] - if (action == "technicalsearch"): Delayed 2 second(s)

2021-12-22 14:37:59 - [TEST_STEP][PASSED] - tap(findTestObject("Mobile/Page/Analysis/Dropdown - Technical Indicator"), 0): Tapped on element 'Object Repository/Mobile/Page/Analysis/Dropdown - Technical Indicator'

2021-12-22 14:37:59 - [MESSAGE][WARNING] - Timeout '0' is invalid. Using default page load timeout: '60'

2021-12-22 14:37:59 - [MESSAGE][PASSED] - Tapped on element 'Object Repository/Mobile/Page/Analysis/Dropdown - Technical Indicator'

2021-12-22 14:37:59 - [TEST_STEP][PASSED] - delay(1): Delayed 1 second(s)

2021-12-22 14:38:00 - [MESSAGE][PASSED] - Delayed 1 second(s)

2021-12-22 14:38:00 - [TEST_STEP][PASSED] - tap(findTestObject("Object Repository/Mobile/Page/Analysis/Option Technical Indicator - All"), 0): Tapped on element 'Object Repository/Mobile/Page/Analysis/Option Technical Indicator - All'

2021-12-22 14:38:01 - [MESSAGE][WARNING] - Timeout '0' is invalid. Using default page load timeout: '60'

2021-12-22 14:38:02 - [MESSAGE][PASSED] - Tapped on element 'Object Repository/Mobile/Page/Analysis/Option Technical Indicator - All'

2021-12-22 14:38:02 - [TEST_STEP][PASSED] - delay(1): Delayed 1 second(s)

2021-12-22 14:38:03 - [MESSAGE][PASSED] - Delayed 1 second(s)

2021-12-22 14:38:03 - [TEST_STEP][PASSED] - tap(findTestObject("Mobile/Page/Analysis/Dropdown - Market Cap"), 0): Tapped on element 'Object Repository/Mobile/Page/Analysis/Dropdown - Market Cap'

2021-12-22 14:38:03 - [MESSAGE][WARNING] - Timeout '0' is invalid. Using default page load timeout: '60'

2021-12-22 14:38:04 - [MESSAGE][PASSED] - Tapped on element 'Object Repository/Mobile/Page/Analysis/Dropdown - Market Cap'

2021-12-22 14:38:04 - [TEST_STEP][PASSED] - delay(1): Delayed 1 second(s)

2021-12-22 14:38:05 - [MESSAGE][PASSED] - Delayed 1 second(s)

2021-12-22 14:38:05 - [TEST_STEP][PASSED] - tap(findTestObject("Object Repository/Mobile/Page/Analysis/Option Market Cap - 1 Trillion"), 0): Tapped on element 'Object Repository/Mobile/Page/Analysis/Option Market Cap - 1 Trillion'

2021-12-22 14:38:05 - [MESSAGE][WARNING] - Timeout '0' is invalid. Using default page load timeout: '60'

2021-12-22 14:38:07 - [MESSAGE][PASSED] - Tapped on element 'Object Repository/Mobile/Page/Analysis/Option Market Cap - 1 Trillion'

2021-12-22 14:38:07 - [TEST_STEP][PASSED] - delay(1): Delayed 1 second(s)

2021-12-22 14:38:08 - [MESSAGE][PASSED] - Delayed 1 second(s)

2021-12-22 14:38:08 - [TEST_STEP][PASSED] - tap(findTestObject("Mobile/Page/Analysis/Dropdown - Transaction"), 0): Tapped on element 'Object Repository/Mobile/Page/Analysis/Dropdown - Transaction'

2021-12-22 14:38:08 - [MESSAGE][WARNING] - Timeout '0' is invalid. Using default page load timeout: '60'

2021-12-22 14:38:09 - [MESSAGE][PASSED] - Tapped on element 'Object Repository/Mobile/Page/Analysis/Dropdown - Transaction'

2021-12-22 14:38:09 - [TEST_STEP][PASSED] - delay(1): Delayed 1 second(s)

2021-12-22 14:38:10 - [MESSAGE][PASSED] - Delayed 1 second(s)

2021-12-22 14:38:10 - [TEST_STEP][PASSED] - tap(findTestObject("Object Repository/Mobile/Page/Analysis/Option Transaction - 1 Billion"), 0): Tapped on element 'Object Repository/Mobile/Page/Analysis/Option Transaction - 1 Billion'

2021-12-22 14:38:10 - [MESSAGE][WARNING] - Timeout '0' is invalid. Using default page load timeout: '60'

2021-12-22 14:38:11 - [MESSAGE][PASSED] - Tapped on element 'Object Repository/Mobile/Page/Analysis/Option Transaction - 1 Billion'

2021-12-22 14:38:11 - [TEST_STEP][PASSED] - delay(1): Delayed 1 second(s)

2021-12-22 14:38:12 - [MESSAGE][PASSED] - Delayed 1 second(s)

2021-12-22 14:38:12 - [TEST_STEP][PASSED] - tap(findTestObject("Mobile/Page/Analysis/Dropdown - Time Frame"), 0): Tapped on element 'Object Repository/Mobile/Page/Analysis/Dropdown - Time Frame'

2021-12-22 14:38:12 - [MESSAGE][WARNING] - Timeout '0' is invalid. Using default page load timeout: '60'

2021-12-22 14:38:14 - [MESSAGE][PASSED] - Tapped on element 'Object Repository/Mobile/Page/Analysis/Dropdown - Time Frame'

2021-12-22 14:38:14 - [TEST_STEP][PASSED] - delay(1): Delayed 1 second(s)

2021-12-22 14:38:15 - [MESSAGE][PASSED] - Delayed 1 second(s)

2021-12-22 14:38:15 - [TEST_STEP][PASSED] - tap(findTestObject("Object Repository/Mobile/Page/Analysis/Option Time Frame - Daily"), 0): Tapped on element 'Object Repository/Mobile/Page/Analysis/Option Time Frame - Daily'

2021-12-22 14:38:15 - [MESSAGE][WARNING] - Timeout '0' is invalid. Using default page load timeout: '60'

2021-12-22 14:38:16 - [MESSAGE][PASSED] - Tapped on element 'Object Repository/Mobile/Page/Analysis/Option Time Frame - Daily'

2021-12-22 14:38:16 - [TEST_STEP][PASSED] - delay(1): Delayed 1 second(s)

2021-12-22 14:38:17 - [MESSAGE][PASSED] - Delayed 1 second(s)

2021-12-22 14:38:17 - [TEST_STEP][PASSED] - tap(findTestObject("Mobile/Page/Analysis/Dropdown - Index"), 0): Tapped on element 'Object Repository/Mobile/Page/Analysis/Dropdown - Index'

2021-12-22 14:38:17 - [MESSAGE][WARNING] - Timeout '0' is invalid. Using default page load timeout: '60'

2021-12-22 14:38:18 - [MESSAGE][PASSED] - Tapped on element 'Object Repository/Mobile/Page/Analysis/Dropdown - Index'

2021-12-22 14:38:18 - [TEST_STEP][PASSED] - delay(1): Delayed 1 second(s)

2021-12-22 14:38:19 - [MESSAGE][PASSED] - Delayed 1 second(s)

2021-12-22 14:38:19 - [TEST_STEP][PASSED] - tap(findTestObject("Object Repository/Mobile/Page/Analysis/Option Index - Idx30"), 0): Tapped on element 'Object Repository/Mobile/Page/Analysis/Option Index - Idx30'

2021-12-22 14:38:19 - [MESSAGE][WARNING] - Timeout '0' is invalid. Using default page load timeout: '60'

2021-12-22 14:38:20 - [MESSAGE][PASSED] - Tapped on element 'Object Repository/Mobile/Page/Analysis/Option Index - Idx30'

2021-12-22 14:38:20 - [TEST_STEP][PASSED] - delay(2): Delayed 2 second(s)

2021-12-22 14:38:22 - [MESSAGE][PASSED] - Delayed 2 second(s)

2021-12-22 14:38:22 - [MESSAGE][PASSED] - Call Test Case 'Test Cases/Mobile/Page/Analysis/Analysis' successfully

2021-12-22 14:38:22 - [TEST_STEP][PASSED] - callTestCase(findTestCase("Mobile/Page/Run App/Terminate App"), [:], STOP_ON_FAILURE): Call Test Case 'Test Cases/Mobile/Page/Run App/Terminate App' successfully

2021-12-22 14:38:22 - [TEST_CASE][PASSED] - Test Cases/Mobile/Page/Run App/Terminate App: Test Cases/Mobile/Page/Run App/Terminate App

2021-12-22 14:38:22 - [TEST_STEP][PASSED] - startApp.OpenApp.terminateApplication(): startApp.OpenApp.terminateApplication is PASSED

2021-12-22 14:38:26 - [MESSAGE][PASSED] - Delayed 3 second(s)

2021-12-22 14:38:26 - [MESSAGE][PASSED] - Current device physical width is 720

2021-12-22 14:38:26 - [MESSAGE][PASSED] - Current device physical height is 1423

2021-12-22 14:38:28 - [MESSAGE][PASSED] - Swiped from 360,853 to 360,142

2021-12-22 14:38:29 - [MESSAGE][PASSED] - Delayed 1 second(s)

2021-12-22 14:38:30 - [MESSAGE][PASSED] - Swiped from 360,853 to 360,142

2021-12-22 14:38:33 - [MESSAGE][PASSED] - Delayed 3 second(s)

2021-12-22 14:38:33 - [MESSAGE][PASSED] - startApp.OpenApp.terminateApplication is PASSED

2021-12-22 14:38:33 - [MESSAGE][PASSED] - Call Test Case 'Test Cases/Mobile/Page/Run App/Terminate App' successfully]]></system-out>
         <system-err><![CDATA[]]></system-err>
      </testcase>
      <testcase name="Test Cases/Mobile/Scenario/Analysis/002 - User memilih salah satu saham (chart)" time="67.645" classname="Test Cases/Mobile/Scenario/Analysis/002 - User memilih salah satu saham (chart)" status="PASSED">
         <system-out><![CDATA[2021-12-22 14:38:33 - [TEST_CASE][PASSED] - Test Cases/Mobile/Scenario/Analysis/002 - User memilih salah satu saham (chart): Test Cases/Mobile/Scenario/Analysis/002 - User memilih salah satu saham (chart)

2021-12-22 14:38:33 - [TEST_STEP][PASSED] - callTestCase(findTestCase("Mobile/Page/Run App/Run App byID"), [:], STOP_ON_FAILURE): Call Test Case 'Test Cases/Mobile/Page/Run App/Run App byID' successfully

2021-12-22 14:38:33 - [TEST_CASE][PASSED] - Test Cases/Mobile/Page/Run App/Run App byID: Test Cases/Mobile/Page/Run App/Run App byID

2021-12-22 14:38:33 - [TEST_STEP][PASSED] - startApp.OpenApp.startApplication("id.co.miraeasset.sageclub"): startApp.OpenApp.startApplication is PASSED

2021-12-22 14:38:47 - [MESSAGE][PASSED] - Starting app with application ID: 'id.co.miraeasset.sageclub'

2021-12-22 14:38:47 - [MESSAGE][PASSED] - startApp.OpenApp.startApplication is PASSED

2021-12-22 14:38:47 - [MESSAGE][PASSED] - Call Test Case 'Test Cases/Mobile/Page/Run App/Run App byID' successfully

2021-12-22 14:38:47 - [TEST_STEP][PASSED] - callTestCase(findTestCase("Mobile/Page/Analysis/Analysis"), ["action":"technicaldetail"], CONTINUE_ON_FAILURE): Call Test Case 'Test Cases/Mobile/Page/Analysis/Analysis' successfully

2021-12-22 14:38:47 - [TEST_CASE][PASSED] - Test Cases/Mobile/Page/Analysis/Analysis: Test Cases/Mobile/Page/Analysis/Analysis

2021-12-22 14:38:47 - [TEST_STEP][PASSED] - callTestCase(findTestCase("Mobile/Page/CheckLogin"), [:], CONTINUE_ON_FAILURE): Call Test Case 'Test Cases/Mobile/Page/CheckLogin' successfully

2021-12-22 14:38:47 - [TEST_CASE][PASSED] - Test Cases/Mobile/Page/CheckLogin: Test Cases/Mobile/Page/CheckLogin

2021-12-22 14:38:47 - [TEST_STEP][PASSED] - loginCheck = verifyElementExist(findTestObject("Mobile/Page/Login/Button - Login"), 5, CONTINUE_ON_FAILURE): Element 'Object Repository/Mobile/Page/Login/Button - Login' is exist

2021-12-22 14:38:49 - [MESSAGE][PASSED] - Element 'Object Repository/Mobile/Page/Login/Button - Login' is exist

2021-12-22 14:38:49 - [TEST_STEP][PASSED] - if (loginCheck): Call Test Case 'Test Cases/Mobile/Page/Login/Login' successfully

2021-12-22 14:38:49 - [TEST_STEP][PASSED] - callTestCase(findTestCase("Mobile/Page/Login/Login"), [:], CONTINUE_ON_FAILURE): Call Test Case 'Test Cases/Mobile/Page/Login/Login' successfully

2021-12-22 14:38:49 - [TEST_CASE][PASSED] - Test Cases/Mobile/Page/Login/Login: Test Cases/Mobile/Page/Login/Login

2021-12-22 14:38:49 - [TEST_STEP][PASSED] - delay(2): Delayed 2 second(s)

2021-12-22 14:38:51 - [MESSAGE][PASSED] - Delayed 2 second(s)

2021-12-22 14:38:51 - [TEST_STEP][PASSED] - tap(findTestObject("Mobile/Page/Login/Input - UserID"), 0): Tapped on element 'Object Repository/Mobile/Page/Login/Input - UserID'

2021-12-22 14:38:51 - [MESSAGE][WARNING] - Timeout '0' is invalid. Using default page load timeout: '60'

2021-12-22 14:38:51 - [MESSAGE][PASSED] - Tapped on element 'Object Repository/Mobile/Page/Login/Input - UserID'

2021-12-22 14:38:51 - [TEST_STEP][PASSED] - delay(1): Delayed 1 second(s)

2021-12-22 14:38:52 - [MESSAGE][PASSED] - Delayed 1 second(s)

2021-12-22 14:38:52 - [TEST_STEP][PASSED] - setText(findTestObject("Mobile/Page/Login/Input Rdy - UserID"), "anggaaditya", 0): Text 'anggaaditya' has been set to element 'Object Repository/Mobile/Page/Login/Input Rdy - UserID'

2021-12-22 14:38:52 - [MESSAGE][WARNING] - Timeout '0' is invalid. Using default page load timeout: '60'

2021-12-22 14:38:53 - [MESSAGE][PASSED] - Text 'anggaaditya' has been set to element 'Object Repository/Mobile/Page/Login/Input Rdy - UserID'

2021-12-22 14:38:53 - [TEST_STEP][PASSED] - delay(1): Delayed 1 second(s)

2021-12-22 14:38:54 - [MESSAGE][PASSED] - Delayed 1 second(s)

2021-12-22 14:38:54 - [TEST_STEP][PASSED] - hideKeyboard(): Keyboard is hidden

2021-12-22 14:38:59 - [MESSAGE][PASSED] - Keyboard is hidden

2021-12-22 14:38:59 - [TEST_STEP][PASSED] - tap(findTestObject("Mobile/Page/Login/Input - Password"), 0): Tapped on element 'Object Repository/Mobile/Page/Login/Input - Password'

2021-12-22 14:38:59 - [MESSAGE][WARNING] - Timeout '0' is invalid. Using default page load timeout: '60'

2021-12-22 14:39:00 - [MESSAGE][PASSED] - Tapped on element 'Object Repository/Mobile/Page/Login/Input - Password'

2021-12-22 14:39:00 - [TEST_STEP][PASSED] - delay(1): Delayed 1 second(s)

2021-12-22 14:39:01 - [MESSAGE][PASSED] - Delayed 1 second(s)

2021-12-22 14:39:01 - [TEST_STEP][PASSED] - setText(findTestObject("Mobile/Page/Login/Input Rdy - Password"), "Shalawa18", 0): Text 'Shalawa18' has been set to element 'Object Repository/Mobile/Page/Login/Input Rdy - Password'

2021-12-22 14:39:01 - [MESSAGE][WARNING] - Timeout '0' is invalid. Using default page load timeout: '60'

2021-12-22 14:39:01 - [MESSAGE][PASSED] - Text 'Shalawa18' has been set to element 'Object Repository/Mobile/Page/Login/Input Rdy - Password'

2021-12-22 14:39:01 - [TEST_STEP][PASSED] - delay(1): Delayed 1 second(s)

2021-12-22 14:39:03 - [MESSAGE][PASSED] - Delayed 1 second(s)

2021-12-22 14:39:03 - [TEST_STEP][PASSED] - hideKeyboard(): Keyboard is hidden

2021-12-22 14:39:09 - [MESSAGE][PASSED] - Keyboard is hidden

2021-12-22 14:39:09 - [TEST_STEP][PASSED] - tap(findTestObject("Mobile/Page/Login/Button - Login"), 0): Tapped on element 'Object Repository/Mobile/Page/Login/Button - Login'

2021-12-22 14:39:09 - [MESSAGE][WARNING] - Timeout '0' is invalid. Using default page load timeout: '60'

2021-12-22 14:39:10 - [MESSAGE][PASSED] - Tapped on element 'Object Repository/Mobile/Page/Login/Button - Login'

2021-12-22 14:39:10 - [TEST_STEP][PASSED] - delay(2): Delayed 2 second(s)

2021-12-22 14:39:12 - [MESSAGE][PASSED] - Delayed 2 second(s)

2021-12-22 14:39:12 - [MESSAGE][PASSED] - Call Test Case 'Test Cases/Mobile/Page/Login/Login' successfully

2021-12-22 14:39:12 - [MESSAGE][PASSED] - Call Test Case 'Test Cases/Mobile/Page/CheckLogin' successfully

2021-12-22 14:39:12 - [TEST_STEP][PASSED] - tap(findTestObject("Mobile/Page/Home/Menubar - Analysis2"), 0): Tapped on element 'Object Repository/Mobile/Page/Home/Menubar - Analysis2'

2021-12-22 14:39:12 - [MESSAGE][WARNING] - Timeout '0' is invalid. Using default page load timeout: '60'

2021-12-22 14:39:12 - [MESSAGE][PASSED] - Tapped on element 'Object Repository/Mobile/Page/Home/Menubar - Analysis2'

2021-12-22 14:39:12 - [TEST_STEP][PASSED] - delay(1): Delayed 1 second(s)

2021-12-22 14:39:13 - [MESSAGE][PASSED] - Delayed 1 second(s)

2021-12-22 14:39:13 - [TEST_STEP][PASSED] - for ([i = 0, i < 1, (i++)]): Delayed 2 second(s)

2021-12-22 14:39:13 - [TEST_STEP][PASSED] - if (action == "technicalsearch"): null

2021-12-22 14:39:13 - [TEST_STEP][PASSED] - else if (action == "technicaldetail"): Delayed 2 second(s)

2021-12-22 14:39:13 - [TEST_STEP][PASSED] - tap(findTestObject("Mobile/Page/Analysis/Item - Top Technical"), 0): Tapped on element 'Object Repository/Mobile/Page/Analysis/Item - Top Technical'

2021-12-22 14:39:13 - [MESSAGE][WARNING] - Timeout '0' is invalid. Using default page load timeout: '60'

2021-12-22 14:39:15 - [MESSAGE][PASSED] - Tapped on element 'Object Repository/Mobile/Page/Analysis/Item - Top Technical'

2021-12-22 14:39:15 - [TEST_STEP][PASSED] - delay(3): Delayed 3 second(s)

2021-12-22 14:39:18 - [MESSAGE][PASSED] - Delayed 3 second(s)

2021-12-22 14:39:18 - [TEST_STEP][PASSED] - tap(findTestObject("Object Repository/Mobile/Page/Analysis/Detail/Button - D"), 0): Tapped on element 'Object Repository/Mobile/Page/Analysis/Detail/Button - D'

2021-12-22 14:39:18 - [MESSAGE][WARNING] - Timeout '0' is invalid. Using default page load timeout: '60'

2021-12-22 14:39:19 - [MESSAGE][PASSED] - Tapped on element 'Object Repository/Mobile/Page/Analysis/Detail/Button - D'

2021-12-22 14:39:19 - [TEST_STEP][PASSED] - delay(2): Delayed 2 second(s)

2021-12-22 14:39:21 - [MESSAGE][PASSED] - Delayed 2 second(s)

2021-12-22 14:39:21 - [TEST_STEP][PASSED] - tap(findTestObject("Object Repository/Mobile/Page/Analysis/Detail/Button - W"), 0): Tapped on element 'Object Repository/Mobile/Page/Analysis/Detail/Button - W'

2021-12-22 14:39:21 - [MESSAGE][WARNING] - Timeout '0' is invalid. Using default page load timeout: '60'

2021-12-22 14:39:22 - [MESSAGE][PASSED] - Tapped on element 'Object Repository/Mobile/Page/Analysis/Detail/Button - W'

2021-12-22 14:39:22 - [TEST_STEP][PASSED] - delay(2): Delayed 2 second(s)

2021-12-22 14:39:24 - [MESSAGE][PASSED] - Delayed 2 second(s)

2021-12-22 14:39:24 - [TEST_STEP][PASSED] - tap(findTestObject("Object Repository/Mobile/Page/Analysis/Detail/Button - M"), 0): Tapped on element 'Object Repository/Mobile/Page/Analysis/Detail/Button - M'

2021-12-22 14:39:24 - [MESSAGE][WARNING] - Timeout '0' is invalid. Using default page load timeout: '60'

2021-12-22 14:39:25 - [MESSAGE][PASSED] - Tapped on element 'Object Repository/Mobile/Page/Analysis/Detail/Button - M'

2021-12-22 14:39:25 - [TEST_STEP][PASSED] - delay(2): Delayed 2 second(s)

2021-12-22 14:39:27 - [MESSAGE][PASSED] - Delayed 2 second(s)

2021-12-22 14:39:27 - [TEST_STEP][PASSED] - tap(findTestObject("Object Repository/Mobile/Page/Analysis/Detail/Button - Y"), 0): Tapped on element 'Object Repository/Mobile/Page/Analysis/Detail/Button - Y'

2021-12-22 14:39:27 - [MESSAGE][WARNING] - Timeout '0' is invalid. Using default page load timeout: '60'

2021-12-22 14:39:28 - [MESSAGE][PASSED] - Tapped on element 'Object Repository/Mobile/Page/Analysis/Detail/Button - Y'

2021-12-22 14:39:28 - [TEST_STEP][PASSED] - delay(2): Delayed 2 second(s)

2021-12-22 14:39:30 - [MESSAGE][PASSED] - Delayed 2 second(s)

2021-12-22 14:39:30 - [MESSAGE][PASSED] - Call Test Case 'Test Cases/Mobile/Page/Analysis/Analysis' successfully

2021-12-22 14:39:30 - [TEST_STEP][PASSED] - callTestCase(findTestCase("Mobile/Page/Run App/Terminate App"), [:], STOP_ON_FAILURE): Call Test Case 'Test Cases/Mobile/Page/Run App/Terminate App' successfully

2021-12-22 14:39:30 - [TEST_CASE][PASSED] - Test Cases/Mobile/Page/Run App/Terminate App: Test Cases/Mobile/Page/Run App/Terminate App

2021-12-22 14:39:30 - [TEST_STEP][PASSED] - startApp.OpenApp.terminateApplication(): startApp.OpenApp.terminateApplication is PASSED

2021-12-22 14:39:34 - [MESSAGE][PASSED] - Delayed 3 second(s)

2021-12-22 14:39:34 - [MESSAGE][PASSED] - Current device physical width is 720

2021-12-22 14:39:34 - [MESSAGE][PASSED] - Current device physical height is 1423

2021-12-22 14:39:35 - [MESSAGE][PASSED] - Swiped from 360,853 to 360,142

2021-12-22 14:39:36 - [MESSAGE][PASSED] - Delayed 1 second(s)

2021-12-22 14:39:37 - [MESSAGE][PASSED] - Swiped from 360,853 to 360,142

2021-12-22 14:39:40 - [MESSAGE][PASSED] - Delayed 3 second(s)

2021-12-22 14:39:40 - [MESSAGE][PASSED] - startApp.OpenApp.terminateApplication is PASSED

2021-12-22 14:39:40 - [MESSAGE][PASSED] - Call Test Case 'Test Cases/Mobile/Page/Run App/Terminate App' successfully]]></system-out>
         <system-err><![CDATA[]]></system-err>
      </testcase>
      <testcase name="Test Cases/Mobile/Scenario/Analysis/003 - User memilh Research Report" time="56.814" classname="Test Cases/Mobile/Scenario/Analysis/003 - User memilh Research Report" status="PASSED">
         <system-out><![CDATA[2021-12-22 14:39:41 - [TEST_CASE][PASSED] - Test Cases/Mobile/Scenario/Analysis/003 - User memilh Research Report: Test Cases/Mobile/Scenario/Analysis/003 - User memilh Research Report

2021-12-22 14:39:41 - [TEST_STEP][PASSED] - callTestCase(findTestCase("Mobile/Page/Run App/Run App byID"), [:], STOP_ON_FAILURE): Call Test Case 'Test Cases/Mobile/Page/Run App/Run App byID' successfully

2021-12-22 14:39:41 - [TEST_CASE][PASSED] - Test Cases/Mobile/Page/Run App/Run App byID: Test Cases/Mobile/Page/Run App/Run App byID

2021-12-22 14:39:41 - [TEST_STEP][PASSED] - startApp.OpenApp.startApplication("id.co.miraeasset.sageclub"): startApp.OpenApp.startApplication is PASSED

2021-12-22 14:39:52 - [MESSAGE][PASSED] - Starting app with application ID: 'id.co.miraeasset.sageclub'

2021-12-22 14:39:52 - [MESSAGE][PASSED] - startApp.OpenApp.startApplication is PASSED

2021-12-22 14:39:52 - [MESSAGE][PASSED] - Call Test Case 'Test Cases/Mobile/Page/Run App/Run App byID' successfully

2021-12-22 14:39:52 - [TEST_STEP][PASSED] - callTestCase(findTestCase("Mobile/Page/Analysis/Analysis"), ["action":"researchdetail"], CONTINUE_ON_FAILURE): Call Test Case 'Test Cases/Mobile/Page/Analysis/Analysis' successfully

2021-12-22 14:39:52 - [TEST_CASE][PASSED] - Test Cases/Mobile/Page/Analysis/Analysis: Test Cases/Mobile/Page/Analysis/Analysis

2021-12-22 14:39:52 - [TEST_STEP][PASSED] - callTestCase(findTestCase("Mobile/Page/CheckLogin"), [:], CONTINUE_ON_FAILURE): Call Test Case 'Test Cases/Mobile/Page/CheckLogin' successfully

2021-12-22 14:39:52 - [TEST_CASE][PASSED] - Test Cases/Mobile/Page/CheckLogin: Test Cases/Mobile/Page/CheckLogin

2021-12-22 14:39:52 - [TEST_STEP][PASSED] - loginCheck = verifyElementExist(findTestObject("Mobile/Page/Login/Button - Login"), 5, CONTINUE_ON_FAILURE): Element 'Object Repository/Mobile/Page/Login/Button - Login' is exist

2021-12-22 14:39:54 - [MESSAGE][PASSED] - Element 'Object Repository/Mobile/Page/Login/Button - Login' is exist

2021-12-22 14:39:54 - [TEST_STEP][PASSED] - if (loginCheck): Call Test Case 'Test Cases/Mobile/Page/Login/Login' successfully

2021-12-22 14:39:54 - [TEST_STEP][PASSED] - callTestCase(findTestCase("Mobile/Page/Login/Login"), [:], CONTINUE_ON_FAILURE): Call Test Case 'Test Cases/Mobile/Page/Login/Login' successfully

2021-12-22 14:39:54 - [TEST_CASE][PASSED] - Test Cases/Mobile/Page/Login/Login: Test Cases/Mobile/Page/Login/Login

2021-12-22 14:39:54 - [TEST_STEP][PASSED] - delay(2): Delayed 2 second(s)

2021-12-22 14:39:56 - [MESSAGE][PASSED] - Delayed 2 second(s)

2021-12-22 14:39:56 - [TEST_STEP][PASSED] - tap(findTestObject("Mobile/Page/Login/Input - UserID"), 0): Tapped on element 'Object Repository/Mobile/Page/Login/Input - UserID'

2021-12-22 14:39:56 - [MESSAGE][WARNING] - Timeout '0' is invalid. Using default page load timeout: '60'

2021-12-22 14:39:57 - [MESSAGE][PASSED] - Tapped on element 'Object Repository/Mobile/Page/Login/Input - UserID'

2021-12-22 14:39:57 - [TEST_STEP][PASSED] - delay(1): Delayed 1 second(s)

2021-12-22 14:39:58 - [MESSAGE][PASSED] - Delayed 1 second(s)

2021-12-22 14:39:58 - [TEST_STEP][PASSED] - setText(findTestObject("Mobile/Page/Login/Input Rdy - UserID"), "anggaaditya", 0): Text 'anggaaditya' has been set to element 'Object Repository/Mobile/Page/Login/Input Rdy - UserID'

2021-12-22 14:39:58 - [MESSAGE][WARNING] - Timeout '0' is invalid. Using default page load timeout: '60'

2021-12-22 14:39:58 - [MESSAGE][PASSED] - Text 'anggaaditya' has been set to element 'Object Repository/Mobile/Page/Login/Input Rdy - UserID'

2021-12-22 14:39:58 - [TEST_STEP][PASSED] - delay(1): Delayed 1 second(s)

2021-12-22 14:40:00 - [MESSAGE][PASSED] - Delayed 1 second(s)

2021-12-22 14:40:00 - [TEST_STEP][PASSED] - hideKeyboard(): Keyboard is hidden

2021-12-22 14:40:03 - [MESSAGE][PASSED] - Keyboard is hidden

2021-12-22 14:40:03 - [TEST_STEP][PASSED] - tap(findTestObject("Mobile/Page/Login/Input - Password"), 0): Tapped on element 'Object Repository/Mobile/Page/Login/Input - Password'

2021-12-22 14:40:03 - [MESSAGE][WARNING] - Timeout '0' is invalid. Using default page load timeout: '60'

2021-12-22 14:40:03 - [MESSAGE][PASSED] - Tapped on element 'Object Repository/Mobile/Page/Login/Input - Password'

2021-12-22 14:40:03 - [TEST_STEP][PASSED] - delay(1): Delayed 1 second(s)

2021-12-22 14:40:04 - [MESSAGE][PASSED] - Delayed 1 second(s)

2021-12-22 14:40:04 - [TEST_STEP][PASSED] - setText(findTestObject("Mobile/Page/Login/Input Rdy - Password"), "Shalawa18", 0): Text 'Shalawa18' has been set to element 'Object Repository/Mobile/Page/Login/Input Rdy - Password'

2021-12-22 14:40:04 - [MESSAGE][WARNING] - Timeout '0' is invalid. Using default page load timeout: '60'

2021-12-22 14:40:05 - [MESSAGE][PASSED] - Text 'Shalawa18' has been set to element 'Object Repository/Mobile/Page/Login/Input Rdy - Password'

2021-12-22 14:40:05 - [TEST_STEP][PASSED] - delay(1): Delayed 1 second(s)

2021-12-22 14:40:06 - [MESSAGE][PASSED] - Delayed 1 second(s)

2021-12-22 14:40:06 - [TEST_STEP][PASSED] - hideKeyboard(): Keyboard is hidden

2021-12-22 14:40:12 - [MESSAGE][PASSED] - Keyboard is hidden

2021-12-22 14:40:12 - [TEST_STEP][PASSED] - tap(findTestObject("Mobile/Page/Login/Button - Login"), 0): Tapped on element 'Object Repository/Mobile/Page/Login/Button - Login'

2021-12-22 14:40:12 - [MESSAGE][WARNING] - Timeout '0' is invalid. Using default page load timeout: '60'

2021-12-22 14:40:13 - [MESSAGE][PASSED] - Tapped on element 'Object Repository/Mobile/Page/Login/Button - Login'

2021-12-22 14:40:13 - [TEST_STEP][PASSED] - delay(2): Delayed 2 second(s)

2021-12-22 14:40:15 - [MESSAGE][PASSED] - Delayed 2 second(s)

2021-12-22 14:40:15 - [MESSAGE][PASSED] - Call Test Case 'Test Cases/Mobile/Page/Login/Login' successfully

2021-12-22 14:40:15 - [MESSAGE][PASSED] - Call Test Case 'Test Cases/Mobile/Page/CheckLogin' successfully

2021-12-22 14:40:15 - [TEST_STEP][PASSED] - tap(findTestObject("Mobile/Page/Home/Menubar - Analysis2"), 0): Tapped on element 'Object Repository/Mobile/Page/Home/Menubar - Analysis2'

2021-12-22 14:40:15 - [MESSAGE][WARNING] - Timeout '0' is invalid. Using default page load timeout: '60'

2021-12-22 14:40:16 - [MESSAGE][PASSED] - Tapped on element 'Object Repository/Mobile/Page/Home/Menubar - Analysis2'

2021-12-22 14:40:16 - [TEST_STEP][PASSED] - delay(1): Delayed 1 second(s)

2021-12-22 14:40:17 - [MESSAGE][PASSED] - Delayed 1 second(s)

2021-12-22 14:40:17 - [TEST_STEP][PASSED] - for ([i = 0, i < 1, (i++)]): Press back button successfully

2021-12-22 14:40:17 - [TEST_STEP][PASSED] - if (action == "technicalsearch"): null

2021-12-22 14:40:17 - [TEST_STEP][PASSED] - else if (action == "technicaldetail"): null

2021-12-22 14:40:17 - [TEST_STEP][PASSED] - else if (action == "researchdetail"): Press back button successfully

2021-12-22 14:40:17 - [TEST_STEP][PASSED] - tap(findTestObject("Mobile/Page/Analysis/Tab - Research Report"), 0): Tapped on element 'Object Repository/Mobile/Page/Analysis/Tab - Research Report'

2021-12-22 14:40:17 - [MESSAGE][WARNING] - Timeout '0' is invalid. Using default page load timeout: '60'

2021-12-22 14:40:19 - [MESSAGE][PASSED] - Tapped on element 'Object Repository/Mobile/Page/Analysis/Tab - Research Report'

2021-12-22 14:40:19 - [TEST_STEP][PASSED] - delay(1): Delayed 1 second(s)

2021-12-22 14:40:20 - [MESSAGE][PASSED] - Delayed 1 second(s)

2021-12-22 14:40:20 - [TEST_STEP][PASSED] - tapAndHold(findTestObject("Mobile/Page/Analysis/Item - Top Search"), 1, 0): Tapped and held on element 'Object Repository/Mobile/Page/Analysis/Item - Top Search' with duration 1

2021-12-22 14:40:20 - [MESSAGE][WARNING] - Timeout '0' is invalid. Using default page load timeout: '60'

2021-12-22 14:40:23 - [MESSAGE][PASSED] - Tapped and held on element 'Object Repository/Mobile/Page/Analysis/Item - Top Search' with duration 1

2021-12-22 14:40:23 - [TEST_STEP][PASSED] - delay(3): Delayed 3 second(s)

2021-12-22 14:40:26 - [MESSAGE][PASSED] - Delayed 3 second(s)

2021-12-22 14:40:26 - [TEST_STEP][PASSED] - pressBack(): Press back button successfully

2021-12-22 14:40:26 - [MESSAGE][PASSED] - Press back button successfully

2021-12-22 14:40:26 - [MESSAGE][PASSED] - Call Test Case 'Test Cases/Mobile/Page/Analysis/Analysis' successfully

2021-12-22 14:40:26 - [TEST_STEP][PASSED] - callTestCase(findTestCase("Mobile/Page/Run App/Terminate App"), [:], STOP_ON_FAILURE): Call Test Case 'Test Cases/Mobile/Page/Run App/Terminate App' successfully

2021-12-22 14:40:26 - [TEST_CASE][PASSED] - Test Cases/Mobile/Page/Run App/Terminate App: Test Cases/Mobile/Page/Run App/Terminate App

2021-12-22 14:40:26 - [TEST_STEP][PASSED] - startApp.OpenApp.terminateApplication(): startApp.OpenApp.terminateApplication is PASSED

2021-12-22 14:40:30 - [MESSAGE][PASSED] - Delayed 3 second(s)

2021-12-22 14:40:30 - [MESSAGE][PASSED] - Current device physical width is 720

2021-12-22 14:40:31 - [MESSAGE][PASSED] - Current device physical height is 1423

2021-12-22 14:40:32 - [MESSAGE][PASSED] - Swiped from 360,853 to 360,142

2021-12-22 14:40:33 - [MESSAGE][PASSED] - Delayed 1 second(s)

2021-12-22 14:40:34 - [MESSAGE][PASSED] - Swiped from 360,853 to 360,142

2021-12-22 14:40:37 - [MESSAGE][PASSED] - Delayed 3 second(s)

2021-12-22 14:40:37 - [MESSAGE][PASSED] - startApp.OpenApp.terminateApplication is PASSED

2021-12-22 14:40:37 - [MESSAGE][PASSED] - Call Test Case 'Test Cases/Mobile/Page/Run App/Terminate App' successfully]]></system-out>
         <system-err><![CDATA[]]></system-err>
      </testcase>
      <testcase name="Test Cases/Mobile/Scenario/Analysis/004 - User mencari research report" time="64.524" classname="Test Cases/Mobile/Scenario/Analysis/004 - User mencari research report" status="PASSED">
         <system-out><![CDATA[2021-12-22 14:40:37 - [TEST_CASE][PASSED] - Test Cases/Mobile/Scenario/Analysis/004 - User mencari research report: Test Cases/Mobile/Scenario/Analysis/004 - User mencari research report

2021-12-22 14:40:38 - [TEST_STEP][PASSED] - callTestCase(findTestCase("Mobile/Page/Run App/Run App byID"), [:], STOP_ON_FAILURE): Call Test Case 'Test Cases/Mobile/Page/Run App/Run App byID' successfully

2021-12-22 14:40:38 - [TEST_CASE][PASSED] - Test Cases/Mobile/Page/Run App/Run App byID: Test Cases/Mobile/Page/Run App/Run App byID

2021-12-22 14:40:38 - [TEST_STEP][PASSED] - startApp.OpenApp.startApplication("id.co.miraeasset.sageclub"): startApp.OpenApp.startApplication is PASSED

2021-12-22 14:40:50 - [MESSAGE][PASSED] - Starting app with application ID: 'id.co.miraeasset.sageclub'

2021-12-22 14:40:50 - [MESSAGE][PASSED] - startApp.OpenApp.startApplication is PASSED

2021-12-22 14:40:50 - [MESSAGE][PASSED] - Call Test Case 'Test Cases/Mobile/Page/Run App/Run App byID' successfully

2021-12-22 14:40:50 - [TEST_STEP][PASSED] - callTestCase(findTestCase("Mobile/Page/Analysis/Analysis"), ["action":"researchsearch"], CONTINUE_ON_FAILURE): Call Test Case 'Test Cases/Mobile/Page/Analysis/Analysis' successfully

2021-12-22 14:40:50 - [TEST_CASE][PASSED] - Test Cases/Mobile/Page/Analysis/Analysis: Test Cases/Mobile/Page/Analysis/Analysis

2021-12-22 14:40:50 - [TEST_STEP][PASSED] - callTestCase(findTestCase("Mobile/Page/CheckLogin"), [:], CONTINUE_ON_FAILURE): Call Test Case 'Test Cases/Mobile/Page/CheckLogin' successfully

2021-12-22 14:40:50 - [TEST_CASE][PASSED] - Test Cases/Mobile/Page/CheckLogin: Test Cases/Mobile/Page/CheckLogin

2021-12-22 14:40:50 - [TEST_STEP][PASSED] - loginCheck = verifyElementExist(findTestObject("Mobile/Page/Login/Button - Login"), 5, CONTINUE_ON_FAILURE): Element 'Object Repository/Mobile/Page/Login/Button - Login' is exist

2021-12-22 14:40:53 - [MESSAGE][PASSED] - Element 'Object Repository/Mobile/Page/Login/Button - Login' is exist

2021-12-22 14:40:53 - [TEST_STEP][PASSED] - if (loginCheck): Call Test Case 'Test Cases/Mobile/Page/Login/Login' successfully

2021-12-22 14:40:53 - [TEST_STEP][PASSED] - callTestCase(findTestCase("Mobile/Page/Login/Login"), [:], CONTINUE_ON_FAILURE): Call Test Case 'Test Cases/Mobile/Page/Login/Login' successfully

2021-12-22 14:40:53 - [TEST_CASE][PASSED] - Test Cases/Mobile/Page/Login/Login: Test Cases/Mobile/Page/Login/Login

2021-12-22 14:40:53 - [TEST_STEP][PASSED] - delay(2): Delayed 2 second(s)

2021-12-22 14:40:55 - [MESSAGE][PASSED] - Delayed 2 second(s)

2021-12-22 14:40:55 - [TEST_STEP][PASSED] - tap(findTestObject("Mobile/Page/Login/Input - UserID"), 0): Tapped on element 'Object Repository/Mobile/Page/Login/Input - UserID'

2021-12-22 14:40:55 - [MESSAGE][WARNING] - Timeout '0' is invalid. Using default page load timeout: '60'

2021-12-22 14:40:55 - [MESSAGE][PASSED] - Tapped on element 'Object Repository/Mobile/Page/Login/Input - UserID'

2021-12-22 14:40:55 - [TEST_STEP][PASSED] - delay(1): Delayed 1 second(s)

2021-12-22 14:40:56 - [MESSAGE][PASSED] - Delayed 1 second(s)

2021-12-22 14:40:56 - [TEST_STEP][PASSED] - setText(findTestObject("Mobile/Page/Login/Input Rdy - UserID"), "anggaaditya", 0): Text 'anggaaditya' has been set to element 'Object Repository/Mobile/Page/Login/Input Rdy - UserID'

2021-12-22 14:40:56 - [MESSAGE][WARNING] - Timeout '0' is invalid. Using default page load timeout: '60'

2021-12-22 14:40:57 - [MESSAGE][PASSED] - Text 'anggaaditya' has been set to element 'Object Repository/Mobile/Page/Login/Input Rdy - UserID'

2021-12-22 14:40:57 - [TEST_STEP][PASSED] - delay(1): Delayed 1 second(s)

2021-12-22 14:40:58 - [MESSAGE][PASSED] - Delayed 1 second(s)

2021-12-22 14:40:58 - [TEST_STEP][PASSED] - hideKeyboard(): Keyboard is hidden

2021-12-22 14:41:04 - [MESSAGE][PASSED] - Keyboard is hidden

2021-12-22 14:41:05 - [TEST_STEP][PASSED] - tap(findTestObject("Mobile/Page/Login/Input - Password"), 0): Tapped on element 'Object Repository/Mobile/Page/Login/Input - Password'

2021-12-22 14:41:05 - [MESSAGE][WARNING] - Timeout '0' is invalid. Using default page load timeout: '60'

2021-12-22 14:41:05 - [MESSAGE][PASSED] - Tapped on element 'Object Repository/Mobile/Page/Login/Input - Password'

2021-12-22 14:41:05 - [TEST_STEP][PASSED] - delay(1): Delayed 1 second(s)

2021-12-22 14:41:06 - [MESSAGE][PASSED] - Delayed 1 second(s)

2021-12-22 14:41:06 - [TEST_STEP][PASSED] - setText(findTestObject("Mobile/Page/Login/Input Rdy - Password"), "Shalawa18", 0): Text 'Shalawa18' has been set to element 'Object Repository/Mobile/Page/Login/Input Rdy - Password'

2021-12-22 14:41:06 - [MESSAGE][WARNING] - Timeout '0' is invalid. Using default page load timeout: '60'

2021-12-22 14:41:07 - [MESSAGE][PASSED] - Text 'Shalawa18' has been set to element 'Object Repository/Mobile/Page/Login/Input Rdy - Password'

2021-12-22 14:41:07 - [TEST_STEP][PASSED] - delay(1): Delayed 1 second(s)

2021-12-22 14:41:08 - [MESSAGE][PASSED] - Delayed 1 second(s)

2021-12-22 14:41:08 - [TEST_STEP][PASSED] - hideKeyboard(): Keyboard is hidden

2021-12-22 14:41:15 - [MESSAGE][PASSED] - Keyboard is hidden

2021-12-22 14:41:15 - [TEST_STEP][PASSED] - tap(findTestObject("Mobile/Page/Login/Button - Login"), 0): Tapped on element 'Object Repository/Mobile/Page/Login/Button - Login'

2021-12-22 14:41:15 - [MESSAGE][WARNING] - Timeout '0' is invalid. Using default page load timeout: '60'

2021-12-22 14:41:16 - [MESSAGE][PASSED] - Tapped on element 'Object Repository/Mobile/Page/Login/Button - Login'

2021-12-22 14:41:16 - [TEST_STEP][PASSED] - delay(2): Delayed 2 second(s)

2021-12-22 14:41:18 - [MESSAGE][PASSED] - Delayed 2 second(s)

2021-12-22 14:41:18 - [MESSAGE][PASSED] - Call Test Case 'Test Cases/Mobile/Page/Login/Login' successfully

2021-12-22 14:41:18 - [MESSAGE][PASSED] - Call Test Case 'Test Cases/Mobile/Page/CheckLogin' successfully

2021-12-22 14:41:18 - [TEST_STEP][PASSED] - tap(findTestObject("Mobile/Page/Home/Menubar - Analysis2"), 0): Tapped on element 'Object Repository/Mobile/Page/Home/Menubar - Analysis2'

2021-12-22 14:41:18 - [MESSAGE][WARNING] - Timeout '0' is invalid. Using default page load timeout: '60'

2021-12-22 14:41:19 - [MESSAGE][PASSED] - Tapped on element 'Object Repository/Mobile/Page/Home/Menubar - Analysis2'

2021-12-22 14:41:19 - [TEST_STEP][PASSED] - delay(1): Delayed 1 second(s)

2021-12-22 14:41:20 - [MESSAGE][PASSED] - Delayed 1 second(s)

2021-12-22 14:41:20 - [TEST_STEP][PASSED] - for ([i = 0, i < 1, (i++)]): Press back button successfully

2021-12-22 14:41:20 - [TEST_STEP][PASSED] - if (action == "technicalsearch"): null

2021-12-22 14:41:20 - [TEST_STEP][PASSED] - else if (action == "technicaldetail"): null

2021-12-22 14:41:20 - [TEST_STEP][PASSED] - else if (action == "researchdetail"): null

2021-12-22 14:41:20 - [TEST_STEP][PASSED] - else if (action == "researchsearch"): Press back button successfully

2021-12-22 14:41:20 - [TEST_STEP][PASSED] - tap(findTestObject("Mobile/Page/Analysis/Tab - Research Report"), 0): Tapped on element 'Object Repository/Mobile/Page/Analysis/Tab - Research Report'

2021-12-22 14:41:20 - [MESSAGE][WARNING] - Timeout '0' is invalid. Using default page load timeout: '60'

2021-12-22 14:41:20 - [MESSAGE][PASSED] - Tapped on element 'Object Repository/Mobile/Page/Analysis/Tab - Research Report'

2021-12-22 14:41:20 - [TEST_STEP][PASSED] - delay(1): Delayed 1 second(s)

2021-12-22 14:41:21 - [MESSAGE][PASSED] - Delayed 1 second(s)

2021-12-22 14:41:21 - [TEST_STEP][PASSED] - tap(findTestObject("Mobile/Page/Analysis/Input - Search"), 0): Tapped on element 'Object Repository/Mobile/Page/Analysis/Input - Search'

2021-12-22 14:41:21 - [MESSAGE][WARNING] - Timeout '0' is invalid. Using default page load timeout: '60'

2021-12-22 14:41:22 - [MESSAGE][PASSED] - Tapped on element 'Object Repository/Mobile/Page/Analysis/Input - Search'

2021-12-22 14:41:22 - [TEST_STEP][PASSED] - delay(1): Delayed 1 second(s)

2021-12-22 14:41:23 - [MESSAGE][PASSED] - Delayed 1 second(s)

2021-12-22 14:41:23 - [TEST_STEP][PASSED] - setText(findTestObject("Mobile/Page/Analysis/Input - Search"), "surya", 0): Text 'surya' has been set to element 'Object Repository/Mobile/Page/Analysis/Input - Search'

2021-12-22 14:41:23 - [MESSAGE][WARNING] - Timeout '0' is invalid. Using default page load timeout: '60'

2021-12-22 14:41:23 - [MESSAGE][PASSED] - Text 'surya' has been set to element 'Object Repository/Mobile/Page/Analysis/Input - Search'

2021-12-22 14:41:23 - [TEST_STEP][PASSED] - hideKeyboard(): Keyboard is hidden

2021-12-22 14:41:25 - [MESSAGE][PASSED] - Keyboard is hidden

2021-12-22 14:41:25 - [TEST_STEP][PASSED] - tapAndHold(findTestObject("Mobile/Page/Analysis/Item - Top Search"), 1, 0): Tapped and held on element 'Object Repository/Mobile/Page/Analysis/Item - Top Search' with duration 1

2021-12-22 14:41:25 - [MESSAGE][WARNING] - Timeout '0' is invalid. Using default page load timeout: '60'

2021-12-22 14:41:28 - [MESSAGE][PASSED] - Tapped and held on element 'Object Repository/Mobile/Page/Analysis/Item - Top Search' with duration 1

2021-12-22 14:41:28 - [TEST_STEP][PASSED] - delay(3): Delayed 3 second(s)

2021-12-22 14:41:31 - [MESSAGE][PASSED] - Delayed 3 second(s)

2021-12-22 14:41:31 - [TEST_STEP][PASSED] - pressBack(): Press back button successfully

2021-12-22 14:41:31 - [MESSAGE][PASSED] - Press back button successfully

2021-12-22 14:41:31 - [MESSAGE][PASSED] - Call Test Case 'Test Cases/Mobile/Page/Analysis/Analysis' successfully

2021-12-22 14:41:31 - [TEST_STEP][PASSED] - callTestCase(findTestCase("Mobile/Page/Run App/Terminate App"), [:], STOP_ON_FAILURE): Call Test Case 'Test Cases/Mobile/Page/Run App/Terminate App' successfully

2021-12-22 14:41:31 - [TEST_CASE][PASSED] - Test Cases/Mobile/Page/Run App/Terminate App: Test Cases/Mobile/Page/Run App/Terminate App

2021-12-22 14:41:31 - [TEST_STEP][PASSED] - startApp.OpenApp.terminateApplication(): startApp.OpenApp.terminateApplication is PASSED

2021-12-22 14:41:35 - [MESSAGE][PASSED] - Delayed 3 second(s)

2021-12-22 14:41:35 - [MESSAGE][PASSED] - Current device physical width is 720

2021-12-22 14:41:35 - [MESSAGE][PASSED] - Current device physical height is 1423

2021-12-22 14:41:37 - [MESSAGE][PASSED] - Swiped from 360,853 to 360,142

2021-12-22 14:41:38 - [MESSAGE][PASSED] - Delayed 1 second(s)

2021-12-22 14:41:39 - [MESSAGE][PASSED] - Swiped from 360,853 to 360,142

2021-12-22 14:41:42 - [MESSAGE][PASSED] - Delayed 3 second(s)

2021-12-22 14:41:42 - [MESSAGE][PASSED] - startApp.OpenApp.terminateApplication is PASSED

2021-12-22 14:41:42 - [MESSAGE][PASSED] - Call Test Case 'Test Cases/Mobile/Page/Run App/Terminate App' successfully]]></system-out>
         <system-err><![CDATA[]]></system-err>
      </testcase>
      <system-out><![CDATA[2021-12-22 14:36:58 - [TEST_SUITE][PASSED] - analysis: Test Cases/Mobile/Scenario/Analysis/004 - User mencari research report]]></system-out>
      <system-err><![CDATA[]]></system-err>
   </testsuite>
</testsuites>
