<?xml version="1.0" encoding="UTF-8"?>
<testsuites name="analysis" time="294.686" tests="4" failures="0" skips="0" errors="0">
   <testsuite name="analysis" tests="4" failures="0" errors="0" time="294.686" skips="0" timestamp="2021-12-16 08:24:46" hostname="Owner - aldy-tft" id="Test Suites/analysis">
      <properties>
         <property name="deviceName" value="samsung SM-A205F (Android 11)"/>
         <property name="devicePlatform" value=""/>
         <property name="logFolder" value="C:\\Users\\Owner\\Documents\\kerjaan\\KatalonProject\\qa_katalon_pwm\\qa_katalon_pwm\\Reports\\20211216_082438\\analysis\\20211216_082438"/>
         <property name="logFiles" value="C:\\Users\\Owner\\Documents\\kerjaan\\KatalonProject\\qa_katalon_pwm\\qa_katalon_pwm\\Reports\\20211216_082438\\analysis\\20211216_082438\\appium.log, C:\\Users\\Owner\\Documents\\kerjaan\\KatalonProject\\qa_katalon_pwm\\qa_katalon_pwm\\Reports\\20211216_082438\\analysis\\20211216_082438\\execution0.log"/>
         <property name="attachments" value=""/>
         <property name="hostName" value="Owner - aldy-tft"/>
         <property name="os" value="Windows 10 64bit"/>
         <property name="appiumServerStatus" value="{&quot;value&quot;:{&quot;build&quot;:{&quot;version&quot;:&quot;1.22.0&quot;}},&quot;sessionId&quot;:null,&quot;status&quot;:0}"/>
         <property name="katalonVersion" value="7.9.1.208"/>
         <property name="deviceOS" value="Android"/>
         <property name="appiumVersion" value="1.22.0"/>
         <property name="deviceModel" value="SM-A205F"/>
         <property name="hostAddress" value="10.0.30.67"/>
         <property name="deviceManufacturer" value="samsung"/>
         <property name="deviceId" value="RR8M40C9AXE"/>
         <property name="deviceName" value="samsung SM-A205F (Android 11)"/>
         <property name="deviceOSVersion" value="11"/>
      </properties>
      <testcase name="Test Cases/Mobile/Scenario/Analysis/001 - User akses techincal analysis" time="84.737" classname="Test Cases/Mobile/Scenario/Analysis/001 - User akses techincal analysis" status="PASSED">
         <system-out><![CDATA[2021-12-16 08:24:47 - [TEST_CASE][PASSED] - Test Cases/Mobile/Scenario/Analysis/001 - User akses techincal analysis: Test Cases/Mobile/Scenario/Analysis/001 - User akses techincal analysis

2021-12-16 08:24:47 - [TEST_STEP][PASSED] - callTestCase(findTestCase("Mobile/Page/Run App/Run App byID"), [:], STOP_ON_FAILURE): Call Test Case 'Test Cases/Mobile/Page/Run App/Run App byID' successfully

2021-12-16 08:24:48 - [TEST_CASE][PASSED] - Test Cases/Mobile/Page/Run App/Run App byID: Test Cases/Mobile/Page/Run App/Run App byID

2021-12-16 08:24:48 - [TEST_STEP][PASSED] - startApp.OpenApp.startApplication("id.co.miraeasset.sageclub"): startApp.OpenApp.startApplication is PASSED

2021-12-16 08:24:50 - [MESSAGE][INFO] - Appium server started on port 52,624

2021-12-16 08:25:06 - [MESSAGE][PASSED] - Starting app with application ID: 'id.co.miraeasset.sageclub'

2021-12-16 08:25:06 - [MESSAGE][PASSED] - startApp.OpenApp.startApplication is PASSED

2021-12-16 08:25:06 - [MESSAGE][PASSED] - Call Test Case 'Test Cases/Mobile/Page/Run App/Run App byID' successfully

2021-12-16 08:25:06 - [TEST_STEP][PASSED] - callTestCase(findTestCase("Mobile/Page/Analysis/Analysis"), ["action":"technicalsearch"], CONTINUE_ON_FAILURE): Call Test Case 'Test Cases/Mobile/Page/Analysis/Analysis' successfully

2021-12-16 08:25:06 - [TEST_CASE][PASSED] - Test Cases/Mobile/Page/Analysis/Analysis: Test Cases/Mobile/Page/Analysis/Analysis

2021-12-16 08:25:07 - [TEST_STEP][PASSED] - callTestCase(findTestCase("Mobile/Page/CheckLogin"), [:], CONTINUE_ON_FAILURE): Call Test Case 'Test Cases/Mobile/Page/CheckLogin' successfully

2021-12-16 08:25:07 - [TEST_CASE][PASSED] - Test Cases/Mobile/Page/CheckLogin: Test Cases/Mobile/Page/CheckLogin

2021-12-16 08:25:08 - [TEST_STEP][PASSED] - loginCheck = verifyElementExist(findTestObject("Mobile/Page/Login/Button - Login"), 2, CONTINUE_ON_FAILURE): Element 'Object Repository/Mobile/Page/Login/Button - Login' is exist

2021-12-16 08:25:09 - [MESSAGE][PASSED] - Element 'Object Repository/Mobile/Page/Login/Button - Login' is exist

2021-12-16 08:25:09 - [TEST_STEP][PASSED] - if (loginCheck): Call Test Case 'Test Cases/Mobile/Page/Login/Login' successfully

2021-12-16 08:25:09 - [TEST_STEP][PASSED] - callTestCase(findTestCase("Mobile/Page/Login/Login"), [:], CONTINUE_ON_FAILURE): Call Test Case 'Test Cases/Mobile/Page/Login/Login' successfully

2021-12-16 08:25:09 - [TEST_CASE][PASSED] - Test Cases/Mobile/Page/Login/Login: Test Cases/Mobile/Page/Login/Login

2021-12-16 08:25:10 - [TEST_STEP][PASSED] - delay(2): Delayed 2 second(s)

2021-12-16 08:25:12 - [MESSAGE][PASSED] - Delayed 2 second(s)

2021-12-16 08:25:12 - [TEST_STEP][PASSED] - tap(findTestObject("Mobile/Page/Login/Input - UserID"), 0): Tapped on element 'Object Repository/Mobile/Page/Login/Input - UserID'

2021-12-16 08:25:12 - [MESSAGE][WARNING] - Timeout '0' is invalid. Using default page load timeout: '60'

2021-12-16 08:25:13 - [MESSAGE][PASSED] - Tapped on element 'Object Repository/Mobile/Page/Login/Input - UserID'

2021-12-16 08:25:13 - [TEST_STEP][PASSED] - delay(1): Delayed 1 second(s)

2021-12-16 08:25:14 - [MESSAGE][PASSED] - Delayed 1 second(s)

2021-12-16 08:25:14 - [TEST_STEP][PASSED] - setText(findTestObject("Mobile/Page/Login/Input Rdy - UserID"), "anggaaditya", 0): Text 'anggaaditya' has been set to element 'Object Repository/Mobile/Page/Login/Input Rdy - UserID'

2021-12-16 08:25:14 - [MESSAGE][WARNING] - Timeout '0' is invalid. Using default page load timeout: '60'

2021-12-16 08:25:15 - [MESSAGE][PASSED] - Text 'anggaaditya' has been set to element 'Object Repository/Mobile/Page/Login/Input Rdy - UserID'

2021-12-16 08:25:15 - [TEST_STEP][PASSED] - delay(1): Delayed 1 second(s)

2021-12-16 08:25:16 - [MESSAGE][PASSED] - Delayed 1 second(s)

2021-12-16 08:25:16 - [TEST_STEP][PASSED] - hideKeyboard(): Keyboard is hidden

2021-12-16 08:25:20 - [MESSAGE][PASSED] - Keyboard is hidden

2021-12-16 08:25:20 - [TEST_STEP][PASSED] - tap(findTestObject("Mobile/Page/Login/Input - Password"), 0): Tapped on element 'Object Repository/Mobile/Page/Login/Input - Password'

2021-12-16 08:25:20 - [MESSAGE][WARNING] - Timeout '0' is invalid. Using default page load timeout: '60'

2021-12-16 08:25:21 - [MESSAGE][PASSED] - Tapped on element 'Object Repository/Mobile/Page/Login/Input - Password'

2021-12-16 08:25:21 - [TEST_STEP][PASSED] - delay(1): Delayed 1 second(s)

2021-12-16 08:25:22 - [MESSAGE][PASSED] - Delayed 1 second(s)

2021-12-16 08:25:22 - [TEST_STEP][PASSED] - setText(findTestObject("Mobile/Page/Login/Input Rdy - Password"), "Shalawa18", 0): Text 'Shalawa18' has been set to element 'Object Repository/Mobile/Page/Login/Input Rdy - Password'

2021-12-16 08:25:22 - [MESSAGE][WARNING] - Timeout '0' is invalid. Using default page load timeout: '60'

2021-12-16 08:25:22 - [MESSAGE][PASSED] - Text 'Shalawa18' has been set to element 'Object Repository/Mobile/Page/Login/Input Rdy - Password'

2021-12-16 08:25:22 - [TEST_STEP][PASSED] - delay(1): Delayed 1 second(s)

2021-12-16 08:25:23 - [MESSAGE][PASSED] - Delayed 1 second(s)

2021-12-16 08:25:23 - [TEST_STEP][PASSED] - hideKeyboard(): Keyboard is hidden

2021-12-16 08:25:30 - [MESSAGE][PASSED] - Keyboard is hidden

2021-12-16 08:25:30 - [TEST_STEP][PASSED] - tap(findTestObject("Mobile/Page/Login/Button - Login"), 0): Tapped on element 'Object Repository/Mobile/Page/Login/Button - Login'

2021-12-16 08:25:30 - [MESSAGE][WARNING] - Timeout '0' is invalid. Using default page load timeout: '60'

2021-12-16 08:25:31 - [MESSAGE][PASSED] - Tapped on element 'Object Repository/Mobile/Page/Login/Button - Login'

2021-12-16 08:25:31 - [TEST_STEP][PASSED] - delay(2): Delayed 2 second(s)

2021-12-16 08:25:33 - [MESSAGE][PASSED] - Delayed 2 second(s)

2021-12-16 08:25:33 - [MESSAGE][PASSED] - Call Test Case 'Test Cases/Mobile/Page/Login/Login' successfully

2021-12-16 08:25:33 - [MESSAGE][PASSED] - Call Test Case 'Test Cases/Mobile/Page/CheckLogin' successfully

2021-12-16 08:25:33 - [TEST_STEP][PASSED] - tap(findTestObject("Mobile/Page/Home/Menubar - Analysis"), 0): Tapped on element 'Object Repository/Mobile/Page/Home/Menubar - Analysis'

2021-12-16 08:25:33 - [MESSAGE][WARNING] - Timeout '0' is invalid. Using default page load timeout: '60'

2021-12-16 08:25:35 - [MESSAGE][PASSED] - Tapped on element 'Object Repository/Mobile/Page/Home/Menubar - Analysis'

2021-12-16 08:25:35 - [TEST_STEP][PASSED] - delay(1): Delayed 1 second(s)

2021-12-16 08:25:36 - [MESSAGE][PASSED] - Delayed 1 second(s)

2021-12-16 08:25:36 - [TEST_STEP][PASSED] - for ([i = 0, i < 1, (i++)]): Delayed 2 second(s)

2021-12-16 08:25:36 - [TEST_STEP][PASSED] - if (action == "technicalsearch"): Delayed 2 second(s)

2021-12-16 08:25:36 - [TEST_STEP][PASSED] - tap(findTestObject("Mobile/Page/Analysis/Dropdown - Technical Indicator"), 0): Tapped on element 'Object Repository/Mobile/Page/Analysis/Dropdown - Technical Indicator'

2021-12-16 08:25:36 - [MESSAGE][WARNING] - Timeout '0' is invalid. Using default page load timeout: '60'

2021-12-16 08:25:37 - [MESSAGE][PASSED] - Tapped on element 'Object Repository/Mobile/Page/Analysis/Dropdown - Technical Indicator'

2021-12-16 08:25:37 - [TEST_STEP][PASSED] - delay(1): Delayed 1 second(s)

2021-12-16 08:25:38 - [MESSAGE][PASSED] - Delayed 1 second(s)

2021-12-16 08:25:38 - [TEST_STEP][PASSED] - tap(findTestObject("Object Repository/Mobile/Page/Analysis/Option Technical Indicator - All"), 0): Tapped on element 'Object Repository/Mobile/Page/Analysis/Option Technical Indicator - All'

2021-12-16 08:25:39 - [MESSAGE][WARNING] - Timeout '0' is invalid. Using default page load timeout: '60'

2021-12-16 08:25:40 - [MESSAGE][PASSED] - Tapped on element 'Object Repository/Mobile/Page/Analysis/Option Technical Indicator - All'

2021-12-16 08:25:40 - [TEST_STEP][PASSED] - delay(1): Delayed 1 second(s)

2021-12-16 08:25:41 - [MESSAGE][PASSED] - Delayed 1 second(s)

2021-12-16 08:25:41 - [TEST_STEP][PASSED] - tap(findTestObject("Mobile/Page/Analysis/Dropdown - Market Cap"), 0): Tapped on element 'Object Repository/Mobile/Page/Analysis/Dropdown - Market Cap'

2021-12-16 08:25:41 - [MESSAGE][WARNING] - Timeout '0' is invalid. Using default page load timeout: '60'

2021-12-16 08:25:42 - [MESSAGE][PASSED] - Tapped on element 'Object Repository/Mobile/Page/Analysis/Dropdown - Market Cap'

2021-12-16 08:25:42 - [TEST_STEP][PASSED] - delay(1): Delayed 1 second(s)

2021-12-16 08:25:43 - [MESSAGE][PASSED] - Delayed 1 second(s)

2021-12-16 08:25:43 - [TEST_STEP][PASSED] - tap(findTestObject("Object Repository/Mobile/Page/Analysis/Option Market Cap - 1 Trillion"), 0): Tapped on element 'Object Repository/Mobile/Page/Analysis/Option Market Cap - 1 Trillion'

2021-12-16 08:25:44 - [MESSAGE][WARNING] - Timeout '0' is invalid. Using default page load timeout: '60'

2021-12-16 08:25:45 - [MESSAGE][PASSED] - Tapped on element 'Object Repository/Mobile/Page/Analysis/Option Market Cap - 1 Trillion'

2021-12-16 08:25:45 - [TEST_STEP][PASSED] - delay(1): Delayed 1 second(s)

2021-12-16 08:25:46 - [MESSAGE][PASSED] - Delayed 1 second(s)

2021-12-16 08:25:46 - [TEST_STEP][PASSED] - tap(findTestObject("Mobile/Page/Analysis/Dropdown - Transaction"), 0): Tapped on element 'Object Repository/Mobile/Page/Analysis/Dropdown - Transaction'

2021-12-16 08:25:46 - [MESSAGE][WARNING] - Timeout '0' is invalid. Using default page load timeout: '60'

2021-12-16 08:25:47 - [MESSAGE][PASSED] - Tapped on element 'Object Repository/Mobile/Page/Analysis/Dropdown - Transaction'

2021-12-16 08:25:47 - [TEST_STEP][PASSED] - delay(1): Delayed 1 second(s)

2021-12-16 08:25:48 - [MESSAGE][PASSED] - Delayed 1 second(s)

2021-12-16 08:25:48 - [TEST_STEP][PASSED] - tap(findTestObject("Object Repository/Mobile/Page/Analysis/Option Transaction - 1 Billion"), 0): Tapped on element 'Object Repository/Mobile/Page/Analysis/Option Transaction - 1 Billion'

2021-12-16 08:25:48 - [MESSAGE][WARNING] - Timeout '0' is invalid. Using default page load timeout: '60'

2021-12-16 08:25:50 - [MESSAGE][PASSED] - Tapped on element 'Object Repository/Mobile/Page/Analysis/Option Transaction - 1 Billion'

2021-12-16 08:25:50 - [TEST_STEP][PASSED] - delay(1): Delayed 1 second(s)

2021-12-16 08:25:51 - [MESSAGE][PASSED] - Delayed 1 second(s)

2021-12-16 08:25:51 - [TEST_STEP][PASSED] - tap(findTestObject("Mobile/Page/Analysis/Dropdown - Time Frame"), 0): Tapped on element 'Object Repository/Mobile/Page/Analysis/Dropdown - Time Frame'

2021-12-16 08:25:51 - [MESSAGE][WARNING] - Timeout '0' is invalid. Using default page load timeout: '60'

2021-12-16 08:25:52 - [MESSAGE][PASSED] - Tapped on element 'Object Repository/Mobile/Page/Analysis/Dropdown - Time Frame'

2021-12-16 08:25:52 - [TEST_STEP][PASSED] - delay(1): Delayed 1 second(s)

2021-12-16 08:25:53 - [MESSAGE][PASSED] - Delayed 1 second(s)

2021-12-16 08:25:53 - [TEST_STEP][PASSED] - tap(findTestObject("Object Repository/Mobile/Page/Analysis/Option Time Frame - Daily"), 0): Tapped on element 'Object Repository/Mobile/Page/Analysis/Option Time Frame - Daily'

2021-12-16 08:25:53 - [MESSAGE][WARNING] - Timeout '0' is invalid. Using default page load timeout: '60'

2021-12-16 08:25:54 - [MESSAGE][PASSED] - Tapped on element 'Object Repository/Mobile/Page/Analysis/Option Time Frame - Daily'

2021-12-16 08:25:54 - [TEST_STEP][PASSED] - delay(1): Delayed 1 second(s)

2021-12-16 08:25:55 - [MESSAGE][PASSED] - Delayed 1 second(s)

2021-12-16 08:25:55 - [TEST_STEP][PASSED] - tap(findTestObject("Mobile/Page/Analysis/Dropdown - Index"), 0): Tapped on element 'Object Repository/Mobile/Page/Analysis/Dropdown - Index'

2021-12-16 08:25:55 - [MESSAGE][WARNING] - Timeout '0' is invalid. Using default page load timeout: '60'

2021-12-16 08:25:56 - [MESSAGE][PASSED] - Tapped on element 'Object Repository/Mobile/Page/Analysis/Dropdown - Index'

2021-12-16 08:25:56 - [TEST_STEP][PASSED] - delay(1): Delayed 1 second(s)

2021-12-16 08:25:57 - [MESSAGE][PASSED] - Delayed 1 second(s)

2021-12-16 08:25:57 - [TEST_STEP][PASSED] - tap(findTestObject("Object Repository/Mobile/Page/Analysis/Option Index - Idx30"), 0): Tapped on element 'Object Repository/Mobile/Page/Analysis/Option Index - Idx30'

2021-12-16 08:25:57 - [MESSAGE][WARNING] - Timeout '0' is invalid. Using default page load timeout: '60'

2021-12-16 08:25:58 - [MESSAGE][PASSED] - Tapped on element 'Object Repository/Mobile/Page/Analysis/Option Index - Idx30'

2021-12-16 08:25:58 - [TEST_STEP][PASSED] - delay(2): Delayed 2 second(s)

2021-12-16 08:26:00 - [MESSAGE][PASSED] - Delayed 2 second(s)

2021-12-16 08:26:00 - [MESSAGE][PASSED] - Call Test Case 'Test Cases/Mobile/Page/Analysis/Analysis' successfully

2021-12-16 08:26:00 - [TEST_STEP][PASSED] - callTestCase(findTestCase("Mobile/Page/Run App/Terminate App"), [:], STOP_ON_FAILURE): Call Test Case 'Test Cases/Mobile/Page/Run App/Terminate App' successfully

2021-12-16 08:26:00 - [TEST_CASE][PASSED] - Test Cases/Mobile/Page/Run App/Terminate App: Test Cases/Mobile/Page/Run App/Terminate App

2021-12-16 08:26:01 - [TEST_STEP][PASSED] - startApp.OpenApp.terminateApplication(): startApp.OpenApp.terminateApplication is PASSED

2021-12-16 08:26:04 - [MESSAGE][PASSED] - Delayed 3 second(s)

2021-12-16 08:26:05 - [MESSAGE][PASSED] - Current device physical width is 720

2021-12-16 08:26:05 - [MESSAGE][PASSED] - Current device physical height is 1423

2021-12-16 08:26:06 - [MESSAGE][PASSED] - Swiped from 360,853 to 360,142

2021-12-16 08:26:07 - [MESSAGE][PASSED] - Delayed 1 second(s)

2021-12-16 08:26:09 - [MESSAGE][PASSED] - Swiped from 360,853 to 360,142

2021-12-16 08:26:12 - [MESSAGE][PASSED] - Delayed 3 second(s)

2021-12-16 08:26:12 - [MESSAGE][PASSED] - startApp.OpenApp.terminateApplication is PASSED

2021-12-16 08:26:12 - [MESSAGE][PASSED] - Call Test Case 'Test Cases/Mobile/Page/Run App/Terminate App' successfully]]></system-out>
         <system-err><![CDATA[]]></system-err>
      </testcase>
      <testcase name="Test Cases/Mobile/Scenario/Analysis/002 - User memilih salah satu saham (chart)" time="72.089" classname="Test Cases/Mobile/Scenario/Analysis/002 - User memilih salah satu saham (chart)" status="PASSED">
         <system-out><![CDATA[2021-12-16 08:26:12 - [TEST_CASE][PASSED] - Test Cases/Mobile/Scenario/Analysis/002 - User memilih salah satu saham (chart): Test Cases/Mobile/Scenario/Analysis/002 - User memilih salah satu saham (chart)

2021-12-16 08:26:13 - [TEST_STEP][PASSED] - callTestCase(findTestCase("Mobile/Page/Run App/Run App byID"), [:], STOP_ON_FAILURE): Call Test Case 'Test Cases/Mobile/Page/Run App/Run App byID' successfully

2021-12-16 08:26:13 - [TEST_CASE][PASSED] - Test Cases/Mobile/Page/Run App/Run App byID: Test Cases/Mobile/Page/Run App/Run App byID

2021-12-16 08:26:13 - [TEST_STEP][PASSED] - startApp.OpenApp.startApplication("id.co.miraeasset.sageclub"): startApp.OpenApp.startApplication is PASSED

2021-12-16 08:26:26 - [MESSAGE][PASSED] - Starting app with application ID: 'id.co.miraeasset.sageclub'

2021-12-16 08:26:26 - [MESSAGE][PASSED] - startApp.OpenApp.startApplication is PASSED

2021-12-16 08:26:26 - [MESSAGE][PASSED] - Call Test Case 'Test Cases/Mobile/Page/Run App/Run App byID' successfully

2021-12-16 08:26:26 - [TEST_STEP][PASSED] - callTestCase(findTestCase("Mobile/Page/Analysis/Analysis"), ["action":"technicaldetail"], CONTINUE_ON_FAILURE): Call Test Case 'Test Cases/Mobile/Page/Analysis/Analysis' successfully

2021-12-16 08:26:26 - [TEST_CASE][PASSED] - Test Cases/Mobile/Page/Analysis/Analysis: Test Cases/Mobile/Page/Analysis/Analysis

2021-12-16 08:26:27 - [TEST_STEP][PASSED] - callTestCase(findTestCase("Mobile/Page/CheckLogin"), [:], CONTINUE_ON_FAILURE): Call Test Case 'Test Cases/Mobile/Page/CheckLogin' successfully

2021-12-16 08:26:27 - [TEST_CASE][PASSED] - Test Cases/Mobile/Page/CheckLogin: Test Cases/Mobile/Page/CheckLogin

2021-12-16 08:26:27 - [TEST_STEP][PASSED] - loginCheck = verifyElementExist(findTestObject("Mobile/Page/Login/Button - Login"), 2, CONTINUE_ON_FAILURE): Element 'Object Repository/Mobile/Page/Login/Button - Login' is exist

2021-12-16 08:26:29 - [MESSAGE][PASSED] - Element 'Object Repository/Mobile/Page/Login/Button - Login' is exist

2021-12-16 08:26:29 - [TEST_STEP][PASSED] - if (loginCheck): Call Test Case 'Test Cases/Mobile/Page/Login/Login' successfully

2021-12-16 08:26:29 - [TEST_STEP][PASSED] - callTestCase(findTestCase("Mobile/Page/Login/Login"), [:], CONTINUE_ON_FAILURE): Call Test Case 'Test Cases/Mobile/Page/Login/Login' successfully

2021-12-16 08:26:29 - [TEST_CASE][PASSED] - Test Cases/Mobile/Page/Login/Login: Test Cases/Mobile/Page/Login/Login

2021-12-16 08:26:29 - [TEST_STEP][PASSED] - delay(2): Delayed 2 second(s)

2021-12-16 08:26:31 - [MESSAGE][PASSED] - Delayed 2 second(s)

2021-12-16 08:26:31 - [TEST_STEP][PASSED] - tap(findTestObject("Mobile/Page/Login/Input - UserID"), 0): Tapped on element 'Object Repository/Mobile/Page/Login/Input - UserID'

2021-12-16 08:26:31 - [MESSAGE][WARNING] - Timeout '0' is invalid. Using default page load timeout: '60'

2021-12-16 08:26:32 - [MESSAGE][PASSED] - Tapped on element 'Object Repository/Mobile/Page/Login/Input - UserID'

2021-12-16 08:26:32 - [TEST_STEP][PASSED] - delay(1): Delayed 1 second(s)

2021-12-16 08:26:33 - [MESSAGE][PASSED] - Delayed 1 second(s)

2021-12-16 08:26:33 - [TEST_STEP][PASSED] - setText(findTestObject("Mobile/Page/Login/Input Rdy - UserID"), "anggaaditya", 0): Text 'anggaaditya' has been set to element 'Object Repository/Mobile/Page/Login/Input Rdy - UserID'

2021-12-16 08:26:33 - [MESSAGE][WARNING] - Timeout '0' is invalid. Using default page load timeout: '60'

2021-12-16 08:26:34 - [MESSAGE][PASSED] - Text 'anggaaditya' has been set to element 'Object Repository/Mobile/Page/Login/Input Rdy - UserID'

2021-12-16 08:26:34 - [TEST_STEP][PASSED] - delay(1): Delayed 1 second(s)

2021-12-16 08:26:35 - [MESSAGE][PASSED] - Delayed 1 second(s)

2021-12-16 08:26:35 - [TEST_STEP][PASSED] - hideKeyboard(): Keyboard is hidden

2021-12-16 08:26:40 - [MESSAGE][PASSED] - Keyboard is hidden

2021-12-16 08:26:40 - [TEST_STEP][PASSED] - tap(findTestObject("Mobile/Page/Login/Input - Password"), 0): Tapped on element 'Object Repository/Mobile/Page/Login/Input - Password'

2021-12-16 08:26:40 - [MESSAGE][WARNING] - Timeout '0' is invalid. Using default page load timeout: '60'

2021-12-16 08:26:41 - [MESSAGE][PASSED] - Tapped on element 'Object Repository/Mobile/Page/Login/Input - Password'

2021-12-16 08:26:41 - [TEST_STEP][PASSED] - delay(1): Delayed 1 second(s)

2021-12-16 08:26:42 - [MESSAGE][PASSED] - Delayed 1 second(s)

2021-12-16 08:26:42 - [TEST_STEP][PASSED] - setText(findTestObject("Mobile/Page/Login/Input Rdy - Password"), "Shalawa18", 0): Text 'Shalawa18' has been set to element 'Object Repository/Mobile/Page/Login/Input Rdy - Password'

2021-12-16 08:26:42 - [MESSAGE][WARNING] - Timeout '0' is invalid. Using default page load timeout: '60'

2021-12-16 08:26:42 - [MESSAGE][PASSED] - Text 'Shalawa18' has been set to element 'Object Repository/Mobile/Page/Login/Input Rdy - Password'

2021-12-16 08:26:42 - [TEST_STEP][PASSED] - delay(1): Delayed 1 second(s)

2021-12-16 08:26:43 - [MESSAGE][PASSED] - Delayed 1 second(s)

2021-12-16 08:26:43 - [TEST_STEP][PASSED] - hideKeyboard(): Keyboard is hidden

2021-12-16 08:26:50 - [MESSAGE][PASSED] - Keyboard is hidden

2021-12-16 08:26:50 - [TEST_STEP][PASSED] - tap(findTestObject("Mobile/Page/Login/Button - Login"), 0): Tapped on element 'Object Repository/Mobile/Page/Login/Button - Login'

2021-12-16 08:26:50 - [MESSAGE][WARNING] - Timeout '0' is invalid. Using default page load timeout: '60'

2021-12-16 08:26:51 - [MESSAGE][PASSED] - Tapped on element 'Object Repository/Mobile/Page/Login/Button - Login'

2021-12-16 08:26:51 - [TEST_STEP][PASSED] - delay(2): Delayed 2 second(s)

2021-12-16 08:26:53 - [MESSAGE][PASSED] - Delayed 2 second(s)

2021-12-16 08:26:53 - [MESSAGE][PASSED] - Call Test Case 'Test Cases/Mobile/Page/Login/Login' successfully

2021-12-16 08:26:53 - [MESSAGE][PASSED] - Call Test Case 'Test Cases/Mobile/Page/CheckLogin' successfully

2021-12-16 08:26:53 - [TEST_STEP][PASSED] - tap(findTestObject("Mobile/Page/Home/Menubar - Analysis"), 0): Tapped on element 'Object Repository/Mobile/Page/Home/Menubar - Analysis'

2021-12-16 08:26:54 - [MESSAGE][WARNING] - Timeout '0' is invalid. Using default page load timeout: '60'

2021-12-16 08:26:55 - [MESSAGE][PASSED] - Tapped on element 'Object Repository/Mobile/Page/Home/Menubar - Analysis'

2021-12-16 08:26:55 - [TEST_STEP][PASSED] - delay(1): Delayed 1 second(s)

2021-12-16 08:26:56 - [MESSAGE][PASSED] - Delayed 1 second(s)

2021-12-16 08:26:56 - [TEST_STEP][PASSED] - for ([i = 0, i < 1, (i++)]): Delayed 2 second(s)

2021-12-16 08:26:56 - [TEST_STEP][PASSED] - if (action == "technicalsearch"): null

2021-12-16 08:26:56 - [TEST_STEP][PASSED] - else if (action == "technicaldetail"): Delayed 2 second(s)

2021-12-16 08:26:56 - [TEST_STEP][PASSED] - tap(findTestObject("Mobile/Page/Analysis/Item - Top Technical"), 0): Tapped on element 'Object Repository/Mobile/Page/Analysis/Item - Top Technical'

2021-12-16 08:26:56 - [MESSAGE][WARNING] - Timeout '0' is invalid. Using default page load timeout: '60'

2021-12-16 08:26:56 - [MESSAGE][PASSED] - Tapped on element 'Object Repository/Mobile/Page/Analysis/Item - Top Technical'

2021-12-16 08:26:56 - [TEST_STEP][PASSED] - delay(3): Delayed 3 second(s)

2021-12-16 08:26:59 - [MESSAGE][PASSED] - Delayed 3 second(s)

2021-12-16 08:26:59 - [TEST_STEP][PASSED] - tap(findTestObject("Object Repository/Mobile/Page/Analysis/Detail/Button - D"), 0): Tapped on element 'Object Repository/Mobile/Page/Analysis/Detail/Button - D'

2021-12-16 08:27:00 - [MESSAGE][WARNING] - Timeout '0' is invalid. Using default page load timeout: '60'

2021-12-16 08:27:02 - [MESSAGE][PASSED] - Tapped on element 'Object Repository/Mobile/Page/Analysis/Detail/Button - D'

2021-12-16 08:27:02 - [TEST_STEP][PASSED] - delay(2): Delayed 2 second(s)

2021-12-16 08:27:04 - [MESSAGE][PASSED] - Delayed 2 second(s)

2021-12-16 08:27:04 - [TEST_STEP][PASSED] - tap(findTestObject("Object Repository/Mobile/Page/Analysis/Detail/Button - W"), 0): Tapped on element 'Object Repository/Mobile/Page/Analysis/Detail/Button - W'

2021-12-16 08:27:04 - [MESSAGE][WARNING] - Timeout '0' is invalid. Using default page load timeout: '60'

2021-12-16 08:27:05 - [MESSAGE][PASSED] - Tapped on element 'Object Repository/Mobile/Page/Analysis/Detail/Button - W'

2021-12-16 08:27:05 - [TEST_STEP][PASSED] - delay(2): Delayed 2 second(s)

2021-12-16 08:27:07 - [MESSAGE][PASSED] - Delayed 2 second(s)

2021-12-16 08:27:07 - [TEST_STEP][PASSED] - tap(findTestObject("Object Repository/Mobile/Page/Analysis/Detail/Button - M"), 0): Tapped on element 'Object Repository/Mobile/Page/Analysis/Detail/Button - M'

2021-12-16 08:27:07 - [MESSAGE][WARNING] - Timeout '0' is invalid. Using default page load timeout: '60'

2021-12-16 08:27:08 - [MESSAGE][PASSED] - Tapped on element 'Object Repository/Mobile/Page/Analysis/Detail/Button - M'

2021-12-16 08:27:08 - [TEST_STEP][PASSED] - delay(2): Delayed 2 second(s)

2021-12-16 08:27:10 - [MESSAGE][PASSED] - Delayed 2 second(s)

2021-12-16 08:27:10 - [TEST_STEP][PASSED] - tap(findTestObject("Object Repository/Mobile/Page/Analysis/Detail/Button - Y"), 0): Tapped on element 'Object Repository/Mobile/Page/Analysis/Detail/Button - Y'

2021-12-16 08:27:10 - [MESSAGE][WARNING] - Timeout '0' is invalid. Using default page load timeout: '60'

2021-12-16 08:27:11 - [MESSAGE][PASSED] - Tapped on element 'Object Repository/Mobile/Page/Analysis/Detail/Button - Y'

2021-12-16 08:27:11 - [TEST_STEP][PASSED] - delay(2): Delayed 2 second(s)

2021-12-16 08:27:13 - [MESSAGE][PASSED] - Delayed 2 second(s)

2021-12-16 08:27:13 - [MESSAGE][PASSED] - Call Test Case 'Test Cases/Mobile/Page/Analysis/Analysis' successfully

2021-12-16 08:27:13 - [TEST_STEP][PASSED] - callTestCase(findTestCase("Mobile/Page/Run App/Terminate App"), [:], STOP_ON_FAILURE): Call Test Case 'Test Cases/Mobile/Page/Run App/Terminate App' successfully

2021-12-16 08:27:13 - [TEST_CASE][PASSED] - Test Cases/Mobile/Page/Run App/Terminate App: Test Cases/Mobile/Page/Run App/Terminate App

2021-12-16 08:27:13 - [TEST_STEP][PASSED] - startApp.OpenApp.terminateApplication(): startApp.OpenApp.terminateApplication is PASSED

2021-12-16 08:27:17 - [MESSAGE][PASSED] - Delayed 3 second(s)

2021-12-16 08:27:17 - [MESSAGE][PASSED] - Current device physical width is 720

2021-12-16 08:27:17 - [MESSAGE][PASSED] - Current device physical height is 1423

2021-12-16 08:27:19 - [MESSAGE][PASSED] - Swiped from 360,853 to 360,142

2021-12-16 08:27:20 - [MESSAGE][PASSED] - Delayed 1 second(s)

2021-12-16 08:27:21 - [MESSAGE][PASSED] - Swiped from 360,853 to 360,142

2021-12-16 08:27:24 - [MESSAGE][PASSED] - Delayed 3 second(s)

2021-12-16 08:27:24 - [MESSAGE][PASSED] - startApp.OpenApp.terminateApplication is PASSED

2021-12-16 08:27:24 - [MESSAGE][PASSED] - Call Test Case 'Test Cases/Mobile/Page/Run App/Terminate App' successfully]]></system-out>
         <system-err><![CDATA[]]></system-err>
      </testcase>
      <testcase name="Test Cases/Mobile/Scenario/Analysis/003 - User memilh Research Report" time="67.073" classname="Test Cases/Mobile/Scenario/Analysis/003 - User memilh Research Report" status="PASSED">
         <system-out><![CDATA[2021-12-16 08:27:24 - [TEST_CASE][PASSED] - Test Cases/Mobile/Scenario/Analysis/003 - User memilh Research Report: Test Cases/Mobile/Scenario/Analysis/003 - User memilh Research Report

2021-12-16 08:27:25 - [TEST_STEP][PASSED] - callTestCase(findTestCase("Mobile/Page/Run App/Run App byID"), [:], STOP_ON_FAILURE): Call Test Case 'Test Cases/Mobile/Page/Run App/Run App byID' successfully

2021-12-16 08:27:25 - [TEST_CASE][PASSED] - Test Cases/Mobile/Page/Run App/Run App byID: Test Cases/Mobile/Page/Run App/Run App byID

2021-12-16 08:27:25 - [TEST_STEP][PASSED] - startApp.OpenApp.startApplication("id.co.miraeasset.sageclub"): startApp.OpenApp.startApplication is PASSED

2021-12-16 08:27:38 - [MESSAGE][PASSED] - Starting app with application ID: 'id.co.miraeasset.sageclub'

2021-12-16 08:27:38 - [MESSAGE][PASSED] - startApp.OpenApp.startApplication is PASSED

2021-12-16 08:27:38 - [MESSAGE][PASSED] - Call Test Case 'Test Cases/Mobile/Page/Run App/Run App byID' successfully

2021-12-16 08:27:38 - [TEST_STEP][PASSED] - callTestCase(findTestCase("Mobile/Page/Analysis/Analysis"), ["action":"researchdetail"], CONTINUE_ON_FAILURE): Call Test Case 'Test Cases/Mobile/Page/Analysis/Analysis' successfully

2021-12-16 08:27:39 - [TEST_CASE][PASSED] - Test Cases/Mobile/Page/Analysis/Analysis: Test Cases/Mobile/Page/Analysis/Analysis

2021-12-16 08:27:39 - [TEST_STEP][PASSED] - callTestCase(findTestCase("Mobile/Page/CheckLogin"), [:], CONTINUE_ON_FAILURE): Call Test Case 'Test Cases/Mobile/Page/CheckLogin' successfully

2021-12-16 08:27:39 - [TEST_CASE][PASSED] - Test Cases/Mobile/Page/CheckLogin: Test Cases/Mobile/Page/CheckLogin

2021-12-16 08:27:39 - [TEST_STEP][PASSED] - loginCheck = verifyElementExist(findTestObject("Mobile/Page/Login/Button - Login"), 2, CONTINUE_ON_FAILURE): Element 'Object Repository/Mobile/Page/Login/Button - Login' is exist

2021-12-16 08:27:41 - [MESSAGE][PASSED] - Element 'Object Repository/Mobile/Page/Login/Button - Login' is exist

2021-12-16 08:27:41 - [TEST_STEP][PASSED] - if (loginCheck): Call Test Case 'Test Cases/Mobile/Page/Login/Login' successfully

2021-12-16 08:27:41 - [TEST_STEP][PASSED] - callTestCase(findTestCase("Mobile/Page/Login/Login"), [:], CONTINUE_ON_FAILURE): Call Test Case 'Test Cases/Mobile/Page/Login/Login' successfully

2021-12-16 08:27:41 - [TEST_CASE][PASSED] - Test Cases/Mobile/Page/Login/Login: Test Cases/Mobile/Page/Login/Login

2021-12-16 08:27:41 - [TEST_STEP][PASSED] - delay(2): Delayed 2 second(s)

2021-12-16 08:27:43 - [MESSAGE][PASSED] - Delayed 2 second(s)

2021-12-16 08:27:43 - [TEST_STEP][PASSED] - tap(findTestObject("Mobile/Page/Login/Input - UserID"), 0): Tapped on element 'Object Repository/Mobile/Page/Login/Input - UserID'

2021-12-16 08:27:43 - [MESSAGE][WARNING] - Timeout '0' is invalid. Using default page load timeout: '60'

2021-12-16 08:27:44 - [MESSAGE][PASSED] - Tapped on element 'Object Repository/Mobile/Page/Login/Input - UserID'

2021-12-16 08:27:44 - [TEST_STEP][PASSED] - delay(1): Delayed 1 second(s)

2021-12-16 08:27:45 - [MESSAGE][PASSED] - Delayed 1 second(s)

2021-12-16 08:27:45 - [TEST_STEP][PASSED] - setText(findTestObject("Mobile/Page/Login/Input Rdy - UserID"), "anggaaditya", 0): Text 'anggaaditya' has been set to element 'Object Repository/Mobile/Page/Login/Input Rdy - UserID'

2021-12-16 08:27:45 - [MESSAGE][WARNING] - Timeout '0' is invalid. Using default page load timeout: '60'

2021-12-16 08:27:46 - [MESSAGE][PASSED] - Text 'anggaaditya' has been set to element 'Object Repository/Mobile/Page/Login/Input Rdy - UserID'

2021-12-16 08:27:46 - [TEST_STEP][PASSED] - delay(1): Delayed 1 second(s)

2021-12-16 08:27:47 - [MESSAGE][PASSED] - Delayed 1 second(s)

2021-12-16 08:27:47 - [TEST_STEP][PASSED] - hideKeyboard(): Keyboard is hidden

2021-12-16 08:27:51 - [MESSAGE][PASSED] - Keyboard is hidden

2021-12-16 08:27:51 - [TEST_STEP][PASSED] - tap(findTestObject("Mobile/Page/Login/Input - Password"), 0): Tapped on element 'Object Repository/Mobile/Page/Login/Input - Password'

2021-12-16 08:27:51 - [MESSAGE][WARNING] - Timeout '0' is invalid. Using default page load timeout: '60'

2021-12-16 08:27:51 - [MESSAGE][PASSED] - Tapped on element 'Object Repository/Mobile/Page/Login/Input - Password'

2021-12-16 08:27:51 - [TEST_STEP][PASSED] - delay(1): Delayed 1 second(s)

2021-12-16 08:27:52 - [MESSAGE][PASSED] - Delayed 1 second(s)

2021-12-16 08:27:52 - [TEST_STEP][PASSED] - setText(findTestObject("Mobile/Page/Login/Input Rdy - Password"), "Shalawa18", 0): Text 'Shalawa18' has been set to element 'Object Repository/Mobile/Page/Login/Input Rdy - Password'

2021-12-16 08:27:52 - [MESSAGE][WARNING] - Timeout '0' is invalid. Using default page load timeout: '60'

2021-12-16 08:27:53 - [MESSAGE][PASSED] - Text 'Shalawa18' has been set to element 'Object Repository/Mobile/Page/Login/Input Rdy - Password'

2021-12-16 08:27:53 - [TEST_STEP][PASSED] - delay(1): Delayed 1 second(s)

2021-12-16 08:27:55 - [MESSAGE][PASSED] - Delayed 1 second(s)

2021-12-16 08:27:55 - [TEST_STEP][PASSED] - hideKeyboard(): Keyboard is hidden

2021-12-16 08:28:02 - [MESSAGE][PASSED] - Keyboard is hidden

2021-12-16 08:28:02 - [TEST_STEP][PASSED] - tap(findTestObject("Mobile/Page/Login/Button - Login"), 0): Tapped on element 'Object Repository/Mobile/Page/Login/Button - Login'

2021-12-16 08:28:02 - [MESSAGE][WARNING] - Timeout '0' is invalid. Using default page load timeout: '60'

2021-12-16 08:28:02 - [MESSAGE][PASSED] - Tapped on element 'Object Repository/Mobile/Page/Login/Button - Login'

2021-12-16 08:28:02 - [TEST_STEP][PASSED] - delay(2): Delayed 2 second(s)

2021-12-16 08:28:04 - [MESSAGE][PASSED] - Delayed 2 second(s)

2021-12-16 08:28:04 - [MESSAGE][PASSED] - Call Test Case 'Test Cases/Mobile/Page/Login/Login' successfully

2021-12-16 08:28:04 - [MESSAGE][PASSED] - Call Test Case 'Test Cases/Mobile/Page/CheckLogin' successfully

2021-12-16 08:28:04 - [TEST_STEP][PASSED] - tap(findTestObject("Mobile/Page/Home/Menubar - Analysis"), 0): Tapped on element 'Object Repository/Mobile/Page/Home/Menubar - Analysis'

2021-12-16 08:28:04 - [MESSAGE][WARNING] - Timeout '0' is invalid. Using default page load timeout: '60'

2021-12-16 08:28:06 - [MESSAGE][PASSED] - Tapped on element 'Object Repository/Mobile/Page/Home/Menubar - Analysis'

2021-12-16 08:28:06 - [TEST_STEP][PASSED] - delay(1): Delayed 1 second(s)

2021-12-16 08:28:07 - [MESSAGE][PASSED] - Delayed 1 second(s)

2021-12-16 08:28:07 - [TEST_STEP][PASSED] - for ([i = 0, i < 1, (i++)]): Press back button successfully

2021-12-16 08:28:07 - [TEST_STEP][PASSED] - if (action == "technicalsearch"): null

2021-12-16 08:28:07 - [TEST_STEP][PASSED] - else if (action == "technicaldetail"): null

2021-12-16 08:28:07 - [TEST_STEP][PASSED] - else if (action == "researchdetail"): Press back button successfully

2021-12-16 08:28:07 - [TEST_STEP][PASSED] - tap(findTestObject("Mobile/Page/Analysis/Tab - Research Report"), 0): Tapped on element 'Object Repository/Mobile/Page/Analysis/Tab - Research Report'

2021-12-16 08:28:07 - [MESSAGE][WARNING] - Timeout '0' is invalid. Using default page load timeout: '60'

2021-12-16 08:28:09 - [MESSAGE][PASSED] - Tapped on element 'Object Repository/Mobile/Page/Analysis/Tab - Research Report'

2021-12-16 08:28:09 - [TEST_STEP][PASSED] - delay(1): Delayed 1 second(s)

2021-12-16 08:28:10 - [MESSAGE][PASSED] - Delayed 1 second(s)

2021-12-16 08:28:10 - [TEST_STEP][PASSED] - tapAndHold(findTestObject("Mobile/Page/Analysis/Item - Top Search"), 1, 0): Tapped and held on element 'Object Repository/Mobile/Page/Analysis/Item - Top Search' with duration 1

2021-12-16 08:28:10 - [MESSAGE][WARNING] - Timeout '0' is invalid. Using default page load timeout: '60'

2021-12-16 08:28:13 - [MESSAGE][PASSED] - Tapped and held on element 'Object Repository/Mobile/Page/Analysis/Item - Top Search' with duration 1

2021-12-16 08:28:13 - [TEST_STEP][PASSED] - delay(3): Delayed 3 second(s)

2021-12-16 08:28:16 - [MESSAGE][PASSED] - Delayed 3 second(s)

2021-12-16 08:28:16 - [TEST_STEP][PASSED] - tap(findTestObject("Object Repository/Mobile/Page/Analysis/Button - Open With Just Once"), 0): Tapped on element 'Object Repository/Mobile/Page/Analysis/Button - Open With Just Once'

2021-12-16 08:28:16 - [MESSAGE][WARNING] - Timeout '0' is invalid. Using default page load timeout: '60'

2021-12-16 08:28:17 - [MESSAGE][PASSED] - Tapped on element 'Object Repository/Mobile/Page/Analysis/Button - Open With Just Once'

2021-12-16 08:28:17 - [TEST_STEP][PASSED] - delay(3): Delayed 3 second(s)

2021-12-16 08:28:20 - [MESSAGE][PASSED] - Delayed 3 second(s)

2021-12-16 08:28:20 - [TEST_STEP][PASSED] - pressBack(): Press back button successfully

2021-12-16 08:28:20 - [MESSAGE][PASSED] - Press back button successfully

2021-12-16 08:28:20 - [MESSAGE][PASSED] - Call Test Case 'Test Cases/Mobile/Page/Analysis/Analysis' successfully

2021-12-16 08:28:20 - [TEST_STEP][PASSED] - callTestCase(findTestCase("Mobile/Page/Run App/Terminate App"), [:], STOP_ON_FAILURE): Call Test Case 'Test Cases/Mobile/Page/Run App/Terminate App' successfully

2021-12-16 08:28:20 - [TEST_CASE][PASSED] - Test Cases/Mobile/Page/Run App/Terminate App: Test Cases/Mobile/Page/Run App/Terminate App

2021-12-16 08:28:20 - [TEST_STEP][PASSED] - startApp.OpenApp.terminateApplication(): startApp.OpenApp.terminateApplication is PASSED

2021-12-16 08:28:24 - [MESSAGE][PASSED] - Delayed 3 second(s)

2021-12-16 08:28:24 - [MESSAGE][PASSED] - Current device physical width is 720

2021-12-16 08:28:24 - [MESSAGE][PASSED] - Current device physical height is 1423

2021-12-16 08:28:26 - [MESSAGE][PASSED] - Swiped from 360,853 to 360,142

2021-12-16 08:28:27 - [MESSAGE][PASSED] - Delayed 1 second(s)

2021-12-16 08:28:28 - [MESSAGE][PASSED] - Swiped from 360,853 to 360,142

2021-12-16 08:28:31 - [MESSAGE][PASSED] - Delayed 3 second(s)

2021-12-16 08:28:31 - [MESSAGE][PASSED] - startApp.OpenApp.terminateApplication is PASSED

2021-12-16 08:28:31 - [MESSAGE][PASSED] - Call Test Case 'Test Cases/Mobile/Page/Run App/Terminate App' successfully]]></system-out>
         <system-err><![CDATA[]]></system-err>
      </testcase>
      <testcase name="Test Cases/Mobile/Scenario/Analysis/004 - User mencari research report" time="69.519" classname="Test Cases/Mobile/Scenario/Analysis/004 - User mencari research report" status="PASSED">
         <system-out><![CDATA[2021-12-16 08:28:31 - [TEST_CASE][PASSED] - Test Cases/Mobile/Scenario/Analysis/004 - User mencari research report: Test Cases/Mobile/Scenario/Analysis/004 - User mencari research report

2021-12-16 08:28:32 - [TEST_STEP][PASSED] - callTestCase(findTestCase("Mobile/Page/Run App/Run App byID"), [:], STOP_ON_FAILURE): Call Test Case 'Test Cases/Mobile/Page/Run App/Run App byID' successfully

2021-12-16 08:28:32 - [TEST_CASE][PASSED] - Test Cases/Mobile/Page/Run App/Run App byID: Test Cases/Mobile/Page/Run App/Run App byID

2021-12-16 08:28:32 - [TEST_STEP][PASSED] - startApp.OpenApp.startApplication("id.co.miraeasset.sageclub"): startApp.OpenApp.startApplication is PASSED

2021-12-16 08:28:45 - [MESSAGE][PASSED] - Starting app with application ID: 'id.co.miraeasset.sageclub'

2021-12-16 08:28:45 - [MESSAGE][PASSED] - startApp.OpenApp.startApplication is PASSED

2021-12-16 08:28:45 - [MESSAGE][PASSED] - Call Test Case 'Test Cases/Mobile/Page/Run App/Run App byID' successfully

2021-12-16 08:28:45 - [TEST_STEP][PASSED] - callTestCase(findTestCase("Mobile/Page/Analysis/Analysis"), ["action":"researchsearch"], CONTINUE_ON_FAILURE): Call Test Case 'Test Cases/Mobile/Page/Analysis/Analysis' successfully

2021-12-16 08:28:45 - [TEST_CASE][PASSED] - Test Cases/Mobile/Page/Analysis/Analysis: Test Cases/Mobile/Page/Analysis/Analysis

2021-12-16 08:28:45 - [TEST_STEP][PASSED] - callTestCase(findTestCase("Mobile/Page/CheckLogin"), [:], CONTINUE_ON_FAILURE): Call Test Case 'Test Cases/Mobile/Page/CheckLogin' successfully

2021-12-16 08:28:45 - [TEST_CASE][PASSED] - Test Cases/Mobile/Page/CheckLogin: Test Cases/Mobile/Page/CheckLogin

2021-12-16 08:28:45 - [TEST_STEP][PASSED] - loginCheck = verifyElementExist(findTestObject("Mobile/Page/Login/Button - Login"), 2, CONTINUE_ON_FAILURE): Element 'Object Repository/Mobile/Page/Login/Button - Login' is exist

2021-12-16 08:28:47 - [MESSAGE][PASSED] - Element 'Object Repository/Mobile/Page/Login/Button - Login' is exist

2021-12-16 08:28:47 - [TEST_STEP][PASSED] - if (loginCheck): Call Test Case 'Test Cases/Mobile/Page/Login/Login' successfully

2021-12-16 08:28:47 - [TEST_STEP][PASSED] - callTestCase(findTestCase("Mobile/Page/Login/Login"), [:], CONTINUE_ON_FAILURE): Call Test Case 'Test Cases/Mobile/Page/Login/Login' successfully

2021-12-16 08:28:47 - [TEST_CASE][PASSED] - Test Cases/Mobile/Page/Login/Login: Test Cases/Mobile/Page/Login/Login

2021-12-16 08:28:47 - [TEST_STEP][PASSED] - delay(2): Delayed 2 second(s)

2021-12-16 08:28:49 - [MESSAGE][PASSED] - Delayed 2 second(s)

2021-12-16 08:28:49 - [TEST_STEP][PASSED] - tap(findTestObject("Mobile/Page/Login/Input - UserID"), 0): Tapped on element 'Object Repository/Mobile/Page/Login/Input - UserID'

2021-12-16 08:28:49 - [MESSAGE][WARNING] - Timeout '0' is invalid. Using default page load timeout: '60'

2021-12-16 08:28:50 - [MESSAGE][PASSED] - Tapped on element 'Object Repository/Mobile/Page/Login/Input - UserID'

2021-12-16 08:28:50 - [TEST_STEP][PASSED] - delay(1): Delayed 1 second(s)

2021-12-16 08:28:51 - [MESSAGE][PASSED] - Delayed 1 second(s)

2021-12-16 08:28:51 - [TEST_STEP][PASSED] - setText(findTestObject("Mobile/Page/Login/Input Rdy - UserID"), "anggaaditya", 0): Text 'anggaaditya' has been set to element 'Object Repository/Mobile/Page/Login/Input Rdy - UserID'

2021-12-16 08:28:51 - [MESSAGE][WARNING] - Timeout '0' is invalid. Using default page load timeout: '60'

2021-12-16 08:28:52 - [MESSAGE][PASSED] - Text 'anggaaditya' has been set to element 'Object Repository/Mobile/Page/Login/Input Rdy - UserID'

2021-12-16 08:28:52 - [TEST_STEP][PASSED] - delay(1): Delayed 1 second(s)

2021-12-16 08:28:53 - [MESSAGE][PASSED] - Delayed 1 second(s)

2021-12-16 08:28:53 - [TEST_STEP][PASSED] - hideKeyboard(): Keyboard is hidden

2021-12-16 08:28:57 - [MESSAGE][PASSED] - Keyboard is hidden

2021-12-16 08:28:57 - [TEST_STEP][PASSED] - tap(findTestObject("Mobile/Page/Login/Input - Password"), 0): Tapped on element 'Object Repository/Mobile/Page/Login/Input - Password'

2021-12-16 08:28:57 - [MESSAGE][WARNING] - Timeout '0' is invalid. Using default page load timeout: '60'

2021-12-16 08:28:58 - [MESSAGE][PASSED] - Tapped on element 'Object Repository/Mobile/Page/Login/Input - Password'

2021-12-16 08:28:58 - [TEST_STEP][PASSED] - delay(1): Delayed 1 second(s)

2021-12-16 08:28:59 - [MESSAGE][PASSED] - Delayed 1 second(s)

2021-12-16 08:28:59 - [TEST_STEP][PASSED] - setText(findTestObject("Mobile/Page/Login/Input Rdy - Password"), "Shalawa18", 0): Text 'Shalawa18' has been set to element 'Object Repository/Mobile/Page/Login/Input Rdy - Password'

2021-12-16 08:28:59 - [MESSAGE][WARNING] - Timeout '0' is invalid. Using default page load timeout: '60'

2021-12-16 08:28:59 - [MESSAGE][PASSED] - Text 'Shalawa18' has been set to element 'Object Repository/Mobile/Page/Login/Input Rdy - Password'

2021-12-16 08:28:59 - [TEST_STEP][PASSED] - delay(1): Delayed 1 second(s)

2021-12-16 08:29:00 - [MESSAGE][PASSED] - Delayed 1 second(s)

2021-12-16 08:29:00 - [TEST_STEP][PASSED] - hideKeyboard(): Keyboard is hidden

2021-12-16 08:29:07 - [MESSAGE][PASSED] - Keyboard is hidden

2021-12-16 08:29:07 - [TEST_STEP][PASSED] - tap(findTestObject("Mobile/Page/Login/Button - Login"), 0): Tapped on element 'Object Repository/Mobile/Page/Login/Button - Login'

2021-12-16 08:29:07 - [MESSAGE][WARNING] - Timeout '0' is invalid. Using default page load timeout: '60'

2021-12-16 08:29:08 - [MESSAGE][PASSED] - Tapped on element 'Object Repository/Mobile/Page/Login/Button - Login'

2021-12-16 08:29:08 - [TEST_STEP][PASSED] - delay(2): Delayed 2 second(s)

2021-12-16 08:29:10 - [MESSAGE][PASSED] - Delayed 2 second(s)

2021-12-16 08:29:10 - [MESSAGE][PASSED] - Call Test Case 'Test Cases/Mobile/Page/Login/Login' successfully

2021-12-16 08:29:10 - [MESSAGE][PASSED] - Call Test Case 'Test Cases/Mobile/Page/CheckLogin' successfully

2021-12-16 08:29:10 - [TEST_STEP][PASSED] - tap(findTestObject("Mobile/Page/Home/Menubar - Analysis"), 0): Tapped on element 'Object Repository/Mobile/Page/Home/Menubar - Analysis'

2021-12-16 08:29:10 - [MESSAGE][WARNING] - Timeout '0' is invalid. Using default page load timeout: '60'

2021-12-16 08:29:11 - [MESSAGE][PASSED] - Tapped on element 'Object Repository/Mobile/Page/Home/Menubar - Analysis'

2021-12-16 08:29:11 - [TEST_STEP][PASSED] - delay(1): Delayed 1 second(s)

2021-12-16 08:29:12 - [MESSAGE][PASSED] - Delayed 1 second(s)

2021-12-16 08:29:12 - [TEST_STEP][PASSED] - for ([i = 0, i < 1, (i++)]): Press back button successfully

2021-12-16 08:29:12 - [TEST_STEP][PASSED] - if (action == "technicalsearch"): null

2021-12-16 08:29:12 - [TEST_STEP][PASSED] - else if (action == "technicaldetail"): null

2021-12-16 08:29:12 - [TEST_STEP][PASSED] - else if (action == "researchdetail"): null

2021-12-16 08:29:12 - [TEST_STEP][PASSED] - else if (action == "researchsearch"): Press back button successfully

2021-12-16 08:29:12 - [TEST_STEP][PASSED] - tap(findTestObject("Mobile/Page/Analysis/Tab - Research Report"), 0): Tapped on element 'Object Repository/Mobile/Page/Analysis/Tab - Research Report'

2021-12-16 08:29:12 - [MESSAGE][WARNING] - Timeout '0' is invalid. Using default page load timeout: '60'

2021-12-16 08:29:13 - [MESSAGE][PASSED] - Tapped on element 'Object Repository/Mobile/Page/Analysis/Tab - Research Report'

2021-12-16 08:29:13 - [TEST_STEP][PASSED] - delay(1): Delayed 1 second(s)

2021-12-16 08:29:14 - [MESSAGE][PASSED] - Delayed 1 second(s)

2021-12-16 08:29:14 - [TEST_STEP][PASSED] - tap(findTestObject("Mobile/Page/Analysis/Input - Search"), 0): Tapped on element 'Object Repository/Mobile/Page/Analysis/Input - Search'

2021-12-16 08:29:14 - [MESSAGE][WARNING] - Timeout '0' is invalid. Using default page load timeout: '60'

2021-12-16 08:29:15 - [MESSAGE][PASSED] - Tapped on element 'Object Repository/Mobile/Page/Analysis/Input - Search'

2021-12-16 08:29:15 - [TEST_STEP][PASSED] - delay(1): Delayed 1 second(s)

2021-12-16 08:29:16 - [MESSAGE][PASSED] - Delayed 1 second(s)

2021-12-16 08:29:16 - [TEST_STEP][PASSED] - setText(findTestObject("Mobile/Page/Analysis/Input - Search"), "surya", 0): Text 'surya' has been set to element 'Object Repository/Mobile/Page/Analysis/Input - Search'

2021-12-16 08:29:17 - [MESSAGE][WARNING] - Timeout '0' is invalid. Using default page load timeout: '60'

2021-12-16 08:29:17 - [MESSAGE][PASSED] - Text 'surya' has been set to element 'Object Repository/Mobile/Page/Analysis/Input - Search'

2021-12-16 08:29:17 - [TEST_STEP][PASSED] - hideKeyboard(): Keyboard is hidden

2021-12-16 08:29:19 - [MESSAGE][PASSED] - Keyboard is hidden

2021-12-16 08:29:19 - [TEST_STEP][PASSED] - tapAndHold(findTestObject("Mobile/Page/Analysis/Item - Top Search"), 1, 0): Tapped and held on element 'Object Repository/Mobile/Page/Analysis/Item - Top Search' with duration 1

2021-12-16 08:29:19 - [MESSAGE][WARNING] - Timeout '0' is invalid. Using default page load timeout: '60'

2021-12-16 08:29:22 - [MESSAGE][PASSED] - Tapped and held on element 'Object Repository/Mobile/Page/Analysis/Item - Top Search' with duration 1

2021-12-16 08:29:22 - [TEST_STEP][PASSED] - delay(3): Delayed 3 second(s)

2021-12-16 08:29:25 - [MESSAGE][PASSED] - Delayed 3 second(s)

2021-12-16 08:29:25 - [TEST_STEP][PASSED] - tap(findTestObject("Object Repository/Mobile/Page/Analysis/Button - Open With Just Once"), 0): Tapped on element 'Object Repository/Mobile/Page/Analysis/Button - Open With Just Once'

2021-12-16 08:29:25 - [MESSAGE][WARNING] - Timeout '0' is invalid. Using default page load timeout: '60'

2021-12-16 08:29:26 - [MESSAGE][PASSED] - Tapped on element 'Object Repository/Mobile/Page/Analysis/Button - Open With Just Once'

2021-12-16 08:29:26 - [TEST_STEP][PASSED] - delay(3): Delayed 3 second(s)

2021-12-16 08:29:29 - [MESSAGE][PASSED] - Delayed 3 second(s)

2021-12-16 08:29:29 - [TEST_STEP][PASSED] - pressBack(): Press back button successfully

2021-12-16 08:29:29 - [MESSAGE][PASSED] - Press back button successfully

2021-12-16 08:29:29 - [MESSAGE][PASSED] - Call Test Case 'Test Cases/Mobile/Page/Analysis/Analysis' successfully

2021-12-16 08:29:29 - [TEST_STEP][PASSED] - callTestCase(findTestCase("Mobile/Page/Run App/Terminate App"), [:], STOP_ON_FAILURE): Call Test Case 'Test Cases/Mobile/Page/Run App/Terminate App' successfully

2021-12-16 08:29:29 - [TEST_CASE][PASSED] - Test Cases/Mobile/Page/Run App/Terminate App: Test Cases/Mobile/Page/Run App/Terminate App

2021-12-16 08:29:29 - [TEST_STEP][PASSED] - startApp.OpenApp.terminateApplication(): startApp.OpenApp.terminateApplication is PASSED

2021-12-16 08:29:33 - [MESSAGE][PASSED] - Delayed 3 second(s)

2021-12-16 08:29:33 - [MESSAGE][PASSED] - Current device physical width is 720

2021-12-16 08:29:34 - [MESSAGE][PASSED] - Current device physical height is 1423

2021-12-16 08:29:35 - [MESSAGE][PASSED] - Swiped from 360,853 to 360,142

2021-12-16 08:29:36 - [MESSAGE][PASSED] - Delayed 1 second(s)

2021-12-16 08:29:38 - [MESSAGE][PASSED] - Swiped from 360,853 to 360,142

2021-12-16 08:29:41 - [MESSAGE][PASSED] - Delayed 3 second(s)

2021-12-16 08:29:41 - [MESSAGE][PASSED] - startApp.OpenApp.terminateApplication is PASSED

2021-12-16 08:29:41 - [MESSAGE][PASSED] - Call Test Case 'Test Cases/Mobile/Page/Run App/Terminate App' successfully]]></system-out>
         <system-err><![CDATA[]]></system-err>
      </testcase>
      <system-out><![CDATA[2021-12-16 08:24:46 - [TEST_SUITE][PASSED] - analysis: Test Cases/Mobile/Scenario/Analysis/004 - User mencari research report]]></system-out>
      <system-err><![CDATA[]]></system-err>
   </testsuite>
</testsuites>
