<?xml version="1.0" encoding="UTF-8"?>
<testsuites name="navigationmenu" time="450.945" tests="6" failures="0" skips="0" errors="0">
   <testsuite name="navigationmenu" tests="6" failures="0" errors="0" time="450.945" skips="0" timestamp="2021-12-22 14:59:19" hostname="Owner - aldy-tft" id="Test Suites/navigationmenu">
      <properties>
         <property name="deviceName" value="samsung SM-A205F (Android 11)"/>
         <property name="devicePlatform" value=""/>
         <property name="logFolder" value="C:\\Users\\Owner\\Documents\\kerjaan\\KatalonProject\\qa_katalon_pwm\\qa_katalon_pwm\\Reports\\20211222_144624\\navigationmenu\\20211222_144632"/>
         <property name="logFiles" value="C:\\Users\\Owner\\Documents\\kerjaan\\KatalonProject\\qa_katalon_pwm\\qa_katalon_pwm\\Reports\\20211222_144624\\navigationmenu\\20211222_144632\\appium.log, C:\\Users\\Owner\\Documents\\kerjaan\\KatalonProject\\qa_katalon_pwm\\qa_katalon_pwm\\Reports\\20211222_144624\\navigationmenu\\20211222_144632\\execution0.log"/>
         <property name="attachments" value="C:\\Users\\Owner\\Documents\\kerjaan\\KatalonProject\\qa_katalon_pwm\\qa_katalon_pwm\\Reports\\20211222_144624\\navigationmenu\\20211222_144632\\1640160077110.png, C:\\Users\\Owner\\Documents\\kerjaan\\KatalonProject\\qa_katalon_pwm\\qa_katalon_pwm\\Reports\\20211222_144624\\navigationmenu\\20211222_144632\\1640160077924.png"/>
         <property name="hostName" value="Owner - aldy-tft"/>
         <property name="os" value="Windows 10 64bit"/>
         <property name="appiumServerStatus" value="{&quot;value&quot;:{&quot;build&quot;:{&quot;version&quot;:&quot;1.22.0&quot;}},&quot;sessionId&quot;:null,&quot;status&quot;:0}"/>
         <property name="katalonVersion" value="7.9.1.208"/>
         <property name="deviceOS" value="Android"/>
         <property name="appiumVersion" value="1.22.0"/>
         <property name="deviceModel" value="SM-A205F"/>
         <property name="hostAddress" value="192.168.100.13"/>
         <property name="deviceManufacturer" value="samsung"/>
         <property name="deviceId" value="RR8M40C9AXE"/>
         <property name="deviceName" value="samsung SM-A205F (Android 11)"/>
         <property name="deviceOSVersion" value="11"/>
      </properties>
      <testcase name="Test Cases/Mobile/Scenario/NavigationMenu/001 - Download Report" time="63.223" classname="Test Cases/Mobile/Scenario/NavigationMenu/001 - Download Report" status="PASSED">
         <system-out><![CDATA[2021-12-22 14:59:20 - [TEST_CASE][PASSED] - Test Cases/Mobile/Scenario/NavigationMenu/001 - Download Report: Test Cases/Mobile/Scenario/NavigationMenu/001 - Download Report

2021-12-22 14:59:20 - [TEST_STEP][PASSED] - callTestCase(findTestCase("Mobile/Page/Run App/Run App byID"), [:], STOP_ON_FAILURE): Call Test Case 'Test Cases/Mobile/Page/Run App/Run App byID' successfully

2021-12-22 14:59:21 - [TEST_CASE][PASSED] - Test Cases/Mobile/Page/Run App/Run App byID: Test Cases/Mobile/Page/Run App/Run App byID

2021-12-22 14:59:21 - [TEST_STEP][PASSED] - startApp.OpenApp.startApplication("id.co.miraeasset.sageclub"): startApp.OpenApp.startApplication is PASSED

2021-12-22 14:59:22 - [MESSAGE][INFO] - Appium server started on port 52,845

2021-12-22 14:59:37 - [MESSAGE][PASSED] - Starting app with application ID: 'id.co.miraeasset.sageclub'

2021-12-22 14:59:37 - [MESSAGE][PASSED] - startApp.OpenApp.startApplication is PASSED

2021-12-22 14:59:37 - [MESSAGE][PASSED] - Call Test Case 'Test Cases/Mobile/Page/Run App/Run App byID' successfully

2021-12-22 14:59:37 - [TEST_STEP][PASSED] - callTestCase(findTestCase("Mobile/Page/NavigationMenu/NavigationMenu"), ["action":"downloadtaxreport"], CONTINUE_ON_FAILURE): Call Test Case 'Test Cases/Mobile/Page/NavigationMenu/NavigationMenu' successfully

2021-12-22 14:59:37 - [TEST_CASE][PASSED] - Test Cases/Mobile/Page/NavigationMenu/NavigationMenu: Test Cases/Mobile/Page/NavigationMenu/NavigationMenu

2021-12-22 14:59:37 - [TEST_STEP][PASSED] - callTestCase(findTestCase("Mobile/Page/CheckLogin"), [:], CONTINUE_ON_FAILURE): Call Test Case 'Test Cases/Mobile/Page/CheckLogin' successfully

2021-12-22 14:59:37 - [TEST_CASE][PASSED] - Test Cases/Mobile/Page/CheckLogin: Test Cases/Mobile/Page/CheckLogin

2021-12-22 14:59:37 - [TEST_STEP][PASSED] - loginCheck = verifyElementExist(findTestObject("Mobile/Page/Login/Button - Login"), 5, CONTINUE_ON_FAILURE): Element 'Object Repository/Mobile/Page/Login/Button - Login' is exist

2021-12-22 14:59:38 - [MESSAGE][PASSED] - Element 'Object Repository/Mobile/Page/Login/Button - Login' is exist

2021-12-22 14:59:38 - [TEST_STEP][PASSED] - if (loginCheck): Call Test Case 'Test Cases/Mobile/Page/Login/Login' successfully

2021-12-22 14:59:38 - [TEST_STEP][PASSED] - callTestCase(findTestCase("Mobile/Page/Login/Login"), [:], CONTINUE_ON_FAILURE): Call Test Case 'Test Cases/Mobile/Page/Login/Login' successfully

2021-12-22 14:59:39 - [TEST_CASE][PASSED] - Test Cases/Mobile/Page/Login/Login: Test Cases/Mobile/Page/Login/Login

2021-12-22 14:59:39 - [TEST_STEP][PASSED] - delay(2): Delayed 2 second(s)

2021-12-22 14:59:41 - [MESSAGE][PASSED] - Delayed 2 second(s)

2021-12-22 14:59:41 - [TEST_STEP][PASSED] - tap(findTestObject("Mobile/Page/Login/Input - UserID"), 0): Tapped on element 'Object Repository/Mobile/Page/Login/Input - UserID'

2021-12-22 14:59:41 - [MESSAGE][WARNING] - Timeout '0' is invalid. Using default page load timeout: '60'

2021-12-22 14:59:41 - [MESSAGE][PASSED] - Tapped on element 'Object Repository/Mobile/Page/Login/Input - UserID'

2021-12-22 14:59:41 - [TEST_STEP][PASSED] - delay(1): Delayed 1 second(s)

2021-12-22 14:59:42 - [MESSAGE][PASSED] - Delayed 1 second(s)

2021-12-22 14:59:42 - [TEST_STEP][PASSED] - setText(findTestObject("Mobile/Page/Login/Input Rdy - UserID"), "anggaaditya", 0): Text 'anggaaditya' has been set to element 'Object Repository/Mobile/Page/Login/Input Rdy - UserID'

2021-12-22 14:59:42 - [MESSAGE][WARNING] - Timeout '0' is invalid. Using default page load timeout: '60'

2021-12-22 14:59:43 - [MESSAGE][PASSED] - Text 'anggaaditya' has been set to element 'Object Repository/Mobile/Page/Login/Input Rdy - UserID'

2021-12-22 14:59:43 - [TEST_STEP][PASSED] - delay(1): Delayed 1 second(s)

2021-12-22 14:59:44 - [MESSAGE][PASSED] - Delayed 1 second(s)

2021-12-22 14:59:44 - [TEST_STEP][PASSED] - hideKeyboard(): Keyboard is hidden

2021-12-22 14:59:48 - [MESSAGE][PASSED] - Keyboard is hidden

2021-12-22 14:59:48 - [TEST_STEP][PASSED] - tap(findTestObject("Mobile/Page/Login/Input - Password"), 0): Tapped on element 'Object Repository/Mobile/Page/Login/Input - Password'

2021-12-22 14:59:48 - [MESSAGE][WARNING] - Timeout '0' is invalid. Using default page load timeout: '60'

2021-12-22 14:59:48 - [MESSAGE][PASSED] - Tapped on element 'Object Repository/Mobile/Page/Login/Input - Password'

2021-12-22 14:59:48 - [TEST_STEP][PASSED] - delay(1): Delayed 1 second(s)

2021-12-22 14:59:49 - [MESSAGE][PASSED] - Delayed 1 second(s)

2021-12-22 14:59:49 - [TEST_STEP][PASSED] - setText(findTestObject("Mobile/Page/Login/Input Rdy - Password"), "Shalawa18", 0): Text 'Shalawa18' has been set to element 'Object Repository/Mobile/Page/Login/Input Rdy - Password'

2021-12-22 14:59:49 - [MESSAGE][WARNING] - Timeout '0' is invalid. Using default page load timeout: '60'

2021-12-22 14:59:50 - [MESSAGE][PASSED] - Text 'Shalawa18' has been set to element 'Object Repository/Mobile/Page/Login/Input Rdy - Password'

2021-12-22 14:59:50 - [TEST_STEP][PASSED] - delay(1): Delayed 1 second(s)

2021-12-22 14:59:51 - [MESSAGE][PASSED] - Delayed 1 second(s)

2021-12-22 14:59:51 - [TEST_STEP][PASSED] - hideKeyboard(): Keyboard is hidden

2021-12-22 14:59:57 - [MESSAGE][PASSED] - Keyboard is hidden

2021-12-22 14:59:57 - [TEST_STEP][PASSED] - tap(findTestObject("Mobile/Page/Login/Button - Login"), 0): Tapped on element 'Object Repository/Mobile/Page/Login/Button - Login'

2021-12-22 14:59:57 - [MESSAGE][WARNING] - Timeout '0' is invalid. Using default page load timeout: '60'

2021-12-22 14:59:58 - [MESSAGE][PASSED] - Tapped on element 'Object Repository/Mobile/Page/Login/Button - Login'

2021-12-22 14:59:58 - [TEST_STEP][PASSED] - delay(2): Delayed 2 second(s)

2021-12-22 15:00:00 - [MESSAGE][PASSED] - Delayed 2 second(s)

2021-12-22 15:00:00 - [MESSAGE][PASSED] - Call Test Case 'Test Cases/Mobile/Page/Login/Login' successfully

2021-12-22 15:00:00 - [MESSAGE][PASSED] - Call Test Case 'Test Cases/Mobile/Page/CheckLogin' successfully

2021-12-22 15:00:00 - [TEST_STEP][PASSED] - delay(3): Delayed 3 second(s)

2021-12-22 15:00:03 - [MESSAGE][PASSED] - Delayed 3 second(s)

2021-12-22 15:00:03 - [TEST_STEP][PASSED] - scroll.scroll.scrollScreenLeftToRight(): scroll.scroll.scrollScreenLeftToRight is PASSED

2021-12-22 15:00:04 - [MESSAGE][PASSED] - Current device physical height is 1423

2021-12-22 15:00:04 - [MESSAGE][PASSED] - Current device physical width is 720

2021-12-22 15:00:04 - [MESSAGE][PASSED] - Current device physical height is 1423

2021-12-22 15:00:05 - [MESSAGE][PASSED] - Swiped from 10,711 to 710,711

2021-12-22 15:00:05 - [MESSAGE][PASSED] - scroll.scroll.scrollScreenLeftToRight is PASSED

2021-12-22 15:00:05 - [TEST_STEP][PASSED] - delay(1): Delayed 1 second(s)

2021-12-22 15:00:06 - [MESSAGE][PASSED] - Delayed 1 second(s)

2021-12-22 15:00:06 - [TEST_STEP][PASSED] - for ([i = 0, i < 1, (i++)]): Press back button successfully

2021-12-22 15:00:06 - [TEST_STEP][PASSED] - if (action == "downloadtaxreport"): Press back button successfully

2021-12-22 15:00:06 - [TEST_STEP][PASSED] - taxreport = findTestObject("Mobile/Page/NavigationMenu/Container - Yearly Tax Report"): null

2021-12-22 15:00:06 - [TEST_STEP][PASSED] - top = getElementTopPosition(taxreport, 0): Object 'Object Repository/Mobile/Page/NavigationMenu/Container - Yearly Tax Report' has top position '309'

2021-12-22 15:00:06 - [MESSAGE][WARNING] - Timeout '0' is invalid. Using default page load timeout: '60'

2021-12-22 15:00:06 - [MESSAGE][PASSED] - Object 'Object Repository/Mobile/Page/NavigationMenu/Container - Yearly Tax Report' has top position '309'

2021-12-22 15:00:06 - [TEST_STEP][PASSED] - y = getElementHeight(taxreport, 0) * 0.8 + top: Object 'Object Repository/Mobile/Page/NavigationMenu/Container - Yearly Tax Report' has height: '119'

2021-12-22 15:00:07 - [MESSAGE][WARNING] - Timeout '0' is invalid. Using default page load timeout: '60'

2021-12-22 15:00:07 - [MESSAGE][PASSED] - Object 'Object Repository/Mobile/Page/NavigationMenu/Container - Yearly Tax Report' has height: '119'

2021-12-22 15:00:07 - [TEST_STEP][PASSED] - x = getDeviceWidth() * 0.2: Current device physical width is 720

2021-12-22 15:00:07 - [MESSAGE][PASSED] - Current device physical width is 720

2021-12-22 15:00:07 - [TEST_STEP][PASSED] - tapAtPosition(x, y): Tapped at [144, 404]

2021-12-22 15:00:07 - [MESSAGE][PASSED] - Tapped at [144, 404]

2021-12-22 15:00:07 - [TEST_STEP][PASSED] - delay(5): Delayed 5 second(s)

2021-12-22 15:00:12 - [MESSAGE][PASSED] - Delayed 5 second(s)

2021-12-22 15:00:12 - [TEST_STEP][PASSED] - pressBack(): Press back button successfully

2021-12-22 15:00:12 - [MESSAGE][PASSED] - Press back button successfully

2021-12-22 15:00:12 - [MESSAGE][PASSED] - Call Test Case 'Test Cases/Mobile/Page/NavigationMenu/NavigationMenu' successfully

2021-12-22 15:00:12 - [TEST_STEP][PASSED] - callTestCase(findTestCase("Mobile/Page/Run App/Terminate App"), [:], STOP_ON_FAILURE): Call Test Case 'Test Cases/Mobile/Page/Run App/Terminate App' successfully

2021-12-22 15:00:13 - [TEST_CASE][PASSED] - Test Cases/Mobile/Page/Run App/Terminate App: Test Cases/Mobile/Page/Run App/Terminate App

2021-12-22 15:00:13 - [TEST_STEP][PASSED] - startApp.OpenApp.terminateApplication(): startApp.OpenApp.terminateApplication is PASSED

2021-12-22 15:00:16 - [MESSAGE][PASSED] - Delayed 3 second(s)

2021-12-22 15:00:17 - [MESSAGE][PASSED] - Current device physical width is 720

2021-12-22 15:00:17 - [MESSAGE][PASSED] - Current device physical height is 1423

2021-12-22 15:00:18 - [MESSAGE][PASSED] - Swiped from 360,853 to 360,142

2021-12-22 15:00:19 - [MESSAGE][PASSED] - Delayed 1 second(s)

2021-12-22 15:00:20 - [MESSAGE][PASSED] - Swiped from 360,853 to 360,142

2021-12-22 15:00:23 - [MESSAGE][PASSED] - Delayed 3 second(s)

2021-12-22 15:00:23 - [MESSAGE][PASSED] - startApp.OpenApp.terminateApplication is PASSED

2021-12-22 15:00:23 - [MESSAGE][PASSED] - Call Test Case 'Test Cases/Mobile/Page/Run App/Terminate App' successfully]]></system-out>
         <system-err><![CDATA[]]></system-err>
      </testcase>
      <testcase name="Test Cases/Mobile/Scenario/NavigationMenu/002 - Risk Profile analysis" time="96.568" classname="Test Cases/Mobile/Scenario/NavigationMenu/002 - Risk Profile analysis" status="PASSED">
         <system-out><![CDATA[2021-12-22 15:00:23 - [TEST_CASE][PASSED] - Test Cases/Mobile/Scenario/NavigationMenu/002 - Risk Profile analysis: Test Cases/Mobile/Scenario/NavigationMenu/002 - Risk Profile analysis

2021-12-22 15:00:24 - [TEST_STEP][PASSED] - callTestCase(findTestCase("Mobile/Page/Run App/Run App byID"), [:], STOP_ON_FAILURE): Call Test Case 'Test Cases/Mobile/Page/Run App/Run App byID' successfully

2021-12-22 15:00:24 - [TEST_CASE][PASSED] - Test Cases/Mobile/Page/Run App/Run App byID: Test Cases/Mobile/Page/Run App/Run App byID

2021-12-22 15:00:24 - [TEST_STEP][PASSED] - startApp.OpenApp.startApplication("id.co.miraeasset.sageclub"): startApp.OpenApp.startApplication is PASSED

2021-12-22 15:00:37 - [MESSAGE][PASSED] - Starting app with application ID: 'id.co.miraeasset.sageclub'

2021-12-22 15:00:37 - [MESSAGE][PASSED] - startApp.OpenApp.startApplication is PASSED

2021-12-22 15:00:37 - [MESSAGE][PASSED] - Call Test Case 'Test Cases/Mobile/Page/Run App/Run App byID' successfully

2021-12-22 15:00:37 - [TEST_STEP][PASSED] - callTestCase(findTestCase("Mobile/Page/NavigationMenu/NavigationMenu"), ["action":"analyzeprofile"], CONTINUE_ON_FAILURE): Call Test Case 'Test Cases/Mobile/Page/NavigationMenu/NavigationMenu' successfully

2021-12-22 15:00:37 - [TEST_CASE][PASSED] - Test Cases/Mobile/Page/NavigationMenu/NavigationMenu: Test Cases/Mobile/Page/NavigationMenu/NavigationMenu

2021-12-22 15:00:37 - [TEST_STEP][PASSED] - callTestCase(findTestCase("Mobile/Page/CheckLogin"), [:], CONTINUE_ON_FAILURE): Call Test Case 'Test Cases/Mobile/Page/CheckLogin' successfully

2021-12-22 15:00:37 - [TEST_CASE][PASSED] - Test Cases/Mobile/Page/CheckLogin: Test Cases/Mobile/Page/CheckLogin

2021-12-22 15:00:37 - [TEST_STEP][PASSED] - loginCheck = verifyElementExist(findTestObject("Mobile/Page/Login/Button - Login"), 5, CONTINUE_ON_FAILURE): Element 'Object Repository/Mobile/Page/Login/Button - Login' is exist

2021-12-22 15:00:39 - [MESSAGE][PASSED] - Element 'Object Repository/Mobile/Page/Login/Button - Login' is exist

2021-12-22 15:00:39 - [TEST_STEP][PASSED] - if (loginCheck): Call Test Case 'Test Cases/Mobile/Page/Login/Login' successfully

2021-12-22 15:00:39 - [TEST_STEP][PASSED] - callTestCase(findTestCase("Mobile/Page/Login/Login"), [:], CONTINUE_ON_FAILURE): Call Test Case 'Test Cases/Mobile/Page/Login/Login' successfully

2021-12-22 15:00:39 - [TEST_CASE][PASSED] - Test Cases/Mobile/Page/Login/Login: Test Cases/Mobile/Page/Login/Login

2021-12-22 15:00:39 - [TEST_STEP][PASSED] - delay(2): Delayed 2 second(s)

2021-12-22 15:00:41 - [MESSAGE][PASSED] - Delayed 2 second(s)

2021-12-22 15:00:41 - [TEST_STEP][PASSED] - tap(findTestObject("Mobile/Page/Login/Input - UserID"), 0): Tapped on element 'Object Repository/Mobile/Page/Login/Input - UserID'

2021-12-22 15:00:41 - [MESSAGE][WARNING] - Timeout '0' is invalid. Using default page load timeout: '60'

2021-12-22 15:00:42 - [MESSAGE][PASSED] - Tapped on element 'Object Repository/Mobile/Page/Login/Input - UserID'

2021-12-22 15:00:42 - [TEST_STEP][PASSED] - delay(1): Delayed 1 second(s)

2021-12-22 15:00:43 - [MESSAGE][PASSED] - Delayed 1 second(s)

2021-12-22 15:00:43 - [TEST_STEP][PASSED] - setText(findTestObject("Mobile/Page/Login/Input Rdy - UserID"), "anggaaditya", 0): Text 'anggaaditya' has been set to element 'Object Repository/Mobile/Page/Login/Input Rdy - UserID'

2021-12-22 15:00:43 - [MESSAGE][WARNING] - Timeout '0' is invalid. Using default page load timeout: '60'

2021-12-22 15:00:44 - [MESSAGE][PASSED] - Text 'anggaaditya' has been set to element 'Object Repository/Mobile/Page/Login/Input Rdy - UserID'

2021-12-22 15:00:44 - [TEST_STEP][PASSED] - delay(1): Delayed 1 second(s)

2021-12-22 15:00:45 - [MESSAGE][PASSED] - Delayed 1 second(s)

2021-12-22 15:00:45 - [TEST_STEP][PASSED] - hideKeyboard(): Keyboard is hidden

2021-12-22 15:00:50 - [MESSAGE][PASSED] - Keyboard is hidden

2021-12-22 15:00:50 - [TEST_STEP][PASSED] - tap(findTestObject("Mobile/Page/Login/Input - Password"), 0): Tapped on element 'Object Repository/Mobile/Page/Login/Input - Password'

2021-12-22 15:00:50 - [MESSAGE][WARNING] - Timeout '0' is invalid. Using default page load timeout: '60'

2021-12-22 15:00:51 - [MESSAGE][PASSED] - Tapped on element 'Object Repository/Mobile/Page/Login/Input - Password'

2021-12-22 15:00:51 - [TEST_STEP][PASSED] - delay(1): Delayed 1 second(s)

2021-12-22 15:00:52 - [MESSAGE][PASSED] - Delayed 1 second(s)

2021-12-22 15:00:52 - [TEST_STEP][PASSED] - setText(findTestObject("Mobile/Page/Login/Input Rdy - Password"), "Shalawa18", 0): Text 'Shalawa18' has been set to element 'Object Repository/Mobile/Page/Login/Input Rdy - Password'

2021-12-22 15:00:52 - [MESSAGE][WARNING] - Timeout '0' is invalid. Using default page load timeout: '60'

2021-12-22 15:00:52 - [MESSAGE][PASSED] - Text 'Shalawa18' has been set to element 'Object Repository/Mobile/Page/Login/Input Rdy - Password'

2021-12-22 15:00:52 - [TEST_STEP][PASSED] - delay(1): Delayed 1 second(s)

2021-12-22 15:00:53 - [MESSAGE][PASSED] - Delayed 1 second(s)

2021-12-22 15:00:53 - [TEST_STEP][PASSED] - hideKeyboard(): Keyboard is hidden

2021-12-22 15:01:00 - [MESSAGE][PASSED] - Keyboard is hidden

2021-12-22 15:01:00 - [TEST_STEP][PASSED] - tap(findTestObject("Mobile/Page/Login/Button - Login"), 0): Tapped on element 'Object Repository/Mobile/Page/Login/Button - Login'

2021-12-22 15:01:00 - [MESSAGE][WARNING] - Timeout '0' is invalid. Using default page load timeout: '60'

2021-12-22 15:01:01 - [MESSAGE][PASSED] - Tapped on element 'Object Repository/Mobile/Page/Login/Button - Login'

2021-12-22 15:01:01 - [TEST_STEP][PASSED] - delay(2): Delayed 2 second(s)

2021-12-22 15:01:03 - [MESSAGE][PASSED] - Delayed 2 second(s)

2021-12-22 15:01:03 - [MESSAGE][PASSED] - Call Test Case 'Test Cases/Mobile/Page/Login/Login' successfully

2021-12-22 15:01:03 - [MESSAGE][PASSED] - Call Test Case 'Test Cases/Mobile/Page/CheckLogin' successfully

2021-12-22 15:01:03 - [TEST_STEP][PASSED] - delay(3): Delayed 3 second(s)

2021-12-22 15:01:06 - [MESSAGE][PASSED] - Delayed 3 second(s)

2021-12-22 15:01:06 - [TEST_STEP][PASSED] - scroll.scroll.scrollScreenLeftToRight(): scroll.scroll.scrollScreenLeftToRight is PASSED

2021-12-22 15:01:06 - [MESSAGE][PASSED] - Current device physical height is 1423

2021-12-22 15:01:07 - [MESSAGE][PASSED] - Current device physical width is 720

2021-12-22 15:01:07 - [MESSAGE][PASSED] - Current device physical height is 1423

2021-12-22 15:01:08 - [MESSAGE][PASSED] - Swiped from 10,711 to 710,711

2021-12-22 15:01:08 - [MESSAGE][PASSED] - scroll.scroll.scrollScreenLeftToRight is PASSED

2021-12-22 15:01:08 - [TEST_STEP][PASSED] - delay(1): Delayed 1 second(s)

2021-12-22 15:01:09 - [MESSAGE][PASSED] - Delayed 1 second(s)

2021-12-22 15:01:09 - [TEST_STEP][FAILED] - for ([i = 0, i < 1, (i++)]): null

2021-12-22 15:01:09 - [TEST_STEP][PASSED] - if (action == "downloadtaxreport"): null

2021-12-22 15:01:09 - [TEST_STEP][FAILED] - else if (action == "analyzeprofile"): null

2021-12-22 15:01:09 - [TEST_STEP][PASSED] - risk = findTestObject("Mobile/Page/NavigationMenu/Container - Risk Profile"): null

2021-12-22 15:01:09 - [TEST_STEP][PASSED] - top = getElementTopPosition(risk, 0): Object 'Object Repository/Mobile/Page/NavigationMenu/Container - Risk Profile' has top position '463'

2021-12-22 15:01:09 - [MESSAGE][WARNING] - Timeout '0' is invalid. Using default page load timeout: '60'

2021-12-22 15:01:09 - [MESSAGE][PASSED] - Object 'Object Repository/Mobile/Page/NavigationMenu/Container - Risk Profile' has top position '463'

2021-12-22 15:01:09 - [TEST_STEP][PASSED] - y = getElementHeight(risk, 0) * 0.8 + top: Object 'Object Repository/Mobile/Page/NavigationMenu/Container - Risk Profile' has height: '119'

2021-12-22 15:01:09 - [MESSAGE][WARNING] - Timeout '0' is invalid. Using default page load timeout: '60'

2021-12-22 15:01:09 - [MESSAGE][PASSED] - Object 'Object Repository/Mobile/Page/NavigationMenu/Container - Risk Profile' has height: '119'

2021-12-22 15:01:09 - [TEST_STEP][PASSED] - x = getDeviceWidth() * 0.2: Current device physical width is 720

2021-12-22 15:01:10 - [MESSAGE][PASSED] - Current device physical width is 720

2021-12-22 15:01:10 - [TEST_STEP][PASSED] - tapAtPosition(x, y): Tapped at [144, 558]

2021-12-22 15:01:10 - [MESSAGE][PASSED] - Tapped at [144, 558]

2021-12-22 15:01:10 - [TEST_STEP][PASSED] - delay(1): Delayed 1 second(s)

2021-12-22 15:01:11 - [MESSAGE][PASSED] - Delayed 1 second(s)

2021-12-22 15:01:11 - [TEST_STEP][FAILED] - try: Failed to check for element 'Object Repository/Mobile/Page/NavigationMenu/Container - Risk Profile' exist (Root cause: com.kms.katalon.core.exception.StepFailedException: Element 'Object Repository/Mobile/Page/NavigationMenu/Container - Risk Profile' not found
	at com.kms.katalon.core.keyword.internal.KeywordMain.stepFailed(KeywordMain.groovy:50)
	at com.kms.katalon.core.mobile.keyword.internal.MobileKeywordMain.stepFailed(MobileKeywordMain.groovy:40)
	at com.kms.katalon.core.mobile.keyword.builtin.VerifyElementExistKeyword$_verifyElementExist_closure1.doCall(VerifyElementExistKeyword.groovy:77)
	at com.kms.katalon.core.mobile.keyword.builtin.VerifyElementExistKeyword$_verifyElementExist_closure1.call(VerifyElementExistKeyword.groovy)
	at com.kms.katalon.core.mobile.keyword.internal.MobileKeywordMain.runKeyword(MobileKeywordMain.groovy:21)
	at com.kms.katalon.core.mobile.keyword.builtin.VerifyElementExistKeyword.verifyElementExist(VerifyElementExistKeyword.groovy:80)
	at com.kms.katalon.core.mobile.keyword.builtin.VerifyElementExistKeyword.execute(VerifyElementExistKeyword.groovy:64)
	at com.kms.katalon.core.keyword.internal.KeywordExecutor.executeKeywordForPlatform(KeywordExecutor.groovy:73)
	at com.kms.katalon.core.mobile.keyword.MobileBuiltInKeywords.verifyElementExist(MobileBuiltInKeywords.groovy:1586)
	at com.kms.katalon.core.mobile.keyword.MobileBuiltInKeywords$verifyElementExist$11.call(Unknown Source)
	at NavigationMenu.run(NavigationMenu:51)
	at com.kms.katalon.core.main.ScriptEngine.run(ScriptEngine.java:194)
	at com.kms.katalon.core.main.ScriptEngine.runScriptAsRawText(ScriptEngine.java:119)
	at com.kms.katalon.core.main.TestCaseExecutor.runScript(TestCaseExecutor.java:398)
	at com.kms.katalon.core.main.TestCaseExecutor.doExecute(TestCaseExecutor.java:389)
	at com.kms.katalon.core.main.TestCaseExecutor.processExecutionPhase(TestCaseExecutor.java:368)
	at com.kms.katalon.core.main.TestCaseExecutor.accessMainPhase(TestCaseExecutor.java:360)
	at com.kms.katalon.core.main.TestCaseExecutor.execute(TestCaseExecutor.java:255)
	at com.kms.katalon.core.main.TestCaseMain.runTestCase(TestCaseMain.java:114)
	at com.kms.katalon.core.keyword.builtin.CallTestCaseKeyword$_callTestCase_closure1.doCall(CallTestCaseKeyword.groovy:59)
	at com.kms.katalon.core.keyword.builtin.CallTestCaseKeyword$_callTestCase_closure1.call(CallTestCaseKeyword.groovy)
	at com.kms.katalon.core.keyword.internal.KeywordMain.runKeyword(KeywordMain.groovy:68)
	at com.kms.katalon.core.keyword.builtin.CallTestCaseKeyword.callTestCase(CallTestCaseKeyword.groovy:81)
	at com.kms.katalon.core.keyword.builtin.CallTestCaseKeyword.execute(CallTestCaseKeyword.groovy:44)
	at com.kms.katalon.core.keyword.internal.KeywordExecutor.executeKeywordForPlatform(KeywordExecutor.groovy:73)
	at com.kms.katalon.core.keyword.BuiltinKeywords.callTestCase(BuiltinKeywords.groovy:334)
	at 002 - Risk Profile analysis.run(002 - Risk Profile analysis:22)
	at com.kms.katalon.core.main.ScriptEngine.run(ScriptEngine.java:194)
	at com.kms.katalon.core.main.ScriptEngine.runScriptAsRawText(ScriptEngine.java:119)
	at com.kms.katalon.core.main.TestCaseExecutor.runScript(TestCaseExecutor.java:398)
	at com.kms.katalon.core.main.TestCaseExecutor.doExecute(TestCaseExecutor.java:389)
	at com.kms.katalon.core.main.TestCaseExecutor.processExecutionPhase(TestCaseExecutor.java:368)
	at com.kms.katalon.core.main.TestCaseExecutor.accessMainPhase(TestCaseExecutor.java:360)
	at com.kms.katalon.core.main.TestCaseExecutor.execute(TestCaseExecutor.java:255)
	at com.kms.katalon.core.main.TestSuiteExecutor.accessTestCaseMainPhase(TestSuiteExecutor.java:203)
	at com.kms.katalon.core.main.TestSuiteExecutor.accessTestSuiteMainPhase(TestSuiteExecutor.java:152)
	at com.kms.katalon.core.main.TestSuiteExecutor.execute(TestSuiteExecutor.java:95)
	at com.kms.katalon.core.main.TestCaseMain.startTestSuite(TestCaseMain.java:157)
	at com.kms.katalon.core.main.TestCaseMain$startTestSuite$0.call(Unknown Source)
	at TempTestSuite1640159192723.run(TempTestSuite1640159192723.groovy:39)
)

2021-12-22 15:01:11 - [TEST_STEP][FAILED] - for ([j = 1, j <= 5, (j++)]): Failed to check for element 'Object Repository/Mobile/Page/NavigationMenu/Container - Risk Profile' exist (Root cause: com.kms.katalon.core.exception.StepFailedException: Element 'Object Repository/Mobile/Page/NavigationMenu/Container - Risk Profile' not found
	at com.kms.katalon.core.keyword.internal.KeywordMain.stepFailed(KeywordMain.groovy:50)
	at com.kms.katalon.core.mobile.keyword.internal.MobileKeywordMain.stepFailed(MobileKeywordMain.groovy:40)
	at com.kms.katalon.core.mobile.keyword.builtin.VerifyElementExistKeyword$_verifyElementExist_closure1.doCall(VerifyElementExistKeyword.groovy:77)
	at com.kms.katalon.core.mobile.keyword.builtin.VerifyElementExistKeyword$_verifyElementExist_closure1.call(VerifyElementExistKeyword.groovy)
	at com.kms.katalon.core.mobile.keyword.internal.MobileKeywordMain.runKeyword(MobileKeywordMain.groovy:21)
	at com.kms.katalon.core.mobile.keyword.builtin.VerifyElementExistKeyword.verifyElementExist(VerifyElementExistKeyword.groovy:80)
	at com.kms.katalon.core.mobile.keyword.builtin.VerifyElementExistKeyword.execute(VerifyElementExistKeyword.groovy:64)
	at com.kms.katalon.core.keyword.internal.KeywordExecutor.executeKeywordForPlatform(KeywordExecutor.groovy:73)
	at com.kms.katalon.core.mobile.keyword.MobileBuiltInKeywords.verifyElementExist(MobileBuiltInKeywords.groovy:1586)
	at com.kms.katalon.core.mobile.keyword.MobileBuiltInKeywords$verifyElementExist$11.call(Unknown Source)
	at NavigationMenu.run(NavigationMenu:51)
	at com.kms.katalon.core.main.ScriptEngine.run(ScriptEngine.java:194)
	at com.kms.katalon.core.main.ScriptEngine.runScriptAsRawText(ScriptEngine.java:119)
	at com.kms.katalon.core.main.TestCaseExecutor.runScript(TestCaseExecutor.java:398)
	at com.kms.katalon.core.main.TestCaseExecutor.doExecute(TestCaseExecutor.java:389)
	at com.kms.katalon.core.main.TestCaseExecutor.processExecutionPhase(TestCaseExecutor.java:368)
	at com.kms.katalon.core.main.TestCaseExecutor.accessMainPhase(TestCaseExecutor.java:360)
	at com.kms.katalon.core.main.TestCaseExecutor.execute(TestCaseExecutor.java:255)
	at com.kms.katalon.core.main.TestCaseMain.runTestCase(TestCaseMain.java:114)
	at com.kms.katalon.core.keyword.builtin.CallTestCaseKeyword$_callTestCase_closure1.doCall(CallTestCaseKeyword.groovy:59)
	at com.kms.katalon.core.keyword.builtin.CallTestCaseKeyword$_callTestCase_closure1.call(CallTestCaseKeyword.groovy)
	at com.kms.katalon.core.keyword.internal.KeywordMain.runKeyword(KeywordMain.groovy:68)
	at com.kms.katalon.core.keyword.builtin.CallTestCaseKeyword.callTestCase(CallTestCaseKeyword.groovy:81)
	at com.kms.katalon.core.keyword.builtin.CallTestCaseKeyword.execute(CallTestCaseKeyword.groovy:44)
	at com.kms.katalon.core.keyword.internal.KeywordExecutor.executeKeywordForPlatform(KeywordExecutor.groovy:73)
	at com.kms.katalon.core.keyword.BuiltinKeywords.callTestCase(BuiltinKeywords.groovy:334)
	at 002 - Risk Profile analysis.run(002 - Risk Profile analysis:22)
	at com.kms.katalon.core.main.ScriptEngine.run(ScriptEngine.java:194)
	at com.kms.katalon.core.main.ScriptEngine.runScriptAsRawText(ScriptEngine.java:119)
	at com.kms.katalon.core.main.TestCaseExecutor.runScript(TestCaseExecutor.java:398)
	at com.kms.katalon.core.main.TestCaseExecutor.doExecute(TestCaseExecutor.java:389)
	at com.kms.katalon.core.main.TestCaseExecutor.processExecutionPhase(TestCaseExecutor.java:368)
	at com.kms.katalon.core.main.TestCaseExecutor.accessMainPhase(TestCaseExecutor.java:360)
	at com.kms.katalon.core.main.TestCaseExecutor.execute(TestCaseExecutor.java:255)
	at com.kms.katalon.core.main.TestSuiteExecutor.accessTestCaseMainPhase(TestSuiteExecutor.java:203)
	at com.kms.katalon.core.main.TestSuiteExecutor.accessTestSuiteMainPhase(TestSuiteExecutor.java:152)
	at com.kms.katalon.core.main.TestSuiteExecutor.execute(TestSuiteExecutor.java:95)
	at com.kms.katalon.core.main.TestCaseMain.startTestSuite(TestCaseMain.java:157)
	at com.kms.katalon.core.main.TestCaseMain$startTestSuite$0.call(Unknown Source)
	at TempTestSuite1640159192723.run(TempTestSuite1640159192723.groovy:39)
)

2021-12-22 15:01:11 - [TEST_STEP][PASSED] - bestsuited = verifyElementExist(findTestObject("Mobile/Page/NavigationMenu/Container - Risk Profile"), 2): Element 'Object Repository/Mobile/Page/NavigationMenu/Container - Risk Profile' is exist

2021-12-22 15:01:11 - [MESSAGE][PASSED] - Element 'Object Repository/Mobile/Page/NavigationMenu/Container - Risk Profile' is exist

2021-12-22 15:01:11 - [TEST_STEP][PASSED] - if (!(bestsuited)): null

2021-12-22 15:01:11 - [TEST_STEP][PASSED] - x = getDeviceWidth() * 0.2 * j: Current device physical width is 720

2021-12-22 15:01:11 - [MESSAGE][PASSED] - Current device physical width is 720

2021-12-22 15:01:11 - [TEST_STEP][PASSED] - tapAtPosition(x, y): Tapped at [144, 558]

2021-12-22 15:01:12 - [MESSAGE][PASSED] - Tapped at [144, 558]

2021-12-22 15:01:12 - [TEST_STEP][PASSED] - delay(1): Delayed 1 second(s)

2021-12-22 15:01:13 - [MESSAGE][PASSED] - Delayed 1 second(s)

2021-12-22 15:01:13 - [TEST_STEP][PASSED] - bestsuited = verifyElementExist(findTestObject("Mobile/Page/NavigationMenu/Container - Risk Profile"), 2): Element 'Object Repository/Mobile/Page/NavigationMenu/Container - Risk Profile' is exist

2021-12-22 15:01:13 - [MESSAGE][PASSED] - Element 'Object Repository/Mobile/Page/NavigationMenu/Container - Risk Profile' is exist

2021-12-22 15:01:13 - [TEST_STEP][PASSED] - if (!(bestsuited)): null

2021-12-22 15:01:13 - [TEST_STEP][PASSED] - x = getDeviceWidth() * 0.2 * j: Current device physical width is 720

2021-12-22 15:01:13 - [MESSAGE][PASSED] - Current device physical width is 720

2021-12-22 15:01:13 - [TEST_STEP][PASSED] - tapAtPosition(x, y): Tapped at [288, 558]

2021-12-22 15:01:13 - [MESSAGE][PASSED] - Tapped at [288, 558]

2021-12-22 15:01:13 - [TEST_STEP][PASSED] - delay(1): Delayed 1 second(s)

2021-12-22 15:01:14 - [MESSAGE][PASSED] - Delayed 1 second(s)

2021-12-22 15:01:14 - [TEST_STEP][FAILED] - bestsuited = verifyElementExist(findTestObject("Mobile/Page/NavigationMenu/Container - Risk Profile"), 2): Failed to check for element 'Object Repository/Mobile/Page/NavigationMenu/Container - Risk Profile' exist (Root cause: com.kms.katalon.core.exception.StepFailedException: Element 'Object Repository/Mobile/Page/NavigationMenu/Container - Risk Profile' not found
	at com.kms.katalon.core.keyword.internal.KeywordMain.stepFailed(KeywordMain.groovy:50)
	at com.kms.katalon.core.mobile.keyword.internal.MobileKeywordMain.stepFailed(MobileKeywordMain.groovy:40)
	at com.kms.katalon.core.mobile.keyword.builtin.VerifyElementExistKeyword$_verifyElementExist_closure1.doCall(VerifyElementExistKeyword.groovy:77)
	at com.kms.katalon.core.mobile.keyword.builtin.VerifyElementExistKeyword$_verifyElementExist_closure1.call(VerifyElementExistKeyword.groovy)
	at com.kms.katalon.core.mobile.keyword.internal.MobileKeywordMain.runKeyword(MobileKeywordMain.groovy:21)
	at com.kms.katalon.core.mobile.keyword.builtin.VerifyElementExistKeyword.verifyElementExist(VerifyElementExistKeyword.groovy:80)
	at com.kms.katalon.core.mobile.keyword.builtin.VerifyElementExistKeyword.execute(VerifyElementExistKeyword.groovy:64)
	at com.kms.katalon.core.keyword.internal.KeywordExecutor.executeKeywordForPlatform(KeywordExecutor.groovy:73)
	at com.kms.katalon.core.mobile.keyword.MobileBuiltInKeywords.verifyElementExist(MobileBuiltInKeywords.groovy:1586)
	at com.kms.katalon.core.mobile.keyword.MobileBuiltInKeywords$verifyElementExist$11.call(Unknown Source)
	at NavigationMenu.run(NavigationMenu:51)
	at com.kms.katalon.core.main.ScriptEngine.run(ScriptEngine.java:194)
	at com.kms.katalon.core.main.ScriptEngine.runScriptAsRawText(ScriptEngine.java:119)
	at com.kms.katalon.core.main.TestCaseExecutor.runScript(TestCaseExecutor.java:398)
	at com.kms.katalon.core.main.TestCaseExecutor.doExecute(TestCaseExecutor.java:389)
	at com.kms.katalon.core.main.TestCaseExecutor.processExecutionPhase(TestCaseExecutor.java:368)
	at com.kms.katalon.core.main.TestCaseExecutor.accessMainPhase(TestCaseExecutor.java:360)
	at com.kms.katalon.core.main.TestCaseExecutor.execute(TestCaseExecutor.java:255)
	at com.kms.katalon.core.main.TestCaseMain.runTestCase(TestCaseMain.java:114)
	at com.kms.katalon.core.keyword.builtin.CallTestCaseKeyword$_callTestCase_closure1.doCall(CallTestCaseKeyword.groovy:59)
	at com.kms.katalon.core.keyword.builtin.CallTestCaseKeyword$_callTestCase_closure1.call(CallTestCaseKeyword.groovy)
	at com.kms.katalon.core.keyword.internal.KeywordMain.runKeyword(KeywordMain.groovy:68)
	at com.kms.katalon.core.keyword.builtin.CallTestCaseKeyword.callTestCase(CallTestCaseKeyword.groovy:81)
	at com.kms.katalon.core.keyword.builtin.CallTestCaseKeyword.execute(CallTestCaseKeyword.groovy:44)
	at com.kms.katalon.core.keyword.internal.KeywordExecutor.executeKeywordForPlatform(KeywordExecutor.groovy:73)
	at com.kms.katalon.core.keyword.BuiltinKeywords.callTestCase(BuiltinKeywords.groovy:334)
	at 002 - Risk Profile analysis.run(002 - Risk Profile analysis:22)
	at com.kms.katalon.core.main.ScriptEngine.run(ScriptEngine.java:194)
	at com.kms.katalon.core.main.ScriptEngine.runScriptAsRawText(ScriptEngine.java:119)
	at com.kms.katalon.core.main.TestCaseExecutor.runScript(TestCaseExecutor.java:398)
	at com.kms.katalon.core.main.TestCaseExecutor.doExecute(TestCaseExecutor.java:389)
	at com.kms.katalon.core.main.TestCaseExecutor.processExecutionPhase(TestCaseExecutor.java:368)
	at com.kms.katalon.core.main.TestCaseExecutor.accessMainPhase(TestCaseExecutor.java:360)
	at com.kms.katalon.core.main.TestCaseExecutor.execute(TestCaseExecutor.java:255)
	at com.kms.katalon.core.main.TestSuiteExecutor.accessTestCaseMainPhase(TestSuiteExecutor.java:203)
	at com.kms.katalon.core.main.TestSuiteExecutor.accessTestSuiteMainPhase(TestSuiteExecutor.java:152)
	at com.kms.katalon.core.main.TestSuiteExecutor.execute(TestSuiteExecutor.java:95)
	at com.kms.katalon.core.main.TestCaseMain.startTestSuite(TestCaseMain.java:157)
	at com.kms.katalon.core.main.TestCaseMain$startTestSuite$0.call(Unknown Source)
	at TempTestSuite1640159192723.run(TempTestSuite1640159192723.groovy:39)
)

2021-12-22 15:01:17 - [MESSAGE][FAILED] - Element 'Object Repository/Mobile/Page/NavigationMenu/Container - Risk Profile' not found
[[ATTACHMENT|C:\\Users\\Owner\\Documents\\kerjaan\\KatalonProject\\qa_katalon_pwm\\qa_katalon_pwm\\Reports\\20211222_144624\\navigationmenu\\20211222_144632\\1640160077110.png]]

2021-12-22 15:01:18 - [MESSAGE][FAILED] - Failed to check for element 'Object Repository/Mobile/Page/NavigationMenu/Container - Risk Profile' exist (Root cause: com.kms.katalon.core.exception.StepFailedException: Element 'Object Repository/Mobile/Page/NavigationMenu/Container - Risk Profile' not found
	at com.kms.katalon.core.keyword.internal.KeywordMain.stepFailed(KeywordMain.groovy:50)
	at com.kms.katalon.core.mobile.keyword.internal.MobileKeywordMain.stepFailed(MobileKeywordMain.groovy:40)
	at com.kms.katalon.core.mobile.keyword.builtin.VerifyElementExistKeyword$_verifyElementExist_closure1.doCall(VerifyElementExistKeyword.groovy:77)
	at com.kms.katalon.core.mobile.keyword.builtin.VerifyElementExistKeyword$_verifyElementExist_closure1.call(VerifyElementExistKeyword.groovy)
	at com.kms.katalon.core.mobile.keyword.internal.MobileKeywordMain.runKeyword(MobileKeywordMain.groovy:21)
	at com.kms.katalon.core.mobile.keyword.builtin.VerifyElementExistKeyword.verifyElementExist(VerifyElementExistKeyword.groovy:80)
	at com.kms.katalon.core.mobile.keyword.builtin.VerifyElementExistKeyword.execute(VerifyElementExistKeyword.groovy:64)
	at com.kms.katalon.core.keyword.internal.KeywordExecutor.executeKeywordForPlatform(KeywordExecutor.groovy:73)
	at com.kms.katalon.core.mobile.keyword.MobileBuiltInKeywords.verifyElementExist(MobileBuiltInKeywords.groovy:1586)
	at com.kms.katalon.core.mobile.keyword.MobileBuiltInKeywords$verifyElementExist$11.call(Unknown Source)
	at NavigationMenu.run(NavigationMenu:51)
	at com.kms.katalon.core.main.ScriptEngine.run(ScriptEngine.java:194)
	at com.kms.katalon.core.main.ScriptEngine.runScriptAsRawText(ScriptEngine.java:119)
	at com.kms.katalon.core.main.TestCaseExecutor.runScript(TestCaseExecutor.java:398)
	at com.kms.katalon.core.main.TestCaseExecutor.doExecute(TestCaseExecutor.java:389)
	at com.kms.katalon.core.main.TestCaseExecutor.processExecutionPhase(TestCaseExecutor.java:368)
	at com.kms.katalon.core.main.TestCaseExecutor.accessMainPhase(TestCaseExecutor.java:360)
	at com.kms.katalon.core.main.TestCaseExecutor.execute(TestCaseExecutor.java:255)
	at com.kms.katalon.core.main.TestCaseMain.runTestCase(TestCaseMain.java:114)
	at com.kms.katalon.core.keyword.builtin.CallTestCaseKeyword$_callTestCase_closure1.doCall(CallTestCaseKeyword.groovy:59)
	at com.kms.katalon.core.keyword.builtin.CallTestCaseKeyword$_callTestCase_closure1.call(CallTestCaseKeyword.groovy)
	at com.kms.katalon.core.keyword.internal.KeywordMain.runKeyword(KeywordMain.groovy:68)
	at com.kms.katalon.core.keyword.builtin.CallTestCaseKeyword.callTestCase(CallTestCaseKeyword.groovy:81)
	at com.kms.katalon.core.keyword.builtin.CallTestCaseKeyword.execute(CallTestCaseKeyword.groovy:44)
	at com.kms.katalon.core.keyword.internal.KeywordExecutor.executeKeywordForPlatform(KeywordExecutor.groovy:73)
	at com.kms.katalon.core.keyword.BuiltinKeywords.callTestCase(BuiltinKeywords.groovy:334)
	at 002 - Risk Profile analysis.run(002 - Risk Profile analysis:22)
	at com.kms.katalon.core.main.ScriptEngine.run(ScriptEngine.java:194)
	at com.kms.katalon.core.main.ScriptEngine.runScriptAsRawText(ScriptEngine.java:119)
	at com.kms.katalon.core.main.TestCaseExecutor.runScript(TestCaseExecutor.java:398)
	at com.kms.katalon.core.main.TestCaseExecutor.doExecute(TestCaseExecutor.java:389)
	at com.kms.katalon.core.main.TestCaseExecutor.processExecutionPhase(TestCaseExecutor.java:368)
	at com.kms.katalon.core.main.TestCaseExecutor.accessMainPhase(TestCaseExecutor.java:360)
	at com.kms.katalon.core.main.TestCaseExecutor.execute(TestCaseExecutor.java:255)
	at com.kms.katalon.core.main.TestSuiteExecutor.accessTestCaseMainPhase(TestSuiteExecutor.java:203)
	at com.kms.katalon.core.main.TestSuiteExecutor.accessTestSuiteMainPhase(TestSuiteExecutor.java:152)
	at com.kms.katalon.core.main.TestSuiteExecutor.execute(TestSuiteExecutor.java:95)
	at com.kms.katalon.core.main.TestCaseMain.startTestSuite(TestCaseMain.java:157)
	at com.kms.katalon.core.main.TestCaseMain$startTestSuite$0.call(Unknown Source)
	at TempTestSuite1640159192723.run(TempTestSuite1640159192723.groovy:39)
)
[[ATTACHMENT|C:\\Users\\Owner\\Documents\\kerjaan\\KatalonProject\\qa_katalon_pwm\\qa_katalon_pwm\\Reports\\20211222_144624\\navigationmenu\\20211222_144632\\1640160077924.png]]

2021-12-22 15:01:18 - [TEST_STEP][PASSED] - catch (Exception e): null

2021-12-22 15:01:18 - [TEST_STEP][PASSED] - rand = new java.util.Random(): null

2021-12-22 15:01:18 - [TEST_STEP][PASSED] - random = rand.nextInt(2): null

2021-12-22 15:01:18 - [TEST_STEP][PASSED] - positionclick.positionclick.clickButtonInBottom(findTestObject("Mobile/Page/NavigationMenu/Risk Profile/Dropdown - How Long")): positionclick.positionclick.clickButtonInBottom is PASSED

2021-12-22 15:01:18 - [MESSAGE][PASSED] - Current device physical width is 720

2021-12-22 15:01:18 - [MESSAGE][WARNING] - Timeout '0' is invalid. Using default page load timeout: '60'

2021-12-22 15:01:19 - [MESSAGE][PASSED] - Object 'Object Repository/Mobile/Page/NavigationMenu/Risk Profile/Dropdown - How Long' has top position '151'

2021-12-22 15:01:19 - [MESSAGE][WARNING] - Timeout '0' is invalid. Using default page load timeout: '60'

2021-12-22 15:01:19 - [MESSAGE][PASSED] - Object 'Object Repository/Mobile/Page/NavigationMenu/Risk Profile/Dropdown - How Long' has height: '126'

2021-12-22 15:01:20 - [MESSAGE][PASSED] - Tapped at [360, 251]

2021-12-22 15:01:20 - [MESSAGE][PASSED] - positionclick.positionclick.clickButtonInBottom is PASSED

2021-12-22 15:01:20 - [TEST_STEP][PASSED] - delay(1): Delayed 1 second(s)

2021-12-22 15:01:21 - [MESSAGE][PASSED] - Delayed 1 second(s)

2021-12-22 15:01:21 - [TEST_STEP][PASSED] - if (random == 0): null

2021-12-22 15:01:21 - [TEST_STEP][PASSED] - else: Tapped on element 'Object Repository/Mobile/Page/NavigationMenu/Risk Profile/Option How Long - 3 to 5'

2021-12-22 15:01:21 - [TEST_STEP][PASSED] - tap(findTestObject("Mobile/Page/NavigationMenu/Risk Profile/Option How Long - 3 to 5"), 0): Tapped on element 'Object Repository/Mobile/Page/NavigationMenu/Risk Profile/Option How Long - 3 to 5'

2021-12-22 15:01:21 - [MESSAGE][WARNING] - Timeout '0' is invalid. Using default page load timeout: '60'

2021-12-22 15:01:22 - [MESSAGE][PASSED] - Tapped on element 'Object Repository/Mobile/Page/NavigationMenu/Risk Profile/Option How Long - 3 to 5'

2021-12-22 15:01:22 - [TEST_STEP][PASSED] - delay(1): Delayed 1 second(s)

2021-12-22 15:01:23 - [MESSAGE][PASSED] - Delayed 1 second(s)

2021-12-22 15:01:23 - [TEST_STEP][PASSED] - random = rand.nextInt(2): null

2021-12-22 15:01:23 - [TEST_STEP][PASSED] - positionclick.positionclick.clickButtonInBottom(findTestObject("Mobile/Page/NavigationMenu/Risk Profile/Dropdown - Investment Goal")): positionclick.positionclick.clickButtonInBottom is PASSED

2021-12-22 15:01:23 - [MESSAGE][PASSED] - Current device physical width is 720

2021-12-22 15:01:23 - [MESSAGE][WARNING] - Timeout '0' is invalid. Using default page load timeout: '60'

2021-12-22 15:01:24 - [MESSAGE][PASSED] - Object 'Object Repository/Mobile/Page/NavigationMenu/Risk Profile/Dropdown - Investment Goal' has top position '303'

2021-12-22 15:01:24 - [MESSAGE][WARNING] - Timeout '0' is invalid. Using default page load timeout: '60'

2021-12-22 15:01:24 - [MESSAGE][PASSED] - Object 'Object Repository/Mobile/Page/NavigationMenu/Risk Profile/Dropdown - Investment Goal' has height: '126'

2021-12-22 15:01:25 - [MESSAGE][PASSED] - Tapped at [360, 403]

2021-12-22 15:01:25 - [MESSAGE][PASSED] - positionclick.positionclick.clickButtonInBottom is PASSED

2021-12-22 15:01:25 - [TEST_STEP][PASSED] - delay(1): Delayed 1 second(s)

2021-12-22 15:01:26 - [MESSAGE][PASSED] - Delayed 1 second(s)

2021-12-22 15:01:26 - [TEST_STEP][PASSED] - if (random == 0): Tapped on element 'Object Repository/Mobile/Page/NavigationMenu/Risk Profile/Option Investment Goal - Additional Income'

2021-12-22 15:01:26 - [MESSAGE][WARNING] - Timeout '0' is invalid. Using default page load timeout: '60'

2021-12-22 15:01:27 - [MESSAGE][PASSED] - Tapped on element 'Object Repository/Mobile/Page/NavigationMenu/Risk Profile/Option Investment Goal - Additional Income'

2021-12-22 15:01:27 - [TEST_STEP][PASSED] - delay(1): Delayed 1 second(s)

2021-12-22 15:01:28 - [MESSAGE][PASSED] - Delayed 1 second(s)

2021-12-22 15:01:28 - [TEST_STEP][PASSED] - random = rand.nextInt(2): null

2021-12-22 15:01:28 - [TEST_STEP][PASSED] - positionclick.positionclick.clickButtonInBottom(findTestObject("Mobile/Page/NavigationMenu/Risk Profile/Dropdown - General Knowledge")): positionclick.positionclick.clickButtonInBottom is PASSED

2021-12-22 15:01:28 - [MESSAGE][PASSED] - Current device physical width is 720

2021-12-22 15:01:28 - [MESSAGE][WARNING] - Timeout '0' is invalid. Using default page load timeout: '60'

2021-12-22 15:01:28 - [MESSAGE][PASSED] - Object 'Object Repository/Mobile/Page/NavigationMenu/Risk Profile/Dropdown - General Knowledge' has top position '456'

2021-12-22 15:01:28 - [MESSAGE][WARNING] - Timeout '0' is invalid. Using default page load timeout: '60'

2021-12-22 15:01:29 - [MESSAGE][PASSED] - Object 'Object Repository/Mobile/Page/NavigationMenu/Risk Profile/Dropdown - General Knowledge' has height: '126'

2021-12-22 15:01:30 - [MESSAGE][PASSED] - Tapped at [360, 556]

2021-12-22 15:01:30 - [MESSAGE][PASSED] - positionclick.positionclick.clickButtonInBottom is PASSED

2021-12-22 15:01:30 - [TEST_STEP][PASSED] - delay(1): Delayed 1 second(s)

2021-12-22 15:01:31 - [MESSAGE][PASSED] - Delayed 1 second(s)

2021-12-22 15:01:31 - [TEST_STEP][PASSED] - if (random == 0): null

2021-12-22 15:01:31 - [TEST_STEP][PASSED] - else: Tapped on element 'Object Repository/Mobile/Page/NavigationMenu/Risk Profile/Option General Knowledge - Quite Good'

2021-12-22 15:01:31 - [TEST_STEP][PASSED] - tap(findTestObject("Mobile/Page/NavigationMenu/Risk Profile/Option General Knowledge - Quite Good"), 0): Tapped on element 'Object Repository/Mobile/Page/NavigationMenu/Risk Profile/Option General Knowledge - Quite Good'

2021-12-22 15:01:31 - [MESSAGE][WARNING] - Timeout '0' is invalid. Using default page load timeout: '60'

2021-12-22 15:01:32 - [MESSAGE][PASSED] - Tapped on element 'Object Repository/Mobile/Page/NavigationMenu/Risk Profile/Option General Knowledge - Quite Good'

2021-12-22 15:01:32 - [TEST_STEP][PASSED] - delay(1): Delayed 1 second(s)

2021-12-22 15:01:33 - [MESSAGE][PASSED] - Delayed 1 second(s)

2021-12-22 15:01:33 - [TEST_STEP][PASSED] - random = rand.nextInt(2): null

2021-12-22 15:01:33 - [TEST_STEP][PASSED] - positionclick.positionclick.clickButtonInBottom(findTestObject("Mobile/Page/NavigationMenu/Risk Profile/Dropdown - Total Amount")): positionclick.positionclick.clickButtonInBottom is PASSED

2021-12-22 15:01:33 - [MESSAGE][PASSED] - Current device physical width is 720

2021-12-22 15:01:33 - [MESSAGE][WARNING] - Timeout '0' is invalid. Using default page load timeout: '60'

2021-12-22 15:01:33 - [MESSAGE][PASSED] - Object 'Object Repository/Mobile/Page/NavigationMenu/Risk Profile/Dropdown - Total Amount' has top position '608'

2021-12-22 15:01:33 - [MESSAGE][WARNING] - Timeout '0' is invalid. Using default page load timeout: '60'

2021-12-22 15:01:33 - [MESSAGE][PASSED] - Object 'Object Repository/Mobile/Page/NavigationMenu/Risk Profile/Dropdown - Total Amount' has height: '126'

2021-12-22 15:01:34 - [MESSAGE][PASSED] - Tapped at [360, 708]

2021-12-22 15:01:34 - [MESSAGE][PASSED] - positionclick.positionclick.clickButtonInBottom is PASSED

2021-12-22 15:01:34 - [TEST_STEP][PASSED] - delay(1): Delayed 1 second(s)

2021-12-22 15:01:35 - [MESSAGE][PASSED] - Delayed 1 second(s)

2021-12-22 15:01:35 - [TEST_STEP][PASSED] - if (random == 0): Tapped on element 'Object Repository/Mobile/Page/NavigationMenu/Risk Profile/Option Total Amount - Between 10 and 20'

2021-12-22 15:01:35 - [MESSAGE][WARNING] - Timeout '0' is invalid. Using default page load timeout: '60'

2021-12-22 15:01:36 - [MESSAGE][PASSED] - Tapped on element 'Object Repository/Mobile/Page/NavigationMenu/Risk Profile/Option Total Amount - Between 10 and 20'

2021-12-22 15:01:36 - [TEST_STEP][PASSED] - delay(1): Delayed 1 second(s)

2021-12-22 15:01:37 - [MESSAGE][PASSED] - Delayed 1 second(s)

2021-12-22 15:01:37 - [TEST_STEP][PASSED] - random = rand.nextInt(2): null

2021-12-22 15:01:37 - [TEST_STEP][PASSED] - positionclick.positionclick.clickButtonInBottom(findTestObject("Mobile/Page/NavigationMenu/Risk Profile/Dropdown - Investment Goal")): positionclick.positionclick.clickButtonInBottom is PASSED

2021-12-22 15:01:37 - [MESSAGE][PASSED] - Current device physical width is 720

2021-12-22 15:01:37 - [MESSAGE][WARNING] - Timeout '0' is invalid. Using default page load timeout: '60'

2021-12-22 15:01:37 - [MESSAGE][PASSED] - Object 'Object Repository/Mobile/Page/NavigationMenu/Risk Profile/Dropdown - Investment Goal' has top position '303'

2021-12-22 15:01:37 - [MESSAGE][WARNING] - Timeout '0' is invalid. Using default page load timeout: '60'

2021-12-22 15:01:38 - [MESSAGE][PASSED] - Object 'Object Repository/Mobile/Page/NavigationMenu/Risk Profile/Dropdown - Investment Goal' has height: '126'

2021-12-22 15:01:39 - [MESSAGE][PASSED] - Tapped at [360, 403]

2021-12-22 15:01:39 - [MESSAGE][PASSED] - positionclick.positionclick.clickButtonInBottom is PASSED

2021-12-22 15:01:39 - [TEST_STEP][PASSED] - delay(1): Delayed 1 second(s)

2021-12-22 15:01:40 - [MESSAGE][PASSED] - Delayed 1 second(s)

2021-12-22 15:01:40 - [TEST_STEP][PASSED] - if (random == 0): null

2021-12-22 15:01:40 - [TEST_STEP][PASSED] - else: Tapped on element 'Object Repository/Mobile/Page/NavigationMenu/Risk Profile/Option Risk Level - None'

2021-12-22 15:01:40 - [TEST_STEP][PASSED] - tap(findTestObject("Mobile/Page/NavigationMenu/Risk Profile/Option Risk Level - None"), 0): Tapped on element 'Object Repository/Mobile/Page/NavigationMenu/Risk Profile/Option Risk Level - None'

2021-12-22 15:01:40 - [MESSAGE][WARNING] - Timeout '0' is invalid. Using default page load timeout: '60'

2021-12-22 15:01:41 - [MESSAGE][PASSED] - Tapped on element 'Object Repository/Mobile/Page/NavigationMenu/Risk Profile/Option Risk Level - None'

2021-12-22 15:01:41 - [TEST_STEP][PASSED] - delay(1): Delayed 1 second(s)

2021-12-22 15:01:42 - [MESSAGE][PASSED] - Delayed 1 second(s)

2021-12-22 15:01:42 - [TEST_STEP][PASSED] - random = rand.nextInt(2): null

2021-12-22 15:01:42 - [TEST_STEP][PASSED] - positionclick.positionclick.clickButtonInBottom(findTestObject("Mobile/Page/NavigationMenu/Risk Profile/Dropdown - Best Suited")): positionclick.positionclick.clickButtonInBottom is PASSED

2021-12-22 15:01:42 - [MESSAGE][PASSED] - Current device physical width is 720

2021-12-22 15:01:42 - [MESSAGE][WARNING] - Timeout '0' is invalid. Using default page load timeout: '60'

2021-12-22 15:01:42 - [MESSAGE][PASSED] - Object 'Object Repository/Mobile/Page/NavigationMenu/Risk Profile/Dropdown - Best Suited' has top position '912'

2021-12-22 15:01:42 - [MESSAGE][WARNING] - Timeout '0' is invalid. Using default page load timeout: '60'

2021-12-22 15:01:42 - [MESSAGE][PASSED] - Object 'Object Repository/Mobile/Page/NavigationMenu/Risk Profile/Dropdown - Best Suited' has height: '154'

2021-12-22 15:01:43 - [MESSAGE][PASSED] - Tapped at [360, 1,035]

2021-12-22 15:01:43 - [MESSAGE][PASSED] - positionclick.positionclick.clickButtonInBottom is PASSED

2021-12-22 15:01:43 - [TEST_STEP][PASSED] - delay(1): Delayed 1 second(s)

2021-12-22 15:01:44 - [MESSAGE][PASSED] - Delayed 1 second(s)

2021-12-22 15:01:44 - [TEST_STEP][PASSED] - if (random == 0): null

2021-12-22 15:01:44 - [TEST_STEP][PASSED] - else: Tapped on element 'Object Repository/Mobile/Page/NavigationMenu/Risk Profile/Option Best Suited - Security Deposit'

2021-12-22 15:01:44 - [TEST_STEP][PASSED] - tap(findTestObject("Mobile/Page/NavigationMenu/Risk Profile/Option Best Suited - Security Deposit"), 0): Tapped on element 'Object Repository/Mobile/Page/NavigationMenu/Risk Profile/Option Best Suited - Security Deposit'

2021-12-22 15:01:44 - [MESSAGE][WARNING] - Timeout '0' is invalid. Using default page load timeout: '60'

2021-12-22 15:01:45 - [MESSAGE][PASSED] - Tapped on element 'Object Repository/Mobile/Page/NavigationMenu/Risk Profile/Option Best Suited - Security Deposit'

2021-12-22 15:01:45 - [TEST_STEP][PASSED] - delay(1): Delayed 1 second(s)

2021-12-22 15:01:46 - [MESSAGE][PASSED] - Delayed 1 second(s)

2021-12-22 15:01:46 - [TEST_STEP][PASSED] - tap(findTestObject("Mobile/Page/NavigationMenu/Risk Profile/Button - Calculate Risk Profile"), 0): Tapped on element 'Object Repository/Mobile/Page/NavigationMenu/Risk Profile/Button - Calculate Risk Profile'

2021-12-22 15:01:46 - [MESSAGE][WARNING] - Timeout '0' is invalid. Using default page load timeout: '60'

2021-12-22 15:01:48 - [MESSAGE][PASSED] - Tapped on element 'Object Repository/Mobile/Page/NavigationMenu/Risk Profile/Button - Calculate Risk Profile'

2021-12-22 15:01:48 - [TEST_STEP][PASSED] - delay(1): Delayed 1 second(s)

2021-12-22 15:01:49 - [MESSAGE][PASSED] - Delayed 1 second(s)

2021-12-22 15:01:49 - [TEST_STEP][PASSED] - pressBack(): Press back button successfully

2021-12-22 15:01:49 - [MESSAGE][PASSED] - Press back button successfully

2021-12-22 15:01:49 - [MESSAGE][PASSED] - Call Test Case 'Test Cases/Mobile/Page/NavigationMenu/NavigationMenu' successfully

2021-12-22 15:01:49 - [TEST_STEP][PASSED] - callTestCase(findTestCase("Mobile/Page/Run App/Terminate App"), [:], STOP_ON_FAILURE): Call Test Case 'Test Cases/Mobile/Page/Run App/Terminate App' successfully

2021-12-22 15:01:49 - [TEST_CASE][PASSED] - Test Cases/Mobile/Page/Run App/Terminate App: Test Cases/Mobile/Page/Run App/Terminate App

2021-12-22 15:01:49 - [TEST_STEP][PASSED] - startApp.OpenApp.terminateApplication(): startApp.OpenApp.terminateApplication is PASSED

2021-12-22 15:01:53 - [MESSAGE][PASSED] - Delayed 3 second(s)

2021-12-22 15:01:53 - [MESSAGE][PASSED] - Current device physical width is 720

2021-12-22 15:01:53 - [MESSAGE][PASSED] - Current device physical height is 1423

2021-12-22 15:01:55 - [MESSAGE][PASSED] - Swiped from 360,853 to 360,142

2021-12-22 15:01:56 - [MESSAGE][PASSED] - Delayed 1 second(s)

2021-12-22 15:01:57 - [MESSAGE][PASSED] - Swiped from 360,853 to 360,142

2021-12-22 15:02:00 - [MESSAGE][PASSED] - Delayed 3 second(s)

2021-12-22 15:02:00 - [MESSAGE][PASSED] - startApp.OpenApp.terminateApplication is PASSED

2021-12-22 15:02:00 - [MESSAGE][PASSED] - Call Test Case 'Test Cases/Mobile/Page/Run App/Terminate App' successfully]]></system-out>
         <system-err><![CDATA[]]></system-err>
      </testcase>
      <testcase name="Test Cases/Mobile/Scenario/NavigationMenu/003 - Whatsapp message" time="66.983" classname="Test Cases/Mobile/Scenario/NavigationMenu/003 - Whatsapp message" status="PASSED">
         <system-out><![CDATA[2021-12-22 15:02:00 - [TEST_CASE][PASSED] - Test Cases/Mobile/Scenario/NavigationMenu/003 - Whatsapp message: Test Cases/Mobile/Scenario/NavigationMenu/003 - Whatsapp message

2021-12-22 15:02:00 - [TEST_STEP][PASSED] - callTestCase(findTestCase("Mobile/Page/Run App/Run App byID"), [:], STOP_ON_FAILURE): Call Test Case 'Test Cases/Mobile/Page/Run App/Run App byID' successfully

2021-12-22 15:02:00 - [TEST_CASE][PASSED] - Test Cases/Mobile/Page/Run App/Run App byID: Test Cases/Mobile/Page/Run App/Run App byID

2021-12-22 15:02:00 - [TEST_STEP][PASSED] - startApp.OpenApp.startApplication("id.co.miraeasset.sageclub"): startApp.OpenApp.startApplication is PASSED

2021-12-22 15:02:14 - [MESSAGE][PASSED] - Starting app with application ID: 'id.co.miraeasset.sageclub'

2021-12-22 15:02:14 - [MESSAGE][PASSED] - startApp.OpenApp.startApplication is PASSED

2021-12-22 15:02:14 - [MESSAGE][PASSED] - Call Test Case 'Test Cases/Mobile/Page/Run App/Run App byID' successfully

2021-12-22 15:02:14 - [TEST_STEP][PASSED] - callTestCase(findTestCase("Mobile/Page/NavigationMenu/NavigationMenu"), ["action":"wa"], CONTINUE_ON_FAILURE): Call Test Case 'Test Cases/Mobile/Page/NavigationMenu/NavigationMenu' successfully

2021-12-22 15:02:14 - [TEST_CASE][PASSED] - Test Cases/Mobile/Page/NavigationMenu/NavigationMenu: Test Cases/Mobile/Page/NavigationMenu/NavigationMenu

2021-12-22 15:02:14 - [TEST_STEP][PASSED] - callTestCase(findTestCase("Mobile/Page/CheckLogin"), [:], CONTINUE_ON_FAILURE): Call Test Case 'Test Cases/Mobile/Page/CheckLogin' successfully

2021-12-22 15:02:14 - [TEST_CASE][PASSED] - Test Cases/Mobile/Page/CheckLogin: Test Cases/Mobile/Page/CheckLogin

2021-12-22 15:02:14 - [TEST_STEP][PASSED] - loginCheck = verifyElementExist(findTestObject("Mobile/Page/Login/Button - Login"), 5, CONTINUE_ON_FAILURE): Element 'Object Repository/Mobile/Page/Login/Button - Login' is exist

2021-12-22 15:02:16 - [MESSAGE][PASSED] - Element 'Object Repository/Mobile/Page/Login/Button - Login' is exist

2021-12-22 15:02:16 - [TEST_STEP][PASSED] - if (loginCheck): Call Test Case 'Test Cases/Mobile/Page/Login/Login' successfully

2021-12-22 15:02:16 - [TEST_STEP][PASSED] - callTestCase(findTestCase("Mobile/Page/Login/Login"), [:], CONTINUE_ON_FAILURE): Call Test Case 'Test Cases/Mobile/Page/Login/Login' successfully

2021-12-22 15:02:16 - [TEST_CASE][PASSED] - Test Cases/Mobile/Page/Login/Login: Test Cases/Mobile/Page/Login/Login

2021-12-22 15:02:16 - [TEST_STEP][PASSED] - delay(2): Delayed 2 second(s)

2021-12-22 15:02:18 - [MESSAGE][PASSED] - Delayed 2 second(s)

2021-12-22 15:02:18 - [TEST_STEP][PASSED] - tap(findTestObject("Mobile/Page/Login/Input - UserID"), 0): Tapped on element 'Object Repository/Mobile/Page/Login/Input - UserID'

2021-12-22 15:02:18 - [MESSAGE][WARNING] - Timeout '0' is invalid. Using default page load timeout: '60'

2021-12-22 15:02:19 - [MESSAGE][PASSED] - Tapped on element 'Object Repository/Mobile/Page/Login/Input - UserID'

2021-12-22 15:02:19 - [TEST_STEP][PASSED] - delay(1): Delayed 1 second(s)

2021-12-22 15:02:20 - [MESSAGE][PASSED] - Delayed 1 second(s)

2021-12-22 15:02:20 - [TEST_STEP][PASSED] - setText(findTestObject("Mobile/Page/Login/Input Rdy - UserID"), "anggaaditya", 0): Text 'anggaaditya' has been set to element 'Object Repository/Mobile/Page/Login/Input Rdy - UserID'

2021-12-22 15:02:20 - [MESSAGE][WARNING] - Timeout '0' is invalid. Using default page load timeout: '60'

2021-12-22 15:02:21 - [MESSAGE][PASSED] - Text 'anggaaditya' has been set to element 'Object Repository/Mobile/Page/Login/Input Rdy - UserID'

2021-12-22 15:02:21 - [TEST_STEP][PASSED] - delay(1): Delayed 1 second(s)

2021-12-22 15:02:22 - [MESSAGE][PASSED] - Delayed 1 second(s)

2021-12-22 15:02:22 - [TEST_STEP][PASSED] - hideKeyboard(): Keyboard is hidden

2021-12-22 15:02:26 - [MESSAGE][PASSED] - Keyboard is hidden

2021-12-22 15:02:26 - [TEST_STEP][PASSED] - tap(findTestObject("Mobile/Page/Login/Input - Password"), 0): Tapped on element 'Object Repository/Mobile/Page/Login/Input - Password'

2021-12-22 15:02:26 - [MESSAGE][WARNING] - Timeout '0' is invalid. Using default page load timeout: '60'

2021-12-22 15:02:26 - [MESSAGE][PASSED] - Tapped on element 'Object Repository/Mobile/Page/Login/Input - Password'

2021-12-22 15:02:26 - [TEST_STEP][PASSED] - delay(1): Delayed 1 second(s)

2021-12-22 15:02:27 - [MESSAGE][PASSED] - Delayed 1 second(s)

2021-12-22 15:02:27 - [TEST_STEP][PASSED] - setText(findTestObject("Mobile/Page/Login/Input Rdy - Password"), "Shalawa18", 0): Text 'Shalawa18' has been set to element 'Object Repository/Mobile/Page/Login/Input Rdy - Password'

2021-12-22 15:02:27 - [MESSAGE][WARNING] - Timeout '0' is invalid. Using default page load timeout: '60'

2021-12-22 15:02:28 - [MESSAGE][PASSED] - Text 'Shalawa18' has been set to element 'Object Repository/Mobile/Page/Login/Input Rdy - Password'

2021-12-22 15:02:28 - [TEST_STEP][PASSED] - delay(1): Delayed 1 second(s)

2021-12-22 15:02:29 - [MESSAGE][PASSED] - Delayed 1 second(s)

2021-12-22 15:02:29 - [TEST_STEP][PASSED] - hideKeyboard(): Keyboard is hidden

2021-12-22 15:02:35 - [MESSAGE][PASSED] - Keyboard is hidden

2021-12-22 15:02:35 - [TEST_STEP][PASSED] - tap(findTestObject("Mobile/Page/Login/Button - Login"), 0): Tapped on element 'Object Repository/Mobile/Page/Login/Button - Login'

2021-12-22 15:02:35 - [MESSAGE][WARNING] - Timeout '0' is invalid. Using default page load timeout: '60'

2021-12-22 15:02:36 - [MESSAGE][PASSED] - Tapped on element 'Object Repository/Mobile/Page/Login/Button - Login'

2021-12-22 15:02:36 - [TEST_STEP][PASSED] - delay(2): Delayed 2 second(s)

2021-12-22 15:02:38 - [MESSAGE][PASSED] - Delayed 2 second(s)

2021-12-22 15:02:38 - [MESSAGE][PASSED] - Call Test Case 'Test Cases/Mobile/Page/Login/Login' successfully

2021-12-22 15:02:38 - [MESSAGE][PASSED] - Call Test Case 'Test Cases/Mobile/Page/CheckLogin' successfully

2021-12-22 15:02:38 - [TEST_STEP][PASSED] - delay(3): Delayed 3 second(s)

2021-12-22 15:02:41 - [MESSAGE][PASSED] - Delayed 3 second(s)

2021-12-22 15:02:41 - [TEST_STEP][PASSED] - scroll.scroll.scrollScreenLeftToRight(): scroll.scroll.scrollScreenLeftToRight is PASSED

2021-12-22 15:02:41 - [MESSAGE][PASSED] - Current device physical height is 1423

2021-12-22 15:02:42 - [MESSAGE][PASSED] - Current device physical width is 720

2021-12-22 15:02:42 - [MESSAGE][PASSED] - Current device physical height is 1423

2021-12-22 15:02:43 - [MESSAGE][PASSED] - Swiped from 10,711 to 710,711

2021-12-22 15:02:43 - [MESSAGE][PASSED] - scroll.scroll.scrollScreenLeftToRight is PASSED

2021-12-22 15:02:43 - [TEST_STEP][PASSED] - delay(1): Delayed 1 second(s)

2021-12-22 15:02:44 - [MESSAGE][PASSED] - Delayed 1 second(s)

2021-12-22 15:02:44 - [TEST_STEP][PASSED] - for ([i = 0, i < 1, (i++)]): Delayed 2 second(s)

2021-12-22 15:02:44 - [TEST_STEP][PASSED] - if (action == "downloadtaxreport"): null

2021-12-22 15:02:44 - [TEST_STEP][PASSED] - else if (action == "analyzeprofile"): null

2021-12-22 15:02:44 - [TEST_STEP][PASSED] - else if (action == "wa"): Delayed 2 second(s)

2021-12-22 15:02:44 - [TEST_STEP][PASSED] - tap(findTestObject("Mobile/Page/NavigationMenu/Button - Whatsapp"), 0): Tapped on element 'Object Repository/Mobile/Page/NavigationMenu/Button - Whatsapp'

2021-12-22 15:02:44 - [MESSAGE][WARNING] - Timeout '0' is invalid. Using default page load timeout: '60'

2021-12-22 15:02:44 - [MESSAGE][PASSED] - Tapped on element 'Object Repository/Mobile/Page/NavigationMenu/Button - Whatsapp'

2021-12-22 15:02:44 - [TEST_STEP][PASSED] - delay(2): Delayed 2 second(s)

2021-12-22 15:02:46 - [MESSAGE][PASSED] - Delayed 2 second(s)

2021-12-22 15:02:46 - [MESSAGE][PASSED] - Call Test Case 'Test Cases/Mobile/Page/NavigationMenu/NavigationMenu' successfully

2021-12-22 15:02:46 - [TEST_STEP][PASSED] - callTestCase(findTestCase("Mobile/Page/Run App/Terminate App"), [:], STOP_ON_FAILURE): Call Test Case 'Test Cases/Mobile/Page/Run App/Terminate App' successfully

2021-12-22 15:02:47 - [TEST_CASE][PASSED] - Test Cases/Mobile/Page/Run App/Terminate App: Test Cases/Mobile/Page/Run App/Terminate App

2021-12-22 15:02:47 - [TEST_STEP][PASSED] - startApp.OpenApp.terminateApplication(): startApp.OpenApp.terminateApplication is PASSED

2021-12-22 15:02:50 - [MESSAGE][PASSED] - Delayed 3 second(s)

2021-12-22 15:02:50 - [MESSAGE][PASSED] - Current device physical width is 720

2021-12-22 15:02:50 - [MESSAGE][PASSED] - Current device physical height is 1423

2021-12-22 15:02:51 - [MESSAGE][PASSED] - Swiped from 360,853 to 360,142

2021-12-22 15:02:52 - [MESSAGE][PASSED] - Delayed 1 second(s)

2021-12-22 15:02:54 - [MESSAGE][PASSED] - Swiped from 360,853 to 360,142

2021-12-22 15:02:57 - [MESSAGE][PASSED] - Delayed 3 second(s)

2021-12-22 15:02:57 - [MESSAGE][PASSED] - startApp.OpenApp.terminateApplication is PASSED

2021-12-22 15:02:57 - [MESSAGE][PASSED] - Call Test Case 'Test Cases/Mobile/Page/Run App/Terminate App' successfully

2021-12-22 15:02:57 - [TEST_STEP][PASSED] - callTestCase(findTestCase("Mobile/Page/Run App/Terminate App"), [:], STOP_ON_FAILURE): Call Test Case 'Test Cases/Mobile/Page/Run App/Terminate App' successfully

2021-12-22 15:02:57 - [TEST_CASE][PASSED] - Test Cases/Mobile/Page/Run App/Terminate App: Test Cases/Mobile/Page/Run App/Terminate App

2021-12-22 15:02:57 - [TEST_STEP][PASSED] - startApp.OpenApp.terminateApplication(): startApp.OpenApp.terminateApplication is PASSED

2021-12-22 15:03:00 - [MESSAGE][PASSED] - Delayed 3 second(s)

2021-12-22 15:03:00 - [MESSAGE][PASSED] - Current device physical width is 720

2021-12-22 15:03:00 - [MESSAGE][PASSED] - Current device physical height is 1423

2021-12-22 15:03:02 - [MESSAGE][PASSED] - Swiped from 360,853 to 360,142

2021-12-22 15:03:03 - [MESSAGE][PASSED] - Delayed 1 second(s)

2021-12-22 15:03:04 - [MESSAGE][PASSED] - Swiped from 360,853 to 360,142

2021-12-22 15:03:07 - [MESSAGE][PASSED] - Delayed 3 second(s)

2021-12-22 15:03:07 - [MESSAGE][PASSED] - startApp.OpenApp.terminateApplication is PASSED

2021-12-22 15:03:07 - [MESSAGE][PASSED] - Call Test Case 'Test Cases/Mobile/Page/Run App/Terminate App' successfully]]></system-out>
         <system-err><![CDATA[]]></system-err>
      </testcase>
      <testcase name="Test Cases/Mobile/Scenario/NavigationMenu/004 - Email button" time="67.21" classname="Test Cases/Mobile/Scenario/NavigationMenu/004 - Email button" status="PASSED">
         <system-out><![CDATA[2021-12-22 15:03:07 - [TEST_CASE][PASSED] - Test Cases/Mobile/Scenario/NavigationMenu/004 - Email button: Test Cases/Mobile/Scenario/NavigationMenu/004 - Email button

2021-12-22 15:03:07 - [TEST_STEP][PASSED] - callTestCase(findTestCase("Mobile/Page/Run App/Run App byID"), [:], STOP_ON_FAILURE): Call Test Case 'Test Cases/Mobile/Page/Run App/Run App byID' successfully

2021-12-22 15:03:07 - [TEST_CASE][PASSED] - Test Cases/Mobile/Page/Run App/Run App byID: Test Cases/Mobile/Page/Run App/Run App byID

2021-12-22 15:03:07 - [TEST_STEP][PASSED] - startApp.OpenApp.startApplication("id.co.miraeasset.sageclub"): startApp.OpenApp.startApplication is PASSED

2021-12-22 15:03:20 - [MESSAGE][PASSED] - Starting app with application ID: 'id.co.miraeasset.sageclub'

2021-12-22 15:03:20 - [MESSAGE][PASSED] - startApp.OpenApp.startApplication is PASSED

2021-12-22 15:03:20 - [MESSAGE][PASSED] - Call Test Case 'Test Cases/Mobile/Page/Run App/Run App byID' successfully

2021-12-22 15:03:20 - [TEST_STEP][PASSED] - callTestCase(findTestCase("Mobile/Page/NavigationMenu/NavigationMenu"), ["action":"email"], CONTINUE_ON_FAILURE): Call Test Case 'Test Cases/Mobile/Page/NavigationMenu/NavigationMenu' successfully

2021-12-22 15:03:20 - [TEST_CASE][PASSED] - Test Cases/Mobile/Page/NavigationMenu/NavigationMenu: Test Cases/Mobile/Page/NavigationMenu/NavigationMenu

2021-12-22 15:03:20 - [TEST_STEP][PASSED] - callTestCase(findTestCase("Mobile/Page/CheckLogin"), [:], CONTINUE_ON_FAILURE): Call Test Case 'Test Cases/Mobile/Page/CheckLogin' successfully

2021-12-22 15:03:21 - [TEST_CASE][PASSED] - Test Cases/Mobile/Page/CheckLogin: Test Cases/Mobile/Page/CheckLogin

2021-12-22 15:03:21 - [TEST_STEP][PASSED] - loginCheck = verifyElementExist(findTestObject("Mobile/Page/Login/Button - Login"), 5, CONTINUE_ON_FAILURE): Element 'Object Repository/Mobile/Page/Login/Button - Login' is exist

2021-12-22 15:03:23 - [MESSAGE][PASSED] - Element 'Object Repository/Mobile/Page/Login/Button - Login' is exist

2021-12-22 15:03:23 - [TEST_STEP][PASSED] - if (loginCheck): Call Test Case 'Test Cases/Mobile/Page/Login/Login' successfully

2021-12-22 15:03:23 - [TEST_STEP][PASSED] - callTestCase(findTestCase("Mobile/Page/Login/Login"), [:], CONTINUE_ON_FAILURE): Call Test Case 'Test Cases/Mobile/Page/Login/Login' successfully

2021-12-22 15:03:23 - [TEST_CASE][PASSED] - Test Cases/Mobile/Page/Login/Login: Test Cases/Mobile/Page/Login/Login

2021-12-22 15:03:23 - [TEST_STEP][PASSED] - delay(2): Delayed 2 second(s)

2021-12-22 15:03:25 - [MESSAGE][PASSED] - Delayed 2 second(s)

2021-12-22 15:03:25 - [TEST_STEP][PASSED] - tap(findTestObject("Mobile/Page/Login/Input - UserID"), 0): Tapped on element 'Object Repository/Mobile/Page/Login/Input - UserID'

2021-12-22 15:03:25 - [MESSAGE][WARNING] - Timeout '0' is invalid. Using default page load timeout: '60'

2021-12-22 15:03:25 - [MESSAGE][PASSED] - Tapped on element 'Object Repository/Mobile/Page/Login/Input - UserID'

2021-12-22 15:03:25 - [TEST_STEP][PASSED] - delay(1): Delayed 1 second(s)

2021-12-22 15:03:26 - [MESSAGE][PASSED] - Delayed 1 second(s)

2021-12-22 15:03:26 - [TEST_STEP][PASSED] - setText(findTestObject("Mobile/Page/Login/Input Rdy - UserID"), "anggaaditya", 0): Text 'anggaaditya' has been set to element 'Object Repository/Mobile/Page/Login/Input Rdy - UserID'

2021-12-22 15:03:26 - [MESSAGE][WARNING] - Timeout '0' is invalid. Using default page load timeout: '60'

2021-12-22 15:03:27 - [MESSAGE][PASSED] - Text 'anggaaditya' has been set to element 'Object Repository/Mobile/Page/Login/Input Rdy - UserID'

2021-12-22 15:03:27 - [TEST_STEP][PASSED] - delay(1): Delayed 1 second(s)

2021-12-22 15:03:28 - [MESSAGE][PASSED] - Delayed 1 second(s)

2021-12-22 15:03:28 - [TEST_STEP][PASSED] - hideKeyboard(): Keyboard is hidden

2021-12-22 15:03:32 - [MESSAGE][PASSED] - Keyboard is hidden

2021-12-22 15:03:32 - [TEST_STEP][PASSED] - tap(findTestObject("Mobile/Page/Login/Input - Password"), 0): Tapped on element 'Object Repository/Mobile/Page/Login/Input - Password'

2021-12-22 15:03:32 - [MESSAGE][WARNING] - Timeout '0' is invalid. Using default page load timeout: '60'

2021-12-22 15:03:33 - [MESSAGE][PASSED] - Tapped on element 'Object Repository/Mobile/Page/Login/Input - Password'

2021-12-22 15:03:33 - [TEST_STEP][PASSED] - delay(1): Delayed 1 second(s)

2021-12-22 15:03:34 - [MESSAGE][PASSED] - Delayed 1 second(s)

2021-12-22 15:03:34 - [TEST_STEP][PASSED] - setText(findTestObject("Mobile/Page/Login/Input Rdy - Password"), "Shalawa18", 0): Text 'Shalawa18' has been set to element 'Object Repository/Mobile/Page/Login/Input Rdy - Password'

2021-12-22 15:03:34 - [MESSAGE][WARNING] - Timeout '0' is invalid. Using default page load timeout: '60'

2021-12-22 15:03:35 - [MESSAGE][PASSED] - Text 'Shalawa18' has been set to element 'Object Repository/Mobile/Page/Login/Input Rdy - Password'

2021-12-22 15:03:35 - [TEST_STEP][PASSED] - delay(1): Delayed 1 second(s)

2021-12-22 15:03:36 - [MESSAGE][PASSED] - Delayed 1 second(s)

2021-12-22 15:03:36 - [TEST_STEP][PASSED] - hideKeyboard(): Keyboard is hidden

2021-12-22 15:03:42 - [MESSAGE][PASSED] - Keyboard is hidden

2021-12-22 15:03:42 - [TEST_STEP][PASSED] - tap(findTestObject("Mobile/Page/Login/Button - Login"), 0): Tapped on element 'Object Repository/Mobile/Page/Login/Button - Login'

2021-12-22 15:03:42 - [MESSAGE][WARNING] - Timeout '0' is invalid. Using default page load timeout: '60'

2021-12-22 15:03:43 - [MESSAGE][PASSED] - Tapped on element 'Object Repository/Mobile/Page/Login/Button - Login'

2021-12-22 15:03:43 - [TEST_STEP][PASSED] - delay(2): Delayed 2 second(s)

2021-12-22 15:03:45 - [MESSAGE][PASSED] - Delayed 2 second(s)

2021-12-22 15:03:45 - [MESSAGE][PASSED] - Call Test Case 'Test Cases/Mobile/Page/Login/Login' successfully

2021-12-22 15:03:45 - [MESSAGE][PASSED] - Call Test Case 'Test Cases/Mobile/Page/CheckLogin' successfully

2021-12-22 15:03:45 - [TEST_STEP][PASSED] - delay(3): Delayed 3 second(s)

2021-12-22 15:03:48 - [MESSAGE][PASSED] - Delayed 3 second(s)

2021-12-22 15:03:48 - [TEST_STEP][PASSED] - scroll.scroll.scrollScreenLeftToRight(): scroll.scroll.scrollScreenLeftToRight is PASSED

2021-12-22 15:03:48 - [MESSAGE][PASSED] - Current device physical height is 1423

2021-12-22 15:03:49 - [MESSAGE][PASSED] - Current device physical width is 720

2021-12-22 15:03:49 - [MESSAGE][PASSED] - Current device physical height is 1423

2021-12-22 15:03:50 - [MESSAGE][PASSED] - Swiped from 10,711 to 710,711

2021-12-22 15:03:50 - [MESSAGE][PASSED] - scroll.scroll.scrollScreenLeftToRight is PASSED

2021-12-22 15:03:50 - [TEST_STEP][PASSED] - delay(1): Delayed 1 second(s)

2021-12-22 15:03:51 - [MESSAGE][PASSED] - Delayed 1 second(s)

2021-12-22 15:03:51 - [TEST_STEP][PASSED] - for ([i = 0, i < 1, (i++)]): Delayed 2 second(s)

2021-12-22 15:03:51 - [TEST_STEP][PASSED] - if (action == "downloadtaxreport"): null

2021-12-22 15:03:51 - [TEST_STEP][PASSED] - else if (action == "analyzeprofile"): null

2021-12-22 15:03:51 - [TEST_STEP][PASSED] - else if (action == "wa"): null

2021-12-22 15:03:51 - [TEST_STEP][PASSED] - else if (action == "email"): Delayed 2 second(s)

2021-12-22 15:03:51 - [TEST_STEP][PASSED] - tap(findTestObject("Mobile/Page/NavigationMenu/Button - Email"), 0): Tapped on element 'Object Repository/Mobile/Page/NavigationMenu/Button - Email'

2021-12-22 15:03:51 - [MESSAGE][WARNING] - Timeout '0' is invalid. Using default page load timeout: '60'

2021-12-22 15:03:52 - [MESSAGE][PASSED] - Tapped on element 'Object Repository/Mobile/Page/NavigationMenu/Button - Email'

2021-12-22 15:03:52 - [TEST_STEP][PASSED] - delay(2): Delayed 2 second(s)

2021-12-22 15:03:54 - [MESSAGE][PASSED] - Delayed 2 second(s)

2021-12-22 15:03:54 - [MESSAGE][PASSED] - Call Test Case 'Test Cases/Mobile/Page/NavigationMenu/NavigationMenu' successfully

2021-12-22 15:03:54 - [TEST_STEP][PASSED] - callTestCase(findTestCase("Mobile/Page/Run App/Terminate App"), [:], STOP_ON_FAILURE): Call Test Case 'Test Cases/Mobile/Page/Run App/Terminate App' successfully

2021-12-22 15:03:54 - [TEST_CASE][PASSED] - Test Cases/Mobile/Page/Run App/Terminate App: Test Cases/Mobile/Page/Run App/Terminate App

2021-12-22 15:03:54 - [TEST_STEP][PASSED] - startApp.OpenApp.terminateApplication(): startApp.OpenApp.terminateApplication is PASSED

2021-12-22 15:03:57 - [MESSAGE][PASSED] - Delayed 3 second(s)

2021-12-22 15:03:57 - [MESSAGE][PASSED] - Current device physical width is 720

2021-12-22 15:03:57 - [MESSAGE][PASSED] - Current device physical height is 1423

2021-12-22 15:03:59 - [MESSAGE][PASSED] - Swiped from 360,853 to 360,142

2021-12-22 15:04:00 - [MESSAGE][PASSED] - Delayed 1 second(s)

2021-12-22 15:04:01 - [MESSAGE][PASSED] - Swiped from 360,853 to 360,142

2021-12-22 15:04:04 - [MESSAGE][PASSED] - Delayed 3 second(s)

2021-12-22 15:04:04 - [MESSAGE][PASSED] - startApp.OpenApp.terminateApplication is PASSED

2021-12-22 15:04:04 - [MESSAGE][PASSED] - Call Test Case 'Test Cases/Mobile/Page/Run App/Terminate App' successfully

2021-12-22 15:04:04 - [TEST_STEP][PASSED] - callTestCase(findTestCase("Mobile/Page/Run App/Terminate App"), [:], STOP_ON_FAILURE): Call Test Case 'Test Cases/Mobile/Page/Run App/Terminate App' successfully

2021-12-22 15:04:04 - [TEST_CASE][PASSED] - Test Cases/Mobile/Page/Run App/Terminate App: Test Cases/Mobile/Page/Run App/Terminate App

2021-12-22 15:04:04 - [TEST_STEP][PASSED] - startApp.OpenApp.terminateApplication(): startApp.OpenApp.terminateApplication is PASSED

2021-12-22 15:04:07 - [MESSAGE][PASSED] - Delayed 3 second(s)

2021-12-22 15:04:07 - [MESSAGE][PASSED] - Current device physical width is 720

2021-12-22 15:04:08 - [MESSAGE][PASSED] - Current device physical height is 1423

2021-12-22 15:04:09 - [MESSAGE][PASSED] - Swiped from 360,853 to 360,142

2021-12-22 15:04:10 - [MESSAGE][PASSED] - Delayed 1 second(s)

2021-12-22 15:04:11 - [MESSAGE][PASSED] - Swiped from 360,853 to 360,142

2021-12-22 15:04:14 - [MESSAGE][PASSED] - Delayed 3 second(s)

2021-12-22 15:04:14 - [MESSAGE][PASSED] - startApp.OpenApp.terminateApplication is PASSED

2021-12-22 15:04:14 - [MESSAGE][PASSED] - Call Test Case 'Test Cases/Mobile/Page/Run App/Terminate App' successfully]]></system-out>
         <system-err><![CDATA[]]></system-err>
      </testcase>
      <testcase name="Test Cases/Mobile/Scenario/NavigationMenu/005 - Settings" time="96.863" classname="Test Cases/Mobile/Scenario/NavigationMenu/005 - Settings" status="PASSED">
         <system-out><![CDATA[2021-12-22 15:04:14 - [TEST_CASE][PASSED] - Test Cases/Mobile/Scenario/NavigationMenu/005 - Settings: Test Cases/Mobile/Scenario/NavigationMenu/005 - Settings

2021-12-22 15:04:14 - [TEST_STEP][PASSED] - callTestCase(findTestCase("Mobile/Page/Run App/Run App byID"), [:], STOP_ON_FAILURE): Call Test Case 'Test Cases/Mobile/Page/Run App/Run App byID' successfully

2021-12-22 15:04:14 - [TEST_CASE][PASSED] - Test Cases/Mobile/Page/Run App/Run App byID: Test Cases/Mobile/Page/Run App/Run App byID

2021-12-22 15:04:14 - [TEST_STEP][PASSED] - startApp.OpenApp.startApplication("id.co.miraeasset.sageclub"): startApp.OpenApp.startApplication is PASSED

2021-12-22 15:04:27 - [MESSAGE][PASSED] - Starting app with application ID: 'id.co.miraeasset.sageclub'

2021-12-22 15:04:27 - [MESSAGE][PASSED] - startApp.OpenApp.startApplication is PASSED

2021-12-22 15:04:27 - [MESSAGE][PASSED] - Call Test Case 'Test Cases/Mobile/Page/Run App/Run App byID' successfully

2021-12-22 15:04:27 - [TEST_STEP][PASSED] - callTestCase(findTestCase("Mobile/Page/NavigationMenu/NavigationMenu"), ["action":"setting"], CONTINUE_ON_FAILURE): Call Test Case 'Test Cases/Mobile/Page/NavigationMenu/NavigationMenu' successfully

2021-12-22 15:04:28 - [TEST_CASE][PASSED] - Test Cases/Mobile/Page/NavigationMenu/NavigationMenu: Test Cases/Mobile/Page/NavigationMenu/NavigationMenu

2021-12-22 15:04:28 - [TEST_STEP][PASSED] - callTestCase(findTestCase("Mobile/Page/CheckLogin"), [:], CONTINUE_ON_FAILURE): Call Test Case 'Test Cases/Mobile/Page/CheckLogin' successfully

2021-12-22 15:04:28 - [TEST_CASE][PASSED] - Test Cases/Mobile/Page/CheckLogin: Test Cases/Mobile/Page/CheckLogin

2021-12-22 15:04:28 - [TEST_STEP][PASSED] - loginCheck = verifyElementExist(findTestObject("Mobile/Page/Login/Button - Login"), 5, CONTINUE_ON_FAILURE): Element 'Object Repository/Mobile/Page/Login/Button - Login' is exist

2021-12-22 15:04:29 - [MESSAGE][PASSED] - Element 'Object Repository/Mobile/Page/Login/Button - Login' is exist

2021-12-22 15:04:29 - [TEST_STEP][PASSED] - if (loginCheck): Call Test Case 'Test Cases/Mobile/Page/Login/Login' successfully

2021-12-22 15:04:29 - [TEST_STEP][PASSED] - callTestCase(findTestCase("Mobile/Page/Login/Login"), [:], CONTINUE_ON_FAILURE): Call Test Case 'Test Cases/Mobile/Page/Login/Login' successfully

2021-12-22 15:04:30 - [TEST_CASE][PASSED] - Test Cases/Mobile/Page/Login/Login: Test Cases/Mobile/Page/Login/Login

2021-12-22 15:04:30 - [TEST_STEP][PASSED] - delay(2): Delayed 2 second(s)

2021-12-22 15:04:32 - [MESSAGE][PASSED] - Delayed 2 second(s)

2021-12-22 15:04:32 - [TEST_STEP][PASSED] - tap(findTestObject("Mobile/Page/Login/Input - UserID"), 0): Tapped on element 'Object Repository/Mobile/Page/Login/Input - UserID'

2021-12-22 15:04:32 - [MESSAGE][WARNING] - Timeout '0' is invalid. Using default page load timeout: '60'

2021-12-22 15:04:32 - [MESSAGE][PASSED] - Tapped on element 'Object Repository/Mobile/Page/Login/Input - UserID'

2021-12-22 15:04:32 - [TEST_STEP][PASSED] - delay(1): Delayed 1 second(s)

2021-12-22 15:04:33 - [MESSAGE][PASSED] - Delayed 1 second(s)

2021-12-22 15:04:33 - [TEST_STEP][PASSED] - setText(findTestObject("Mobile/Page/Login/Input Rdy - UserID"), "anggaaditya", 0): Text 'anggaaditya' has been set to element 'Object Repository/Mobile/Page/Login/Input Rdy - UserID'

2021-12-22 15:04:33 - [MESSAGE][WARNING] - Timeout '0' is invalid. Using default page load timeout: '60'

2021-12-22 15:04:34 - [MESSAGE][PASSED] - Text 'anggaaditya' has been set to element 'Object Repository/Mobile/Page/Login/Input Rdy - UserID'

2021-12-22 15:04:34 - [TEST_STEP][PASSED] - delay(1): Delayed 1 second(s)

2021-12-22 15:04:35 - [MESSAGE][PASSED] - Delayed 1 second(s)

2021-12-22 15:04:35 - [TEST_STEP][PASSED] - hideKeyboard(): Keyboard is hidden

2021-12-22 15:04:40 - [MESSAGE][PASSED] - Keyboard is hidden

2021-12-22 15:04:41 - [TEST_STEP][PASSED] - tap(findTestObject("Mobile/Page/Login/Input - Password"), 0): Tapped on element 'Object Repository/Mobile/Page/Login/Input - Password'

2021-12-22 15:04:41 - [MESSAGE][WARNING] - Timeout '0' is invalid. Using default page load timeout: '60'

2021-12-22 15:04:41 - [MESSAGE][PASSED] - Tapped on element 'Object Repository/Mobile/Page/Login/Input - Password'

2021-12-22 15:04:41 - [TEST_STEP][PASSED] - delay(1): Delayed 1 second(s)

2021-12-22 15:04:42 - [MESSAGE][PASSED] - Delayed 1 second(s)

2021-12-22 15:04:42 - [TEST_STEP][PASSED] - setText(findTestObject("Mobile/Page/Login/Input Rdy - Password"), "Shalawa18", 0): Text 'Shalawa18' has been set to element 'Object Repository/Mobile/Page/Login/Input Rdy - Password'

2021-12-22 15:04:42 - [MESSAGE][WARNING] - Timeout '0' is invalid. Using default page load timeout: '60'

2021-12-22 15:04:43 - [MESSAGE][PASSED] - Text 'Shalawa18' has been set to element 'Object Repository/Mobile/Page/Login/Input Rdy - Password'

2021-12-22 15:04:43 - [TEST_STEP][PASSED] - delay(1): Delayed 1 second(s)

2021-12-22 15:04:44 - [MESSAGE][PASSED] - Delayed 1 second(s)

2021-12-22 15:04:44 - [TEST_STEP][PASSED] - hideKeyboard(): Keyboard is hidden

2021-12-22 15:04:51 - [MESSAGE][PASSED] - Keyboard is hidden

2021-12-22 15:04:51 - [TEST_STEP][PASSED] - tap(findTestObject("Mobile/Page/Login/Button - Login"), 0): Tapped on element 'Object Repository/Mobile/Page/Login/Button - Login'

2021-12-22 15:04:51 - [MESSAGE][WARNING] - Timeout '0' is invalid. Using default page load timeout: '60'

2021-12-22 15:04:52 - [MESSAGE][PASSED] - Tapped on element 'Object Repository/Mobile/Page/Login/Button - Login'

2021-12-22 15:04:52 - [TEST_STEP][PASSED] - delay(2): Delayed 2 second(s)

2021-12-22 15:04:54 - [MESSAGE][PASSED] - Delayed 2 second(s)

2021-12-22 15:04:54 - [MESSAGE][PASSED] - Call Test Case 'Test Cases/Mobile/Page/Login/Login' successfully

2021-12-22 15:04:54 - [MESSAGE][PASSED] - Call Test Case 'Test Cases/Mobile/Page/CheckLogin' successfully

2021-12-22 15:04:54 - [TEST_STEP][PASSED] - delay(3): Delayed 3 second(s)

2021-12-22 15:04:57 - [MESSAGE][PASSED] - Delayed 3 second(s)

2021-12-22 15:04:57 - [TEST_STEP][PASSED] - scroll.scroll.scrollScreenLeftToRight(): scroll.scroll.scrollScreenLeftToRight is PASSED

2021-12-22 15:04:57 - [MESSAGE][PASSED] - Current device physical height is 1423

2021-12-22 15:04:57 - [MESSAGE][PASSED] - Current device physical width is 720

2021-12-22 15:04:57 - [MESSAGE][PASSED] - Current device physical height is 1423

2021-12-22 15:04:59 - [MESSAGE][PASSED] - Swiped from 10,711 to 710,711

2021-12-22 15:04:59 - [MESSAGE][PASSED] - scroll.scroll.scrollScreenLeftToRight is PASSED

2021-12-22 15:04:59 - [TEST_STEP][PASSED] - delay(1): Delayed 1 second(s)

2021-12-22 15:05:00 - [MESSAGE][PASSED] - Delayed 1 second(s)

2021-12-22 15:05:00 - [TEST_STEP][PASSED] - for ([i = 0, i < 1, (i++)]): Delayed 1 second(s)

2021-12-22 15:05:00 - [TEST_STEP][PASSED] - if (action == "downloadtaxreport"): null

2021-12-22 15:05:00 - [TEST_STEP][PASSED] - else if (action == "analyzeprofile"): null

2021-12-22 15:05:00 - [TEST_STEP][PASSED] - else if (action == "wa"): null

2021-12-22 15:05:00 - [TEST_STEP][PASSED] - else if (action == "email"): null

2021-12-22 15:05:00 - [TEST_STEP][PASSED] - else if (action == "setting"): Delayed 1 second(s)

2021-12-22 15:05:00 - [TEST_STEP][PASSED] - setting = findTestObject("Mobile/Page/NavigationMenu/Button - Settings"): null

2021-12-22 15:05:00 - [TEST_STEP][PASSED] - top = getElementTopPosition(setting, 0): Object 'Object Repository/Mobile/Page/NavigationMenu/Button - Settings' has top position '856'

2021-12-22 15:05:00 - [MESSAGE][WARNING] - Timeout '0' is invalid. Using default page load timeout: '60'

2021-12-22 15:05:00 - [MESSAGE][PASSED] - Object 'Object Repository/Mobile/Page/NavigationMenu/Button - Settings' has top position '856'

2021-12-22 15:05:00 - [TEST_STEP][PASSED] - y = getElementHeight(setting, 0) * 0.8 + top: Object 'Object Repository/Mobile/Page/NavigationMenu/Button - Settings' has height: '98'

2021-12-22 15:05:00 - [MESSAGE][WARNING] - Timeout '0' is invalid. Using default page load timeout: '60'

2021-12-22 15:05:00 - [MESSAGE][PASSED] - Object 'Object Repository/Mobile/Page/NavigationMenu/Button - Settings' has height: '98'

2021-12-22 15:05:00 - [TEST_STEP][PASSED] - x = getDeviceWidth() * 0.2: Current device physical width is 720

2021-12-22 15:05:00 - [MESSAGE][PASSED] - Current device physical width is 720

2021-12-22 15:05:00 - [TEST_STEP][PASSED] - tapAtPosition(x, y): Tapped at [144, 934]

2021-12-22 15:05:01 - [MESSAGE][PASSED] - Tapped at [144, 934]

2021-12-22 15:05:01 - [TEST_STEP][PASSED] - delay(1): Delayed 1 second(s)

2021-12-22 15:05:02 - [MESSAGE][PASSED] - Delayed 1 second(s)

2021-12-22 15:05:02 - [TEST_STEP][PASSED] - tap(findTestObject("Mobile/Page/NavigationMenu/Settings/Dropdown - Gain"), 0): Tapped on element 'Object Repository/Mobile/Page/NavigationMenu/Settings/Dropdown - Gain'

2021-12-22 15:05:02 - [MESSAGE][WARNING] - Timeout '0' is invalid. Using default page load timeout: '60'

2021-12-22 15:05:04 - [MESSAGE][PASSED] - Tapped on element 'Object Repository/Mobile/Page/NavigationMenu/Settings/Dropdown - Gain'

2021-12-22 15:05:04 - [TEST_STEP][PASSED] - delay(1): Delayed 1 second(s)

2021-12-22 15:05:05 - [MESSAGE][PASSED] - Delayed 1 second(s)

2021-12-22 15:05:05 - [TEST_STEP][PASSED] - tap(findTestObject("Mobile/Page/NavigationMenu/Settings/Option Gain - 5"), 0): Tapped on element 'Object Repository/Mobile/Page/NavigationMenu/Settings/Option Gain - 5'

2021-12-22 15:05:05 - [MESSAGE][WARNING] - Timeout '0' is invalid. Using default page load timeout: '60'

2021-12-22 15:05:06 - [MESSAGE][PASSED] - Tapped on element 'Object Repository/Mobile/Page/NavigationMenu/Settings/Option Gain - 5'

2021-12-22 15:05:06 - [TEST_STEP][PASSED] - delay(1): Delayed 1 second(s)

2021-12-22 15:05:07 - [MESSAGE][PASSED] - Delayed 1 second(s)

2021-12-22 15:05:07 - [TEST_STEP][PASSED] - tap(findTestObject("Mobile/Page/NavigationMenu/Settings/Switch - Gain"), 0): Tapped on element 'Object Repository/Mobile/Page/NavigationMenu/Settings/Switch - Gain'

2021-12-22 15:05:07 - [MESSAGE][WARNING] - Timeout '0' is invalid. Using default page load timeout: '60'

2021-12-22 15:05:08 - [MESSAGE][PASSED] - Tapped on element 'Object Repository/Mobile/Page/NavigationMenu/Settings/Switch - Gain'

2021-12-22 15:05:08 - [TEST_STEP][PASSED] - delay(1): Delayed 1 second(s)

2021-12-22 15:05:09 - [MESSAGE][PASSED] - Delayed 1 second(s)

2021-12-22 15:05:09 - [TEST_STEP][PASSED] - tap(findTestObject("Mobile/Page/NavigationMenu/Settings/Switch - Gain"), 0): Tapped on element 'Object Repository/Mobile/Page/NavigationMenu/Settings/Switch - Gain'

2021-12-22 15:05:09 - [MESSAGE][WARNING] - Timeout '0' is invalid. Using default page load timeout: '60'

2021-12-22 15:05:10 - [MESSAGE][PASSED] - Tapped on element 'Object Repository/Mobile/Page/NavigationMenu/Settings/Switch - Gain'

2021-12-22 15:05:10 - [TEST_STEP][PASSED] - delay(1): Delayed 1 second(s)

2021-12-22 15:05:11 - [MESSAGE][PASSED] - Delayed 1 second(s)

2021-12-22 15:05:11 - [TEST_STEP][PASSED] - tap(findTestObject("Mobile/Page/NavigationMenu/Settings/Dropdown - Loss"), 0): Tapped on element 'Object Repository/Mobile/Page/NavigationMenu/Settings/Dropdown - Loss'

2021-12-22 15:05:11 - [MESSAGE][WARNING] - Timeout '0' is invalid. Using default page load timeout: '60'

2021-12-22 15:05:12 - [MESSAGE][PASSED] - Tapped on element 'Object Repository/Mobile/Page/NavigationMenu/Settings/Dropdown - Loss'

2021-12-22 15:05:12 - [TEST_STEP][PASSED] - delay(1): Delayed 1 second(s)

2021-12-22 15:05:13 - [MESSAGE][PASSED] - Delayed 1 second(s)

2021-12-22 15:05:13 - [TEST_STEP][PASSED] - tap(findTestObject("Mobile/Page/NavigationMenu/Settings/Option Loss - 5"), 0): Tapped on element 'Object Repository/Mobile/Page/NavigationMenu/Settings/Option Loss - 5'

2021-12-22 15:05:13 - [MESSAGE][WARNING] - Timeout '0' is invalid. Using default page load timeout: '60'

2021-12-22 15:05:15 - [MESSAGE][PASSED] - Tapped on element 'Object Repository/Mobile/Page/NavigationMenu/Settings/Option Loss - 5'

2021-12-22 15:05:15 - [TEST_STEP][PASSED] - delay(1): Delayed 1 second(s)

2021-12-22 15:05:16 - [MESSAGE][PASSED] - Delayed 1 second(s)

2021-12-22 15:05:16 - [TEST_STEP][PASSED] - tap(findTestObject("Mobile/Page/NavigationMenu/Settings/Switch - Loss"), 0): Tapped on element 'Object Repository/Mobile/Page/NavigationMenu/Settings/Switch - Loss'

2021-12-22 15:05:16 - [MESSAGE][WARNING] - Timeout '0' is invalid. Using default page load timeout: '60'

2021-12-22 15:05:16 - [MESSAGE][PASSED] - Tapped on element 'Object Repository/Mobile/Page/NavigationMenu/Settings/Switch - Loss'

2021-12-22 15:05:16 - [TEST_STEP][PASSED] - delay(1): Delayed 1 second(s)

2021-12-22 15:05:17 - [MESSAGE][PASSED] - Delayed 1 second(s)

2021-12-22 15:05:17 - [TEST_STEP][PASSED] - tap(findTestObject("Mobile/Page/NavigationMenu/Settings/Switch - Loss"), 0): Tapped on element 'Object Repository/Mobile/Page/NavigationMenu/Settings/Switch - Loss'

2021-12-22 15:05:17 - [MESSAGE][WARNING] - Timeout '0' is invalid. Using default page load timeout: '60'

2021-12-22 15:05:18 - [MESSAGE][PASSED] - Tapped on element 'Object Repository/Mobile/Page/NavigationMenu/Settings/Switch - Loss'

2021-12-22 15:05:18 - [TEST_STEP][PASSED] - delay(1): Delayed 1 second(s)

2021-12-22 15:05:19 - [MESSAGE][PASSED] - Delayed 1 second(s)

2021-12-22 15:05:19 - [TEST_STEP][PASSED] - tap(findTestObject("Mobile/Page/NavigationMenu/Settings/Checkbox - Risk Tolerance"), 0): Tapped on element 'Object Repository/Mobile/Page/NavigationMenu/Settings/Checkbox - Risk Tolerance'

2021-12-22 15:05:19 - [MESSAGE][WARNING] - Timeout '0' is invalid. Using default page load timeout: '60'

2021-12-22 15:05:20 - [MESSAGE][PASSED] - Tapped on element 'Object Repository/Mobile/Page/NavigationMenu/Settings/Checkbox - Risk Tolerance'

2021-12-22 15:05:20 - [TEST_STEP][PASSED] - delay(1): Delayed 1 second(s)

2021-12-22 15:05:21 - [MESSAGE][PASSED] - Delayed 1 second(s)

2021-12-22 15:05:21 - [TEST_STEP][PASSED] - tap(findTestObject("Mobile/Page/NavigationMenu/Settings/Checkbox - Risk Tolerance"), 0): Tapped on element 'Object Repository/Mobile/Page/NavigationMenu/Settings/Checkbox - Risk Tolerance'

2021-12-22 15:05:21 - [MESSAGE][WARNING] - Timeout '0' is invalid. Using default page load timeout: '60'

2021-12-22 15:05:22 - [MESSAGE][PASSED] - Tapped on element 'Object Repository/Mobile/Page/NavigationMenu/Settings/Checkbox - Risk Tolerance'

2021-12-22 15:05:22 - [TEST_STEP][PASSED] - delay(1): Delayed 1 second(s)

2021-12-22 15:05:23 - [MESSAGE][PASSED] - Delayed 1 second(s)

2021-12-22 15:05:23 - [TEST_STEP][PASSED] - tap(findTestObject("Mobile/Page/NavigationMenu/Settings/Switch - Stock News"), 0): Tapped on element 'Object Repository/Mobile/Page/NavigationMenu/Settings/Switch - Stock News'

2021-12-22 15:05:23 - [MESSAGE][WARNING] - Timeout '0' is invalid. Using default page load timeout: '60'

2021-12-22 15:05:24 - [MESSAGE][PASSED] - Tapped on element 'Object Repository/Mobile/Page/NavigationMenu/Settings/Switch - Stock News'

2021-12-22 15:05:24 - [TEST_STEP][PASSED] - delay(1): Delayed 1 second(s)

2021-12-22 15:05:25 - [MESSAGE][PASSED] - Delayed 1 second(s)

2021-12-22 15:05:25 - [TEST_STEP][PASSED] - tap(findTestObject("Mobile/Page/NavigationMenu/Settings/Switch - Stock News"), 0): Tapped on element 'Object Repository/Mobile/Page/NavigationMenu/Settings/Switch - Stock News'

2021-12-22 15:05:25 - [MESSAGE][WARNING] - Timeout '0' is invalid. Using default page load timeout: '60'

2021-12-22 15:05:25 - [MESSAGE][PASSED] - Tapped on element 'Object Repository/Mobile/Page/NavigationMenu/Settings/Switch - Stock News'

2021-12-22 15:05:25 - [TEST_STEP][PASSED] - delay(1): Delayed 1 second(s)

2021-12-22 15:05:26 - [MESSAGE][PASSED] - Delayed 1 second(s)

2021-12-22 15:05:26 - [TEST_STEP][PASSED] - tap(findTestObject("Mobile/Page/NavigationMenu/Settings/Switch - Fund News"), 0): Tapped on element 'Object Repository/Mobile/Page/NavigationMenu/Settings/Switch - Fund News'

2021-12-22 15:05:27 - [MESSAGE][WARNING] - Timeout '0' is invalid. Using default page load timeout: '60'

2021-12-22 15:05:28 - [MESSAGE][PASSED] - Tapped on element 'Object Repository/Mobile/Page/NavigationMenu/Settings/Switch - Fund News'

2021-12-22 15:05:28 - [TEST_STEP][PASSED] - delay(1): Delayed 1 second(s)

2021-12-22 15:05:29 - [MESSAGE][PASSED] - Delayed 1 second(s)

2021-12-22 15:05:29 - [TEST_STEP][PASSED] - tap(findTestObject("Mobile/Page/NavigationMenu/Settings/Switch - Fund News"), 0): Tapped on element 'Object Repository/Mobile/Page/NavigationMenu/Settings/Switch - Fund News'

2021-12-22 15:05:29 - [MESSAGE][WARNING] - Timeout '0' is invalid. Using default page load timeout: '60'

2021-12-22 15:05:30 - [MESSAGE][PASSED] - Tapped on element 'Object Repository/Mobile/Page/NavigationMenu/Settings/Switch - Fund News'

2021-12-22 15:05:30 - [TEST_STEP][PASSED] - delay(1): Delayed 1 second(s)

2021-12-22 15:05:31 - [MESSAGE][PASSED] - Delayed 1 second(s)

2021-12-22 15:05:31 - [TEST_STEP][PASSED] - tap(findTestObject("Mobile/Page/NavigationMenu/Settings/Switch - Bond News"), 0): Tapped on element 'Object Repository/Mobile/Page/NavigationMenu/Settings/Switch - Bond News'

2021-12-22 15:05:31 - [MESSAGE][WARNING] - Timeout '0' is invalid. Using default page load timeout: '60'

2021-12-22 15:05:31 - [MESSAGE][PASSED] - Tapped on element 'Object Repository/Mobile/Page/NavigationMenu/Settings/Switch - Bond News'

2021-12-22 15:05:31 - [TEST_STEP][PASSED] - delay(1): Delayed 1 second(s)

2021-12-22 15:05:32 - [MESSAGE][PASSED] - Delayed 1 second(s)

2021-12-22 15:05:32 - [TEST_STEP][PASSED] - tap(findTestObject("Mobile/Page/NavigationMenu/Settings/Switch - Bond News"), 0): Tapped on element 'Object Repository/Mobile/Page/NavigationMenu/Settings/Switch - Bond News'

2021-12-22 15:05:32 - [MESSAGE][WARNING] - Timeout '0' is invalid. Using default page load timeout: '60'

2021-12-22 15:05:34 - [MESSAGE][PASSED] - Tapped on element 'Object Repository/Mobile/Page/NavigationMenu/Settings/Switch - Bond News'

2021-12-22 15:05:34 - [TEST_STEP][PASSED] - delay(1): Delayed 1 second(s)

2021-12-22 15:05:35 - [MESSAGE][PASSED] - Delayed 1 second(s)

2021-12-22 15:05:35 - [TEST_STEP][PASSED] - tap(findTestObject("Mobile/Page/NavigationMenu/Settings/Switch - Macro News"), 0): Tapped on element 'Object Repository/Mobile/Page/NavigationMenu/Settings/Switch - Macro News'

2021-12-22 15:05:35 - [MESSAGE][WARNING] - Timeout '0' is invalid. Using default page load timeout: '60'

2021-12-22 15:05:36 - [MESSAGE][PASSED] - Tapped on element 'Object Repository/Mobile/Page/NavigationMenu/Settings/Switch - Macro News'

2021-12-22 15:05:36 - [TEST_STEP][PASSED] - delay(1): Delayed 1 second(s)

2021-12-22 15:05:37 - [MESSAGE][PASSED] - Delayed 1 second(s)

2021-12-22 15:05:37 - [TEST_STEP][PASSED] - tap(findTestObject("Mobile/Page/NavigationMenu/Settings/Switch - Macro News"), 0): Tapped on element 'Object Repository/Mobile/Page/NavigationMenu/Settings/Switch - Macro News'

2021-12-22 15:05:37 - [MESSAGE][WARNING] - Timeout '0' is invalid. Using default page load timeout: '60'

2021-12-22 15:05:38 - [MESSAGE][PASSED] - Tapped on element 'Object Repository/Mobile/Page/NavigationMenu/Settings/Switch - Macro News'

2021-12-22 15:05:38 - [TEST_STEP][PASSED] - delay(1): Delayed 1 second(s)

2021-12-22 15:05:39 - [MESSAGE][PASSED] - Delayed 1 second(s)

2021-12-22 15:05:39 - [TEST_STEP][PASSED] - pressBack(): Press back button successfully

2021-12-22 15:05:39 - [MESSAGE][PASSED] - Press back button successfully

2021-12-22 15:05:39 - [TEST_STEP][PASSED] - delay(1): Delayed 1 second(s)

2021-12-22 15:05:40 - [MESSAGE][PASSED] - Delayed 1 second(s)

2021-12-22 15:05:40 - [MESSAGE][PASSED] - Call Test Case 'Test Cases/Mobile/Page/NavigationMenu/NavigationMenu' successfully

2021-12-22 15:05:40 - [TEST_STEP][PASSED] - callTestCase(findTestCase("Mobile/Page/Run App/Terminate App"), [:], STOP_ON_FAILURE): Call Test Case 'Test Cases/Mobile/Page/Run App/Terminate App' successfully

2021-12-22 15:05:40 - [TEST_CASE][PASSED] - Test Cases/Mobile/Page/Run App/Terminate App: Test Cases/Mobile/Page/Run App/Terminate App

2021-12-22 15:05:40 - [TEST_STEP][PASSED] - startApp.OpenApp.terminateApplication(): startApp.OpenApp.terminateApplication is PASSED

2021-12-22 15:05:44 - [MESSAGE][PASSED] - Delayed 3 second(s)

2021-12-22 15:05:44 - [MESSAGE][PASSED] - Current device physical width is 720

2021-12-22 15:05:44 - [MESSAGE][PASSED] - Current device physical height is 1423

2021-12-22 15:05:46 - [MESSAGE][PASSED] - Swiped from 360,853 to 360,142

2021-12-22 15:05:47 - [MESSAGE][PASSED] - Delayed 1 second(s)

2021-12-22 15:05:48 - [MESSAGE][PASSED] - Swiped from 360,853 to 360,142

2021-12-22 15:05:51 - [MESSAGE][PASSED] - Delayed 3 second(s)

2021-12-22 15:05:51 - [MESSAGE][PASSED] - startApp.OpenApp.terminateApplication is PASSED

2021-12-22 15:05:51 - [MESSAGE][PASSED] - Call Test Case 'Test Cases/Mobile/Page/Run App/Terminate App' successfully]]></system-out>
         <system-err><![CDATA[]]></system-err>
      </testcase>
      <testcase name="Test Cases/Mobile/Scenario/NavigationMenu/006 - Logout" time="59.197" classname="Test Cases/Mobile/Scenario/NavigationMenu/006 - Logout" status="PASSED">
         <system-out><![CDATA[2021-12-22 15:05:51 - [TEST_CASE][PASSED] - Test Cases/Mobile/Scenario/NavigationMenu/006 - Logout: Test Cases/Mobile/Scenario/NavigationMenu/006 - Logout

2021-12-22 15:05:51 - [TEST_STEP][PASSED] - callTestCase(findTestCase("Mobile/Page/Run App/Run App byID"), [:], STOP_ON_FAILURE): Call Test Case 'Test Cases/Mobile/Page/Run App/Run App byID' successfully

2021-12-22 15:05:51 - [TEST_CASE][PASSED] - Test Cases/Mobile/Page/Run App/Run App byID: Test Cases/Mobile/Page/Run App/Run App byID

2021-12-22 15:05:51 - [TEST_STEP][PASSED] - startApp.OpenApp.startApplication("id.co.miraeasset.sageclub"): startApp.OpenApp.startApplication is PASSED

2021-12-22 15:06:05 - [MESSAGE][PASSED] - Starting app with application ID: 'id.co.miraeasset.sageclub'

2021-12-22 15:06:05 - [MESSAGE][PASSED] - startApp.OpenApp.startApplication is PASSED

2021-12-22 15:06:05 - [MESSAGE][PASSED] - Call Test Case 'Test Cases/Mobile/Page/Run App/Run App byID' successfully

2021-12-22 15:06:05 - [TEST_STEP][PASSED] - callTestCase(findTestCase("Mobile/Page/NavigationMenu/NavigationMenu"), ["action":"logout"], CONTINUE_ON_FAILURE): Call Test Case 'Test Cases/Mobile/Page/NavigationMenu/NavigationMenu' successfully

2021-12-22 15:06:05 - [TEST_CASE][PASSED] - Test Cases/Mobile/Page/NavigationMenu/NavigationMenu: Test Cases/Mobile/Page/NavigationMenu/NavigationMenu

2021-12-22 15:06:05 - [TEST_STEP][PASSED] - callTestCase(findTestCase("Mobile/Page/CheckLogin"), [:], CONTINUE_ON_FAILURE): Call Test Case 'Test Cases/Mobile/Page/CheckLogin' successfully

2021-12-22 15:06:05 - [TEST_CASE][PASSED] - Test Cases/Mobile/Page/CheckLogin: Test Cases/Mobile/Page/CheckLogin

2021-12-22 15:06:05 - [TEST_STEP][PASSED] - loginCheck = verifyElementExist(findTestObject("Mobile/Page/Login/Button - Login"), 5, CONTINUE_ON_FAILURE): Element 'Object Repository/Mobile/Page/Login/Button - Login' is exist

2021-12-22 15:06:08 - [MESSAGE][PASSED] - Element 'Object Repository/Mobile/Page/Login/Button - Login' is exist

2021-12-22 15:06:08 - [TEST_STEP][PASSED] - if (loginCheck): Call Test Case 'Test Cases/Mobile/Page/Login/Login' successfully

2021-12-22 15:06:08 - [TEST_STEP][PASSED] - callTestCase(findTestCase("Mobile/Page/Login/Login"), [:], CONTINUE_ON_FAILURE): Call Test Case 'Test Cases/Mobile/Page/Login/Login' successfully

2021-12-22 15:06:08 - [TEST_CASE][PASSED] - Test Cases/Mobile/Page/Login/Login: Test Cases/Mobile/Page/Login/Login

2021-12-22 15:06:08 - [TEST_STEP][PASSED] - delay(2): Delayed 2 second(s)

2021-12-22 15:06:10 - [MESSAGE][PASSED] - Delayed 2 second(s)

2021-12-22 15:06:10 - [TEST_STEP][PASSED] - tap(findTestObject("Mobile/Page/Login/Input - UserID"), 0): Tapped on element 'Object Repository/Mobile/Page/Login/Input - UserID'

2021-12-22 15:06:10 - [MESSAGE][WARNING] - Timeout '0' is invalid. Using default page load timeout: '60'

2021-12-22 15:06:10 - [MESSAGE][PASSED] - Tapped on element 'Object Repository/Mobile/Page/Login/Input - UserID'

2021-12-22 15:06:10 - [TEST_STEP][PASSED] - delay(1): Delayed 1 second(s)

2021-12-22 15:06:11 - [MESSAGE][PASSED] - Delayed 1 second(s)

2021-12-22 15:06:11 - [TEST_STEP][PASSED] - setText(findTestObject("Mobile/Page/Login/Input Rdy - UserID"), "anggaaditya", 0): Text 'anggaaditya' has been set to element 'Object Repository/Mobile/Page/Login/Input Rdy - UserID'

2021-12-22 15:06:11 - [MESSAGE][WARNING] - Timeout '0' is invalid. Using default page load timeout: '60'

2021-12-22 15:06:12 - [MESSAGE][PASSED] - Text 'anggaaditya' has been set to element 'Object Repository/Mobile/Page/Login/Input Rdy - UserID'

2021-12-22 15:06:12 - [TEST_STEP][PASSED] - delay(1): Delayed 1 second(s)

2021-12-22 15:06:13 - [MESSAGE][PASSED] - Delayed 1 second(s)

2021-12-22 15:06:13 - [TEST_STEP][PASSED] - hideKeyboard(): Keyboard is hidden

2021-12-22 15:06:17 - [MESSAGE][PASSED] - Keyboard is hidden

2021-12-22 15:06:17 - [TEST_STEP][PASSED] - tap(findTestObject("Mobile/Page/Login/Input - Password"), 0): Tapped on element 'Object Repository/Mobile/Page/Login/Input - Password'

2021-12-22 15:06:17 - [MESSAGE][WARNING] - Timeout '0' is invalid. Using default page load timeout: '60'

2021-12-22 15:06:18 - [MESSAGE][PASSED] - Tapped on element 'Object Repository/Mobile/Page/Login/Input - Password'

2021-12-22 15:06:18 - [TEST_STEP][PASSED] - delay(1): Delayed 1 second(s)

2021-12-22 15:06:19 - [MESSAGE][PASSED] - Delayed 1 second(s)

2021-12-22 15:06:19 - [TEST_STEP][PASSED] - setText(findTestObject("Mobile/Page/Login/Input Rdy - Password"), "Shalawa18", 0): Text 'Shalawa18' has been set to element 'Object Repository/Mobile/Page/Login/Input Rdy - Password'

2021-12-22 15:06:19 - [MESSAGE][WARNING] - Timeout '0' is invalid. Using default page load timeout: '60'

2021-12-22 15:06:19 - [MESSAGE][PASSED] - Text 'Shalawa18' has been set to element 'Object Repository/Mobile/Page/Login/Input Rdy - Password'

2021-12-22 15:06:19 - [TEST_STEP][PASSED] - delay(1): Delayed 1 second(s)

2021-12-22 15:06:20 - [MESSAGE][PASSED] - Delayed 1 second(s)

2021-12-22 15:06:20 - [TEST_STEP][PASSED] - hideKeyboard(): Keyboard is hidden

2021-12-22 15:06:29 - [MESSAGE][PASSED] - Keyboard is hidden

2021-12-22 15:06:29 - [TEST_STEP][PASSED] - tap(findTestObject("Mobile/Page/Login/Button - Login"), 0): Tapped on element 'Object Repository/Mobile/Page/Login/Button - Login'

2021-12-22 15:06:29 - [MESSAGE][WARNING] - Timeout '0' is invalid. Using default page load timeout: '60'

2021-12-22 15:06:30 - [MESSAGE][PASSED] - Tapped on element 'Object Repository/Mobile/Page/Login/Button - Login'

2021-12-22 15:06:30 - [TEST_STEP][PASSED] - delay(2): Delayed 2 second(s)

2021-12-22 15:06:32 - [MESSAGE][PASSED] - Delayed 2 second(s)

2021-12-22 15:06:32 - [MESSAGE][PASSED] - Call Test Case 'Test Cases/Mobile/Page/Login/Login' successfully

2021-12-22 15:06:32 - [MESSAGE][PASSED] - Call Test Case 'Test Cases/Mobile/Page/CheckLogin' successfully

2021-12-22 15:06:32 - [TEST_STEP][PASSED] - delay(3): Delayed 3 second(s)

2021-12-22 15:06:35 - [MESSAGE][PASSED] - Delayed 3 second(s)

2021-12-22 15:06:35 - [TEST_STEP][PASSED] - scroll.scroll.scrollScreenLeftToRight(): scroll.scroll.scrollScreenLeftToRight is PASSED

2021-12-22 15:06:35 - [MESSAGE][PASSED] - Current device physical height is 1423

2021-12-22 15:06:35 - [MESSAGE][PASSED] - Current device physical width is 720

2021-12-22 15:06:35 - [MESSAGE][PASSED] - Current device physical height is 1423

2021-12-22 15:06:36 - [MESSAGE][PASSED] - Swiped from 10,711 to 710,711

2021-12-22 15:06:36 - [MESSAGE][PASSED] - scroll.scroll.scrollScreenLeftToRight is PASSED

2021-12-22 15:06:36 - [TEST_STEP][PASSED] - delay(1): Delayed 1 second(s)

2021-12-22 15:06:37 - [MESSAGE][PASSED] - Delayed 1 second(s)

2021-12-22 15:06:37 - [TEST_STEP][PASSED] - for ([i = 0, i < 1, (i++)]): Delayed 1 second(s)

2021-12-22 15:06:37 - [TEST_STEP][PASSED] - if (action == "downloadtaxreport"): null

2021-12-22 15:06:37 - [TEST_STEP][PASSED] - else if (action == "analyzeprofile"): null

2021-12-22 15:06:37 - [TEST_STEP][PASSED] - else if (action == "wa"): null

2021-12-22 15:06:37 - [TEST_STEP][PASSED] - else if (action == "email"): null

2021-12-22 15:06:37 - [TEST_STEP][PASSED] - else if (action == "setting"): null

2021-12-22 15:06:37 - [TEST_STEP][PASSED] - else if (action == "logout"): Delayed 1 second(s)

2021-12-22 15:06:37 - [TEST_STEP][PASSED] - logout = findTestObject("Mobile/Page/NavigationMenu/Container - Logout"): null

2021-12-22 15:06:38 - [TEST_STEP][PASSED] - top = getElementTopPosition(logout, 0): Object 'Object Repository/Mobile/Page/NavigationMenu/Container - Logout' has top position '954'

2021-12-22 15:06:38 - [MESSAGE][WARNING] - Timeout '0' is invalid. Using default page load timeout: '60'

2021-12-22 15:06:38 - [MESSAGE][PASSED] - Object 'Object Repository/Mobile/Page/NavigationMenu/Container - Logout' has top position '954'

2021-12-22 15:06:38 - [TEST_STEP][PASSED] - y = getElementHeight(logout, 0) * 0.8 + top: Object 'Object Repository/Mobile/Page/NavigationMenu/Container - Logout' has height: '98'

2021-12-22 15:06:38 - [MESSAGE][WARNING] - Timeout '0' is invalid. Using default page load timeout: '60'

2021-12-22 15:06:38 - [MESSAGE][PASSED] - Object 'Object Repository/Mobile/Page/NavigationMenu/Container - Logout' has height: '98'

2021-12-22 15:06:38 - [TEST_STEP][PASSED] - x = getDeviceWidth() * 0.2: Current device physical width is 720

2021-12-22 15:06:38 - [MESSAGE][PASSED] - Current device physical width is 720

2021-12-22 15:06:38 - [TEST_STEP][PASSED] - tapAtPosition(x, y): Tapped at [144, 1,032]

2021-12-22 15:06:39 - [MESSAGE][PASSED] - Tapped at [144, 1,032]

2021-12-22 15:06:39 - [TEST_STEP][PASSED] - delay(1): Delayed 1 second(s)

2021-12-22 15:06:40 - [MESSAGE][PASSED] - Delayed 1 second(s)

2021-12-22 15:06:40 - [MESSAGE][PASSED] - Call Test Case 'Test Cases/Mobile/Page/NavigationMenu/NavigationMenu' successfully

2021-12-22 15:06:40 - [TEST_STEP][PASSED] - callTestCase(findTestCase("Mobile/Page/Run App/Terminate App"), [:], STOP_ON_FAILURE): Call Test Case 'Test Cases/Mobile/Page/Run App/Terminate App' successfully

2021-12-22 15:06:40 - [TEST_CASE][PASSED] - Test Cases/Mobile/Page/Run App/Terminate App: Test Cases/Mobile/Page/Run App/Terminate App

2021-12-22 15:06:40 - [TEST_STEP][PASSED] - startApp.OpenApp.terminateApplication(): startApp.OpenApp.terminateApplication is PASSED

2021-12-22 15:06:43 - [MESSAGE][PASSED] - Delayed 3 second(s)

2021-12-22 15:06:43 - [MESSAGE][PASSED] - Current device physical width is 720

2021-12-22 15:06:44 - [MESSAGE][PASSED] - Current device physical height is 1423

2021-12-22 15:06:45 - [MESSAGE][PASSED] - Swiped from 360,853 to 360,142

2021-12-22 15:06:46 - [MESSAGE][PASSED] - Delayed 1 second(s)

2021-12-22 15:06:47 - [MESSAGE][PASSED] - Swiped from 360,853 to 360,142

2021-12-22 15:06:50 - [MESSAGE][PASSED] - Delayed 3 second(s)

2021-12-22 15:06:50 - [MESSAGE][PASSED] - startApp.OpenApp.terminateApplication is PASSED

2021-12-22 15:06:50 - [MESSAGE][PASSED] - Call Test Case 'Test Cases/Mobile/Page/Run App/Terminate App' successfully]]></system-out>
         <system-err><![CDATA[]]></system-err>
      </testcase>
      <system-out><![CDATA[2021-12-22 14:59:19 - [TEST_SUITE][PASSED] - navigationmenu: Test Cases/Mobile/Scenario/NavigationMenu/006 - Logout]]></system-out>
      <system-err><![CDATA[]]></system-err>
   </testsuite>
</testsuites>
