<?xml version="1.0" encoding="UTF-8"?>
<testsuites name="navigationmenu" time="463.819" tests="6" failures="0" skips="0" errors="0">
   <testsuite name="navigationmenu" tests="6" failures="0" errors="0" time="463.819" skips="0" timestamp="2022-03-04 08:35:50" hostname="Owner - aldy-tft" id="Test Suites/navigationmenu">
      <properties>
         <property name="deviceName" value="samsung SM-A205F (Android 11)"/>
         <property name="devicePlatform" value=""/>
         <property name="logFolder" value="C:\\Users\\Owner\\Documents\\kerjaan\\KatalonProject\\qa_katalon_pwm\\qa_katalon_pwm\\Reports\\20220304_081253\\navigationmenu\\20220304_081308"/>
         <property name="logFiles" value="C:\\Users\\Owner\\Documents\\kerjaan\\KatalonProject\\qa_katalon_pwm\\qa_katalon_pwm\\Reports\\20220304_081253\\navigationmenu\\20220304_081308\\appium.log, C:\\Users\\Owner\\Documents\\kerjaan\\KatalonProject\\qa_katalon_pwm\\qa_katalon_pwm\\Reports\\20220304_081253\\navigationmenu\\20220304_081308\\execution0.log"/>
         <property name="attachments" value="C:\\Users\\Owner\\Documents\\kerjaan\\KatalonProject\\qa_katalon_pwm\\qa_katalon_pwm\\Reports\\20220304_081253\\navigationmenu\\20220304_081308\\1646357883552.png, C:\\Users\\Owner\\Documents\\kerjaan\\KatalonProject\\qa_katalon_pwm\\qa_katalon_pwm\\Reports\\20220304_081253\\navigationmenu\\20220304_081308\\1646357884259.png"/>
         <property name="hostName" value="Owner - aldy-tft"/>
         <property name="os" value="Windows 10 64bit"/>
         <property name="appiumServerStatus" value="{&quot;value&quot;:{&quot;build&quot;:{&quot;version&quot;:&quot;1.22.0&quot;}},&quot;sessionId&quot;:null,&quot;status&quot;:0}"/>
         <property name="katalonVersion" value="7.9.1.208"/>
         <property name="deviceOS" value="Android"/>
         <property name="appiumVersion" value="1.22.0"/>
         <property name="deviceModel" value="SM-A205F"/>
         <property name="hostAddress" value="10.0.30.78"/>
         <property name="deviceManufacturer" value="samsung"/>
         <property name="deviceId" value="RR8M40C9AXE"/>
         <property name="deviceName" value="samsung SM-A205F (Android 11)"/>
         <property name="deviceOSVersion" value="11"/>
      </properties>
      <testcase name="Test Cases/Mobile/Scenario/NavigationMenu/001 - Download Report" time="84.466" classname="Test Cases/Mobile/Scenario/NavigationMenu/001 - Download Report" status="PASSED">
         <system-out><![CDATA[2022-03-04 08:35:51 - [TEST_CASE][PASSED] - Test Cases/Mobile/Scenario/NavigationMenu/001 - Download Report: Test Cases/Mobile/Scenario/NavigationMenu/001 - Download Report

2022-03-04 08:35:51 - [TEST_STEP][PASSED] - callTestCase(findTestCase("Mobile/Page/Run App/Run App byID"), [:], STOP_ON_FAILURE): Call Test Case 'Test Cases/Mobile/Page/Run App/Run App byID' successfully

2022-03-04 08:35:51 - [TEST_CASE][PASSED] - Test Cases/Mobile/Page/Run App/Run App byID: Test Cases/Mobile/Page/Run App/Run App byID

2022-03-04 08:35:52 - [TEST_STEP][PASSED] - startApp.OpenApp.startApplication("id.co.miraeasset.sageclub"): startApp.OpenApp.startApplication is PASSED

2022-03-04 08:35:53 - [MESSAGE][INFO] - Appium server started on port 57,635

2022-03-04 08:36:10 - [MESSAGE][PASSED] - Starting app with application ID: 'id.co.miraeasset.sageclub'

2022-03-04 08:36:10 - [MESSAGE][PASSED] - startApp.OpenApp.startApplication is PASSED

2022-03-04 08:36:10 - [MESSAGE][PASSED] - Call Test Case 'Test Cases/Mobile/Page/Run App/Run App byID' successfully

2022-03-04 08:36:10 - [TEST_STEP][PASSED] - callTestCase(findTestCase("Mobile/Page/NavigationMenu/NavigationMenu"), ["action":"downloadtaxreport"], CONTINUE_ON_FAILURE): Call Test Case 'Test Cases/Mobile/Page/NavigationMenu/NavigationMenu' successfully

2022-03-04 08:36:10 - [TEST_CASE][PASSED] - Test Cases/Mobile/Page/NavigationMenu/NavigationMenu: Test Cases/Mobile/Page/NavigationMenu/NavigationMenu

2022-03-04 08:36:11 - [TEST_STEP][PASSED] - callTestCase(findTestCase("Mobile/Page/CheckLogin"), [:], CONTINUE_ON_FAILURE): Call Test Case 'Test Cases/Mobile/Page/CheckLogin' successfully

2022-03-04 08:36:11 - [TEST_CASE][PASSED] - Test Cases/Mobile/Page/CheckLogin: Test Cases/Mobile/Page/CheckLogin

2022-03-04 08:36:11 - [TEST_STEP][PASSED] - loginCheck = verifyElementExist(LOGN_BtnLogin, 5, CONTINUE_ON_FAILURE): Element 'Object Repository/Mobile/Page/Login/Button - Login' is exist

2022-03-04 08:36:11 - [MESSAGE][WARNING] - Test object with id 'Object Repository/Mobile/Page/Analysis/Button - Open With Just Once' does not exist

2022-03-04 08:36:11 - [MESSAGE][WARNING] - Test object with id 'Object Repository/Mobile/Page/Analysis/Button - Search' does not exist

2022-03-04 08:36:13 - [MESSAGE][WARNING] - Test object with id 'Object Repository/Mobile/Page/Home/Button -  Add Watchlist' does not exist

2022-03-04 08:36:13 - [MESSAGE][WARNING] - Test object with id 'Object Repository/Mobile/Page/Home/Button - Open with Just Once' does not exist

2022-03-04 08:36:13 - [MESSAGE][WARNING] - Test object with id 'Object Repository/Mobile/Page/Home/Container - Notification' does not exist

2022-03-04 08:36:13 - [MESSAGE][WARNING] - Test object with id 'Object Repository/Mobile/Page/Home/Watchlist/Input - Search' does not exist

2022-03-04 08:36:13 - [MESSAGE][WARNING] - Test object with id 'Object Repository/Mobile/Page/Home/Watchlist/Item - Top Search' does not exist

2022-03-04 08:36:14 - [MESSAGE][WARNING] - Test object with id 'Object Repository/Mobile/Page/Home/Watchlist/Detail Watchlist/Input - Expiry Date' does not exist

2022-03-04 08:36:14 - [MESSAGE][WARNING] - Test object with id 'Object Repository/Mobile/Page/Home/Watchlist/Detail Watchlist/Item - Watchlist' does not exist

2022-03-04 08:36:15 - [MESSAGE][WARNING] - Test object with id 'Object Repository/Mobile/Page/NavigationMenu/Button - Open Just Once' does not exist

2022-03-04 08:36:15 - [MESSAGE][WARNING] - Test object with id 'Object Repository/Mobile/Page/NavigationMenu/Container - Logout' does not exist

2022-03-04 08:36:20 - [MESSAGE][WARNING] - Test object with id 'Object Repository/Mobile/Page/Analysis/Button - Open With Just Once' does not exist

2022-03-04 08:36:20 - [MESSAGE][WARNING] - Test object with id 'Object Repository/Mobile/Page/Analysis/Button - Search' does not exist

2022-03-04 08:36:22 - [MESSAGE][WARNING] - Test object with id 'Object Repository/Mobile/Page/Home/Button -  Add Watchlist' does not exist

2022-03-04 08:36:22 - [MESSAGE][WARNING] - Test object with id 'Object Repository/Mobile/Page/Home/Button - Open with Just Once' does not exist

2022-03-04 08:36:22 - [MESSAGE][WARNING] - Test object with id 'Object Repository/Mobile/Page/Home/Container - Notification' does not exist

2022-03-04 08:36:23 - [MESSAGE][WARNING] - Test object with id 'Object Repository/Mobile/Page/Home/Watchlist/Input - Search' does not exist

2022-03-04 08:36:23 - [MESSAGE][WARNING] - Test object with id 'Object Repository/Mobile/Page/Home/Watchlist/Item - Top Search' does not exist

2022-03-04 08:36:23 - [MESSAGE][WARNING] - Test object with id 'Object Repository/Mobile/Page/Home/Watchlist/Detail Watchlist/Input - Expiry Date' does not exist

2022-03-04 08:36:23 - [MESSAGE][WARNING] - Test object with id 'Object Repository/Mobile/Page/Home/Watchlist/Detail Watchlist/Item - Watchlist' does not exist

2022-03-04 08:36:24 - [MESSAGE][WARNING] - Test object with id 'Object Repository/Mobile/Page/NavigationMenu/Button - Open Just Once' does not exist

2022-03-04 08:36:24 - [MESSAGE][WARNING] - Test object with id 'Object Repository/Mobile/Page/NavigationMenu/Container - Logout' does not exist

2022-03-04 08:36:29 - [MESSAGE][PASSED] - Element 'Object Repository/Mobile/Page/Login/Button - Login' is exist

2022-03-04 08:36:29 - [TEST_STEP][PASSED] - if (loginCheck): Call Test Case 'Test Cases/Mobile/Page/Login/Login' successfully

2022-03-04 08:36:29 - [TEST_STEP][PASSED] - callTestCase(findTestCase("Mobile/Page/Login/Login"), ["action":"username"], CONTINUE_ON_FAILURE): Call Test Case 'Test Cases/Mobile/Page/Login/Login' successfully

2022-03-04 08:36:29 - [TEST_CASE][PASSED] - Test Cases/Mobile/Page/Login/Login: Test Cases/Mobile/Page/Login/Login

2022-03-04 08:36:29 - [TEST_STEP][PASSED] - delay(2): Delayed 2 second(s)

2022-03-04 08:36:31 - [MESSAGE][PASSED] - Delayed 2 second(s)

2022-03-04 08:36:31 - [TEST_STEP][PASSED] - for ([i = 0, i < 1, (i++)]): null

2022-03-04 08:36:31 - [TEST_STEP][PASSED] - if (action == "username"): null

2022-03-04 08:36:31 - [TEST_STEP][PASSED] - tap(LOGN_EdtUserID, 0): Tapped on element 'Object Repository/Mobile/Page/Login/Input - UserID'

2022-03-04 08:36:31 - [MESSAGE][WARNING] - Timeout '0' is invalid. Using default page load timeout: '60'

2022-03-04 08:36:33 - [MESSAGE][PASSED] - Tapped on element 'Object Repository/Mobile/Page/Login/Input - UserID'

2022-03-04 08:36:33 - [TEST_STEP][PASSED] - delay(1): Delayed 1 second(s)

2022-03-04 08:36:34 - [MESSAGE][PASSED] - Delayed 1 second(s)

2022-03-04 08:36:34 - [TEST_STEP][PASSED] - setText(LOGN_EdtRdyUserID, "anggaaditya", 0): Text 'anggaaditya' has been set to element 'Object Repository/Mobile/Page/Login/Input Rdy - UserID'

2022-03-04 08:36:34 - [MESSAGE][WARNING] - Timeout '0' is invalid. Using default page load timeout: '60'

2022-03-04 08:36:34 - [MESSAGE][PASSED] - Text 'anggaaditya' has been set to element 'Object Repository/Mobile/Page/Login/Input Rdy - UserID'

2022-03-04 08:36:34 - [TEST_STEP][PASSED] - delay(1): Delayed 1 second(s)

2022-03-04 08:36:35 - [MESSAGE][PASSED] - Delayed 1 second(s)

2022-03-04 08:36:35 - [TEST_STEP][PASSED] - hideKeyboard(): Keyboard is hidden

2022-03-04 08:36:39 - [MESSAGE][PASSED] - Keyboard is hidden

2022-03-04 08:36:39 - [TEST_STEP][PASSED] - tap(LOGN_EdtPassword, 0): Tapped on element 'Object Repository/Mobile/Page/Login/Input - Password'

2022-03-04 08:36:39 - [MESSAGE][WARNING] - Timeout '0' is invalid. Using default page load timeout: '60'

2022-03-04 08:36:40 - [MESSAGE][PASSED] - Tapped on element 'Object Repository/Mobile/Page/Login/Input - Password'

2022-03-04 08:36:40 - [TEST_STEP][PASSED] - delay(1): Delayed 1 second(s)

2022-03-04 08:36:41 - [MESSAGE][PASSED] - Delayed 1 second(s)

2022-03-04 08:36:41 - [TEST_STEP][PASSED] - setText(LOGN_EdtRdyPassword, "Shalawa18", 0): Text 'Shalawa18' has been set to element 'Object Repository/Mobile/Page/Login/Input Rdy - Password'

2022-03-04 08:36:41 - [MESSAGE][WARNING] - Timeout '0' is invalid. Using default page load timeout: '60'

2022-03-04 08:36:42 - [MESSAGE][PASSED] - Text 'Shalawa18' has been set to element 'Object Repository/Mobile/Page/Login/Input Rdy - Password'

2022-03-04 08:36:42 - [TEST_STEP][PASSED] - delay(1): Delayed 1 second(s)

2022-03-04 08:36:43 - [MESSAGE][PASSED] - Delayed 1 second(s)

2022-03-04 08:36:43 - [TEST_STEP][PASSED] - hideKeyboard(): Keyboard is hidden

2022-03-04 08:36:49 - [MESSAGE][PASSED] - Keyboard is hidden

2022-03-04 08:36:49 - [TEST_STEP][PASSED] - tap(LOGN_BtnLogin, 0): Tapped on element 'Object Repository/Mobile/Page/Login/Button - Login'

2022-03-04 08:36:49 - [MESSAGE][WARNING] - Timeout '0' is invalid. Using default page load timeout: '60'

2022-03-04 08:36:50 - [MESSAGE][PASSED] - Tapped on element 'Object Repository/Mobile/Page/Login/Button - Login'

2022-03-04 08:36:50 - [TEST_STEP][PASSED] - delay(2): Delayed 2 second(s)

2022-03-04 08:36:52 - [MESSAGE][PASSED] - Delayed 2 second(s)

2022-03-04 08:36:52 - [TEST_STEP][PASSED] - break: null

2022-03-04 08:36:52 - [MESSAGE][PASSED] - Call Test Case 'Test Cases/Mobile/Page/Login/Login' successfully

2022-03-04 08:36:52 - [MESSAGE][PASSED] - Call Test Case 'Test Cases/Mobile/Page/CheckLogin' successfully

2022-03-04 08:36:52 - [TEST_STEP][PASSED] - delay(3): Delayed 3 second(s)

2022-03-04 08:36:55 - [MESSAGE][PASSED] - Delayed 3 second(s)

2022-03-04 08:36:55 - [TEST_STEP][PASSED] - scroll.scroll.scrollScreenLeftToRight(): scroll.scroll.scrollScreenLeftToRight is PASSED

2022-03-04 08:36:55 - [MESSAGE][PASSED] - Current device physical height is 1423

2022-03-04 08:36:55 - [MESSAGE][PASSED] - Current device physical width is 720

2022-03-04 08:36:56 - [MESSAGE][PASSED] - Current device physical height is 1423

2022-03-04 08:36:57 - [MESSAGE][PASSED] - Swiped from 10,711 to 710,711

2022-03-04 08:36:57 - [MESSAGE][PASSED] - scroll.scroll.scrollScreenLeftToRight is PASSED

2022-03-04 08:36:57 - [TEST_STEP][PASSED] - delay(1): Delayed 1 second(s)

2022-03-04 08:36:58 - [MESSAGE][PASSED] - Delayed 1 second(s)

2022-03-04 08:36:58 - [TEST_STEP][PASSED] - for ([i = 0, i < 1, (i++)]): Press back button successfully

2022-03-04 08:36:58 - [TEST_STEP][PASSED] - if (action == "downloadtaxreport"): Press back button successfully

2022-03-04 08:36:58 - [TEST_STEP][PASSED] - taxreport = NAVM_ContYearlyTaxReport: null

2022-03-04 08:36:58 - [TEST_STEP][PASSED] - top = getElementTopPosition(taxreport, 0): Object 'Object Repository/Mobile/Page/NavigationMenu/Container - Yearly Tax Report' has top position '277'

2022-03-04 08:36:58 - [MESSAGE][WARNING] - Timeout '0' is invalid. Using default page load timeout: '60'

2022-03-04 08:36:58 - [MESSAGE][PASSED] - Object 'Object Repository/Mobile/Page/NavigationMenu/Container - Yearly Tax Report' has top position '277'

2022-03-04 08:36:58 - [TEST_STEP][PASSED] - y = getElementHeight(taxreport, 0) * 0.8 + top: Object 'Object Repository/Mobile/Page/NavigationMenu/Container - Yearly Tax Report' has height: '119'

2022-03-04 08:36:58 - [MESSAGE][WARNING] - Timeout '0' is invalid. Using default page load timeout: '60'

2022-03-04 08:36:58 - [MESSAGE][PASSED] - Object 'Object Repository/Mobile/Page/NavigationMenu/Container - Yearly Tax Report' has height: '119'

2022-03-04 08:36:58 - [TEST_STEP][PASSED] - x = getDeviceWidth() * 0.2: Current device physical width is 720

2022-03-04 08:36:59 - [MESSAGE][PASSED] - Current device physical width is 720

2022-03-04 08:36:59 - [TEST_STEP][PASSED] - tapAtPosition(x, y): Tapped at [144, 372]

2022-03-04 08:36:59 - [MESSAGE][PASSED] - Tapped at [144, 372]

2022-03-04 08:36:59 - [TEST_STEP][PASSED] - delay(5): Delayed 5 second(s)

2022-03-04 08:37:04 - [MESSAGE][PASSED] - Delayed 5 second(s)

2022-03-04 08:37:04 - [TEST_STEP][PASSED] - pressBack(): Press back button successfully

2022-03-04 08:37:04 - [MESSAGE][PASSED] - Press back button successfully

2022-03-04 08:37:04 - [MESSAGE][PASSED] - Call Test Case 'Test Cases/Mobile/Page/NavigationMenu/NavigationMenu' successfully

2022-03-04 08:37:04 - [TEST_STEP][PASSED] - callTestCase(findTestCase("Mobile/Page/Run App/Terminate App"), [:], STOP_ON_FAILURE): Call Test Case 'Test Cases/Mobile/Page/Run App/Terminate App' successfully

2022-03-04 08:37:04 - [TEST_CASE][PASSED] - Test Cases/Mobile/Page/Run App/Terminate App: Test Cases/Mobile/Page/Run App/Terminate App

2022-03-04 08:37:04 - [TEST_STEP][PASSED] - startApp.OpenApp.terminateApplication(): startApp.OpenApp.terminateApplication is PASSED

2022-03-04 08:37:08 - [MESSAGE][PASSED] - Delayed 3 second(s)

2022-03-04 08:37:09 - [MESSAGE][PASSED] - Current device physical width is 720

2022-03-04 08:37:09 - [MESSAGE][PASSED] - Current device physical height is 1423

2022-03-04 08:37:10 - [MESSAGE][PASSED] - Swiped from 360,853 to 360,142

2022-03-04 08:37:11 - [MESSAGE][PASSED] - Delayed 1 second(s)

2022-03-04 08:37:12 - [MESSAGE][PASSED] - Swiped from 360,853 to 360,142

2022-03-04 08:37:15 - [MESSAGE][PASSED] - Delayed 3 second(s)

2022-03-04 08:37:15 - [MESSAGE][PASSED] - startApp.OpenApp.terminateApplication is PASSED

2022-03-04 08:37:15 - [MESSAGE][PASSED] - Call Test Case 'Test Cases/Mobile/Page/Run App/Terminate App' successfully]]></system-out>
         <system-err><![CDATA[]]></system-err>
      </testcase>
      <testcase name="Test Cases/Mobile/Scenario/NavigationMenu/002 - Risk Profile analysis" time="91.484" classname="Test Cases/Mobile/Scenario/NavigationMenu/002 - Risk Profile analysis" status="PASSED">
         <system-out><![CDATA[2022-03-04 08:37:15 - [TEST_CASE][PASSED] - Test Cases/Mobile/Scenario/NavigationMenu/002 - Risk Profile analysis: Test Cases/Mobile/Scenario/NavigationMenu/002 - Risk Profile analysis

2022-03-04 08:37:16 - [TEST_STEP][PASSED] - callTestCase(findTestCase("Mobile/Page/Run App/Run App byID"), [:], STOP_ON_FAILURE): Call Test Case 'Test Cases/Mobile/Page/Run App/Run App byID' successfully

2022-03-04 08:37:16 - [TEST_CASE][PASSED] - Test Cases/Mobile/Page/Run App/Run App byID: Test Cases/Mobile/Page/Run App/Run App byID

2022-03-04 08:37:16 - [TEST_STEP][PASSED] - startApp.OpenApp.startApplication("id.co.miraeasset.sageclub"): startApp.OpenApp.startApplication is PASSED

2022-03-04 08:37:30 - [MESSAGE][PASSED] - Starting app with application ID: 'id.co.miraeasset.sageclub'

2022-03-04 08:37:30 - [MESSAGE][PASSED] - startApp.OpenApp.startApplication is PASSED

2022-03-04 08:37:30 - [MESSAGE][PASSED] - Call Test Case 'Test Cases/Mobile/Page/Run App/Run App byID' successfully

2022-03-04 08:37:30 - [TEST_STEP][PASSED] - callTestCase(findTestCase("Mobile/Page/NavigationMenu/NavigationMenu"), ["action":"analyzeprofile"], CONTINUE_ON_FAILURE): Call Test Case 'Test Cases/Mobile/Page/NavigationMenu/NavigationMenu' successfully

2022-03-04 08:37:30 - [TEST_CASE][PASSED] - Test Cases/Mobile/Page/NavigationMenu/NavigationMenu: Test Cases/Mobile/Page/NavigationMenu/NavigationMenu

2022-03-04 08:37:30 - [TEST_STEP][PASSED] - callTestCase(findTestCase("Mobile/Page/CheckLogin"), [:], CONTINUE_ON_FAILURE): Call Test Case 'Test Cases/Mobile/Page/CheckLogin' successfully

2022-03-04 08:37:30 - [TEST_CASE][PASSED] - Test Cases/Mobile/Page/CheckLogin: Test Cases/Mobile/Page/CheckLogin

2022-03-04 08:37:30 - [TEST_STEP][PASSED] - loginCheck = verifyElementExist(LOGN_BtnLogin, 5, CONTINUE_ON_FAILURE): Element 'Object Repository/Mobile/Page/Login/Button - Login' is exist

2022-03-04 08:37:31 - [MESSAGE][PASSED] - Element 'Object Repository/Mobile/Page/Login/Button - Login' is exist

2022-03-04 08:37:31 - [TEST_STEP][PASSED] - if (loginCheck): Call Test Case 'Test Cases/Mobile/Page/Login/Login' successfully

2022-03-04 08:37:31 - [TEST_STEP][PASSED] - callTestCase(findTestCase("Mobile/Page/Login/Login"), ["action":"username"], CONTINUE_ON_FAILURE): Call Test Case 'Test Cases/Mobile/Page/Login/Login' successfully

2022-03-04 08:37:32 - [TEST_CASE][PASSED] - Test Cases/Mobile/Page/Login/Login: Test Cases/Mobile/Page/Login/Login

2022-03-04 08:37:32 - [TEST_STEP][PASSED] - delay(2): Delayed 2 second(s)

2022-03-04 08:37:34 - [MESSAGE][PASSED] - Delayed 2 second(s)

2022-03-04 08:37:34 - [TEST_STEP][PASSED] - for ([i = 0, i < 1, (i++)]): null

2022-03-04 08:37:34 - [TEST_STEP][PASSED] - if (action == "username"): null

2022-03-04 08:37:34 - [TEST_STEP][PASSED] - tap(LOGN_EdtUserID, 0): Tapped on element 'Object Repository/Mobile/Page/Login/Input - UserID'

2022-03-04 08:37:34 - [MESSAGE][WARNING] - Timeout '0' is invalid. Using default page load timeout: '60'

2022-03-04 08:37:34 - [MESSAGE][PASSED] - Tapped on element 'Object Repository/Mobile/Page/Login/Input - UserID'

2022-03-04 08:37:34 - [TEST_STEP][PASSED] - delay(1): Delayed 1 second(s)

2022-03-04 08:37:35 - [MESSAGE][PASSED] - Delayed 1 second(s)

2022-03-04 08:37:35 - [TEST_STEP][PASSED] - setText(LOGN_EdtRdyUserID, "anggaaditya", 0): Text 'anggaaditya' has been set to element 'Object Repository/Mobile/Page/Login/Input Rdy - UserID'

2022-03-04 08:37:35 - [MESSAGE][WARNING] - Timeout '0' is invalid. Using default page load timeout: '60'

2022-03-04 08:37:36 - [MESSAGE][PASSED] - Text 'anggaaditya' has been set to element 'Object Repository/Mobile/Page/Login/Input Rdy - UserID'

2022-03-04 08:37:36 - [TEST_STEP][PASSED] - delay(1): Delayed 1 second(s)

2022-03-04 08:37:37 - [MESSAGE][PASSED] - Delayed 1 second(s)

2022-03-04 08:37:37 - [TEST_STEP][PASSED] - hideKeyboard(): Keyboard is hidden

2022-03-04 08:37:40 - [MESSAGE][PASSED] - Keyboard is hidden

2022-03-04 08:37:41 - [TEST_STEP][PASSED] - tap(LOGN_EdtPassword, 0): Tapped on element 'Object Repository/Mobile/Page/Login/Input - Password'

2022-03-04 08:37:41 - [MESSAGE][WARNING] - Timeout '0' is invalid. Using default page load timeout: '60'

2022-03-04 08:37:41 - [MESSAGE][PASSED] - Tapped on element 'Object Repository/Mobile/Page/Login/Input - Password'

2022-03-04 08:37:41 - [TEST_STEP][PASSED] - delay(1): Delayed 1 second(s)

2022-03-04 08:37:42 - [MESSAGE][PASSED] - Delayed 1 second(s)

2022-03-04 08:37:42 - [TEST_STEP][PASSED] - setText(LOGN_EdtRdyPassword, "Shalawa18", 0): Text 'Shalawa18' has been set to element 'Object Repository/Mobile/Page/Login/Input Rdy - Password'

2022-03-04 08:37:42 - [MESSAGE][WARNING] - Timeout '0' is invalid. Using default page load timeout: '60'

2022-03-04 08:37:43 - [MESSAGE][PASSED] - Text 'Shalawa18' has been set to element 'Object Repository/Mobile/Page/Login/Input Rdy - Password'

2022-03-04 08:37:43 - [TEST_STEP][PASSED] - delay(1): Delayed 1 second(s)

2022-03-04 08:37:44 - [MESSAGE][PASSED] - Delayed 1 second(s)

2022-03-04 08:37:44 - [TEST_STEP][PASSED] - hideKeyboard(): Keyboard is hidden

2022-03-04 08:37:50 - [MESSAGE][PASSED] - Keyboard is hidden

2022-03-04 08:37:50 - [TEST_STEP][PASSED] - tap(LOGN_BtnLogin, 0): Tapped on element 'Object Repository/Mobile/Page/Login/Button - Login'

2022-03-04 08:37:50 - [MESSAGE][WARNING] - Timeout '0' is invalid. Using default page load timeout: '60'

2022-03-04 08:37:51 - [MESSAGE][PASSED] - Tapped on element 'Object Repository/Mobile/Page/Login/Button - Login'

2022-03-04 08:37:51 - [TEST_STEP][PASSED] - delay(2): Delayed 2 second(s)

2022-03-04 08:37:53 - [MESSAGE][PASSED] - Delayed 2 second(s)

2022-03-04 08:37:53 - [TEST_STEP][PASSED] - break: null

2022-03-04 08:37:53 - [MESSAGE][PASSED] - Call Test Case 'Test Cases/Mobile/Page/Login/Login' successfully

2022-03-04 08:37:53 - [MESSAGE][PASSED] - Call Test Case 'Test Cases/Mobile/Page/CheckLogin' successfully

2022-03-04 08:37:53 - [TEST_STEP][PASSED] - delay(3): Delayed 3 second(s)

2022-03-04 08:37:56 - [MESSAGE][PASSED] - Delayed 3 second(s)

2022-03-04 08:37:56 - [TEST_STEP][PASSED] - scroll.scroll.scrollScreenLeftToRight(): scroll.scroll.scrollScreenLeftToRight is PASSED

2022-03-04 08:37:56 - [MESSAGE][PASSED] - Current device physical height is 1423

2022-03-04 08:37:56 - [MESSAGE][PASSED] - Current device physical width is 720

2022-03-04 08:37:56 - [MESSAGE][PASSED] - Current device physical height is 1423

2022-03-04 08:37:58 - [MESSAGE][PASSED] - Swiped from 10,711 to 710,711

2022-03-04 08:37:58 - [MESSAGE][PASSED] - scroll.scroll.scrollScreenLeftToRight is PASSED

2022-03-04 08:37:58 - [TEST_STEP][PASSED] - delay(1): Delayed 1 second(s)

2022-03-04 08:37:59 - [MESSAGE][PASSED] - Delayed 1 second(s)

2022-03-04 08:37:59 - [TEST_STEP][FAILED] - for ([i = 0, i < 1, (i++)]): null

2022-03-04 08:37:59 - [TEST_STEP][PASSED] - if (action == "downloadtaxreport"): null

2022-03-04 08:37:59 - [TEST_STEP][FAILED] - else if (action == "analyzeprofile"): null

2022-03-04 08:37:59 - [TEST_STEP][PASSED] - risk = NAVM_ContRiskProfile: null

2022-03-04 08:37:59 - [TEST_STEP][PASSED] - top = getElementTopPosition(risk, 0): Object 'Object Repository/Mobile/Page/NavigationMenu/Container - Risk Profile' has top position '431'

2022-03-04 08:37:59 - [MESSAGE][WARNING] - Timeout '0' is invalid. Using default page load timeout: '60'

2022-03-04 08:37:59 - [MESSAGE][PASSED] - Object 'Object Repository/Mobile/Page/NavigationMenu/Container - Risk Profile' has top position '431'

2022-03-04 08:37:59 - [TEST_STEP][PASSED] - y = getElementHeight(risk, 0) * 0.8 + top: Object 'Object Repository/Mobile/Page/NavigationMenu/Container - Risk Profile' has height: '119'

2022-03-04 08:37:59 - [MESSAGE][WARNING] - Timeout '0' is invalid. Using default page load timeout: '60'

2022-03-04 08:38:00 - [MESSAGE][PASSED] - Object 'Object Repository/Mobile/Page/NavigationMenu/Container - Risk Profile' has height: '119'

2022-03-04 08:38:00 - [TEST_STEP][PASSED] - x = getDeviceWidth() * 0.2: Current device physical width is 720

2022-03-04 08:38:00 - [MESSAGE][PASSED] - Current device physical width is 720

2022-03-04 08:38:00 - [TEST_STEP][PASSED] - tapAtPosition(x, y): Tapped at [144, 526]

2022-03-04 08:38:00 - [MESSAGE][PASSED] - Tapped at [144, 526]

2022-03-04 08:38:00 - [TEST_STEP][PASSED] - delay(1): Delayed 1 second(s)

2022-03-04 08:38:01 - [MESSAGE][PASSED] - Delayed 1 second(s)

2022-03-04 08:38:01 - [TEST_STEP][FAILED] - try: Failed to check for element 'Object Repository/Mobile/Page/NavigationMenu/Container - Risk Profile' exist (Root cause: com.kms.katalon.core.exception.StepFailedException: Element 'Object Repository/Mobile/Page/NavigationMenu/Container - Risk Profile' not found
	at com.kms.katalon.core.keyword.internal.KeywordMain.stepFailed(KeywordMain.groovy:50)
	at com.kms.katalon.core.mobile.keyword.internal.MobileKeywordMain.stepFailed(MobileKeywordMain.groovy:40)
	at com.kms.katalon.core.mobile.keyword.builtin.VerifyElementExistKeyword$_verifyElementExist_closure1.doCall(VerifyElementExistKeyword.groovy:77)
	at com.kms.katalon.core.mobile.keyword.builtin.VerifyElementExistKeyword$_verifyElementExist_closure1.call(VerifyElementExistKeyword.groovy)
	at com.kms.katalon.core.mobile.keyword.internal.MobileKeywordMain.runKeyword(MobileKeywordMain.groovy:21)
	at com.kms.katalon.core.mobile.keyword.builtin.VerifyElementExistKeyword.verifyElementExist(VerifyElementExistKeyword.groovy:80)
	at com.kms.katalon.core.mobile.keyword.builtin.VerifyElementExistKeyword.execute(VerifyElementExistKeyword.groovy:64)
	at com.kms.katalon.core.keyword.internal.KeywordExecutor.executeKeywordForPlatform(KeywordExecutor.groovy:73)
	at com.kms.katalon.core.mobile.keyword.MobileBuiltInKeywords.verifyElementExist(MobileBuiltInKeywords.groovy:1586)
	at com.kms.katalon.core.mobile.keyword.MobileBuiltInKeywords$verifyElementExist$11.call(Unknown Source)
	at NavigationMenu.run(NavigationMenu:49)
	at com.kms.katalon.core.main.ScriptEngine.run(ScriptEngine.java:194)
	at com.kms.katalon.core.main.ScriptEngine.runScriptAsRawText(ScriptEngine.java:119)
	at com.kms.katalon.core.main.TestCaseExecutor.runScript(TestCaseExecutor.java:398)
	at com.kms.katalon.core.main.TestCaseExecutor.doExecute(TestCaseExecutor.java:389)
	at com.kms.katalon.core.main.TestCaseExecutor.processExecutionPhase(TestCaseExecutor.java:368)
	at com.kms.katalon.core.main.TestCaseExecutor.accessMainPhase(TestCaseExecutor.java:360)
	at com.kms.katalon.core.main.TestCaseExecutor.execute(TestCaseExecutor.java:255)
	at com.kms.katalon.core.main.TestCaseMain.runTestCase(TestCaseMain.java:114)
	at com.kms.katalon.core.keyword.builtin.CallTestCaseKeyword$_callTestCase_closure1.doCall(CallTestCaseKeyword.groovy:59)
	at com.kms.katalon.core.keyword.builtin.CallTestCaseKeyword$_callTestCase_closure1.call(CallTestCaseKeyword.groovy)
	at com.kms.katalon.core.keyword.internal.KeywordMain.runKeyword(KeywordMain.groovy:68)
	at com.kms.katalon.core.keyword.builtin.CallTestCaseKeyword.callTestCase(CallTestCaseKeyword.groovy:81)
	at com.kms.katalon.core.keyword.builtin.CallTestCaseKeyword.execute(CallTestCaseKeyword.groovy:44)
	at com.kms.katalon.core.keyword.internal.KeywordExecutor.executeKeywordForPlatform(KeywordExecutor.groovy:73)
	at com.kms.katalon.core.keyword.BuiltinKeywords.callTestCase(BuiltinKeywords.groovy:334)
	at 002 - Risk Profile analysis.run(002 - Risk Profile analysis:22)
	at com.kms.katalon.core.main.ScriptEngine.run(ScriptEngine.java:194)
	at com.kms.katalon.core.main.ScriptEngine.runScriptAsRawText(ScriptEngine.java:119)
	at com.kms.katalon.core.main.TestCaseExecutor.runScript(TestCaseExecutor.java:398)
	at com.kms.katalon.core.main.TestCaseExecutor.doExecute(TestCaseExecutor.java:389)
	at com.kms.katalon.core.main.TestCaseExecutor.processExecutionPhase(TestCaseExecutor.java:368)
	at com.kms.katalon.core.main.TestCaseExecutor.accessMainPhase(TestCaseExecutor.java:360)
	at com.kms.katalon.core.main.TestCaseExecutor.execute(TestCaseExecutor.java:255)
	at com.kms.katalon.core.main.TestSuiteExecutor.accessTestCaseMainPhase(TestSuiteExecutor.java:203)
	at com.kms.katalon.core.main.TestSuiteExecutor.accessTestSuiteMainPhase(TestSuiteExecutor.java:152)
	at com.kms.katalon.core.main.TestSuiteExecutor.execute(TestSuiteExecutor.java:95)
	at com.kms.katalon.core.main.TestCaseMain.startTestSuite(TestCaseMain.java:157)
	at com.kms.katalon.core.main.TestCaseMain$startTestSuite$0.call(Unknown Source)
	at TempTestSuite1646356388333.run(TempTestSuite1646356388333.groovy:39)
)

2022-03-04 08:38:01 - [TEST_STEP][FAILED] - for ([j = 1, j <= 5, (j++)]): Failed to check for element 'Object Repository/Mobile/Page/NavigationMenu/Container - Risk Profile' exist (Root cause: com.kms.katalon.core.exception.StepFailedException: Element 'Object Repository/Mobile/Page/NavigationMenu/Container - Risk Profile' not found
	at com.kms.katalon.core.keyword.internal.KeywordMain.stepFailed(KeywordMain.groovy:50)
	at com.kms.katalon.core.mobile.keyword.internal.MobileKeywordMain.stepFailed(MobileKeywordMain.groovy:40)
	at com.kms.katalon.core.mobile.keyword.builtin.VerifyElementExistKeyword$_verifyElementExist_closure1.doCall(VerifyElementExistKeyword.groovy:77)
	at com.kms.katalon.core.mobile.keyword.builtin.VerifyElementExistKeyword$_verifyElementExist_closure1.call(VerifyElementExistKeyword.groovy)
	at com.kms.katalon.core.mobile.keyword.internal.MobileKeywordMain.runKeyword(MobileKeywordMain.groovy:21)
	at com.kms.katalon.core.mobile.keyword.builtin.VerifyElementExistKeyword.verifyElementExist(VerifyElementExistKeyword.groovy:80)
	at com.kms.katalon.core.mobile.keyword.builtin.VerifyElementExistKeyword.execute(VerifyElementExistKeyword.groovy:64)
	at com.kms.katalon.core.keyword.internal.KeywordExecutor.executeKeywordForPlatform(KeywordExecutor.groovy:73)
	at com.kms.katalon.core.mobile.keyword.MobileBuiltInKeywords.verifyElementExist(MobileBuiltInKeywords.groovy:1586)
	at com.kms.katalon.core.mobile.keyword.MobileBuiltInKeywords$verifyElementExist$11.call(Unknown Source)
	at NavigationMenu.run(NavigationMenu:49)
	at com.kms.katalon.core.main.ScriptEngine.run(ScriptEngine.java:194)
	at com.kms.katalon.core.main.ScriptEngine.runScriptAsRawText(ScriptEngine.java:119)
	at com.kms.katalon.core.main.TestCaseExecutor.runScript(TestCaseExecutor.java:398)
	at com.kms.katalon.core.main.TestCaseExecutor.doExecute(TestCaseExecutor.java:389)
	at com.kms.katalon.core.main.TestCaseExecutor.processExecutionPhase(TestCaseExecutor.java:368)
	at com.kms.katalon.core.main.TestCaseExecutor.accessMainPhase(TestCaseExecutor.java:360)
	at com.kms.katalon.core.main.TestCaseExecutor.execute(TestCaseExecutor.java:255)
	at com.kms.katalon.core.main.TestCaseMain.runTestCase(TestCaseMain.java:114)
	at com.kms.katalon.core.keyword.builtin.CallTestCaseKeyword$_callTestCase_closure1.doCall(CallTestCaseKeyword.groovy:59)
	at com.kms.katalon.core.keyword.builtin.CallTestCaseKeyword$_callTestCase_closure1.call(CallTestCaseKeyword.groovy)
	at com.kms.katalon.core.keyword.internal.KeywordMain.runKeyword(KeywordMain.groovy:68)
	at com.kms.katalon.core.keyword.builtin.CallTestCaseKeyword.callTestCase(CallTestCaseKeyword.groovy:81)
	at com.kms.katalon.core.keyword.builtin.CallTestCaseKeyword.execute(CallTestCaseKeyword.groovy:44)
	at com.kms.katalon.core.keyword.internal.KeywordExecutor.executeKeywordForPlatform(KeywordExecutor.groovy:73)
	at com.kms.katalon.core.keyword.BuiltinKeywords.callTestCase(BuiltinKeywords.groovy:334)
	at 002 - Risk Profile analysis.run(002 - Risk Profile analysis:22)
	at com.kms.katalon.core.main.ScriptEngine.run(ScriptEngine.java:194)
	at com.kms.katalon.core.main.ScriptEngine.runScriptAsRawText(ScriptEngine.java:119)
	at com.kms.katalon.core.main.TestCaseExecutor.runScript(TestCaseExecutor.java:398)
	at com.kms.katalon.core.main.TestCaseExecutor.doExecute(TestCaseExecutor.java:389)
	at com.kms.katalon.core.main.TestCaseExecutor.processExecutionPhase(TestCaseExecutor.java:368)
	at com.kms.katalon.core.main.TestCaseExecutor.accessMainPhase(TestCaseExecutor.java:360)
	at com.kms.katalon.core.main.TestCaseExecutor.execute(TestCaseExecutor.java:255)
	at com.kms.katalon.core.main.TestSuiteExecutor.accessTestCaseMainPhase(TestSuiteExecutor.java:203)
	at com.kms.katalon.core.main.TestSuiteExecutor.accessTestSuiteMainPhase(TestSuiteExecutor.java:152)
	at com.kms.katalon.core.main.TestSuiteExecutor.execute(TestSuiteExecutor.java:95)
	at com.kms.katalon.core.main.TestCaseMain.startTestSuite(TestCaseMain.java:157)
	at com.kms.katalon.core.main.TestCaseMain$startTestSuite$0.call(Unknown Source)
	at TempTestSuite1646356388333.run(TempTestSuite1646356388333.groovy:39)
)

2022-03-04 08:38:01 - [TEST_STEP][FAILED] - bestsuited = verifyElementExist(NAVM_ContRiskProfile, 2): Failed to check for element 'Object Repository/Mobile/Page/NavigationMenu/Container - Risk Profile' exist (Root cause: com.kms.katalon.core.exception.StepFailedException: Element 'Object Repository/Mobile/Page/NavigationMenu/Container - Risk Profile' not found
	at com.kms.katalon.core.keyword.internal.KeywordMain.stepFailed(KeywordMain.groovy:50)
	at com.kms.katalon.core.mobile.keyword.internal.MobileKeywordMain.stepFailed(MobileKeywordMain.groovy:40)
	at com.kms.katalon.core.mobile.keyword.builtin.VerifyElementExistKeyword$_verifyElementExist_closure1.doCall(VerifyElementExistKeyword.groovy:77)
	at com.kms.katalon.core.mobile.keyword.builtin.VerifyElementExistKeyword$_verifyElementExist_closure1.call(VerifyElementExistKeyword.groovy)
	at com.kms.katalon.core.mobile.keyword.internal.MobileKeywordMain.runKeyword(MobileKeywordMain.groovy:21)
	at com.kms.katalon.core.mobile.keyword.builtin.VerifyElementExistKeyword.verifyElementExist(VerifyElementExistKeyword.groovy:80)
	at com.kms.katalon.core.mobile.keyword.builtin.VerifyElementExistKeyword.execute(VerifyElementExistKeyword.groovy:64)
	at com.kms.katalon.core.keyword.internal.KeywordExecutor.executeKeywordForPlatform(KeywordExecutor.groovy:73)
	at com.kms.katalon.core.mobile.keyword.MobileBuiltInKeywords.verifyElementExist(MobileBuiltInKeywords.groovy:1586)
	at com.kms.katalon.core.mobile.keyword.MobileBuiltInKeywords$verifyElementExist$11.call(Unknown Source)
	at NavigationMenu.run(NavigationMenu:49)
	at com.kms.katalon.core.main.ScriptEngine.run(ScriptEngine.java:194)
	at com.kms.katalon.core.main.ScriptEngine.runScriptAsRawText(ScriptEngine.java:119)
	at com.kms.katalon.core.main.TestCaseExecutor.runScript(TestCaseExecutor.java:398)
	at com.kms.katalon.core.main.TestCaseExecutor.doExecute(TestCaseExecutor.java:389)
	at com.kms.katalon.core.main.TestCaseExecutor.processExecutionPhase(TestCaseExecutor.java:368)
	at com.kms.katalon.core.main.TestCaseExecutor.accessMainPhase(TestCaseExecutor.java:360)
	at com.kms.katalon.core.main.TestCaseExecutor.execute(TestCaseExecutor.java:255)
	at com.kms.katalon.core.main.TestCaseMain.runTestCase(TestCaseMain.java:114)
	at com.kms.katalon.core.keyword.builtin.CallTestCaseKeyword$_callTestCase_closure1.doCall(CallTestCaseKeyword.groovy:59)
	at com.kms.katalon.core.keyword.builtin.CallTestCaseKeyword$_callTestCase_closure1.call(CallTestCaseKeyword.groovy)
	at com.kms.katalon.core.keyword.internal.KeywordMain.runKeyword(KeywordMain.groovy:68)
	at com.kms.katalon.core.keyword.builtin.CallTestCaseKeyword.callTestCase(CallTestCaseKeyword.groovy:81)
	at com.kms.katalon.core.keyword.builtin.CallTestCaseKeyword.execute(CallTestCaseKeyword.groovy:44)
	at com.kms.katalon.core.keyword.internal.KeywordExecutor.executeKeywordForPlatform(KeywordExecutor.groovy:73)
	at com.kms.katalon.core.keyword.BuiltinKeywords.callTestCase(BuiltinKeywords.groovy:334)
	at 002 - Risk Profile analysis.run(002 - Risk Profile analysis:22)
	at com.kms.katalon.core.main.ScriptEngine.run(ScriptEngine.java:194)
	at com.kms.katalon.core.main.ScriptEngine.runScriptAsRawText(ScriptEngine.java:119)
	at com.kms.katalon.core.main.TestCaseExecutor.runScript(TestCaseExecutor.java:398)
	at com.kms.katalon.core.main.TestCaseExecutor.doExecute(TestCaseExecutor.java:389)
	at com.kms.katalon.core.main.TestCaseExecutor.processExecutionPhase(TestCaseExecutor.java:368)
	at com.kms.katalon.core.main.TestCaseExecutor.accessMainPhase(TestCaseExecutor.java:360)
	at com.kms.katalon.core.main.TestCaseExecutor.execute(TestCaseExecutor.java:255)
	at com.kms.katalon.core.main.TestSuiteExecutor.accessTestCaseMainPhase(TestSuiteExecutor.java:203)
	at com.kms.katalon.core.main.TestSuiteExecutor.accessTestSuiteMainPhase(TestSuiteExecutor.java:152)
	at com.kms.katalon.core.main.TestSuiteExecutor.execute(TestSuiteExecutor.java:95)
	at com.kms.katalon.core.main.TestCaseMain.startTestSuite(TestCaseMain.java:157)
	at com.kms.katalon.core.main.TestCaseMain$startTestSuite$0.call(Unknown Source)
	at TempTestSuite1646356388333.run(TempTestSuite1646356388333.groovy:39)
)

2022-03-04 08:38:04 - [MESSAGE][FAILED] - Element 'Object Repository/Mobile/Page/NavigationMenu/Container - Risk Profile' not found
[[ATTACHMENT|C:\\Users\\Owner\\Documents\\kerjaan\\KatalonProject\\qa_katalon_pwm\\qa_katalon_pwm\\Reports\\20220304_081253\\navigationmenu\\20220304_081308\\1646357883552.png]]

2022-03-04 08:38:04 - [MESSAGE][FAILED] - Failed to check for element 'Object Repository/Mobile/Page/NavigationMenu/Container - Risk Profile' exist (Root cause: com.kms.katalon.core.exception.StepFailedException: Element 'Object Repository/Mobile/Page/NavigationMenu/Container - Risk Profile' not found
	at com.kms.katalon.core.keyword.internal.KeywordMain.stepFailed(KeywordMain.groovy:50)
	at com.kms.katalon.core.mobile.keyword.internal.MobileKeywordMain.stepFailed(MobileKeywordMain.groovy:40)
	at com.kms.katalon.core.mobile.keyword.builtin.VerifyElementExistKeyword$_verifyElementExist_closure1.doCall(VerifyElementExistKeyword.groovy:77)
	at com.kms.katalon.core.mobile.keyword.builtin.VerifyElementExistKeyword$_verifyElementExist_closure1.call(VerifyElementExistKeyword.groovy)
	at com.kms.katalon.core.mobile.keyword.internal.MobileKeywordMain.runKeyword(MobileKeywordMain.groovy:21)
	at com.kms.katalon.core.mobile.keyword.builtin.VerifyElementExistKeyword.verifyElementExist(VerifyElementExistKeyword.groovy:80)
	at com.kms.katalon.core.mobile.keyword.builtin.VerifyElementExistKeyword.execute(VerifyElementExistKeyword.groovy:64)
	at com.kms.katalon.core.keyword.internal.KeywordExecutor.executeKeywordForPlatform(KeywordExecutor.groovy:73)
	at com.kms.katalon.core.mobile.keyword.MobileBuiltInKeywords.verifyElementExist(MobileBuiltInKeywords.groovy:1586)
	at com.kms.katalon.core.mobile.keyword.MobileBuiltInKeywords$verifyElementExist$11.call(Unknown Source)
	at NavigationMenu.run(NavigationMenu:49)
	at com.kms.katalon.core.main.ScriptEngine.run(ScriptEngine.java:194)
	at com.kms.katalon.core.main.ScriptEngine.runScriptAsRawText(ScriptEngine.java:119)
	at com.kms.katalon.core.main.TestCaseExecutor.runScript(TestCaseExecutor.java:398)
	at com.kms.katalon.core.main.TestCaseExecutor.doExecute(TestCaseExecutor.java:389)
	at com.kms.katalon.core.main.TestCaseExecutor.processExecutionPhase(TestCaseExecutor.java:368)
	at com.kms.katalon.core.main.TestCaseExecutor.accessMainPhase(TestCaseExecutor.java:360)
	at com.kms.katalon.core.main.TestCaseExecutor.execute(TestCaseExecutor.java:255)
	at com.kms.katalon.core.main.TestCaseMain.runTestCase(TestCaseMain.java:114)
	at com.kms.katalon.core.keyword.builtin.CallTestCaseKeyword$_callTestCase_closure1.doCall(CallTestCaseKeyword.groovy:59)
	at com.kms.katalon.core.keyword.builtin.CallTestCaseKeyword$_callTestCase_closure1.call(CallTestCaseKeyword.groovy)
	at com.kms.katalon.core.keyword.internal.KeywordMain.runKeyword(KeywordMain.groovy:68)
	at com.kms.katalon.core.keyword.builtin.CallTestCaseKeyword.callTestCase(CallTestCaseKeyword.groovy:81)
	at com.kms.katalon.core.keyword.builtin.CallTestCaseKeyword.execute(CallTestCaseKeyword.groovy:44)
	at com.kms.katalon.core.keyword.internal.KeywordExecutor.executeKeywordForPlatform(KeywordExecutor.groovy:73)
	at com.kms.katalon.core.keyword.BuiltinKeywords.callTestCase(BuiltinKeywords.groovy:334)
	at 002 - Risk Profile analysis.run(002 - Risk Profile analysis:22)
	at com.kms.katalon.core.main.ScriptEngine.run(ScriptEngine.java:194)
	at com.kms.katalon.core.main.ScriptEngine.runScriptAsRawText(ScriptEngine.java:119)
	at com.kms.katalon.core.main.TestCaseExecutor.runScript(TestCaseExecutor.java:398)
	at com.kms.katalon.core.main.TestCaseExecutor.doExecute(TestCaseExecutor.java:389)
	at com.kms.katalon.core.main.TestCaseExecutor.processExecutionPhase(TestCaseExecutor.java:368)
	at com.kms.katalon.core.main.TestCaseExecutor.accessMainPhase(TestCaseExecutor.java:360)
	at com.kms.katalon.core.main.TestCaseExecutor.execute(TestCaseExecutor.java:255)
	at com.kms.katalon.core.main.TestSuiteExecutor.accessTestCaseMainPhase(TestSuiteExecutor.java:203)
	at com.kms.katalon.core.main.TestSuiteExecutor.accessTestSuiteMainPhase(TestSuiteExecutor.java:152)
	at com.kms.katalon.core.main.TestSuiteExecutor.execute(TestSuiteExecutor.java:95)
	at com.kms.katalon.core.main.TestCaseMain.startTestSuite(TestCaseMain.java:157)
	at com.kms.katalon.core.main.TestCaseMain$startTestSuite$0.call(Unknown Source)
	at TempTestSuite1646356388333.run(TempTestSuite1646356388333.groovy:39)
)
[[ATTACHMENT|C:\\Users\\Owner\\Documents\\kerjaan\\KatalonProject\\qa_katalon_pwm\\qa_katalon_pwm\\Reports\\20220304_081253\\navigationmenu\\20220304_081308\\1646357884259.png]]

2022-03-04 08:38:04 - [TEST_STEP][PASSED] - catch (Exception e): null

2022-03-04 08:38:04 - [TEST_STEP][PASSED] - rand = new java.util.Random(): null

2022-03-04 08:38:04 - [TEST_STEP][PASSED] - random = rand.nextInt(2): null

2022-03-04 08:38:04 - [TEST_STEP][PASSED] - positionclick.positionclick.clickButtonInBottom(NAVM_RISK_DropHowLong): positionclick.positionclick.clickButtonInBottom is PASSED

2022-03-04 08:38:05 - [MESSAGE][PASSED] - Current device physical width is 720

2022-03-04 08:38:05 - [MESSAGE][WARNING] - Timeout '0' is invalid. Using default page load timeout: '60'

2022-03-04 08:38:05 - [MESSAGE][PASSED] - Object 'Object Repository/Mobile/Page/NavigationMenu/Risk Profile/Dropdown - How Long' has top position '151'

2022-03-04 08:38:05 - [MESSAGE][WARNING] - Timeout '0' is invalid. Using default page load timeout: '60'

2022-03-04 08:38:05 - [MESSAGE][PASSED] - Object 'Object Repository/Mobile/Page/NavigationMenu/Risk Profile/Dropdown - How Long' has height: '126'

2022-03-04 08:38:06 - [MESSAGE][PASSED] - Tapped at [360, 251]

2022-03-04 08:38:06 - [MESSAGE][PASSED] - positionclick.positionclick.clickButtonInBottom is PASSED

2022-03-04 08:38:06 - [TEST_STEP][PASSED] - delay(1): Delayed 1 second(s)

2022-03-04 08:38:07 - [MESSAGE][PASSED] - Delayed 1 second(s)

2022-03-04 08:38:07 - [TEST_STEP][PASSED] - if (random == 0): null

2022-03-04 08:38:07 - [TEST_STEP][PASSED] - else: Tapped on element 'Object Repository/Mobile/Page/NavigationMenu/Risk Profile/Option How Long - 3 to 5'

2022-03-04 08:38:07 - [TEST_STEP][PASSED] - tap(NAVM_RISK_OptHowLong3to5, 0): Tapped on element 'Object Repository/Mobile/Page/NavigationMenu/Risk Profile/Option How Long - 3 to 5'

2022-03-04 08:38:07 - [MESSAGE][WARNING] - Timeout '0' is invalid. Using default page load timeout: '60'

2022-03-04 08:38:08 - [MESSAGE][PASSED] - Tapped on element 'Object Repository/Mobile/Page/NavigationMenu/Risk Profile/Option How Long - 3 to 5'

2022-03-04 08:38:08 - [TEST_STEP][PASSED] - delay(1): Delayed 1 second(s)

2022-03-04 08:38:09 - [MESSAGE][PASSED] - Delayed 1 second(s)

2022-03-04 08:38:09 - [TEST_STEP][PASSED] - random = rand.nextInt(2): null

2022-03-04 08:38:09 - [TEST_STEP][PASSED] - positionclick.positionclick.clickButtonInBottom(NAVM_RISK_DropInvestGoal): positionclick.positionclick.clickButtonInBottom is PASSED

2022-03-04 08:38:10 - [MESSAGE][PASSED] - Current device physical width is 720

2022-03-04 08:38:10 - [MESSAGE][WARNING] - Timeout '0' is invalid. Using default page load timeout: '60'

2022-03-04 08:38:10 - [MESSAGE][PASSED] - Object 'Object Repository/Mobile/Page/NavigationMenu/Risk Profile/Dropdown - Investment Goal' has top position '303'

2022-03-04 08:38:10 - [MESSAGE][WARNING] - Timeout '0' is invalid. Using default page load timeout: '60'

2022-03-04 08:38:10 - [MESSAGE][PASSED] - Object 'Object Repository/Mobile/Page/NavigationMenu/Risk Profile/Dropdown - Investment Goal' has height: '126'

2022-03-04 08:38:11 - [MESSAGE][PASSED] - Tapped at [360, 403]

2022-03-04 08:38:11 - [MESSAGE][PASSED] - positionclick.positionclick.clickButtonInBottom is PASSED

2022-03-04 08:38:11 - [TEST_STEP][PASSED] - delay(1): Delayed 1 second(s)

2022-03-04 08:38:12 - [MESSAGE][PASSED] - Delayed 1 second(s)

2022-03-04 08:38:12 - [TEST_STEP][PASSED] - if (random == 0): null

2022-03-04 08:38:12 - [TEST_STEP][PASSED] - else: Tapped on element 'Object Repository/Mobile/Page/NavigationMenu/Risk Profile/Option Investment Goal - Profit'

2022-03-04 08:38:12 - [TEST_STEP][PASSED] - tap(NAVM_RISK_OptInvestGoalProfit, 0): Tapped on element 'Object Repository/Mobile/Page/NavigationMenu/Risk Profile/Option Investment Goal - Profit'

2022-03-04 08:38:12 - [MESSAGE][WARNING] - Timeout '0' is invalid. Using default page load timeout: '60'

2022-03-04 08:38:13 - [MESSAGE][PASSED] - Tapped on element 'Object Repository/Mobile/Page/NavigationMenu/Risk Profile/Option Investment Goal - Profit'

2022-03-04 08:38:13 - [TEST_STEP][PASSED] - delay(1): Delayed 1 second(s)

2022-03-04 08:38:14 - [MESSAGE][PASSED] - Delayed 1 second(s)

2022-03-04 08:38:14 - [TEST_STEP][PASSED] - random = rand.nextInt(2): null

2022-03-04 08:38:14 - [TEST_STEP][PASSED] - positionclick.positionclick.clickButtonInBottom(NAVM_RISK_DropGenKnowledge): positionclick.positionclick.clickButtonInBottom is PASSED

2022-03-04 08:38:15 - [MESSAGE][PASSED] - Current device physical width is 720

2022-03-04 08:38:15 - [MESSAGE][WARNING] - Timeout '0' is invalid. Using default page load timeout: '60'

2022-03-04 08:38:15 - [MESSAGE][PASSED] - Object 'Object Repository/Mobile/Page/NavigationMenu/Risk Profile/Dropdown - General Knowledge' has top position '456'

2022-03-04 08:38:15 - [MESSAGE][WARNING] - Timeout '0' is invalid. Using default page load timeout: '60'

2022-03-04 08:38:15 - [MESSAGE][PASSED] - Object 'Object Repository/Mobile/Page/NavigationMenu/Risk Profile/Dropdown - General Knowledge' has height: '126'

2022-03-04 08:38:16 - [MESSAGE][PASSED] - Tapped at [360, 556]

2022-03-04 08:38:16 - [MESSAGE][PASSED] - positionclick.positionclick.clickButtonInBottom is PASSED

2022-03-04 08:38:17 - [TEST_STEP][PASSED] - delay(1): Delayed 1 second(s)

2022-03-04 08:38:18 - [MESSAGE][PASSED] - Delayed 1 second(s)

2022-03-04 08:38:18 - [TEST_STEP][PASSED] - if (random == 0): null

2022-03-04 08:38:18 - [TEST_STEP][PASSED] - else: Tapped on element 'Object Repository/Mobile/Page/NavigationMenu/Risk Profile/Option General Knowledge - Quite Good'

2022-03-04 08:38:18 - [TEST_STEP][PASSED] - tap(NAVM_RISK_OptGenKnowledgeQuiteGood, 0): Tapped on element 'Object Repository/Mobile/Page/NavigationMenu/Risk Profile/Option General Knowledge - Quite Good'

2022-03-04 08:38:18 - [MESSAGE][WARNING] - Timeout '0' is invalid. Using default page load timeout: '60'

2022-03-04 08:38:19 - [MESSAGE][PASSED] - Tapped on element 'Object Repository/Mobile/Page/NavigationMenu/Risk Profile/Option General Knowledge - Quite Good'

2022-03-04 08:38:19 - [TEST_STEP][PASSED] - delay(1): Delayed 1 second(s)

2022-03-04 08:38:20 - [MESSAGE][PASSED] - Delayed 1 second(s)

2022-03-04 08:38:20 - [TEST_STEP][PASSED] - random = rand.nextInt(2): null

2022-03-04 08:38:20 - [TEST_STEP][PASSED] - positionclick.positionclick.clickButtonInBottom(NAVM_RISK_DropTotalAmount): positionclick.positionclick.clickButtonInBottom is PASSED

2022-03-04 08:38:20 - [MESSAGE][PASSED] - Current device physical width is 720

2022-03-04 08:38:20 - [MESSAGE][WARNING] - Timeout '0' is invalid. Using default page load timeout: '60'

2022-03-04 08:38:20 - [MESSAGE][PASSED] - Object 'Object Repository/Mobile/Page/NavigationMenu/Risk Profile/Dropdown - Total Amount' has top position '608'

2022-03-04 08:38:20 - [MESSAGE][WARNING] - Timeout '0' is invalid. Using default page load timeout: '60'

2022-03-04 08:38:21 - [MESSAGE][PASSED] - Object 'Object Repository/Mobile/Page/NavigationMenu/Risk Profile/Dropdown - Total Amount' has height: '126'

2022-03-04 08:38:22 - [MESSAGE][PASSED] - Tapped at [360, 708]

2022-03-04 08:38:22 - [MESSAGE][PASSED] - positionclick.positionclick.clickButtonInBottom is PASSED

2022-03-04 08:38:22 - [TEST_STEP][PASSED] - delay(1): Delayed 1 second(s)

2022-03-04 08:38:23 - [MESSAGE][PASSED] - Delayed 1 second(s)

2022-03-04 08:38:23 - [TEST_STEP][PASSED] - if (random == 0): null

2022-03-04 08:38:23 - [TEST_STEP][PASSED] - else: Tapped on element 'Object Repository/Mobile/Page/NavigationMenu/Risk Profile/Option Total Amount - Between 20 and 30'

2022-03-04 08:38:23 - [TEST_STEP][PASSED] - tap(NAVM_RISK_OptTotal20and30, 0): Tapped on element 'Object Repository/Mobile/Page/NavigationMenu/Risk Profile/Option Total Amount - Between 20 and 30'

2022-03-04 08:38:23 - [MESSAGE][WARNING] - Timeout '0' is invalid. Using default page load timeout: '60'

2022-03-04 08:38:24 - [MESSAGE][PASSED] - Tapped on element 'Object Repository/Mobile/Page/NavigationMenu/Risk Profile/Option Total Amount - Between 20 and 30'

2022-03-04 08:38:24 - [TEST_STEP][PASSED] - delay(1): Delayed 1 second(s)

2022-03-04 08:38:25 - [MESSAGE][PASSED] - Delayed 1 second(s)

2022-03-04 08:38:25 - [TEST_STEP][PASSED] - random = rand.nextInt(2): null

2022-03-04 08:38:25 - [TEST_STEP][PASSED] - positionclick.positionclick.clickButtonInBottom(NAVM_RISK_DropRiskLevel): positionclick.positionclick.clickButtonInBottom is PASSED

2022-03-04 08:38:25 - [MESSAGE][PASSED] - Current device physical width is 720

2022-03-04 08:38:25 - [MESSAGE][WARNING] - Timeout '0' is invalid. Using default page load timeout: '60'

2022-03-04 08:38:25 - [MESSAGE][PASSED] - Object 'Object Repository/Mobile/Page/NavigationMenu/Risk Profile/Dropdown - Risk Level' has top position '760'

2022-03-04 08:38:25 - [MESSAGE][WARNING] - Timeout '0' is invalid. Using default page load timeout: '60'

2022-03-04 08:38:26 - [MESSAGE][PASSED] - Object 'Object Repository/Mobile/Page/NavigationMenu/Risk Profile/Dropdown - Risk Level' has height: '126'

2022-03-04 08:38:27 - [MESSAGE][PASSED] - Tapped at [360, 860]

2022-03-04 08:38:27 - [MESSAGE][PASSED] - positionclick.positionclick.clickButtonInBottom is PASSED

2022-03-04 08:38:27 - [TEST_STEP][PASSED] - delay(1): Delayed 1 second(s)

2022-03-04 08:38:28 - [MESSAGE][PASSED] - Delayed 1 second(s)

2022-03-04 08:38:28 - [TEST_STEP][PASSED] - if (random == 0): Tapped on element 'Object Repository/Mobile/Page/NavigationMenu/Risk Profile/Option Risk Level - Low'

2022-03-04 08:38:28 - [MESSAGE][WARNING] - Timeout '0' is invalid. Using default page load timeout: '60'

2022-03-04 08:38:29 - [MESSAGE][PASSED] - Tapped on element 'Object Repository/Mobile/Page/NavigationMenu/Risk Profile/Option Risk Level - Low'

2022-03-04 08:38:29 - [TEST_STEP][PASSED] - delay(1): Delayed 1 second(s)

2022-03-04 08:38:30 - [MESSAGE][PASSED] - Delayed 1 second(s)

2022-03-04 08:38:30 - [TEST_STEP][PASSED] - random = rand.nextInt(2): null

2022-03-04 08:38:30 - [TEST_STEP][PASSED] - positionclick.positionclick.clickButtonInBottom(NAVM_RISK_DropBestSuited): positionclick.positionclick.clickButtonInBottom is PASSED

2022-03-04 08:38:30 - [MESSAGE][PASSED] - Current device physical width is 720

2022-03-04 08:38:30 - [MESSAGE][WARNING] - Timeout '0' is invalid. Using default page load timeout: '60'

2022-03-04 08:38:30 - [MESSAGE][PASSED] - Object 'Object Repository/Mobile/Page/NavigationMenu/Risk Profile/Dropdown - Best Suited' has top position '912'

2022-03-04 08:38:30 - [MESSAGE][WARNING] - Timeout '0' is invalid. Using default page load timeout: '60'

2022-03-04 08:38:30 - [MESSAGE][PASSED] - Object 'Object Repository/Mobile/Page/NavigationMenu/Risk Profile/Dropdown - Best Suited' has height: '154'

2022-03-04 08:38:31 - [MESSAGE][PASSED] - Tapped at [360, 1,035]

2022-03-04 08:38:31 - [MESSAGE][PASSED] - positionclick.positionclick.clickButtonInBottom is PASSED

2022-03-04 08:38:31 - [TEST_STEP][PASSED] - delay(1): Delayed 1 second(s)

2022-03-04 08:38:32 - [MESSAGE][PASSED] - Delayed 1 second(s)

2022-03-04 08:38:32 - [TEST_STEP][PASSED] - if (random == 0): null

2022-03-04 08:38:32 - [TEST_STEP][PASSED] - else: Tapped on element 'Object Repository/Mobile/Page/NavigationMenu/Risk Profile/Option Best Suited - Security Deposit'

2022-03-04 08:38:32 - [TEST_STEP][PASSED] - tap(NAVM_RISK_OptBestSuitedSecDeposit, 0): Tapped on element 'Object Repository/Mobile/Page/NavigationMenu/Risk Profile/Option Best Suited - Security Deposit'

2022-03-04 08:38:32 - [MESSAGE][WARNING] - Timeout '0' is invalid. Using default page load timeout: '60'

2022-03-04 08:38:33 - [MESSAGE][PASSED] - Tapped on element 'Object Repository/Mobile/Page/NavigationMenu/Risk Profile/Option Best Suited - Security Deposit'

2022-03-04 08:38:33 - [TEST_STEP][PASSED] - delay(1): Delayed 1 second(s)

2022-03-04 08:38:34 - [MESSAGE][PASSED] - Delayed 1 second(s)

2022-03-04 08:38:34 - [TEST_STEP][PASSED] - tap(NAVM_RISK_BtnCalculate, 0): Tapped on element 'Object Repository/Mobile/Page/NavigationMenu/Risk Profile/Button - Calculate Risk Profile'

2022-03-04 08:38:34 - [MESSAGE][WARNING] - Timeout '0' is invalid. Using default page load timeout: '60'

2022-03-04 08:38:35 - [MESSAGE][PASSED] - Tapped on element 'Object Repository/Mobile/Page/NavigationMenu/Risk Profile/Button - Calculate Risk Profile'

2022-03-04 08:38:35 - [TEST_STEP][PASSED] - delay(1): Delayed 1 second(s)

2022-03-04 08:38:36 - [MESSAGE][PASSED] - Delayed 1 second(s)

2022-03-04 08:38:36 - [TEST_STEP][PASSED] - pressBack(): Press back button successfully

2022-03-04 08:38:36 - [MESSAGE][PASSED] - Press back button successfully

2022-03-04 08:38:36 - [MESSAGE][PASSED] - Call Test Case 'Test Cases/Mobile/Page/NavigationMenu/NavigationMenu' successfully

2022-03-04 08:38:36 - [TEST_STEP][PASSED] - callTestCase(findTestCase("Mobile/Page/Run App/Terminate App"), [:], STOP_ON_FAILURE): Call Test Case 'Test Cases/Mobile/Page/Run App/Terminate App' successfully

2022-03-04 08:38:36 - [TEST_CASE][PASSED] - Test Cases/Mobile/Page/Run App/Terminate App: Test Cases/Mobile/Page/Run App/Terminate App

2022-03-04 08:38:36 - [TEST_STEP][PASSED] - startApp.OpenApp.terminateApplication(): startApp.OpenApp.terminateApplication is PASSED

2022-03-04 08:38:40 - [MESSAGE][PASSED] - Delayed 3 second(s)

2022-03-04 08:38:40 - [MESSAGE][PASSED] - Current device physical width is 720

2022-03-04 08:38:40 - [MESSAGE][PASSED] - Current device physical height is 1423

2022-03-04 08:38:42 - [MESSAGE][PASSED] - Swiped from 360,853 to 360,142

2022-03-04 08:38:43 - [MESSAGE][PASSED] - Delayed 1 second(s)

2022-03-04 08:38:44 - [MESSAGE][PASSED] - Swiped from 360,853 to 360,142

2022-03-04 08:38:47 - [MESSAGE][PASSED] - Delayed 3 second(s)

2022-03-04 08:38:47 - [MESSAGE][PASSED] - startApp.OpenApp.terminateApplication is PASSED

2022-03-04 08:38:47 - [MESSAGE][PASSED] - Call Test Case 'Test Cases/Mobile/Page/Run App/Terminate App' successfully]]></system-out>
         <system-err><![CDATA[]]></system-err>
      </testcase>
      <testcase name="Test Cases/Mobile/Scenario/NavigationMenu/003 - Whatsapp message" time="68.399" classname="Test Cases/Mobile/Scenario/NavigationMenu/003 - Whatsapp message" status="PASSED">
         <system-out><![CDATA[2022-03-04 08:38:47 - [TEST_CASE][PASSED] - Test Cases/Mobile/Scenario/NavigationMenu/003 - Whatsapp message: Test Cases/Mobile/Scenario/NavigationMenu/003 - Whatsapp message

2022-03-04 08:38:47 - [TEST_STEP][PASSED] - callTestCase(findTestCase("Mobile/Page/Run App/Run App byID"), [:], STOP_ON_FAILURE): Call Test Case 'Test Cases/Mobile/Page/Run App/Run App byID' successfully

2022-03-04 08:38:47 - [TEST_CASE][PASSED] - Test Cases/Mobile/Page/Run App/Run App byID: Test Cases/Mobile/Page/Run App/Run App byID

2022-03-04 08:38:47 - [TEST_STEP][PASSED] - startApp.OpenApp.startApplication("id.co.miraeasset.sageclub"): startApp.OpenApp.startApplication is PASSED

2022-03-04 08:39:00 - [MESSAGE][PASSED] - Starting app with application ID: 'id.co.miraeasset.sageclub'

2022-03-04 08:39:00 - [MESSAGE][PASSED] - startApp.OpenApp.startApplication is PASSED

2022-03-04 08:39:00 - [MESSAGE][PASSED] - Call Test Case 'Test Cases/Mobile/Page/Run App/Run App byID' successfully

2022-03-04 08:39:00 - [TEST_STEP][PASSED] - callTestCase(findTestCase("Mobile/Page/NavigationMenu/NavigationMenu"), ["action":"wa"], CONTINUE_ON_FAILURE): Call Test Case 'Test Cases/Mobile/Page/NavigationMenu/NavigationMenu' successfully

2022-03-04 08:39:00 - [TEST_CASE][PASSED] - Test Cases/Mobile/Page/NavigationMenu/NavigationMenu: Test Cases/Mobile/Page/NavigationMenu/NavigationMenu

2022-03-04 08:39:00 - [TEST_STEP][PASSED] - callTestCase(findTestCase("Mobile/Page/CheckLogin"), [:], CONTINUE_ON_FAILURE): Call Test Case 'Test Cases/Mobile/Page/CheckLogin' successfully

2022-03-04 08:39:00 - [TEST_CASE][PASSED] - Test Cases/Mobile/Page/CheckLogin: Test Cases/Mobile/Page/CheckLogin

2022-03-04 08:39:00 - [TEST_STEP][PASSED] - loginCheck = verifyElementExist(LOGN_BtnLogin, 5, CONTINUE_ON_FAILURE): Element 'Object Repository/Mobile/Page/Login/Button - Login' is exist

2022-03-04 08:39:02 - [MESSAGE][PASSED] - Element 'Object Repository/Mobile/Page/Login/Button - Login' is exist

2022-03-04 08:39:02 - [TEST_STEP][PASSED] - if (loginCheck): Call Test Case 'Test Cases/Mobile/Page/Login/Login' successfully

2022-03-04 08:39:02 - [TEST_STEP][PASSED] - callTestCase(findTestCase("Mobile/Page/Login/Login"), ["action":"username"], CONTINUE_ON_FAILURE): Call Test Case 'Test Cases/Mobile/Page/Login/Login' successfully

2022-03-04 08:39:02 - [TEST_CASE][PASSED] - Test Cases/Mobile/Page/Login/Login: Test Cases/Mobile/Page/Login/Login

2022-03-04 08:39:02 - [TEST_STEP][PASSED] - delay(2): Delayed 2 second(s)

2022-03-04 08:39:04 - [MESSAGE][PASSED] - Delayed 2 second(s)

2022-03-04 08:39:04 - [TEST_STEP][PASSED] - for ([i = 0, i < 1, (i++)]): null

2022-03-04 08:39:04 - [TEST_STEP][PASSED] - if (action == "username"): null

2022-03-04 08:39:04 - [TEST_STEP][PASSED] - tap(LOGN_EdtUserID, 0): Tapped on element 'Object Repository/Mobile/Page/Login/Input - UserID'

2022-03-04 08:39:04 - [MESSAGE][WARNING] - Timeout '0' is invalid. Using default page load timeout: '60'

2022-03-04 08:39:05 - [MESSAGE][PASSED] - Tapped on element 'Object Repository/Mobile/Page/Login/Input - UserID'

2022-03-04 08:39:05 - [TEST_STEP][PASSED] - delay(1): Delayed 1 second(s)

2022-03-04 08:39:06 - [MESSAGE][PASSED] - Delayed 1 second(s)

2022-03-04 08:39:06 - [TEST_STEP][PASSED] - setText(LOGN_EdtRdyUserID, "anggaaditya", 0): Text 'anggaaditya' has been set to element 'Object Repository/Mobile/Page/Login/Input Rdy - UserID'

2022-03-04 08:39:06 - [MESSAGE][WARNING] - Timeout '0' is invalid. Using default page load timeout: '60'

2022-03-04 08:39:06 - [MESSAGE][PASSED] - Text 'anggaaditya' has been set to element 'Object Repository/Mobile/Page/Login/Input Rdy - UserID'

2022-03-04 08:39:06 - [TEST_STEP][PASSED] - delay(1): Delayed 1 second(s)

2022-03-04 08:39:07 - [MESSAGE][PASSED] - Delayed 1 second(s)

2022-03-04 08:39:07 - [TEST_STEP][PASSED] - hideKeyboard(): Keyboard is hidden

2022-03-04 08:39:11 - [MESSAGE][PASSED] - Keyboard is hidden

2022-03-04 08:39:11 - [TEST_STEP][PASSED] - tap(LOGN_EdtPassword, 0): Tapped on element 'Object Repository/Mobile/Page/Login/Input - Password'

2022-03-04 08:39:11 - [MESSAGE][WARNING] - Timeout '0' is invalid. Using default page load timeout: '60'

2022-03-04 08:39:12 - [MESSAGE][PASSED] - Tapped on element 'Object Repository/Mobile/Page/Login/Input - Password'

2022-03-04 08:39:12 - [TEST_STEP][PASSED] - delay(1): Delayed 1 second(s)

2022-03-04 08:39:13 - [MESSAGE][PASSED] - Delayed 1 second(s)

2022-03-04 08:39:13 - [TEST_STEP][PASSED] - setText(LOGN_EdtRdyPassword, "Shalawa18", 0): Text 'Shalawa18' has been set to element 'Object Repository/Mobile/Page/Login/Input Rdy - Password'

2022-03-04 08:39:13 - [MESSAGE][WARNING] - Timeout '0' is invalid. Using default page load timeout: '60'

2022-03-04 08:39:13 - [MESSAGE][PASSED] - Text 'Shalawa18' has been set to element 'Object Repository/Mobile/Page/Login/Input Rdy - Password'

2022-03-04 08:39:13 - [TEST_STEP][PASSED] - delay(1): Delayed 1 second(s)

2022-03-04 08:39:14 - [MESSAGE][PASSED] - Delayed 1 second(s)

2022-03-04 08:39:14 - [TEST_STEP][PASSED] - hideKeyboard(): Keyboard is hidden

2022-03-04 08:39:21 - [MESSAGE][PASSED] - Keyboard is hidden

2022-03-04 08:39:21 - [TEST_STEP][PASSED] - tap(LOGN_BtnLogin, 0): Tapped on element 'Object Repository/Mobile/Page/Login/Button - Login'

2022-03-04 08:39:21 - [MESSAGE][WARNING] - Timeout '0' is invalid. Using default page load timeout: '60'

2022-03-04 08:39:21 - [MESSAGE][PASSED] - Tapped on element 'Object Repository/Mobile/Page/Login/Button - Login'

2022-03-04 08:39:21 - [TEST_STEP][PASSED] - delay(2): Delayed 2 second(s)

2022-03-04 08:39:23 - [MESSAGE][PASSED] - Delayed 2 second(s)

2022-03-04 08:39:23 - [TEST_STEP][PASSED] - break: null

2022-03-04 08:39:23 - [MESSAGE][PASSED] - Call Test Case 'Test Cases/Mobile/Page/Login/Login' successfully

2022-03-04 08:39:23 - [MESSAGE][PASSED] - Call Test Case 'Test Cases/Mobile/Page/CheckLogin' successfully

2022-03-04 08:39:23 - [TEST_STEP][PASSED] - delay(3): Delayed 3 second(s)

2022-03-04 08:39:26 - [MESSAGE][PASSED] - Delayed 3 second(s)

2022-03-04 08:39:26 - [TEST_STEP][PASSED] - scroll.scroll.scrollScreenLeftToRight(): scroll.scroll.scrollScreenLeftToRight is PASSED

2022-03-04 08:39:26 - [MESSAGE][PASSED] - Current device physical height is 1423

2022-03-04 08:39:27 - [MESSAGE][PASSED] - Current device physical width is 720

2022-03-04 08:39:27 - [MESSAGE][PASSED] - Current device physical height is 1423

2022-03-04 08:39:28 - [MESSAGE][PASSED] - Swiped from 10,711 to 710,711

2022-03-04 08:39:28 - [MESSAGE][PASSED] - scroll.scroll.scrollScreenLeftToRight is PASSED

2022-03-04 08:39:28 - [TEST_STEP][PASSED] - delay(1): Delayed 1 second(s)

2022-03-04 08:39:29 - [MESSAGE][PASSED] - Delayed 1 second(s)

2022-03-04 08:39:29 - [TEST_STEP][PASSED] - for ([i = 0, i < 1, (i++)]): Delayed 2 second(s)

2022-03-04 08:39:29 - [TEST_STEP][PASSED] - if (action == "downloadtaxreport"): null

2022-03-04 08:39:29 - [TEST_STEP][PASSED] - else if (action == "analyzeprofile"): null

2022-03-04 08:39:29 - [TEST_STEP][PASSED] - else if (action == "wa"): Delayed 2 second(s)

2022-03-04 08:39:29 - [TEST_STEP][PASSED] - tap(NAVM_BtnWhatsapp, 0): Tapped on element 'Object Repository/Mobile/Page/NavigationMenu/Button - Whatsapp'

2022-03-04 08:39:29 - [MESSAGE][WARNING] - Timeout '0' is invalid. Using default page load timeout: '60'

2022-03-04 08:39:31 - [MESSAGE][PASSED] - Tapped on element 'Object Repository/Mobile/Page/NavigationMenu/Button - Whatsapp'

2022-03-04 08:39:31 - [TEST_STEP][PASSED] - delay(2): Delayed 2 second(s)

2022-03-04 08:39:33 - [MESSAGE][PASSED] - Delayed 2 second(s)

2022-03-04 08:39:33 - [MESSAGE][PASSED] - Call Test Case 'Test Cases/Mobile/Page/NavigationMenu/NavigationMenu' successfully

2022-03-04 08:39:33 - [TEST_STEP][PASSED] - callTestCase(findTestCase("Mobile/Page/Run App/Terminate App"), [:], STOP_ON_FAILURE): Call Test Case 'Test Cases/Mobile/Page/Run App/Terminate App' successfully

2022-03-04 08:39:33 - [TEST_CASE][PASSED] - Test Cases/Mobile/Page/Run App/Terminate App: Test Cases/Mobile/Page/Run App/Terminate App

2022-03-04 08:39:33 - [TEST_STEP][PASSED] - startApp.OpenApp.terminateApplication(): startApp.OpenApp.terminateApplication is PASSED

2022-03-04 08:39:38 - [MESSAGE][PASSED] - Delayed 3 second(s)

2022-03-04 08:39:38 - [MESSAGE][PASSED] - Current device physical width is 720

2022-03-04 08:39:38 - [MESSAGE][PASSED] - Current device physical height is 1423

2022-03-04 08:39:40 - [MESSAGE][PASSED] - Swiped from 360,853 to 360,142

2022-03-04 08:39:41 - [MESSAGE][PASSED] - Delayed 1 second(s)

2022-03-04 08:39:42 - [MESSAGE][PASSED] - Swiped from 360,853 to 360,142

2022-03-04 08:39:45 - [MESSAGE][PASSED] - Delayed 3 second(s)

2022-03-04 08:39:45 - [MESSAGE][PASSED] - startApp.OpenApp.terminateApplication is PASSED

2022-03-04 08:39:45 - [MESSAGE][PASSED] - Call Test Case 'Test Cases/Mobile/Page/Run App/Terminate App' successfully

2022-03-04 08:39:45 - [TEST_STEP][PASSED] - callTestCase(findTestCase("Mobile/Page/Run App/Terminate App"), [:], STOP_ON_FAILURE): Call Test Case 'Test Cases/Mobile/Page/Run App/Terminate App' successfully

2022-03-04 08:39:45 - [TEST_CASE][PASSED] - Test Cases/Mobile/Page/Run App/Terminate App: Test Cases/Mobile/Page/Run App/Terminate App

2022-03-04 08:39:45 - [TEST_STEP][PASSED] - startApp.OpenApp.terminateApplication(): startApp.OpenApp.terminateApplication is PASSED

2022-03-04 08:39:48 - [MESSAGE][PASSED] - Delayed 3 second(s)

2022-03-04 08:39:48 - [MESSAGE][PASSED] - Current device physical width is 720

2022-03-04 08:39:49 - [MESSAGE][PASSED] - Current device physical height is 1423

2022-03-04 08:39:50 - [MESSAGE][PASSED] - Swiped from 360,853 to 360,142

2022-03-04 08:39:51 - [MESSAGE][PASSED] - Delayed 1 second(s)

2022-03-04 08:39:52 - [MESSAGE][PASSED] - Swiped from 360,853 to 360,142

2022-03-04 08:39:55 - [MESSAGE][PASSED] - Delayed 3 second(s)

2022-03-04 08:39:55 - [MESSAGE][PASSED] - startApp.OpenApp.terminateApplication is PASSED

2022-03-04 08:39:55 - [MESSAGE][PASSED] - Call Test Case 'Test Cases/Mobile/Page/Run App/Terminate App' successfully]]></system-out>
         <system-err><![CDATA[]]></system-err>
      </testcase>
      <testcase name="Test Cases/Mobile/Scenario/NavigationMenu/004 - Email button" time="69.554" classname="Test Cases/Mobile/Scenario/NavigationMenu/004 - Email button" status="PASSED">
         <system-out><![CDATA[2022-03-04 08:39:55 - [TEST_CASE][PASSED] - Test Cases/Mobile/Scenario/NavigationMenu/004 - Email button: Test Cases/Mobile/Scenario/NavigationMenu/004 - Email button

2022-03-04 08:39:56 - [TEST_STEP][PASSED] - callTestCase(findTestCase("Mobile/Page/Run App/Run App byID"), [:], STOP_ON_FAILURE): Call Test Case 'Test Cases/Mobile/Page/Run App/Run App byID' successfully

2022-03-04 08:39:56 - [TEST_CASE][PASSED] - Test Cases/Mobile/Page/Run App/Run App byID: Test Cases/Mobile/Page/Run App/Run App byID

2022-03-04 08:39:56 - [TEST_STEP][PASSED] - startApp.OpenApp.startApplication("id.co.miraeasset.sageclub"): startApp.OpenApp.startApplication is PASSED

2022-03-04 08:40:10 - [MESSAGE][PASSED] - Starting app with application ID: 'id.co.miraeasset.sageclub'

2022-03-04 08:40:10 - [MESSAGE][PASSED] - startApp.OpenApp.startApplication is PASSED

2022-03-04 08:40:10 - [MESSAGE][PASSED] - Call Test Case 'Test Cases/Mobile/Page/Run App/Run App byID' successfully

2022-03-04 08:40:10 - [TEST_STEP][PASSED] - callTestCase(findTestCase("Mobile/Page/NavigationMenu/NavigationMenu"), ["action":"email"], CONTINUE_ON_FAILURE): Call Test Case 'Test Cases/Mobile/Page/NavigationMenu/NavigationMenu' successfully

2022-03-04 08:40:10 - [TEST_CASE][PASSED] - Test Cases/Mobile/Page/NavigationMenu/NavigationMenu: Test Cases/Mobile/Page/NavigationMenu/NavigationMenu

2022-03-04 08:40:10 - [TEST_STEP][PASSED] - callTestCase(findTestCase("Mobile/Page/CheckLogin"), [:], CONTINUE_ON_FAILURE): Call Test Case 'Test Cases/Mobile/Page/CheckLogin' successfully

2022-03-04 08:40:10 - [TEST_CASE][PASSED] - Test Cases/Mobile/Page/CheckLogin: Test Cases/Mobile/Page/CheckLogin

2022-03-04 08:40:10 - [TEST_STEP][PASSED] - loginCheck = verifyElementExist(LOGN_BtnLogin, 5, CONTINUE_ON_FAILURE): Element 'Object Repository/Mobile/Page/Login/Button - Login' is exist

2022-03-04 08:40:12 - [MESSAGE][PASSED] - Element 'Object Repository/Mobile/Page/Login/Button - Login' is exist

2022-03-04 08:40:12 - [TEST_STEP][PASSED] - if (loginCheck): Call Test Case 'Test Cases/Mobile/Page/Login/Login' successfully

2022-03-04 08:40:12 - [TEST_STEP][PASSED] - callTestCase(findTestCase("Mobile/Page/Login/Login"), ["action":"username"], CONTINUE_ON_FAILURE): Call Test Case 'Test Cases/Mobile/Page/Login/Login' successfully

2022-03-04 08:40:12 - [TEST_CASE][PASSED] - Test Cases/Mobile/Page/Login/Login: Test Cases/Mobile/Page/Login/Login

2022-03-04 08:40:12 - [TEST_STEP][PASSED] - delay(2): Delayed 2 second(s)

2022-03-04 08:40:14 - [MESSAGE][PASSED] - Delayed 2 second(s)

2022-03-04 08:40:14 - [TEST_STEP][PASSED] - for ([i = 0, i < 1, (i++)]): null

2022-03-04 08:40:14 - [TEST_STEP][PASSED] - if (action == "username"): null

2022-03-04 08:40:14 - [TEST_STEP][PASSED] - tap(LOGN_EdtUserID, 0): Tapped on element 'Object Repository/Mobile/Page/Login/Input - UserID'

2022-03-04 08:40:14 - [MESSAGE][WARNING] - Timeout '0' is invalid. Using default page load timeout: '60'

2022-03-04 08:40:15 - [MESSAGE][PASSED] - Tapped on element 'Object Repository/Mobile/Page/Login/Input - UserID'

2022-03-04 08:40:15 - [TEST_STEP][PASSED] - delay(1): Delayed 1 second(s)

2022-03-04 08:40:16 - [MESSAGE][PASSED] - Delayed 1 second(s)

2022-03-04 08:40:16 - [TEST_STEP][PASSED] - setText(LOGN_EdtRdyUserID, "anggaaditya", 0): Text 'anggaaditya' has been set to element 'Object Repository/Mobile/Page/Login/Input Rdy - UserID'

2022-03-04 08:40:16 - [MESSAGE][WARNING] - Timeout '0' is invalid. Using default page load timeout: '60'

2022-03-04 08:40:17 - [MESSAGE][PASSED] - Text 'anggaaditya' has been set to element 'Object Repository/Mobile/Page/Login/Input Rdy - UserID'

2022-03-04 08:40:17 - [TEST_STEP][PASSED] - delay(1): Delayed 1 second(s)

2022-03-04 08:40:18 - [MESSAGE][PASSED] - Delayed 1 second(s)

2022-03-04 08:40:18 - [TEST_STEP][PASSED] - hideKeyboard(): Keyboard is hidden

2022-03-04 08:40:22 - [MESSAGE][PASSED] - Keyboard is hidden

2022-03-04 08:40:22 - [TEST_STEP][PASSED] - tap(LOGN_EdtPassword, 0): Tapped on element 'Object Repository/Mobile/Page/Login/Input - Password'

2022-03-04 08:40:22 - [MESSAGE][WARNING] - Timeout '0' is invalid. Using default page load timeout: '60'

2022-03-04 08:40:22 - [MESSAGE][PASSED] - Tapped on element 'Object Repository/Mobile/Page/Login/Input - Password'

2022-03-04 08:40:22 - [TEST_STEP][PASSED] - delay(1): Delayed 1 second(s)

2022-03-04 08:40:23 - [MESSAGE][PASSED] - Delayed 1 second(s)

2022-03-04 08:40:23 - [TEST_STEP][PASSED] - setText(LOGN_EdtRdyPassword, "Shalawa18", 0): Text 'Shalawa18' has been set to element 'Object Repository/Mobile/Page/Login/Input Rdy - Password'

2022-03-04 08:40:23 - [MESSAGE][WARNING] - Timeout '0' is invalid. Using default page load timeout: '60'

2022-03-04 08:40:24 - [MESSAGE][PASSED] - Text 'Shalawa18' has been set to element 'Object Repository/Mobile/Page/Login/Input Rdy - Password'

2022-03-04 08:40:24 - [TEST_STEP][PASSED] - delay(1): Delayed 1 second(s)

2022-03-04 08:40:25 - [MESSAGE][PASSED] - Delayed 1 second(s)

2022-03-04 08:40:25 - [TEST_STEP][PASSED] - hideKeyboard(): Keyboard is hidden

2022-03-04 08:40:32 - [MESSAGE][PASSED] - Keyboard is hidden

2022-03-04 08:40:32 - [TEST_STEP][PASSED] - tap(LOGN_BtnLogin, 0): Tapped on element 'Object Repository/Mobile/Page/Login/Button - Login'

2022-03-04 08:40:32 - [MESSAGE][WARNING] - Timeout '0' is invalid. Using default page load timeout: '60'

2022-03-04 08:40:33 - [MESSAGE][PASSED] - Tapped on element 'Object Repository/Mobile/Page/Login/Button - Login'

2022-03-04 08:40:33 - [TEST_STEP][PASSED] - delay(2): Delayed 2 second(s)

2022-03-04 08:40:35 - [MESSAGE][PASSED] - Delayed 2 second(s)

2022-03-04 08:40:35 - [TEST_STEP][PASSED] - break: null

2022-03-04 08:40:35 - [MESSAGE][PASSED] - Call Test Case 'Test Cases/Mobile/Page/Login/Login' successfully

2022-03-04 08:40:35 - [MESSAGE][PASSED] - Call Test Case 'Test Cases/Mobile/Page/CheckLogin' successfully

2022-03-04 08:40:35 - [TEST_STEP][PASSED] - delay(3): Delayed 3 second(s)

2022-03-04 08:40:38 - [MESSAGE][PASSED] - Delayed 3 second(s)

2022-03-04 08:40:38 - [TEST_STEP][PASSED] - scroll.scroll.scrollScreenLeftToRight(): scroll.scroll.scrollScreenLeftToRight is PASSED

2022-03-04 08:40:38 - [MESSAGE][PASSED] - Current device physical height is 1423

2022-03-04 08:40:38 - [MESSAGE][PASSED] - Current device physical width is 720

2022-03-04 08:40:38 - [MESSAGE][PASSED] - Current device physical height is 1423

2022-03-04 08:40:40 - [MESSAGE][PASSED] - Swiped from 10,711 to 710,711

2022-03-04 08:40:40 - [MESSAGE][PASSED] - scroll.scroll.scrollScreenLeftToRight is PASSED

2022-03-04 08:40:40 - [TEST_STEP][PASSED] - delay(1): Delayed 1 second(s)

2022-03-04 08:40:41 - [MESSAGE][PASSED] - Delayed 1 second(s)

2022-03-04 08:40:41 - [TEST_STEP][PASSED] - for ([i = 0, i < 1, (i++)]): Delayed 2 second(s)

2022-03-04 08:40:41 - [TEST_STEP][PASSED] - if (action == "downloadtaxreport"): null

2022-03-04 08:40:41 - [TEST_STEP][PASSED] - else if (action == "analyzeprofile"): null

2022-03-04 08:40:41 - [TEST_STEP][PASSED] - else if (action == "wa"): null

2022-03-04 08:40:41 - [TEST_STEP][PASSED] - else if (action == "email"): Delayed 2 second(s)

2022-03-04 08:40:41 - [TEST_STEP][PASSED] - tap(NAVM_BtnEmail, 0): Tapped on element 'Object Repository/Mobile/Page/NavigationMenu/Button - Email'

2022-03-04 08:40:41 - [MESSAGE][WARNING] - Timeout '0' is invalid. Using default page load timeout: '60'

2022-03-04 08:40:41 - [MESSAGE][PASSED] - Tapped on element 'Object Repository/Mobile/Page/NavigationMenu/Button - Email'

2022-03-04 08:40:41 - [TEST_STEP][PASSED] - delay(2): Delayed 2 second(s)

2022-03-04 08:40:43 - [MESSAGE][PASSED] - Delayed 2 second(s)

2022-03-04 08:40:43 - [MESSAGE][PASSED] - Call Test Case 'Test Cases/Mobile/Page/NavigationMenu/NavigationMenu' successfully

2022-03-04 08:40:43 - [TEST_STEP][PASSED] - callTestCase(findTestCase("Mobile/Page/Run App/Terminate App"), [:], STOP_ON_FAILURE): Call Test Case 'Test Cases/Mobile/Page/Run App/Terminate App' successfully

2022-03-04 08:40:43 - [TEST_CASE][PASSED] - Test Cases/Mobile/Page/Run App/Terminate App: Test Cases/Mobile/Page/Run App/Terminate App

2022-03-04 08:40:43 - [TEST_STEP][PASSED] - startApp.OpenApp.terminateApplication(): startApp.OpenApp.terminateApplication is PASSED

2022-03-04 08:40:48 - [MESSAGE][PASSED] - Delayed 3 second(s)

2022-03-04 08:40:48 - [MESSAGE][PASSED] - Current device physical width is 720

2022-03-04 08:40:48 - [MESSAGE][PASSED] - Current device physical height is 1423

2022-03-04 08:40:49 - [MESSAGE][PASSED] - Swiped from 360,853 to 360,142

2022-03-04 08:40:50 - [MESSAGE][PASSED] - Delayed 1 second(s)

2022-03-04 08:40:52 - [MESSAGE][PASSED] - Swiped from 360,853 to 360,142

2022-03-04 08:40:55 - [MESSAGE][PASSED] - Delayed 3 second(s)

2022-03-04 08:40:55 - [MESSAGE][PASSED] - startApp.OpenApp.terminateApplication is PASSED

2022-03-04 08:40:55 - [MESSAGE][PASSED] - Call Test Case 'Test Cases/Mobile/Page/Run App/Terminate App' successfully

2022-03-04 08:40:55 - [TEST_STEP][PASSED] - callTestCase(findTestCase("Mobile/Page/Run App/Terminate App"), [:], STOP_ON_FAILURE): Call Test Case 'Test Cases/Mobile/Page/Run App/Terminate App' successfully

2022-03-04 08:40:55 - [TEST_CASE][PASSED] - Test Cases/Mobile/Page/Run App/Terminate App: Test Cases/Mobile/Page/Run App/Terminate App

2022-03-04 08:40:55 - [TEST_STEP][PASSED] - startApp.OpenApp.terminateApplication(): startApp.OpenApp.terminateApplication is PASSED

2022-03-04 08:40:58 - [MESSAGE][PASSED] - Delayed 3 second(s)

2022-03-04 08:40:58 - [MESSAGE][PASSED] - Current device physical width is 720

2022-03-04 08:40:58 - [MESSAGE][PASSED] - Current device physical height is 1423

2022-03-04 08:41:00 - [MESSAGE][PASSED] - Swiped from 360,853 to 360,142

2022-03-04 08:41:01 - [MESSAGE][PASSED] - Delayed 1 second(s)

2022-03-04 08:41:02 - [MESSAGE][PASSED] - Swiped from 360,853 to 360,142

2022-03-04 08:41:05 - [MESSAGE][PASSED] - Delayed 3 second(s)

2022-03-04 08:41:05 - [MESSAGE][PASSED] - startApp.OpenApp.terminateApplication is PASSED

2022-03-04 08:41:05 - [MESSAGE][PASSED] - Call Test Case 'Test Cases/Mobile/Page/Run App/Terminate App' successfully]]></system-out>
         <system-err><![CDATA[]]></system-err>
      </testcase>
      <testcase name="Test Cases/Mobile/Scenario/NavigationMenu/005 - Settings" time="93.133" classname="Test Cases/Mobile/Scenario/NavigationMenu/005 - Settings" status="PASSED">
         <system-out><![CDATA[2022-03-04 08:41:05 - [TEST_CASE][PASSED] - Test Cases/Mobile/Scenario/NavigationMenu/005 - Settings: Test Cases/Mobile/Scenario/NavigationMenu/005 - Settings

2022-03-04 08:41:05 - [TEST_STEP][PASSED] - callTestCase(findTestCase("Mobile/Page/Run App/Run App byID"), [:], STOP_ON_FAILURE): Call Test Case 'Test Cases/Mobile/Page/Run App/Run App byID' successfully

2022-03-04 08:41:05 - [TEST_CASE][PASSED] - Test Cases/Mobile/Page/Run App/Run App byID: Test Cases/Mobile/Page/Run App/Run App byID

2022-03-04 08:41:05 - [TEST_STEP][PASSED] - startApp.OpenApp.startApplication("id.co.miraeasset.sageclub"): startApp.OpenApp.startApplication is PASSED

2022-03-04 08:41:19 - [MESSAGE][PASSED] - Starting app with application ID: 'id.co.miraeasset.sageclub'

2022-03-04 08:41:19 - [MESSAGE][PASSED] - startApp.OpenApp.startApplication is PASSED

2022-03-04 08:41:19 - [MESSAGE][PASSED] - Call Test Case 'Test Cases/Mobile/Page/Run App/Run App byID' successfully

2022-03-04 08:41:19 - [TEST_STEP][PASSED] - callTestCase(findTestCase("Mobile/Page/NavigationMenu/NavigationMenu"), ["action":"setting"], CONTINUE_ON_FAILURE): Call Test Case 'Test Cases/Mobile/Page/NavigationMenu/NavigationMenu' successfully

2022-03-04 08:41:19 - [TEST_CASE][PASSED] - Test Cases/Mobile/Page/NavigationMenu/NavigationMenu: Test Cases/Mobile/Page/NavigationMenu/NavigationMenu

2022-03-04 08:41:19 - [TEST_STEP][PASSED] - callTestCase(findTestCase("Mobile/Page/CheckLogin"), [:], CONTINUE_ON_FAILURE): Call Test Case 'Test Cases/Mobile/Page/CheckLogin' successfully

2022-03-04 08:41:20 - [TEST_CASE][PASSED] - Test Cases/Mobile/Page/CheckLogin: Test Cases/Mobile/Page/CheckLogin

2022-03-04 08:41:20 - [TEST_STEP][PASSED] - loginCheck = verifyElementExist(LOGN_BtnLogin, 5, CONTINUE_ON_FAILURE): Element 'Object Repository/Mobile/Page/Login/Button - Login' is exist

2022-03-04 08:41:21 - [MESSAGE][PASSED] - Element 'Object Repository/Mobile/Page/Login/Button - Login' is exist

2022-03-04 08:41:21 - [TEST_STEP][PASSED] - if (loginCheck): Call Test Case 'Test Cases/Mobile/Page/Login/Login' successfully

2022-03-04 08:41:21 - [TEST_STEP][PASSED] - callTestCase(findTestCase("Mobile/Page/Login/Login"), ["action":"username"], CONTINUE_ON_FAILURE): Call Test Case 'Test Cases/Mobile/Page/Login/Login' successfully

2022-03-04 08:41:21 - [TEST_CASE][PASSED] - Test Cases/Mobile/Page/Login/Login: Test Cases/Mobile/Page/Login/Login

2022-03-04 08:41:21 - [TEST_STEP][PASSED] - delay(2): Delayed 2 second(s)

2022-03-04 08:41:23 - [MESSAGE][PASSED] - Delayed 2 second(s)

2022-03-04 08:41:24 - [TEST_STEP][PASSED] - for ([i = 0, i < 1, (i++)]): null

2022-03-04 08:41:24 - [TEST_STEP][PASSED] - if (action == "username"): null

2022-03-04 08:41:24 - [TEST_STEP][PASSED] - tap(LOGN_EdtUserID, 0): Tapped on element 'Object Repository/Mobile/Page/Login/Input - UserID'

2022-03-04 08:41:24 - [MESSAGE][WARNING] - Timeout '0' is invalid. Using default page load timeout: '60'

2022-03-04 08:41:24 - [MESSAGE][PASSED] - Tapped on element 'Object Repository/Mobile/Page/Login/Input - UserID'

2022-03-04 08:41:24 - [TEST_STEP][PASSED] - delay(1): Delayed 1 second(s)

2022-03-04 08:41:25 - [MESSAGE][PASSED] - Delayed 1 second(s)

2022-03-04 08:41:25 - [TEST_STEP][PASSED] - setText(LOGN_EdtRdyUserID, "anggaaditya", 0): Text 'anggaaditya' has been set to element 'Object Repository/Mobile/Page/Login/Input Rdy - UserID'

2022-03-04 08:41:25 - [MESSAGE][WARNING] - Timeout '0' is invalid. Using default page load timeout: '60'

2022-03-04 08:41:26 - [MESSAGE][PASSED] - Text 'anggaaditya' has been set to element 'Object Repository/Mobile/Page/Login/Input Rdy - UserID'

2022-03-04 08:41:26 - [TEST_STEP][PASSED] - delay(1): Delayed 1 second(s)

2022-03-04 08:41:27 - [MESSAGE][PASSED] - Delayed 1 second(s)

2022-03-04 08:41:27 - [TEST_STEP][PASSED] - hideKeyboard(): Keyboard is hidden

2022-03-04 08:41:31 - [MESSAGE][PASSED] - Keyboard is hidden

2022-03-04 08:41:31 - [TEST_STEP][PASSED] - tap(LOGN_EdtPassword, 0): Tapped on element 'Object Repository/Mobile/Page/Login/Input - Password'

2022-03-04 08:41:31 - [MESSAGE][WARNING] - Timeout '0' is invalid. Using default page load timeout: '60'

2022-03-04 08:41:32 - [MESSAGE][PASSED] - Tapped on element 'Object Repository/Mobile/Page/Login/Input - Password'

2022-03-04 08:41:32 - [TEST_STEP][PASSED] - delay(1): Delayed 1 second(s)

2022-03-04 08:41:33 - [MESSAGE][PASSED] - Delayed 1 second(s)

2022-03-04 08:41:33 - [TEST_STEP][PASSED] - setText(LOGN_EdtRdyPassword, "Shalawa18", 0): Text 'Shalawa18' has been set to element 'Object Repository/Mobile/Page/Login/Input Rdy - Password'

2022-03-04 08:41:33 - [MESSAGE][WARNING] - Timeout '0' is invalid. Using default page load timeout: '60'

2022-03-04 08:41:33 - [MESSAGE][PASSED] - Text 'Shalawa18' has been set to element 'Object Repository/Mobile/Page/Login/Input Rdy - Password'

2022-03-04 08:41:33 - [TEST_STEP][PASSED] - delay(1): Delayed 1 second(s)

2022-03-04 08:41:34 - [MESSAGE][PASSED] - Delayed 1 second(s)

2022-03-04 08:41:34 - [TEST_STEP][PASSED] - hideKeyboard(): Keyboard is hidden

2022-03-04 08:41:41 - [MESSAGE][PASSED] - Keyboard is hidden

2022-03-04 08:41:41 - [TEST_STEP][PASSED] - tap(LOGN_BtnLogin, 0): Tapped on element 'Object Repository/Mobile/Page/Login/Button - Login'

2022-03-04 08:41:41 - [MESSAGE][WARNING] - Timeout '0' is invalid. Using default page load timeout: '60'

2022-03-04 08:41:42 - [MESSAGE][PASSED] - Tapped on element 'Object Repository/Mobile/Page/Login/Button - Login'

2022-03-04 08:41:42 - [TEST_STEP][PASSED] - delay(2): Delayed 2 second(s)

2022-03-04 08:41:44 - [MESSAGE][PASSED] - Delayed 2 second(s)

2022-03-04 08:41:44 - [TEST_STEP][PASSED] - break: null

2022-03-04 08:41:44 - [MESSAGE][PASSED] - Call Test Case 'Test Cases/Mobile/Page/Login/Login' successfully

2022-03-04 08:41:44 - [MESSAGE][PASSED] - Call Test Case 'Test Cases/Mobile/Page/CheckLogin' successfully

2022-03-04 08:41:44 - [TEST_STEP][PASSED] - delay(3): Delayed 3 second(s)

2022-03-04 08:41:47 - [MESSAGE][PASSED] - Delayed 3 second(s)

2022-03-04 08:41:47 - [TEST_STEP][PASSED] - scroll.scroll.scrollScreenLeftToRight(): scroll.scroll.scrollScreenLeftToRight is PASSED

2022-03-04 08:41:47 - [MESSAGE][PASSED] - Current device physical height is 1423

2022-03-04 08:41:47 - [MESSAGE][PASSED] - Current device physical width is 720

2022-03-04 08:41:47 - [MESSAGE][PASSED] - Current device physical height is 1423

2022-03-04 08:41:49 - [MESSAGE][PASSED] - Swiped from 10,711 to 710,711

2022-03-04 08:41:49 - [MESSAGE][PASSED] - scroll.scroll.scrollScreenLeftToRight is PASSED

2022-03-04 08:41:49 - [TEST_STEP][PASSED] - delay(1): Delayed 1 second(s)

2022-03-04 08:41:50 - [MESSAGE][PASSED] - Delayed 1 second(s)

2022-03-04 08:41:50 - [TEST_STEP][PASSED] - for ([i = 0, i < 1, (i++)]): Delayed 1 second(s)

2022-03-04 08:41:50 - [TEST_STEP][PASSED] - if (action == "downloadtaxreport"): null

2022-03-04 08:41:50 - [TEST_STEP][PASSED] - else if (action == "analyzeprofile"): null

2022-03-04 08:41:50 - [TEST_STEP][PASSED] - else if (action == "wa"): null

2022-03-04 08:41:50 - [TEST_STEP][PASSED] - else if (action == "email"): null

2022-03-04 08:41:50 - [TEST_STEP][PASSED] - else if (action == "setting"): Delayed 1 second(s)

2022-03-04 08:41:50 - [TEST_STEP][PASSED] - setting = NAVM_BtnSettings: null

2022-03-04 08:41:50 - [TEST_STEP][PASSED] - top = getElementTopPosition(setting, 0): Object 'Object Repository/Mobile/Page/NavigationMenu/Button - Settings' has top position '816'

2022-03-04 08:41:50 - [MESSAGE][WARNING] - Timeout '0' is invalid. Using default page load timeout: '60'

2022-03-04 08:41:50 - [MESSAGE][PASSED] - Object 'Object Repository/Mobile/Page/NavigationMenu/Button - Settings' has top position '816'

2022-03-04 08:41:50 - [TEST_STEP][PASSED] - y = getElementHeight(setting, 0) * 0.8 + top: Object 'Object Repository/Mobile/Page/NavigationMenu/Button - Settings' has height: '98'

2022-03-04 08:41:50 - [MESSAGE][WARNING] - Timeout '0' is invalid. Using default page load timeout: '60'

2022-03-04 08:41:51 - [MESSAGE][PASSED] - Object 'Object Repository/Mobile/Page/NavigationMenu/Button - Settings' has height: '98'

2022-03-04 08:41:51 - [TEST_STEP][PASSED] - x = getDeviceWidth() * 0.2: Current device physical width is 720

2022-03-04 08:41:51 - [MESSAGE][PASSED] - Current device physical width is 720

2022-03-04 08:41:51 - [TEST_STEP][PASSED] - tapAtPosition(x, y): Tapped at [144, 894]

2022-03-04 08:41:52 - [MESSAGE][PASSED] - Tapped at [144, 894]

2022-03-04 08:41:52 - [TEST_STEP][PASSED] - delay(1): Delayed 1 second(s)

2022-03-04 08:41:53 - [MESSAGE][PASSED] - Delayed 1 second(s)

2022-03-04 08:41:53 - [TEST_STEP][PASSED] - tap(NAVM_SETT_DropGain, 0): Tapped on element 'Object Repository/Mobile/Page/NavigationMenu/Settings/Dropdown - Gain'

2022-03-04 08:41:53 - [MESSAGE][WARNING] - Timeout '0' is invalid. Using default page load timeout: '60'

2022-03-04 08:41:53 - [MESSAGE][PASSED] - Tapped on element 'Object Repository/Mobile/Page/NavigationMenu/Settings/Dropdown - Gain'

2022-03-04 08:41:53 - [TEST_STEP][PASSED] - delay(1): Delayed 1 second(s)

2022-03-04 08:41:54 - [MESSAGE][PASSED] - Delayed 1 second(s)

2022-03-04 08:41:54 - [TEST_STEP][PASSED] - tap(NAVM_SETT_OptGain5, 0): Tapped on element 'Object Repository/Mobile/Page/NavigationMenu/Settings/Option Alert - 5'

2022-03-04 08:41:54 - [MESSAGE][WARNING] - Timeout '0' is invalid. Using default page load timeout: '60'

2022-03-04 08:41:55 - [MESSAGE][PASSED] - Tapped on element 'Object Repository/Mobile/Page/NavigationMenu/Settings/Option Alert - 5'

2022-03-04 08:41:55 - [TEST_STEP][PASSED] - delay(1): Delayed 1 second(s)

2022-03-04 08:41:56 - [MESSAGE][PASSED] - Delayed 1 second(s)

2022-03-04 08:41:56 - [TEST_STEP][PASSED] - tap(NAVM_SETT_SwitchGain, 0): Tapped on element 'Object Repository/Mobile/Page/NavigationMenu/Settings/Switch - Gain'

2022-03-04 08:41:56 - [MESSAGE][WARNING] - Timeout '0' is invalid. Using default page load timeout: '60'

2022-03-04 08:41:57 - [MESSAGE][PASSED] - Tapped on element 'Object Repository/Mobile/Page/NavigationMenu/Settings/Switch - Gain'

2022-03-04 08:41:57 - [TEST_STEP][PASSED] - delay(1): Delayed 1 second(s)

2022-03-04 08:41:58 - [MESSAGE][PASSED] - Delayed 1 second(s)

2022-03-04 08:41:58 - [TEST_STEP][PASSED] - tap(NAVM_SETT_SwitchGain, 0): Tapped on element 'Object Repository/Mobile/Page/NavigationMenu/Settings/Switch - Gain'

2022-03-04 08:41:58 - [MESSAGE][WARNING] - Timeout '0' is invalid. Using default page load timeout: '60'

2022-03-04 08:41:59 - [MESSAGE][PASSED] - Tapped on element 'Object Repository/Mobile/Page/NavigationMenu/Settings/Switch - Gain'

2022-03-04 08:41:59 - [TEST_STEP][PASSED] - delay(1): Delayed 1 second(s)

2022-03-04 08:42:00 - [MESSAGE][PASSED] - Delayed 1 second(s)

2022-03-04 08:42:00 - [TEST_STEP][PASSED] - tap(NAVM_SETT_DropLoss, 0): Tapped on element 'Object Repository/Mobile/Page/NavigationMenu/Settings/Dropdown - Loss'

2022-03-04 08:42:00 - [MESSAGE][WARNING] - Timeout '0' is invalid. Using default page load timeout: '60'

2022-03-04 08:42:01 - [MESSAGE][PASSED] - Tapped on element 'Object Repository/Mobile/Page/NavigationMenu/Settings/Dropdown - Loss'

2022-03-04 08:42:01 - [TEST_STEP][PASSED] - delay(1): Delayed 1 second(s)

2022-03-04 08:42:02 - [MESSAGE][PASSED] - Delayed 1 second(s)

2022-03-04 08:42:02 - [TEST_STEP][PASSED] - tap(NAVM_SETT_OptLoss5, 0): Tapped on element 'Object Repository/Mobile/Page/NavigationMenu/Settings/Option Alert - 5'

2022-03-04 08:42:02 - [MESSAGE][WARNING] - Timeout '0' is invalid. Using default page load timeout: '60'

2022-03-04 08:42:03 - [MESSAGE][PASSED] - Tapped on element 'Object Repository/Mobile/Page/NavigationMenu/Settings/Option Alert - 5'

2022-03-04 08:42:03 - [TEST_STEP][PASSED] - delay(1): Delayed 1 second(s)

2022-03-04 08:42:04 - [MESSAGE][PASSED] - Delayed 1 second(s)

2022-03-04 08:42:04 - [TEST_STEP][PASSED] - tap(NAVM_SETT_SwitchLoss, 0): Tapped on element 'Object Repository/Mobile/Page/NavigationMenu/Settings/Switch - Loss'

2022-03-04 08:42:04 - [MESSAGE][WARNING] - Timeout '0' is invalid. Using default page load timeout: '60'

2022-03-04 08:42:05 - [MESSAGE][PASSED] - Tapped on element 'Object Repository/Mobile/Page/NavigationMenu/Settings/Switch - Loss'

2022-03-04 08:42:05 - [TEST_STEP][PASSED] - delay(1): Delayed 1 second(s)

2022-03-04 08:42:06 - [MESSAGE][PASSED] - Delayed 1 second(s)

2022-03-04 08:42:06 - [TEST_STEP][PASSED] - tap(NAVM_SETT_SwitchLoss, 0): Tapped on element 'Object Repository/Mobile/Page/NavigationMenu/Settings/Switch - Loss'

2022-03-04 08:42:06 - [MESSAGE][WARNING] - Timeout '0' is invalid. Using default page load timeout: '60'

2022-03-04 08:42:06 - [MESSAGE][PASSED] - Tapped on element 'Object Repository/Mobile/Page/NavigationMenu/Settings/Switch - Loss'

2022-03-04 08:42:06 - [TEST_STEP][PASSED] - delay(1): Delayed 1 second(s)

2022-03-04 08:42:07 - [MESSAGE][PASSED] - Delayed 1 second(s)

2022-03-04 08:42:07 - [TEST_STEP][PASSED] - tap(NAVM_SETT_CbRiskTolerance, 0): Tapped on element 'Object Repository/Mobile/Page/NavigationMenu/Settings/Checkbox - Risk Tolerance'

2022-03-04 08:42:07 - [MESSAGE][WARNING] - Timeout '0' is invalid. Using default page load timeout: '60'

2022-03-04 08:42:08 - [MESSAGE][PASSED] - Tapped on element 'Object Repository/Mobile/Page/NavigationMenu/Settings/Checkbox - Risk Tolerance'

2022-03-04 08:42:08 - [TEST_STEP][PASSED] - delay(1): Delayed 1 second(s)

2022-03-04 08:42:09 - [MESSAGE][PASSED] - Delayed 1 second(s)

2022-03-04 08:42:09 - [TEST_STEP][PASSED] - tap(NAVM_SETT_CbRiskTolerance, 0): Tapped on element 'Object Repository/Mobile/Page/NavigationMenu/Settings/Checkbox - Risk Tolerance'

2022-03-04 08:42:09 - [MESSAGE][WARNING] - Timeout '0' is invalid. Using default page load timeout: '60'

2022-03-04 08:42:10 - [MESSAGE][PASSED] - Tapped on element 'Object Repository/Mobile/Page/NavigationMenu/Settings/Checkbox - Risk Tolerance'

2022-03-04 08:42:10 - [TEST_STEP][PASSED] - delay(1): Delayed 1 second(s)

2022-03-04 08:42:11 - [MESSAGE][PASSED] - Delayed 1 second(s)

2022-03-04 08:42:11 - [TEST_STEP][PASSED] - tap(NAVM_SETT_SwitchStock, 0): Tapped on element 'Object Repository/Mobile/Page/NavigationMenu/Settings/Switch - Stock News'

2022-03-04 08:42:11 - [MESSAGE][WARNING] - Timeout '0' is invalid. Using default page load timeout: '60'

2022-03-04 08:42:12 - [MESSAGE][PASSED] - Tapped on element 'Object Repository/Mobile/Page/NavigationMenu/Settings/Switch - Stock News'

2022-03-04 08:42:12 - [TEST_STEP][PASSED] - delay(1): Delayed 1 second(s)

2022-03-04 08:42:13 - [MESSAGE][PASSED] - Delayed 1 second(s)

2022-03-04 08:42:13 - [TEST_STEP][PASSED] - tap(NAVM_SETT_SwitchStock, 0): Tapped on element 'Object Repository/Mobile/Page/NavigationMenu/Settings/Switch - Stock News'

2022-03-04 08:42:13 - [MESSAGE][WARNING] - Timeout '0' is invalid. Using default page load timeout: '60'

2022-03-04 08:42:14 - [MESSAGE][PASSED] - Tapped on element 'Object Repository/Mobile/Page/NavigationMenu/Settings/Switch - Stock News'

2022-03-04 08:42:14 - [TEST_STEP][PASSED] - delay(1): Delayed 1 second(s)

2022-03-04 08:42:15 - [MESSAGE][PASSED] - Delayed 1 second(s)

2022-03-04 08:42:15 - [TEST_STEP][PASSED] - tap(NAVM_SETT_SwitchFund, 0): Tapped on element 'Object Repository/Mobile/Page/NavigationMenu/Settings/Switch - Fund News'

2022-03-04 08:42:15 - [MESSAGE][WARNING] - Timeout '0' is invalid. Using default page load timeout: '60'

2022-03-04 08:42:16 - [MESSAGE][PASSED] - Tapped on element 'Object Repository/Mobile/Page/NavigationMenu/Settings/Switch - Fund News'

2022-03-04 08:42:16 - [TEST_STEP][PASSED] - delay(1): Delayed 1 second(s)

2022-03-04 08:42:17 - [MESSAGE][PASSED] - Delayed 1 second(s)

2022-03-04 08:42:17 - [TEST_STEP][PASSED] - tap(NAVM_SETT_SwitchFund, 0): Tapped on element 'Object Repository/Mobile/Page/NavigationMenu/Settings/Switch - Fund News'

2022-03-04 08:42:17 - [MESSAGE][WARNING] - Timeout '0' is invalid. Using default page load timeout: '60'

2022-03-04 08:42:18 - [MESSAGE][PASSED] - Tapped on element 'Object Repository/Mobile/Page/NavigationMenu/Settings/Switch - Fund News'

2022-03-04 08:42:18 - [TEST_STEP][PASSED] - delay(1): Delayed 1 second(s)

2022-03-04 08:42:19 - [MESSAGE][PASSED] - Delayed 1 second(s)

2022-03-04 08:42:19 - [TEST_STEP][PASSED] - tap(NAVM_SETT_SwitchBond, 0): Tapped on element 'Object Repository/Mobile/Page/NavigationMenu/Settings/Switch - Bond News'

2022-03-04 08:42:19 - [MESSAGE][WARNING] - Timeout '0' is invalid. Using default page load timeout: '60'

2022-03-04 08:42:20 - [MESSAGE][PASSED] - Tapped on element 'Object Repository/Mobile/Page/NavigationMenu/Settings/Switch - Bond News'

2022-03-04 08:42:20 - [TEST_STEP][PASSED] - delay(1): Delayed 1 second(s)

2022-03-04 08:42:21 - [MESSAGE][PASSED] - Delayed 1 second(s)

2022-03-04 08:42:21 - [TEST_STEP][PASSED] - tap(NAVM_SETT_SwitchBond, 0): Tapped on element 'Object Repository/Mobile/Page/NavigationMenu/Settings/Switch - Bond News'

2022-03-04 08:42:21 - [MESSAGE][WARNING] - Timeout '0' is invalid. Using default page load timeout: '60'

2022-03-04 08:42:22 - [MESSAGE][PASSED] - Tapped on element 'Object Repository/Mobile/Page/NavigationMenu/Settings/Switch - Bond News'

2022-03-04 08:42:22 - [TEST_STEP][PASSED] - delay(1): Delayed 1 second(s)

2022-03-04 08:42:23 - [MESSAGE][PASSED] - Delayed 1 second(s)

2022-03-04 08:42:23 - [TEST_STEP][PASSED] - tap(NAVM_SETT_SwitchMacro, 0): Tapped on element 'Object Repository/Mobile/Page/NavigationMenu/Settings/Switch - Macro News'

2022-03-04 08:42:23 - [MESSAGE][WARNING] - Timeout '0' is invalid. Using default page load timeout: '60'

2022-03-04 08:42:24 - [MESSAGE][PASSED] - Tapped on element 'Object Repository/Mobile/Page/NavigationMenu/Settings/Switch - Macro News'

2022-03-04 08:42:24 - [TEST_STEP][PASSED] - delay(1): Delayed 1 second(s)

2022-03-04 08:42:25 - [MESSAGE][PASSED] - Delayed 1 second(s)

2022-03-04 08:42:25 - [TEST_STEP][PASSED] - tap(NAVM_SETT_SwitchMacro, 0): Tapped on element 'Object Repository/Mobile/Page/NavigationMenu/Settings/Switch - Macro News'

2022-03-04 08:42:25 - [MESSAGE][WARNING] - Timeout '0' is invalid. Using default page load timeout: '60'

2022-03-04 08:42:25 - [MESSAGE][PASSED] - Tapped on element 'Object Repository/Mobile/Page/NavigationMenu/Settings/Switch - Macro News'

2022-03-04 08:42:25 - [TEST_STEP][PASSED] - delay(1): Delayed 1 second(s)

2022-03-04 08:42:26 - [MESSAGE][PASSED] - Delayed 1 second(s)

2022-03-04 08:42:26 - [TEST_STEP][PASSED] - pressBack(): Press back button successfully

2022-03-04 08:42:27 - [MESSAGE][PASSED] - Press back button successfully

2022-03-04 08:42:27 - [TEST_STEP][PASSED] - delay(1): Delayed 1 second(s)

2022-03-04 08:42:28 - [MESSAGE][PASSED] - Delayed 1 second(s)

2022-03-04 08:42:28 - [MESSAGE][PASSED] - Call Test Case 'Test Cases/Mobile/Page/NavigationMenu/NavigationMenu' successfully

2022-03-04 08:42:28 - [TEST_STEP][PASSED] - callTestCase(findTestCase("Mobile/Page/Run App/Terminate App"), [:], STOP_ON_FAILURE): Call Test Case 'Test Cases/Mobile/Page/Run App/Terminate App' successfully

2022-03-04 08:42:28 - [TEST_CASE][PASSED] - Test Cases/Mobile/Page/Run App/Terminate App: Test Cases/Mobile/Page/Run App/Terminate App

2022-03-04 08:42:28 - [TEST_STEP][PASSED] - startApp.OpenApp.terminateApplication(): startApp.OpenApp.terminateApplication is PASSED

2022-03-04 08:42:31 - [MESSAGE][PASSED] - Delayed 3 second(s)

2022-03-04 08:42:31 - [MESSAGE][PASSED] - Current device physical width is 720

2022-03-04 08:42:31 - [MESSAGE][PASSED] - Current device physical height is 1423

2022-03-04 08:42:33 - [MESSAGE][PASSED] - Swiped from 360,853 to 360,142

2022-03-04 08:42:34 - [MESSAGE][PASSED] - Delayed 1 second(s)

2022-03-04 08:42:35 - [MESSAGE][PASSED] - Swiped from 360,853 to 360,142

2022-03-04 08:42:38 - [MESSAGE][PASSED] - Delayed 3 second(s)

2022-03-04 08:42:38 - [MESSAGE][PASSED] - startApp.OpenApp.terminateApplication is PASSED

2022-03-04 08:42:38 - [MESSAGE][PASSED] - Call Test Case 'Test Cases/Mobile/Page/Run App/Terminate App' successfully]]></system-out>
         <system-err><![CDATA[]]></system-err>
      </testcase>
      <testcase name="Test Cases/Mobile/Scenario/NavigationMenu/006 - Logout" time="55.777" classname="Test Cases/Mobile/Scenario/NavigationMenu/006 - Logout" status="PASSED">
         <system-out><![CDATA[2022-03-04 08:42:38 - [TEST_CASE][PASSED] - Test Cases/Mobile/Scenario/NavigationMenu/006 - Logout: Test Cases/Mobile/Scenario/NavigationMenu/006 - Logout

2022-03-04 08:42:38 - [TEST_STEP][PASSED] - callTestCase(findTestCase("Mobile/Page/Run App/Run App byID"), [:], STOP_ON_FAILURE): Call Test Case 'Test Cases/Mobile/Page/Run App/Run App byID' successfully

2022-03-04 08:42:38 - [TEST_CASE][PASSED] - Test Cases/Mobile/Page/Run App/Run App byID: Test Cases/Mobile/Page/Run App/Run App byID

2022-03-04 08:42:38 - [TEST_STEP][PASSED] - startApp.OpenApp.startApplication("id.co.miraeasset.sageclub"): startApp.OpenApp.startApplication is PASSED

2022-03-04 08:42:51 - [MESSAGE][PASSED] - Starting app with application ID: 'id.co.miraeasset.sageclub'

2022-03-04 08:42:51 - [MESSAGE][PASSED] - startApp.OpenApp.startApplication is PASSED

2022-03-04 08:42:51 - [MESSAGE][PASSED] - Call Test Case 'Test Cases/Mobile/Page/Run App/Run App byID' successfully

2022-03-04 08:42:51 - [TEST_STEP][PASSED] - callTestCase(findTestCase("Mobile/Page/NavigationMenu/NavigationMenu"), ["action":"logout"], CONTINUE_ON_FAILURE): Call Test Case 'Test Cases/Mobile/Page/NavigationMenu/NavigationMenu' successfully

2022-03-04 08:42:51 - [TEST_CASE][PASSED] - Test Cases/Mobile/Page/NavigationMenu/NavigationMenu: Test Cases/Mobile/Page/NavigationMenu/NavigationMenu

2022-03-04 08:42:51 - [TEST_STEP][PASSED] - callTestCase(findTestCase("Mobile/Page/CheckLogin"), [:], CONTINUE_ON_FAILURE): Call Test Case 'Test Cases/Mobile/Page/CheckLogin' successfully

2022-03-04 08:42:51 - [TEST_CASE][PASSED] - Test Cases/Mobile/Page/CheckLogin: Test Cases/Mobile/Page/CheckLogin

2022-03-04 08:42:51 - [TEST_STEP][PASSED] - loginCheck = verifyElementExist(LOGN_BtnLogin, 5, CONTINUE_ON_FAILURE): Element 'Object Repository/Mobile/Page/Login/Button - Login' is exist

2022-03-04 08:42:53 - [MESSAGE][PASSED] - Element 'Object Repository/Mobile/Page/Login/Button - Login' is exist

2022-03-04 08:42:53 - [TEST_STEP][PASSED] - if (loginCheck): Call Test Case 'Test Cases/Mobile/Page/Login/Login' successfully

2022-03-04 08:42:53 - [TEST_STEP][PASSED] - callTestCase(findTestCase("Mobile/Page/Login/Login"), ["action":"username"], CONTINUE_ON_FAILURE): Call Test Case 'Test Cases/Mobile/Page/Login/Login' successfully

2022-03-04 08:42:54 - [TEST_CASE][PASSED] - Test Cases/Mobile/Page/Login/Login: Test Cases/Mobile/Page/Login/Login

2022-03-04 08:42:54 - [TEST_STEP][PASSED] - delay(2): Delayed 2 second(s)

2022-03-04 08:42:56 - [MESSAGE][PASSED] - Delayed 2 second(s)

2022-03-04 08:42:56 - [TEST_STEP][PASSED] - for ([i = 0, i < 1, (i++)]): null

2022-03-04 08:42:56 - [TEST_STEP][PASSED] - if (action == "username"): null

2022-03-04 08:42:56 - [TEST_STEP][PASSED] - tap(LOGN_EdtUserID, 0): Tapped on element 'Object Repository/Mobile/Page/Login/Input - UserID'

2022-03-04 08:42:56 - [MESSAGE][WARNING] - Timeout '0' is invalid. Using default page load timeout: '60'

2022-03-04 08:42:56 - [MESSAGE][PASSED] - Tapped on element 'Object Repository/Mobile/Page/Login/Input - UserID'

2022-03-04 08:42:56 - [TEST_STEP][PASSED] - delay(1): Delayed 1 second(s)

2022-03-04 08:42:57 - [MESSAGE][PASSED] - Delayed 1 second(s)

2022-03-04 08:42:57 - [TEST_STEP][PASSED] - setText(LOGN_EdtRdyUserID, "anggaaditya", 0): Text 'anggaaditya' has been set to element 'Object Repository/Mobile/Page/Login/Input Rdy - UserID'

2022-03-04 08:42:57 - [MESSAGE][WARNING] - Timeout '0' is invalid. Using default page load timeout: '60'

2022-03-04 08:42:58 - [MESSAGE][PASSED] - Text 'anggaaditya' has been set to element 'Object Repository/Mobile/Page/Login/Input Rdy - UserID'

2022-03-04 08:42:58 - [TEST_STEP][PASSED] - delay(1): Delayed 1 second(s)

2022-03-04 08:42:59 - [MESSAGE][PASSED] - Delayed 1 second(s)

2022-03-04 08:42:59 - [TEST_STEP][PASSED] - hideKeyboard(): Keyboard is hidden

2022-03-04 08:43:03 - [MESSAGE][PASSED] - Keyboard is hidden

2022-03-04 08:43:03 - [TEST_STEP][PASSED] - tap(LOGN_EdtPassword, 0): Tapped on element 'Object Repository/Mobile/Page/Login/Input - Password'

2022-03-04 08:43:03 - [MESSAGE][WARNING] - Timeout '0' is invalid. Using default page load timeout: '60'

2022-03-04 08:43:03 - [MESSAGE][PASSED] - Tapped on element 'Object Repository/Mobile/Page/Login/Input - Password'

2022-03-04 08:43:03 - [TEST_STEP][PASSED] - delay(1): Delayed 1 second(s)

2022-03-04 08:43:04 - [MESSAGE][PASSED] - Delayed 1 second(s)

2022-03-04 08:43:04 - [TEST_STEP][PASSED] - setText(LOGN_EdtRdyPassword, "Shalawa18", 0): Text 'Shalawa18' has been set to element 'Object Repository/Mobile/Page/Login/Input Rdy - Password'

2022-03-04 08:43:04 - [MESSAGE][WARNING] - Timeout '0' is invalid. Using default page load timeout: '60'

2022-03-04 08:43:05 - [MESSAGE][PASSED] - Text 'Shalawa18' has been set to element 'Object Repository/Mobile/Page/Login/Input Rdy - Password'

2022-03-04 08:43:05 - [TEST_STEP][PASSED] - delay(1): Delayed 1 second(s)

2022-03-04 08:43:06 - [MESSAGE][PASSED] - Delayed 1 second(s)

2022-03-04 08:43:06 - [TEST_STEP][PASSED] - hideKeyboard(): Keyboard is hidden

2022-03-04 08:43:12 - [MESSAGE][PASSED] - Keyboard is hidden

2022-03-04 08:43:12 - [TEST_STEP][PASSED] - tap(LOGN_BtnLogin, 0): Tapped on element 'Object Repository/Mobile/Page/Login/Button - Login'

2022-03-04 08:43:12 - [MESSAGE][WARNING] - Timeout '0' is invalid. Using default page load timeout: '60'

2022-03-04 08:43:13 - [MESSAGE][PASSED] - Tapped on element 'Object Repository/Mobile/Page/Login/Button - Login'

2022-03-04 08:43:13 - [TEST_STEP][PASSED] - delay(2): Delayed 2 second(s)

2022-03-04 08:43:15 - [MESSAGE][PASSED] - Delayed 2 second(s)

2022-03-04 08:43:15 - [TEST_STEP][PASSED] - break: null

2022-03-04 08:43:15 - [MESSAGE][PASSED] - Call Test Case 'Test Cases/Mobile/Page/Login/Login' successfully

2022-03-04 08:43:15 - [MESSAGE][PASSED] - Call Test Case 'Test Cases/Mobile/Page/CheckLogin' successfully

2022-03-04 08:43:15 - [TEST_STEP][PASSED] - delay(3): Delayed 3 second(s)

2022-03-04 08:43:18 - [MESSAGE][PASSED] - Delayed 3 second(s)

2022-03-04 08:43:18 - [TEST_STEP][PASSED] - scroll.scroll.scrollScreenLeftToRight(): scroll.scroll.scrollScreenLeftToRight is PASSED

2022-03-04 08:43:19 - [MESSAGE][PASSED] - Current device physical height is 1423

2022-03-04 08:43:19 - [MESSAGE][PASSED] - Current device physical width is 720

2022-03-04 08:43:19 - [MESSAGE][PASSED] - Current device physical height is 1423

2022-03-04 08:43:20 - [MESSAGE][PASSED] - Swiped from 10,711 to 710,711

2022-03-04 08:43:20 - [MESSAGE][PASSED] - scroll.scroll.scrollScreenLeftToRight is PASSED

2022-03-04 08:43:20 - [TEST_STEP][PASSED] - delay(1): Delayed 1 second(s)

2022-03-04 08:43:21 - [MESSAGE][PASSED] - Delayed 1 second(s)

2022-03-04 08:43:21 - [TEST_STEP][PASSED] - for ([i = 0, i < 1, (i++)]): Delayed 1 second(s)

2022-03-04 08:43:21 - [TEST_STEP][PASSED] - if (action == "downloadtaxreport"): null

2022-03-04 08:43:21 - [TEST_STEP][PASSED] - else if (action == "analyzeprofile"): null

2022-03-04 08:43:21 - [TEST_STEP][PASSED] - else if (action == "wa"): null

2022-03-04 08:43:21 - [TEST_STEP][PASSED] - else if (action == "email"): null

2022-03-04 08:43:21 - [TEST_STEP][PASSED] - else if (action == "setting"): null

2022-03-04 08:43:21 - [TEST_STEP][PASSED] - else if (action == "logout"): Delayed 1 second(s)

2022-03-04 08:43:21 - [TEST_STEP][PASSED] - logout = NAVM_BtnLogout: null

2022-03-04 08:43:21 - [TEST_STEP][PASSED] - tap(logout, 0): Tapped on element 'Object Repository/Mobile/Page/NavigationMenu/Button - Logout'

2022-03-04 08:43:21 - [MESSAGE][WARNING] - Timeout '0' is invalid. Using default page load timeout: '60'

2022-03-04 08:43:23 - [MESSAGE][PASSED] - Tapped on element 'Object Repository/Mobile/Page/NavigationMenu/Button - Logout'

2022-03-04 08:43:23 - [TEST_STEP][PASSED] - delay(1): Delayed 1 second(s)

2022-03-04 08:43:24 - [MESSAGE][PASSED] - Delayed 1 second(s)

2022-03-04 08:43:24 - [MESSAGE][PASSED] - Call Test Case 'Test Cases/Mobile/Page/NavigationMenu/NavigationMenu' successfully

2022-03-04 08:43:24 - [TEST_STEP][PASSED] - callTestCase(findTestCase("Mobile/Page/Run App/Terminate App"), [:], STOP_ON_FAILURE): Call Test Case 'Test Cases/Mobile/Page/Run App/Terminate App' successfully

2022-03-04 08:43:24 - [TEST_CASE][PASSED] - Test Cases/Mobile/Page/Run App/Terminate App: Test Cases/Mobile/Page/Run App/Terminate App

2022-03-04 08:43:24 - [TEST_STEP][PASSED] - startApp.OpenApp.terminateApplication(): startApp.OpenApp.terminateApplication is PASSED

2022-03-04 08:43:27 - [MESSAGE][PASSED] - Delayed 3 second(s)

2022-03-04 08:43:27 - [MESSAGE][PASSED] - Current device physical width is 720

2022-03-04 08:43:27 - [MESSAGE][PASSED] - Current device physical height is 1423

2022-03-04 08:43:28 - [MESSAGE][PASSED] - Swiped from 360,853 to 360,142

2022-03-04 08:43:29 - [MESSAGE][PASSED] - Delayed 1 second(s)

2022-03-04 08:43:31 - [MESSAGE][PASSED] - Swiped from 360,853 to 360,142

2022-03-04 08:43:34 - [MESSAGE][PASSED] - Delayed 3 second(s)

2022-03-04 08:43:34 - [MESSAGE][PASSED] - startApp.OpenApp.terminateApplication is PASSED

2022-03-04 08:43:34 - [MESSAGE][PASSED] - Call Test Case 'Test Cases/Mobile/Page/Run App/Terminate App' successfully]]></system-out>
         <system-err><![CDATA[]]></system-err>
      </testcase>
      <system-out><![CDATA[2022-03-04 08:35:50 - [TEST_SUITE][PASSED] - navigationmenu: Test Cases/Mobile/Scenario/NavigationMenu/006 - Logout]]></system-out>
      <system-err><![CDATA[]]></system-err>
   </testsuite>
</testsuites>
