<?xml version="1.0" encoding="UTF-8"?>
<testsuites name="navigationmenu" time="423.48" tests="6" failures="0" skips="0" errors="0">
   <testsuite name="navigationmenu" tests="6" failures="0" errors="0" time="423.48" skips="0" timestamp="2021-12-21 11:07:48" hostname="Owner - aldy-tft" id="Test Suites/navigationmenu">
      <properties>
         <property name="deviceName" value="samsung SM-A205F (Android 11)"/>
         <property name="devicePlatform" value=""/>
         <property name="logFolder" value="C:\\Users\\Owner\\Documents\\kerjaan\\KatalonProject\\qa_katalon_pwm\\qa_katalon_pwm\\Reports\\20211221_110737\\navigationmenu\\20211221_110737"/>
         <property name="logFiles" value="C:\\Users\\Owner\\Documents\\kerjaan\\KatalonProject\\qa_katalon_pwm\\qa_katalon_pwm\\Reports\\20211221_110737\\navigationmenu\\20211221_110737\\appium.log, C:\\Users\\Owner\\Documents\\kerjaan\\KatalonProject\\qa_katalon_pwm\\qa_katalon_pwm\\Reports\\20211221_110737\\navigationmenu\\20211221_110737\\execution0.log"/>
         <property name="attachments" value="C:\\Users\\Owner\\Documents\\kerjaan\\KatalonProject\\qa_katalon_pwm\\qa_katalon_pwm\\Reports\\20211221_110737\\navigationmenu\\20211221_110737\\1640059778666.png, C:\\Users\\Owner\\Documents\\kerjaan\\KatalonProject\\qa_katalon_pwm\\qa_katalon_pwm\\Reports\\20211221_110737\\navigationmenu\\20211221_110737\\1640059779345.png"/>
         <property name="hostName" value="Owner - aldy-tft"/>
         <property name="os" value="Windows 10 64bit"/>
         <property name="appiumServerStatus" value="{&quot;value&quot;:{&quot;build&quot;:{&quot;version&quot;:&quot;1.22.0&quot;}},&quot;sessionId&quot;:null,&quot;status&quot;:0}"/>
         <property name="katalonVersion" value="7.9.1.208"/>
         <property name="deviceOS" value="Android"/>
         <property name="appiumVersion" value="1.22.0"/>
         <property name="deviceModel" value="SM-A205F"/>
         <property name="hostAddress" value="192.168.124.223"/>
         <property name="deviceManufacturer" value="samsung"/>
         <property name="deviceId" value="RR8M40C9AXE"/>
         <property name="deviceName" value="samsung SM-A205F (Android 11)"/>
         <property name="deviceOSVersion" value="11"/>
      </properties>
      <testcase name="Test Cases/Mobile/Scenario/NavigationMenu/001 - Download Report" time="61.386" classname="Test Cases/Mobile/Scenario/NavigationMenu/001 - Download Report" status="PASSED">
         <system-out><![CDATA[2021-12-21 11:07:49 - [TEST_CASE][PASSED] - Test Cases/Mobile/Scenario/NavigationMenu/001 - Download Report: Test Cases/Mobile/Scenario/NavigationMenu/001 - Download Report

2021-12-21 11:07:49 - [TEST_STEP][PASSED] - callTestCase(findTestCase("Mobile/Page/Run App/Run App byID"), [:], STOP_ON_FAILURE): Call Test Case 'Test Cases/Mobile/Page/Run App/Run App byID' successfully

2021-12-21 11:07:49 - [TEST_CASE][PASSED] - Test Cases/Mobile/Page/Run App/Run App byID: Test Cases/Mobile/Page/Run App/Run App byID

2021-12-21 11:07:50 - [TEST_STEP][PASSED] - startApp.OpenApp.startApplication("id.co.miraeasset.sageclub"): startApp.OpenApp.startApplication is PASSED

2021-12-21 11:07:51 - [MESSAGE][INFO] - Appium server started on port 51,761

2021-12-21 11:08:05 - [MESSAGE][PASSED] - Starting app with application ID: 'id.co.miraeasset.sageclub'

2021-12-21 11:08:05 - [MESSAGE][PASSED] - startApp.OpenApp.startApplication is PASSED

2021-12-21 11:08:05 - [MESSAGE][PASSED] - Call Test Case 'Test Cases/Mobile/Page/Run App/Run App byID' successfully

2021-12-21 11:08:05 - [TEST_STEP][PASSED] - callTestCase(findTestCase("Mobile/Page/NavigationMenu/NavigationMenu"), ["action":"downloadtaxreport"], CONTINUE_ON_FAILURE): Call Test Case 'Test Cases/Mobile/Page/NavigationMenu/NavigationMenu' successfully

2021-12-21 11:08:05 - [TEST_CASE][PASSED] - Test Cases/Mobile/Page/NavigationMenu/NavigationMenu: Test Cases/Mobile/Page/NavigationMenu/NavigationMenu

2021-12-21 11:08:06 - [TEST_STEP][PASSED] - callTestCase(findTestCase("Mobile/Page/CheckLogin"), [:], CONTINUE_ON_FAILURE): Call Test Case 'Test Cases/Mobile/Page/CheckLogin' successfully

2021-12-21 11:08:06 - [TEST_CASE][PASSED] - Test Cases/Mobile/Page/CheckLogin: Test Cases/Mobile/Page/CheckLogin

2021-12-21 11:08:06 - [TEST_STEP][PASSED] - loginCheck = verifyElementExist(findTestObject("Mobile/Page/Login/Button - Login"), 2, CONTINUE_ON_FAILURE): Element 'Object Repository/Mobile/Page/Login/Button - Login' is exist

2021-12-21 11:08:07 - [MESSAGE][PASSED] - Element 'Object Repository/Mobile/Page/Login/Button - Login' is exist

2021-12-21 11:08:07 - [TEST_STEP][PASSED] - if (loginCheck): Call Test Case 'Test Cases/Mobile/Page/Login/Login' successfully

2021-12-21 11:08:07 - [TEST_STEP][PASSED] - callTestCase(findTestCase("Mobile/Page/Login/Login"), [:], CONTINUE_ON_FAILURE): Call Test Case 'Test Cases/Mobile/Page/Login/Login' successfully

2021-12-21 11:08:07 - [TEST_CASE][PASSED] - Test Cases/Mobile/Page/Login/Login: Test Cases/Mobile/Page/Login/Login

2021-12-21 11:08:07 - [TEST_STEP][PASSED] - delay(2): Delayed 2 second(s)

2021-12-21 11:08:09 - [MESSAGE][PASSED] - Delayed 2 second(s)

2021-12-21 11:08:09 - [TEST_STEP][PASSED] - tap(findTestObject("Mobile/Page/Login/Input - UserID"), 0): Tapped on element 'Object Repository/Mobile/Page/Login/Input - UserID'

2021-12-21 11:08:09 - [MESSAGE][WARNING] - Timeout '0' is invalid. Using default page load timeout: '60'

2021-12-21 11:08:10 - [MESSAGE][PASSED] - Tapped on element 'Object Repository/Mobile/Page/Login/Input - UserID'

2021-12-21 11:08:10 - [TEST_STEP][PASSED] - delay(1): Delayed 1 second(s)

2021-12-21 11:08:11 - [MESSAGE][PASSED] - Delayed 1 second(s)

2021-12-21 11:08:11 - [TEST_STEP][PASSED] - setText(findTestObject("Mobile/Page/Login/Input Rdy - UserID"), "anggaaditya", 0): Text 'anggaaditya' has been set to element 'Object Repository/Mobile/Page/Login/Input Rdy - UserID'

2021-12-21 11:08:11 - [MESSAGE][WARNING] - Timeout '0' is invalid. Using default page load timeout: '60'

2021-12-21 11:08:11 - [MESSAGE][PASSED] - Text 'anggaaditya' has been set to element 'Object Repository/Mobile/Page/Login/Input Rdy - UserID'

2021-12-21 11:08:11 - [TEST_STEP][PASSED] - delay(1): Delayed 1 second(s)

2021-12-21 11:08:12 - [MESSAGE][PASSED] - Delayed 1 second(s)

2021-12-21 11:08:12 - [TEST_STEP][PASSED] - hideKeyboard(): Keyboard is hidden

2021-12-21 11:08:15 - [MESSAGE][PASSED] - Keyboard is hidden

2021-12-21 11:08:15 - [TEST_STEP][PASSED] - tap(findTestObject("Mobile/Page/Login/Input - Password"), 0): Tapped on element 'Object Repository/Mobile/Page/Login/Input - Password'

2021-12-21 11:08:15 - [MESSAGE][WARNING] - Timeout '0' is invalid. Using default page load timeout: '60'

2021-12-21 11:08:16 - [MESSAGE][PASSED] - Tapped on element 'Object Repository/Mobile/Page/Login/Input - Password'

2021-12-21 11:08:16 - [TEST_STEP][PASSED] - delay(1): Delayed 1 second(s)

2021-12-21 11:08:17 - [MESSAGE][PASSED] - Delayed 1 second(s)

2021-12-21 11:08:17 - [TEST_STEP][PASSED] - setText(findTestObject("Mobile/Page/Login/Input Rdy - Password"), "Shalawa18", 0): Text 'Shalawa18' has been set to element 'Object Repository/Mobile/Page/Login/Input Rdy - Password'

2021-12-21 11:08:17 - [MESSAGE][WARNING] - Timeout '0' is invalid. Using default page load timeout: '60'

2021-12-21 11:08:17 - [MESSAGE][PASSED] - Text 'Shalawa18' has been set to element 'Object Repository/Mobile/Page/Login/Input Rdy - Password'

2021-12-21 11:08:17 - [TEST_STEP][PASSED] - delay(1): Delayed 1 second(s)

2021-12-21 11:08:18 - [MESSAGE][PASSED] - Delayed 1 second(s)

2021-12-21 11:08:18 - [TEST_STEP][PASSED] - hideKeyboard(): Keyboard is hidden

2021-12-21 11:08:24 - [MESSAGE][PASSED] - Keyboard is hidden

2021-12-21 11:08:24 - [TEST_STEP][PASSED] - tap(findTestObject("Mobile/Page/Login/Button - Login"), 0): Tapped on element 'Object Repository/Mobile/Page/Login/Button - Login'

2021-12-21 11:08:24 - [MESSAGE][WARNING] - Timeout '0' is invalid. Using default page load timeout: '60'

2021-12-21 11:08:25 - [MESSAGE][PASSED] - Tapped on element 'Object Repository/Mobile/Page/Login/Button - Login'

2021-12-21 11:08:25 - [TEST_STEP][PASSED] - delay(2): Delayed 2 second(s)

2021-12-21 11:08:27 - [MESSAGE][PASSED] - Delayed 2 second(s)

2021-12-21 11:08:27 - [MESSAGE][PASSED] - Call Test Case 'Test Cases/Mobile/Page/Login/Login' successfully

2021-12-21 11:08:27 - [MESSAGE][PASSED] - Call Test Case 'Test Cases/Mobile/Page/CheckLogin' successfully

2021-12-21 11:08:27 - [TEST_STEP][PASSED] - delay(3): Delayed 3 second(s)

2021-12-21 11:08:30 - [MESSAGE][PASSED] - Delayed 3 second(s)

2021-12-21 11:08:30 - [TEST_STEP][PASSED] - scroll.scroll.scrollScreenLeftToRight(): scroll.scroll.scrollScreenLeftToRight is PASSED

2021-12-21 11:08:30 - [MESSAGE][PASSED] - Current device physical height is 1423

2021-12-21 11:08:31 - [MESSAGE][PASSED] - Current device physical width is 720

2021-12-21 11:08:31 - [MESSAGE][PASSED] - Current device physical height is 1423

2021-12-21 11:08:32 - [MESSAGE][PASSED] - Swiped from 10,711 to 710,711

2021-12-21 11:08:32 - [MESSAGE][PASSED] - scroll.scroll.scrollScreenLeftToRight is PASSED

2021-12-21 11:08:32 - [TEST_STEP][PASSED] - delay(1): Delayed 1 second(s)

2021-12-21 11:08:33 - [MESSAGE][PASSED] - Delayed 1 second(s)

2021-12-21 11:08:33 - [TEST_STEP][PASSED] - for ([i = 0, i < 1, (i++)]): Press back button successfully

2021-12-21 11:08:33 - [TEST_STEP][PASSED] - if (action == "downloadtaxreport"): Press back button successfully

2021-12-21 11:08:33 - [TEST_STEP][PASSED] - taxreport = findTestObject("Mobile/Page/NavigationMenu/Container - Yearly Tax Report"): null

2021-12-21 11:08:33 - [TEST_STEP][PASSED] - top = getElementTopPosition(taxreport, 0): Object 'Object Repository/Mobile/Page/NavigationMenu/Container - Yearly Tax Report' has top position '309'

2021-12-21 11:08:33 - [MESSAGE][WARNING] - Timeout '0' is invalid. Using default page load timeout: '60'

2021-12-21 11:08:33 - [MESSAGE][PASSED] - Object 'Object Repository/Mobile/Page/NavigationMenu/Container - Yearly Tax Report' has top position '309'

2021-12-21 11:08:33 - [TEST_STEP][PASSED] - y = getElementHeight(taxreport, 0) * 0.8 + top: Object 'Object Repository/Mobile/Page/NavigationMenu/Container - Yearly Tax Report' has height: '119'

2021-12-21 11:08:33 - [MESSAGE][WARNING] - Timeout '0' is invalid. Using default page load timeout: '60'

2021-12-21 11:08:33 - [MESSAGE][PASSED] - Object 'Object Repository/Mobile/Page/NavigationMenu/Container - Yearly Tax Report' has height: '119'

2021-12-21 11:08:33 - [TEST_STEP][PASSED] - x = getDeviceWidth() * 0.2: Current device physical width is 720

2021-12-21 11:08:34 - [MESSAGE][PASSED] - Current device physical width is 720

2021-12-21 11:08:34 - [TEST_STEP][PASSED] - tapAtPosition(x, y): Tapped at [144, 404]

2021-12-21 11:08:34 - [MESSAGE][PASSED] - Tapped at [144, 404]

2021-12-21 11:08:34 - [TEST_STEP][PASSED] - delay(5): Delayed 5 second(s)

2021-12-21 11:08:39 - [MESSAGE][PASSED] - Delayed 5 second(s)

2021-12-21 11:08:39 - [TEST_STEP][PASSED] - pressBack(): Press back button successfully

2021-12-21 11:08:39 - [MESSAGE][PASSED] - Press back button successfully

2021-12-21 11:08:39 - [MESSAGE][PASSED] - Call Test Case 'Test Cases/Mobile/Page/NavigationMenu/NavigationMenu' successfully

2021-12-21 11:08:39 - [TEST_STEP][PASSED] - callTestCase(findTestCase("Mobile/Page/Run App/Terminate App"), [:], STOP_ON_FAILURE): Call Test Case 'Test Cases/Mobile/Page/Run App/Terminate App' successfully

2021-12-21 11:08:39 - [TEST_CASE][PASSED] - Test Cases/Mobile/Page/Run App/Terminate App: Test Cases/Mobile/Page/Run App/Terminate App

2021-12-21 11:08:40 - [TEST_STEP][PASSED] - startApp.OpenApp.terminateApplication(): startApp.OpenApp.terminateApplication is PASSED

2021-12-21 11:08:43 - [MESSAGE][PASSED] - Delayed 3 second(s)

2021-12-21 11:08:43 - [MESSAGE][PASSED] - Current device physical width is 720

2021-12-21 11:08:44 - [MESSAGE][PASSED] - Current device physical height is 1423

2021-12-21 11:08:45 - [MESSAGE][PASSED] - Swiped from 360,853 to 360,142

2021-12-21 11:08:46 - [MESSAGE][PASSED] - Delayed 1 second(s)

2021-12-21 11:08:47 - [MESSAGE][PASSED] - Swiped from 360,853 to 360,142

2021-12-21 11:08:50 - [MESSAGE][PASSED] - Delayed 3 second(s)

2021-12-21 11:08:50 - [MESSAGE][PASSED] - startApp.OpenApp.terminateApplication is PASSED

2021-12-21 11:08:50 - [MESSAGE][PASSED] - Call Test Case 'Test Cases/Mobile/Page/Run App/Terminate App' successfully]]></system-out>
         <system-err><![CDATA[]]></system-err>
      </testcase>
      <testcase name="Test Cases/Mobile/Scenario/NavigationMenu/002 - Risk Profile analysis" time="89.252" classname="Test Cases/Mobile/Scenario/NavigationMenu/002 - Risk Profile analysis" status="PASSED">
         <system-out><![CDATA[2021-12-21 11:08:50 - [TEST_CASE][PASSED] - Test Cases/Mobile/Scenario/NavigationMenu/002 - Risk Profile analysis: Test Cases/Mobile/Scenario/NavigationMenu/002 - Risk Profile analysis

2021-12-21 11:08:50 - [TEST_STEP][PASSED] - callTestCase(findTestCase("Mobile/Page/Run App/Run App byID"), [:], STOP_ON_FAILURE): Call Test Case 'Test Cases/Mobile/Page/Run App/Run App byID' successfully

2021-12-21 11:08:51 - [TEST_CASE][PASSED] - Test Cases/Mobile/Page/Run App/Run App byID: Test Cases/Mobile/Page/Run App/Run App byID

2021-12-21 11:08:51 - [TEST_STEP][PASSED] - startApp.OpenApp.startApplication("id.co.miraeasset.sageclub"): startApp.OpenApp.startApplication is PASSED

2021-12-21 11:09:02 - [MESSAGE][PASSED] - Starting app with application ID: 'id.co.miraeasset.sageclub'

2021-12-21 11:09:02 - [MESSAGE][PASSED] - startApp.OpenApp.startApplication is PASSED

2021-12-21 11:09:02 - [MESSAGE][PASSED] - Call Test Case 'Test Cases/Mobile/Page/Run App/Run App byID' successfully

2021-12-21 11:09:02 - [TEST_STEP][PASSED] - callTestCase(findTestCase("Mobile/Page/NavigationMenu/NavigationMenu"), ["action":"analyzeprofile"], CONTINUE_ON_FAILURE): Call Test Case 'Test Cases/Mobile/Page/NavigationMenu/NavigationMenu' successfully

2021-12-21 11:09:02 - [TEST_CASE][PASSED] - Test Cases/Mobile/Page/NavigationMenu/NavigationMenu: Test Cases/Mobile/Page/NavigationMenu/NavigationMenu

2021-12-21 11:09:02 - [TEST_STEP][PASSED] - callTestCase(findTestCase("Mobile/Page/CheckLogin"), [:], CONTINUE_ON_FAILURE): Call Test Case 'Test Cases/Mobile/Page/CheckLogin' successfully

2021-12-21 11:09:02 - [TEST_CASE][PASSED] - Test Cases/Mobile/Page/CheckLogin: Test Cases/Mobile/Page/CheckLogin

2021-12-21 11:09:02 - [TEST_STEP][PASSED] - loginCheck = verifyElementExist(findTestObject("Mobile/Page/Login/Button - Login"), 2, CONTINUE_ON_FAILURE): Element 'Object Repository/Mobile/Page/Login/Button - Login' is exist

2021-12-21 11:09:04 - [MESSAGE][PASSED] - Element 'Object Repository/Mobile/Page/Login/Button - Login' is exist

2021-12-21 11:09:04 - [TEST_STEP][PASSED] - if (loginCheck): Call Test Case 'Test Cases/Mobile/Page/Login/Login' successfully

2021-12-21 11:09:04 - [TEST_STEP][PASSED] - callTestCase(findTestCase("Mobile/Page/Login/Login"), [:], CONTINUE_ON_FAILURE): Call Test Case 'Test Cases/Mobile/Page/Login/Login' successfully

2021-12-21 11:09:04 - [TEST_CASE][PASSED] - Test Cases/Mobile/Page/Login/Login: Test Cases/Mobile/Page/Login/Login

2021-12-21 11:09:04 - [TEST_STEP][PASSED] - delay(2): Delayed 2 second(s)

2021-12-21 11:09:06 - [MESSAGE][PASSED] - Delayed 2 second(s)

2021-12-21 11:09:06 - [TEST_STEP][PASSED] - tap(findTestObject("Mobile/Page/Login/Input - UserID"), 0): Tapped on element 'Object Repository/Mobile/Page/Login/Input - UserID'

2021-12-21 11:09:06 - [MESSAGE][WARNING] - Timeout '0' is invalid. Using default page load timeout: '60'

2021-12-21 11:09:07 - [MESSAGE][PASSED] - Tapped on element 'Object Repository/Mobile/Page/Login/Input - UserID'

2021-12-21 11:09:07 - [TEST_STEP][PASSED] - delay(1): Delayed 1 second(s)

2021-12-21 11:09:08 - [MESSAGE][PASSED] - Delayed 1 second(s)

2021-12-21 11:09:08 - [TEST_STEP][PASSED] - setText(findTestObject("Mobile/Page/Login/Input Rdy - UserID"), "anggaaditya", 0): Text 'anggaaditya' has been set to element 'Object Repository/Mobile/Page/Login/Input Rdy - UserID'

2021-12-21 11:09:08 - [MESSAGE][WARNING] - Timeout '0' is invalid. Using default page load timeout: '60'

2021-12-21 11:09:08 - [MESSAGE][PASSED] - Text 'anggaaditya' has been set to element 'Object Repository/Mobile/Page/Login/Input Rdy - UserID'

2021-12-21 11:09:08 - [TEST_STEP][PASSED] - delay(1): Delayed 1 second(s)

2021-12-21 11:09:09 - [MESSAGE][PASSED] - Delayed 1 second(s)

2021-12-21 11:09:09 - [TEST_STEP][PASSED] - hideKeyboard(): Keyboard is hidden

2021-12-21 11:09:13 - [MESSAGE][PASSED] - Keyboard is hidden

2021-12-21 11:09:13 - [TEST_STEP][PASSED] - tap(findTestObject("Mobile/Page/Login/Input - Password"), 0): Tapped on element 'Object Repository/Mobile/Page/Login/Input - Password'

2021-12-21 11:09:13 - [MESSAGE][WARNING] - Timeout '0' is invalid. Using default page load timeout: '60'

2021-12-21 11:09:13 - [MESSAGE][PASSED] - Tapped on element 'Object Repository/Mobile/Page/Login/Input - Password'

2021-12-21 11:09:13 - [TEST_STEP][PASSED] - delay(1): Delayed 1 second(s)

2021-12-21 11:09:14 - [MESSAGE][PASSED] - Delayed 1 second(s)

2021-12-21 11:09:14 - [TEST_STEP][PASSED] - setText(findTestObject("Mobile/Page/Login/Input Rdy - Password"), "Shalawa18", 0): Text 'Shalawa18' has been set to element 'Object Repository/Mobile/Page/Login/Input Rdy - Password'

2021-12-21 11:09:14 - [MESSAGE][WARNING] - Timeout '0' is invalid. Using default page load timeout: '60'

2021-12-21 11:09:15 - [MESSAGE][PASSED] - Text 'Shalawa18' has been set to element 'Object Repository/Mobile/Page/Login/Input Rdy - Password'

2021-12-21 11:09:15 - [TEST_STEP][PASSED] - delay(1): Delayed 1 second(s)

2021-12-21 11:09:16 - [MESSAGE][PASSED] - Delayed 1 second(s)

2021-12-21 11:09:16 - [TEST_STEP][PASSED] - hideKeyboard(): Keyboard is hidden

2021-12-21 11:09:22 - [MESSAGE][PASSED] - Keyboard is hidden

2021-12-21 11:09:22 - [TEST_STEP][PASSED] - tap(findTestObject("Mobile/Page/Login/Button - Login"), 0): Tapped on element 'Object Repository/Mobile/Page/Login/Button - Login'

2021-12-21 11:09:22 - [MESSAGE][WARNING] - Timeout '0' is invalid. Using default page load timeout: '60'

2021-12-21 11:09:23 - [MESSAGE][PASSED] - Tapped on element 'Object Repository/Mobile/Page/Login/Button - Login'

2021-12-21 11:09:23 - [TEST_STEP][PASSED] - delay(2): Delayed 2 second(s)

2021-12-21 11:09:25 - [MESSAGE][PASSED] - Delayed 2 second(s)

2021-12-21 11:09:25 - [MESSAGE][PASSED] - Call Test Case 'Test Cases/Mobile/Page/Login/Login' successfully

2021-12-21 11:09:25 - [MESSAGE][PASSED] - Call Test Case 'Test Cases/Mobile/Page/CheckLogin' successfully

2021-12-21 11:09:25 - [TEST_STEP][PASSED] - delay(3): Delayed 3 second(s)

2021-12-21 11:09:28 - [MESSAGE][PASSED] - Delayed 3 second(s)

2021-12-21 11:09:28 - [TEST_STEP][PASSED] - scroll.scroll.scrollScreenLeftToRight(): scroll.scroll.scrollScreenLeftToRight is PASSED

2021-12-21 11:09:28 - [MESSAGE][PASSED] - Current device physical height is 1423

2021-12-21 11:09:28 - [MESSAGE][PASSED] - Current device physical width is 720

2021-12-21 11:09:28 - [MESSAGE][PASSED] - Current device physical height is 1423

2021-12-21 11:09:30 - [MESSAGE][PASSED] - Swiped from 10,711 to 710,711

2021-12-21 11:09:30 - [MESSAGE][PASSED] - scroll.scroll.scrollScreenLeftToRight is PASSED

2021-12-21 11:09:30 - [TEST_STEP][PASSED] - delay(1): Delayed 1 second(s)

2021-12-21 11:09:31 - [MESSAGE][PASSED] - Delayed 1 second(s)

2021-12-21 11:09:31 - [TEST_STEP][FAILED] - for ([i = 0, i < 1, (i++)]): null

2021-12-21 11:09:31 - [TEST_STEP][PASSED] - if (action == "downloadtaxreport"): null

2021-12-21 11:09:31 - [TEST_STEP][FAILED] - else if (action == "analyzeprofile"): null

2021-12-21 11:09:31 - [TEST_STEP][PASSED] - risk = findTestObject("Mobile/Page/NavigationMenu/Container - Risk Profile"): null

2021-12-21 11:09:31 - [TEST_STEP][PASSED] - top = getElementTopPosition(risk, 0): Object 'Object Repository/Mobile/Page/NavigationMenu/Container - Risk Profile' has top position '463'

2021-12-21 11:09:31 - [MESSAGE][WARNING] - Timeout '0' is invalid. Using default page load timeout: '60'

2021-12-21 11:09:31 - [MESSAGE][PASSED] - Object 'Object Repository/Mobile/Page/NavigationMenu/Container - Risk Profile' has top position '463'

2021-12-21 11:09:31 - [TEST_STEP][PASSED] - y = getElementHeight(risk, 0) * 0.8 + top: Object 'Object Repository/Mobile/Page/NavigationMenu/Container - Risk Profile' has height: '119'

2021-12-21 11:09:31 - [MESSAGE][WARNING] - Timeout '0' is invalid. Using default page load timeout: '60'

2021-12-21 11:09:31 - [MESSAGE][PASSED] - Object 'Object Repository/Mobile/Page/NavigationMenu/Container - Risk Profile' has height: '119'

2021-12-21 11:09:31 - [TEST_STEP][PASSED] - x = getDeviceWidth() * 0.2: Current device physical width is 720

2021-12-21 11:09:31 - [MESSAGE][PASSED] - Current device physical width is 720

2021-12-21 11:09:31 - [TEST_STEP][PASSED] - tapAtPosition(x, y): Tapped at [144, 558]

2021-12-21 11:09:32 - [MESSAGE][PASSED] - Tapped at [144, 558]

2021-12-21 11:09:32 - [TEST_STEP][PASSED] - delay(1): Delayed 1 second(s)

2021-12-21 11:09:33 - [MESSAGE][PASSED] - Delayed 1 second(s)

2021-12-21 11:09:33 - [TEST_STEP][FAILED] - try: Failed to check for element 'Object Repository/Mobile/Page/NavigationMenu/Container - Risk Profile' exist (Root cause: com.kms.katalon.core.exception.StepFailedException: Element 'Object Repository/Mobile/Page/NavigationMenu/Container - Risk Profile' not found
	at com.kms.katalon.core.keyword.internal.KeywordMain.stepFailed(KeywordMain.groovy:50)
	at com.kms.katalon.core.mobile.keyword.internal.MobileKeywordMain.stepFailed(MobileKeywordMain.groovy:40)
	at com.kms.katalon.core.mobile.keyword.builtin.VerifyElementExistKeyword$_verifyElementExist_closure1.doCall(VerifyElementExistKeyword.groovy:77)
	at com.kms.katalon.core.mobile.keyword.builtin.VerifyElementExistKeyword$_verifyElementExist_closure1.call(VerifyElementExistKeyword.groovy)
	at com.kms.katalon.core.mobile.keyword.internal.MobileKeywordMain.runKeyword(MobileKeywordMain.groovy:21)
	at com.kms.katalon.core.mobile.keyword.builtin.VerifyElementExistKeyword.verifyElementExist(VerifyElementExistKeyword.groovy:80)
	at com.kms.katalon.core.mobile.keyword.builtin.VerifyElementExistKeyword.execute(VerifyElementExistKeyword.groovy:64)
	at com.kms.katalon.core.keyword.internal.KeywordExecutor.executeKeywordForPlatform(KeywordExecutor.groovy:73)
	at com.kms.katalon.core.mobile.keyword.MobileBuiltInKeywords.verifyElementExist(MobileBuiltInKeywords.groovy:1586)
	at com.kms.katalon.core.mobile.keyword.MobileBuiltInKeywords$verifyElementExist$11.call(Unknown Source)
	at NavigationMenu.run(NavigationMenu:51)
	at com.kms.katalon.core.main.ScriptEngine.run(ScriptEngine.java:194)
	at com.kms.katalon.core.main.ScriptEngine.runScriptAsRawText(ScriptEngine.java:119)
	at com.kms.katalon.core.main.TestCaseExecutor.runScript(TestCaseExecutor.java:398)
	at com.kms.katalon.core.main.TestCaseExecutor.doExecute(TestCaseExecutor.java:389)
	at com.kms.katalon.core.main.TestCaseExecutor.processExecutionPhase(TestCaseExecutor.java:368)
	at com.kms.katalon.core.main.TestCaseExecutor.accessMainPhase(TestCaseExecutor.java:360)
	at com.kms.katalon.core.main.TestCaseExecutor.execute(TestCaseExecutor.java:255)
	at com.kms.katalon.core.main.TestCaseMain.runTestCase(TestCaseMain.java:114)
	at com.kms.katalon.core.keyword.builtin.CallTestCaseKeyword$_callTestCase_closure1.doCall(CallTestCaseKeyword.groovy:59)
	at com.kms.katalon.core.keyword.builtin.CallTestCaseKeyword$_callTestCase_closure1.call(CallTestCaseKeyword.groovy)
	at com.kms.katalon.core.keyword.internal.KeywordMain.runKeyword(KeywordMain.groovy:68)
	at com.kms.katalon.core.keyword.builtin.CallTestCaseKeyword.callTestCase(CallTestCaseKeyword.groovy:81)
	at com.kms.katalon.core.keyword.builtin.CallTestCaseKeyword.execute(CallTestCaseKeyword.groovy:44)
	at com.kms.katalon.core.keyword.internal.KeywordExecutor.executeKeywordForPlatform(KeywordExecutor.groovy:73)
	at com.kms.katalon.core.keyword.BuiltinKeywords.callTestCase(BuiltinKeywords.groovy:334)
	at 002 - Risk Profile analysis.run(002 - Risk Profile analysis:22)
	at com.kms.katalon.core.main.ScriptEngine.run(ScriptEngine.java:194)
	at com.kms.katalon.core.main.ScriptEngine.runScriptAsRawText(ScriptEngine.java:119)
	at com.kms.katalon.core.main.TestCaseExecutor.runScript(TestCaseExecutor.java:398)
	at com.kms.katalon.core.main.TestCaseExecutor.doExecute(TestCaseExecutor.java:389)
	at com.kms.katalon.core.main.TestCaseExecutor.processExecutionPhase(TestCaseExecutor.java:368)
	at com.kms.katalon.core.main.TestCaseExecutor.accessMainPhase(TestCaseExecutor.java:360)
	at com.kms.katalon.core.main.TestCaseExecutor.execute(TestCaseExecutor.java:255)
	at com.kms.katalon.core.main.TestSuiteExecutor.accessTestCaseMainPhase(TestSuiteExecutor.java:203)
	at com.kms.katalon.core.main.TestSuiteExecutor.accessTestSuiteMainPhase(TestSuiteExecutor.java:152)
	at com.kms.katalon.core.main.TestSuiteExecutor.execute(TestSuiteExecutor.java:95)
	at com.kms.katalon.core.main.TestCaseMain.startTestSuite(TestCaseMain.java:157)
	at com.kms.katalon.core.main.TestCaseMain$startTestSuite$0.call(Unknown Source)
	at TempTestSuite1640059657170.run(TempTestSuite1640059657170.groovy:39)
)

2021-12-21 11:09:33 - [TEST_STEP][FAILED] - for ([j = 1, j <= 5, (j++)]): Failed to check for element 'Object Repository/Mobile/Page/NavigationMenu/Container - Risk Profile' exist (Root cause: com.kms.katalon.core.exception.StepFailedException: Element 'Object Repository/Mobile/Page/NavigationMenu/Container - Risk Profile' not found
	at com.kms.katalon.core.keyword.internal.KeywordMain.stepFailed(KeywordMain.groovy:50)
	at com.kms.katalon.core.mobile.keyword.internal.MobileKeywordMain.stepFailed(MobileKeywordMain.groovy:40)
	at com.kms.katalon.core.mobile.keyword.builtin.VerifyElementExistKeyword$_verifyElementExist_closure1.doCall(VerifyElementExistKeyword.groovy:77)
	at com.kms.katalon.core.mobile.keyword.builtin.VerifyElementExistKeyword$_verifyElementExist_closure1.call(VerifyElementExistKeyword.groovy)
	at com.kms.katalon.core.mobile.keyword.internal.MobileKeywordMain.runKeyword(MobileKeywordMain.groovy:21)
	at com.kms.katalon.core.mobile.keyword.builtin.VerifyElementExistKeyword.verifyElementExist(VerifyElementExistKeyword.groovy:80)
	at com.kms.katalon.core.mobile.keyword.builtin.VerifyElementExistKeyword.execute(VerifyElementExistKeyword.groovy:64)
	at com.kms.katalon.core.keyword.internal.KeywordExecutor.executeKeywordForPlatform(KeywordExecutor.groovy:73)
	at com.kms.katalon.core.mobile.keyword.MobileBuiltInKeywords.verifyElementExist(MobileBuiltInKeywords.groovy:1586)
	at com.kms.katalon.core.mobile.keyword.MobileBuiltInKeywords$verifyElementExist$11.call(Unknown Source)
	at NavigationMenu.run(NavigationMenu:51)
	at com.kms.katalon.core.main.ScriptEngine.run(ScriptEngine.java:194)
	at com.kms.katalon.core.main.ScriptEngine.runScriptAsRawText(ScriptEngine.java:119)
	at com.kms.katalon.core.main.TestCaseExecutor.runScript(TestCaseExecutor.java:398)
	at com.kms.katalon.core.main.TestCaseExecutor.doExecute(TestCaseExecutor.java:389)
	at com.kms.katalon.core.main.TestCaseExecutor.processExecutionPhase(TestCaseExecutor.java:368)
	at com.kms.katalon.core.main.TestCaseExecutor.accessMainPhase(TestCaseExecutor.java:360)
	at com.kms.katalon.core.main.TestCaseExecutor.execute(TestCaseExecutor.java:255)
	at com.kms.katalon.core.main.TestCaseMain.runTestCase(TestCaseMain.java:114)
	at com.kms.katalon.core.keyword.builtin.CallTestCaseKeyword$_callTestCase_closure1.doCall(CallTestCaseKeyword.groovy:59)
	at com.kms.katalon.core.keyword.builtin.CallTestCaseKeyword$_callTestCase_closure1.call(CallTestCaseKeyword.groovy)
	at com.kms.katalon.core.keyword.internal.KeywordMain.runKeyword(KeywordMain.groovy:68)
	at com.kms.katalon.core.keyword.builtin.CallTestCaseKeyword.callTestCase(CallTestCaseKeyword.groovy:81)
	at com.kms.katalon.core.keyword.builtin.CallTestCaseKeyword.execute(CallTestCaseKeyword.groovy:44)
	at com.kms.katalon.core.keyword.internal.KeywordExecutor.executeKeywordForPlatform(KeywordExecutor.groovy:73)
	at com.kms.katalon.core.keyword.BuiltinKeywords.callTestCase(BuiltinKeywords.groovy:334)
	at 002 - Risk Profile analysis.run(002 - Risk Profile analysis:22)
	at com.kms.katalon.core.main.ScriptEngine.run(ScriptEngine.java:194)
	at com.kms.katalon.core.main.ScriptEngine.runScriptAsRawText(ScriptEngine.java:119)
	at com.kms.katalon.core.main.TestCaseExecutor.runScript(TestCaseExecutor.java:398)
	at com.kms.katalon.core.main.TestCaseExecutor.doExecute(TestCaseExecutor.java:389)
	at com.kms.katalon.core.main.TestCaseExecutor.processExecutionPhase(TestCaseExecutor.java:368)
	at com.kms.katalon.core.main.TestCaseExecutor.accessMainPhase(TestCaseExecutor.java:360)
	at com.kms.katalon.core.main.TestCaseExecutor.execute(TestCaseExecutor.java:255)
	at com.kms.katalon.core.main.TestSuiteExecutor.accessTestCaseMainPhase(TestSuiteExecutor.java:203)
	at com.kms.katalon.core.main.TestSuiteExecutor.accessTestSuiteMainPhase(TestSuiteExecutor.java:152)
	at com.kms.katalon.core.main.TestSuiteExecutor.execute(TestSuiteExecutor.java:95)
	at com.kms.katalon.core.main.TestCaseMain.startTestSuite(TestCaseMain.java:157)
	at com.kms.katalon.core.main.TestCaseMain$startTestSuite$0.call(Unknown Source)
	at TempTestSuite1640059657170.run(TempTestSuite1640059657170.groovy:39)
)

2021-12-21 11:09:33 - [TEST_STEP][PASSED] - bestsuited = verifyElementExist(findTestObject("Mobile/Page/NavigationMenu/Container - Risk Profile"), 2): Element 'Object Repository/Mobile/Page/NavigationMenu/Container - Risk Profile' is exist

2021-12-21 11:09:33 - [MESSAGE][PASSED] - Element 'Object Repository/Mobile/Page/NavigationMenu/Container - Risk Profile' is exist

2021-12-21 11:09:33 - [TEST_STEP][PASSED] - if (!(bestsuited)): null

2021-12-21 11:09:33 - [TEST_STEP][PASSED] - x = getDeviceWidth() * 0.2 * j: Current device physical width is 720

2021-12-21 11:09:33 - [MESSAGE][PASSED] - Current device physical width is 720

2021-12-21 11:09:33 - [TEST_STEP][PASSED] - tapAtPosition(x, y): Tapped at [144, 558]

2021-12-21 11:09:33 - [MESSAGE][PASSED] - Tapped at [144, 558]

2021-12-21 11:09:33 - [TEST_STEP][PASSED] - delay(1): Delayed 1 second(s)

2021-12-21 11:09:34 - [MESSAGE][PASSED] - Delayed 1 second(s)

2021-12-21 11:09:34 - [TEST_STEP][PASSED] - bestsuited = verifyElementExist(findTestObject("Mobile/Page/NavigationMenu/Container - Risk Profile"), 2): Element 'Object Repository/Mobile/Page/NavigationMenu/Container - Risk Profile' is exist

2021-12-21 11:09:35 - [MESSAGE][PASSED] - Element 'Object Repository/Mobile/Page/NavigationMenu/Container - Risk Profile' is exist

2021-12-21 11:09:35 - [TEST_STEP][PASSED] - if (!(bestsuited)): null

2021-12-21 11:09:35 - [TEST_STEP][PASSED] - x = getDeviceWidth() * 0.2 * j: Current device physical width is 720

2021-12-21 11:09:35 - [MESSAGE][PASSED] - Current device physical width is 720

2021-12-21 11:09:35 - [TEST_STEP][PASSED] - tapAtPosition(x, y): Tapped at [288, 558]

2021-12-21 11:09:35 - [MESSAGE][PASSED] - Tapped at [288, 558]

2021-12-21 11:09:35 - [TEST_STEP][PASSED] - delay(1): Delayed 1 second(s)

2021-12-21 11:09:36 - [MESSAGE][PASSED] - Delayed 1 second(s)

2021-12-21 11:09:36 - [TEST_STEP][FAILED] - bestsuited = verifyElementExist(findTestObject("Mobile/Page/NavigationMenu/Container - Risk Profile"), 2): Failed to check for element 'Object Repository/Mobile/Page/NavigationMenu/Container - Risk Profile' exist (Root cause: com.kms.katalon.core.exception.StepFailedException: Element 'Object Repository/Mobile/Page/NavigationMenu/Container - Risk Profile' not found
	at com.kms.katalon.core.keyword.internal.KeywordMain.stepFailed(KeywordMain.groovy:50)
	at com.kms.katalon.core.mobile.keyword.internal.MobileKeywordMain.stepFailed(MobileKeywordMain.groovy:40)
	at com.kms.katalon.core.mobile.keyword.builtin.VerifyElementExistKeyword$_verifyElementExist_closure1.doCall(VerifyElementExistKeyword.groovy:77)
	at com.kms.katalon.core.mobile.keyword.builtin.VerifyElementExistKeyword$_verifyElementExist_closure1.call(VerifyElementExistKeyword.groovy)
	at com.kms.katalon.core.mobile.keyword.internal.MobileKeywordMain.runKeyword(MobileKeywordMain.groovy:21)
	at com.kms.katalon.core.mobile.keyword.builtin.VerifyElementExistKeyword.verifyElementExist(VerifyElementExistKeyword.groovy:80)
	at com.kms.katalon.core.mobile.keyword.builtin.VerifyElementExistKeyword.execute(VerifyElementExistKeyword.groovy:64)
	at com.kms.katalon.core.keyword.internal.KeywordExecutor.executeKeywordForPlatform(KeywordExecutor.groovy:73)
	at com.kms.katalon.core.mobile.keyword.MobileBuiltInKeywords.verifyElementExist(MobileBuiltInKeywords.groovy:1586)
	at com.kms.katalon.core.mobile.keyword.MobileBuiltInKeywords$verifyElementExist$11.call(Unknown Source)
	at NavigationMenu.run(NavigationMenu:51)
	at com.kms.katalon.core.main.ScriptEngine.run(ScriptEngine.java:194)
	at com.kms.katalon.core.main.ScriptEngine.runScriptAsRawText(ScriptEngine.java:119)
	at com.kms.katalon.core.main.TestCaseExecutor.runScript(TestCaseExecutor.java:398)
	at com.kms.katalon.core.main.TestCaseExecutor.doExecute(TestCaseExecutor.java:389)
	at com.kms.katalon.core.main.TestCaseExecutor.processExecutionPhase(TestCaseExecutor.java:368)
	at com.kms.katalon.core.main.TestCaseExecutor.accessMainPhase(TestCaseExecutor.java:360)
	at com.kms.katalon.core.main.TestCaseExecutor.execute(TestCaseExecutor.java:255)
	at com.kms.katalon.core.main.TestCaseMain.runTestCase(TestCaseMain.java:114)
	at com.kms.katalon.core.keyword.builtin.CallTestCaseKeyword$_callTestCase_closure1.doCall(CallTestCaseKeyword.groovy:59)
	at com.kms.katalon.core.keyword.builtin.CallTestCaseKeyword$_callTestCase_closure1.call(CallTestCaseKeyword.groovy)
	at com.kms.katalon.core.keyword.internal.KeywordMain.runKeyword(KeywordMain.groovy:68)
	at com.kms.katalon.core.keyword.builtin.CallTestCaseKeyword.callTestCase(CallTestCaseKeyword.groovy:81)
	at com.kms.katalon.core.keyword.builtin.CallTestCaseKeyword.execute(CallTestCaseKeyword.groovy:44)
	at com.kms.katalon.core.keyword.internal.KeywordExecutor.executeKeywordForPlatform(KeywordExecutor.groovy:73)
	at com.kms.katalon.core.keyword.BuiltinKeywords.callTestCase(BuiltinKeywords.groovy:334)
	at 002 - Risk Profile analysis.run(002 - Risk Profile analysis:22)
	at com.kms.katalon.core.main.ScriptEngine.run(ScriptEngine.java:194)
	at com.kms.katalon.core.main.ScriptEngine.runScriptAsRawText(ScriptEngine.java:119)
	at com.kms.katalon.core.main.TestCaseExecutor.runScript(TestCaseExecutor.java:398)
	at com.kms.katalon.core.main.TestCaseExecutor.doExecute(TestCaseExecutor.java:389)
	at com.kms.katalon.core.main.TestCaseExecutor.processExecutionPhase(TestCaseExecutor.java:368)
	at com.kms.katalon.core.main.TestCaseExecutor.accessMainPhase(TestCaseExecutor.java:360)
	at com.kms.katalon.core.main.TestCaseExecutor.execute(TestCaseExecutor.java:255)
	at com.kms.katalon.core.main.TestSuiteExecutor.accessTestCaseMainPhase(TestSuiteExecutor.java:203)
	at com.kms.katalon.core.main.TestSuiteExecutor.accessTestSuiteMainPhase(TestSuiteExecutor.java:152)
	at com.kms.katalon.core.main.TestSuiteExecutor.execute(TestSuiteExecutor.java:95)
	at com.kms.katalon.core.main.TestCaseMain.startTestSuite(TestCaseMain.java:157)
	at com.kms.katalon.core.main.TestCaseMain$startTestSuite$0.call(Unknown Source)
	at TempTestSuite1640059657170.run(TempTestSuite1640059657170.groovy:39)
)

2021-12-21 11:09:39 - [MESSAGE][FAILED] - Element 'Object Repository/Mobile/Page/NavigationMenu/Container - Risk Profile' not found
[[ATTACHMENT|C:\\Users\\Owner\\Documents\\kerjaan\\KatalonProject\\qa_katalon_pwm\\qa_katalon_pwm\\Reports\\20211221_110737\\navigationmenu\\20211221_110737\\1640059778666.png]]

2021-12-21 11:09:40 - [MESSAGE][FAILED] - Failed to check for element 'Object Repository/Mobile/Page/NavigationMenu/Container - Risk Profile' exist (Root cause: com.kms.katalon.core.exception.StepFailedException: Element 'Object Repository/Mobile/Page/NavigationMenu/Container - Risk Profile' not found
	at com.kms.katalon.core.keyword.internal.KeywordMain.stepFailed(KeywordMain.groovy:50)
	at com.kms.katalon.core.mobile.keyword.internal.MobileKeywordMain.stepFailed(MobileKeywordMain.groovy:40)
	at com.kms.katalon.core.mobile.keyword.builtin.VerifyElementExistKeyword$_verifyElementExist_closure1.doCall(VerifyElementExistKeyword.groovy:77)
	at com.kms.katalon.core.mobile.keyword.builtin.VerifyElementExistKeyword$_verifyElementExist_closure1.call(VerifyElementExistKeyword.groovy)
	at com.kms.katalon.core.mobile.keyword.internal.MobileKeywordMain.runKeyword(MobileKeywordMain.groovy:21)
	at com.kms.katalon.core.mobile.keyword.builtin.VerifyElementExistKeyword.verifyElementExist(VerifyElementExistKeyword.groovy:80)
	at com.kms.katalon.core.mobile.keyword.builtin.VerifyElementExistKeyword.execute(VerifyElementExistKeyword.groovy:64)
	at com.kms.katalon.core.keyword.internal.KeywordExecutor.executeKeywordForPlatform(KeywordExecutor.groovy:73)
	at com.kms.katalon.core.mobile.keyword.MobileBuiltInKeywords.verifyElementExist(MobileBuiltInKeywords.groovy:1586)
	at com.kms.katalon.core.mobile.keyword.MobileBuiltInKeywords$verifyElementExist$11.call(Unknown Source)
	at NavigationMenu.run(NavigationMenu:51)
	at com.kms.katalon.core.main.ScriptEngine.run(ScriptEngine.java:194)
	at com.kms.katalon.core.main.ScriptEngine.runScriptAsRawText(ScriptEngine.java:119)
	at com.kms.katalon.core.main.TestCaseExecutor.runScript(TestCaseExecutor.java:398)
	at com.kms.katalon.core.main.TestCaseExecutor.doExecute(TestCaseExecutor.java:389)
	at com.kms.katalon.core.main.TestCaseExecutor.processExecutionPhase(TestCaseExecutor.java:368)
	at com.kms.katalon.core.main.TestCaseExecutor.accessMainPhase(TestCaseExecutor.java:360)
	at com.kms.katalon.core.main.TestCaseExecutor.execute(TestCaseExecutor.java:255)
	at com.kms.katalon.core.main.TestCaseMain.runTestCase(TestCaseMain.java:114)
	at com.kms.katalon.core.keyword.builtin.CallTestCaseKeyword$_callTestCase_closure1.doCall(CallTestCaseKeyword.groovy:59)
	at com.kms.katalon.core.keyword.builtin.CallTestCaseKeyword$_callTestCase_closure1.call(CallTestCaseKeyword.groovy)
	at com.kms.katalon.core.keyword.internal.KeywordMain.runKeyword(KeywordMain.groovy:68)
	at com.kms.katalon.core.keyword.builtin.CallTestCaseKeyword.callTestCase(CallTestCaseKeyword.groovy:81)
	at com.kms.katalon.core.keyword.builtin.CallTestCaseKeyword.execute(CallTestCaseKeyword.groovy:44)
	at com.kms.katalon.core.keyword.internal.KeywordExecutor.executeKeywordForPlatform(KeywordExecutor.groovy:73)
	at com.kms.katalon.core.keyword.BuiltinKeywords.callTestCase(BuiltinKeywords.groovy:334)
	at 002 - Risk Profile analysis.run(002 - Risk Profile analysis:22)
	at com.kms.katalon.core.main.ScriptEngine.run(ScriptEngine.java:194)
	at com.kms.katalon.core.main.ScriptEngine.runScriptAsRawText(ScriptEngine.java:119)
	at com.kms.katalon.core.main.TestCaseExecutor.runScript(TestCaseExecutor.java:398)
	at com.kms.katalon.core.main.TestCaseExecutor.doExecute(TestCaseExecutor.java:389)
	at com.kms.katalon.core.main.TestCaseExecutor.processExecutionPhase(TestCaseExecutor.java:368)
	at com.kms.katalon.core.main.TestCaseExecutor.accessMainPhase(TestCaseExecutor.java:360)
	at com.kms.katalon.core.main.TestCaseExecutor.execute(TestCaseExecutor.java:255)
	at com.kms.katalon.core.main.TestSuiteExecutor.accessTestCaseMainPhase(TestSuiteExecutor.java:203)
	at com.kms.katalon.core.main.TestSuiteExecutor.accessTestSuiteMainPhase(TestSuiteExecutor.java:152)
	at com.kms.katalon.core.main.TestSuiteExecutor.execute(TestSuiteExecutor.java:95)
	at com.kms.katalon.core.main.TestCaseMain.startTestSuite(TestCaseMain.java:157)
	at com.kms.katalon.core.main.TestCaseMain$startTestSuite$0.call(Unknown Source)
	at TempTestSuite1640059657170.run(TempTestSuite1640059657170.groovy:39)
)
[[ATTACHMENT|C:\\Users\\Owner\\Documents\\kerjaan\\KatalonProject\\qa_katalon_pwm\\qa_katalon_pwm\\Reports\\20211221_110737\\navigationmenu\\20211221_110737\\1640059779345.png]]

2021-12-21 11:09:40 - [TEST_STEP][PASSED] - catch (Exception e): null

2021-12-21 11:09:40 - [TEST_STEP][PASSED] - rand = new java.util.Random(): null

2021-12-21 11:09:40 - [TEST_STEP][PASSED] - random = rand.nextInt(2): null

2021-12-21 11:09:40 - [TEST_STEP][PASSED] - positionclick.positionclick.clickButtonInBottom(findTestObject("Mobile/Page/NavigationMenu/Risk Profile/Dropdown - How Long")): positionclick.positionclick.clickButtonInBottom is PASSED

2021-12-21 11:09:40 - [MESSAGE][PASSED] - Current device physical width is 720

2021-12-21 11:09:40 - [MESSAGE][WARNING] - Timeout '0' is invalid. Using default page load timeout: '60'

2021-12-21 11:09:40 - [MESSAGE][PASSED] - Object 'Object Repository/Mobile/Page/NavigationMenu/Risk Profile/Dropdown - How Long' has top position '151'

2021-12-21 11:09:40 - [MESSAGE][WARNING] - Timeout '0' is invalid. Using default page load timeout: '60'

2021-12-21 11:09:40 - [MESSAGE][PASSED] - Object 'Object Repository/Mobile/Page/NavigationMenu/Risk Profile/Dropdown - How Long' has height: '126'

2021-12-21 11:09:41 - [MESSAGE][PASSED] - Tapped at [360, 251]

2021-12-21 11:09:41 - [MESSAGE][PASSED] - positionclick.positionclick.clickButtonInBottom is PASSED

2021-12-21 11:09:41 - [TEST_STEP][PASSED] - delay(1): Delayed 1 second(s)

2021-12-21 11:09:42 - [MESSAGE][PASSED] - Delayed 1 second(s)

2021-12-21 11:09:42 - [TEST_STEP][PASSED] - if (random == 0): Tapped on element 'Object Repository/Mobile/Page/NavigationMenu/Risk Profile/Option How Long - 1 to 3'

2021-12-21 11:09:42 - [MESSAGE][WARNING] - Timeout '0' is invalid. Using default page load timeout: '60'

2021-12-21 11:09:42 - [MESSAGE][PASSED] - Tapped on element 'Object Repository/Mobile/Page/NavigationMenu/Risk Profile/Option How Long - 1 to 3'

2021-12-21 11:09:42 - [TEST_STEP][PASSED] - delay(1): Delayed 1 second(s)

2021-12-21 11:09:43 - [MESSAGE][PASSED] - Delayed 1 second(s)

2021-12-21 11:09:43 - [TEST_STEP][PASSED] - random = rand.nextInt(2): null

2021-12-21 11:09:43 - [TEST_STEP][PASSED] - positionclick.positionclick.clickButtonInBottom(findTestObject("Mobile/Page/NavigationMenu/Risk Profile/Dropdown - Investment Goal")): positionclick.positionclick.clickButtonInBottom is PASSED

2021-12-21 11:09:44 - [MESSAGE][PASSED] - Current device physical width is 720

2021-12-21 11:09:44 - [MESSAGE][WARNING] - Timeout '0' is invalid. Using default page load timeout: '60'

2021-12-21 11:09:44 - [MESSAGE][PASSED] - Object 'Object Repository/Mobile/Page/NavigationMenu/Risk Profile/Dropdown - Investment Goal' has top position '303'

2021-12-21 11:09:44 - [MESSAGE][WARNING] - Timeout '0' is invalid. Using default page load timeout: '60'

2021-12-21 11:09:44 - [MESSAGE][PASSED] - Object 'Object Repository/Mobile/Page/NavigationMenu/Risk Profile/Dropdown - Investment Goal' has height: '126'

2021-12-21 11:09:45 - [MESSAGE][PASSED] - Tapped at [360, 403]

2021-12-21 11:09:45 - [MESSAGE][PASSED] - positionclick.positionclick.clickButtonInBottom is PASSED

2021-12-21 11:09:45 - [TEST_STEP][PASSED] - delay(1): Delayed 1 second(s)

2021-12-21 11:09:46 - [MESSAGE][PASSED] - Delayed 1 second(s)

2021-12-21 11:09:46 - [TEST_STEP][PASSED] - if (random == 0): Tapped on element 'Object Repository/Mobile/Page/NavigationMenu/Risk Profile/Option Investment Goal - Additional Income'

2021-12-21 11:09:46 - [MESSAGE][WARNING] - Timeout '0' is invalid. Using default page load timeout: '60'

2021-12-21 11:09:47 - [MESSAGE][PASSED] - Tapped on element 'Object Repository/Mobile/Page/NavigationMenu/Risk Profile/Option Investment Goal - Additional Income'

2021-12-21 11:09:47 - [TEST_STEP][PASSED] - delay(1): Delayed 1 second(s)

2021-12-21 11:09:48 - [MESSAGE][PASSED] - Delayed 1 second(s)

2021-12-21 11:09:48 - [TEST_STEP][PASSED] - random = rand.nextInt(2): null

2021-12-21 11:09:48 - [TEST_STEP][PASSED] - positionclick.positionclick.clickButtonInBottom(findTestObject("Mobile/Page/NavigationMenu/Risk Profile/Dropdown - General Knowledge")): positionclick.positionclick.clickButtonInBottom is PASSED

2021-12-21 11:09:49 - [MESSAGE][PASSED] - Current device physical width is 720

2021-12-21 11:09:49 - [MESSAGE][WARNING] - Timeout '0' is invalid. Using default page load timeout: '60'

2021-12-21 11:09:49 - [MESSAGE][PASSED] - Object 'Object Repository/Mobile/Page/NavigationMenu/Risk Profile/Dropdown - General Knowledge' has top position '456'

2021-12-21 11:09:49 - [MESSAGE][WARNING] - Timeout '0' is invalid. Using default page load timeout: '60'

2021-12-21 11:09:49 - [MESSAGE][PASSED] - Object 'Object Repository/Mobile/Page/NavigationMenu/Risk Profile/Dropdown - General Knowledge' has height: '126'

2021-12-21 11:09:49 - [MESSAGE][PASSED] - Tapped at [360, 556]

2021-12-21 11:09:49 - [MESSAGE][PASSED] - positionclick.positionclick.clickButtonInBottom is PASSED

2021-12-21 11:09:49 - [TEST_STEP][PASSED] - delay(1): Delayed 1 second(s)

2021-12-21 11:09:50 - [MESSAGE][PASSED] - Delayed 1 second(s)

2021-12-21 11:09:50 - [TEST_STEP][PASSED] - if (random == 0): Tapped on element 'Object Repository/Mobile/Page/NavigationMenu/Risk Profile/Option General Knowledge - Limited'

2021-12-21 11:09:50 - [MESSAGE][WARNING] - Timeout '0' is invalid. Using default page load timeout: '60'

2021-12-21 11:09:51 - [MESSAGE][PASSED] - Tapped on element 'Object Repository/Mobile/Page/NavigationMenu/Risk Profile/Option General Knowledge - Limited'

2021-12-21 11:09:51 - [TEST_STEP][PASSED] - delay(1): Delayed 1 second(s)

2021-12-21 11:09:52 - [MESSAGE][PASSED] - Delayed 1 second(s)

2021-12-21 11:09:52 - [TEST_STEP][PASSED] - random = rand.nextInt(2): null

2021-12-21 11:09:52 - [TEST_STEP][PASSED] - positionclick.positionclick.clickButtonInBottom(findTestObject("Mobile/Page/NavigationMenu/Risk Profile/Dropdown - Total Amount")): positionclick.positionclick.clickButtonInBottom is PASSED

2021-12-21 11:09:53 - [MESSAGE][PASSED] - Current device physical width is 720

2021-12-21 11:09:53 - [MESSAGE][WARNING] - Timeout '0' is invalid. Using default page load timeout: '60'

2021-12-21 11:09:53 - [MESSAGE][PASSED] - Object 'Object Repository/Mobile/Page/NavigationMenu/Risk Profile/Dropdown - Total Amount' has top position '608'

2021-12-21 11:09:53 - [MESSAGE][WARNING] - Timeout '0' is invalid. Using default page load timeout: '60'

2021-12-21 11:09:53 - [MESSAGE][PASSED] - Object 'Object Repository/Mobile/Page/NavigationMenu/Risk Profile/Dropdown - Total Amount' has height: '126'

2021-12-21 11:09:54 - [MESSAGE][PASSED] - Tapped at [360, 708]

2021-12-21 11:09:54 - [MESSAGE][PASSED] - positionclick.positionclick.clickButtonInBottom is PASSED

2021-12-21 11:09:54 - [TEST_STEP][PASSED] - delay(1): Delayed 1 second(s)

2021-12-21 11:09:55 - [MESSAGE][PASSED] - Delayed 1 second(s)

2021-12-21 11:09:55 - [TEST_STEP][PASSED] - if (random == 0): Tapped on element 'Object Repository/Mobile/Page/NavigationMenu/Risk Profile/Option Total Amount - Between 10 and 20'

2021-12-21 11:09:55 - [MESSAGE][WARNING] - Timeout '0' is invalid. Using default page load timeout: '60'

2021-12-21 11:09:56 - [MESSAGE][PASSED] - Tapped on element 'Object Repository/Mobile/Page/NavigationMenu/Risk Profile/Option Total Amount - Between 10 and 20'

2021-12-21 11:09:56 - [TEST_STEP][PASSED] - delay(1): Delayed 1 second(s)

2021-12-21 11:09:57 - [MESSAGE][PASSED] - Delayed 1 second(s)

2021-12-21 11:09:57 - [TEST_STEP][PASSED] - random = rand.nextInt(2): null

2021-12-21 11:09:57 - [TEST_STEP][PASSED] - positionclick.positionclick.clickButtonInBottom(findTestObject("Mobile/Page/NavigationMenu/Risk Profile/Dropdown - Investment Goal")): positionclick.positionclick.clickButtonInBottom is PASSED

2021-12-21 11:09:57 - [MESSAGE][PASSED] - Current device physical width is 720

2021-12-21 11:09:57 - [MESSAGE][WARNING] - Timeout '0' is invalid. Using default page load timeout: '60'

2021-12-21 11:09:58 - [MESSAGE][PASSED] - Object 'Object Repository/Mobile/Page/NavigationMenu/Risk Profile/Dropdown - Investment Goal' has top position '303'

2021-12-21 11:09:58 - [MESSAGE][WARNING] - Timeout '0' is invalid. Using default page load timeout: '60'

2021-12-21 11:09:58 - [MESSAGE][PASSED] - Object 'Object Repository/Mobile/Page/NavigationMenu/Risk Profile/Dropdown - Investment Goal' has height: '126'

2021-12-21 11:09:58 - [MESSAGE][PASSED] - Tapped at [360, 403]

2021-12-21 11:09:58 - [MESSAGE][PASSED] - positionclick.positionclick.clickButtonInBottom is PASSED

2021-12-21 11:09:58 - [TEST_STEP][PASSED] - delay(1): Delayed 1 second(s)

2021-12-21 11:09:59 - [MESSAGE][PASSED] - Delayed 1 second(s)

2021-12-21 11:09:59 - [TEST_STEP][PASSED] - if (random == 0): null

2021-12-21 11:09:59 - [TEST_STEP][PASSED] - else: Tapped on element 'Object Repository/Mobile/Page/NavigationMenu/Risk Profile/Option Risk Level - None'

2021-12-21 11:09:59 - [TEST_STEP][PASSED] - tap(findTestObject("Mobile/Page/NavigationMenu/Risk Profile/Option Risk Level - None"), 0): Tapped on element 'Object Repository/Mobile/Page/NavigationMenu/Risk Profile/Option Risk Level - None'

2021-12-21 11:09:59 - [MESSAGE][WARNING] - Timeout '0' is invalid. Using default page load timeout: '60'

2021-12-21 11:10:00 - [MESSAGE][PASSED] - Tapped on element 'Object Repository/Mobile/Page/NavigationMenu/Risk Profile/Option Risk Level - None'

2021-12-21 11:10:00 - [TEST_STEP][PASSED] - delay(1): Delayed 1 second(s)

2021-12-21 11:10:01 - [MESSAGE][PASSED] - Delayed 1 second(s)

2021-12-21 11:10:01 - [TEST_STEP][PASSED] - random = rand.nextInt(2): null

2021-12-21 11:10:01 - [TEST_STEP][PASSED] - positionclick.positionclick.clickButtonInBottom(findTestObject("Mobile/Page/NavigationMenu/Risk Profile/Dropdown - Best Suited")): positionclick.positionclick.clickButtonInBottom is PASSED

2021-12-21 11:10:02 - [MESSAGE][PASSED] - Current device physical width is 720

2021-12-21 11:10:02 - [MESSAGE][WARNING] - Timeout '0' is invalid. Using default page load timeout: '60'

2021-12-21 11:10:02 - [MESSAGE][PASSED] - Object 'Object Repository/Mobile/Page/NavigationMenu/Risk Profile/Dropdown - Best Suited' has top position '912'

2021-12-21 11:10:02 - [MESSAGE][WARNING] - Timeout '0' is invalid. Using default page load timeout: '60'

2021-12-21 11:10:02 - [MESSAGE][PASSED] - Object 'Object Repository/Mobile/Page/NavigationMenu/Risk Profile/Dropdown - Best Suited' has height: '154'

2021-12-21 11:10:03 - [MESSAGE][PASSED] - Tapped at [360, 1,035]

2021-12-21 11:10:03 - [MESSAGE][PASSED] - positionclick.positionclick.clickButtonInBottom is PASSED

2021-12-21 11:10:03 - [TEST_STEP][PASSED] - delay(1): Delayed 1 second(s)

2021-12-21 11:10:04 - [MESSAGE][PASSED] - Delayed 1 second(s)

2021-12-21 11:10:04 - [TEST_STEP][PASSED] - if (random == 0): Tapped on element 'Object Repository/Mobile/Page/NavigationMenu/Risk Profile/Option Best Suited - Bonds'

2021-12-21 11:10:04 - [MESSAGE][WARNING] - Timeout '0' is invalid. Using default page load timeout: '60'

2021-12-21 11:10:05 - [MESSAGE][PASSED] - Tapped on element 'Object Repository/Mobile/Page/NavigationMenu/Risk Profile/Option Best Suited - Bonds'

2021-12-21 11:10:05 - [TEST_STEP][PASSED] - delay(1): Delayed 1 second(s)

2021-12-21 11:10:06 - [MESSAGE][PASSED] - Delayed 1 second(s)

2021-12-21 11:10:06 - [TEST_STEP][PASSED] - tap(findTestObject("Mobile/Page/NavigationMenu/Risk Profile/Button - Calculate Risk Profile"), 0): Tapped on element 'Object Repository/Mobile/Page/NavigationMenu/Risk Profile/Button - Calculate Risk Profile'

2021-12-21 11:10:06 - [MESSAGE][WARNING] - Timeout '0' is invalid. Using default page load timeout: '60'

2021-12-21 11:10:07 - [MESSAGE][PASSED] - Tapped on element 'Object Repository/Mobile/Page/NavigationMenu/Risk Profile/Button - Calculate Risk Profile'

2021-12-21 11:10:07 - [TEST_STEP][PASSED] - delay(1): Delayed 1 second(s)

2021-12-21 11:10:08 - [MESSAGE][PASSED] - Delayed 1 second(s)

2021-12-21 11:10:08 - [TEST_STEP][PASSED] - pressBack(): Press back button successfully

2021-12-21 11:10:09 - [MESSAGE][PASSED] - Press back button successfully

2021-12-21 11:10:09 - [MESSAGE][PASSED] - Call Test Case 'Test Cases/Mobile/Page/NavigationMenu/NavigationMenu' successfully

2021-12-21 11:10:09 - [TEST_STEP][PASSED] - callTestCase(findTestCase("Mobile/Page/Run App/Terminate App"), [:], STOP_ON_FAILURE): Call Test Case 'Test Cases/Mobile/Page/Run App/Terminate App' successfully

2021-12-21 11:10:09 - [TEST_CASE][PASSED] - Test Cases/Mobile/Page/Run App/Terminate App: Test Cases/Mobile/Page/Run App/Terminate App

2021-12-21 11:10:09 - [TEST_STEP][PASSED] - startApp.OpenApp.terminateApplication(): startApp.OpenApp.terminateApplication is PASSED

2021-12-21 11:10:12 - [MESSAGE][PASSED] - Delayed 3 second(s)

2021-12-21 11:10:13 - [MESSAGE][PASSED] - Current device physical width is 720

2021-12-21 11:10:13 - [MESSAGE][PASSED] - Current device physical height is 1423

2021-12-21 11:10:14 - [MESSAGE][PASSED] - Swiped from 360,853 to 360,142

2021-12-21 11:10:15 - [MESSAGE][PASSED] - Delayed 1 second(s)

2021-12-21 11:10:16 - [MESSAGE][PASSED] - Swiped from 360,853 to 360,142

2021-12-21 11:10:19 - [MESSAGE][PASSED] - Delayed 3 second(s)

2021-12-21 11:10:19 - [MESSAGE][PASSED] - startApp.OpenApp.terminateApplication is PASSED

2021-12-21 11:10:19 - [MESSAGE][PASSED] - Call Test Case 'Test Cases/Mobile/Page/Run App/Terminate App' successfully]]></system-out>
         <system-err><![CDATA[]]></system-err>
      </testcase>
      <testcase name="Test Cases/Mobile/Scenario/NavigationMenu/003 - Whatsapp message" time="62.955" classname="Test Cases/Mobile/Scenario/NavigationMenu/003 - Whatsapp message" status="PASSED">
         <system-out><![CDATA[2021-12-21 11:10:19 - [TEST_CASE][PASSED] - Test Cases/Mobile/Scenario/NavigationMenu/003 - Whatsapp message: Test Cases/Mobile/Scenario/NavigationMenu/003 - Whatsapp message

2021-12-21 11:10:20 - [TEST_STEP][PASSED] - callTestCase(findTestCase("Mobile/Page/Run App/Run App byID"), [:], STOP_ON_FAILURE): Call Test Case 'Test Cases/Mobile/Page/Run App/Run App byID' successfully

2021-12-21 11:10:20 - [TEST_CASE][PASSED] - Test Cases/Mobile/Page/Run App/Run App byID: Test Cases/Mobile/Page/Run App/Run App byID

2021-12-21 11:10:20 - [TEST_STEP][PASSED] - startApp.OpenApp.startApplication("id.co.miraeasset.sageclub"): startApp.OpenApp.startApplication is PASSED

2021-12-21 11:10:31 - [MESSAGE][PASSED] - Starting app with application ID: 'id.co.miraeasset.sageclub'

2021-12-21 11:10:31 - [MESSAGE][PASSED] - startApp.OpenApp.startApplication is PASSED

2021-12-21 11:10:31 - [MESSAGE][PASSED] - Call Test Case 'Test Cases/Mobile/Page/Run App/Run App byID' successfully

2021-12-21 11:10:31 - [TEST_STEP][PASSED] - callTestCase(findTestCase("Mobile/Page/NavigationMenu/NavigationMenu"), ["action":"wa"], CONTINUE_ON_FAILURE): Call Test Case 'Test Cases/Mobile/Page/NavigationMenu/NavigationMenu' successfully

2021-12-21 11:10:31 - [TEST_CASE][PASSED] - Test Cases/Mobile/Page/NavigationMenu/NavigationMenu: Test Cases/Mobile/Page/NavigationMenu/NavigationMenu

2021-12-21 11:10:31 - [TEST_STEP][PASSED] - callTestCase(findTestCase("Mobile/Page/CheckLogin"), [:], CONTINUE_ON_FAILURE): Call Test Case 'Test Cases/Mobile/Page/CheckLogin' successfully

2021-12-21 11:10:31 - [TEST_CASE][PASSED] - Test Cases/Mobile/Page/CheckLogin: Test Cases/Mobile/Page/CheckLogin

2021-12-21 11:10:31 - [TEST_STEP][PASSED] - loginCheck = verifyElementExist(findTestObject("Mobile/Page/Login/Button - Login"), 2, CONTINUE_ON_FAILURE): Element 'Object Repository/Mobile/Page/Login/Button - Login' is exist

2021-12-21 11:10:33 - [MESSAGE][PASSED] - Element 'Object Repository/Mobile/Page/Login/Button - Login' is exist

2021-12-21 11:10:33 - [TEST_STEP][PASSED] - if (loginCheck): Call Test Case 'Test Cases/Mobile/Page/Login/Login' successfully

2021-12-21 11:10:33 - [TEST_STEP][PASSED] - callTestCase(findTestCase("Mobile/Page/Login/Login"), [:], CONTINUE_ON_FAILURE): Call Test Case 'Test Cases/Mobile/Page/Login/Login' successfully

2021-12-21 11:10:33 - [TEST_CASE][PASSED] - Test Cases/Mobile/Page/Login/Login: Test Cases/Mobile/Page/Login/Login

2021-12-21 11:10:33 - [TEST_STEP][PASSED] - delay(2): Delayed 2 second(s)

2021-12-21 11:10:35 - [MESSAGE][PASSED] - Delayed 2 second(s)

2021-12-21 11:10:35 - [TEST_STEP][PASSED] - tap(findTestObject("Mobile/Page/Login/Input - UserID"), 0): Tapped on element 'Object Repository/Mobile/Page/Login/Input - UserID'

2021-12-21 11:10:35 - [MESSAGE][WARNING] - Timeout '0' is invalid. Using default page load timeout: '60'

2021-12-21 11:10:36 - [MESSAGE][PASSED] - Tapped on element 'Object Repository/Mobile/Page/Login/Input - UserID'

2021-12-21 11:10:36 - [TEST_STEP][PASSED] - delay(1): Delayed 1 second(s)

2021-12-21 11:10:37 - [MESSAGE][PASSED] - Delayed 1 second(s)

2021-12-21 11:10:37 - [TEST_STEP][PASSED] - setText(findTestObject("Mobile/Page/Login/Input Rdy - UserID"), "anggaaditya", 0): Text 'anggaaditya' has been set to element 'Object Repository/Mobile/Page/Login/Input Rdy - UserID'

2021-12-21 11:10:37 - [MESSAGE][WARNING] - Timeout '0' is invalid. Using default page load timeout: '60'

2021-12-21 11:10:37 - [MESSAGE][PASSED] - Text 'anggaaditya' has been set to element 'Object Repository/Mobile/Page/Login/Input Rdy - UserID'

2021-12-21 11:10:37 - [TEST_STEP][PASSED] - delay(1): Delayed 1 second(s)

2021-12-21 11:10:38 - [MESSAGE][PASSED] - Delayed 1 second(s)

2021-12-21 11:10:38 - [TEST_STEP][PASSED] - hideKeyboard(): Keyboard is hidden

2021-12-21 11:10:42 - [MESSAGE][PASSED] - Keyboard is hidden

2021-12-21 11:10:42 - [TEST_STEP][PASSED] - tap(findTestObject("Mobile/Page/Login/Input - Password"), 0): Tapped on element 'Object Repository/Mobile/Page/Login/Input - Password'

2021-12-21 11:10:42 - [MESSAGE][WARNING] - Timeout '0' is invalid. Using default page load timeout: '60'

2021-12-21 11:10:43 - [MESSAGE][PASSED] - Tapped on element 'Object Repository/Mobile/Page/Login/Input - Password'

2021-12-21 11:10:43 - [TEST_STEP][PASSED] - delay(1): Delayed 1 second(s)

2021-12-21 11:10:44 - [MESSAGE][PASSED] - Delayed 1 second(s)

2021-12-21 11:10:44 - [TEST_STEP][PASSED] - setText(findTestObject("Mobile/Page/Login/Input Rdy - Password"), "Shalawa18", 0): Text 'Shalawa18' has been set to element 'Object Repository/Mobile/Page/Login/Input Rdy - Password'

2021-12-21 11:10:44 - [MESSAGE][WARNING] - Timeout '0' is invalid. Using default page load timeout: '60'

2021-12-21 11:10:44 - [MESSAGE][PASSED] - Text 'Shalawa18' has been set to element 'Object Repository/Mobile/Page/Login/Input Rdy - Password'

2021-12-21 11:10:44 - [TEST_STEP][PASSED] - delay(1): Delayed 1 second(s)

2021-12-21 11:10:45 - [MESSAGE][PASSED] - Delayed 1 second(s)

2021-12-21 11:10:45 - [TEST_STEP][PASSED] - hideKeyboard(): Keyboard is hidden

2021-12-21 11:10:51 - [MESSAGE][PASSED] - Keyboard is hidden

2021-12-21 11:10:51 - [TEST_STEP][PASSED] - tap(findTestObject("Mobile/Page/Login/Button - Login"), 0): Tapped on element 'Object Repository/Mobile/Page/Login/Button - Login'

2021-12-21 11:10:51 - [MESSAGE][WARNING] - Timeout '0' is invalid. Using default page load timeout: '60'

2021-12-21 11:10:52 - [MESSAGE][PASSED] - Tapped on element 'Object Repository/Mobile/Page/Login/Button - Login'

2021-12-21 11:10:52 - [TEST_STEP][PASSED] - delay(2): Delayed 2 second(s)

2021-12-21 11:10:54 - [MESSAGE][PASSED] - Delayed 2 second(s)

2021-12-21 11:10:54 - [MESSAGE][PASSED] - Call Test Case 'Test Cases/Mobile/Page/Login/Login' successfully

2021-12-21 11:10:54 - [MESSAGE][PASSED] - Call Test Case 'Test Cases/Mobile/Page/CheckLogin' successfully

2021-12-21 11:10:54 - [TEST_STEP][PASSED] - delay(3): Delayed 3 second(s)

2021-12-21 11:10:57 - [MESSAGE][PASSED] - Delayed 3 second(s)

2021-12-21 11:10:57 - [TEST_STEP][PASSED] - scroll.scroll.scrollScreenLeftToRight(): scroll.scroll.scrollScreenLeftToRight is PASSED

2021-12-21 11:10:57 - [MESSAGE][PASSED] - Current device physical height is 1423

2021-12-21 11:10:57 - [MESSAGE][PASSED] - Current device physical width is 720

2021-12-21 11:10:57 - [MESSAGE][PASSED] - Current device physical height is 1423

2021-12-21 11:10:59 - [MESSAGE][PASSED] - Swiped from 10,711 to 710,711

2021-12-21 11:10:59 - [MESSAGE][PASSED] - scroll.scroll.scrollScreenLeftToRight is PASSED

2021-12-21 11:10:59 - [TEST_STEP][PASSED] - delay(1): Delayed 1 second(s)

2021-12-21 11:11:00 - [MESSAGE][PASSED] - Delayed 1 second(s)

2021-12-21 11:11:00 - [TEST_STEP][PASSED] - for ([i = 0, i < 1, (i++)]): Delayed 2 second(s)

2021-12-21 11:11:00 - [TEST_STEP][PASSED] - if (action == "downloadtaxreport"): null

2021-12-21 11:11:00 - [TEST_STEP][PASSED] - else if (action == "analyzeprofile"): null

2021-12-21 11:11:00 - [TEST_STEP][PASSED] - else if (action == "wa"): Delayed 2 second(s)

2021-12-21 11:11:00 - [TEST_STEP][PASSED] - tap(findTestObject("Mobile/Page/NavigationMenu/Button - Whatsapp"), 0): Tapped on element 'Object Repository/Mobile/Page/NavigationMenu/Button - Whatsapp'

2021-12-21 11:11:00 - [MESSAGE][WARNING] - Timeout '0' is invalid. Using default page load timeout: '60'

2021-12-21 11:11:00 - [MESSAGE][PASSED] - Tapped on element 'Object Repository/Mobile/Page/NavigationMenu/Button - Whatsapp'

2021-12-21 11:11:00 - [TEST_STEP][PASSED] - delay(2): Delayed 2 second(s)

2021-12-21 11:11:02 - [MESSAGE][PASSED] - Delayed 2 second(s)

2021-12-21 11:11:02 - [MESSAGE][PASSED] - Call Test Case 'Test Cases/Mobile/Page/NavigationMenu/NavigationMenu' successfully

2021-12-21 11:11:02 - [TEST_STEP][PASSED] - callTestCase(findTestCase("Mobile/Page/Run App/Terminate App"), [:], STOP_ON_FAILURE): Call Test Case 'Test Cases/Mobile/Page/Run App/Terminate App' successfully

2021-12-21 11:11:02 - [TEST_CASE][PASSED] - Test Cases/Mobile/Page/Run App/Terminate App: Test Cases/Mobile/Page/Run App/Terminate App

2021-12-21 11:11:02 - [TEST_STEP][PASSED] - startApp.OpenApp.terminateApplication(): startApp.OpenApp.terminateApplication is PASSED

2021-12-21 11:11:05 - [MESSAGE][PASSED] - Delayed 3 second(s)

2021-12-21 11:11:05 - [MESSAGE][PASSED] - Current device physical width is 720

2021-12-21 11:11:06 - [MESSAGE][PASSED] - Current device physical height is 1423

2021-12-21 11:11:07 - [MESSAGE][PASSED] - Swiped from 360,853 to 360,142

2021-12-21 11:11:08 - [MESSAGE][PASSED] - Delayed 1 second(s)

2021-12-21 11:11:09 - [MESSAGE][PASSED] - Swiped from 360,853 to 360,142

2021-12-21 11:11:12 - [MESSAGE][PASSED] - Delayed 3 second(s)

2021-12-21 11:11:12 - [MESSAGE][PASSED] - startApp.OpenApp.terminateApplication is PASSED

2021-12-21 11:11:12 - [MESSAGE][PASSED] - Call Test Case 'Test Cases/Mobile/Page/Run App/Terminate App' successfully

2021-12-21 11:11:12 - [TEST_STEP][PASSED] - callTestCase(findTestCase("Mobile/Page/Run App/Terminate App"), [:], STOP_ON_FAILURE): Call Test Case 'Test Cases/Mobile/Page/Run App/Terminate App' successfully

2021-12-21 11:11:12 - [TEST_CASE][PASSED] - Test Cases/Mobile/Page/Run App/Terminate App: Test Cases/Mobile/Page/Run App/Terminate App

2021-12-21 11:11:12 - [TEST_STEP][PASSED] - startApp.OpenApp.terminateApplication(): startApp.OpenApp.terminateApplication is PASSED

2021-12-21 11:11:15 - [MESSAGE][PASSED] - Delayed 3 second(s)

2021-12-21 11:11:16 - [MESSAGE][PASSED] - Current device physical width is 720

2021-12-21 11:11:16 - [MESSAGE][PASSED] - Current device physical height is 1423

2021-12-21 11:11:17 - [MESSAGE][PASSED] - Swiped from 360,853 to 360,142

2021-12-21 11:11:18 - [MESSAGE][PASSED] - Delayed 1 second(s)

2021-12-21 11:11:19 - [MESSAGE][PASSED] - Swiped from 360,853 to 360,142

2021-12-21 11:11:22 - [MESSAGE][PASSED] - Delayed 3 second(s)

2021-12-21 11:11:22 - [MESSAGE][PASSED] - startApp.OpenApp.terminateApplication is PASSED

2021-12-21 11:11:22 - [MESSAGE][PASSED] - Call Test Case 'Test Cases/Mobile/Page/Run App/Terminate App' successfully]]></system-out>
         <system-err><![CDATA[]]></system-err>
      </testcase>
      <testcase name="Test Cases/Mobile/Scenario/NavigationMenu/004 - Email button" time="65.318" classname="Test Cases/Mobile/Scenario/NavigationMenu/004 - Email button" status="PASSED">
         <system-out><![CDATA[2021-12-21 11:11:22 - [TEST_CASE][PASSED] - Test Cases/Mobile/Scenario/NavigationMenu/004 - Email button: Test Cases/Mobile/Scenario/NavigationMenu/004 - Email button

2021-12-21 11:11:23 - [TEST_STEP][PASSED] - callTestCase(findTestCase("Mobile/Page/Run App/Run App byID"), [:], STOP_ON_FAILURE): Call Test Case 'Test Cases/Mobile/Page/Run App/Run App byID' successfully

2021-12-21 11:11:23 - [TEST_CASE][PASSED] - Test Cases/Mobile/Page/Run App/Run App byID: Test Cases/Mobile/Page/Run App/Run App byID

2021-12-21 11:11:23 - [TEST_STEP][PASSED] - startApp.OpenApp.startApplication("id.co.miraeasset.sageclub"): startApp.OpenApp.startApplication is PASSED

2021-12-21 11:11:34 - [MESSAGE][PASSED] - Starting app with application ID: 'id.co.miraeasset.sageclub'

2021-12-21 11:11:34 - [MESSAGE][PASSED] - startApp.OpenApp.startApplication is PASSED

2021-12-21 11:11:34 - [MESSAGE][PASSED] - Call Test Case 'Test Cases/Mobile/Page/Run App/Run App byID' successfully

2021-12-21 11:11:34 - [TEST_STEP][PASSED] - callTestCase(findTestCase("Mobile/Page/NavigationMenu/NavigationMenu"), ["action":"email"], CONTINUE_ON_FAILURE): Call Test Case 'Test Cases/Mobile/Page/NavigationMenu/NavigationMenu' successfully

2021-12-21 11:11:34 - [TEST_CASE][PASSED] - Test Cases/Mobile/Page/NavigationMenu/NavigationMenu: Test Cases/Mobile/Page/NavigationMenu/NavigationMenu

2021-12-21 11:11:34 - [TEST_STEP][PASSED] - callTestCase(findTestCase("Mobile/Page/CheckLogin"), [:], CONTINUE_ON_FAILURE): Call Test Case 'Test Cases/Mobile/Page/CheckLogin' successfully

2021-12-21 11:11:34 - [TEST_CASE][PASSED] - Test Cases/Mobile/Page/CheckLogin: Test Cases/Mobile/Page/CheckLogin

2021-12-21 11:11:34 - [TEST_STEP][PASSED] - loginCheck = verifyElementExist(findTestObject("Mobile/Page/Login/Button - Login"), 2, CONTINUE_ON_FAILURE): Element 'Object Repository/Mobile/Page/Login/Button - Login' is exist

2021-12-21 11:11:36 - [MESSAGE][PASSED] - Element 'Object Repository/Mobile/Page/Login/Button - Login' is exist

2021-12-21 11:11:36 - [TEST_STEP][PASSED] - if (loginCheck): Call Test Case 'Test Cases/Mobile/Page/Login/Login' successfully

2021-12-21 11:11:36 - [TEST_STEP][PASSED] - callTestCase(findTestCase("Mobile/Page/Login/Login"), [:], CONTINUE_ON_FAILURE): Call Test Case 'Test Cases/Mobile/Page/Login/Login' successfully

2021-12-21 11:11:36 - [TEST_CASE][PASSED] - Test Cases/Mobile/Page/Login/Login: Test Cases/Mobile/Page/Login/Login

2021-12-21 11:11:36 - [TEST_STEP][PASSED] - delay(2): Delayed 2 second(s)

2021-12-21 11:11:38 - [MESSAGE][PASSED] - Delayed 2 second(s)

2021-12-21 11:11:38 - [TEST_STEP][PASSED] - tap(findTestObject("Mobile/Page/Login/Input - UserID"), 0): Tapped on element 'Object Repository/Mobile/Page/Login/Input - UserID'

2021-12-21 11:11:38 - [MESSAGE][WARNING] - Timeout '0' is invalid. Using default page load timeout: '60'

2021-12-21 11:11:39 - [MESSAGE][PASSED] - Tapped on element 'Object Repository/Mobile/Page/Login/Input - UserID'

2021-12-21 11:11:39 - [TEST_STEP][PASSED] - delay(1): Delayed 1 second(s)

2021-12-21 11:11:40 - [MESSAGE][PASSED] - Delayed 1 second(s)

2021-12-21 11:11:40 - [TEST_STEP][PASSED] - setText(findTestObject("Mobile/Page/Login/Input Rdy - UserID"), "anggaaditya", 0): Text 'anggaaditya' has been set to element 'Object Repository/Mobile/Page/Login/Input Rdy - UserID'

2021-12-21 11:11:40 - [MESSAGE][WARNING] - Timeout '0' is invalid. Using default page load timeout: '60'

2021-12-21 11:11:40 - [MESSAGE][PASSED] - Text 'anggaaditya' has been set to element 'Object Repository/Mobile/Page/Login/Input Rdy - UserID'

2021-12-21 11:11:40 - [TEST_STEP][PASSED] - delay(1): Delayed 1 second(s)

2021-12-21 11:11:41 - [MESSAGE][PASSED] - Delayed 1 second(s)

2021-12-21 11:11:41 - [TEST_STEP][PASSED] - hideKeyboard(): Keyboard is hidden

2021-12-21 11:11:46 - [MESSAGE][PASSED] - Keyboard is hidden

2021-12-21 11:11:46 - [TEST_STEP][PASSED] - tap(findTestObject("Mobile/Page/Login/Input - Password"), 0): Tapped on element 'Object Repository/Mobile/Page/Login/Input - Password'

2021-12-21 11:11:47 - [MESSAGE][WARNING] - Timeout '0' is invalid. Using default page load timeout: '60'

2021-12-21 11:11:47 - [MESSAGE][PASSED] - Tapped on element 'Object Repository/Mobile/Page/Login/Input - Password'

2021-12-21 11:11:47 - [TEST_STEP][PASSED] - delay(1): Delayed 1 second(s)

2021-12-21 11:11:48 - [MESSAGE][PASSED] - Delayed 1 second(s)

2021-12-21 11:11:48 - [TEST_STEP][PASSED] - setText(findTestObject("Mobile/Page/Login/Input Rdy - Password"), "Shalawa18", 0): Text 'Shalawa18' has been set to element 'Object Repository/Mobile/Page/Login/Input Rdy - Password'

2021-12-21 11:11:48 - [MESSAGE][WARNING] - Timeout '0' is invalid. Using default page load timeout: '60'

2021-12-21 11:11:48 - [MESSAGE][PASSED] - Text 'Shalawa18' has been set to element 'Object Repository/Mobile/Page/Login/Input Rdy - Password'

2021-12-21 11:11:48 - [TEST_STEP][PASSED] - delay(1): Delayed 1 second(s)

2021-12-21 11:11:49 - [MESSAGE][PASSED] - Delayed 1 second(s)

2021-12-21 11:11:49 - [TEST_STEP][PASSED] - hideKeyboard(): Keyboard is hidden

2021-12-21 11:11:56 - [MESSAGE][PASSED] - Keyboard is hidden

2021-12-21 11:11:56 - [TEST_STEP][PASSED] - tap(findTestObject("Mobile/Page/Login/Button - Login"), 0): Tapped on element 'Object Repository/Mobile/Page/Login/Button - Login'

2021-12-21 11:11:56 - [MESSAGE][WARNING] - Timeout '0' is invalid. Using default page load timeout: '60'

2021-12-21 11:11:57 - [MESSAGE][PASSED] - Tapped on element 'Object Repository/Mobile/Page/Login/Button - Login'

2021-12-21 11:11:57 - [TEST_STEP][PASSED] - delay(2): Delayed 2 second(s)

2021-12-21 11:11:59 - [MESSAGE][PASSED] - Delayed 2 second(s)

2021-12-21 11:11:59 - [MESSAGE][PASSED] - Call Test Case 'Test Cases/Mobile/Page/Login/Login' successfully

2021-12-21 11:11:59 - [MESSAGE][PASSED] - Call Test Case 'Test Cases/Mobile/Page/CheckLogin' successfully

2021-12-21 11:11:59 - [TEST_STEP][PASSED] - delay(3): Delayed 3 second(s)

2021-12-21 11:12:02 - [MESSAGE][PASSED] - Delayed 3 second(s)

2021-12-21 11:12:02 - [TEST_STEP][PASSED] - scroll.scroll.scrollScreenLeftToRight(): scroll.scroll.scrollScreenLeftToRight is PASSED

2021-12-21 11:12:02 - [MESSAGE][PASSED] - Current device physical height is 1423

2021-12-21 11:12:02 - [MESSAGE][PASSED] - Current device physical width is 720

2021-12-21 11:12:02 - [MESSAGE][PASSED] - Current device physical height is 1423

2021-12-21 11:12:04 - [MESSAGE][PASSED] - Swiped from 10,711 to 710,711

2021-12-21 11:12:04 - [MESSAGE][PASSED] - scroll.scroll.scrollScreenLeftToRight is PASSED

2021-12-21 11:12:04 - [TEST_STEP][PASSED] - delay(1): Delayed 1 second(s)

2021-12-21 11:12:05 - [MESSAGE][PASSED] - Delayed 1 second(s)

2021-12-21 11:12:05 - [TEST_STEP][PASSED] - for ([i = 0, i < 1, (i++)]): Delayed 2 second(s)

2021-12-21 11:12:05 - [TEST_STEP][PASSED] - if (action == "downloadtaxreport"): null

2021-12-21 11:12:05 - [TEST_STEP][PASSED] - else if (action == "analyzeprofile"): null

2021-12-21 11:12:05 - [TEST_STEP][PASSED] - else if (action == "wa"): null

2021-12-21 11:12:05 - [TEST_STEP][PASSED] - else if (action == "email"): Delayed 2 second(s)

2021-12-21 11:12:05 - [TEST_STEP][PASSED] - tap(findTestObject("Mobile/Page/NavigationMenu/Button - Email"), 0): Tapped on element 'Object Repository/Mobile/Page/NavigationMenu/Button - Email'

2021-12-21 11:12:05 - [MESSAGE][WARNING] - Timeout '0' is invalid. Using default page load timeout: '60'

2021-12-21 11:12:06 - [MESSAGE][PASSED] - Tapped on element 'Object Repository/Mobile/Page/NavigationMenu/Button - Email'

2021-12-21 11:12:06 - [TEST_STEP][PASSED] - delay(2): Delayed 2 second(s)

2021-12-21 11:12:08 - [MESSAGE][PASSED] - Delayed 2 second(s)

2021-12-21 11:12:08 - [MESSAGE][PASSED] - Call Test Case 'Test Cases/Mobile/Page/NavigationMenu/NavigationMenu' successfully

2021-12-21 11:12:08 - [TEST_STEP][PASSED] - callTestCase(findTestCase("Mobile/Page/Run App/Terminate App"), [:], STOP_ON_FAILURE): Call Test Case 'Test Cases/Mobile/Page/Run App/Terminate App' successfully

2021-12-21 11:12:08 - [TEST_CASE][PASSED] - Test Cases/Mobile/Page/Run App/Terminate App: Test Cases/Mobile/Page/Run App/Terminate App

2021-12-21 11:12:08 - [TEST_STEP][PASSED] - startApp.OpenApp.terminateApplication(): startApp.OpenApp.terminateApplication is PASSED

2021-12-21 11:12:11 - [MESSAGE][PASSED] - Delayed 3 second(s)

2021-12-21 11:12:11 - [MESSAGE][PASSED] - Current device physical width is 720

2021-12-21 11:12:11 - [MESSAGE][PASSED] - Current device physical height is 1423

2021-12-21 11:12:12 - [MESSAGE][PASSED] - Swiped from 360,853 to 360,142

2021-12-21 11:12:13 - [MESSAGE][PASSED] - Delayed 1 second(s)

2021-12-21 11:12:15 - [MESSAGE][PASSED] - Swiped from 360,853 to 360,142

2021-12-21 11:12:18 - [MESSAGE][PASSED] - Delayed 3 second(s)

2021-12-21 11:12:18 - [MESSAGE][PASSED] - startApp.OpenApp.terminateApplication is PASSED

2021-12-21 11:12:18 - [MESSAGE][PASSED] - Call Test Case 'Test Cases/Mobile/Page/Run App/Terminate App' successfully

2021-12-21 11:12:18 - [TEST_STEP][PASSED] - callTestCase(findTestCase("Mobile/Page/Run App/Terminate App"), [:], STOP_ON_FAILURE): Call Test Case 'Test Cases/Mobile/Page/Run App/Terminate App' successfully

2021-12-21 11:12:18 - [TEST_CASE][PASSED] - Test Cases/Mobile/Page/Run App/Terminate App: Test Cases/Mobile/Page/Run App/Terminate App

2021-12-21 11:12:18 - [TEST_STEP][PASSED] - startApp.OpenApp.terminateApplication(): startApp.OpenApp.terminateApplication is PASSED

2021-12-21 11:12:21 - [MESSAGE][PASSED] - Delayed 3 second(s)

2021-12-21 11:12:21 - [MESSAGE][PASSED] - Current device physical width is 720

2021-12-21 11:12:21 - [MESSAGE][PASSED] - Current device physical height is 1423

2021-12-21 11:12:22 - [MESSAGE][PASSED] - Swiped from 360,853 to 360,142

2021-12-21 11:12:24 - [MESSAGE][PASSED] - Delayed 1 second(s)

2021-12-21 11:12:25 - [MESSAGE][PASSED] - Swiped from 360,853 to 360,142

2021-12-21 11:12:28 - [MESSAGE][PASSED] - Delayed 3 second(s)

2021-12-21 11:12:28 - [MESSAGE][PASSED] - startApp.OpenApp.terminateApplication is PASSED

2021-12-21 11:12:28 - [MESSAGE][PASSED] - Call Test Case 'Test Cases/Mobile/Page/Run App/Terminate App' successfully]]></system-out>
         <system-err><![CDATA[]]></system-err>
      </testcase>
      <testcase name="Test Cases/Mobile/Scenario/NavigationMenu/005 - Settings" time="90.944" classname="Test Cases/Mobile/Scenario/NavigationMenu/005 - Settings" status="PASSED">
         <system-out><![CDATA[2021-12-21 11:12:28 - [TEST_CASE][PASSED] - Test Cases/Mobile/Scenario/NavigationMenu/005 - Settings: Test Cases/Mobile/Scenario/NavigationMenu/005 - Settings

2021-12-21 11:12:28 - [TEST_STEP][PASSED] - callTestCase(findTestCase("Mobile/Page/Run App/Run App byID"), [:], STOP_ON_FAILURE): Call Test Case 'Test Cases/Mobile/Page/Run App/Run App byID' successfully

2021-12-21 11:12:28 - [TEST_CASE][PASSED] - Test Cases/Mobile/Page/Run App/Run App byID: Test Cases/Mobile/Page/Run App/Run App byID

2021-12-21 11:12:28 - [TEST_STEP][PASSED] - startApp.OpenApp.startApplication("id.co.miraeasset.sageclub"): startApp.OpenApp.startApplication is PASSED

2021-12-21 11:12:39 - [MESSAGE][PASSED] - Starting app with application ID: 'id.co.miraeasset.sageclub'

2021-12-21 11:12:39 - [MESSAGE][PASSED] - startApp.OpenApp.startApplication is PASSED

2021-12-21 11:12:39 - [MESSAGE][PASSED] - Call Test Case 'Test Cases/Mobile/Page/Run App/Run App byID' successfully

2021-12-21 11:12:39 - [TEST_STEP][PASSED] - callTestCase(findTestCase("Mobile/Page/NavigationMenu/NavigationMenu"), ["action":"setting"], CONTINUE_ON_FAILURE): Call Test Case 'Test Cases/Mobile/Page/NavigationMenu/NavigationMenu' successfully

2021-12-21 11:12:39 - [TEST_CASE][PASSED] - Test Cases/Mobile/Page/NavigationMenu/NavigationMenu: Test Cases/Mobile/Page/NavigationMenu/NavigationMenu

2021-12-21 11:12:39 - [TEST_STEP][PASSED] - callTestCase(findTestCase("Mobile/Page/CheckLogin"), [:], CONTINUE_ON_FAILURE): Call Test Case 'Test Cases/Mobile/Page/CheckLogin' successfully

2021-12-21 11:12:39 - [TEST_CASE][PASSED] - Test Cases/Mobile/Page/CheckLogin: Test Cases/Mobile/Page/CheckLogin

2021-12-21 11:12:39 - [TEST_STEP][PASSED] - loginCheck = verifyElementExist(findTestObject("Mobile/Page/Login/Button - Login"), 2, CONTINUE_ON_FAILURE): Element 'Object Repository/Mobile/Page/Login/Button - Login' is exist

2021-12-21 11:12:41 - [MESSAGE][PASSED] - Element 'Object Repository/Mobile/Page/Login/Button - Login' is exist

2021-12-21 11:12:41 - [TEST_STEP][PASSED] - if (loginCheck): Call Test Case 'Test Cases/Mobile/Page/Login/Login' successfully

2021-12-21 11:12:41 - [TEST_STEP][PASSED] - callTestCase(findTestCase("Mobile/Page/Login/Login"), [:], CONTINUE_ON_FAILURE): Call Test Case 'Test Cases/Mobile/Page/Login/Login' successfully

2021-12-21 11:12:41 - [TEST_CASE][PASSED] - Test Cases/Mobile/Page/Login/Login: Test Cases/Mobile/Page/Login/Login

2021-12-21 11:12:41 - [TEST_STEP][PASSED] - delay(2): Delayed 2 second(s)

2021-12-21 11:12:43 - [MESSAGE][PASSED] - Delayed 2 second(s)

2021-12-21 11:12:43 - [TEST_STEP][PASSED] - tap(findTestObject("Mobile/Page/Login/Input - UserID"), 0): Tapped on element 'Object Repository/Mobile/Page/Login/Input - UserID'

2021-12-21 11:12:43 - [MESSAGE][WARNING] - Timeout '0' is invalid. Using default page load timeout: '60'

2021-12-21 11:12:44 - [MESSAGE][PASSED] - Tapped on element 'Object Repository/Mobile/Page/Login/Input - UserID'

2021-12-21 11:12:44 - [TEST_STEP][PASSED] - delay(1): Delayed 1 second(s)

2021-12-21 11:12:45 - [MESSAGE][PASSED] - Delayed 1 second(s)

2021-12-21 11:12:45 - [TEST_STEP][PASSED] - setText(findTestObject("Mobile/Page/Login/Input Rdy - UserID"), "anggaaditya", 0): Text 'anggaaditya' has been set to element 'Object Repository/Mobile/Page/Login/Input Rdy - UserID'

2021-12-21 11:12:45 - [MESSAGE][WARNING] - Timeout '0' is invalid. Using default page load timeout: '60'

2021-12-21 11:12:46 - [MESSAGE][PASSED] - Text 'anggaaditya' has been set to element 'Object Repository/Mobile/Page/Login/Input Rdy - UserID'

2021-12-21 11:12:46 - [TEST_STEP][PASSED] - delay(1): Delayed 1 second(s)

2021-12-21 11:12:47 - [MESSAGE][PASSED] - Delayed 1 second(s)

2021-12-21 11:12:47 - [TEST_STEP][PASSED] - hideKeyboard(): Keyboard is hidden

2021-12-21 11:12:50 - [MESSAGE][PASSED] - Keyboard is hidden

2021-12-21 11:12:50 - [TEST_STEP][PASSED] - tap(findTestObject("Mobile/Page/Login/Input - Password"), 0): Tapped on element 'Object Repository/Mobile/Page/Login/Input - Password'

2021-12-21 11:12:50 - [MESSAGE][WARNING] - Timeout '0' is invalid. Using default page load timeout: '60'

2021-12-21 11:12:51 - [MESSAGE][PASSED] - Tapped on element 'Object Repository/Mobile/Page/Login/Input - Password'

2021-12-21 11:12:51 - [TEST_STEP][PASSED] - delay(1): Delayed 1 second(s)

2021-12-21 11:12:52 - [MESSAGE][PASSED] - Delayed 1 second(s)

2021-12-21 11:12:52 - [TEST_STEP][PASSED] - setText(findTestObject("Mobile/Page/Login/Input Rdy - Password"), "Shalawa18", 0): Text 'Shalawa18' has been set to element 'Object Repository/Mobile/Page/Login/Input Rdy - Password'

2021-12-21 11:12:52 - [MESSAGE][WARNING] - Timeout '0' is invalid. Using default page load timeout: '60'

2021-12-21 11:12:52 - [MESSAGE][PASSED] - Text 'Shalawa18' has been set to element 'Object Repository/Mobile/Page/Login/Input Rdy - Password'

2021-12-21 11:12:52 - [TEST_STEP][PASSED] - delay(1): Delayed 1 second(s)

2021-12-21 11:12:53 - [MESSAGE][PASSED] - Delayed 1 second(s)

2021-12-21 11:12:53 - [TEST_STEP][PASSED] - hideKeyboard(): Keyboard is hidden

2021-12-21 11:13:00 - [MESSAGE][PASSED] - Keyboard is hidden

2021-12-21 11:13:00 - [TEST_STEP][PASSED] - tap(findTestObject("Mobile/Page/Login/Button - Login"), 0): Tapped on element 'Object Repository/Mobile/Page/Login/Button - Login'

2021-12-21 11:13:00 - [MESSAGE][WARNING] - Timeout '0' is invalid. Using default page load timeout: '60'

2021-12-21 11:13:00 - [MESSAGE][PASSED] - Tapped on element 'Object Repository/Mobile/Page/Login/Button - Login'

2021-12-21 11:13:00 - [TEST_STEP][PASSED] - delay(2): Delayed 2 second(s)

2021-12-21 11:13:02 - [MESSAGE][PASSED] - Delayed 2 second(s)

2021-12-21 11:13:02 - [MESSAGE][PASSED] - Call Test Case 'Test Cases/Mobile/Page/Login/Login' successfully

2021-12-21 11:13:02 - [MESSAGE][PASSED] - Call Test Case 'Test Cases/Mobile/Page/CheckLogin' successfully

2021-12-21 11:13:02 - [TEST_STEP][PASSED] - delay(3): Delayed 3 second(s)

2021-12-21 11:13:05 - [MESSAGE][PASSED] - Delayed 3 second(s)

2021-12-21 11:13:05 - [TEST_STEP][PASSED] - scroll.scroll.scrollScreenLeftToRight(): scroll.scroll.scrollScreenLeftToRight is PASSED

2021-12-21 11:13:05 - [MESSAGE][PASSED] - Current device physical height is 1423

2021-12-21 11:13:06 - [MESSAGE][PASSED] - Current device physical width is 720

2021-12-21 11:13:06 - [MESSAGE][PASSED] - Current device physical height is 1423

2021-12-21 11:13:07 - [MESSAGE][PASSED] - Swiped from 10,711 to 710,711

2021-12-21 11:13:07 - [MESSAGE][PASSED] - scroll.scroll.scrollScreenLeftToRight is PASSED

2021-12-21 11:13:07 - [TEST_STEP][PASSED] - delay(1): Delayed 1 second(s)

2021-12-21 11:13:08 - [MESSAGE][PASSED] - Delayed 1 second(s)

2021-12-21 11:13:08 - [TEST_STEP][PASSED] - for ([i = 0, i < 1, (i++)]): Delayed 1 second(s)

2021-12-21 11:13:08 - [TEST_STEP][PASSED] - if (action == "downloadtaxreport"): null

2021-12-21 11:13:08 - [TEST_STEP][PASSED] - else if (action == "analyzeprofile"): null

2021-12-21 11:13:08 - [TEST_STEP][PASSED] - else if (action == "wa"): null

2021-12-21 11:13:08 - [TEST_STEP][PASSED] - else if (action == "email"): null

2021-12-21 11:13:08 - [TEST_STEP][PASSED] - else if (action == "setting"): Delayed 1 second(s)

2021-12-21 11:13:08 - [TEST_STEP][PASSED] - setting = findTestObject("Mobile/Page/NavigationMenu/Button - Settings"): null

2021-12-21 11:13:08 - [TEST_STEP][PASSED] - top = getElementTopPosition(setting, 0): Object 'Object Repository/Mobile/Page/NavigationMenu/Button - Settings' has top position '856'

2021-12-21 11:13:08 - [MESSAGE][WARNING] - Timeout '0' is invalid. Using default page load timeout: '60'

2021-12-21 11:13:08 - [MESSAGE][PASSED] - Object 'Object Repository/Mobile/Page/NavigationMenu/Button - Settings' has top position '856'

2021-12-21 11:13:08 - [TEST_STEP][PASSED] - y = getElementHeight(setting, 0) * 0.8 + top: Object 'Object Repository/Mobile/Page/NavigationMenu/Button - Settings' has height: '98'

2021-12-21 11:13:08 - [MESSAGE][WARNING] - Timeout '0' is invalid. Using default page load timeout: '60'

2021-12-21 11:13:08 - [MESSAGE][PASSED] - Object 'Object Repository/Mobile/Page/NavigationMenu/Button - Settings' has height: '98'

2021-12-21 11:13:08 - [TEST_STEP][PASSED] - x = getDeviceWidth() * 0.2: Current device physical width is 720

2021-12-21 11:13:09 - [MESSAGE][PASSED] - Current device physical width is 720

2021-12-21 11:13:09 - [TEST_STEP][PASSED] - tapAtPosition(x, y): Tapped at [144, 934]

2021-12-21 11:13:10 - [MESSAGE][PASSED] - Tapped at [144, 934]

2021-12-21 11:13:10 - [TEST_STEP][PASSED] - delay(1): Delayed 1 second(s)

2021-12-21 11:13:11 - [MESSAGE][PASSED] - Delayed 1 second(s)

2021-12-21 11:13:11 - [TEST_STEP][PASSED] - tap(findTestObject("Mobile/Page/NavigationMenu/Settings/Dropdown - Gain"), 0): Tapped on element 'Object Repository/Mobile/Page/NavigationMenu/Settings/Dropdown - Gain'

2021-12-21 11:13:11 - [MESSAGE][WARNING] - Timeout '0' is invalid. Using default page load timeout: '60'

2021-12-21 11:13:12 - [MESSAGE][PASSED] - Tapped on element 'Object Repository/Mobile/Page/NavigationMenu/Settings/Dropdown - Gain'

2021-12-21 11:13:12 - [TEST_STEP][PASSED] - delay(1): Delayed 1 second(s)

2021-12-21 11:13:13 - [MESSAGE][PASSED] - Delayed 1 second(s)

2021-12-21 11:13:13 - [TEST_STEP][PASSED] - tap(findTestObject("Mobile/Page/NavigationMenu/Settings/Option Gain - 5"), 0): Tapped on element 'Object Repository/Mobile/Page/NavigationMenu/Settings/Option Gain - 5'

2021-12-21 11:13:13 - [MESSAGE][WARNING] - Timeout '0' is invalid. Using default page load timeout: '60'

2021-12-21 11:13:14 - [MESSAGE][PASSED] - Tapped on element 'Object Repository/Mobile/Page/NavigationMenu/Settings/Option Gain - 5'

2021-12-21 11:13:14 - [TEST_STEP][PASSED] - delay(1): Delayed 1 second(s)

2021-12-21 11:13:15 - [MESSAGE][PASSED] - Delayed 1 second(s)

2021-12-21 11:13:15 - [TEST_STEP][PASSED] - tap(findTestObject("Mobile/Page/NavigationMenu/Settings/Switch - Gain"), 0): Tapped on element 'Object Repository/Mobile/Page/NavigationMenu/Settings/Switch - Gain'

2021-12-21 11:13:15 - [MESSAGE][WARNING] - Timeout '0' is invalid. Using default page load timeout: '60'

2021-12-21 11:13:16 - [MESSAGE][PASSED] - Tapped on element 'Object Repository/Mobile/Page/NavigationMenu/Settings/Switch - Gain'

2021-12-21 11:13:16 - [TEST_STEP][PASSED] - delay(1): Delayed 1 second(s)

2021-12-21 11:13:17 - [MESSAGE][PASSED] - Delayed 1 second(s)

2021-12-21 11:13:17 - [TEST_STEP][PASSED] - tap(findTestObject("Mobile/Page/NavigationMenu/Settings/Switch - Gain"), 0): Tapped on element 'Object Repository/Mobile/Page/NavigationMenu/Settings/Switch - Gain'

2021-12-21 11:13:17 - [MESSAGE][WARNING] - Timeout '0' is invalid. Using default page load timeout: '60'

2021-12-21 11:13:18 - [MESSAGE][PASSED] - Tapped on element 'Object Repository/Mobile/Page/NavigationMenu/Settings/Switch - Gain'

2021-12-21 11:13:18 - [TEST_STEP][PASSED] - delay(1): Delayed 1 second(s)

2021-12-21 11:13:19 - [MESSAGE][PASSED] - Delayed 1 second(s)

2021-12-21 11:13:19 - [TEST_STEP][PASSED] - tap(findTestObject("Mobile/Page/NavigationMenu/Settings/Dropdown - Loss"), 0): Tapped on element 'Object Repository/Mobile/Page/NavigationMenu/Settings/Dropdown - Loss'

2021-12-21 11:13:20 - [MESSAGE][WARNING] - Timeout '0' is invalid. Using default page load timeout: '60'

2021-12-21 11:13:21 - [MESSAGE][PASSED] - Tapped on element 'Object Repository/Mobile/Page/NavigationMenu/Settings/Dropdown - Loss'

2021-12-21 11:13:21 - [TEST_STEP][PASSED] - delay(1): Delayed 1 second(s)

2021-12-21 11:13:22 - [MESSAGE][PASSED] - Delayed 1 second(s)

2021-12-21 11:13:22 - [TEST_STEP][PASSED] - tap(findTestObject("Mobile/Page/NavigationMenu/Settings/Option Loss - 5"), 0): Tapped on element 'Object Repository/Mobile/Page/NavigationMenu/Settings/Option Loss - 5'

2021-12-21 11:13:22 - [MESSAGE][WARNING] - Timeout '0' is invalid. Using default page load timeout: '60'

2021-12-21 11:13:23 - [MESSAGE][PASSED] - Tapped on element 'Object Repository/Mobile/Page/NavigationMenu/Settings/Option Loss - 5'

2021-12-21 11:13:23 - [TEST_STEP][PASSED] - delay(1): Delayed 1 second(s)

2021-12-21 11:13:24 - [MESSAGE][PASSED] - Delayed 1 second(s)

2021-12-21 11:13:24 - [TEST_STEP][PASSED] - tap(findTestObject("Mobile/Page/NavigationMenu/Settings/Switch - Loss"), 0): Tapped on element 'Object Repository/Mobile/Page/NavigationMenu/Settings/Switch - Loss'

2021-12-21 11:13:24 - [MESSAGE][WARNING] - Timeout '0' is invalid. Using default page load timeout: '60'

2021-12-21 11:13:25 - [MESSAGE][PASSED] - Tapped on element 'Object Repository/Mobile/Page/NavigationMenu/Settings/Switch - Loss'

2021-12-21 11:13:25 - [TEST_STEP][PASSED] - delay(1): Delayed 1 second(s)

2021-12-21 11:13:26 - [MESSAGE][PASSED] - Delayed 1 second(s)

2021-12-21 11:13:26 - [TEST_STEP][PASSED] - tap(findTestObject("Mobile/Page/NavigationMenu/Settings/Switch - Loss"), 0): Tapped on element 'Object Repository/Mobile/Page/NavigationMenu/Settings/Switch - Loss'

2021-12-21 11:13:26 - [MESSAGE][WARNING] - Timeout '0' is invalid. Using default page load timeout: '60'

2021-12-21 11:13:27 - [MESSAGE][PASSED] - Tapped on element 'Object Repository/Mobile/Page/NavigationMenu/Settings/Switch - Loss'

2021-12-21 11:13:27 - [TEST_STEP][PASSED] - delay(1): Delayed 1 second(s)

2021-12-21 11:13:28 - [MESSAGE][PASSED] - Delayed 1 second(s)

2021-12-21 11:13:28 - [TEST_STEP][PASSED] - tap(findTestObject("Mobile/Page/NavigationMenu/Settings/Checkbox - Risk Tolerance"), 0): Tapped on element 'Object Repository/Mobile/Page/NavigationMenu/Settings/Checkbox - Risk Tolerance'

2021-12-21 11:13:28 - [MESSAGE][WARNING] - Timeout '0' is invalid. Using default page load timeout: '60'

2021-12-21 11:13:29 - [MESSAGE][PASSED] - Tapped on element 'Object Repository/Mobile/Page/NavigationMenu/Settings/Checkbox - Risk Tolerance'

2021-12-21 11:13:29 - [TEST_STEP][PASSED] - delay(1): Delayed 1 second(s)

2021-12-21 11:13:30 - [MESSAGE][PASSED] - Delayed 1 second(s)

2021-12-21 11:13:30 - [TEST_STEP][PASSED] - tap(findTestObject("Mobile/Page/NavigationMenu/Settings/Checkbox - Risk Tolerance"), 0): Tapped on element 'Object Repository/Mobile/Page/NavigationMenu/Settings/Checkbox - Risk Tolerance'

2021-12-21 11:13:30 - [MESSAGE][WARNING] - Timeout '0' is invalid. Using default page load timeout: '60'

2021-12-21 11:13:31 - [MESSAGE][PASSED] - Tapped on element 'Object Repository/Mobile/Page/NavigationMenu/Settings/Checkbox - Risk Tolerance'

2021-12-21 11:13:31 - [TEST_STEP][PASSED] - delay(1): Delayed 1 second(s)

2021-12-21 11:13:32 - [MESSAGE][PASSED] - Delayed 1 second(s)

2021-12-21 11:13:32 - [TEST_STEP][PASSED] - tap(findTestObject("Mobile/Page/NavigationMenu/Settings/Switch - Stock News"), 0): Tapped on element 'Object Repository/Mobile/Page/NavigationMenu/Settings/Switch - Stock News'

2021-12-21 11:13:32 - [MESSAGE][WARNING] - Timeout '0' is invalid. Using default page load timeout: '60'

2021-12-21 11:13:33 - [MESSAGE][PASSED] - Tapped on element 'Object Repository/Mobile/Page/NavigationMenu/Settings/Switch - Stock News'

2021-12-21 11:13:33 - [TEST_STEP][PASSED] - delay(1): Delayed 1 second(s)

2021-12-21 11:13:34 - [MESSAGE][PASSED] - Delayed 1 second(s)

2021-12-21 11:13:34 - [TEST_STEP][PASSED] - tap(findTestObject("Mobile/Page/NavigationMenu/Settings/Switch - Stock News"), 0): Tapped on element 'Object Repository/Mobile/Page/NavigationMenu/Settings/Switch - Stock News'

2021-12-21 11:13:34 - [MESSAGE][WARNING] - Timeout '0' is invalid. Using default page load timeout: '60'

2021-12-21 11:13:35 - [MESSAGE][PASSED] - Tapped on element 'Object Repository/Mobile/Page/NavigationMenu/Settings/Switch - Stock News'

2021-12-21 11:13:35 - [TEST_STEP][PASSED] - delay(1): Delayed 1 second(s)

2021-12-21 11:13:36 - [MESSAGE][PASSED] - Delayed 1 second(s)

2021-12-21 11:13:36 - [TEST_STEP][PASSED] - tap(findTestObject("Mobile/Page/NavigationMenu/Settings/Switch - Fund News"), 0): Tapped on element 'Object Repository/Mobile/Page/NavigationMenu/Settings/Switch - Fund News'

2021-12-21 11:13:36 - [MESSAGE][WARNING] - Timeout '0' is invalid. Using default page load timeout: '60'

2021-12-21 11:13:38 - [MESSAGE][PASSED] - Tapped on element 'Object Repository/Mobile/Page/NavigationMenu/Settings/Switch - Fund News'

2021-12-21 11:13:38 - [TEST_STEP][PASSED] - delay(1): Delayed 1 second(s)

2021-12-21 11:13:39 - [MESSAGE][PASSED] - Delayed 1 second(s)

2021-12-21 11:13:39 - [TEST_STEP][PASSED] - tap(findTestObject("Mobile/Page/NavigationMenu/Settings/Switch - Fund News"), 0): Tapped on element 'Object Repository/Mobile/Page/NavigationMenu/Settings/Switch - Fund News'

2021-12-21 11:13:39 - [MESSAGE][WARNING] - Timeout '0' is invalid. Using default page load timeout: '60'

2021-12-21 11:13:39 - [MESSAGE][PASSED] - Tapped on element 'Object Repository/Mobile/Page/NavigationMenu/Settings/Switch - Fund News'

2021-12-21 11:13:39 - [TEST_STEP][PASSED] - delay(1): Delayed 1 second(s)

2021-12-21 11:13:40 - [MESSAGE][PASSED] - Delayed 1 second(s)

2021-12-21 11:13:40 - [TEST_STEP][PASSED] - tap(findTestObject("Mobile/Page/NavigationMenu/Settings/Switch - Bond News"), 0): Tapped on element 'Object Repository/Mobile/Page/NavigationMenu/Settings/Switch - Bond News'

2021-12-21 11:13:40 - [MESSAGE][WARNING] - Timeout '0' is invalid. Using default page load timeout: '60'

2021-12-21 11:13:41 - [MESSAGE][PASSED] - Tapped on element 'Object Repository/Mobile/Page/NavigationMenu/Settings/Switch - Bond News'

2021-12-21 11:13:41 - [TEST_STEP][PASSED] - delay(1): Delayed 1 second(s)

2021-12-21 11:13:42 - [MESSAGE][PASSED] - Delayed 1 second(s)

2021-12-21 11:13:42 - [TEST_STEP][PASSED] - tap(findTestObject("Mobile/Page/NavigationMenu/Settings/Switch - Bond News"), 0): Tapped on element 'Object Repository/Mobile/Page/NavigationMenu/Settings/Switch - Bond News'

2021-12-21 11:13:42 - [MESSAGE][WARNING] - Timeout '0' is invalid. Using default page load timeout: '60'

2021-12-21 11:13:42 - [MESSAGE][PASSED] - Tapped on element 'Object Repository/Mobile/Page/NavigationMenu/Settings/Switch - Bond News'

2021-12-21 11:13:42 - [TEST_STEP][PASSED] - delay(1): Delayed 1 second(s)

2021-12-21 11:13:43 - [MESSAGE][PASSED] - Delayed 1 second(s)

2021-12-21 11:13:43 - [TEST_STEP][PASSED] - tap(findTestObject("Mobile/Page/NavigationMenu/Settings/Switch - Macro News"), 0): Tapped on element 'Object Repository/Mobile/Page/NavigationMenu/Settings/Switch - Macro News'

2021-12-21 11:13:43 - [MESSAGE][WARNING] - Timeout '0' is invalid. Using default page load timeout: '60'

2021-12-21 11:13:44 - [MESSAGE][PASSED] - Tapped on element 'Object Repository/Mobile/Page/NavigationMenu/Settings/Switch - Macro News'

2021-12-21 11:13:44 - [TEST_STEP][PASSED] - delay(1): Delayed 1 second(s)

2021-12-21 11:13:45 - [MESSAGE][PASSED] - Delayed 1 second(s)

2021-12-21 11:13:45 - [TEST_STEP][PASSED] - tap(findTestObject("Mobile/Page/NavigationMenu/Settings/Switch - Macro News"), 0): Tapped on element 'Object Repository/Mobile/Page/NavigationMenu/Settings/Switch - Macro News'

2021-12-21 11:13:45 - [MESSAGE][WARNING] - Timeout '0' is invalid. Using default page load timeout: '60'

2021-12-21 11:13:46 - [MESSAGE][PASSED] - Tapped on element 'Object Repository/Mobile/Page/NavigationMenu/Settings/Switch - Macro News'

2021-12-21 11:13:46 - [TEST_STEP][PASSED] - delay(1): Delayed 1 second(s)

2021-12-21 11:13:47 - [MESSAGE][PASSED] - Delayed 1 second(s)

2021-12-21 11:13:47 - [TEST_STEP][PASSED] - pressBack(): Press back button successfully

2021-12-21 11:13:48 - [MESSAGE][PASSED] - Press back button successfully

2021-12-21 11:13:48 - [TEST_STEP][PASSED] - delay(1): Delayed 1 second(s)

2021-12-21 11:13:49 - [MESSAGE][PASSED] - Delayed 1 second(s)

2021-12-21 11:13:49 - [MESSAGE][PASSED] - Call Test Case 'Test Cases/Mobile/Page/NavigationMenu/NavigationMenu' successfully

2021-12-21 11:13:49 - [TEST_STEP][PASSED] - callTestCase(findTestCase("Mobile/Page/Run App/Terminate App"), [:], STOP_ON_FAILURE): Call Test Case 'Test Cases/Mobile/Page/Run App/Terminate App' successfully

2021-12-21 11:13:49 - [TEST_CASE][PASSED] - Test Cases/Mobile/Page/Run App/Terminate App: Test Cases/Mobile/Page/Run App/Terminate App

2021-12-21 11:13:49 - [TEST_STEP][PASSED] - startApp.OpenApp.terminateApplication(): startApp.OpenApp.terminateApplication is PASSED

2021-12-21 11:13:52 - [MESSAGE][PASSED] - Delayed 3 second(s)

2021-12-21 11:13:52 - [MESSAGE][PASSED] - Current device physical width is 720

2021-12-21 11:13:52 - [MESSAGE][PASSED] - Current device physical height is 1423

2021-12-21 11:13:53 - [MESSAGE][PASSED] - Swiped from 360,853 to 360,142

2021-12-21 11:13:54 - [MESSAGE][PASSED] - Delayed 1 second(s)

2021-12-21 11:13:56 - [MESSAGE][PASSED] - Swiped from 360,853 to 360,142

2021-12-21 11:13:59 - [MESSAGE][PASSED] - Delayed 3 second(s)

2021-12-21 11:13:59 - [MESSAGE][PASSED] - startApp.OpenApp.terminateApplication is PASSED

2021-12-21 11:13:59 - [MESSAGE][PASSED] - Call Test Case 'Test Cases/Mobile/Page/Run App/Terminate App' successfully]]></system-out>
         <system-err><![CDATA[]]></system-err>
      </testcase>
      <testcase name="Test Cases/Mobile/Scenario/NavigationMenu/006 - Logout" time="52.659" classname="Test Cases/Mobile/Scenario/NavigationMenu/006 - Logout" status="PASSED">
         <system-out><![CDATA[2021-12-21 11:13:59 - [TEST_CASE][PASSED] - Test Cases/Mobile/Scenario/NavigationMenu/006 - Logout: Test Cases/Mobile/Scenario/NavigationMenu/006 - Logout

2021-12-21 11:13:59 - [TEST_STEP][PASSED] - callTestCase(findTestCase("Mobile/Page/Run App/Run App byID"), [:], STOP_ON_FAILURE): Call Test Case 'Test Cases/Mobile/Page/Run App/Run App byID' successfully

2021-12-21 11:13:59 - [TEST_CASE][PASSED] - Test Cases/Mobile/Page/Run App/Run App byID: Test Cases/Mobile/Page/Run App/Run App byID

2021-12-21 11:13:59 - [TEST_STEP][PASSED] - startApp.OpenApp.startApplication("id.co.miraeasset.sageclub"): startApp.OpenApp.startApplication is PASSED

2021-12-21 11:14:10 - [MESSAGE][PASSED] - Starting app with application ID: 'id.co.miraeasset.sageclub'

2021-12-21 11:14:10 - [MESSAGE][PASSED] - startApp.OpenApp.startApplication is PASSED

2021-12-21 11:14:10 - [MESSAGE][PASSED] - Call Test Case 'Test Cases/Mobile/Page/Run App/Run App byID' successfully

2021-12-21 11:14:10 - [TEST_STEP][PASSED] - callTestCase(findTestCase("Mobile/Page/NavigationMenu/NavigationMenu"), ["action":"logout"], CONTINUE_ON_FAILURE): Call Test Case 'Test Cases/Mobile/Page/NavigationMenu/NavigationMenu' successfully

2021-12-21 11:14:10 - [TEST_CASE][PASSED] - Test Cases/Mobile/Page/NavigationMenu/NavigationMenu: Test Cases/Mobile/Page/NavigationMenu/NavigationMenu

2021-12-21 11:14:10 - [TEST_STEP][PASSED] - callTestCase(findTestCase("Mobile/Page/CheckLogin"), [:], CONTINUE_ON_FAILURE): Call Test Case 'Test Cases/Mobile/Page/CheckLogin' successfully

2021-12-21 11:14:10 - [TEST_CASE][PASSED] - Test Cases/Mobile/Page/CheckLogin: Test Cases/Mobile/Page/CheckLogin

2021-12-21 11:14:10 - [TEST_STEP][PASSED] - loginCheck = verifyElementExist(findTestObject("Mobile/Page/Login/Button - Login"), 2, CONTINUE_ON_FAILURE): Element 'Object Repository/Mobile/Page/Login/Button - Login' is exist

2021-12-21 11:14:12 - [MESSAGE][PASSED] - Element 'Object Repository/Mobile/Page/Login/Button - Login' is exist

2021-12-21 11:14:12 - [TEST_STEP][PASSED] - if (loginCheck): Call Test Case 'Test Cases/Mobile/Page/Login/Login' successfully

2021-12-21 11:14:12 - [TEST_STEP][PASSED] - callTestCase(findTestCase("Mobile/Page/Login/Login"), [:], CONTINUE_ON_FAILURE): Call Test Case 'Test Cases/Mobile/Page/Login/Login' successfully

2021-12-21 11:14:12 - [TEST_CASE][PASSED] - Test Cases/Mobile/Page/Login/Login: Test Cases/Mobile/Page/Login/Login

2021-12-21 11:14:12 - [TEST_STEP][PASSED] - delay(2): Delayed 2 second(s)

2021-12-21 11:14:14 - [MESSAGE][PASSED] - Delayed 2 second(s)

2021-12-21 11:14:14 - [TEST_STEP][PASSED] - tap(findTestObject("Mobile/Page/Login/Input - UserID"), 0): Tapped on element 'Object Repository/Mobile/Page/Login/Input - UserID'

2021-12-21 11:14:14 - [MESSAGE][WARNING] - Timeout '0' is invalid. Using default page load timeout: '60'

2021-12-21 11:14:15 - [MESSAGE][PASSED] - Tapped on element 'Object Repository/Mobile/Page/Login/Input - UserID'

2021-12-21 11:14:15 - [TEST_STEP][PASSED] - delay(1): Delayed 1 second(s)

2021-12-21 11:14:16 - [MESSAGE][PASSED] - Delayed 1 second(s)

2021-12-21 11:14:16 - [TEST_STEP][PASSED] - setText(findTestObject("Mobile/Page/Login/Input Rdy - UserID"), "anggaaditya", 0): Text 'anggaaditya' has been set to element 'Object Repository/Mobile/Page/Login/Input Rdy - UserID'

2021-12-21 11:14:16 - [MESSAGE][WARNING] - Timeout '0' is invalid. Using default page load timeout: '60'

2021-12-21 11:14:16 - [MESSAGE][PASSED] - Text 'anggaaditya' has been set to element 'Object Repository/Mobile/Page/Login/Input Rdy - UserID'

2021-12-21 11:14:16 - [TEST_STEP][PASSED] - delay(1): Delayed 1 second(s)

2021-12-21 11:14:17 - [MESSAGE][PASSED] - Delayed 1 second(s)

2021-12-21 11:14:17 - [TEST_STEP][PASSED] - hideKeyboard(): Keyboard is hidden

2021-12-21 11:14:21 - [MESSAGE][PASSED] - Keyboard is hidden

2021-12-21 11:14:21 - [TEST_STEP][PASSED] - tap(findTestObject("Mobile/Page/Login/Input - Password"), 0): Tapped on element 'Object Repository/Mobile/Page/Login/Input - Password'

2021-12-21 11:14:21 - [MESSAGE][WARNING] - Timeout '0' is invalid. Using default page load timeout: '60'

2021-12-21 11:14:21 - [MESSAGE][PASSED] - Tapped on element 'Object Repository/Mobile/Page/Login/Input - Password'

2021-12-21 11:14:21 - [TEST_STEP][PASSED] - delay(1): Delayed 1 second(s)

2021-12-21 11:14:22 - [MESSAGE][PASSED] - Delayed 1 second(s)

2021-12-21 11:14:22 - [TEST_STEP][PASSED] - setText(findTestObject("Mobile/Page/Login/Input Rdy - Password"), "Shalawa18", 0): Text 'Shalawa18' has been set to element 'Object Repository/Mobile/Page/Login/Input Rdy - Password'

2021-12-21 11:14:22 - [MESSAGE][WARNING] - Timeout '0' is invalid. Using default page load timeout: '60'

2021-12-21 11:14:23 - [MESSAGE][PASSED] - Text 'Shalawa18' has been set to element 'Object Repository/Mobile/Page/Login/Input Rdy - Password'

2021-12-21 11:14:23 - [TEST_STEP][PASSED] - delay(1): Delayed 1 second(s)

2021-12-21 11:14:24 - [MESSAGE][PASSED] - Delayed 1 second(s)

2021-12-21 11:14:24 - [TEST_STEP][PASSED] - hideKeyboard(): Keyboard is hidden

2021-12-21 11:14:30 - [MESSAGE][PASSED] - Keyboard is hidden

2021-12-21 11:14:30 - [TEST_STEP][PASSED] - tap(findTestObject("Mobile/Page/Login/Button - Login"), 0): Tapped on element 'Object Repository/Mobile/Page/Login/Button - Login'

2021-12-21 11:14:30 - [MESSAGE][WARNING] - Timeout '0' is invalid. Using default page load timeout: '60'

2021-12-21 11:14:31 - [MESSAGE][PASSED] - Tapped on element 'Object Repository/Mobile/Page/Login/Button - Login'

2021-12-21 11:14:31 - [TEST_STEP][PASSED] - delay(2): Delayed 2 second(s)

2021-12-21 11:14:33 - [MESSAGE][PASSED] - Delayed 2 second(s)

2021-12-21 11:14:33 - [MESSAGE][PASSED] - Call Test Case 'Test Cases/Mobile/Page/Login/Login' successfully

2021-12-21 11:14:33 - [MESSAGE][PASSED] - Call Test Case 'Test Cases/Mobile/Page/CheckLogin' successfully

2021-12-21 11:14:33 - [TEST_STEP][PASSED] - delay(3): Delayed 3 second(s)

2021-12-21 11:14:36 - [MESSAGE][PASSED] - Delayed 3 second(s)

2021-12-21 11:14:36 - [TEST_STEP][PASSED] - scroll.scroll.scrollScreenLeftToRight(): scroll.scroll.scrollScreenLeftToRight is PASSED

2021-12-21 11:14:36 - [MESSAGE][PASSED] - Current device physical height is 1423

2021-12-21 11:14:36 - [MESSAGE][PASSED] - Current device physical width is 720

2021-12-21 11:14:37 - [MESSAGE][PASSED] - Current device physical height is 1423

2021-12-21 11:14:38 - [MESSAGE][PASSED] - Swiped from 10,711 to 710,711

2021-12-21 11:14:38 - [MESSAGE][PASSED] - scroll.scroll.scrollScreenLeftToRight is PASSED

2021-12-21 11:14:38 - [TEST_STEP][PASSED] - delay(1): Delayed 1 second(s)

2021-12-21 11:14:39 - [MESSAGE][PASSED] - Delayed 1 second(s)

2021-12-21 11:14:39 - [TEST_STEP][PASSED] - for ([i = 0, i < 1, (i++)]): Delayed 1 second(s)

2021-12-21 11:14:39 - [TEST_STEP][PASSED] - if (action == "downloadtaxreport"): null

2021-12-21 11:14:39 - [TEST_STEP][PASSED] - else if (action == "analyzeprofile"): null

2021-12-21 11:14:39 - [TEST_STEP][PASSED] - else if (action == "wa"): null

2021-12-21 11:14:39 - [TEST_STEP][PASSED] - else if (action == "email"): null

2021-12-21 11:14:39 - [TEST_STEP][PASSED] - else if (action == "setting"): null

2021-12-21 11:14:39 - [TEST_STEP][PASSED] - else if (action == "logout"): Delayed 1 second(s)

2021-12-21 11:14:39 - [TEST_STEP][PASSED] - logout = findTestObject("Mobile/Page/NavigationMenu/Container - Logout"): null

2021-12-21 11:14:39 - [TEST_STEP][PASSED] - top = getElementTopPosition(logout, 0): Object 'Object Repository/Mobile/Page/NavigationMenu/Container - Logout' has top position '954'

2021-12-21 11:14:39 - [MESSAGE][WARNING] - Timeout '0' is invalid. Using default page load timeout: '60'

2021-12-21 11:14:39 - [MESSAGE][PASSED] - Object 'Object Repository/Mobile/Page/NavigationMenu/Container - Logout' has top position '954'

2021-12-21 11:14:39 - [TEST_STEP][PASSED] - y = getElementHeight(logout, 0) * 0.8 + top: Object 'Object Repository/Mobile/Page/NavigationMenu/Container - Logout' has height: '98'

2021-12-21 11:14:39 - [MESSAGE][WARNING] - Timeout '0' is invalid. Using default page load timeout: '60'

2021-12-21 11:14:39 - [MESSAGE][PASSED] - Object 'Object Repository/Mobile/Page/NavigationMenu/Container - Logout' has height: '98'

2021-12-21 11:14:39 - [TEST_STEP][PASSED] - x = getDeviceWidth() * 0.2: Current device physical width is 720

2021-12-21 11:14:39 - [MESSAGE][PASSED] - Current device physical width is 720

2021-12-21 11:14:39 - [TEST_STEP][PASSED] - tapAtPosition(x, y): Tapped at [144, 1,032]

2021-12-21 11:14:40 - [MESSAGE][PASSED] - Tapped at [144, 1,032]

2021-12-21 11:14:40 - [TEST_STEP][PASSED] - delay(1): Delayed 1 second(s)

2021-12-21 11:14:41 - [MESSAGE][PASSED] - Delayed 1 second(s)

2021-12-21 11:14:41 - [MESSAGE][PASSED] - Call Test Case 'Test Cases/Mobile/Page/NavigationMenu/NavigationMenu' successfully

2021-12-21 11:14:41 - [TEST_STEP][PASSED] - callTestCase(findTestCase("Mobile/Page/Run App/Terminate App"), [:], STOP_ON_FAILURE): Call Test Case 'Test Cases/Mobile/Page/Run App/Terminate App' successfully

2021-12-21 11:14:41 - [TEST_CASE][PASSED] - Test Cases/Mobile/Page/Run App/Terminate App: Test Cases/Mobile/Page/Run App/Terminate App

2021-12-21 11:14:41 - [TEST_STEP][PASSED] - startApp.OpenApp.terminateApplication(): startApp.OpenApp.terminateApplication is PASSED

2021-12-21 11:14:44 - [MESSAGE][PASSED] - Delayed 3 second(s)

2021-12-21 11:14:45 - [MESSAGE][PASSED] - Current device physical width is 720

2021-12-21 11:14:45 - [MESSAGE][PASSED] - Current device physical height is 1423

2021-12-21 11:14:46 - [MESSAGE][PASSED] - Swiped from 360,853 to 360,142

2021-12-21 11:14:47 - [MESSAGE][PASSED] - Delayed 1 second(s)

2021-12-21 11:14:48 - [MESSAGE][PASSED] - Swiped from 360,853 to 360,142

2021-12-21 11:14:51 - [MESSAGE][PASSED] - Delayed 3 second(s)

2021-12-21 11:14:51 - [MESSAGE][PASSED] - startApp.OpenApp.terminateApplication is PASSED

2021-12-21 11:14:51 - [MESSAGE][PASSED] - Call Test Case 'Test Cases/Mobile/Page/Run App/Terminate App' successfully]]></system-out>
         <system-err><![CDATA[]]></system-err>
      </testcase>
      <system-out><![CDATA[2021-12-21 11:07:48 - [TEST_SUITE][PASSED] - navigationmenu: Test Cases/Mobile/Scenario/NavigationMenu/006 - Logout]]></system-out>
      <system-err><![CDATA[]]></system-err>
   </testsuite>
</testsuites>
