<?xml version="1.0" encoding="UTF-8"?>
<testsuites name="analysis" time="527.899" tests="7" failures="0" skips="0" errors="0">
   <testsuite name="analysis" tests="7" failures="0" errors="0" time="527.899" skips="0" timestamp="2022-03-01 14:52:13" hostname="Owner - aldy-tft" id="Test Suites/analysis">
      <properties>
         <property name="deviceName" value="samsung SM-A205F (Android 11)"/>
         <property name="devicePlatform" value=""/>
         <property name="logFolder" value="C:\\Users\\Owner\\Documents\\kerjaan\\KatalonProject\\qa_katalon_pwm\\qa_katalon_pwm\\Reports\\20220301_145131\\analysis\\20220301_145136"/>
         <property name="logFiles" value="C:\\Users\\Owner\\Documents\\kerjaan\\KatalonProject\\qa_katalon_pwm\\qa_katalon_pwm\\Reports\\20220301_145131\\analysis\\20220301_145136\\appium.log, C:\\Users\\Owner\\Documents\\kerjaan\\KatalonProject\\qa_katalon_pwm\\qa_katalon_pwm\\Reports\\20220301_145131\\analysis\\20220301_145136\\execution0.log"/>
         <property name="attachments" value=""/>
         <property name="hostName" value="Owner - aldy-tft"/>
         <property name="os" value="Windows 10 64bit"/>
         <property name="appiumServerStatus" value="{&quot;value&quot;:{&quot;build&quot;:{&quot;version&quot;:&quot;1.22.0&quot;}},&quot;sessionId&quot;:null,&quot;status&quot;:0}"/>
         <property name="katalonVersion" value="7.9.1.208"/>
         <property name="deviceOS" value="Android"/>
         <property name="appiumVersion" value="1.22.0"/>
         <property name="deviceModel" value="SM-A205F"/>
         <property name="hostAddress" value="192.168.100.14"/>
         <property name="deviceManufacturer" value="samsung"/>
         <property name="deviceId" value="RR8M40C9AXE"/>
         <property name="deviceName" value="samsung SM-A205F (Android 11)"/>
         <property name="deviceOSVersion" value="11"/>
      </properties>
      <testcase name="Test Cases/Mobile/Scenario/Analysis/001 - Melihat list stock technical analysis" time="137.943" classname="Test Cases/Mobile/Scenario/Analysis/001 - Melihat list stock technical analysis" status="PASSED">
         <system-out><![CDATA[2022-03-01 14:52:15 - [TEST_CASE][PASSED] - Test Cases/Mobile/Scenario/Analysis/001 - Melihat list stock technical analysis: Test Cases/Mobile/Scenario/Analysis/001 - Melihat list stock technical analysis

2022-03-01 14:52:17 - [TEST_STEP][PASSED] - callTestCase(findTestCase("Mobile/Page/Run App/Run App byID"), [:], STOP_ON_FAILURE): Call Test Case 'Test Cases/Mobile/Page/Run App/Run App byID' successfully

2022-03-01 14:52:17 - [TEST_CASE][PASSED] - Test Cases/Mobile/Page/Run App/Run App byID: Test Cases/Mobile/Page/Run App/Run App byID

2022-03-01 14:52:18 - [TEST_STEP][PASSED] - startApp.OpenApp.startApplication("id.co.miraeasset.sageclub"): startApp.OpenApp.startApplication is PASSED

2022-03-01 14:52:34 - [MESSAGE][INFO] - Appium server started on port 64,931

2022-03-01 14:53:03 - [MESSAGE][PASSED] - Starting app with application ID: 'id.co.miraeasset.sageclub'

2022-03-01 14:53:03 - [MESSAGE][PASSED] - startApp.OpenApp.startApplication is PASSED

2022-03-01 14:53:03 - [MESSAGE][PASSED] - Call Test Case 'Test Cases/Mobile/Page/Run App/Run App byID' successfully

2022-03-01 14:53:03 - [TEST_STEP][PASSED] - callTestCase(findTestCase("Mobile/Page/Analysis/Analysis"), ["action":"technicalsearch"], CONTINUE_ON_FAILURE): Call Test Case 'Test Cases/Mobile/Page/Analysis/Analysis' successfully

2022-03-01 14:53:03 - [TEST_CASE][PASSED] - Test Cases/Mobile/Page/Analysis/Analysis: Test Cases/Mobile/Page/Analysis/Analysis

2022-03-01 14:53:04 - [TEST_STEP][PASSED] - callTestCase(findTestCase("Mobile/Page/CheckLogin"), [:], CONTINUE_ON_FAILURE): Call Test Case 'Test Cases/Mobile/Page/CheckLogin' successfully

2022-03-01 14:53:04 - [TEST_CASE][PASSED] - Test Cases/Mobile/Page/CheckLogin: Test Cases/Mobile/Page/CheckLogin

2022-03-01 14:53:04 - [TEST_STEP][PASSED] - loginCheck = verifyElementExist(LOGN_BtnLogin, 5, CONTINUE_ON_FAILURE): Element 'Object Repository/Mobile/Page/Login/Button - Login' is exist

2022-03-01 14:53:05 - [MESSAGE][WARNING] - Test object with id 'Object Repository/Mobile/Page/Analysis/Button - Open With Just Once' does not exist

2022-03-01 14:53:05 - [MESSAGE][WARNING] - Test object with id 'Object Repository/Mobile/Page/Analysis/Button - Search' does not exist

2022-03-01 14:53:08 - [MESSAGE][WARNING] - Test object with id 'Object Repository/Mobile/Page/Home/Button -  Add Watchlist' does not exist

2022-03-01 14:53:08 - [MESSAGE][WARNING] - Test object with id 'Object Repository/Mobile/Page/Home/Button - Open with Just Once' does not exist

2022-03-01 14:53:08 - [MESSAGE][WARNING] - Test object with id 'Object Repository/Mobile/Page/Home/Container - Notification' does not exist

2022-03-01 14:53:10 - [MESSAGE][WARNING] - Test object with id 'Object Repository/Mobile/Page/Home/Watchlist/Input - Search' does not exist

2022-03-01 14:53:10 - [MESSAGE][WARNING] - Test object with id 'Object Repository/Mobile/Page/Home/Watchlist/Item - Top Search' does not exist

2022-03-01 14:53:10 - [MESSAGE][WARNING] - Test object with id 'Object Repository/Mobile/Page/Home/Watchlist/Detail Watchlist/Input - Expiry Date' does not exist

2022-03-01 14:53:11 - [MESSAGE][WARNING] - Test object with id 'Object Repository/Mobile/Page/Home/Watchlist/Detail Watchlist/Item - Watchlist' does not exist

2022-03-01 14:53:12 - [MESSAGE][WARNING] - Test object with id 'Object Repository/Mobile/Page/NavigationMenu/Button - Open Just Once' does not exist

2022-03-01 14:53:12 - [MESSAGE][WARNING] - Test object with id 'Object Repository/Mobile/Page/NavigationMenu/Container - Logout' does not exist

2022-03-01 14:53:18 - [MESSAGE][WARNING] - Test object with id 'Object Repository/Mobile/Page/Analysis/Button - Open With Just Once' does not exist

2022-03-01 14:53:18 - [MESSAGE][WARNING] - Test object with id 'Object Repository/Mobile/Page/Analysis/Button - Search' does not exist

2022-03-01 14:53:20 - [MESSAGE][WARNING] - Test object with id 'Object Repository/Mobile/Page/Home/Button -  Add Watchlist' does not exist

2022-03-01 14:53:20 - [MESSAGE][WARNING] - Test object with id 'Object Repository/Mobile/Page/Home/Button - Open with Just Once' does not exist

2022-03-01 14:53:20 - [MESSAGE][WARNING] - Test object with id 'Object Repository/Mobile/Page/Home/Container - Notification' does not exist

2022-03-01 14:53:21 - [MESSAGE][WARNING] - Test object with id 'Object Repository/Mobile/Page/Home/Watchlist/Input - Search' does not exist

2022-03-01 14:53:21 - [MESSAGE][WARNING] - Test object with id 'Object Repository/Mobile/Page/Home/Watchlist/Item - Top Search' does not exist

2022-03-01 14:53:21 - [MESSAGE][WARNING] - Test object with id 'Object Repository/Mobile/Page/Home/Watchlist/Detail Watchlist/Input - Expiry Date' does not exist

2022-03-01 14:53:22 - [MESSAGE][WARNING] - Test object with id 'Object Repository/Mobile/Page/Home/Watchlist/Detail Watchlist/Item - Watchlist' does not exist

2022-03-01 14:53:23 - [MESSAGE][WARNING] - Test object with id 'Object Repository/Mobile/Page/NavigationMenu/Button - Open Just Once' does not exist

2022-03-01 14:53:24 - [MESSAGE][WARNING] - Test object with id 'Object Repository/Mobile/Page/NavigationMenu/Container - Logout' does not exist

2022-03-01 14:53:32 - [MESSAGE][PASSED] - Element 'Object Repository/Mobile/Page/Login/Button - Login' is exist

2022-03-01 14:53:32 - [TEST_STEP][PASSED] - if (loginCheck): Call Test Case 'Test Cases/Mobile/Page/Login/Login' successfully

2022-03-01 14:53:32 - [TEST_STEP][PASSED] - callTestCase(findTestCase("Mobile/Page/Login/Login"), ["action":"username"], CONTINUE_ON_FAILURE): Call Test Case 'Test Cases/Mobile/Page/Login/Login' successfully

2022-03-01 14:53:32 - [TEST_CASE][PASSED] - Test Cases/Mobile/Page/Login/Login: Test Cases/Mobile/Page/Login/Login

2022-03-01 14:53:33 - [TEST_STEP][PASSED] - delay(2): Delayed 2 second(s)

2022-03-01 14:53:35 - [MESSAGE][PASSED] - Delayed 2 second(s)

2022-03-01 14:53:35 - [TEST_STEP][PASSED] - for ([i = 0, i < 1, (i++)]): null

2022-03-01 14:53:35 - [TEST_STEP][PASSED] - if (action == "username"): null

2022-03-01 14:53:35 - [TEST_STEP][PASSED] - tap(LOGN_EdtUserID, 0): Tapped on element 'Object Repository/Mobile/Page/Login/Input - UserID'

2022-03-01 14:53:35 - [MESSAGE][WARNING] - Timeout '0' is invalid. Using default page load timeout: '60'

2022-03-01 14:53:35 - [MESSAGE][PASSED] - Tapped on element 'Object Repository/Mobile/Page/Login/Input - UserID'

2022-03-01 14:53:35 - [TEST_STEP][PASSED] - delay(1): Delayed 1 second(s)

2022-03-01 14:53:36 - [MESSAGE][PASSED] - Delayed 1 second(s)

2022-03-01 14:53:36 - [TEST_STEP][PASSED] - setText(LOGN_EdtRdyUserID, "anggaaditya", 0): Text 'anggaaditya' has been set to element 'Object Repository/Mobile/Page/Login/Input Rdy - UserID'

2022-03-01 14:53:36 - [MESSAGE][WARNING] - Timeout '0' is invalid. Using default page load timeout: '60'

2022-03-01 14:53:38 - [MESSAGE][PASSED] - Text 'anggaaditya' has been set to element 'Object Repository/Mobile/Page/Login/Input Rdy - UserID'

2022-03-01 14:53:38 - [TEST_STEP][PASSED] - delay(1): Delayed 1 second(s)

2022-03-01 14:53:39 - [MESSAGE][PASSED] - Delayed 1 second(s)

2022-03-01 14:53:39 - [TEST_STEP][PASSED] - hideKeyboard(): Keyboard is hidden

2022-03-01 14:53:45 - [MESSAGE][PASSED] - Keyboard is hidden

2022-03-01 14:53:45 - [TEST_STEP][PASSED] - tap(LOGN_EdtPassword, 0): Tapped on element 'Object Repository/Mobile/Page/Login/Input - Password'

2022-03-01 14:53:45 - [MESSAGE][WARNING] - Timeout '0' is invalid. Using default page load timeout: '60'

2022-03-01 14:53:46 - [MESSAGE][PASSED] - Tapped on element 'Object Repository/Mobile/Page/Login/Input - Password'

2022-03-01 14:53:46 - [TEST_STEP][PASSED] - delay(1): Delayed 1 second(s)

2022-03-01 14:53:47 - [MESSAGE][PASSED] - Delayed 1 second(s)

2022-03-01 14:53:47 - [TEST_STEP][PASSED] - setText(LOGN_EdtRdyPassword, "Shalawa18", 0): Text 'Shalawa18' has been set to element 'Object Repository/Mobile/Page/Login/Input Rdy - Password'

2022-03-01 14:53:47 - [MESSAGE][WARNING] - Timeout '0' is invalid. Using default page load timeout: '60'

2022-03-01 14:53:48 - [MESSAGE][PASSED] - Text 'Shalawa18' has been set to element 'Object Repository/Mobile/Page/Login/Input Rdy - Password'

2022-03-01 14:53:48 - [TEST_STEP][PASSED] - delay(1): Delayed 1 second(s)

2022-03-01 14:53:49 - [MESSAGE][PASSED] - Delayed 1 second(s)

2022-03-01 14:53:49 - [TEST_STEP][PASSED] - hideKeyboard(): Keyboard is hidden

2022-03-01 14:53:56 - [MESSAGE][PASSED] - Keyboard is hidden

2022-03-01 14:53:56 - [TEST_STEP][PASSED] - tap(LOGN_BtnLogin, 0): Tapped on element 'Object Repository/Mobile/Page/Login/Button - Login'

2022-03-01 14:53:56 - [MESSAGE][WARNING] - Timeout '0' is invalid. Using default page load timeout: '60'

2022-03-01 14:53:57 - [MESSAGE][PASSED] - Tapped on element 'Object Repository/Mobile/Page/Login/Button - Login'

2022-03-01 14:53:57 - [TEST_STEP][PASSED] - delay(2): Delayed 2 second(s)

2022-03-01 14:53:59 - [MESSAGE][PASSED] - Delayed 2 second(s)

2022-03-01 14:53:59 - [TEST_STEP][PASSED] - break: null

2022-03-01 14:53:59 - [MESSAGE][PASSED] - Call Test Case 'Test Cases/Mobile/Page/Login/Login' successfully

2022-03-01 14:53:59 - [MESSAGE][PASSED] - Call Test Case 'Test Cases/Mobile/Page/CheckLogin' successfully

2022-03-01 14:53:59 - [TEST_STEP][PASSED] - tap(HOME_MenubarAnalysis, 0): Tapped on element 'Object Repository/Mobile/Page/Home/Menubar - Analysis'

2022-03-01 14:53:59 - [MESSAGE][WARNING] - Timeout '0' is invalid. Using default page load timeout: '60'

2022-03-01 14:54:00 - [MESSAGE][PASSED] - Tapped on element 'Object Repository/Mobile/Page/Home/Menubar - Analysis'

2022-03-01 14:54:00 - [TEST_STEP][PASSED] - delay(3): Delayed 3 second(s)

2022-03-01 14:54:04 - [MESSAGE][PASSED] - Delayed 3 second(s)

2022-03-01 14:54:04 - [TEST_STEP][PASSED] - for ([i = 0, i < 1, (i++)]): Delayed 2 second(s)

2022-03-01 14:54:04 - [TEST_STEP][PASSED] - if (action == "technicalsearch"): Delayed 2 second(s)

2022-03-01 14:54:04 - [TEST_STEP][PASSED] - tap(ANAL_DropTechIndicator, 0): Tapped on element 'Object Repository/Mobile/Page/Analysis/Dropdown - Technical Indicator'

2022-03-01 14:54:04 - [MESSAGE][WARNING] - Timeout '0' is invalid. Using default page load timeout: '60'

2022-03-01 14:54:04 - [MESSAGE][PASSED] - Tapped on element 'Object Repository/Mobile/Page/Analysis/Dropdown - Technical Indicator'

2022-03-01 14:54:04 - [TEST_STEP][PASSED] - delay(1): Delayed 1 second(s)

2022-03-01 14:54:05 - [MESSAGE][PASSED] - Delayed 1 second(s)

2022-03-01 14:54:05 - [TEST_STEP][PASSED] - tap(ANAL_OptTechIndicatorAll, 0): Tapped on element 'Object Repository/Mobile/Page/Analysis/Option Technical Indicator - All'

2022-03-01 14:54:05 - [MESSAGE][WARNING] - Timeout '0' is invalid. Using default page load timeout: '60'

2022-03-01 14:54:06 - [MESSAGE][PASSED] - Tapped on element 'Object Repository/Mobile/Page/Analysis/Option Technical Indicator - All'

2022-03-01 14:54:06 - [TEST_STEP][PASSED] - delay(1): Delayed 1 second(s)

2022-03-01 14:54:07 - [MESSAGE][PASSED] - Delayed 1 second(s)

2022-03-01 14:54:07 - [TEST_STEP][PASSED] - tap(ANAL_DropMarketCap, 0): Tapped on element 'Object Repository/Mobile/Page/Analysis/Dropdown - Market Cap'

2022-03-01 14:54:07 - [MESSAGE][WARNING] - Timeout '0' is invalid. Using default page load timeout: '60'

2022-03-01 14:54:08 - [MESSAGE][PASSED] - Tapped on element 'Object Repository/Mobile/Page/Analysis/Dropdown - Market Cap'

2022-03-01 14:54:08 - [TEST_STEP][PASSED] - delay(1): Delayed 1 second(s)

2022-03-01 14:54:09 - [MESSAGE][PASSED] - Delayed 1 second(s)

2022-03-01 14:54:09 - [TEST_STEP][PASSED] - tap(ANAL_OptMarketCap1T, 0): Tapped on element 'Object Repository/Mobile/Page/Analysis/Option Market Cap - 1 Trillion'

2022-03-01 14:54:09 - [MESSAGE][WARNING] - Timeout '0' is invalid. Using default page load timeout: '60'

2022-03-01 14:54:10 - [MESSAGE][PASSED] - Tapped on element 'Object Repository/Mobile/Page/Analysis/Option Market Cap - 1 Trillion'

2022-03-01 14:54:10 - [TEST_STEP][PASSED] - delay(1): Delayed 1 second(s)

2022-03-01 14:54:11 - [MESSAGE][PASSED] - Delayed 1 second(s)

2022-03-01 14:54:11 - [TEST_STEP][PASSED] - tap(ANAL_DropTransaction, 0): Tapped on element 'Object Repository/Mobile/Page/Analysis/Dropdown - Transaction'

2022-03-01 14:54:11 - [MESSAGE][WARNING] - Timeout '0' is invalid. Using default page load timeout: '60'

2022-03-01 14:54:12 - [MESSAGE][PASSED] - Tapped on element 'Object Repository/Mobile/Page/Analysis/Dropdown - Transaction'

2022-03-01 14:54:12 - [TEST_STEP][PASSED] - delay(1): Delayed 1 second(s)

2022-03-01 14:54:13 - [MESSAGE][PASSED] - Delayed 1 second(s)

2022-03-01 14:54:13 - [TEST_STEP][PASSED] - tap(ANAL_OptTransaction10B, 0): Tapped on element 'Object Repository/Mobile/Page/Analysis/Option Transaction - 10 Billion'

2022-03-01 14:54:13 - [MESSAGE][WARNING] - Timeout '0' is invalid. Using default page load timeout: '60'

2022-03-01 14:54:15 - [MESSAGE][PASSED] - Tapped on element 'Object Repository/Mobile/Page/Analysis/Option Transaction - 10 Billion'

2022-03-01 14:54:15 - [TEST_STEP][PASSED] - delay(1): Delayed 1 second(s)

2022-03-01 14:54:16 - [MESSAGE][PASSED] - Delayed 1 second(s)

2022-03-01 14:54:16 - [TEST_STEP][PASSED] - tap(ANAL_DropTimeFrame, 0): Tapped on element 'Object Repository/Mobile/Page/Analysis/Dropdown - Time Frame'

2022-03-01 14:54:16 - [MESSAGE][WARNING] - Timeout '0' is invalid. Using default page load timeout: '60'

2022-03-01 14:54:16 - [MESSAGE][PASSED] - Tapped on element 'Object Repository/Mobile/Page/Analysis/Dropdown - Time Frame'

2022-03-01 14:54:16 - [TEST_STEP][PASSED] - delay(1): Delayed 1 second(s)

2022-03-01 14:54:17 - [MESSAGE][PASSED] - Delayed 1 second(s)

2022-03-01 14:54:17 - [TEST_STEP][PASSED] - tap(ANAL_OptTimeFrameDaily, 0): Tapped on element 'Object Repository/Mobile/Page/Analysis/Option Time Frame - Daily'

2022-03-01 14:54:17 - [MESSAGE][WARNING] - Timeout '0' is invalid. Using default page load timeout: '60'

2022-03-01 14:54:17 - [MESSAGE][PASSED] - Tapped on element 'Object Repository/Mobile/Page/Analysis/Option Time Frame - Daily'

2022-03-01 14:54:17 - [TEST_STEP][PASSED] - delay(1): Delayed 1 second(s)

2022-03-01 14:54:18 - [MESSAGE][PASSED] - Delayed 1 second(s)

2022-03-01 14:54:18 - [TEST_STEP][PASSED] - tap(ANAL_DropIndex, 0): Tapped on element 'Object Repository/Mobile/Page/Analysis/Dropdown - Index'

2022-03-01 14:54:18 - [MESSAGE][WARNING] - Timeout '0' is invalid. Using default page load timeout: '60'

2022-03-01 14:54:19 - [MESSAGE][PASSED] - Tapped on element 'Object Repository/Mobile/Page/Analysis/Dropdown - Index'

2022-03-01 14:54:19 - [TEST_STEP][PASSED] - delay(1): Delayed 1 second(s)

2022-03-01 14:54:20 - [MESSAGE][PASSED] - Delayed 1 second(s)

2022-03-01 14:54:20 - [TEST_STEP][PASSED] - tap(ANAL_OptIndexIdx30, 0): Tapped on element 'Object Repository/Mobile/Page/Analysis/Option Index - Idx30'

2022-03-01 14:54:20 - [MESSAGE][WARNING] - Timeout '0' is invalid. Using default page load timeout: '60'

2022-03-01 14:54:20 - [MESSAGE][PASSED] - Tapped on element 'Object Repository/Mobile/Page/Analysis/Option Index - Idx30'

2022-03-01 14:54:20 - [TEST_STEP][PASSED] - delay(2): Delayed 2 second(s)

2022-03-01 14:54:22 - [MESSAGE][PASSED] - Delayed 2 second(s)

2022-03-01 14:54:22 - [MESSAGE][PASSED] - Call Test Case 'Test Cases/Mobile/Page/Analysis/Analysis' successfully

2022-03-01 14:54:22 - [TEST_STEP][PASSED] - callTestCase(findTestCase("Mobile/Page/Run App/Terminate App"), [:], STOP_ON_FAILURE): Call Test Case 'Test Cases/Mobile/Page/Run App/Terminate App' successfully

2022-03-01 14:54:22 - [TEST_CASE][PASSED] - Test Cases/Mobile/Page/Run App/Terminate App: Test Cases/Mobile/Page/Run App/Terminate App

2022-03-01 14:54:23 - [TEST_STEP][PASSED] - startApp.OpenApp.terminateApplication(): startApp.OpenApp.terminateApplication is PASSED

2022-03-01 14:54:26 - [MESSAGE][PASSED] - Delayed 3 second(s)

2022-03-01 14:54:26 - [MESSAGE][PASSED] - Current device physical width is 720

2022-03-01 14:54:26 - [MESSAGE][PASSED] - Current device physical height is 1423

2022-03-01 14:54:28 - [MESSAGE][PASSED] - Swiped from 360,853 to 360,142

2022-03-01 14:54:29 - [MESSAGE][PASSED] - Delayed 1 second(s)

2022-03-01 14:54:30 - [MESSAGE][PASSED] - Swiped from 360,853 to 360,142

2022-03-01 14:54:33 - [MESSAGE][PASSED] - Delayed 3 second(s)

2022-03-01 14:54:33 - [MESSAGE][PASSED] - startApp.OpenApp.terminateApplication is PASSED

2022-03-01 14:54:33 - [MESSAGE][PASSED] - Call Test Case 'Test Cases/Mobile/Page/Run App/Terminate App' successfully]]></system-out>
         <system-err><![CDATA[]]></system-err>
      </testcase>
      <testcase name="Test Cases/Mobile/Scenario/Analysis/002 - Melihat detail stock kategori day" time="65.77" classname="Test Cases/Mobile/Scenario/Analysis/002 - Melihat detail stock kategori day" status="PASSED">
         <system-out><![CDATA[2022-03-01 14:54:33 - [TEST_CASE][PASSED] - Test Cases/Mobile/Scenario/Analysis/002 - Melihat detail stock kategori day: Test Cases/Mobile/Scenario/Analysis/002 - Melihat detail stock kategori day

2022-03-01 14:54:34 - [TEST_STEP][PASSED] - callTestCase(findTestCase("Mobile/Page/Run App/Run App byID"), [:], STOP_ON_FAILURE): Call Test Case 'Test Cases/Mobile/Page/Run App/Run App byID' successfully

2022-03-01 14:54:34 - [TEST_CASE][PASSED] - Test Cases/Mobile/Page/Run App/Run App byID: Test Cases/Mobile/Page/Run App/Run App byID

2022-03-01 14:54:34 - [TEST_STEP][PASSED] - startApp.OpenApp.startApplication("id.co.miraeasset.sageclub"): startApp.OpenApp.startApplication is PASSED

2022-03-01 14:54:47 - [MESSAGE][PASSED] - Starting app with application ID: 'id.co.miraeasset.sageclub'

2022-03-01 14:54:47 - [MESSAGE][PASSED] - startApp.OpenApp.startApplication is PASSED

2022-03-01 14:54:47 - [MESSAGE][PASSED] - Call Test Case 'Test Cases/Mobile/Page/Run App/Run App byID' successfully

2022-03-01 14:54:47 - [TEST_STEP][PASSED] - callTestCase(findTestCase("Mobile/Page/Analysis/Analysis"), ["action":"technicaldetail", "action2":"day"], CONTINUE_ON_FAILURE): Call Test Case 'Test Cases/Mobile/Page/Analysis/Analysis' successfully

2022-03-01 14:54:47 - [TEST_CASE][PASSED] - Test Cases/Mobile/Page/Analysis/Analysis: Test Cases/Mobile/Page/Analysis/Analysis

2022-03-01 14:54:47 - [TEST_STEP][PASSED] - callTestCase(findTestCase("Mobile/Page/CheckLogin"), [:], CONTINUE_ON_FAILURE): Call Test Case 'Test Cases/Mobile/Page/CheckLogin' successfully

2022-03-01 14:54:47 - [TEST_CASE][PASSED] - Test Cases/Mobile/Page/CheckLogin: Test Cases/Mobile/Page/CheckLogin

2022-03-01 14:54:47 - [TEST_STEP][PASSED] - loginCheck = verifyElementExist(LOGN_BtnLogin, 5, CONTINUE_ON_FAILURE): Element 'Object Repository/Mobile/Page/Login/Button - Login' is exist

2022-03-01 14:54:49 - [MESSAGE][PASSED] - Element 'Object Repository/Mobile/Page/Login/Button - Login' is exist

2022-03-01 14:54:49 - [TEST_STEP][PASSED] - if (loginCheck): Call Test Case 'Test Cases/Mobile/Page/Login/Login' successfully

2022-03-01 14:54:49 - [TEST_STEP][PASSED] - callTestCase(findTestCase("Mobile/Page/Login/Login"), ["action":"username"], CONTINUE_ON_FAILURE): Call Test Case 'Test Cases/Mobile/Page/Login/Login' successfully

2022-03-01 14:54:50 - [TEST_CASE][PASSED] - Test Cases/Mobile/Page/Login/Login: Test Cases/Mobile/Page/Login/Login

2022-03-01 14:54:50 - [TEST_STEP][PASSED] - delay(2): Delayed 2 second(s)

2022-03-01 14:54:52 - [MESSAGE][PASSED] - Delayed 2 second(s)

2022-03-01 14:54:52 - [TEST_STEP][PASSED] - for ([i = 0, i < 1, (i++)]): null

2022-03-01 14:54:52 - [TEST_STEP][PASSED] - if (action == "username"): null

2022-03-01 14:54:52 - [TEST_STEP][PASSED] - tap(LOGN_EdtUserID, 0): Tapped on element 'Object Repository/Mobile/Page/Login/Input - UserID'

2022-03-01 14:54:52 - [MESSAGE][WARNING] - Timeout '0' is invalid. Using default page load timeout: '60'

2022-03-01 14:54:52 - [MESSAGE][PASSED] - Tapped on element 'Object Repository/Mobile/Page/Login/Input - UserID'

2022-03-01 14:54:52 - [TEST_STEP][PASSED] - delay(1): Delayed 1 second(s)

2022-03-01 14:54:53 - [MESSAGE][PASSED] - Delayed 1 second(s)

2022-03-01 14:54:53 - [TEST_STEP][PASSED] - setText(LOGN_EdtRdyUserID, "anggaaditya", 0): Text 'anggaaditya' has been set to element 'Object Repository/Mobile/Page/Login/Input Rdy - UserID'

2022-03-01 14:54:53 - [MESSAGE][WARNING] - Timeout '0' is invalid. Using default page load timeout: '60'

2022-03-01 14:54:54 - [MESSAGE][PASSED] - Text 'anggaaditya' has been set to element 'Object Repository/Mobile/Page/Login/Input Rdy - UserID'

2022-03-01 14:54:54 - [TEST_STEP][PASSED] - delay(1): Delayed 1 second(s)

2022-03-01 14:54:55 - [MESSAGE][PASSED] - Delayed 1 second(s)

2022-03-01 14:54:55 - [TEST_STEP][PASSED] - hideKeyboard(): Keyboard is hidden

2022-03-01 14:54:58 - [MESSAGE][PASSED] - Keyboard is hidden

2022-03-01 14:54:58 - [TEST_STEP][PASSED] - tap(LOGN_EdtPassword, 0): Tapped on element 'Object Repository/Mobile/Page/Login/Input - Password'

2022-03-01 14:54:58 - [MESSAGE][WARNING] - Timeout '0' is invalid. Using default page load timeout: '60'

2022-03-01 14:54:59 - [MESSAGE][PASSED] - Tapped on element 'Object Repository/Mobile/Page/Login/Input - Password'

2022-03-01 14:54:59 - [TEST_STEP][PASSED] - delay(1): Delayed 1 second(s)

2022-03-01 14:55:00 - [MESSAGE][PASSED] - Delayed 1 second(s)

2022-03-01 14:55:00 - [TEST_STEP][PASSED] - setText(LOGN_EdtRdyPassword, "Shalawa18", 0): Text 'Shalawa18' has been set to element 'Object Repository/Mobile/Page/Login/Input Rdy - Password'

2022-03-01 14:55:00 - [MESSAGE][WARNING] - Timeout '0' is invalid. Using default page load timeout: '60'

2022-03-01 14:55:00 - [MESSAGE][PASSED] - Text 'Shalawa18' has been set to element 'Object Repository/Mobile/Page/Login/Input Rdy - Password'

2022-03-01 14:55:00 - [TEST_STEP][PASSED] - delay(1): Delayed 1 second(s)

2022-03-01 14:55:01 - [MESSAGE][PASSED] - Delayed 1 second(s)

2022-03-01 14:55:01 - [TEST_STEP][PASSED] - hideKeyboard(): Keyboard is hidden

2022-03-01 14:55:08 - [MESSAGE][PASSED] - Keyboard is hidden

2022-03-01 14:55:08 - [TEST_STEP][PASSED] - tap(LOGN_BtnLogin, 0): Tapped on element 'Object Repository/Mobile/Page/Login/Button - Login'

2022-03-01 14:55:08 - [MESSAGE][WARNING] - Timeout '0' is invalid. Using default page load timeout: '60'

2022-03-01 14:55:08 - [MESSAGE][PASSED] - Tapped on element 'Object Repository/Mobile/Page/Login/Button - Login'

2022-03-01 14:55:08 - [TEST_STEP][PASSED] - delay(2): Delayed 2 second(s)

2022-03-01 14:55:10 - [MESSAGE][PASSED] - Delayed 2 second(s)

2022-03-01 14:55:10 - [TEST_STEP][PASSED] - break: null

2022-03-01 14:55:10 - [MESSAGE][PASSED] - Call Test Case 'Test Cases/Mobile/Page/Login/Login' successfully

2022-03-01 14:55:10 - [MESSAGE][PASSED] - Call Test Case 'Test Cases/Mobile/Page/CheckLogin' successfully

2022-03-01 14:55:10 - [TEST_STEP][PASSED] - tap(HOME_MenubarAnalysis, 0): Tapped on element 'Object Repository/Mobile/Page/Home/Menubar - Analysis'

2022-03-01 14:55:10 - [MESSAGE][WARNING] - Timeout '0' is invalid. Using default page load timeout: '60'

2022-03-01 14:55:12 - [MESSAGE][PASSED] - Tapped on element 'Object Repository/Mobile/Page/Home/Menubar - Analysis'

2022-03-01 14:55:12 - [TEST_STEP][PASSED] - delay(3): Delayed 3 second(s)

2022-03-01 14:55:15 - [MESSAGE][PASSED] - Delayed 3 second(s)

2022-03-01 14:55:15 - [TEST_STEP][PASSED] - for ([i = 0, i < 1, (i++)]): Delayed 2 second(s)

2022-03-01 14:55:15 - [TEST_STEP][PASSED] - if (action == "technicalsearch"): null

2022-03-01 14:55:15 - [TEST_STEP][PASSED] - else if (action == "technicaldetail"): Delayed 2 second(s)

2022-03-01 14:55:15 - [TEST_STEP][PASSED] - tapAndHold(ANAL_ItemTopResultTech, 1, 0): Tapped and held on element 'Object Repository/Mobile/Page/Analysis/Item - Top Technical' with duration 1

2022-03-01 14:55:15 - [MESSAGE][WARNING] - Timeout '0' is invalid. Using default page load timeout: '60'

2022-03-01 14:55:19 - [MESSAGE][PASSED] - Tapped and held on element 'Object Repository/Mobile/Page/Analysis/Item - Top Technical' with duration 1

2022-03-01 14:55:19 - [TEST_STEP][PASSED] - delay(5): Delayed 5 second(s)

2022-03-01 14:55:24 - [MESSAGE][PASSED] - Delayed 5 second(s)

2022-03-01 14:55:24 - [TEST_STEP][PASSED] - switch (action2): null

2022-03-01 14:55:24 - [TEST_STEP][PASSED] - case "day":: null

2022-03-01 14:55:24 - [TEST_STEP][PASSED] - tapAndHold(ANAL_DETL_BtnD, 1, 0): Tapped and held on element 'Object Repository/Mobile/Page/Analysis/Detail/Button - D' with duration 1

2022-03-01 14:55:24 - [MESSAGE][WARNING] - Timeout '0' is invalid. Using default page load timeout: '60'

2022-03-01 14:55:27 - [MESSAGE][PASSED] - Tapped and held on element 'Object Repository/Mobile/Page/Analysis/Detail/Button - D' with duration 1

2022-03-01 14:55:27 - [TEST_STEP][PASSED] - break: null

2022-03-01 14:55:27 - [TEST_STEP][PASSED] - delay(2): Delayed 2 second(s)

2022-03-01 14:55:29 - [MESSAGE][PASSED] - Delayed 2 second(s)

2022-03-01 14:55:29 - [MESSAGE][PASSED] - Call Test Case 'Test Cases/Mobile/Page/Analysis/Analysis' successfully

2022-03-01 14:55:29 - [TEST_STEP][PASSED] - callTestCase(findTestCase("Mobile/Page/Run App/Terminate App"), [:], STOP_ON_FAILURE): Call Test Case 'Test Cases/Mobile/Page/Run App/Terminate App' successfully

2022-03-01 14:55:29 - [TEST_CASE][PASSED] - Test Cases/Mobile/Page/Run App/Terminate App: Test Cases/Mobile/Page/Run App/Terminate App

2022-03-01 14:55:29 - [TEST_STEP][PASSED] - startApp.OpenApp.terminateApplication(): startApp.OpenApp.terminateApplication is PASSED

2022-03-01 14:55:32 - [MESSAGE][PASSED] - Delayed 3 second(s)

2022-03-01 14:55:32 - [MESSAGE][PASSED] - Current device physical width is 720

2022-03-01 14:55:32 - [MESSAGE][PASSED] - Current device physical height is 1423

2022-03-01 14:55:34 - [MESSAGE][PASSED] - Swiped from 360,853 to 360,142

2022-03-01 14:55:35 - [MESSAGE][PASSED] - Delayed 1 second(s)

2022-03-01 14:55:36 - [MESSAGE][PASSED] - Swiped from 360,853 to 360,142

2022-03-01 14:55:39 - [MESSAGE][PASSED] - Delayed 3 second(s)

2022-03-01 14:55:39 - [MESSAGE][PASSED] - startApp.OpenApp.terminateApplication is PASSED

2022-03-01 14:55:39 - [MESSAGE][PASSED] - Call Test Case 'Test Cases/Mobile/Page/Run App/Terminate App' successfully]]></system-out>
         <system-err><![CDATA[]]></system-err>
      </testcase>
      <testcase name="Test Cases/Mobile/Scenario/Analysis/003 - Melihat detail stock kategori week" time="64.864" classname="Test Cases/Mobile/Scenario/Analysis/003 - Melihat detail stock kategori week" status="PASSED">
         <system-out><![CDATA[2022-03-01 14:55:39 - [TEST_CASE][PASSED] - Test Cases/Mobile/Scenario/Analysis/003 - Melihat detail stock kategori week: Test Cases/Mobile/Scenario/Analysis/003 - Melihat detail stock kategori week

2022-03-01 14:55:39 - [TEST_STEP][PASSED] - callTestCase(findTestCase("Mobile/Page/Run App/Run App byID"), [:], STOP_ON_FAILURE): Call Test Case 'Test Cases/Mobile/Page/Run App/Run App byID' successfully

2022-03-01 14:55:39 - [TEST_CASE][PASSED] - Test Cases/Mobile/Page/Run App/Run App byID: Test Cases/Mobile/Page/Run App/Run App byID

2022-03-01 14:55:39 - [TEST_STEP][PASSED] - startApp.OpenApp.startApplication("id.co.miraeasset.sageclub"): startApp.OpenApp.startApplication is PASSED

2022-03-01 14:55:52 - [MESSAGE][PASSED] - Starting app with application ID: 'id.co.miraeasset.sageclub'

2022-03-01 14:55:52 - [MESSAGE][PASSED] - startApp.OpenApp.startApplication is PASSED

2022-03-01 14:55:52 - [MESSAGE][PASSED] - Call Test Case 'Test Cases/Mobile/Page/Run App/Run App byID' successfully

2022-03-01 14:55:52 - [TEST_STEP][PASSED] - callTestCase(findTestCase("Mobile/Page/Analysis/Analysis"), ["action":"technicaldetail", "action2":"week"], CONTINUE_ON_FAILURE): Call Test Case 'Test Cases/Mobile/Page/Analysis/Analysis' successfully

2022-03-01 14:55:52 - [TEST_CASE][PASSED] - Test Cases/Mobile/Page/Analysis/Analysis: Test Cases/Mobile/Page/Analysis/Analysis

2022-03-01 14:55:52 - [TEST_STEP][PASSED] - callTestCase(findTestCase("Mobile/Page/CheckLogin"), [:], CONTINUE_ON_FAILURE): Call Test Case 'Test Cases/Mobile/Page/CheckLogin' successfully

2022-03-01 14:55:52 - [TEST_CASE][PASSED] - Test Cases/Mobile/Page/CheckLogin: Test Cases/Mobile/Page/CheckLogin

2022-03-01 14:55:52 - [TEST_STEP][PASSED] - loginCheck = verifyElementExist(LOGN_BtnLogin, 5, CONTINUE_ON_FAILURE): Element 'Object Repository/Mobile/Page/Login/Button - Login' is exist

2022-03-01 14:55:54 - [MESSAGE][PASSED] - Element 'Object Repository/Mobile/Page/Login/Button - Login' is exist

2022-03-01 14:55:54 - [TEST_STEP][PASSED] - if (loginCheck): Call Test Case 'Test Cases/Mobile/Page/Login/Login' successfully

2022-03-01 14:55:54 - [TEST_STEP][PASSED] - callTestCase(findTestCase("Mobile/Page/Login/Login"), ["action":"username"], CONTINUE_ON_FAILURE): Call Test Case 'Test Cases/Mobile/Page/Login/Login' successfully

2022-03-01 14:55:54 - [TEST_CASE][PASSED] - Test Cases/Mobile/Page/Login/Login: Test Cases/Mobile/Page/Login/Login

2022-03-01 14:55:54 - [TEST_STEP][PASSED] - delay(2): Delayed 2 second(s)

2022-03-01 14:55:56 - [MESSAGE][PASSED] - Delayed 2 second(s)

2022-03-01 14:55:56 - [TEST_STEP][PASSED] - for ([i = 0, i < 1, (i++)]): null

2022-03-01 14:55:56 - [TEST_STEP][PASSED] - if (action == "username"): null

2022-03-01 14:55:56 - [TEST_STEP][PASSED] - tap(LOGN_EdtUserID, 0): Tapped on element 'Object Repository/Mobile/Page/Login/Input - UserID'

2022-03-01 14:55:56 - [MESSAGE][WARNING] - Timeout '0' is invalid. Using default page load timeout: '60'

2022-03-01 14:55:58 - [MESSAGE][PASSED] - Tapped on element 'Object Repository/Mobile/Page/Login/Input - UserID'

2022-03-01 14:55:58 - [TEST_STEP][PASSED] - delay(1): Delayed 1 second(s)

2022-03-01 14:55:59 - [MESSAGE][PASSED] - Delayed 1 second(s)

2022-03-01 14:55:59 - [TEST_STEP][PASSED] - setText(LOGN_EdtRdyUserID, "anggaaditya", 0): Text 'anggaaditya' has been set to element 'Object Repository/Mobile/Page/Login/Input Rdy - UserID'

2022-03-01 14:55:59 - [MESSAGE][WARNING] - Timeout '0' is invalid. Using default page load timeout: '60'

2022-03-01 14:55:59 - [MESSAGE][PASSED] - Text 'anggaaditya' has been set to element 'Object Repository/Mobile/Page/Login/Input Rdy - UserID'

2022-03-01 14:55:59 - [TEST_STEP][PASSED] - delay(1): Delayed 1 second(s)

2022-03-01 14:56:00 - [MESSAGE][PASSED] - Delayed 1 second(s)

2022-03-01 14:56:00 - [TEST_STEP][PASSED] - hideKeyboard(): Keyboard is hidden

2022-03-01 14:56:04 - [MESSAGE][PASSED] - Keyboard is hidden

2022-03-01 14:56:04 - [TEST_STEP][PASSED] - tap(LOGN_EdtPassword, 0): Tapped on element 'Object Repository/Mobile/Page/Login/Input - Password'

2022-03-01 14:56:04 - [MESSAGE][WARNING] - Timeout '0' is invalid. Using default page load timeout: '60'

2022-03-01 14:56:04 - [MESSAGE][PASSED] - Tapped on element 'Object Repository/Mobile/Page/Login/Input - Password'

2022-03-01 14:56:04 - [TEST_STEP][PASSED] - delay(1): Delayed 1 second(s)

2022-03-01 14:56:05 - [MESSAGE][PASSED] - Delayed 1 second(s)

2022-03-01 14:56:05 - [TEST_STEP][PASSED] - setText(LOGN_EdtRdyPassword, "Shalawa18", 0): Text 'Shalawa18' has been set to element 'Object Repository/Mobile/Page/Login/Input Rdy - Password'

2022-03-01 14:56:05 - [MESSAGE][WARNING] - Timeout '0' is invalid. Using default page load timeout: '60'

2022-03-01 14:56:06 - [MESSAGE][PASSED] - Text 'Shalawa18' has been set to element 'Object Repository/Mobile/Page/Login/Input Rdy - Password'

2022-03-01 14:56:06 - [TEST_STEP][PASSED] - delay(1): Delayed 1 second(s)

2022-03-01 14:56:07 - [MESSAGE][PASSED] - Delayed 1 second(s)

2022-03-01 14:56:07 - [TEST_STEP][PASSED] - hideKeyboard(): Keyboard is hidden

2022-03-01 14:56:13 - [MESSAGE][PASSED] - Keyboard is hidden

2022-03-01 14:56:13 - [TEST_STEP][PASSED] - tap(LOGN_BtnLogin, 0): Tapped on element 'Object Repository/Mobile/Page/Login/Button - Login'

2022-03-01 14:56:13 - [MESSAGE][WARNING] - Timeout '0' is invalid. Using default page load timeout: '60'

2022-03-01 14:56:14 - [MESSAGE][PASSED] - Tapped on element 'Object Repository/Mobile/Page/Login/Button - Login'

2022-03-01 14:56:14 - [TEST_STEP][PASSED] - delay(2): Delayed 2 second(s)

2022-03-01 14:56:16 - [MESSAGE][PASSED] - Delayed 2 second(s)

2022-03-01 14:56:16 - [TEST_STEP][PASSED] - break: null

2022-03-01 14:56:16 - [MESSAGE][PASSED] - Call Test Case 'Test Cases/Mobile/Page/Login/Login' successfully

2022-03-01 14:56:16 - [MESSAGE][PASSED] - Call Test Case 'Test Cases/Mobile/Page/CheckLogin' successfully

2022-03-01 14:56:16 - [TEST_STEP][PASSED] - tap(HOME_MenubarAnalysis, 0): Tapped on element 'Object Repository/Mobile/Page/Home/Menubar - Analysis'

2022-03-01 14:56:16 - [MESSAGE][WARNING] - Timeout '0' is invalid. Using default page load timeout: '60'

2022-03-01 14:56:18 - [MESSAGE][PASSED] - Tapped on element 'Object Repository/Mobile/Page/Home/Menubar - Analysis'

2022-03-01 14:56:18 - [TEST_STEP][PASSED] - delay(3): Delayed 3 second(s)

2022-03-01 14:56:21 - [MESSAGE][PASSED] - Delayed 3 second(s)

2022-03-01 14:56:21 - [TEST_STEP][PASSED] - for ([i = 0, i < 1, (i++)]): Delayed 2 second(s)

2022-03-01 14:56:21 - [TEST_STEP][PASSED] - if (action == "technicalsearch"): null

2022-03-01 14:56:21 - [TEST_STEP][PASSED] - else if (action == "technicaldetail"): Delayed 2 second(s)

2022-03-01 14:56:21 - [TEST_STEP][PASSED] - tapAndHold(ANAL_ItemTopResultTech, 1, 0): Tapped and held on element 'Object Repository/Mobile/Page/Analysis/Item - Top Technical' with duration 1

2022-03-01 14:56:21 - [MESSAGE][WARNING] - Timeout '0' is invalid. Using default page load timeout: '60'

2022-03-01 14:56:24 - [MESSAGE][PASSED] - Tapped and held on element 'Object Repository/Mobile/Page/Analysis/Item - Top Technical' with duration 1

2022-03-01 14:56:24 - [TEST_STEP][PASSED] - delay(5): Delayed 5 second(s)

2022-03-01 14:56:29 - [MESSAGE][PASSED] - Delayed 5 second(s)

2022-03-01 14:56:29 - [TEST_STEP][PASSED] - switch (action2): null

2022-03-01 14:56:29 - [TEST_STEP][PASSED] - case "week":: null

2022-03-01 14:56:29 - [TEST_STEP][PASSED] - tapAndHold(ANAL_DETL_BtnW, 1, 0): Tapped and held on element 'Object Repository/Mobile/Page/Analysis/Detail/Button - W' with duration 1

2022-03-01 14:56:29 - [MESSAGE][WARNING] - Timeout '0' is invalid. Using default page load timeout: '60'

2022-03-01 14:56:31 - [MESSAGE][PASSED] - Tapped and held on element 'Object Repository/Mobile/Page/Analysis/Detail/Button - W' with duration 1

2022-03-01 14:56:31 - [TEST_STEP][PASSED] - break: null

2022-03-01 14:56:31 - [TEST_STEP][PASSED] - delay(2): Delayed 2 second(s)

2022-03-01 14:56:33 - [MESSAGE][PASSED] - Delayed 2 second(s)

2022-03-01 14:56:33 - [MESSAGE][PASSED] - Call Test Case 'Test Cases/Mobile/Page/Analysis/Analysis' successfully

2022-03-01 14:56:33 - [TEST_STEP][PASSED] - callTestCase(findTestCase("Mobile/Page/Run App/Terminate App"), [:], STOP_ON_FAILURE): Call Test Case 'Test Cases/Mobile/Page/Run App/Terminate App' successfully

2022-03-01 14:56:34 - [TEST_CASE][PASSED] - Test Cases/Mobile/Page/Run App/Terminate App: Test Cases/Mobile/Page/Run App/Terminate App

2022-03-01 14:56:34 - [TEST_STEP][PASSED] - startApp.OpenApp.terminateApplication(): startApp.OpenApp.terminateApplication is PASSED

2022-03-01 14:56:37 - [MESSAGE][PASSED] - Delayed 3 second(s)

2022-03-01 14:56:37 - [MESSAGE][PASSED] - Current device physical width is 720

2022-03-01 14:56:37 - [MESSAGE][PASSED] - Current device physical height is 1423

2022-03-01 14:56:38 - [MESSAGE][PASSED] - Swiped from 360,853 to 360,142

2022-03-01 14:56:39 - [MESSAGE][PASSED] - Delayed 1 second(s)

2022-03-01 14:56:41 - [MESSAGE][PASSED] - Swiped from 360,853 to 360,142

2022-03-01 14:56:44 - [MESSAGE][PASSED] - Delayed 3 second(s)

2022-03-01 14:56:44 - [MESSAGE][PASSED] - startApp.OpenApp.terminateApplication is PASSED

2022-03-01 14:56:44 - [MESSAGE][PASSED] - Call Test Case 'Test Cases/Mobile/Page/Run App/Terminate App' successfully]]></system-out>
         <system-err><![CDATA[]]></system-err>
      </testcase>
      <testcase name="Test Cases/Mobile/Scenario/Analysis/004 - Melihat detail stock kategori month" time="63.586" classname="Test Cases/Mobile/Scenario/Analysis/004 - Melihat detail stock kategori month" status="PASSED">
         <system-out><![CDATA[2022-03-01 14:56:44 - [TEST_CASE][PASSED] - Test Cases/Mobile/Scenario/Analysis/004 - Melihat detail stock kategori month: Test Cases/Mobile/Scenario/Analysis/004 - Melihat detail stock kategori month

2022-03-01 14:56:44 - [TEST_STEP][PASSED] - callTestCase(findTestCase("Mobile/Page/Run App/Run App byID"), [:], STOP_ON_FAILURE): Call Test Case 'Test Cases/Mobile/Page/Run App/Run App byID' successfully

2022-03-01 14:56:44 - [TEST_CASE][PASSED] - Test Cases/Mobile/Page/Run App/Run App byID: Test Cases/Mobile/Page/Run App/Run App byID

2022-03-01 14:56:44 - [TEST_STEP][PASSED] - startApp.OpenApp.startApplication("id.co.miraeasset.sageclub"): startApp.OpenApp.startApplication is PASSED

2022-03-01 14:56:57 - [MESSAGE][PASSED] - Starting app with application ID: 'id.co.miraeasset.sageclub'

2022-03-01 14:56:57 - [MESSAGE][PASSED] - startApp.OpenApp.startApplication is PASSED

2022-03-01 14:56:57 - [MESSAGE][PASSED] - Call Test Case 'Test Cases/Mobile/Page/Run App/Run App byID' successfully

2022-03-01 14:56:57 - [TEST_STEP][PASSED] - callTestCase(findTestCase("Mobile/Page/Analysis/Analysis"), ["action":"technicaldetail", "action2":"month"], CONTINUE_ON_FAILURE): Call Test Case 'Test Cases/Mobile/Page/Analysis/Analysis' successfully

2022-03-01 14:56:57 - [TEST_CASE][PASSED] - Test Cases/Mobile/Page/Analysis/Analysis: Test Cases/Mobile/Page/Analysis/Analysis

2022-03-01 14:56:57 - [TEST_STEP][PASSED] - callTestCase(findTestCase("Mobile/Page/CheckLogin"), [:], CONTINUE_ON_FAILURE): Call Test Case 'Test Cases/Mobile/Page/CheckLogin' successfully

2022-03-01 14:56:57 - [TEST_CASE][PASSED] - Test Cases/Mobile/Page/CheckLogin: Test Cases/Mobile/Page/CheckLogin

2022-03-01 14:56:57 - [TEST_STEP][PASSED] - loginCheck = verifyElementExist(LOGN_BtnLogin, 5, CONTINUE_ON_FAILURE): Element 'Object Repository/Mobile/Page/Login/Button - Login' is exist

2022-03-01 14:56:59 - [MESSAGE][PASSED] - Element 'Object Repository/Mobile/Page/Login/Button - Login' is exist

2022-03-01 14:56:59 - [TEST_STEP][PASSED] - if (loginCheck): Call Test Case 'Test Cases/Mobile/Page/Login/Login' successfully

2022-03-01 14:56:59 - [TEST_STEP][PASSED] - callTestCase(findTestCase("Mobile/Page/Login/Login"), ["action":"username"], CONTINUE_ON_FAILURE): Call Test Case 'Test Cases/Mobile/Page/Login/Login' successfully

2022-03-01 14:56:59 - [TEST_CASE][PASSED] - Test Cases/Mobile/Page/Login/Login: Test Cases/Mobile/Page/Login/Login

2022-03-01 14:56:59 - [TEST_STEP][PASSED] - delay(2): Delayed 2 second(s)

2022-03-01 14:57:01 - [MESSAGE][PASSED] - Delayed 2 second(s)

2022-03-01 14:57:01 - [TEST_STEP][PASSED] - for ([i = 0, i < 1, (i++)]): null

2022-03-01 14:57:01 - [TEST_STEP][PASSED] - if (action == "username"): null

2022-03-01 14:57:01 - [TEST_STEP][PASSED] - tap(LOGN_EdtUserID, 0): Tapped on element 'Object Repository/Mobile/Page/Login/Input - UserID'

2022-03-01 14:57:01 - [MESSAGE][WARNING] - Timeout '0' is invalid. Using default page load timeout: '60'

2022-03-01 14:57:01 - [MESSAGE][PASSED] - Tapped on element 'Object Repository/Mobile/Page/Login/Input - UserID'

2022-03-01 14:57:01 - [TEST_STEP][PASSED] - delay(1): Delayed 1 second(s)

2022-03-01 14:57:02 - [MESSAGE][PASSED] - Delayed 1 second(s)

2022-03-01 14:57:02 - [TEST_STEP][PASSED] - setText(LOGN_EdtRdyUserID, "anggaaditya", 0): Text 'anggaaditya' has been set to element 'Object Repository/Mobile/Page/Login/Input Rdy - UserID'

2022-03-01 14:57:02 - [MESSAGE][WARNING] - Timeout '0' is invalid. Using default page load timeout: '60'

2022-03-01 14:57:03 - [MESSAGE][PASSED] - Text 'anggaaditya' has been set to element 'Object Repository/Mobile/Page/Login/Input Rdy - UserID'

2022-03-01 14:57:03 - [TEST_STEP][PASSED] - delay(1): Delayed 1 second(s)

2022-03-01 14:57:04 - [MESSAGE][PASSED] - Delayed 1 second(s)

2022-03-01 14:57:04 - [TEST_STEP][PASSED] - hideKeyboard(): Keyboard is hidden

2022-03-01 14:57:08 - [MESSAGE][PASSED] - Keyboard is hidden

2022-03-01 14:57:08 - [TEST_STEP][PASSED] - tap(LOGN_EdtPassword, 0): Tapped on element 'Object Repository/Mobile/Page/Login/Input - Password'

2022-03-01 14:57:08 - [MESSAGE][WARNING] - Timeout '0' is invalid. Using default page load timeout: '60'

2022-03-01 14:57:08 - [MESSAGE][PASSED] - Tapped on element 'Object Repository/Mobile/Page/Login/Input - Password'

2022-03-01 14:57:08 - [TEST_STEP][PASSED] - delay(1): Delayed 1 second(s)

2022-03-01 14:57:09 - [MESSAGE][PASSED] - Delayed 1 second(s)

2022-03-01 14:57:09 - [TEST_STEP][PASSED] - setText(LOGN_EdtRdyPassword, "Shalawa18", 0): Text 'Shalawa18' has been set to element 'Object Repository/Mobile/Page/Login/Input Rdy - Password'

2022-03-01 14:57:09 - [MESSAGE][WARNING] - Timeout '0' is invalid. Using default page load timeout: '60'

2022-03-01 14:57:09 - [MESSAGE][PASSED] - Text 'Shalawa18' has been set to element 'Object Repository/Mobile/Page/Login/Input Rdy - Password'

2022-03-01 14:57:09 - [TEST_STEP][PASSED] - delay(1): Delayed 1 second(s)

2022-03-01 14:57:10 - [MESSAGE][PASSED] - Delayed 1 second(s)

2022-03-01 14:57:10 - [TEST_STEP][PASSED] - hideKeyboard(): Keyboard is hidden

2022-03-01 14:57:17 - [MESSAGE][PASSED] - Keyboard is hidden

2022-03-01 14:57:17 - [TEST_STEP][PASSED] - tap(LOGN_BtnLogin, 0): Tapped on element 'Object Repository/Mobile/Page/Login/Button - Login'

2022-03-01 14:57:17 - [MESSAGE][WARNING] - Timeout '0' is invalid. Using default page load timeout: '60'

2022-03-01 14:57:18 - [MESSAGE][PASSED] - Tapped on element 'Object Repository/Mobile/Page/Login/Button - Login'

2022-03-01 14:57:18 - [TEST_STEP][PASSED] - delay(2): Delayed 2 second(s)

2022-03-01 14:57:20 - [MESSAGE][PASSED] - Delayed 2 second(s)

2022-03-01 14:57:20 - [TEST_STEP][PASSED] - break: null

2022-03-01 14:57:20 - [MESSAGE][PASSED] - Call Test Case 'Test Cases/Mobile/Page/Login/Login' successfully

2022-03-01 14:57:20 - [MESSAGE][PASSED] - Call Test Case 'Test Cases/Mobile/Page/CheckLogin' successfully

2022-03-01 14:57:20 - [TEST_STEP][PASSED] - tap(HOME_MenubarAnalysis, 0): Tapped on element 'Object Repository/Mobile/Page/Home/Menubar - Analysis'

2022-03-01 14:57:20 - [MESSAGE][WARNING] - Timeout '0' is invalid. Using default page load timeout: '60'

2022-03-01 14:57:21 - [MESSAGE][PASSED] - Tapped on element 'Object Repository/Mobile/Page/Home/Menubar - Analysis'

2022-03-01 14:57:21 - [TEST_STEP][PASSED] - delay(3): Delayed 3 second(s)

2022-03-01 14:57:24 - [MESSAGE][PASSED] - Delayed 3 second(s)

2022-03-01 14:57:24 - [TEST_STEP][PASSED] - for ([i = 0, i < 1, (i++)]): Delayed 2 second(s)

2022-03-01 14:57:24 - [TEST_STEP][PASSED] - if (action == "technicalsearch"): null

2022-03-01 14:57:24 - [TEST_STEP][PASSED] - else if (action == "technicaldetail"): Delayed 2 second(s)

2022-03-01 14:57:24 - [TEST_STEP][PASSED] - tapAndHold(ANAL_ItemTopResultTech, 1, 0): Tapped and held on element 'Object Repository/Mobile/Page/Analysis/Item - Top Technical' with duration 1

2022-03-01 14:57:24 - [MESSAGE][WARNING] - Timeout '0' is invalid. Using default page load timeout: '60'

2022-03-01 14:57:27 - [MESSAGE][PASSED] - Tapped and held on element 'Object Repository/Mobile/Page/Analysis/Item - Top Technical' with duration 1

2022-03-01 14:57:27 - [TEST_STEP][PASSED] - delay(5): Delayed 5 second(s)

2022-03-01 14:57:32 - [MESSAGE][PASSED] - Delayed 5 second(s)

2022-03-01 14:57:32 - [TEST_STEP][PASSED] - switch (action2): null

2022-03-01 14:57:32 - [TEST_STEP][PASSED] - case "month":: null

2022-03-01 14:57:32 - [TEST_STEP][PASSED] - tapAndHold(ANAL_DETL_BtnM, 1, 0): Tapped and held on element 'Object Repository/Mobile/Page/Analysis/Detail/Button - M' with duration 1

2022-03-01 14:57:32 - [MESSAGE][WARNING] - Timeout '0' is invalid. Using default page load timeout: '60'

2022-03-01 14:57:35 - [MESSAGE][PASSED] - Tapped and held on element 'Object Repository/Mobile/Page/Analysis/Detail/Button - M' with duration 1

2022-03-01 14:57:35 - [TEST_STEP][PASSED] - break: null

2022-03-01 14:57:35 - [TEST_STEP][PASSED] - delay(2): Delayed 2 second(s)

2022-03-01 14:57:37 - [MESSAGE][PASSED] - Delayed 2 second(s)

2022-03-01 14:57:37 - [MESSAGE][PASSED] - Call Test Case 'Test Cases/Mobile/Page/Analysis/Analysis' successfully

2022-03-01 14:57:37 - [TEST_STEP][PASSED] - callTestCase(findTestCase("Mobile/Page/Run App/Terminate App"), [:], STOP_ON_FAILURE): Call Test Case 'Test Cases/Mobile/Page/Run App/Terminate App' successfully

2022-03-01 14:57:37 - [TEST_CASE][PASSED] - Test Cases/Mobile/Page/Run App/Terminate App: Test Cases/Mobile/Page/Run App/Terminate App

2022-03-01 14:57:37 - [TEST_STEP][PASSED] - startApp.OpenApp.terminateApplication(): startApp.OpenApp.terminateApplication is PASSED

2022-03-01 14:57:40 - [MESSAGE][PASSED] - Delayed 3 second(s)

2022-03-01 14:57:40 - [MESSAGE][PASSED] - Current device physical width is 720

2022-03-01 14:57:41 - [MESSAGE][PASSED] - Current device physical height is 1423

2022-03-01 14:57:42 - [MESSAGE][PASSED] - Swiped from 360,853 to 360,142

2022-03-01 14:57:43 - [MESSAGE][PASSED] - Delayed 1 second(s)

2022-03-01 14:57:44 - [MESSAGE][PASSED] - Swiped from 360,853 to 360,142

2022-03-01 14:57:47 - [MESSAGE][PASSED] - Delayed 3 second(s)

2022-03-01 14:57:47 - [MESSAGE][PASSED] - startApp.OpenApp.terminateApplication is PASSED

2022-03-01 14:57:47 - [MESSAGE][PASSED] - Call Test Case 'Test Cases/Mobile/Page/Run App/Terminate App' successfully]]></system-out>
         <system-err><![CDATA[]]></system-err>
      </testcase>
      <testcase name="Test Cases/Mobile/Scenario/Analysis/005 - Melihat detail stock kategori year" time="63.965" classname="Test Cases/Mobile/Scenario/Analysis/005 - Melihat detail stock kategori year" status="PASSED">
         <system-out><![CDATA[2022-03-01 14:57:47 - [TEST_CASE][PASSED] - Test Cases/Mobile/Scenario/Analysis/005 - Melihat detail stock kategori year: Test Cases/Mobile/Scenario/Analysis/005 - Melihat detail stock kategori year

2022-03-01 14:57:48 - [TEST_STEP][PASSED] - callTestCase(findTestCase("Mobile/Page/Run App/Run App byID"), [:], STOP_ON_FAILURE): Call Test Case 'Test Cases/Mobile/Page/Run App/Run App byID' successfully

2022-03-01 14:57:48 - [TEST_CASE][PASSED] - Test Cases/Mobile/Page/Run App/Run App byID: Test Cases/Mobile/Page/Run App/Run App byID

2022-03-01 14:57:48 - [TEST_STEP][PASSED] - startApp.OpenApp.startApplication("id.co.miraeasset.sageclub"): startApp.OpenApp.startApplication is PASSED

2022-03-01 14:58:00 - [MESSAGE][PASSED] - Starting app with application ID: 'id.co.miraeasset.sageclub'

2022-03-01 14:58:00 - [MESSAGE][PASSED] - startApp.OpenApp.startApplication is PASSED

2022-03-01 14:58:00 - [MESSAGE][PASSED] - Call Test Case 'Test Cases/Mobile/Page/Run App/Run App byID' successfully

2022-03-01 14:58:00 - [TEST_STEP][PASSED] - callTestCase(findTestCase("Mobile/Page/Analysis/Analysis"), ["action":"technicaldetail", "action2":"year"], CONTINUE_ON_FAILURE): Call Test Case 'Test Cases/Mobile/Page/Analysis/Analysis' successfully

2022-03-01 14:58:00 - [TEST_CASE][PASSED] - Test Cases/Mobile/Page/Analysis/Analysis: Test Cases/Mobile/Page/Analysis/Analysis

2022-03-01 14:58:00 - [TEST_STEP][PASSED] - callTestCase(findTestCase("Mobile/Page/CheckLogin"), [:], CONTINUE_ON_FAILURE): Call Test Case 'Test Cases/Mobile/Page/CheckLogin' successfully

2022-03-01 14:58:00 - [TEST_CASE][PASSED] - Test Cases/Mobile/Page/CheckLogin: Test Cases/Mobile/Page/CheckLogin

2022-03-01 14:58:00 - [TEST_STEP][PASSED] - loginCheck = verifyElementExist(LOGN_BtnLogin, 5, CONTINUE_ON_FAILURE): Element 'Object Repository/Mobile/Page/Login/Button - Login' is exist

2022-03-01 14:58:02 - [MESSAGE][PASSED] - Element 'Object Repository/Mobile/Page/Login/Button - Login' is exist

2022-03-01 14:58:02 - [TEST_STEP][PASSED] - if (loginCheck): Call Test Case 'Test Cases/Mobile/Page/Login/Login' successfully

2022-03-01 14:58:02 - [TEST_STEP][PASSED] - callTestCase(findTestCase("Mobile/Page/Login/Login"), ["action":"username"], CONTINUE_ON_FAILURE): Call Test Case 'Test Cases/Mobile/Page/Login/Login' successfully

2022-03-01 14:58:02 - [TEST_CASE][PASSED] - Test Cases/Mobile/Page/Login/Login: Test Cases/Mobile/Page/Login/Login

2022-03-01 14:58:02 - [TEST_STEP][PASSED] - delay(2): Delayed 2 second(s)

2022-03-01 14:58:04 - [MESSAGE][PASSED] - Delayed 2 second(s)

2022-03-01 14:58:04 - [TEST_STEP][PASSED] - for ([i = 0, i < 1, (i++)]): null

2022-03-01 14:58:04 - [TEST_STEP][PASSED] - if (action == "username"): null

2022-03-01 14:58:04 - [TEST_STEP][PASSED] - tap(LOGN_EdtUserID, 0): Tapped on element 'Object Repository/Mobile/Page/Login/Input - UserID'

2022-03-01 14:58:04 - [MESSAGE][WARNING] - Timeout '0' is invalid. Using default page load timeout: '60'

2022-03-01 14:58:04 - [MESSAGE][PASSED] - Tapped on element 'Object Repository/Mobile/Page/Login/Input - UserID'

2022-03-01 14:58:04 - [TEST_STEP][PASSED] - delay(1): Delayed 1 second(s)

2022-03-01 14:58:05 - [MESSAGE][PASSED] - Delayed 1 second(s)

2022-03-01 14:58:05 - [TEST_STEP][PASSED] - setText(LOGN_EdtRdyUserID, "anggaaditya", 0): Text 'anggaaditya' has been set to element 'Object Repository/Mobile/Page/Login/Input Rdy - UserID'

2022-03-01 14:58:05 - [MESSAGE][WARNING] - Timeout '0' is invalid. Using default page load timeout: '60'

2022-03-01 14:58:06 - [MESSAGE][PASSED] - Text 'anggaaditya' has been set to element 'Object Repository/Mobile/Page/Login/Input Rdy - UserID'

2022-03-01 14:58:06 - [TEST_STEP][PASSED] - delay(1): Delayed 1 second(s)

2022-03-01 14:58:07 - [MESSAGE][PASSED] - Delayed 1 second(s)

2022-03-01 14:58:07 - [TEST_STEP][PASSED] - hideKeyboard(): Keyboard is hidden

2022-03-01 14:58:11 - [MESSAGE][PASSED] - Keyboard is hidden

2022-03-01 14:58:11 - [TEST_STEP][PASSED] - tap(LOGN_EdtPassword, 0): Tapped on element 'Object Repository/Mobile/Page/Login/Input - Password'

2022-03-01 14:58:11 - [MESSAGE][WARNING] - Timeout '0' is invalid. Using default page load timeout: '60'

2022-03-01 14:58:11 - [MESSAGE][PASSED] - Tapped on element 'Object Repository/Mobile/Page/Login/Input - Password'

2022-03-01 14:58:11 - [TEST_STEP][PASSED] - delay(1): Delayed 1 second(s)

2022-03-01 14:58:12 - [MESSAGE][PASSED] - Delayed 1 second(s)

2022-03-01 14:58:12 - [TEST_STEP][PASSED] - setText(LOGN_EdtRdyPassword, "Shalawa18", 0): Text 'Shalawa18' has been set to element 'Object Repository/Mobile/Page/Login/Input Rdy - Password'

2022-03-01 14:58:12 - [MESSAGE][WARNING] - Timeout '0' is invalid. Using default page load timeout: '60'

2022-03-01 14:58:13 - [MESSAGE][PASSED] - Text 'Shalawa18' has been set to element 'Object Repository/Mobile/Page/Login/Input Rdy - Password'

2022-03-01 14:58:13 - [TEST_STEP][PASSED] - delay(1): Delayed 1 second(s)

2022-03-01 14:58:14 - [MESSAGE][PASSED] - Delayed 1 second(s)

2022-03-01 14:58:14 - [TEST_STEP][PASSED] - hideKeyboard(): Keyboard is hidden

2022-03-01 14:58:20 - [MESSAGE][PASSED] - Keyboard is hidden

2022-03-01 14:58:20 - [TEST_STEP][PASSED] - tap(LOGN_BtnLogin, 0): Tapped on element 'Object Repository/Mobile/Page/Login/Button - Login'

2022-03-01 14:58:20 - [MESSAGE][WARNING] - Timeout '0' is invalid. Using default page load timeout: '60'

2022-03-01 14:58:21 - [MESSAGE][PASSED] - Tapped on element 'Object Repository/Mobile/Page/Login/Button - Login'

2022-03-01 14:58:21 - [TEST_STEP][PASSED] - delay(2): Delayed 2 second(s)

2022-03-01 14:58:23 - [MESSAGE][PASSED] - Delayed 2 second(s)

2022-03-01 14:58:23 - [TEST_STEP][PASSED] - break: null

2022-03-01 14:58:23 - [MESSAGE][PASSED] - Call Test Case 'Test Cases/Mobile/Page/Login/Login' successfully

2022-03-01 14:58:23 - [MESSAGE][PASSED] - Call Test Case 'Test Cases/Mobile/Page/CheckLogin' successfully

2022-03-01 14:58:23 - [TEST_STEP][PASSED] - tap(HOME_MenubarAnalysis, 0): Tapped on element 'Object Repository/Mobile/Page/Home/Menubar - Analysis'

2022-03-01 14:58:23 - [MESSAGE][WARNING] - Timeout '0' is invalid. Using default page load timeout: '60'

2022-03-01 14:58:25 - [MESSAGE][PASSED] - Tapped on element 'Object Repository/Mobile/Page/Home/Menubar - Analysis'

2022-03-01 14:58:25 - [TEST_STEP][PASSED] - delay(3): Delayed 3 second(s)

2022-03-01 14:58:28 - [MESSAGE][PASSED] - Delayed 3 second(s)

2022-03-01 14:58:28 - [TEST_STEP][PASSED] - for ([i = 0, i < 1, (i++)]): Delayed 2 second(s)

2022-03-01 14:58:28 - [TEST_STEP][PASSED] - if (action == "technicalsearch"): null

2022-03-01 14:58:28 - [TEST_STEP][PASSED] - else if (action == "technicaldetail"): Delayed 2 second(s)

2022-03-01 14:58:28 - [TEST_STEP][PASSED] - tapAndHold(ANAL_ItemTopResultTech, 1, 0): Tapped and held on element 'Object Repository/Mobile/Page/Analysis/Item - Top Technical' with duration 1

2022-03-01 14:58:28 - [MESSAGE][WARNING] - Timeout '0' is invalid. Using default page load timeout: '60'

2022-03-01 14:58:31 - [MESSAGE][PASSED] - Tapped and held on element 'Object Repository/Mobile/Page/Analysis/Item - Top Technical' with duration 1

2022-03-01 14:58:31 - [TEST_STEP][PASSED] - delay(5): Delayed 5 second(s)

2022-03-01 14:58:36 - [MESSAGE][PASSED] - Delayed 5 second(s)

2022-03-01 14:58:36 - [TEST_STEP][PASSED] - switch (action2): null

2022-03-01 14:58:36 - [TEST_STEP][PASSED] - case "year":: null

2022-03-01 14:58:36 - [TEST_STEP][PASSED] - tapAndHold(ANAL_DETL_BtnY, 1, 0): Tapped and held on element 'Object Repository/Mobile/Page/Analysis/Detail/Button - Y' with duration 1

2022-03-01 14:58:36 - [MESSAGE][WARNING] - Timeout '0' is invalid. Using default page load timeout: '60'

2022-03-01 14:58:39 - [MESSAGE][PASSED] - Tapped and held on element 'Object Repository/Mobile/Page/Analysis/Detail/Button - Y' with duration 1

2022-03-01 14:58:39 - [TEST_STEP][PASSED] - break: null

2022-03-01 14:58:39 - [TEST_STEP][PASSED] - delay(2): Delayed 2 second(s)

2022-03-01 14:58:41 - [MESSAGE][PASSED] - Delayed 2 second(s)

2022-03-01 14:58:41 - [MESSAGE][PASSED] - Call Test Case 'Test Cases/Mobile/Page/Analysis/Analysis' successfully

2022-03-01 14:58:41 - [TEST_STEP][PASSED] - callTestCase(findTestCase("Mobile/Page/Run App/Terminate App"), [:], STOP_ON_FAILURE): Call Test Case 'Test Cases/Mobile/Page/Run App/Terminate App' successfully

2022-03-01 14:58:41 - [TEST_CASE][PASSED] - Test Cases/Mobile/Page/Run App/Terminate App: Test Cases/Mobile/Page/Run App/Terminate App

2022-03-01 14:58:41 - [TEST_STEP][PASSED] - startApp.OpenApp.terminateApplication(): startApp.OpenApp.terminateApplication is PASSED

2022-03-01 14:58:44 - [MESSAGE][PASSED] - Delayed 3 second(s)

2022-03-01 14:58:44 - [MESSAGE][PASSED] - Current device physical width is 720

2022-03-01 14:58:45 - [MESSAGE][PASSED] - Current device physical height is 1423

2022-03-01 14:58:46 - [MESSAGE][PASSED] - Swiped from 360,853 to 360,142

2022-03-01 14:58:47 - [MESSAGE][PASSED] - Delayed 1 second(s)

2022-03-01 14:58:48 - [MESSAGE][PASSED] - Swiped from 360,853 to 360,142

2022-03-01 14:58:51 - [MESSAGE][PASSED] - Delayed 3 second(s)

2022-03-01 14:58:51 - [MESSAGE][PASSED] - startApp.OpenApp.terminateApplication is PASSED

2022-03-01 14:58:51 - [MESSAGE][PASSED] - Call Test Case 'Test Cases/Mobile/Page/Run App/Terminate App' successfully]]></system-out>
         <system-err><![CDATA[]]></system-err>
      </testcase>
      <testcase name="Test Cases/Mobile/Scenario/Analysis/006 - Melihat Research Report" time="62.047" classname="Test Cases/Mobile/Scenario/Analysis/006 - Melihat Research Report" status="PASSED">
         <system-out><![CDATA[2022-03-01 14:58:51 - [TEST_CASE][PASSED] - Test Cases/Mobile/Scenario/Analysis/006 - Melihat Research Report: Test Cases/Mobile/Scenario/Analysis/006 - Melihat Research Report

2022-03-01 14:58:52 - [TEST_STEP][PASSED] - callTestCase(findTestCase("Mobile/Page/Run App/Run App byID"), [:], STOP_ON_FAILURE): Call Test Case 'Test Cases/Mobile/Page/Run App/Run App byID' successfully

2022-03-01 14:58:52 - [TEST_CASE][PASSED] - Test Cases/Mobile/Page/Run App/Run App byID: Test Cases/Mobile/Page/Run App/Run App byID

2022-03-01 14:58:52 - [TEST_STEP][PASSED] - startApp.OpenApp.startApplication("id.co.miraeasset.sageclub"): startApp.OpenApp.startApplication is PASSED

2022-03-01 14:59:05 - [MESSAGE][PASSED] - Starting app with application ID: 'id.co.miraeasset.sageclub'

2022-03-01 14:59:05 - [MESSAGE][PASSED] - startApp.OpenApp.startApplication is PASSED

2022-03-01 14:59:05 - [MESSAGE][PASSED] - Call Test Case 'Test Cases/Mobile/Page/Run App/Run App byID' successfully

2022-03-01 14:59:05 - [TEST_STEP][PASSED] - callTestCase(findTestCase("Mobile/Page/Analysis/Analysis"), ["action":"researchdetail"], CONTINUE_ON_FAILURE): Call Test Case 'Test Cases/Mobile/Page/Analysis/Analysis' successfully

2022-03-01 14:59:05 - [TEST_CASE][PASSED] - Test Cases/Mobile/Page/Analysis/Analysis: Test Cases/Mobile/Page/Analysis/Analysis

2022-03-01 14:59:05 - [TEST_STEP][PASSED] - callTestCase(findTestCase("Mobile/Page/CheckLogin"), [:], CONTINUE_ON_FAILURE): Call Test Case 'Test Cases/Mobile/Page/CheckLogin' successfully

2022-03-01 14:59:05 - [TEST_CASE][PASSED] - Test Cases/Mobile/Page/CheckLogin: Test Cases/Mobile/Page/CheckLogin

2022-03-01 14:59:05 - [TEST_STEP][PASSED] - loginCheck = verifyElementExist(LOGN_BtnLogin, 5, CONTINUE_ON_FAILURE): Element 'Object Repository/Mobile/Page/Login/Button - Login' is exist

2022-03-01 14:59:07 - [MESSAGE][PASSED] - Element 'Object Repository/Mobile/Page/Login/Button - Login' is exist

2022-03-01 14:59:07 - [TEST_STEP][PASSED] - if (loginCheck): Call Test Case 'Test Cases/Mobile/Page/Login/Login' successfully

2022-03-01 14:59:07 - [TEST_STEP][PASSED] - callTestCase(findTestCase("Mobile/Page/Login/Login"), ["action":"username"], CONTINUE_ON_FAILURE): Call Test Case 'Test Cases/Mobile/Page/Login/Login' successfully

2022-03-01 14:59:07 - [TEST_CASE][PASSED] - Test Cases/Mobile/Page/Login/Login: Test Cases/Mobile/Page/Login/Login

2022-03-01 14:59:07 - [TEST_STEP][PASSED] - delay(2): Delayed 2 second(s)

2022-03-01 14:59:09 - [MESSAGE][PASSED] - Delayed 2 second(s)

2022-03-01 14:59:09 - [TEST_STEP][PASSED] - for ([i = 0, i < 1, (i++)]): null

2022-03-01 14:59:09 - [TEST_STEP][PASSED] - if (action == "username"): null

2022-03-01 14:59:09 - [TEST_STEP][PASSED] - tap(LOGN_EdtUserID, 0): Tapped on element 'Object Repository/Mobile/Page/Login/Input - UserID'

2022-03-01 14:59:09 - [MESSAGE][WARNING] - Timeout '0' is invalid. Using default page load timeout: '60'

2022-03-01 14:59:10 - [MESSAGE][PASSED] - Tapped on element 'Object Repository/Mobile/Page/Login/Input - UserID'

2022-03-01 14:59:10 - [TEST_STEP][PASSED] - delay(1): Delayed 1 second(s)

2022-03-01 14:59:11 - [MESSAGE][PASSED] - Delayed 1 second(s)

2022-03-01 14:59:11 - [TEST_STEP][PASSED] - setText(LOGN_EdtRdyUserID, "anggaaditya", 0): Text 'anggaaditya' has been set to element 'Object Repository/Mobile/Page/Login/Input Rdy - UserID'

2022-03-01 14:59:11 - [MESSAGE][WARNING] - Timeout '0' is invalid. Using default page load timeout: '60'

2022-03-01 14:59:11 - [MESSAGE][PASSED] - Text 'anggaaditya' has been set to element 'Object Repository/Mobile/Page/Login/Input Rdy - UserID'

2022-03-01 14:59:11 - [TEST_STEP][PASSED] - delay(1): Delayed 1 second(s)

2022-03-01 14:59:12 - [MESSAGE][PASSED] - Delayed 1 second(s)

2022-03-01 14:59:12 - [TEST_STEP][PASSED] - hideKeyboard(): Keyboard is hidden

2022-03-01 14:59:16 - [MESSAGE][PASSED] - Keyboard is hidden

2022-03-01 14:59:16 - [TEST_STEP][PASSED] - tap(LOGN_EdtPassword, 0): Tapped on element 'Object Repository/Mobile/Page/Login/Input - Password'

2022-03-01 14:59:16 - [MESSAGE][WARNING] - Timeout '0' is invalid. Using default page load timeout: '60'

2022-03-01 14:59:16 - [MESSAGE][PASSED] - Tapped on element 'Object Repository/Mobile/Page/Login/Input - Password'

2022-03-01 14:59:16 - [TEST_STEP][PASSED] - delay(1): Delayed 1 second(s)

2022-03-01 14:59:17 - [MESSAGE][PASSED] - Delayed 1 second(s)

2022-03-01 14:59:17 - [TEST_STEP][PASSED] - setText(LOGN_EdtRdyPassword, "Shalawa18", 0): Text 'Shalawa18' has been set to element 'Object Repository/Mobile/Page/Login/Input Rdy - Password'

2022-03-01 14:59:17 - [MESSAGE][WARNING] - Timeout '0' is invalid. Using default page load timeout: '60'

2022-03-01 14:59:18 - [MESSAGE][PASSED] - Text 'Shalawa18' has been set to element 'Object Repository/Mobile/Page/Login/Input Rdy - Password'

2022-03-01 14:59:18 - [TEST_STEP][PASSED] - delay(1): Delayed 1 second(s)

2022-03-01 14:59:19 - [MESSAGE][PASSED] - Delayed 1 second(s)

2022-03-01 14:59:19 - [TEST_STEP][PASSED] - hideKeyboard(): Keyboard is hidden

2022-03-01 14:59:25 - [MESSAGE][PASSED] - Keyboard is hidden

2022-03-01 14:59:25 - [TEST_STEP][PASSED] - tap(LOGN_BtnLogin, 0): Tapped on element 'Object Repository/Mobile/Page/Login/Button - Login'

2022-03-01 14:59:25 - [MESSAGE][WARNING] - Timeout '0' is invalid. Using default page load timeout: '60'

2022-03-01 14:59:26 - [MESSAGE][PASSED] - Tapped on element 'Object Repository/Mobile/Page/Login/Button - Login'

2022-03-01 14:59:26 - [TEST_STEP][PASSED] - delay(2): Delayed 2 second(s)

2022-03-01 14:59:28 - [MESSAGE][PASSED] - Delayed 2 second(s)

2022-03-01 14:59:28 - [TEST_STEP][PASSED] - break: null

2022-03-01 14:59:28 - [MESSAGE][PASSED] - Call Test Case 'Test Cases/Mobile/Page/Login/Login' successfully

2022-03-01 14:59:28 - [MESSAGE][PASSED] - Call Test Case 'Test Cases/Mobile/Page/CheckLogin' successfully

2022-03-01 14:59:28 - [TEST_STEP][PASSED] - tap(HOME_MenubarAnalysis, 0): Tapped on element 'Object Repository/Mobile/Page/Home/Menubar - Analysis'

2022-03-01 14:59:28 - [MESSAGE][WARNING] - Timeout '0' is invalid. Using default page load timeout: '60'

2022-03-01 14:59:31 - [MESSAGE][PASSED] - Tapped on element 'Object Repository/Mobile/Page/Home/Menubar - Analysis'

2022-03-01 14:59:31 - [TEST_STEP][PASSED] - delay(3): Delayed 3 second(s)

2022-03-01 14:59:34 - [MESSAGE][PASSED] - Delayed 3 second(s)

2022-03-01 14:59:34 - [TEST_STEP][PASSED] - for ([i = 0, i < 1, (i++)]): Press back button successfully

2022-03-01 14:59:34 - [TEST_STEP][PASSED] - if (action == "technicalsearch"): null

2022-03-01 14:59:34 - [TEST_STEP][PASSED] - else if (action == "technicaldetail"): null

2022-03-01 14:59:34 - [TEST_STEP][PASSED] - else if (action == "researchdetail"): Press back button successfully

2022-03-01 14:59:34 - [TEST_STEP][PASSED] - tap(ANAL_TabResearchReport, 0): Tapped on element 'Object Repository/Mobile/Page/Analysis/Tab - Research Report'

2022-03-01 14:59:34 - [MESSAGE][WARNING] - Timeout '0' is invalid. Using default page load timeout: '60'

2022-03-01 14:59:34 - [MESSAGE][PASSED] - Tapped on element 'Object Repository/Mobile/Page/Analysis/Tab - Research Report'

2022-03-01 14:59:34 - [TEST_STEP][PASSED] - delay(1): Delayed 1 second(s)

2022-03-01 14:59:36 - [MESSAGE][PASSED] - Delayed 1 second(s)

2022-03-01 14:59:36 - [TEST_STEP][PASSED] - tapAndHold(ANAL_ItemTopSearch, 1, 0): Tapped and held on element 'Object Repository/Mobile/Page/Analysis/Item - Top Search' with duration 1

2022-03-01 14:59:36 - [MESSAGE][WARNING] - Timeout '0' is invalid. Using default page load timeout: '60'

2022-03-01 14:59:38 - [MESSAGE][PASSED] - Tapped and held on element 'Object Repository/Mobile/Page/Analysis/Item - Top Search' with duration 1

2022-03-01 14:59:38 - [TEST_STEP][PASSED] - delay(3): Delayed 3 second(s)

2022-03-01 14:59:41 - [MESSAGE][PASSED] - Delayed 3 second(s)

2022-03-01 14:59:41 - [TEST_STEP][PASSED] - pressBack(): Press back button successfully

2022-03-01 14:59:42 - [MESSAGE][PASSED] - Press back button successfully

2022-03-01 14:59:42 - [MESSAGE][PASSED] - Call Test Case 'Test Cases/Mobile/Page/Analysis/Analysis' successfully

2022-03-01 14:59:42 - [TEST_STEP][PASSED] - callTestCase(findTestCase("Mobile/Page/Run App/Terminate App"), [:], STOP_ON_FAILURE): Call Test Case 'Test Cases/Mobile/Page/Run App/Terminate App' successfully

2022-03-01 14:59:42 - [TEST_CASE][PASSED] - Test Cases/Mobile/Page/Run App/Terminate App: Test Cases/Mobile/Page/Run App/Terminate App

2022-03-01 14:59:42 - [TEST_STEP][PASSED] - startApp.OpenApp.terminateApplication(): startApp.OpenApp.terminateApplication is PASSED

2022-03-01 14:59:46 - [MESSAGE][PASSED] - Delayed 3 second(s)

2022-03-01 14:59:46 - [MESSAGE][PASSED] - Current device physical width is 720

2022-03-01 14:59:47 - [MESSAGE][PASSED] - Current device physical height is 1423

2022-03-01 14:59:48 - [MESSAGE][PASSED] - Swiped from 360,853 to 360,142

2022-03-01 14:59:49 - [MESSAGE][PASSED] - Delayed 1 second(s)

2022-03-01 14:59:50 - [MESSAGE][PASSED] - Swiped from 360,853 to 360,142

2022-03-01 14:59:53 - [MESSAGE][PASSED] - Delayed 3 second(s)

2022-03-01 14:59:53 - [MESSAGE][PASSED] - startApp.OpenApp.terminateApplication is PASSED

2022-03-01 14:59:53 - [MESSAGE][PASSED] - Call Test Case 'Test Cases/Mobile/Page/Run App/Terminate App' successfully]]></system-out>
         <system-err><![CDATA[]]></system-err>
      </testcase>
      <testcase name="Test Cases/Mobile/Scenario/Analysis/007 - Mencari research report" time="67.298" classname="Test Cases/Mobile/Scenario/Analysis/007 - Mencari research report" status="PASSED">
         <system-out><![CDATA[2022-03-01 14:59:53 - [TEST_CASE][PASSED] - Test Cases/Mobile/Scenario/Analysis/007 - Mencari research report: Test Cases/Mobile/Scenario/Analysis/007 - Mencari research report

2022-03-01 14:59:54 - [TEST_STEP][PASSED] - callTestCase(findTestCase("Mobile/Page/Run App/Run App byID"), [:], STOP_ON_FAILURE): Call Test Case 'Test Cases/Mobile/Page/Run App/Run App byID' successfully

2022-03-01 14:59:54 - [TEST_CASE][PASSED] - Test Cases/Mobile/Page/Run App/Run App byID: Test Cases/Mobile/Page/Run App/Run App byID

2022-03-01 14:59:54 - [TEST_STEP][PASSED] - startApp.OpenApp.startApplication("id.co.miraeasset.sageclub"): startApp.OpenApp.startApplication is PASSED

2022-03-01 15:00:07 - [MESSAGE][PASSED] - Starting app with application ID: 'id.co.miraeasset.sageclub'

2022-03-01 15:00:07 - [MESSAGE][PASSED] - startApp.OpenApp.startApplication is PASSED

2022-03-01 15:00:07 - [MESSAGE][PASSED] - Call Test Case 'Test Cases/Mobile/Page/Run App/Run App byID' successfully

2022-03-01 15:00:07 - [TEST_STEP][PASSED] - callTestCase(findTestCase("Mobile/Page/Analysis/Analysis"), ["action":"researchsearch"], CONTINUE_ON_FAILURE): Call Test Case 'Test Cases/Mobile/Page/Analysis/Analysis' successfully

2022-03-01 15:00:07 - [TEST_CASE][PASSED] - Test Cases/Mobile/Page/Analysis/Analysis: Test Cases/Mobile/Page/Analysis/Analysis

2022-03-01 15:00:07 - [TEST_STEP][PASSED] - callTestCase(findTestCase("Mobile/Page/CheckLogin"), [:], CONTINUE_ON_FAILURE): Call Test Case 'Test Cases/Mobile/Page/CheckLogin' successfully

2022-03-01 15:00:07 - [TEST_CASE][PASSED] - Test Cases/Mobile/Page/CheckLogin: Test Cases/Mobile/Page/CheckLogin

2022-03-01 15:00:07 - [TEST_STEP][PASSED] - loginCheck = verifyElementExist(LOGN_BtnLogin, 5, CONTINUE_ON_FAILURE): Element 'Object Repository/Mobile/Page/Login/Button - Login' is exist

2022-03-01 15:00:09 - [MESSAGE][PASSED] - Element 'Object Repository/Mobile/Page/Login/Button - Login' is exist

2022-03-01 15:00:09 - [TEST_STEP][PASSED] - if (loginCheck): Call Test Case 'Test Cases/Mobile/Page/Login/Login' successfully

2022-03-01 15:00:09 - [TEST_STEP][PASSED] - callTestCase(findTestCase("Mobile/Page/Login/Login"), ["action":"username"], CONTINUE_ON_FAILURE): Call Test Case 'Test Cases/Mobile/Page/Login/Login' successfully

2022-03-01 15:00:09 - [TEST_CASE][PASSED] - Test Cases/Mobile/Page/Login/Login: Test Cases/Mobile/Page/Login/Login

2022-03-01 15:00:09 - [TEST_STEP][PASSED] - delay(2): Delayed 2 second(s)

2022-03-01 15:00:11 - [MESSAGE][PASSED] - Delayed 2 second(s)

2022-03-01 15:00:11 - [TEST_STEP][PASSED] - for ([i = 0, i < 1, (i++)]): null

2022-03-01 15:00:11 - [TEST_STEP][PASSED] - if (action == "username"): null

2022-03-01 15:00:11 - [TEST_STEP][PASSED] - tap(LOGN_EdtUserID, 0): Tapped on element 'Object Repository/Mobile/Page/Login/Input - UserID'

2022-03-01 15:00:11 - [MESSAGE][WARNING] - Timeout '0' is invalid. Using default page load timeout: '60'

2022-03-01 15:00:12 - [MESSAGE][PASSED] - Tapped on element 'Object Repository/Mobile/Page/Login/Input - UserID'

2022-03-01 15:00:12 - [TEST_STEP][PASSED] - delay(1): Delayed 1 second(s)

2022-03-01 15:00:13 - [MESSAGE][PASSED] - Delayed 1 second(s)

2022-03-01 15:00:13 - [TEST_STEP][PASSED] - setText(LOGN_EdtRdyUserID, "anggaaditya", 0): Text 'anggaaditya' has been set to element 'Object Repository/Mobile/Page/Login/Input Rdy - UserID'

2022-03-01 15:00:13 - [MESSAGE][WARNING] - Timeout '0' is invalid. Using default page load timeout: '60'

2022-03-01 15:00:14 - [MESSAGE][PASSED] - Text 'anggaaditya' has been set to element 'Object Repository/Mobile/Page/Login/Input Rdy - UserID'

2022-03-01 15:00:14 - [TEST_STEP][PASSED] - delay(1): Delayed 1 second(s)

2022-03-01 15:00:15 - [MESSAGE][PASSED] - Delayed 1 second(s)

2022-03-01 15:00:15 - [TEST_STEP][PASSED] - hideKeyboard(): Keyboard is hidden

2022-03-01 15:00:18 - [MESSAGE][PASSED] - Keyboard is hidden

2022-03-01 15:00:18 - [TEST_STEP][PASSED] - tap(LOGN_EdtPassword, 0): Tapped on element 'Object Repository/Mobile/Page/Login/Input - Password'

2022-03-01 15:00:18 - [MESSAGE][WARNING] - Timeout '0' is invalid. Using default page load timeout: '60'

2022-03-01 15:00:19 - [MESSAGE][PASSED] - Tapped on element 'Object Repository/Mobile/Page/Login/Input - Password'

2022-03-01 15:00:19 - [TEST_STEP][PASSED] - delay(1): Delayed 1 second(s)

2022-03-01 15:00:20 - [MESSAGE][PASSED] - Delayed 1 second(s)

2022-03-01 15:00:20 - [TEST_STEP][PASSED] - setText(LOGN_EdtRdyPassword, "Shalawa18", 0): Text 'Shalawa18' has been set to element 'Object Repository/Mobile/Page/Login/Input Rdy - Password'

2022-03-01 15:00:20 - [MESSAGE][WARNING] - Timeout '0' is invalid. Using default page load timeout: '60'

2022-03-01 15:00:20 - [MESSAGE][PASSED] - Text 'Shalawa18' has been set to element 'Object Repository/Mobile/Page/Login/Input Rdy - Password'

2022-03-01 15:00:20 - [TEST_STEP][PASSED] - delay(1): Delayed 1 second(s)

2022-03-01 15:00:21 - [MESSAGE][PASSED] - Delayed 1 second(s)

2022-03-01 15:00:21 - [TEST_STEP][PASSED] - hideKeyboard(): Keyboard is hidden

2022-03-01 15:00:27 - [MESSAGE][PASSED] - Keyboard is hidden

2022-03-01 15:00:27 - [TEST_STEP][PASSED] - tap(LOGN_BtnLogin, 0): Tapped on element 'Object Repository/Mobile/Page/Login/Button - Login'

2022-03-01 15:00:27 - [MESSAGE][WARNING] - Timeout '0' is invalid. Using default page load timeout: '60'

2022-03-01 15:00:28 - [MESSAGE][PASSED] - Tapped on element 'Object Repository/Mobile/Page/Login/Button - Login'

2022-03-01 15:00:28 - [TEST_STEP][PASSED] - delay(2): Delayed 2 second(s)

2022-03-01 15:00:30 - [MESSAGE][PASSED] - Delayed 2 second(s)

2022-03-01 15:00:30 - [TEST_STEP][PASSED] - break: null

2022-03-01 15:00:30 - [MESSAGE][PASSED] - Call Test Case 'Test Cases/Mobile/Page/Login/Login' successfully

2022-03-01 15:00:30 - [MESSAGE][PASSED] - Call Test Case 'Test Cases/Mobile/Page/CheckLogin' successfully

2022-03-01 15:00:30 - [TEST_STEP][PASSED] - tap(HOME_MenubarAnalysis, 0): Tapped on element 'Object Repository/Mobile/Page/Home/Menubar - Analysis'

2022-03-01 15:00:30 - [MESSAGE][WARNING] - Timeout '0' is invalid. Using default page load timeout: '60'

2022-03-01 15:00:32 - [MESSAGE][PASSED] - Tapped on element 'Object Repository/Mobile/Page/Home/Menubar - Analysis'

2022-03-01 15:00:32 - [TEST_STEP][PASSED] - delay(3): Delayed 3 second(s)

2022-03-01 15:00:35 - [MESSAGE][PASSED] - Delayed 3 second(s)

2022-03-01 15:00:35 - [TEST_STEP][PASSED] - for ([i = 0, i < 1, (i++)]): Press back button successfully

2022-03-01 15:00:35 - [TEST_STEP][PASSED] - if (action == "technicalsearch"): null

2022-03-01 15:00:35 - [TEST_STEP][PASSED] - else if (action == "technicaldetail"): null

2022-03-01 15:00:35 - [TEST_STEP][PASSED] - else if (action == "researchdetail"): null

2022-03-01 15:00:35 - [TEST_STEP][PASSED] - else if (action == "researchsearch"): Press back button successfully

2022-03-01 15:00:35 - [TEST_STEP][PASSED] - tap(ANAL_TabResearchReport, 0): Tapped on element 'Object Repository/Mobile/Page/Analysis/Tab - Research Report'

2022-03-01 15:00:35 - [MESSAGE][WARNING] - Timeout '0' is invalid. Using default page load timeout: '60'

2022-03-01 15:00:36 - [MESSAGE][PASSED] - Tapped on element 'Object Repository/Mobile/Page/Analysis/Tab - Research Report'

2022-03-01 15:00:36 - [TEST_STEP][PASSED] - delay(1): Delayed 1 second(s)

2022-03-01 15:00:37 - [MESSAGE][PASSED] - Delayed 1 second(s)

2022-03-01 15:00:37 - [TEST_STEP][PASSED] - tap(ANAL_EdtSearch, 0): Tapped on element 'Object Repository/Mobile/Page/Analysis/Input - Search'

2022-03-01 15:00:37 - [MESSAGE][WARNING] - Timeout '0' is invalid. Using default page load timeout: '60'

2022-03-01 15:00:38 - [MESSAGE][PASSED] - Tapped on element 'Object Repository/Mobile/Page/Analysis/Input - Search'

2022-03-01 15:00:38 - [TEST_STEP][PASSED] - delay(1): Delayed 1 second(s)

2022-03-01 15:00:39 - [MESSAGE][PASSED] - Delayed 1 second(s)

2022-03-01 15:00:39 - [TEST_STEP][PASSED] - setText(ANAL_EdtSearch, "embun", 0): Text 'embun' has been set to element 'Object Repository/Mobile/Page/Analysis/Input - Search'

2022-03-01 15:00:39 - [MESSAGE][WARNING] - Timeout '0' is invalid. Using default page load timeout: '60'

2022-03-01 15:00:39 - [MESSAGE][PASSED] - Text 'embun' has been set to element 'Object Repository/Mobile/Page/Analysis/Input - Search'

2022-03-01 15:00:39 - [TEST_STEP][PASSED] - hideKeyboard(): Keyboard is hidden

2022-03-01 15:00:43 - [MESSAGE][PASSED] - Keyboard is hidden

2022-03-01 15:00:43 - [TEST_STEP][PASSED] - tapAndHold(ANAL_ItemTopSearch, 1, 0): Tapped and held on element 'Object Repository/Mobile/Page/Analysis/Item - Top Search' with duration 1

2022-03-01 15:00:43 - [MESSAGE][WARNING] - Timeout '0' is invalid. Using default page load timeout: '60'

2022-03-01 15:00:46 - [MESSAGE][PASSED] - Tapped and held on element 'Object Repository/Mobile/Page/Analysis/Item - Top Search' with duration 1

2022-03-01 15:00:46 - [TEST_STEP][PASSED] - delay(3): Delayed 3 second(s)

2022-03-01 15:00:49 - [MESSAGE][PASSED] - Delayed 3 second(s)

2022-03-01 15:00:49 - [TEST_STEP][PASSED] - pressBack(): Press back button successfully

2022-03-01 15:00:49 - [MESSAGE][PASSED] - Press back button successfully

2022-03-01 15:00:49 - [MESSAGE][PASSED] - Call Test Case 'Test Cases/Mobile/Page/Analysis/Analysis' successfully

2022-03-01 15:00:49 - [TEST_STEP][PASSED] - callTestCase(findTestCase("Mobile/Page/Run App/Terminate App"), [:], STOP_ON_FAILURE): Call Test Case 'Test Cases/Mobile/Page/Run App/Terminate App' successfully

2022-03-01 15:00:49 - [TEST_CASE][PASSED] - Test Cases/Mobile/Page/Run App/Terminate App: Test Cases/Mobile/Page/Run App/Terminate App

2022-03-01 15:00:49 - [TEST_STEP][PASSED] - startApp.OpenApp.terminateApplication(): startApp.OpenApp.terminateApplication is PASSED

2022-03-01 15:00:54 - [MESSAGE][PASSED] - Delayed 3 second(s)

2022-03-01 15:00:54 - [MESSAGE][PASSED] - Current device physical width is 720

2022-03-01 15:00:54 - [MESSAGE][PASSED] - Current device physical height is 1423

2022-03-01 15:00:55 - [MESSAGE][PASSED] - Swiped from 360,853 to 360,142

2022-03-01 15:00:56 - [MESSAGE][PASSED] - Delayed 1 second(s)

2022-03-01 15:00:58 - [MESSAGE][PASSED] - Swiped from 360,853 to 360,142

2022-03-01 15:01:01 - [MESSAGE][PASSED] - Delayed 3 second(s)

2022-03-01 15:01:01 - [MESSAGE][PASSED] - startApp.OpenApp.terminateApplication is PASSED

2022-03-01 15:01:01 - [MESSAGE][PASSED] - Call Test Case 'Test Cases/Mobile/Page/Run App/Terminate App' successfully]]></system-out>
         <system-err><![CDATA[]]></system-err>
      </testcase>
      <system-out><![CDATA[2022-03-01 14:52:13 - [TEST_SUITE][PASSED] - analysis: Test Cases/Mobile/Scenario/Analysis/007 - Mencari research report]]></system-out>
      <system-err><![CDATA[]]></system-err>
   </testsuite>
</testsuites>
