<?xml version="1.0" encoding="UTF-8"?>
<testsuites name="analysis" time="283.441" tests="4" failures="0" skips="0" errors="0">
   <testsuite name="analysis" tests="4" failures="0" errors="0" time="283.441" skips="0" timestamp="2021-12-29 11:11:25" hostname="Owner - aldy-tft" id="Test Suites/analysis">
      <properties>
         <property name="deviceName" value="samsung SM-A205F (Android 11)"/>
         <property name="devicePlatform" value=""/>
         <property name="logFolder" value="C:\\Users\\Owner\\Documents\\kerjaan\\KatalonProject\\qa_katalon_pwm\\qa_katalon_pwm\\Reports\\20211229_111119\\analysis\\20211229_111119"/>
         <property name="logFiles" value="C:\\Users\\Owner\\Documents\\kerjaan\\KatalonProject\\qa_katalon_pwm\\qa_katalon_pwm\\Reports\\20211229_111119\\analysis\\20211229_111119\\appium.log, C:\\Users\\Owner\\Documents\\kerjaan\\KatalonProject\\qa_katalon_pwm\\qa_katalon_pwm\\Reports\\20211229_111119\\analysis\\20211229_111119\\execution0.log"/>
         <property name="attachments" value=""/>
         <property name="hostName" value="Owner - aldy-tft"/>
         <property name="os" value="Windows 10 64bit"/>
         <property name="appiumServerStatus" value="{&quot;value&quot;:{&quot;build&quot;:{&quot;version&quot;:&quot;1.22.0&quot;}},&quot;sessionId&quot;:null,&quot;status&quot;:0}"/>
         <property name="katalonVersion" value="7.9.1.208"/>
         <property name="deviceOS" value="Android"/>
         <property name="appiumVersion" value="1.22.0"/>
         <property name="deviceModel" value="SM-A205F"/>
         <property name="hostAddress" value="192.168.18.37"/>
         <property name="deviceManufacturer" value="samsung"/>
         <property name="deviceId" value="RR8M40C9AXE"/>
         <property name="deviceName" value="samsung SM-A205F (Android 11)"/>
         <property name="deviceOSVersion" value="11"/>
      </properties>
      <testcase name="Test Cases/Mobile/Scenario/Analysis/001 - User akses techincal analysis" time="89.642" classname="Test Cases/Mobile/Scenario/Analysis/001 - User akses techincal analysis" status="PASSED">
         <system-out><![CDATA[2021-12-29 11:11:25 - [TEST_CASE][PASSED] - Test Cases/Mobile/Scenario/Analysis/001 - User akses techincal analysis: Test Cases/Mobile/Scenario/Analysis/001 - User akses techincal analysis

2021-12-29 11:11:26 - [TEST_STEP][PASSED] - callTestCase(findTestCase("Mobile/Page/Run App/Run App byID"), [:], STOP_ON_FAILURE): Call Test Case 'Test Cases/Mobile/Page/Run App/Run App byID' successfully

2021-12-29 11:11:26 - [TEST_CASE][PASSED] - Test Cases/Mobile/Page/Run App/Run App byID: Test Cases/Mobile/Page/Run App/Run App byID

2021-12-29 11:11:26 - [TEST_STEP][PASSED] - startApp.OpenApp.startApplication("id.co.miraeasset.sageclub"): startApp.OpenApp.startApplication is PASSED

2021-12-29 11:11:28 - [MESSAGE][INFO] - Appium server started on port 62,115

2021-12-29 11:11:44 - [MESSAGE][PASSED] - Starting app with application ID: 'id.co.miraeasset.sageclub'

2021-12-29 11:11:44 - [MESSAGE][PASSED] - startApp.OpenApp.startApplication is PASSED

2021-12-29 11:11:44 - [MESSAGE][PASSED] - Call Test Case 'Test Cases/Mobile/Page/Run App/Run App byID' successfully

2021-12-29 11:11:44 - [TEST_STEP][PASSED] - callTestCase(findTestCase("Mobile/Page/Analysis/Analysis"), ["action":"technicalsearch"], CONTINUE_ON_FAILURE): Call Test Case 'Test Cases/Mobile/Page/Analysis/Analysis' successfully

2021-12-29 11:11:44 - [TEST_CASE][PASSED] - Test Cases/Mobile/Page/Analysis/Analysis: Test Cases/Mobile/Page/Analysis/Analysis

2021-12-29 11:11:45 - [TEST_STEP][PASSED] - callTestCase(findTestCase("Mobile/Page/CheckLogin"), [:], CONTINUE_ON_FAILURE): Call Test Case 'Test Cases/Mobile/Page/CheckLogin' successfully

2021-12-29 11:11:45 - [TEST_CASE][PASSED] - Test Cases/Mobile/Page/CheckLogin: Test Cases/Mobile/Page/CheckLogin

2021-12-29 11:11:45 - [TEST_STEP][PASSED] - loginCheck = verifyElementExist(LOGN_BtnLogin, 5, CONTINUE_ON_FAILURE): Element 'Object Repository/Mobile/Page/Login/Button - Login' is exist

2021-12-29 11:11:58 - [MESSAGE][PASSED] - Element 'Object Repository/Mobile/Page/Login/Button - Login' is exist

2021-12-29 11:11:58 - [TEST_STEP][PASSED] - if (loginCheck): Call Test Case 'Test Cases/Mobile/Page/Login/Login' successfully

2021-12-29 11:11:58 - [TEST_STEP][PASSED] - callTestCase(findTestCase("Mobile/Page/Login/Login"), [:], CONTINUE_ON_FAILURE): Call Test Case 'Test Cases/Mobile/Page/Login/Login' successfully

2021-12-29 11:11:58 - [TEST_CASE][PASSED] - Test Cases/Mobile/Page/Login/Login: Test Cases/Mobile/Page/Login/Login

2021-12-29 11:11:58 - [TEST_STEP][PASSED] - delay(2): Delayed 2 second(s)

2021-12-29 11:12:00 - [MESSAGE][PASSED] - Delayed 2 second(s)

2021-12-29 11:12:00 - [TEST_STEP][PASSED] - tap(LOGN_EdtUserID, 0): Tapped on element 'Object Repository/Mobile/Page/Login/Input - UserID'

2021-12-29 11:12:00 - [MESSAGE][WARNING] - Timeout '0' is invalid. Using default page load timeout: '60'

2021-12-29 11:12:00 - [MESSAGE][PASSED] - Tapped on element 'Object Repository/Mobile/Page/Login/Input - UserID'

2021-12-29 11:12:00 - [TEST_STEP][PASSED] - delay(1): Delayed 1 second(s)

2021-12-29 11:12:01 - [MESSAGE][PASSED] - Delayed 1 second(s)

2021-12-29 11:12:01 - [TEST_STEP][PASSED] - setText(LOGN_EdtRdyUserID, "anggaaditya", 0): Text 'anggaaditya' has been set to element 'Object Repository/Mobile/Page/Login/Input Rdy - UserID'

2021-12-29 11:12:01 - [MESSAGE][WARNING] - Timeout '0' is invalid. Using default page load timeout: '60'

2021-12-29 11:12:02 - [MESSAGE][PASSED] - Text 'anggaaditya' has been set to element 'Object Repository/Mobile/Page/Login/Input Rdy - UserID'

2021-12-29 11:12:02 - [TEST_STEP][PASSED] - delay(1): Delayed 1 second(s)

2021-12-29 11:12:03 - [MESSAGE][PASSED] - Delayed 1 second(s)

2021-12-29 11:12:03 - [TEST_STEP][PASSED] - hideKeyboard(): Keyboard is hidden

2021-12-29 11:12:07 - [MESSAGE][PASSED] - Keyboard is hidden

2021-12-29 11:12:07 - [TEST_STEP][PASSED] - tap(LOGN_EdtPassword, 0): Tapped on element 'Object Repository/Mobile/Page/Login/Input - Password'

2021-12-29 11:12:07 - [MESSAGE][WARNING] - Timeout '0' is invalid. Using default page load timeout: '60'

2021-12-29 11:12:07 - [MESSAGE][PASSED] - Tapped on element 'Object Repository/Mobile/Page/Login/Input - Password'

2021-12-29 11:12:07 - [TEST_STEP][PASSED] - delay(1): Delayed 1 second(s)

2021-12-29 11:12:08 - [MESSAGE][PASSED] - Delayed 1 second(s)

2021-12-29 11:12:08 - [TEST_STEP][PASSED] - setText(LOGN_EdtRdyPassword, "Shalawa18", 0): Text 'Shalawa18' has been set to element 'Object Repository/Mobile/Page/Login/Input Rdy - Password'

2021-12-29 11:12:08 - [MESSAGE][WARNING] - Timeout '0' is invalid. Using default page load timeout: '60'

2021-12-29 11:12:09 - [MESSAGE][PASSED] - Text 'Shalawa18' has been set to element 'Object Repository/Mobile/Page/Login/Input Rdy - Password'

2021-12-29 11:12:09 - [TEST_STEP][PASSED] - delay(1): Delayed 1 second(s)

2021-12-29 11:12:10 - [MESSAGE][PASSED] - Delayed 1 second(s)

2021-12-29 11:12:10 - [TEST_STEP][PASSED] - hideKeyboard(): Keyboard is hidden

2021-12-29 11:12:16 - [MESSAGE][PASSED] - Keyboard is hidden

2021-12-29 11:12:16 - [TEST_STEP][PASSED] - tap(LOGN_BtnLogin, 0): Tapped on element 'Object Repository/Mobile/Page/Login/Button - Login'

2021-12-29 11:12:16 - [MESSAGE][WARNING] - Timeout '0' is invalid. Using default page load timeout: '60'

2021-12-29 11:12:17 - [MESSAGE][PASSED] - Tapped on element 'Object Repository/Mobile/Page/Login/Button - Login'

2021-12-29 11:12:17 - [TEST_STEP][PASSED] - delay(2): Delayed 2 second(s)

2021-12-29 11:12:19 - [MESSAGE][PASSED] - Delayed 2 second(s)

2021-12-29 11:12:19 - [MESSAGE][PASSED] - Call Test Case 'Test Cases/Mobile/Page/Login/Login' successfully

2021-12-29 11:12:19 - [MESSAGE][PASSED] - Call Test Case 'Test Cases/Mobile/Page/CheckLogin' successfully

2021-12-29 11:12:19 - [TEST_STEP][PASSED] - tap(HOME_MenubarAnalysis, 0): Tapped on element 'Object Repository/Mobile/Page/Home/Menubar - Analysis'

2021-12-29 11:12:19 - [MESSAGE][WARNING] - Timeout '0' is invalid. Using default page load timeout: '60'

2021-12-29 11:12:21 - [MESSAGE][PASSED] - Tapped on element 'Object Repository/Mobile/Page/Home/Menubar - Analysis'

2021-12-29 11:12:21 - [TEST_STEP][PASSED] - delay(1): Delayed 1 second(s)

2021-12-29 11:12:22 - [MESSAGE][PASSED] - Delayed 1 second(s)

2021-12-29 11:12:22 - [TEST_STEP][PASSED] - for ([i = 0, i < 1, (i++)]): Delayed 2 second(s)

2021-12-29 11:12:22 - [TEST_STEP][PASSED] - if (action == "technicalsearch"): Delayed 2 second(s)

2021-12-29 11:12:22 - [TEST_STEP][PASSED] - tap(ANAL_DropTechIndicator, 0): Tapped on element 'Object Repository/Mobile/Page/Analysis/Dropdown - Technical Indicator'

2021-12-29 11:12:22 - [MESSAGE][WARNING] - Timeout '0' is invalid. Using default page load timeout: '60'

2021-12-29 11:12:22 - [MESSAGE][PASSED] - Tapped on element 'Object Repository/Mobile/Page/Analysis/Dropdown - Technical Indicator'

2021-12-29 11:12:22 - [TEST_STEP][PASSED] - delay(1): Delayed 1 second(s)

2021-12-29 11:12:23 - [MESSAGE][PASSED] - Delayed 1 second(s)

2021-12-29 11:12:23 - [TEST_STEP][PASSED] - tap(ANAL_OptTechIndicatorAll, 0): Tapped on element 'Object Repository/Mobile/Page/Analysis/Option Technical Indicator - All'

2021-12-29 11:12:23 - [MESSAGE][WARNING] - Timeout '0' is invalid. Using default page load timeout: '60'

2021-12-29 11:12:25 - [MESSAGE][PASSED] - Tapped on element 'Object Repository/Mobile/Page/Analysis/Option Technical Indicator - All'

2021-12-29 11:12:25 - [TEST_STEP][PASSED] - delay(1): Delayed 1 second(s)

2021-12-29 11:12:26 - [MESSAGE][PASSED] - Delayed 1 second(s)

2021-12-29 11:12:26 - [TEST_STEP][PASSED] - tap(ANAL_DropMarketCap, 0): Tapped on element 'Object Repository/Mobile/Page/Analysis/Dropdown - Market Cap'

2021-12-29 11:12:26 - [MESSAGE][WARNING] - Timeout '0' is invalid. Using default page load timeout: '60'

2021-12-29 11:12:27 - [MESSAGE][PASSED] - Tapped on element 'Object Repository/Mobile/Page/Analysis/Dropdown - Market Cap'

2021-12-29 11:12:27 - [TEST_STEP][PASSED] - delay(1): Delayed 1 second(s)

2021-12-29 11:12:28 - [MESSAGE][PASSED] - Delayed 1 second(s)

2021-12-29 11:12:28 - [TEST_STEP][PASSED] - tap(ANAL_OptMarketCap1T, 0): Tapped on element 'Object Repository/Mobile/Page/Analysis/Option Market Cap - 1 Trillion'

2021-12-29 11:12:28 - [MESSAGE][WARNING] - Timeout '0' is invalid. Using default page load timeout: '60'

2021-12-29 11:12:28 - [MESSAGE][PASSED] - Tapped on element 'Object Repository/Mobile/Page/Analysis/Option Market Cap - 1 Trillion'

2021-12-29 11:12:28 - [TEST_STEP][PASSED] - delay(1): Delayed 1 second(s)

2021-12-29 11:12:29 - [MESSAGE][PASSED] - Delayed 1 second(s)

2021-12-29 11:12:29 - [TEST_STEP][PASSED] - tap(ANAL_DropTransaction, 0): Tapped on element 'Object Repository/Mobile/Page/Analysis/Dropdown - Transaction'

2021-12-29 11:12:29 - [MESSAGE][WARNING] - Timeout '0' is invalid. Using default page load timeout: '60'

2021-12-29 11:12:31 - [MESSAGE][PASSED] - Tapped on element 'Object Repository/Mobile/Page/Analysis/Dropdown - Transaction'

2021-12-29 11:12:31 - [TEST_STEP][PASSED] - delay(1): Delayed 1 second(s)

2021-12-29 11:12:32 - [MESSAGE][PASSED] - Delayed 1 second(s)

2021-12-29 11:12:32 - [TEST_STEP][PASSED] - tap(ANAL_OptTransaction1B, 0): Tapped on element 'Object Repository/Mobile/Page/Analysis/Option Transaction - 1 Billion'

2021-12-29 11:12:32 - [MESSAGE][WARNING] - Timeout '0' is invalid. Using default page load timeout: '60'

2021-12-29 11:12:33 - [MESSAGE][PASSED] - Tapped on element 'Object Repository/Mobile/Page/Analysis/Option Transaction - 1 Billion'

2021-12-29 11:12:33 - [TEST_STEP][PASSED] - delay(1): Delayed 1 second(s)

2021-12-29 11:12:34 - [MESSAGE][PASSED] - Delayed 1 second(s)

2021-12-29 11:12:34 - [TEST_STEP][PASSED] - tap(ANAL_DropTimeFrame, 0): Tapped on element 'Object Repository/Mobile/Page/Analysis/Dropdown - Time Frame'

2021-12-29 11:12:34 - [MESSAGE][WARNING] - Timeout '0' is invalid. Using default page load timeout: '60'

2021-12-29 11:12:35 - [MESSAGE][PASSED] - Tapped on element 'Object Repository/Mobile/Page/Analysis/Dropdown - Time Frame'

2021-12-29 11:12:35 - [TEST_STEP][PASSED] - delay(1): Delayed 1 second(s)

2021-12-29 11:12:36 - [MESSAGE][PASSED] - Delayed 1 second(s)

2021-12-29 11:12:36 - [TEST_STEP][PASSED] - tap(ANAL_OptTimeFrameDaily, 0): Tapped on element 'Object Repository/Mobile/Page/Analysis/Option Time Frame - Daily'

2021-12-29 11:12:36 - [MESSAGE][WARNING] - Timeout '0' is invalid. Using default page load timeout: '60'

2021-12-29 11:12:37 - [MESSAGE][PASSED] - Tapped on element 'Object Repository/Mobile/Page/Analysis/Option Time Frame - Daily'

2021-12-29 11:12:37 - [TEST_STEP][PASSED] - delay(1): Delayed 1 second(s)

2021-12-29 11:12:38 - [MESSAGE][PASSED] - Delayed 1 second(s)

2021-12-29 11:12:38 - [TEST_STEP][PASSED] - tap(ANAL_DropIndex, 0): Tapped on element 'Object Repository/Mobile/Page/Analysis/Dropdown - Index'

2021-12-29 11:12:38 - [MESSAGE][WARNING] - Timeout '0' is invalid. Using default page load timeout: '60'

2021-12-29 11:12:40 - [MESSAGE][PASSED] - Tapped on element 'Object Repository/Mobile/Page/Analysis/Dropdown - Index'

2021-12-29 11:12:40 - [TEST_STEP][PASSED] - delay(1): Delayed 1 second(s)

2021-12-29 11:12:41 - [MESSAGE][PASSED] - Delayed 1 second(s)

2021-12-29 11:12:41 - [TEST_STEP][PASSED] - tap(ANAL_OptIndexIdx30, 0): Tapped on element 'Object Repository/Mobile/Page/Analysis/Option Index - Idx30'

2021-12-29 11:12:41 - [MESSAGE][WARNING] - Timeout '0' is invalid. Using default page load timeout: '60'

2021-12-29 11:12:43 - [MESSAGE][PASSED] - Tapped on element 'Object Repository/Mobile/Page/Analysis/Option Index - Idx30'

2021-12-29 11:12:43 - [TEST_STEP][PASSED] - delay(2): Delayed 2 second(s)

2021-12-29 11:12:45 - [MESSAGE][PASSED] - Delayed 2 second(s)

2021-12-29 11:12:45 - [MESSAGE][PASSED] - Call Test Case 'Test Cases/Mobile/Page/Analysis/Analysis' successfully

2021-12-29 11:12:45 - [TEST_STEP][PASSED] - callTestCase(findTestCase("Mobile/Page/Run App/Terminate App"), [:], STOP_ON_FAILURE): Call Test Case 'Test Cases/Mobile/Page/Run App/Terminate App' successfully

2021-12-29 11:12:45 - [TEST_CASE][PASSED] - Test Cases/Mobile/Page/Run App/Terminate App: Test Cases/Mobile/Page/Run App/Terminate App

2021-12-29 11:12:45 - [TEST_STEP][PASSED] - startApp.OpenApp.terminateApplication(): startApp.OpenApp.terminateApplication is PASSED

2021-12-29 11:12:48 - [MESSAGE][PASSED] - Delayed 3 second(s)

2021-12-29 11:12:48 - [MESSAGE][PASSED] - Current device physical width is 720

2021-12-29 11:12:48 - [MESSAGE][PASSED] - Current device physical height is 1423

2021-12-29 11:12:50 - [MESSAGE][PASSED] - Swiped from 360,853 to 360,142

2021-12-29 11:12:51 - [MESSAGE][PASSED] - Delayed 1 second(s)

2021-12-29 11:12:52 - [MESSAGE][PASSED] - Swiped from 360,853 to 360,142

2021-12-29 11:12:55 - [MESSAGE][PASSED] - Delayed 3 second(s)

2021-12-29 11:12:55 - [MESSAGE][PASSED] - startApp.OpenApp.terminateApplication is PASSED

2021-12-29 11:12:55 - [MESSAGE][PASSED] - Call Test Case 'Test Cases/Mobile/Page/Run App/Terminate App' successfully]]></system-out>
         <system-err><![CDATA[]]></system-err>
      </testcase>
      <testcase name="Test Cases/Mobile/Scenario/Analysis/002 - User memilih salah satu saham (chart)" time="67.5" classname="Test Cases/Mobile/Scenario/Analysis/002 - User memilih salah satu saham (chart)" status="PASSED">
         <system-out><![CDATA[2021-12-29 11:12:55 - [TEST_CASE][PASSED] - Test Cases/Mobile/Scenario/Analysis/002 - User memilih salah satu saham (chart): Test Cases/Mobile/Scenario/Analysis/002 - User memilih salah satu saham (chart)

2021-12-29 11:12:55 - [TEST_STEP][PASSED] - callTestCase(findTestCase("Mobile/Page/Run App/Run App byID"), [:], STOP_ON_FAILURE): Call Test Case 'Test Cases/Mobile/Page/Run App/Run App byID' successfully

2021-12-29 11:12:55 - [TEST_CASE][PASSED] - Test Cases/Mobile/Page/Run App/Run App byID: Test Cases/Mobile/Page/Run App/Run App byID

2021-12-29 11:12:55 - [TEST_STEP][PASSED] - startApp.OpenApp.startApplication("id.co.miraeasset.sageclub"): startApp.OpenApp.startApplication is PASSED

2021-12-29 11:13:08 - [MESSAGE][PASSED] - Starting app with application ID: 'id.co.miraeasset.sageclub'

2021-12-29 11:13:08 - [MESSAGE][PASSED] - startApp.OpenApp.startApplication is PASSED

2021-12-29 11:13:08 - [MESSAGE][PASSED] - Call Test Case 'Test Cases/Mobile/Page/Run App/Run App byID' successfully

2021-12-29 11:13:08 - [TEST_STEP][PASSED] - callTestCase(findTestCase("Mobile/Page/Analysis/Analysis"), ["action":"technicaldetail"], CONTINUE_ON_FAILURE): Call Test Case 'Test Cases/Mobile/Page/Analysis/Analysis' successfully

2021-12-29 11:13:08 - [TEST_CASE][PASSED] - Test Cases/Mobile/Page/Analysis/Analysis: Test Cases/Mobile/Page/Analysis/Analysis

2021-12-29 11:13:08 - [TEST_STEP][PASSED] - callTestCase(findTestCase("Mobile/Page/CheckLogin"), [:], CONTINUE_ON_FAILURE): Call Test Case 'Test Cases/Mobile/Page/CheckLogin' successfully

2021-12-29 11:13:08 - [TEST_CASE][PASSED] - Test Cases/Mobile/Page/CheckLogin: Test Cases/Mobile/Page/CheckLogin

2021-12-29 11:13:08 - [TEST_STEP][PASSED] - loginCheck = verifyElementExist(LOGN_BtnLogin, 5, CONTINUE_ON_FAILURE): Element 'Object Repository/Mobile/Page/Login/Button - Login' is exist

2021-12-29 11:13:10 - [MESSAGE][PASSED] - Element 'Object Repository/Mobile/Page/Login/Button - Login' is exist

2021-12-29 11:13:10 - [TEST_STEP][PASSED] - if (loginCheck): Call Test Case 'Test Cases/Mobile/Page/Login/Login' successfully

2021-12-29 11:13:10 - [TEST_STEP][PASSED] - callTestCase(findTestCase("Mobile/Page/Login/Login"), [:], CONTINUE_ON_FAILURE): Call Test Case 'Test Cases/Mobile/Page/Login/Login' successfully

2021-12-29 11:13:10 - [TEST_CASE][PASSED] - Test Cases/Mobile/Page/Login/Login: Test Cases/Mobile/Page/Login/Login

2021-12-29 11:13:10 - [TEST_STEP][PASSED] - delay(2): Delayed 2 second(s)

2021-12-29 11:13:12 - [MESSAGE][PASSED] - Delayed 2 second(s)

2021-12-29 11:13:12 - [TEST_STEP][PASSED] - tap(LOGN_EdtUserID, 0): Tapped on element 'Object Repository/Mobile/Page/Login/Input - UserID'

2021-12-29 11:13:12 - [MESSAGE][WARNING] - Timeout '0' is invalid. Using default page load timeout: '60'

2021-12-29 11:13:13 - [MESSAGE][PASSED] - Tapped on element 'Object Repository/Mobile/Page/Login/Input - UserID'

2021-12-29 11:13:13 - [TEST_STEP][PASSED] - delay(1): Delayed 1 second(s)

2021-12-29 11:13:14 - [MESSAGE][PASSED] - Delayed 1 second(s)

2021-12-29 11:13:14 - [TEST_STEP][PASSED] - setText(LOGN_EdtRdyUserID, "anggaaditya", 0): Text 'anggaaditya' has been set to element 'Object Repository/Mobile/Page/Login/Input Rdy - UserID'

2021-12-29 11:13:14 - [MESSAGE][WARNING] - Timeout '0' is invalid. Using default page load timeout: '60'

2021-12-29 11:13:15 - [MESSAGE][PASSED] - Text 'anggaaditya' has been set to element 'Object Repository/Mobile/Page/Login/Input Rdy - UserID'

2021-12-29 11:13:15 - [TEST_STEP][PASSED] - delay(1): Delayed 1 second(s)

2021-12-29 11:13:16 - [MESSAGE][PASSED] - Delayed 1 second(s)

2021-12-29 11:13:16 - [TEST_STEP][PASSED] - hideKeyboard(): Keyboard is hidden

2021-12-29 11:13:20 - [MESSAGE][PASSED] - Keyboard is hidden

2021-12-29 11:13:20 - [TEST_STEP][PASSED] - tap(LOGN_EdtPassword, 0): Tapped on element 'Object Repository/Mobile/Page/Login/Input - Password'

2021-12-29 11:13:20 - [MESSAGE][WARNING] - Timeout '0' is invalid. Using default page load timeout: '60'

2021-12-29 11:13:20 - [MESSAGE][PASSED] - Tapped on element 'Object Repository/Mobile/Page/Login/Input - Password'

2021-12-29 11:13:20 - [TEST_STEP][PASSED] - delay(1): Delayed 1 second(s)

2021-12-29 11:13:21 - [MESSAGE][PASSED] - Delayed 1 second(s)

2021-12-29 11:13:21 - [TEST_STEP][PASSED] - setText(LOGN_EdtRdyPassword, "Shalawa18", 0): Text 'Shalawa18' has been set to element 'Object Repository/Mobile/Page/Login/Input Rdy - Password'

2021-12-29 11:13:21 - [MESSAGE][WARNING] - Timeout '0' is invalid. Using default page load timeout: '60'

2021-12-29 11:13:22 - [MESSAGE][PASSED] - Text 'Shalawa18' has been set to element 'Object Repository/Mobile/Page/Login/Input Rdy - Password'

2021-12-29 11:13:22 - [TEST_STEP][PASSED] - delay(1): Delayed 1 second(s)

2021-12-29 11:13:23 - [MESSAGE][PASSED] - Delayed 1 second(s)

2021-12-29 11:13:23 - [TEST_STEP][PASSED] - hideKeyboard(): Keyboard is hidden

2021-12-29 11:13:29 - [MESSAGE][PASSED] - Keyboard is hidden

2021-12-29 11:13:29 - [TEST_STEP][PASSED] - tap(LOGN_BtnLogin, 0): Tapped on element 'Object Repository/Mobile/Page/Login/Button - Login'

2021-12-29 11:13:29 - [MESSAGE][WARNING] - Timeout '0' is invalid. Using default page load timeout: '60'

2021-12-29 11:13:31 - [MESSAGE][PASSED] - Tapped on element 'Object Repository/Mobile/Page/Login/Button - Login'

2021-12-29 11:13:31 - [TEST_STEP][PASSED] - delay(2): Delayed 2 second(s)

2021-12-29 11:13:33 - [MESSAGE][PASSED] - Delayed 2 second(s)

2021-12-29 11:13:33 - [MESSAGE][PASSED] - Call Test Case 'Test Cases/Mobile/Page/Login/Login' successfully

2021-12-29 11:13:33 - [MESSAGE][PASSED] - Call Test Case 'Test Cases/Mobile/Page/CheckLogin' successfully

2021-12-29 11:13:33 - [TEST_STEP][PASSED] - tap(HOME_MenubarAnalysis, 0): Tapped on element 'Object Repository/Mobile/Page/Home/Menubar - Analysis'

2021-12-29 11:13:33 - [MESSAGE][WARNING] - Timeout '0' is invalid. Using default page load timeout: '60'

2021-12-29 11:13:35 - [MESSAGE][PASSED] - Tapped on element 'Object Repository/Mobile/Page/Home/Menubar - Analysis'

2021-12-29 11:13:35 - [TEST_STEP][PASSED] - delay(1): Delayed 1 second(s)

2021-12-29 11:13:36 - [MESSAGE][PASSED] - Delayed 1 second(s)

2021-12-29 11:13:36 - [TEST_STEP][PASSED] - for ([i = 0, i < 1, (i++)]): Delayed 2 second(s)

2021-12-29 11:13:36 - [TEST_STEP][PASSED] - if (action == "technicalsearch"): null

2021-12-29 11:13:36 - [TEST_STEP][PASSED] - else if (action == "technicaldetail"): Delayed 2 second(s)

2021-12-29 11:13:36 - [TEST_STEP][PASSED] - tap(ANAL_ItemTopResultTech, 0): Tapped on element 'Object Repository/Mobile/Page/Analysis/Item - Top Technical'

2021-12-29 11:13:36 - [MESSAGE][WARNING] - Timeout '0' is invalid. Using default page load timeout: '60'

2021-12-29 11:13:37 - [MESSAGE][PASSED] - Tapped on element 'Object Repository/Mobile/Page/Analysis/Item - Top Technical'

2021-12-29 11:13:37 - [TEST_STEP][PASSED] - delay(3): Delayed 3 second(s)

2021-12-29 11:13:40 - [MESSAGE][PASSED] - Delayed 3 second(s)

2021-12-29 11:13:40 - [TEST_STEP][PASSED] - tap(ANAL_DETL_BtnD, 0): Tapped on element 'Object Repository/Mobile/Page/Analysis/Detail/Button - D'

2021-12-29 11:13:40 - [MESSAGE][WARNING] - Timeout '0' is invalid. Using default page load timeout: '60'

2021-12-29 11:13:41 - [MESSAGE][PASSED] - Tapped on element 'Object Repository/Mobile/Page/Analysis/Detail/Button - D'

2021-12-29 11:13:41 - [TEST_STEP][PASSED] - delay(2): Delayed 2 second(s)

2021-12-29 11:13:43 - [MESSAGE][PASSED] - Delayed 2 second(s)

2021-12-29 11:13:43 - [TEST_STEP][PASSED] - tap(ANAL_DETL_BtnW, 0): Tapped on element 'Object Repository/Mobile/Page/Analysis/Detail/Button - W'

2021-12-29 11:13:43 - [MESSAGE][WARNING] - Timeout '0' is invalid. Using default page load timeout: '60'

2021-12-29 11:13:45 - [MESSAGE][PASSED] - Tapped on element 'Object Repository/Mobile/Page/Analysis/Detail/Button - W'

2021-12-29 11:13:45 - [TEST_STEP][PASSED] - delay(2): Delayed 2 second(s)

2021-12-29 11:13:47 - [MESSAGE][PASSED] - Delayed 2 second(s)

2021-12-29 11:13:47 - [TEST_STEP][PASSED] - tap(ANAL_DETL_BtnM, 0): Tapped on element 'Object Repository/Mobile/Page/Analysis/Detail/Button - M'

2021-12-29 11:13:47 - [MESSAGE][WARNING] - Timeout '0' is invalid. Using default page load timeout: '60'

2021-12-29 11:13:47 - [MESSAGE][PASSED] - Tapped on element 'Object Repository/Mobile/Page/Analysis/Detail/Button - M'

2021-12-29 11:13:47 - [TEST_STEP][PASSED] - delay(2): Delayed 2 second(s)

2021-12-29 11:13:49 - [MESSAGE][PASSED] - Delayed 2 second(s)

2021-12-29 11:13:49 - [TEST_STEP][PASSED] - tap(ANAL_DETL_BtnY, 0): Tapped on element 'Object Repository/Mobile/Page/Analysis/Detail/Button - Y'

2021-12-29 11:13:49 - [MESSAGE][WARNING] - Timeout '0' is invalid. Using default page load timeout: '60'

2021-12-29 11:13:50 - [MESSAGE][PASSED] - Tapped on element 'Object Repository/Mobile/Page/Analysis/Detail/Button - Y'

2021-12-29 11:13:50 - [TEST_STEP][PASSED] - delay(2): Delayed 2 second(s)

2021-12-29 11:13:52 - [MESSAGE][PASSED] - Delayed 2 second(s)

2021-12-29 11:13:52 - [MESSAGE][PASSED] - Call Test Case 'Test Cases/Mobile/Page/Analysis/Analysis' successfully

2021-12-29 11:13:52 - [TEST_STEP][PASSED] - callTestCase(findTestCase("Mobile/Page/Run App/Terminate App"), [:], STOP_ON_FAILURE): Call Test Case 'Test Cases/Mobile/Page/Run App/Terminate App' successfully

2021-12-29 11:13:52 - [TEST_CASE][PASSED] - Test Cases/Mobile/Page/Run App/Terminate App: Test Cases/Mobile/Page/Run App/Terminate App

2021-12-29 11:13:52 - [TEST_STEP][PASSED] - startApp.OpenApp.terminateApplication(): startApp.OpenApp.terminateApplication is PASSED

2021-12-29 11:13:56 - [MESSAGE][PASSED] - Delayed 3 second(s)

2021-12-29 11:13:56 - [MESSAGE][PASSED] - Current device physical width is 720

2021-12-29 11:13:56 - [MESSAGE][PASSED] - Current device physical height is 1423

2021-12-29 11:13:57 - [MESSAGE][PASSED] - Swiped from 360,853 to 360,142

2021-12-29 11:13:58 - [MESSAGE][PASSED] - Delayed 1 second(s)

2021-12-29 11:14:00 - [MESSAGE][PASSED] - Swiped from 360,853 to 360,142

2021-12-29 11:14:03 - [MESSAGE][PASSED] - Delayed 3 second(s)

2021-12-29 11:14:03 - [MESSAGE][PASSED] - startApp.OpenApp.terminateApplication is PASSED

2021-12-29 11:14:03 - [MESSAGE][PASSED] - Call Test Case 'Test Cases/Mobile/Page/Run App/Terminate App' successfully]]></system-out>
         <system-err><![CDATA[]]></system-err>
      </testcase>
      <testcase name="Test Cases/Mobile/Scenario/Analysis/003 - User memilh Research Report" time="61.326" classname="Test Cases/Mobile/Scenario/Analysis/003 - User memilh Research Report" status="PASSED">
         <system-out><![CDATA[2021-12-29 11:14:03 - [TEST_CASE][PASSED] - Test Cases/Mobile/Scenario/Analysis/003 - User memilh Research Report: Test Cases/Mobile/Scenario/Analysis/003 - User memilh Research Report

2021-12-29 11:14:03 - [TEST_STEP][PASSED] - callTestCase(findTestCase("Mobile/Page/Run App/Run App byID"), [:], STOP_ON_FAILURE): Call Test Case 'Test Cases/Mobile/Page/Run App/Run App byID' successfully

2021-12-29 11:14:03 - [TEST_CASE][PASSED] - Test Cases/Mobile/Page/Run App/Run App byID: Test Cases/Mobile/Page/Run App/Run App byID

2021-12-29 11:14:03 - [TEST_STEP][PASSED] - startApp.OpenApp.startApplication("id.co.miraeasset.sageclub"): startApp.OpenApp.startApplication is PASSED

2021-12-29 11:14:15 - [MESSAGE][PASSED] - Starting app with application ID: 'id.co.miraeasset.sageclub'

2021-12-29 11:14:15 - [MESSAGE][PASSED] - startApp.OpenApp.startApplication is PASSED

2021-12-29 11:14:15 - [MESSAGE][PASSED] - Call Test Case 'Test Cases/Mobile/Page/Run App/Run App byID' successfully

2021-12-29 11:14:15 - [TEST_STEP][PASSED] - callTestCase(findTestCase("Mobile/Page/Analysis/Analysis"), ["action":"researchdetail"], CONTINUE_ON_FAILURE): Call Test Case 'Test Cases/Mobile/Page/Analysis/Analysis' successfully

2021-12-29 11:14:15 - [TEST_CASE][PASSED] - Test Cases/Mobile/Page/Analysis/Analysis: Test Cases/Mobile/Page/Analysis/Analysis

2021-12-29 11:14:15 - [TEST_STEP][PASSED] - callTestCase(findTestCase("Mobile/Page/CheckLogin"), [:], CONTINUE_ON_FAILURE): Call Test Case 'Test Cases/Mobile/Page/CheckLogin' successfully

2021-12-29 11:14:15 - [TEST_CASE][PASSED] - Test Cases/Mobile/Page/CheckLogin: Test Cases/Mobile/Page/CheckLogin

2021-12-29 11:14:15 - [TEST_STEP][PASSED] - loginCheck = verifyElementExist(LOGN_BtnLogin, 5, CONTINUE_ON_FAILURE): Element 'Object Repository/Mobile/Page/Login/Button - Login' is exist

2021-12-29 11:14:17 - [MESSAGE][PASSED] - Element 'Object Repository/Mobile/Page/Login/Button - Login' is exist

2021-12-29 11:14:17 - [TEST_STEP][PASSED] - if (loginCheck): Call Test Case 'Test Cases/Mobile/Page/Login/Login' successfully

2021-12-29 11:14:17 - [TEST_STEP][PASSED] - callTestCase(findTestCase("Mobile/Page/Login/Login"), [:], CONTINUE_ON_FAILURE): Call Test Case 'Test Cases/Mobile/Page/Login/Login' successfully

2021-12-29 11:14:17 - [TEST_CASE][PASSED] - Test Cases/Mobile/Page/Login/Login: Test Cases/Mobile/Page/Login/Login

2021-12-29 11:14:17 - [TEST_STEP][PASSED] - delay(2): Delayed 2 second(s)

2021-12-29 11:14:19 - [MESSAGE][PASSED] - Delayed 2 second(s)

2021-12-29 11:14:19 - [TEST_STEP][PASSED] - tap(LOGN_EdtUserID, 0): Tapped on element 'Object Repository/Mobile/Page/Login/Input - UserID'

2021-12-29 11:14:19 - [MESSAGE][WARNING] - Timeout '0' is invalid. Using default page load timeout: '60'

2021-12-29 11:14:20 - [MESSAGE][PASSED] - Tapped on element 'Object Repository/Mobile/Page/Login/Input - UserID'

2021-12-29 11:14:20 - [TEST_STEP][PASSED] - delay(1): Delayed 1 second(s)

2021-12-29 11:14:21 - [MESSAGE][PASSED] - Delayed 1 second(s)

2021-12-29 11:14:21 - [TEST_STEP][PASSED] - setText(LOGN_EdtRdyUserID, "anggaaditya", 0): Text 'anggaaditya' has been set to element 'Object Repository/Mobile/Page/Login/Input Rdy - UserID'

2021-12-29 11:14:21 - [MESSAGE][WARNING] - Timeout '0' is invalid. Using default page load timeout: '60'

2021-12-29 11:14:22 - [MESSAGE][PASSED] - Text 'anggaaditya' has been set to element 'Object Repository/Mobile/Page/Login/Input Rdy - UserID'

2021-12-29 11:14:22 - [TEST_STEP][PASSED] - delay(1): Delayed 1 second(s)

2021-12-29 11:14:23 - [MESSAGE][PASSED] - Delayed 1 second(s)

2021-12-29 11:14:23 - [TEST_STEP][PASSED] - hideKeyboard(): Keyboard is hidden

2021-12-29 11:14:28 - [MESSAGE][PASSED] - Keyboard is hidden

2021-12-29 11:14:28 - [TEST_STEP][PASSED] - tap(LOGN_EdtPassword, 0): Tapped on element 'Object Repository/Mobile/Page/Login/Input - Password'

2021-12-29 11:14:28 - [MESSAGE][WARNING] - Timeout '0' is invalid. Using default page load timeout: '60'

2021-12-29 11:14:29 - [MESSAGE][PASSED] - Tapped on element 'Object Repository/Mobile/Page/Login/Input - Password'

2021-12-29 11:14:29 - [TEST_STEP][PASSED] - delay(1): Delayed 1 second(s)

2021-12-29 11:14:30 - [MESSAGE][PASSED] - Delayed 1 second(s)

2021-12-29 11:14:30 - [TEST_STEP][PASSED] - setText(LOGN_EdtRdyPassword, "Shalawa18", 0): Text 'Shalawa18' has been set to element 'Object Repository/Mobile/Page/Login/Input Rdy - Password'

2021-12-29 11:14:30 - [MESSAGE][WARNING] - Timeout '0' is invalid. Using default page load timeout: '60'

2021-12-29 11:14:30 - [MESSAGE][PASSED] - Text 'Shalawa18' has been set to element 'Object Repository/Mobile/Page/Login/Input Rdy - Password'

2021-12-29 11:14:30 - [TEST_STEP][PASSED] - delay(1): Delayed 1 second(s)

2021-12-29 11:14:31 - [MESSAGE][PASSED] - Delayed 1 second(s)

2021-12-29 11:14:31 - [TEST_STEP][PASSED] - hideKeyboard(): Keyboard is hidden

2021-12-29 11:14:39 - [MESSAGE][PASSED] - Keyboard is hidden

2021-12-29 11:14:39 - [TEST_STEP][PASSED] - tap(LOGN_BtnLogin, 0): Tapped on element 'Object Repository/Mobile/Page/Login/Button - Login'

2021-12-29 11:14:39 - [MESSAGE][WARNING] - Timeout '0' is invalid. Using default page load timeout: '60'

2021-12-29 11:14:39 - [MESSAGE][PASSED] - Tapped on element 'Object Repository/Mobile/Page/Login/Button - Login'

2021-12-29 11:14:39 - [TEST_STEP][PASSED] - delay(2): Delayed 2 second(s)

2021-12-29 11:14:41 - [MESSAGE][PASSED] - Delayed 2 second(s)

2021-12-29 11:14:41 - [MESSAGE][PASSED] - Call Test Case 'Test Cases/Mobile/Page/Login/Login' successfully

2021-12-29 11:14:41 - [MESSAGE][PASSED] - Call Test Case 'Test Cases/Mobile/Page/CheckLogin' successfully

2021-12-29 11:14:41 - [TEST_STEP][PASSED] - tap(HOME_MenubarAnalysis, 0): Tapped on element 'Object Repository/Mobile/Page/Home/Menubar - Analysis'

2021-12-29 11:14:41 - [MESSAGE][WARNING] - Timeout '0' is invalid. Using default page load timeout: '60'

2021-12-29 11:14:44 - [MESSAGE][PASSED] - Tapped on element 'Object Repository/Mobile/Page/Home/Menubar - Analysis'

2021-12-29 11:14:44 - [TEST_STEP][PASSED] - delay(1): Delayed 1 second(s)

2021-12-29 11:14:45 - [MESSAGE][PASSED] - Delayed 1 second(s)

2021-12-29 11:14:45 - [TEST_STEP][PASSED] - for ([i = 0, i < 1, (i++)]): Press back button successfully

2021-12-29 11:14:45 - [TEST_STEP][PASSED] - if (action == "technicalsearch"): null

2021-12-29 11:14:45 - [TEST_STEP][PASSED] - else if (action == "technicaldetail"): null

2021-12-29 11:14:45 - [TEST_STEP][PASSED] - else if (action == "researchdetail"): Press back button successfully

2021-12-29 11:14:45 - [TEST_STEP][PASSED] - tap(ANAL_TabResearchReport, 0): Tapped on element 'Object Repository/Mobile/Page/Analysis/Tab - Research Report'

2021-12-29 11:14:45 - [MESSAGE][WARNING] - Timeout '0' is invalid. Using default page load timeout: '60'

2021-12-29 11:14:46 - [MESSAGE][PASSED] - Tapped on element 'Object Repository/Mobile/Page/Analysis/Tab - Research Report'

2021-12-29 11:14:46 - [TEST_STEP][PASSED] - delay(1): Delayed 1 second(s)

2021-12-29 11:14:47 - [MESSAGE][PASSED] - Delayed 1 second(s)

2021-12-29 11:14:47 - [TEST_STEP][PASSED] - tapAndHold(ANAL_ItemTopSearch, 1, 0): Tapped and held on element 'Object Repository/Mobile/Page/Analysis/Item - Top Search' with duration 1

2021-12-29 11:14:47 - [MESSAGE][WARNING] - Timeout '0' is invalid. Using default page load timeout: '60'

2021-12-29 11:14:50 - [MESSAGE][PASSED] - Tapped and held on element 'Object Repository/Mobile/Page/Analysis/Item - Top Search' with duration 1

2021-12-29 11:14:50 - [TEST_STEP][PASSED] - delay(3): Delayed 3 second(s)

2021-12-29 11:14:53 - [MESSAGE][PASSED] - Delayed 3 second(s)

2021-12-29 11:14:53 - [TEST_STEP][PASSED] - pressBack(): Press back button successfully

2021-12-29 11:14:53 - [MESSAGE][PASSED] - Press back button successfully

2021-12-29 11:14:53 - [MESSAGE][PASSED] - Call Test Case 'Test Cases/Mobile/Page/Analysis/Analysis' successfully

2021-12-29 11:14:53 - [TEST_STEP][PASSED] - callTestCase(findTestCase("Mobile/Page/Run App/Terminate App"), [:], STOP_ON_FAILURE): Call Test Case 'Test Cases/Mobile/Page/Run App/Terminate App' successfully

2021-12-29 11:14:53 - [TEST_CASE][PASSED] - Test Cases/Mobile/Page/Run App/Terminate App: Test Cases/Mobile/Page/Run App/Terminate App

2021-12-29 11:14:53 - [TEST_STEP][PASSED] - startApp.OpenApp.terminateApplication(): startApp.OpenApp.terminateApplication is PASSED

2021-12-29 11:14:57 - [MESSAGE][PASSED] - Delayed 3 second(s)

2021-12-29 11:14:57 - [MESSAGE][PASSED] - Current device physical width is 720

2021-12-29 11:14:57 - [MESSAGE][PASSED] - Current device physical height is 1423

2021-12-29 11:14:59 - [MESSAGE][PASSED] - Swiped from 360,853 to 360,142

2021-12-29 11:15:00 - [MESSAGE][PASSED] - Delayed 1 second(s)

2021-12-29 11:15:01 - [MESSAGE][PASSED] - Swiped from 360,853 to 360,142

2021-12-29 11:15:04 - [MESSAGE][PASSED] - Delayed 3 second(s)

2021-12-29 11:15:04 - [MESSAGE][PASSED] - startApp.OpenApp.terminateApplication is PASSED

2021-12-29 11:15:04 - [MESSAGE][PASSED] - Call Test Case 'Test Cases/Mobile/Page/Run App/Terminate App' successfully]]></system-out>
         <system-err><![CDATA[]]></system-err>
      </testcase>
      <testcase name="Test Cases/Mobile/Scenario/Analysis/004 - User mencari research report" time="64.097" classname="Test Cases/Mobile/Scenario/Analysis/004 - User mencari research report" status="PASSED">
         <system-out><![CDATA[2021-12-29 11:15:04 - [TEST_CASE][PASSED] - Test Cases/Mobile/Scenario/Analysis/004 - User mencari research report: Test Cases/Mobile/Scenario/Analysis/004 - User mencari research report

2021-12-29 11:15:04 - [TEST_STEP][PASSED] - callTestCase(findTestCase("Mobile/Page/Run App/Run App byID"), [:], STOP_ON_FAILURE): Call Test Case 'Test Cases/Mobile/Page/Run App/Run App byID' successfully

2021-12-29 11:15:04 - [TEST_CASE][PASSED] - Test Cases/Mobile/Page/Run App/Run App byID: Test Cases/Mobile/Page/Run App/Run App byID

2021-12-29 11:15:04 - [TEST_STEP][PASSED] - startApp.OpenApp.startApplication("id.co.miraeasset.sageclub"): startApp.OpenApp.startApplication is PASSED

2021-12-29 11:15:18 - [MESSAGE][PASSED] - Starting app with application ID: 'id.co.miraeasset.sageclub'

2021-12-29 11:15:18 - [MESSAGE][PASSED] - startApp.OpenApp.startApplication is PASSED

2021-12-29 11:15:18 - [MESSAGE][PASSED] - Call Test Case 'Test Cases/Mobile/Page/Run App/Run App byID' successfully

2021-12-29 11:15:18 - [TEST_STEP][PASSED] - callTestCase(findTestCase("Mobile/Page/Analysis/Analysis"), ["action":"researchsearch"], CONTINUE_ON_FAILURE): Call Test Case 'Test Cases/Mobile/Page/Analysis/Analysis' successfully

2021-12-29 11:15:18 - [TEST_CASE][PASSED] - Test Cases/Mobile/Page/Analysis/Analysis: Test Cases/Mobile/Page/Analysis/Analysis

2021-12-29 11:15:18 - [TEST_STEP][PASSED] - callTestCase(findTestCase("Mobile/Page/CheckLogin"), [:], CONTINUE_ON_FAILURE): Call Test Case 'Test Cases/Mobile/Page/CheckLogin' successfully

2021-12-29 11:15:18 - [TEST_CASE][PASSED] - Test Cases/Mobile/Page/CheckLogin: Test Cases/Mobile/Page/CheckLogin

2021-12-29 11:15:18 - [TEST_STEP][PASSED] - loginCheck = verifyElementExist(LOGN_BtnLogin, 5, CONTINUE_ON_FAILURE): Element 'Object Repository/Mobile/Page/Login/Button - Login' is exist

2021-12-29 11:15:20 - [MESSAGE][PASSED] - Element 'Object Repository/Mobile/Page/Login/Button - Login' is exist

2021-12-29 11:15:20 - [TEST_STEP][PASSED] - if (loginCheck): Call Test Case 'Test Cases/Mobile/Page/Login/Login' successfully

2021-12-29 11:15:20 - [TEST_STEP][PASSED] - callTestCase(findTestCase("Mobile/Page/Login/Login"), [:], CONTINUE_ON_FAILURE): Call Test Case 'Test Cases/Mobile/Page/Login/Login' successfully

2021-12-29 11:15:20 - [TEST_CASE][PASSED] - Test Cases/Mobile/Page/Login/Login: Test Cases/Mobile/Page/Login/Login

2021-12-29 11:15:20 - [TEST_STEP][PASSED] - delay(2): Delayed 2 second(s)

2021-12-29 11:15:22 - [MESSAGE][PASSED] - Delayed 2 second(s)

2021-12-29 11:15:22 - [TEST_STEP][PASSED] - tap(LOGN_EdtUserID, 0): Tapped on element 'Object Repository/Mobile/Page/Login/Input - UserID'

2021-12-29 11:15:22 - [MESSAGE][WARNING] - Timeout '0' is invalid. Using default page load timeout: '60'

2021-12-29 11:15:22 - [MESSAGE][PASSED] - Tapped on element 'Object Repository/Mobile/Page/Login/Input - UserID'

2021-12-29 11:15:22 - [TEST_STEP][PASSED] - delay(1): Delayed 1 second(s)

2021-12-29 11:15:23 - [MESSAGE][PASSED] - Delayed 1 second(s)

2021-12-29 11:15:23 - [TEST_STEP][PASSED] - setText(LOGN_EdtRdyUserID, "anggaaditya", 0): Text 'anggaaditya' has been set to element 'Object Repository/Mobile/Page/Login/Input Rdy - UserID'

2021-12-29 11:15:23 - [MESSAGE][WARNING] - Timeout '0' is invalid. Using default page load timeout: '60'

2021-12-29 11:15:25 - [MESSAGE][PASSED] - Text 'anggaaditya' has been set to element 'Object Repository/Mobile/Page/Login/Input Rdy - UserID'

2021-12-29 11:15:25 - [TEST_STEP][PASSED] - delay(1): Delayed 1 second(s)

2021-12-29 11:15:26 - [MESSAGE][PASSED] - Delayed 1 second(s)

2021-12-29 11:15:26 - [TEST_STEP][PASSED] - hideKeyboard(): Keyboard is hidden

2021-12-29 11:15:30 - [MESSAGE][PASSED] - Keyboard is hidden

2021-12-29 11:15:30 - [TEST_STEP][PASSED] - tap(LOGN_EdtPassword, 0): Tapped on element 'Object Repository/Mobile/Page/Login/Input - Password'

2021-12-29 11:15:30 - [MESSAGE][WARNING] - Timeout '0' is invalid. Using default page load timeout: '60'

2021-12-29 11:15:31 - [MESSAGE][PASSED] - Tapped on element 'Object Repository/Mobile/Page/Login/Input - Password'

2021-12-29 11:15:31 - [TEST_STEP][PASSED] - delay(1): Delayed 1 second(s)

2021-12-29 11:15:32 - [MESSAGE][PASSED] - Delayed 1 second(s)

2021-12-29 11:15:32 - [TEST_STEP][PASSED] - setText(LOGN_EdtRdyPassword, "Shalawa18", 0): Text 'Shalawa18' has been set to element 'Object Repository/Mobile/Page/Login/Input Rdy - Password'

2021-12-29 11:15:32 - [MESSAGE][WARNING] - Timeout '0' is invalid. Using default page load timeout: '60'

2021-12-29 11:15:32 - [MESSAGE][PASSED] - Text 'Shalawa18' has been set to element 'Object Repository/Mobile/Page/Login/Input Rdy - Password'

2021-12-29 11:15:32 - [TEST_STEP][PASSED] - delay(1): Delayed 1 second(s)

2021-12-29 11:15:33 - [MESSAGE][PASSED] - Delayed 1 second(s)

2021-12-29 11:15:33 - [TEST_STEP][PASSED] - hideKeyboard(): Keyboard is hidden

2021-12-29 11:15:40 - [MESSAGE][PASSED] - Keyboard is hidden

2021-12-29 11:15:40 - [TEST_STEP][PASSED] - tap(LOGN_BtnLogin, 0): Tapped on element 'Object Repository/Mobile/Page/Login/Button - Login'

2021-12-29 11:15:40 - [MESSAGE][WARNING] - Timeout '0' is invalid. Using default page load timeout: '60'

2021-12-29 11:15:40 - [MESSAGE][PASSED] - Tapped on element 'Object Repository/Mobile/Page/Login/Button - Login'

2021-12-29 11:15:40 - [TEST_STEP][PASSED] - delay(2): Delayed 2 second(s)

2021-12-29 11:15:42 - [MESSAGE][PASSED] - Delayed 2 second(s)

2021-12-29 11:15:42 - [MESSAGE][PASSED] - Call Test Case 'Test Cases/Mobile/Page/Login/Login' successfully

2021-12-29 11:15:42 - [MESSAGE][PASSED] - Call Test Case 'Test Cases/Mobile/Page/CheckLogin' successfully

2021-12-29 11:15:42 - [TEST_STEP][PASSED] - tap(HOME_MenubarAnalysis, 0): Tapped on element 'Object Repository/Mobile/Page/Home/Menubar - Analysis'

2021-12-29 11:15:42 - [MESSAGE][WARNING] - Timeout '0' is invalid. Using default page load timeout: '60'

2021-12-29 11:15:45 - [MESSAGE][PASSED] - Tapped on element 'Object Repository/Mobile/Page/Home/Menubar - Analysis'

2021-12-29 11:15:45 - [TEST_STEP][PASSED] - delay(1): Delayed 1 second(s)

2021-12-29 11:15:46 - [MESSAGE][PASSED] - Delayed 1 second(s)

2021-12-29 11:15:46 - [TEST_STEP][PASSED] - for ([i = 0, i < 1, (i++)]): Press back button successfully

2021-12-29 11:15:46 - [TEST_STEP][PASSED] - if (action == "technicalsearch"): null

2021-12-29 11:15:46 - [TEST_STEP][PASSED] - else if (action == "technicaldetail"): null

2021-12-29 11:15:46 - [TEST_STEP][PASSED] - else if (action == "researchdetail"): null

2021-12-29 11:15:46 - [TEST_STEP][PASSED] - else if (action == "researchsearch"): Press back button successfully

2021-12-29 11:15:46 - [TEST_STEP][PASSED] - tap(ANAL_TabResearchReport, 0): Tapped on element 'Object Repository/Mobile/Page/Analysis/Tab - Research Report'

2021-12-29 11:15:46 - [MESSAGE][WARNING] - Timeout '0' is invalid. Using default page load timeout: '60'

2021-12-29 11:15:46 - [MESSAGE][PASSED] - Tapped on element 'Object Repository/Mobile/Page/Analysis/Tab - Research Report'

2021-12-29 11:15:46 - [TEST_STEP][PASSED] - delay(1): Delayed 1 second(s)

2021-12-29 11:15:47 - [MESSAGE][PASSED] - Delayed 1 second(s)

2021-12-29 11:15:47 - [TEST_STEP][PASSED] - tap(ANAL_EdtSearch, 0): Tapped on element 'Object Repository/Mobile/Page/Analysis/Input - Search'

2021-12-29 11:15:47 - [MESSAGE][WARNING] - Timeout '0' is invalid. Using default page load timeout: '60'

2021-12-29 11:15:48 - [MESSAGE][PASSED] - Tapped on element 'Object Repository/Mobile/Page/Analysis/Input - Search'

2021-12-29 11:15:48 - [TEST_STEP][PASSED] - delay(1): Delayed 1 second(s)

2021-12-29 11:15:49 - [MESSAGE][PASSED] - Delayed 1 second(s)

2021-12-29 11:15:49 - [TEST_STEP][PASSED] - setText(ANAL_EdtSearch, "surya", 0): Text 'surya' has been set to element 'Object Repository/Mobile/Page/Analysis/Input - Search'

2021-12-29 11:15:49 - [MESSAGE][WARNING] - Timeout '0' is invalid. Using default page load timeout: '60'

2021-12-29 11:15:49 - [MESSAGE][PASSED] - Text 'surya' has been set to element 'Object Repository/Mobile/Page/Analysis/Input - Search'

2021-12-29 11:15:49 - [TEST_STEP][PASSED] - hideKeyboard(): Keyboard is hidden

2021-12-29 11:15:51 - [MESSAGE][PASSED] - Keyboard is hidden

2021-12-29 11:15:51 - [TEST_STEP][PASSED] - tapAndHold(ANAL_ItemTopSearch, 1, 0): Tapped and held on element 'Object Repository/Mobile/Page/Analysis/Item - Top Search' with duration 1

2021-12-29 11:15:51 - [MESSAGE][WARNING] - Timeout '0' is invalid. Using default page load timeout: '60'

2021-12-29 11:15:54 - [MESSAGE][PASSED] - Tapped and held on element 'Object Repository/Mobile/Page/Analysis/Item - Top Search' with duration 1

2021-12-29 11:15:54 - [TEST_STEP][PASSED] - delay(3): Delayed 3 second(s)

2021-12-29 11:15:57 - [MESSAGE][PASSED] - Delayed 3 second(s)

2021-12-29 11:15:57 - [TEST_STEP][PASSED] - pressBack(): Press back button successfully

2021-12-29 11:15:57 - [MESSAGE][PASSED] - Press back button successfully

2021-12-29 11:15:57 - [MESSAGE][PASSED] - Call Test Case 'Test Cases/Mobile/Page/Analysis/Analysis' successfully

2021-12-29 11:15:57 - [TEST_STEP][PASSED] - callTestCase(findTestCase("Mobile/Page/Run App/Terminate App"), [:], STOP_ON_FAILURE): Call Test Case 'Test Cases/Mobile/Page/Run App/Terminate App' successfully

2021-12-29 11:15:57 - [TEST_CASE][PASSED] - Test Cases/Mobile/Page/Run App/Terminate App: Test Cases/Mobile/Page/Run App/Terminate App

2021-12-29 11:15:57 - [TEST_STEP][PASSED] - startApp.OpenApp.terminateApplication(): startApp.OpenApp.terminateApplication is PASSED

2021-12-29 11:16:01 - [MESSAGE][PASSED] - Delayed 3 second(s)

2021-12-29 11:16:01 - [MESSAGE][PASSED] - Current device physical width is 720

2021-12-29 11:16:01 - [MESSAGE][PASSED] - Current device physical height is 1423

2021-12-29 11:16:03 - [MESSAGE][PASSED] - Swiped from 360,853 to 360,142

2021-12-29 11:16:04 - [MESSAGE][PASSED] - Delayed 1 second(s)

2021-12-29 11:16:05 - [MESSAGE][PASSED] - Swiped from 360,853 to 360,142

2021-12-29 11:16:08 - [MESSAGE][PASSED] - Delayed 3 second(s)

2021-12-29 11:16:08 - [MESSAGE][PASSED] - startApp.OpenApp.terminateApplication is PASSED

2021-12-29 11:16:08 - [MESSAGE][PASSED] - Call Test Case 'Test Cases/Mobile/Page/Run App/Terminate App' successfully]]></system-out>
         <system-err><![CDATA[]]></system-err>
      </testcase>
      <system-out><![CDATA[2021-12-29 11:11:25 - [TEST_SUITE][PASSED] - analysis: Test Cases/Mobile/Scenario/Analysis/004 - User mencari research report]]></system-out>
      <system-err><![CDATA[]]></system-err>
   </testsuite>
</testsuites>
