<?xml version="1.0" encoding="UTF-8"?>
<testsuites name="navigationmenu" time="438.513" tests="6" failures="0" skips="0" errors="0">
   <testsuite name="navigationmenu" tests="6" failures="0" errors="0" time="438.513" skips="0" timestamp="2022-02-10 08:24:29" hostname="Owner - aldy-tft" id="Test Suites/navigationmenu">
      <properties>
         <property name="deviceName" value="samsung SM-A205F (Android 11)"/>
         <property name="devicePlatform" value=""/>
         <property name="logFolder" value="C:\\Users\\Owner\\Documents\\kerjaan\\KatalonProject\\qa_katalon_pwm\\qa_katalon_pwm\\Reports\\20220210_082421\\navigationmenu\\20220210_082421"/>
         <property name="logFiles" value="C:\\Users\\Owner\\Documents\\kerjaan\\KatalonProject\\qa_katalon_pwm\\qa_katalon_pwm\\Reports\\20220210_082421\\navigationmenu\\20220210_082421\\appium.log, C:\\Users\\Owner\\Documents\\kerjaan\\KatalonProject\\qa_katalon_pwm\\qa_katalon_pwm\\Reports\\20220210_082421\\navigationmenu\\20220210_082421\\execution0.log"/>
         <property name="attachments" value="C:\\Users\\Owner\\Documents\\kerjaan\\KatalonProject\\qa_katalon_pwm\\qa_katalon_pwm\\Reports\\20220210_082421\\navigationmenu\\20220210_082421\\1644456396420.png, C:\\Users\\Owner\\Documents\\kerjaan\\KatalonProject\\qa_katalon_pwm\\qa_katalon_pwm\\Reports\\20220210_082421\\navigationmenu\\20220210_082421\\1644456397116.png"/>
         <property name="hostName" value="Owner - aldy-tft"/>
         <property name="os" value="Windows 10 64bit"/>
         <property name="appiumServerStatus" value="{&quot;value&quot;:{&quot;build&quot;:{&quot;version&quot;:&quot;1.22.0&quot;}},&quot;sessionId&quot;:null,&quot;status&quot;:0}"/>
         <property name="katalonVersion" value="7.9.1.208"/>
         <property name="deviceOS" value="Android"/>
         <property name="appiumVersion" value="1.22.0"/>
         <property name="deviceModel" value="SM-A205F"/>
         <property name="hostAddress" value="192.168.100.33"/>
         <property name="deviceManufacturer" value="samsung"/>
         <property name="deviceId" value="RR8M40C9AXE"/>
         <property name="deviceName" value="samsung SM-A205F (Android 11)"/>
         <property name="deviceOSVersion" value="11"/>
      </properties>
      <testcase name="Test Cases/Mobile/Scenario/NavigationMenu/001 - Download Report" time="77.441" classname="Test Cases/Mobile/Scenario/NavigationMenu/001 - Download Report" status="PASSED">
         <system-out><![CDATA[2022-02-10 08:24:29 - [TEST_CASE][PASSED] - Test Cases/Mobile/Scenario/NavigationMenu/001 - Download Report: Test Cases/Mobile/Scenario/NavigationMenu/001 - Download Report

2022-02-10 08:24:30 - [TEST_STEP][PASSED] - callTestCase(findTestCase("Mobile/Page/Run App/Run App byID"), [:], STOP_ON_FAILURE): Call Test Case 'Test Cases/Mobile/Page/Run App/Run App byID' successfully

2022-02-10 08:24:30 - [TEST_CASE][PASSED] - Test Cases/Mobile/Page/Run App/Run App byID: Test Cases/Mobile/Page/Run App/Run App byID

2022-02-10 08:24:30 - [TEST_STEP][PASSED] - startApp.OpenApp.startApplication("id.co.miraeasset.sageclub"): startApp.OpenApp.startApplication is PASSED

2022-02-10 08:24:32 - [MESSAGE][INFO] - Appium server started on port 55,348

2022-02-10 08:24:47 - [MESSAGE][PASSED] - Starting app with application ID: 'id.co.miraeasset.sageclub'

2022-02-10 08:24:47 - [MESSAGE][PASSED] - startApp.OpenApp.startApplication is PASSED

2022-02-10 08:24:47 - [MESSAGE][PASSED] - Call Test Case 'Test Cases/Mobile/Page/Run App/Run App byID' successfully

2022-02-10 08:24:47 - [TEST_STEP][PASSED] - callTestCase(findTestCase("Mobile/Page/NavigationMenu/NavigationMenu"), ["action":"downloadtaxreport"], CONTINUE_ON_FAILURE): Call Test Case 'Test Cases/Mobile/Page/NavigationMenu/NavigationMenu' successfully

2022-02-10 08:24:47 - [TEST_CASE][PASSED] - Test Cases/Mobile/Page/NavigationMenu/NavigationMenu: Test Cases/Mobile/Page/NavigationMenu/NavigationMenu

2022-02-10 08:24:47 - [TEST_STEP][PASSED] - callTestCase(findTestCase("Mobile/Page/CheckLogin"), [:], CONTINUE_ON_FAILURE): Call Test Case 'Test Cases/Mobile/Page/CheckLogin' successfully

2022-02-10 08:24:48 - [TEST_CASE][PASSED] - Test Cases/Mobile/Page/CheckLogin: Test Cases/Mobile/Page/CheckLogin

2022-02-10 08:24:48 - [TEST_STEP][PASSED] - loginCheck = verifyElementExist(LOGN_BtnLogin, 5, CONTINUE_ON_FAILURE): Element 'Object Repository/Mobile/Page/Login/Button - Login' is exist

2022-02-10 08:24:50 - [MESSAGE][WARNING] - Test object with id 'Object Repository/Mobile/Page/Home/Button -  Add Watchlist' does not exist

2022-02-10 08:24:50 - [MESSAGE][WARNING] - Test object with id 'Object Repository/Mobile/Page/Home/Button - Open with Just Once' does not exist

2022-02-10 08:24:50 - [MESSAGE][WARNING] - Test object with id 'Object Repository/Mobile/Page/Home/Container - Notification' does not exist

2022-02-10 08:24:50 - [MESSAGE][WARNING] - Test object with id 'Object Repository/Mobile/Page/Home/Watchlist/Input - Search' does not exist

2022-02-10 08:24:50 - [MESSAGE][WARNING] - Test object with id 'Object Repository/Mobile/Page/Home/Watchlist/Item - Top Search' does not exist

2022-02-10 08:24:51 - [MESSAGE][WARNING] - Test object with id 'Object Repository/Mobile/Page/Home/Watchlist/Detail Watchlist/Item - Watchlist' does not exist

2022-02-10 08:24:51 - [MESSAGE][WARNING] - Test object with id 'Object Repository/Mobile/Page/Home/Watchlist/Detail Watchlist/Scroll - Expiry Date' does not exist

2022-02-10 08:24:51 - [MESSAGE][WARNING] - Test object with id 'Object Repository/Mobile/Page/Home/Watchlist/Detail Watchlist/Scroll - Expiry Month' does not exist

2022-02-10 08:24:51 - [MESSAGE][WARNING] - Test object with id 'Object Repository/Mobile/Page/Home/Watchlist/Detail Watchlist/Scroll - Expiry Year' does not exist

2022-02-10 08:24:55 - [MESSAGE][WARNING] - Test object with id 'Object Repository/Mobile/Page/Home/Watchlist/Detail Watchlist/Alert - Please fill input form' does not exist

2022-02-10 08:24:56 - [MESSAGE][WARNING] - Test object with id 'Object Repository/Mobile/Page/Home/Button -  Add Watchlist' does not exist

2022-02-10 08:24:56 - [MESSAGE][WARNING] - Test object with id 'Object Repository/Mobile/Page/Home/Button - Open with Just Once' does not exist

2022-02-10 08:24:56 - [MESSAGE][WARNING] - Test object with id 'Object Repository/Mobile/Page/Home/Container - Notification' does not exist

2022-02-10 08:24:57 - [MESSAGE][WARNING] - Test object with id 'Object Repository/Mobile/Page/Home/Watchlist/Input - Search' does not exist

2022-02-10 08:24:57 - [MESSAGE][WARNING] - Test object with id 'Object Repository/Mobile/Page/Home/Watchlist/Item - Top Search' does not exist

2022-02-10 08:24:57 - [MESSAGE][WARNING] - Test object with id 'Object Repository/Mobile/Page/Home/Watchlist/Detail Watchlist/Item - Watchlist' does not exist

2022-02-10 08:24:57 - [MESSAGE][WARNING] - Test object with id 'Object Repository/Mobile/Page/Home/Watchlist/Detail Watchlist/Scroll - Expiry Date' does not exist

2022-02-10 08:24:57 - [MESSAGE][WARNING] - Test object with id 'Object Repository/Mobile/Page/Home/Watchlist/Detail Watchlist/Scroll - Expiry Month' does not exist

2022-02-10 08:24:57 - [MESSAGE][WARNING] - Test object with id 'Object Repository/Mobile/Page/Home/Watchlist/Detail Watchlist/Scroll - Expiry Year' does not exist

2022-02-10 08:25:01 - [MESSAGE][WARNING] - Test object with id 'Object Repository/Mobile/Page/Home/Watchlist/Detail Watchlist/Alert - Please fill input form' does not exist

2022-02-10 08:25:02 - [MESSAGE][PASSED] - Element 'Object Repository/Mobile/Page/Login/Button - Login' is exist

2022-02-10 08:25:02 - [TEST_STEP][PASSED] - if (loginCheck): Call Test Case 'Test Cases/Mobile/Page/Login/Login' successfully

2022-02-10 08:25:02 - [TEST_STEP][PASSED] - callTestCase(findTestCase("Mobile/Page/Login/Login"), ["action":"username"], CONTINUE_ON_FAILURE): Call Test Case 'Test Cases/Mobile/Page/Login/Login' successfully

2022-02-10 08:25:02 - [TEST_CASE][PASSED] - Test Cases/Mobile/Page/Login/Login: Test Cases/Mobile/Page/Login/Login

2022-02-10 08:25:02 - [TEST_STEP][PASSED] - delay(2): Delayed 2 second(s)

2022-02-10 08:25:04 - [MESSAGE][PASSED] - Delayed 2 second(s)

2022-02-10 08:25:04 - [TEST_STEP][PASSED] - for ([i = 0, i < 1, (i++)]): null

2022-02-10 08:25:04 - [TEST_STEP][PASSED] - if (action == "username"): null

2022-02-10 08:25:04 - [TEST_STEP][PASSED] - tap(LOGN_EdtUserID, 0): Tapped on element 'Object Repository/Mobile/Page/Login/Input - UserID'

2022-02-10 08:25:04 - [MESSAGE][WARNING] - Timeout '0' is invalid. Using default page load timeout: '60'

2022-02-10 08:25:04 - [MESSAGE][PASSED] - Tapped on element 'Object Repository/Mobile/Page/Login/Input - UserID'

2022-02-10 08:25:04 - [TEST_STEP][PASSED] - delay(1): Delayed 1 second(s)

2022-02-10 08:25:06 - [MESSAGE][PASSED] - Delayed 1 second(s)

2022-02-10 08:25:06 - [TEST_STEP][PASSED] - setText(LOGN_EdtRdyUserID, "anggaaditya", 0): Text 'anggaaditya' has been set to element 'Object Repository/Mobile/Page/Login/Input Rdy - UserID'

2022-02-10 08:25:06 - [MESSAGE][WARNING] - Timeout '0' is invalid. Using default page load timeout: '60'

2022-02-10 08:25:07 - [MESSAGE][PASSED] - Text 'anggaaditya' has been set to element 'Object Repository/Mobile/Page/Login/Input Rdy - UserID'

2022-02-10 08:25:07 - [TEST_STEP][PASSED] - delay(1): Delayed 1 second(s)

2022-02-10 08:25:08 - [MESSAGE][PASSED] - Delayed 1 second(s)

2022-02-10 08:25:08 - [TEST_STEP][PASSED] - hideKeyboard(): Keyboard is hidden

2022-02-10 08:25:11 - [MESSAGE][PASSED] - Keyboard is hidden

2022-02-10 08:25:11 - [TEST_STEP][PASSED] - tap(LOGN_EdtPassword, 0): Tapped on element 'Object Repository/Mobile/Page/Login/Input - Password'

2022-02-10 08:25:11 - [MESSAGE][WARNING] - Timeout '0' is invalid. Using default page load timeout: '60'

2022-02-10 08:25:12 - [MESSAGE][PASSED] - Tapped on element 'Object Repository/Mobile/Page/Login/Input - Password'

2022-02-10 08:25:12 - [TEST_STEP][PASSED] - delay(1): Delayed 1 second(s)

2022-02-10 08:25:13 - [MESSAGE][PASSED] - Delayed 1 second(s)

2022-02-10 08:25:13 - [TEST_STEP][PASSED] - setText(LOGN_EdtRdyPassword, "Shalawa18", 0): Text 'Shalawa18' has been set to element 'Object Repository/Mobile/Page/Login/Input Rdy - Password'

2022-02-10 08:25:13 - [MESSAGE][WARNING] - Timeout '0' is invalid. Using default page load timeout: '60'

2022-02-10 08:25:13 - [MESSAGE][PASSED] - Text 'Shalawa18' has been set to element 'Object Repository/Mobile/Page/Login/Input Rdy - Password'

2022-02-10 08:25:13 - [TEST_STEP][PASSED] - delay(1): Delayed 1 second(s)

2022-02-10 08:25:14 - [MESSAGE][PASSED] - Delayed 1 second(s)

2022-02-10 08:25:14 - [TEST_STEP][PASSED] - hideKeyboard(): Keyboard is hidden

2022-02-10 08:25:20 - [MESSAGE][PASSED] - Keyboard is hidden

2022-02-10 08:25:20 - [TEST_STEP][PASSED] - tap(LOGN_BtnLogin, 0): Tapped on element 'Object Repository/Mobile/Page/Login/Button - Login'

2022-02-10 08:25:20 - [MESSAGE][WARNING] - Timeout '0' is invalid. Using default page load timeout: '60'

2022-02-10 08:25:21 - [MESSAGE][PASSED] - Tapped on element 'Object Repository/Mobile/Page/Login/Button - Login'

2022-02-10 08:25:21 - [TEST_STEP][PASSED] - delay(2): Delayed 2 second(s)

2022-02-10 08:25:23 - [MESSAGE][PASSED] - Delayed 2 second(s)

2022-02-10 08:25:23 - [TEST_STEP][PASSED] - break: null

2022-02-10 08:25:23 - [MESSAGE][PASSED] - Call Test Case 'Test Cases/Mobile/Page/Login/Login' successfully

2022-02-10 08:25:23 - [MESSAGE][PASSED] - Call Test Case 'Test Cases/Mobile/Page/CheckLogin' successfully

2022-02-10 08:25:23 - [TEST_STEP][PASSED] - delay(3): Delayed 3 second(s)

2022-02-10 08:25:26 - [MESSAGE][PASSED] - Delayed 3 second(s)

2022-02-10 08:25:26 - [TEST_STEP][PASSED] - scroll.scroll.scrollScreenLeftToRight(): scroll.scroll.scrollScreenLeftToRight is PASSED

2022-02-10 08:25:26 - [MESSAGE][PASSED] - Current device physical height is 1423

2022-02-10 08:25:27 - [MESSAGE][PASSED] - Current device physical width is 720

2022-02-10 08:25:27 - [MESSAGE][PASSED] - Current device physical height is 1423

2022-02-10 08:25:28 - [MESSAGE][PASSED] - Swiped from 10,711 to 710,711

2022-02-10 08:25:28 - [MESSAGE][PASSED] - scroll.scroll.scrollScreenLeftToRight is PASSED

2022-02-10 08:25:28 - [TEST_STEP][PASSED] - delay(1): Delayed 1 second(s)

2022-02-10 08:25:29 - [MESSAGE][PASSED] - Delayed 1 second(s)

2022-02-10 08:25:29 - [TEST_STEP][PASSED] - for ([i = 0, i < 1, (i++)]): Press back button successfully

2022-02-10 08:25:29 - [TEST_STEP][PASSED] - if (action == "downloadtaxreport"): Press back button successfully

2022-02-10 08:25:29 - [TEST_STEP][PASSED] - taxreport = NAVM_ContYearlyTaxReport: null

2022-02-10 08:25:29 - [TEST_STEP][PASSED] - top = getElementTopPosition(taxreport, 0): Object 'Object Repository/Mobile/Page/NavigationMenu/Container - Yearly Tax Report' has top position '277'

2022-02-10 08:25:29 - [MESSAGE][WARNING] - Timeout '0' is invalid. Using default page load timeout: '60'

2022-02-10 08:25:29 - [MESSAGE][PASSED] - Object 'Object Repository/Mobile/Page/NavigationMenu/Container - Yearly Tax Report' has top position '277'

2022-02-10 08:25:29 - [TEST_STEP][PASSED] - y = getElementHeight(taxreport, 0) * 0.8 + top: Object 'Object Repository/Mobile/Page/NavigationMenu/Container - Yearly Tax Report' has height: '119'

2022-02-10 08:25:29 - [MESSAGE][WARNING] - Timeout '0' is invalid. Using default page load timeout: '60'

2022-02-10 08:25:30 - [MESSAGE][PASSED] - Object 'Object Repository/Mobile/Page/NavigationMenu/Container - Yearly Tax Report' has height: '119'

2022-02-10 08:25:30 - [TEST_STEP][PASSED] - x = getDeviceWidth() * 0.2: Current device physical width is 720

2022-02-10 08:25:30 - [MESSAGE][PASSED] - Current device physical width is 720

2022-02-10 08:25:30 - [TEST_STEP][PASSED] - tapAtPosition(x, y): Tapped at [144, 372]

2022-02-10 08:25:30 - [MESSAGE][PASSED] - Tapped at [144, 372]

2022-02-10 08:25:30 - [TEST_STEP][PASSED] - delay(5): Delayed 5 second(s)

2022-02-10 08:25:35 - [MESSAGE][PASSED] - Delayed 5 second(s)

2022-02-10 08:25:35 - [TEST_STEP][PASSED] - pressBack(): Press back button successfully

2022-02-10 08:25:36 - [MESSAGE][PASSED] - Press back button successfully

2022-02-10 08:25:36 - [MESSAGE][PASSED] - Call Test Case 'Test Cases/Mobile/Page/NavigationMenu/NavigationMenu' successfully

2022-02-10 08:25:36 - [TEST_STEP][PASSED] - callTestCase(findTestCase("Mobile/Page/Run App/Terminate App"), [:], STOP_ON_FAILURE): Call Test Case 'Test Cases/Mobile/Page/Run App/Terminate App' successfully

2022-02-10 08:25:36 - [TEST_CASE][PASSED] - Test Cases/Mobile/Page/Run App/Terminate App: Test Cases/Mobile/Page/Run App/Terminate App

2022-02-10 08:25:36 - [TEST_STEP][PASSED] - startApp.OpenApp.terminateApplication(): startApp.OpenApp.terminateApplication is PASSED

2022-02-10 08:25:40 - [MESSAGE][PASSED] - Delayed 3 second(s)

2022-02-10 08:25:40 - [MESSAGE][PASSED] - Current device physical width is 720

2022-02-10 08:25:40 - [MESSAGE][PASSED] - Current device physical height is 1423

2022-02-10 08:25:41 - [MESSAGE][PASSED] - Swiped from 360,853 to 360,142

2022-02-10 08:25:42 - [MESSAGE][PASSED] - Delayed 1 second(s)

2022-02-10 08:25:44 - [MESSAGE][PASSED] - Swiped from 360,853 to 360,142

2022-02-10 08:25:47 - [MESSAGE][PASSED] - Delayed 3 second(s)

2022-02-10 08:25:47 - [MESSAGE][PASSED] - startApp.OpenApp.terminateApplication is PASSED

2022-02-10 08:25:47 - [MESSAGE][PASSED] - Call Test Case 'Test Cases/Mobile/Page/Run App/Terminate App' successfully]]></system-out>
         <system-err><![CDATA[]]></system-err>
      </testcase>
      <testcase name="Test Cases/Mobile/Scenario/NavigationMenu/002 - Risk Profile analysis" time="91.541" classname="Test Cases/Mobile/Scenario/NavigationMenu/002 - Risk Profile analysis" status="PASSED">
         <system-out><![CDATA[2022-02-10 08:25:47 - [TEST_CASE][PASSED] - Test Cases/Mobile/Scenario/NavigationMenu/002 - Risk Profile analysis: Test Cases/Mobile/Scenario/NavigationMenu/002 - Risk Profile analysis

2022-02-10 08:25:47 - [TEST_STEP][PASSED] - callTestCase(findTestCase("Mobile/Page/Run App/Run App byID"), [:], STOP_ON_FAILURE): Call Test Case 'Test Cases/Mobile/Page/Run App/Run App byID' successfully

2022-02-10 08:25:47 - [TEST_CASE][PASSED] - Test Cases/Mobile/Page/Run App/Run App byID: Test Cases/Mobile/Page/Run App/Run App byID

2022-02-10 08:25:47 - [TEST_STEP][PASSED] - startApp.OpenApp.startApplication("id.co.miraeasset.sageclub"): startApp.OpenApp.startApplication is PASSED

2022-02-10 08:25:59 - [MESSAGE][PASSED] - Starting app with application ID: 'id.co.miraeasset.sageclub'

2022-02-10 08:25:59 - [MESSAGE][PASSED] - startApp.OpenApp.startApplication is PASSED

2022-02-10 08:25:59 - [MESSAGE][PASSED] - Call Test Case 'Test Cases/Mobile/Page/Run App/Run App byID' successfully

2022-02-10 08:25:59 - [TEST_STEP][PASSED] - callTestCase(findTestCase("Mobile/Page/NavigationMenu/NavigationMenu"), ["action":"analyzeprofile"], CONTINUE_ON_FAILURE): Call Test Case 'Test Cases/Mobile/Page/NavigationMenu/NavigationMenu' successfully

2022-02-10 08:25:59 - [TEST_CASE][PASSED] - Test Cases/Mobile/Page/NavigationMenu/NavigationMenu: Test Cases/Mobile/Page/NavigationMenu/NavigationMenu

2022-02-10 08:25:59 - [TEST_STEP][PASSED] - callTestCase(findTestCase("Mobile/Page/CheckLogin"), [:], CONTINUE_ON_FAILURE): Call Test Case 'Test Cases/Mobile/Page/CheckLogin' successfully

2022-02-10 08:25:59 - [TEST_CASE][PASSED] - Test Cases/Mobile/Page/CheckLogin: Test Cases/Mobile/Page/CheckLogin

2022-02-10 08:25:59 - [TEST_STEP][PASSED] - loginCheck = verifyElementExist(LOGN_BtnLogin, 5, CONTINUE_ON_FAILURE): Element 'Object Repository/Mobile/Page/Login/Button - Login' is exist

2022-02-10 08:26:01 - [MESSAGE][PASSED] - Element 'Object Repository/Mobile/Page/Login/Button - Login' is exist

2022-02-10 08:26:01 - [TEST_STEP][PASSED] - if (loginCheck): Call Test Case 'Test Cases/Mobile/Page/Login/Login' successfully

2022-02-10 08:26:01 - [TEST_STEP][PASSED] - callTestCase(findTestCase("Mobile/Page/Login/Login"), ["action":"username"], CONTINUE_ON_FAILURE): Call Test Case 'Test Cases/Mobile/Page/Login/Login' successfully

2022-02-10 08:26:01 - [TEST_CASE][PASSED] - Test Cases/Mobile/Page/Login/Login: Test Cases/Mobile/Page/Login/Login

2022-02-10 08:26:01 - [TEST_STEP][PASSED] - delay(2): Delayed 2 second(s)

2022-02-10 08:26:03 - [MESSAGE][PASSED] - Delayed 2 second(s)

2022-02-10 08:26:03 - [TEST_STEP][PASSED] - for ([i = 0, i < 1, (i++)]): null

2022-02-10 08:26:03 - [TEST_STEP][PASSED] - if (action == "username"): null

2022-02-10 08:26:03 - [TEST_STEP][PASSED] - tap(LOGN_EdtUserID, 0): Tapped on element 'Object Repository/Mobile/Page/Login/Input - UserID'

2022-02-10 08:26:03 - [MESSAGE][WARNING] - Timeout '0' is invalid. Using default page load timeout: '60'

2022-02-10 08:26:04 - [MESSAGE][PASSED] - Tapped on element 'Object Repository/Mobile/Page/Login/Input - UserID'

2022-02-10 08:26:04 - [TEST_STEP][PASSED] - delay(1): Delayed 1 second(s)

2022-02-10 08:26:05 - [MESSAGE][PASSED] - Delayed 1 second(s)

2022-02-10 08:26:05 - [TEST_STEP][PASSED] - setText(LOGN_EdtRdyUserID, "anggaaditya", 0): Text 'anggaaditya' has been set to element 'Object Repository/Mobile/Page/Login/Input Rdy - UserID'

2022-02-10 08:26:05 - [MESSAGE][WARNING] - Timeout '0' is invalid. Using default page load timeout: '60'

2022-02-10 08:26:05 - [MESSAGE][PASSED] - Text 'anggaaditya' has been set to element 'Object Repository/Mobile/Page/Login/Input Rdy - UserID'

2022-02-10 08:26:05 - [TEST_STEP][PASSED] - delay(1): Delayed 1 second(s)

2022-02-10 08:26:06 - [MESSAGE][PASSED] - Delayed 1 second(s)

2022-02-10 08:26:06 - [TEST_STEP][PASSED] - hideKeyboard(): Keyboard is hidden

2022-02-10 08:26:10 - [MESSAGE][PASSED] - Keyboard is hidden

2022-02-10 08:26:11 - [TEST_STEP][PASSED] - tap(LOGN_EdtPassword, 0): Tapped on element 'Object Repository/Mobile/Page/Login/Input - Password'

2022-02-10 08:26:11 - [MESSAGE][WARNING] - Timeout '0' is invalid. Using default page load timeout: '60'

2022-02-10 08:26:11 - [MESSAGE][PASSED] - Tapped on element 'Object Repository/Mobile/Page/Login/Input - Password'

2022-02-10 08:26:11 - [TEST_STEP][PASSED] - delay(1): Delayed 1 second(s)

2022-02-10 08:26:12 - [MESSAGE][PASSED] - Delayed 1 second(s)

2022-02-10 08:26:12 - [TEST_STEP][PASSED] - setText(LOGN_EdtRdyPassword, "Shalawa18", 0): Text 'Shalawa18' has been set to element 'Object Repository/Mobile/Page/Login/Input Rdy - Password'

2022-02-10 08:26:12 - [MESSAGE][WARNING] - Timeout '0' is invalid. Using default page load timeout: '60'

2022-02-10 08:26:12 - [MESSAGE][PASSED] - Text 'Shalawa18' has been set to element 'Object Repository/Mobile/Page/Login/Input Rdy - Password'

2022-02-10 08:26:12 - [TEST_STEP][PASSED] - delay(1): Delayed 1 second(s)

2022-02-10 08:26:13 - [MESSAGE][PASSED] - Delayed 1 second(s)

2022-02-10 08:26:13 - [TEST_STEP][PASSED] - hideKeyboard(): Keyboard is hidden

2022-02-10 08:26:20 - [MESSAGE][PASSED] - Keyboard is hidden

2022-02-10 08:26:20 - [TEST_STEP][PASSED] - tap(LOGN_BtnLogin, 0): Tapped on element 'Object Repository/Mobile/Page/Login/Button - Login'

2022-02-10 08:26:20 - [MESSAGE][WARNING] - Timeout '0' is invalid. Using default page load timeout: '60'

2022-02-10 08:26:21 - [MESSAGE][PASSED] - Tapped on element 'Object Repository/Mobile/Page/Login/Button - Login'

2022-02-10 08:26:21 - [TEST_STEP][PASSED] - delay(2): Delayed 2 second(s)

2022-02-10 08:26:23 - [MESSAGE][PASSED] - Delayed 2 second(s)

2022-02-10 08:26:23 - [TEST_STEP][PASSED] - break: null

2022-02-10 08:26:23 - [MESSAGE][PASSED] - Call Test Case 'Test Cases/Mobile/Page/Login/Login' successfully

2022-02-10 08:26:23 - [MESSAGE][PASSED] - Call Test Case 'Test Cases/Mobile/Page/CheckLogin' successfully

2022-02-10 08:26:23 - [TEST_STEP][PASSED] - delay(3): Delayed 3 second(s)

2022-02-10 08:26:26 - [MESSAGE][PASSED] - Delayed 3 second(s)

2022-02-10 08:26:26 - [TEST_STEP][PASSED] - scroll.scroll.scrollScreenLeftToRight(): scroll.scroll.scrollScreenLeftToRight is PASSED

2022-02-10 08:26:26 - [MESSAGE][PASSED] - Current device physical height is 1423

2022-02-10 08:26:26 - [MESSAGE][PASSED] - Current device physical width is 720

2022-02-10 08:26:26 - [MESSAGE][PASSED] - Current device physical height is 1423

2022-02-10 08:26:27 - [MESSAGE][PASSED] - Swiped from 10,711 to 710,711

2022-02-10 08:26:27 - [MESSAGE][PASSED] - scroll.scroll.scrollScreenLeftToRight is PASSED

2022-02-10 08:26:27 - [TEST_STEP][PASSED] - delay(1): Delayed 1 second(s)

2022-02-10 08:26:28 - [MESSAGE][PASSED] - Delayed 1 second(s)

2022-02-10 08:26:28 - [TEST_STEP][FAILED] - for ([i = 0, i < 1, (i++)]): null

2022-02-10 08:26:28 - [TEST_STEP][PASSED] - if (action == "downloadtaxreport"): null

2022-02-10 08:26:28 - [TEST_STEP][FAILED] - else if (action == "analyzeprofile"): null

2022-02-10 08:26:28 - [TEST_STEP][PASSED] - risk = NAVM_ContRiskProfile: null

2022-02-10 08:26:28 - [TEST_STEP][PASSED] - top = getElementTopPosition(risk, 0): Object 'Object Repository/Mobile/Page/NavigationMenu/Container - Risk Profile' has top position '431'

2022-02-10 08:26:28 - [MESSAGE][WARNING] - Timeout '0' is invalid. Using default page load timeout: '60'

2022-02-10 08:26:29 - [MESSAGE][PASSED] - Object 'Object Repository/Mobile/Page/NavigationMenu/Container - Risk Profile' has top position '431'

2022-02-10 08:26:29 - [TEST_STEP][PASSED] - y = getElementHeight(risk, 0) * 0.8 + top: Object 'Object Repository/Mobile/Page/NavigationMenu/Container - Risk Profile' has height: '119'

2022-02-10 08:26:29 - [MESSAGE][WARNING] - Timeout '0' is invalid. Using default page load timeout: '60'

2022-02-10 08:26:29 - [MESSAGE][PASSED] - Object 'Object Repository/Mobile/Page/NavigationMenu/Container - Risk Profile' has height: '119'

2022-02-10 08:26:29 - [TEST_STEP][PASSED] - x = getDeviceWidth() * 0.2: Current device physical width is 720

2022-02-10 08:26:29 - [MESSAGE][PASSED] - Current device physical width is 720

2022-02-10 08:26:29 - [TEST_STEP][PASSED] - tapAtPosition(x, y): Tapped at [144, 526]

2022-02-10 08:26:29 - [MESSAGE][PASSED] - Tapped at [144, 526]

2022-02-10 08:26:29 - [TEST_STEP][PASSED] - delay(1): Delayed 1 second(s)

2022-02-10 08:26:30 - [MESSAGE][PASSED] - Delayed 1 second(s)

2022-02-10 08:26:30 - [TEST_STEP][FAILED] - try: Failed to check for element 'Object Repository/Mobile/Page/NavigationMenu/Container - Risk Profile' exist (Root cause: com.kms.katalon.core.exception.StepFailedException: Element 'Object Repository/Mobile/Page/NavigationMenu/Container - Risk Profile' not found
	at com.kms.katalon.core.keyword.internal.KeywordMain.stepFailed(KeywordMain.groovy:50)
	at com.kms.katalon.core.mobile.keyword.internal.MobileKeywordMain.stepFailed(MobileKeywordMain.groovy:40)
	at com.kms.katalon.core.mobile.keyword.builtin.VerifyElementExistKeyword$_verifyElementExist_closure1.doCall(VerifyElementExistKeyword.groovy:77)
	at com.kms.katalon.core.mobile.keyword.builtin.VerifyElementExistKeyword$_verifyElementExist_closure1.call(VerifyElementExistKeyword.groovy)
	at com.kms.katalon.core.mobile.keyword.internal.MobileKeywordMain.runKeyword(MobileKeywordMain.groovy:21)
	at com.kms.katalon.core.mobile.keyword.builtin.VerifyElementExistKeyword.verifyElementExist(VerifyElementExistKeyword.groovy:80)
	at com.kms.katalon.core.mobile.keyword.builtin.VerifyElementExistKeyword.execute(VerifyElementExistKeyword.groovy:64)
	at com.kms.katalon.core.keyword.internal.KeywordExecutor.executeKeywordForPlatform(KeywordExecutor.groovy:73)
	at com.kms.katalon.core.mobile.keyword.MobileBuiltInKeywords.verifyElementExist(MobileBuiltInKeywords.groovy:1586)
	at com.kms.katalon.core.mobile.keyword.MobileBuiltInKeywords$verifyElementExist$11.call(Unknown Source)
	at NavigationMenu.run(NavigationMenu:51)
	at com.kms.katalon.core.main.ScriptEngine.run(ScriptEngine.java:194)
	at com.kms.katalon.core.main.ScriptEngine.runScriptAsRawText(ScriptEngine.java:119)
	at com.kms.katalon.core.main.TestCaseExecutor.runScript(TestCaseExecutor.java:398)
	at com.kms.katalon.core.main.TestCaseExecutor.doExecute(TestCaseExecutor.java:389)
	at com.kms.katalon.core.main.TestCaseExecutor.processExecutionPhase(TestCaseExecutor.java:368)
	at com.kms.katalon.core.main.TestCaseExecutor.accessMainPhase(TestCaseExecutor.java:360)
	at com.kms.katalon.core.main.TestCaseExecutor.execute(TestCaseExecutor.java:255)
	at com.kms.katalon.core.main.TestCaseMain.runTestCase(TestCaseMain.java:114)
	at com.kms.katalon.core.keyword.builtin.CallTestCaseKeyword$_callTestCase_closure1.doCall(CallTestCaseKeyword.groovy:59)
	at com.kms.katalon.core.keyword.builtin.CallTestCaseKeyword$_callTestCase_closure1.call(CallTestCaseKeyword.groovy)
	at com.kms.katalon.core.keyword.internal.KeywordMain.runKeyword(KeywordMain.groovy:68)
	at com.kms.katalon.core.keyword.builtin.CallTestCaseKeyword.callTestCase(CallTestCaseKeyword.groovy:81)
	at com.kms.katalon.core.keyword.builtin.CallTestCaseKeyword.execute(CallTestCaseKeyword.groovy:44)
	at com.kms.katalon.core.keyword.internal.KeywordExecutor.executeKeywordForPlatform(KeywordExecutor.groovy:73)
	at com.kms.katalon.core.keyword.BuiltinKeywords.callTestCase(BuiltinKeywords.groovy:334)
	at 002 - Risk Profile analysis.run(002 - Risk Profile analysis:22)
	at com.kms.katalon.core.main.ScriptEngine.run(ScriptEngine.java:194)
	at com.kms.katalon.core.main.ScriptEngine.runScriptAsRawText(ScriptEngine.java:119)
	at com.kms.katalon.core.main.TestCaseExecutor.runScript(TestCaseExecutor.java:398)
	at com.kms.katalon.core.main.TestCaseExecutor.doExecute(TestCaseExecutor.java:389)
	at com.kms.katalon.core.main.TestCaseExecutor.processExecutionPhase(TestCaseExecutor.java:368)
	at com.kms.katalon.core.main.TestCaseExecutor.accessMainPhase(TestCaseExecutor.java:360)
	at com.kms.katalon.core.main.TestCaseExecutor.execute(TestCaseExecutor.java:255)
	at com.kms.katalon.core.main.TestSuiteExecutor.accessTestCaseMainPhase(TestSuiteExecutor.java:203)
	at com.kms.katalon.core.main.TestSuiteExecutor.accessTestSuiteMainPhase(TestSuiteExecutor.java:152)
	at com.kms.katalon.core.main.TestSuiteExecutor.execute(TestSuiteExecutor.java:95)
	at com.kms.katalon.core.main.TestCaseMain.startTestSuite(TestCaseMain.java:157)
	at com.kms.katalon.core.main.TestCaseMain$startTestSuite$0.call(Unknown Source)
	at TempTestSuite1644456261715.run(TempTestSuite1644456261715.groovy:39)
)

2022-02-10 08:26:30 - [TEST_STEP][FAILED] - for ([j = 1, j <= 5, (j++)]): Failed to check for element 'Object Repository/Mobile/Page/NavigationMenu/Container - Risk Profile' exist (Root cause: com.kms.katalon.core.exception.StepFailedException: Element 'Object Repository/Mobile/Page/NavigationMenu/Container - Risk Profile' not found
	at com.kms.katalon.core.keyword.internal.KeywordMain.stepFailed(KeywordMain.groovy:50)
	at com.kms.katalon.core.mobile.keyword.internal.MobileKeywordMain.stepFailed(MobileKeywordMain.groovy:40)
	at com.kms.katalon.core.mobile.keyword.builtin.VerifyElementExistKeyword$_verifyElementExist_closure1.doCall(VerifyElementExistKeyword.groovy:77)
	at com.kms.katalon.core.mobile.keyword.builtin.VerifyElementExistKeyword$_verifyElementExist_closure1.call(VerifyElementExistKeyword.groovy)
	at com.kms.katalon.core.mobile.keyword.internal.MobileKeywordMain.runKeyword(MobileKeywordMain.groovy:21)
	at com.kms.katalon.core.mobile.keyword.builtin.VerifyElementExistKeyword.verifyElementExist(VerifyElementExistKeyword.groovy:80)
	at com.kms.katalon.core.mobile.keyword.builtin.VerifyElementExistKeyword.execute(VerifyElementExistKeyword.groovy:64)
	at com.kms.katalon.core.keyword.internal.KeywordExecutor.executeKeywordForPlatform(KeywordExecutor.groovy:73)
	at com.kms.katalon.core.mobile.keyword.MobileBuiltInKeywords.verifyElementExist(MobileBuiltInKeywords.groovy:1586)
	at com.kms.katalon.core.mobile.keyword.MobileBuiltInKeywords$verifyElementExist$11.call(Unknown Source)
	at NavigationMenu.run(NavigationMenu:51)
	at com.kms.katalon.core.main.ScriptEngine.run(ScriptEngine.java:194)
	at com.kms.katalon.core.main.ScriptEngine.runScriptAsRawText(ScriptEngine.java:119)
	at com.kms.katalon.core.main.TestCaseExecutor.runScript(TestCaseExecutor.java:398)
	at com.kms.katalon.core.main.TestCaseExecutor.doExecute(TestCaseExecutor.java:389)
	at com.kms.katalon.core.main.TestCaseExecutor.processExecutionPhase(TestCaseExecutor.java:368)
	at com.kms.katalon.core.main.TestCaseExecutor.accessMainPhase(TestCaseExecutor.java:360)
	at com.kms.katalon.core.main.TestCaseExecutor.execute(TestCaseExecutor.java:255)
	at com.kms.katalon.core.main.TestCaseMain.runTestCase(TestCaseMain.java:114)
	at com.kms.katalon.core.keyword.builtin.CallTestCaseKeyword$_callTestCase_closure1.doCall(CallTestCaseKeyword.groovy:59)
	at com.kms.katalon.core.keyword.builtin.CallTestCaseKeyword$_callTestCase_closure1.call(CallTestCaseKeyword.groovy)
	at com.kms.katalon.core.keyword.internal.KeywordMain.runKeyword(KeywordMain.groovy:68)
	at com.kms.katalon.core.keyword.builtin.CallTestCaseKeyword.callTestCase(CallTestCaseKeyword.groovy:81)
	at com.kms.katalon.core.keyword.builtin.CallTestCaseKeyword.execute(CallTestCaseKeyword.groovy:44)
	at com.kms.katalon.core.keyword.internal.KeywordExecutor.executeKeywordForPlatform(KeywordExecutor.groovy:73)
	at com.kms.katalon.core.keyword.BuiltinKeywords.callTestCase(BuiltinKeywords.groovy:334)
	at 002 - Risk Profile analysis.run(002 - Risk Profile analysis:22)
	at com.kms.katalon.core.main.ScriptEngine.run(ScriptEngine.java:194)
	at com.kms.katalon.core.main.ScriptEngine.runScriptAsRawText(ScriptEngine.java:119)
	at com.kms.katalon.core.main.TestCaseExecutor.runScript(TestCaseExecutor.java:398)
	at com.kms.katalon.core.main.TestCaseExecutor.doExecute(TestCaseExecutor.java:389)
	at com.kms.katalon.core.main.TestCaseExecutor.processExecutionPhase(TestCaseExecutor.java:368)
	at com.kms.katalon.core.main.TestCaseExecutor.accessMainPhase(TestCaseExecutor.java:360)
	at com.kms.katalon.core.main.TestCaseExecutor.execute(TestCaseExecutor.java:255)
	at com.kms.katalon.core.main.TestSuiteExecutor.accessTestCaseMainPhase(TestSuiteExecutor.java:203)
	at com.kms.katalon.core.main.TestSuiteExecutor.accessTestSuiteMainPhase(TestSuiteExecutor.java:152)
	at com.kms.katalon.core.main.TestSuiteExecutor.execute(TestSuiteExecutor.java:95)
	at com.kms.katalon.core.main.TestCaseMain.startTestSuite(TestCaseMain.java:157)
	at com.kms.katalon.core.main.TestCaseMain$startTestSuite$0.call(Unknown Source)
	at TempTestSuite1644456261715.run(TempTestSuite1644456261715.groovy:39)
)

2022-02-10 08:26:30 - [TEST_STEP][PASSED] - bestsuited = verifyElementExist(NAVM_ContRiskProfile, 2): Element 'Object Repository/Mobile/Page/NavigationMenu/Container - Risk Profile' is exist

2022-02-10 08:26:31 - [MESSAGE][PASSED] - Element 'Object Repository/Mobile/Page/NavigationMenu/Container - Risk Profile' is exist

2022-02-10 08:26:31 - [TEST_STEP][PASSED] - if (!(bestsuited)): null

2022-02-10 08:26:31 - [TEST_STEP][PASSED] - x = getDeviceWidth() * 0.2 * j: Current device physical width is 720

2022-02-10 08:26:31 - [MESSAGE][PASSED] - Current device physical width is 720

2022-02-10 08:26:31 - [TEST_STEP][PASSED] - tapAtPosition(x, y): Tapped at [144, 526]

2022-02-10 08:26:31 - [MESSAGE][PASSED] - Tapped at [144, 526]

2022-02-10 08:26:31 - [TEST_STEP][PASSED] - delay(1): Delayed 1 second(s)

2022-02-10 08:26:32 - [MESSAGE][PASSED] - Delayed 1 second(s)

2022-02-10 08:26:32 - [TEST_STEP][PASSED] - bestsuited = verifyElementExist(NAVM_ContRiskProfile, 2): Element 'Object Repository/Mobile/Page/NavigationMenu/Container - Risk Profile' is exist

2022-02-10 08:26:32 - [MESSAGE][PASSED] - Element 'Object Repository/Mobile/Page/NavigationMenu/Container - Risk Profile' is exist

2022-02-10 08:26:32 - [TEST_STEP][PASSED] - if (!(bestsuited)): null

2022-02-10 08:26:32 - [TEST_STEP][PASSED] - x = getDeviceWidth() * 0.2 * j: Current device physical width is 720

2022-02-10 08:26:32 - [MESSAGE][PASSED] - Current device physical width is 720

2022-02-10 08:26:32 - [TEST_STEP][PASSED] - tapAtPosition(x, y): Tapped at [288, 526]

2022-02-10 08:26:33 - [MESSAGE][PASSED] - Tapped at [288, 526]

2022-02-10 08:26:33 - [TEST_STEP][PASSED] - delay(1): Delayed 1 second(s)

2022-02-10 08:26:34 - [MESSAGE][PASSED] - Delayed 1 second(s)

2022-02-10 08:26:34 - [TEST_STEP][FAILED] - bestsuited = verifyElementExist(NAVM_ContRiskProfile, 2): Failed to check for element 'Object Repository/Mobile/Page/NavigationMenu/Container - Risk Profile' exist (Root cause: com.kms.katalon.core.exception.StepFailedException: Element 'Object Repository/Mobile/Page/NavigationMenu/Container - Risk Profile' not found
	at com.kms.katalon.core.keyword.internal.KeywordMain.stepFailed(KeywordMain.groovy:50)
	at com.kms.katalon.core.mobile.keyword.internal.MobileKeywordMain.stepFailed(MobileKeywordMain.groovy:40)
	at com.kms.katalon.core.mobile.keyword.builtin.VerifyElementExistKeyword$_verifyElementExist_closure1.doCall(VerifyElementExistKeyword.groovy:77)
	at com.kms.katalon.core.mobile.keyword.builtin.VerifyElementExistKeyword$_verifyElementExist_closure1.call(VerifyElementExistKeyword.groovy)
	at com.kms.katalon.core.mobile.keyword.internal.MobileKeywordMain.runKeyword(MobileKeywordMain.groovy:21)
	at com.kms.katalon.core.mobile.keyword.builtin.VerifyElementExistKeyword.verifyElementExist(VerifyElementExistKeyword.groovy:80)
	at com.kms.katalon.core.mobile.keyword.builtin.VerifyElementExistKeyword.execute(VerifyElementExistKeyword.groovy:64)
	at com.kms.katalon.core.keyword.internal.KeywordExecutor.executeKeywordForPlatform(KeywordExecutor.groovy:73)
	at com.kms.katalon.core.mobile.keyword.MobileBuiltInKeywords.verifyElementExist(MobileBuiltInKeywords.groovy:1586)
	at com.kms.katalon.core.mobile.keyword.MobileBuiltInKeywords$verifyElementExist$11.call(Unknown Source)
	at NavigationMenu.run(NavigationMenu:51)
	at com.kms.katalon.core.main.ScriptEngine.run(ScriptEngine.java:194)
	at com.kms.katalon.core.main.ScriptEngine.runScriptAsRawText(ScriptEngine.java:119)
	at com.kms.katalon.core.main.TestCaseExecutor.runScript(TestCaseExecutor.java:398)
	at com.kms.katalon.core.main.TestCaseExecutor.doExecute(TestCaseExecutor.java:389)
	at com.kms.katalon.core.main.TestCaseExecutor.processExecutionPhase(TestCaseExecutor.java:368)
	at com.kms.katalon.core.main.TestCaseExecutor.accessMainPhase(TestCaseExecutor.java:360)
	at com.kms.katalon.core.main.TestCaseExecutor.execute(TestCaseExecutor.java:255)
	at com.kms.katalon.core.main.TestCaseMain.runTestCase(TestCaseMain.java:114)
	at com.kms.katalon.core.keyword.builtin.CallTestCaseKeyword$_callTestCase_closure1.doCall(CallTestCaseKeyword.groovy:59)
	at com.kms.katalon.core.keyword.builtin.CallTestCaseKeyword$_callTestCase_closure1.call(CallTestCaseKeyword.groovy)
	at com.kms.katalon.core.keyword.internal.KeywordMain.runKeyword(KeywordMain.groovy:68)
	at com.kms.katalon.core.keyword.builtin.CallTestCaseKeyword.callTestCase(CallTestCaseKeyword.groovy:81)
	at com.kms.katalon.core.keyword.builtin.CallTestCaseKeyword.execute(CallTestCaseKeyword.groovy:44)
	at com.kms.katalon.core.keyword.internal.KeywordExecutor.executeKeywordForPlatform(KeywordExecutor.groovy:73)
	at com.kms.katalon.core.keyword.BuiltinKeywords.callTestCase(BuiltinKeywords.groovy:334)
	at 002 - Risk Profile analysis.run(002 - Risk Profile analysis:22)
	at com.kms.katalon.core.main.ScriptEngine.run(ScriptEngine.java:194)
	at com.kms.katalon.core.main.ScriptEngine.runScriptAsRawText(ScriptEngine.java:119)
	at com.kms.katalon.core.main.TestCaseExecutor.runScript(TestCaseExecutor.java:398)
	at com.kms.katalon.core.main.TestCaseExecutor.doExecute(TestCaseExecutor.java:389)
	at com.kms.katalon.core.main.TestCaseExecutor.processExecutionPhase(TestCaseExecutor.java:368)
	at com.kms.katalon.core.main.TestCaseExecutor.accessMainPhase(TestCaseExecutor.java:360)
	at com.kms.katalon.core.main.TestCaseExecutor.execute(TestCaseExecutor.java:255)
	at com.kms.katalon.core.main.TestSuiteExecutor.accessTestCaseMainPhase(TestSuiteExecutor.java:203)
	at com.kms.katalon.core.main.TestSuiteExecutor.accessTestSuiteMainPhase(TestSuiteExecutor.java:152)
	at com.kms.katalon.core.main.TestSuiteExecutor.execute(TestSuiteExecutor.java:95)
	at com.kms.katalon.core.main.TestCaseMain.startTestSuite(TestCaseMain.java:157)
	at com.kms.katalon.core.main.TestCaseMain$startTestSuite$0.call(Unknown Source)
	at TempTestSuite1644456261715.run(TempTestSuite1644456261715.groovy:39)
)

2022-02-10 08:26:37 - [MESSAGE][FAILED] - Element 'Object Repository/Mobile/Page/NavigationMenu/Container - Risk Profile' not found
[[ATTACHMENT|C:\\Users\\Owner\\Documents\\kerjaan\\KatalonProject\\qa_katalon_pwm\\qa_katalon_pwm\\Reports\\20220210_082421\\navigationmenu\\20220210_082421\\1644456396420.png]]

2022-02-10 08:26:37 - [MESSAGE][FAILED] - Failed to check for element 'Object Repository/Mobile/Page/NavigationMenu/Container - Risk Profile' exist (Root cause: com.kms.katalon.core.exception.StepFailedException: Element 'Object Repository/Mobile/Page/NavigationMenu/Container - Risk Profile' not found
	at com.kms.katalon.core.keyword.internal.KeywordMain.stepFailed(KeywordMain.groovy:50)
	at com.kms.katalon.core.mobile.keyword.internal.MobileKeywordMain.stepFailed(MobileKeywordMain.groovy:40)
	at com.kms.katalon.core.mobile.keyword.builtin.VerifyElementExistKeyword$_verifyElementExist_closure1.doCall(VerifyElementExistKeyword.groovy:77)
	at com.kms.katalon.core.mobile.keyword.builtin.VerifyElementExistKeyword$_verifyElementExist_closure1.call(VerifyElementExistKeyword.groovy)
	at com.kms.katalon.core.mobile.keyword.internal.MobileKeywordMain.runKeyword(MobileKeywordMain.groovy:21)
	at com.kms.katalon.core.mobile.keyword.builtin.VerifyElementExistKeyword.verifyElementExist(VerifyElementExistKeyword.groovy:80)
	at com.kms.katalon.core.mobile.keyword.builtin.VerifyElementExistKeyword.execute(VerifyElementExistKeyword.groovy:64)
	at com.kms.katalon.core.keyword.internal.KeywordExecutor.executeKeywordForPlatform(KeywordExecutor.groovy:73)
	at com.kms.katalon.core.mobile.keyword.MobileBuiltInKeywords.verifyElementExist(MobileBuiltInKeywords.groovy:1586)
	at com.kms.katalon.core.mobile.keyword.MobileBuiltInKeywords$verifyElementExist$11.call(Unknown Source)
	at NavigationMenu.run(NavigationMenu:51)
	at com.kms.katalon.core.main.ScriptEngine.run(ScriptEngine.java:194)
	at com.kms.katalon.core.main.ScriptEngine.runScriptAsRawText(ScriptEngine.java:119)
	at com.kms.katalon.core.main.TestCaseExecutor.runScript(TestCaseExecutor.java:398)
	at com.kms.katalon.core.main.TestCaseExecutor.doExecute(TestCaseExecutor.java:389)
	at com.kms.katalon.core.main.TestCaseExecutor.processExecutionPhase(TestCaseExecutor.java:368)
	at com.kms.katalon.core.main.TestCaseExecutor.accessMainPhase(TestCaseExecutor.java:360)
	at com.kms.katalon.core.main.TestCaseExecutor.execute(TestCaseExecutor.java:255)
	at com.kms.katalon.core.main.TestCaseMain.runTestCase(TestCaseMain.java:114)
	at com.kms.katalon.core.keyword.builtin.CallTestCaseKeyword$_callTestCase_closure1.doCall(CallTestCaseKeyword.groovy:59)
	at com.kms.katalon.core.keyword.builtin.CallTestCaseKeyword$_callTestCase_closure1.call(CallTestCaseKeyword.groovy)
	at com.kms.katalon.core.keyword.internal.KeywordMain.runKeyword(KeywordMain.groovy:68)
	at com.kms.katalon.core.keyword.builtin.CallTestCaseKeyword.callTestCase(CallTestCaseKeyword.groovy:81)
	at com.kms.katalon.core.keyword.builtin.CallTestCaseKeyword.execute(CallTestCaseKeyword.groovy:44)
	at com.kms.katalon.core.keyword.internal.KeywordExecutor.executeKeywordForPlatform(KeywordExecutor.groovy:73)
	at com.kms.katalon.core.keyword.BuiltinKeywords.callTestCase(BuiltinKeywords.groovy:334)
	at 002 - Risk Profile analysis.run(002 - Risk Profile analysis:22)
	at com.kms.katalon.core.main.ScriptEngine.run(ScriptEngine.java:194)
	at com.kms.katalon.core.main.ScriptEngine.runScriptAsRawText(ScriptEngine.java:119)
	at com.kms.katalon.core.main.TestCaseExecutor.runScript(TestCaseExecutor.java:398)
	at com.kms.katalon.core.main.TestCaseExecutor.doExecute(TestCaseExecutor.java:389)
	at com.kms.katalon.core.main.TestCaseExecutor.processExecutionPhase(TestCaseExecutor.java:368)
	at com.kms.katalon.core.main.TestCaseExecutor.accessMainPhase(TestCaseExecutor.java:360)
	at com.kms.katalon.core.main.TestCaseExecutor.execute(TestCaseExecutor.java:255)
	at com.kms.katalon.core.main.TestSuiteExecutor.accessTestCaseMainPhase(TestSuiteExecutor.java:203)
	at com.kms.katalon.core.main.TestSuiteExecutor.accessTestSuiteMainPhase(TestSuiteExecutor.java:152)
	at com.kms.katalon.core.main.TestSuiteExecutor.execute(TestSuiteExecutor.java:95)
	at com.kms.katalon.core.main.TestCaseMain.startTestSuite(TestCaseMain.java:157)
	at com.kms.katalon.core.main.TestCaseMain$startTestSuite$0.call(Unknown Source)
	at TempTestSuite1644456261715.run(TempTestSuite1644456261715.groovy:39)
)
[[ATTACHMENT|C:\\Users\\Owner\\Documents\\kerjaan\\KatalonProject\\qa_katalon_pwm\\qa_katalon_pwm\\Reports\\20220210_082421\\navigationmenu\\20220210_082421\\1644456397116.png]]

2022-02-10 08:26:37 - [TEST_STEP][PASSED] - catch (Exception e): null

2022-02-10 08:26:37 - [TEST_STEP][PASSED] - rand = new java.util.Random(): null

2022-02-10 08:26:37 - [TEST_STEP][PASSED] - random = rand.nextInt(2): null

2022-02-10 08:26:37 - [TEST_STEP][PASSED] - positionclick.positionclick.clickButtonInBottom(NAVM_RISK_DropHowLong): positionclick.positionclick.clickButtonInBottom is PASSED

2022-02-10 08:26:38 - [MESSAGE][PASSED] - Current device physical width is 720

2022-02-10 08:26:38 - [MESSAGE][WARNING] - Timeout '0' is invalid. Using default page load timeout: '60'

2022-02-10 08:26:38 - [MESSAGE][PASSED] - Object 'Object Repository/Mobile/Page/NavigationMenu/Risk Profile/Dropdown - How Long' has top position '151'

2022-02-10 08:26:38 - [MESSAGE][WARNING] - Timeout '0' is invalid. Using default page load timeout: '60'

2022-02-10 08:26:38 - [MESSAGE][PASSED] - Object 'Object Repository/Mobile/Page/NavigationMenu/Risk Profile/Dropdown - How Long' has height: '126'

2022-02-10 08:26:39 - [MESSAGE][PASSED] - Tapped at [360, 251]

2022-02-10 08:26:39 - [MESSAGE][PASSED] - positionclick.positionclick.clickButtonInBottom is PASSED

2022-02-10 08:26:39 - [TEST_STEP][PASSED] - delay(1): Delayed 1 second(s)

2022-02-10 08:26:40 - [MESSAGE][PASSED] - Delayed 1 second(s)

2022-02-10 08:26:40 - [TEST_STEP][PASSED] - if (random == 0): Tapped on element 'Object Repository/Mobile/Page/NavigationMenu/Risk Profile/Option How Long - 1 to 3'

2022-02-10 08:26:40 - [MESSAGE][WARNING] - Timeout '0' is invalid. Using default page load timeout: '60'

2022-02-10 08:26:40 - [MESSAGE][PASSED] - Tapped on element 'Object Repository/Mobile/Page/NavigationMenu/Risk Profile/Option How Long - 1 to 3'

2022-02-10 08:26:40 - [TEST_STEP][PASSED] - delay(1): Delayed 1 second(s)

2022-02-10 08:26:41 - [MESSAGE][PASSED] - Delayed 1 second(s)

2022-02-10 08:26:41 - [TEST_STEP][PASSED] - random = rand.nextInt(2): null

2022-02-10 08:26:41 - [TEST_STEP][PASSED] - positionclick.positionclick.clickButtonInBottom(NAVM_RISK_DropInvestGoal): positionclick.positionclick.clickButtonInBottom is PASSED

2022-02-10 08:26:42 - [MESSAGE][PASSED] - Current device physical width is 720

2022-02-10 08:26:42 - [MESSAGE][WARNING] - Timeout '0' is invalid. Using default page load timeout: '60'

2022-02-10 08:26:42 - [MESSAGE][PASSED] - Object 'Object Repository/Mobile/Page/NavigationMenu/Risk Profile/Dropdown - Investment Goal' has top position '303'

2022-02-10 08:26:42 - [MESSAGE][WARNING] - Timeout '0' is invalid. Using default page load timeout: '60'

2022-02-10 08:26:42 - [MESSAGE][PASSED] - Object 'Object Repository/Mobile/Page/NavigationMenu/Risk Profile/Dropdown - Investment Goal' has height: '126'

2022-02-10 08:26:43 - [MESSAGE][PASSED] - Tapped at [360, 403]

2022-02-10 08:26:43 - [MESSAGE][PASSED] - positionclick.positionclick.clickButtonInBottom is PASSED

2022-02-10 08:26:43 - [TEST_STEP][PASSED] - delay(1): Delayed 1 second(s)

2022-02-10 08:26:44 - [MESSAGE][PASSED] - Delayed 1 second(s)

2022-02-10 08:26:44 - [TEST_STEP][PASSED] - if (random == 0): Tapped on element 'Object Repository/Mobile/Page/NavigationMenu/Risk Profile/Option Investment Goal - Additional Income'

2022-02-10 08:26:44 - [MESSAGE][WARNING] - Timeout '0' is invalid. Using default page load timeout: '60'

2022-02-10 08:26:45 - [MESSAGE][PASSED] - Tapped on element 'Object Repository/Mobile/Page/NavigationMenu/Risk Profile/Option Investment Goal - Additional Income'

2022-02-10 08:26:45 - [TEST_STEP][PASSED] - delay(1): Delayed 1 second(s)

2022-02-10 08:26:46 - [MESSAGE][PASSED] - Delayed 1 second(s)

2022-02-10 08:26:46 - [TEST_STEP][PASSED] - random = rand.nextInt(2): null

2022-02-10 08:26:46 - [TEST_STEP][PASSED] - positionclick.positionclick.clickButtonInBottom(NAVM_RISK_DropGenKnowledge): positionclick.positionclick.clickButtonInBottom is PASSED

2022-02-10 08:26:47 - [MESSAGE][PASSED] - Current device physical width is 720

2022-02-10 08:26:47 - [MESSAGE][WARNING] - Timeout '0' is invalid. Using default page load timeout: '60'

2022-02-10 08:26:47 - [MESSAGE][PASSED] - Object 'Object Repository/Mobile/Page/NavigationMenu/Risk Profile/Dropdown - General Knowledge' has top position '456'

2022-02-10 08:26:47 - [MESSAGE][WARNING] - Timeout '0' is invalid. Using default page load timeout: '60'

2022-02-10 08:26:47 - [MESSAGE][PASSED] - Object 'Object Repository/Mobile/Page/NavigationMenu/Risk Profile/Dropdown - General Knowledge' has height: '126'

2022-02-10 08:26:48 - [MESSAGE][PASSED] - Tapped at [360, 556]

2022-02-10 08:26:48 - [MESSAGE][PASSED] - positionclick.positionclick.clickButtonInBottom is PASSED

2022-02-10 08:26:48 - [TEST_STEP][PASSED] - delay(1): Delayed 1 second(s)

2022-02-10 08:26:49 - [MESSAGE][PASSED] - Delayed 1 second(s)

2022-02-10 08:26:49 - [TEST_STEP][PASSED] - if (random == 0): Tapped on element 'Object Repository/Mobile/Page/NavigationMenu/Risk Profile/Option General Knowledge - Limited'

2022-02-10 08:26:49 - [MESSAGE][WARNING] - Timeout '0' is invalid. Using default page load timeout: '60'

2022-02-10 08:26:51 - [MESSAGE][PASSED] - Tapped on element 'Object Repository/Mobile/Page/NavigationMenu/Risk Profile/Option General Knowledge - Limited'

2022-02-10 08:26:51 - [TEST_STEP][PASSED] - delay(1): Delayed 1 second(s)

2022-02-10 08:26:52 - [MESSAGE][PASSED] - Delayed 1 second(s)

2022-02-10 08:26:52 - [TEST_STEP][PASSED] - random = rand.nextInt(2): null

2022-02-10 08:26:52 - [TEST_STEP][PASSED] - positionclick.positionclick.clickButtonInBottom(NAVM_RISK_DropTotalAmount): positionclick.positionclick.clickButtonInBottom is PASSED

2022-02-10 08:26:52 - [MESSAGE][PASSED] - Current device physical width is 720

2022-02-10 08:26:52 - [MESSAGE][WARNING] - Timeout '0' is invalid. Using default page load timeout: '60'

2022-02-10 08:26:52 - [MESSAGE][PASSED] - Object 'Object Repository/Mobile/Page/NavigationMenu/Risk Profile/Dropdown - Total Amount' has top position '608'

2022-02-10 08:26:52 - [MESSAGE][WARNING] - Timeout '0' is invalid. Using default page load timeout: '60'

2022-02-10 08:26:52 - [MESSAGE][PASSED] - Object 'Object Repository/Mobile/Page/NavigationMenu/Risk Profile/Dropdown - Total Amount' has height: '126'

2022-02-10 08:26:53 - [MESSAGE][PASSED] - Tapped at [360, 708]

2022-02-10 08:26:53 - [MESSAGE][PASSED] - positionclick.positionclick.clickButtonInBottom is PASSED

2022-02-10 08:26:53 - [TEST_STEP][PASSED] - delay(1): Delayed 1 second(s)

2022-02-10 08:26:54 - [MESSAGE][PASSED] - Delayed 1 second(s)

2022-02-10 08:26:54 - [TEST_STEP][PASSED] - if (random == 0): Tapped on element 'Object Repository/Mobile/Page/NavigationMenu/Risk Profile/Option Total Amount - Between 10 and 20'

2022-02-10 08:26:54 - [MESSAGE][WARNING] - Timeout '0' is invalid. Using default page load timeout: '60'

2022-02-10 08:26:55 - [MESSAGE][PASSED] - Tapped on element 'Object Repository/Mobile/Page/NavigationMenu/Risk Profile/Option Total Amount - Between 10 and 20'

2022-02-10 08:26:55 - [TEST_STEP][PASSED] - delay(1): Delayed 1 second(s)

2022-02-10 08:26:56 - [MESSAGE][PASSED] - Delayed 1 second(s)

2022-02-10 08:26:56 - [TEST_STEP][PASSED] - random = rand.nextInt(2): null

2022-02-10 08:26:56 - [TEST_STEP][PASSED] - positionclick.positionclick.clickButtonInBottom(NAVM_RISK_DropRiskLevel): positionclick.positionclick.clickButtonInBottom is PASSED

2022-02-10 08:26:56 - [MESSAGE][PASSED] - Current device physical width is 720

2022-02-10 08:26:56 - [MESSAGE][WARNING] - Timeout '0' is invalid. Using default page load timeout: '60'

2022-02-10 08:26:56 - [MESSAGE][PASSED] - Object 'Object Repository/Mobile/Page/NavigationMenu/Risk Profile/Dropdown - Risk Level' has top position '760'

2022-02-10 08:26:56 - [MESSAGE][WARNING] - Timeout '0' is invalid. Using default page load timeout: '60'

2022-02-10 08:26:57 - [MESSAGE][PASSED] - Object 'Object Repository/Mobile/Page/NavigationMenu/Risk Profile/Dropdown - Risk Level' has height: '126'

2022-02-10 08:26:58 - [MESSAGE][PASSED] - Tapped at [360, 860]

2022-02-10 08:26:58 - [MESSAGE][PASSED] - positionclick.positionclick.clickButtonInBottom is PASSED

2022-02-10 08:26:58 - [TEST_STEP][PASSED] - delay(1): Delayed 1 second(s)

2022-02-10 08:26:59 - [MESSAGE][PASSED] - Delayed 1 second(s)

2022-02-10 08:26:59 - [TEST_STEP][PASSED] - if (random == 0): Tapped on element 'Object Repository/Mobile/Page/NavigationMenu/Risk Profile/Option Risk Level - Low'

2022-02-10 08:26:59 - [MESSAGE][WARNING] - Timeout '0' is invalid. Using default page load timeout: '60'

2022-02-10 08:27:00 - [MESSAGE][PASSED] - Tapped on element 'Object Repository/Mobile/Page/NavigationMenu/Risk Profile/Option Risk Level - Low'

2022-02-10 08:27:00 - [TEST_STEP][PASSED] - delay(1): Delayed 1 second(s)

2022-02-10 08:27:01 - [MESSAGE][PASSED] - Delayed 1 second(s)

2022-02-10 08:27:01 - [TEST_STEP][PASSED] - random = rand.nextInt(2): null

2022-02-10 08:27:01 - [TEST_STEP][PASSED] - positionclick.positionclick.clickButtonInBottom(NAVM_RISK_DropBestSuited): positionclick.positionclick.clickButtonInBottom is PASSED

2022-02-10 08:27:01 - [MESSAGE][PASSED] - Current device physical width is 720

2022-02-10 08:27:01 - [MESSAGE][WARNING] - Timeout '0' is invalid. Using default page load timeout: '60'

2022-02-10 08:27:01 - [MESSAGE][PASSED] - Object 'Object Repository/Mobile/Page/NavigationMenu/Risk Profile/Dropdown - Best Suited' has top position '912'

2022-02-10 08:27:01 - [MESSAGE][WARNING] - Timeout '0' is invalid. Using default page load timeout: '60'

2022-02-10 08:27:01 - [MESSAGE][PASSED] - Object 'Object Repository/Mobile/Page/NavigationMenu/Risk Profile/Dropdown - Best Suited' has height: '154'

2022-02-10 08:27:02 - [MESSAGE][PASSED] - Tapped at [360, 1,035]

2022-02-10 08:27:02 - [MESSAGE][PASSED] - positionclick.positionclick.clickButtonInBottom is PASSED

2022-02-10 08:27:02 - [TEST_STEP][PASSED] - delay(1): Delayed 1 second(s)

2022-02-10 08:27:03 - [MESSAGE][PASSED] - Delayed 1 second(s)

2022-02-10 08:27:03 - [TEST_STEP][PASSED] - if (random == 0): null

2022-02-10 08:27:03 - [TEST_STEP][PASSED] - else: Tapped on element 'Object Repository/Mobile/Page/NavigationMenu/Risk Profile/Option Best Suited - Security Deposit'

2022-02-10 08:27:03 - [TEST_STEP][PASSED] - tap(NAVM_RISK_OptBestSuitedSecDeposit, 0): Tapped on element 'Object Repository/Mobile/Page/NavigationMenu/Risk Profile/Option Best Suited - Security Deposit'

2022-02-10 08:27:03 - [MESSAGE][WARNING] - Timeout '0' is invalid. Using default page load timeout: '60'

2022-02-10 08:27:04 - [MESSAGE][PASSED] - Tapped on element 'Object Repository/Mobile/Page/NavigationMenu/Risk Profile/Option Best Suited - Security Deposit'

2022-02-10 08:27:04 - [TEST_STEP][PASSED] - delay(1): Delayed 1 second(s)

2022-02-10 08:27:05 - [MESSAGE][PASSED] - Delayed 1 second(s)

2022-02-10 08:27:05 - [TEST_STEP][PASSED] - tap(NAVM_RISK_BtnCalculate, 0): Tapped on element 'Object Repository/Mobile/Page/NavigationMenu/Risk Profile/Button - Calculate Risk Profile'

2022-02-10 08:27:05 - [MESSAGE][WARNING] - Timeout '0' is invalid. Using default page load timeout: '60'

2022-02-10 08:27:06 - [MESSAGE][PASSED] - Tapped on element 'Object Repository/Mobile/Page/NavigationMenu/Risk Profile/Button - Calculate Risk Profile'

2022-02-10 08:27:06 - [TEST_STEP][PASSED] - delay(1): Delayed 1 second(s)

2022-02-10 08:27:07 - [MESSAGE][PASSED] - Delayed 1 second(s)

2022-02-10 08:27:07 - [TEST_STEP][PASSED] - pressBack(): Press back button successfully

2022-02-10 08:27:07 - [MESSAGE][PASSED] - Press back button successfully

2022-02-10 08:27:07 - [MESSAGE][PASSED] - Call Test Case 'Test Cases/Mobile/Page/NavigationMenu/NavigationMenu' successfully

2022-02-10 08:27:07 - [TEST_STEP][PASSED] - callTestCase(findTestCase("Mobile/Page/Run App/Terminate App"), [:], STOP_ON_FAILURE): Call Test Case 'Test Cases/Mobile/Page/Run App/Terminate App' successfully

2022-02-10 08:27:07 - [TEST_CASE][PASSED] - Test Cases/Mobile/Page/Run App/Terminate App: Test Cases/Mobile/Page/Run App/Terminate App

2022-02-10 08:27:07 - [TEST_STEP][PASSED] - startApp.OpenApp.terminateApplication(): startApp.OpenApp.terminateApplication is PASSED

2022-02-10 08:27:11 - [MESSAGE][PASSED] - Delayed 3 second(s)

2022-02-10 08:27:11 - [MESSAGE][PASSED] - Current device physical width is 720

2022-02-10 08:27:12 - [MESSAGE][PASSED] - Current device physical height is 1423

2022-02-10 08:27:13 - [MESSAGE][PASSED] - Swiped from 360,853 to 360,142

2022-02-10 08:27:14 - [MESSAGE][PASSED] - Delayed 1 second(s)

2022-02-10 08:27:15 - [MESSAGE][PASSED] - Swiped from 360,853 to 360,142

2022-02-10 08:27:18 - [MESSAGE][PASSED] - Delayed 3 second(s)

2022-02-10 08:27:18 - [MESSAGE][PASSED] - startApp.OpenApp.terminateApplication is PASSED

2022-02-10 08:27:18 - [MESSAGE][PASSED] - Call Test Case 'Test Cases/Mobile/Page/Run App/Terminate App' successfully]]></system-out>
         <system-err><![CDATA[]]></system-err>
      </testcase>
      <testcase name="Test Cases/Mobile/Scenario/NavigationMenu/003 - Whatsapp message" time="64.256" classname="Test Cases/Mobile/Scenario/NavigationMenu/003 - Whatsapp message" status="PASSED">
         <system-out><![CDATA[2022-02-10 08:27:18 - [TEST_CASE][PASSED] - Test Cases/Mobile/Scenario/NavigationMenu/003 - Whatsapp message: Test Cases/Mobile/Scenario/NavigationMenu/003 - Whatsapp message

2022-02-10 08:27:18 - [TEST_STEP][PASSED] - callTestCase(findTestCase("Mobile/Page/Run App/Run App byID"), [:], STOP_ON_FAILURE): Call Test Case 'Test Cases/Mobile/Page/Run App/Run App byID' successfully

2022-02-10 08:27:19 - [TEST_CASE][PASSED] - Test Cases/Mobile/Page/Run App/Run App byID: Test Cases/Mobile/Page/Run App/Run App byID

2022-02-10 08:27:19 - [TEST_STEP][PASSED] - startApp.OpenApp.startApplication("id.co.miraeasset.sageclub"): startApp.OpenApp.startApplication is PASSED

2022-02-10 08:27:30 - [MESSAGE][PASSED] - Starting app with application ID: 'id.co.miraeasset.sageclub'

2022-02-10 08:27:30 - [MESSAGE][PASSED] - startApp.OpenApp.startApplication is PASSED

2022-02-10 08:27:30 - [MESSAGE][PASSED] - Call Test Case 'Test Cases/Mobile/Page/Run App/Run App byID' successfully

2022-02-10 08:27:30 - [TEST_STEP][PASSED] - callTestCase(findTestCase("Mobile/Page/NavigationMenu/NavigationMenu"), ["action":"wa"], CONTINUE_ON_FAILURE): Call Test Case 'Test Cases/Mobile/Page/NavigationMenu/NavigationMenu' successfully

2022-02-10 08:27:30 - [TEST_CASE][PASSED] - Test Cases/Mobile/Page/NavigationMenu/NavigationMenu: Test Cases/Mobile/Page/NavigationMenu/NavigationMenu

2022-02-10 08:27:30 - [TEST_STEP][PASSED] - callTestCase(findTestCase("Mobile/Page/CheckLogin"), [:], CONTINUE_ON_FAILURE): Call Test Case 'Test Cases/Mobile/Page/CheckLogin' successfully

2022-02-10 08:27:30 - [TEST_CASE][PASSED] - Test Cases/Mobile/Page/CheckLogin: Test Cases/Mobile/Page/CheckLogin

2022-02-10 08:27:30 - [TEST_STEP][PASSED] - loginCheck = verifyElementExist(LOGN_BtnLogin, 5, CONTINUE_ON_FAILURE): Element 'Object Repository/Mobile/Page/Login/Button - Login' is exist

2022-02-10 08:27:32 - [MESSAGE][PASSED] - Element 'Object Repository/Mobile/Page/Login/Button - Login' is exist

2022-02-10 08:27:32 - [TEST_STEP][PASSED] - if (loginCheck): Call Test Case 'Test Cases/Mobile/Page/Login/Login' successfully

2022-02-10 08:27:32 - [TEST_STEP][PASSED] - callTestCase(findTestCase("Mobile/Page/Login/Login"), ["action":"username"], CONTINUE_ON_FAILURE): Call Test Case 'Test Cases/Mobile/Page/Login/Login' successfully

2022-02-10 08:27:33 - [TEST_CASE][PASSED] - Test Cases/Mobile/Page/Login/Login: Test Cases/Mobile/Page/Login/Login

2022-02-10 08:27:33 - [TEST_STEP][PASSED] - delay(2): Delayed 2 second(s)

2022-02-10 08:27:35 - [MESSAGE][PASSED] - Delayed 2 second(s)

2022-02-10 08:27:35 - [TEST_STEP][PASSED] - for ([i = 0, i < 1, (i++)]): null

2022-02-10 08:27:35 - [TEST_STEP][PASSED] - if (action == "username"): null

2022-02-10 08:27:35 - [TEST_STEP][PASSED] - tap(LOGN_EdtUserID, 0): Tapped on element 'Object Repository/Mobile/Page/Login/Input - UserID'

2022-02-10 08:27:35 - [MESSAGE][WARNING] - Timeout '0' is invalid. Using default page load timeout: '60'

2022-02-10 08:27:35 - [MESSAGE][PASSED] - Tapped on element 'Object Repository/Mobile/Page/Login/Input - UserID'

2022-02-10 08:27:35 - [TEST_STEP][PASSED] - delay(1): Delayed 1 second(s)

2022-02-10 08:27:36 - [MESSAGE][PASSED] - Delayed 1 second(s)

2022-02-10 08:27:36 - [TEST_STEP][PASSED] - setText(LOGN_EdtRdyUserID, "anggaaditya", 0): Text 'anggaaditya' has been set to element 'Object Repository/Mobile/Page/Login/Input Rdy - UserID'

2022-02-10 08:27:36 - [MESSAGE][WARNING] - Timeout '0' is invalid. Using default page load timeout: '60'

2022-02-10 08:27:37 - [MESSAGE][PASSED] - Text 'anggaaditya' has been set to element 'Object Repository/Mobile/Page/Login/Input Rdy - UserID'

2022-02-10 08:27:37 - [TEST_STEP][PASSED] - delay(1): Delayed 1 second(s)

2022-02-10 08:27:38 - [MESSAGE][PASSED] - Delayed 1 second(s)

2022-02-10 08:27:38 - [TEST_STEP][PASSED] - hideKeyboard(): Keyboard is hidden

2022-02-10 08:27:41 - [MESSAGE][PASSED] - Keyboard is hidden

2022-02-10 08:27:41 - [TEST_STEP][PASSED] - tap(LOGN_EdtPassword, 0): Tapped on element 'Object Repository/Mobile/Page/Login/Input - Password'

2022-02-10 08:27:41 - [MESSAGE][WARNING] - Timeout '0' is invalid. Using default page load timeout: '60'

2022-02-10 08:27:42 - [MESSAGE][PASSED] - Tapped on element 'Object Repository/Mobile/Page/Login/Input - Password'

2022-02-10 08:27:42 - [TEST_STEP][PASSED] - delay(1): Delayed 1 second(s)

2022-02-10 08:27:43 - [MESSAGE][PASSED] - Delayed 1 second(s)

2022-02-10 08:27:43 - [TEST_STEP][PASSED] - setText(LOGN_EdtRdyPassword, "Shalawa18", 0): Text 'Shalawa18' has been set to element 'Object Repository/Mobile/Page/Login/Input Rdy - Password'

2022-02-10 08:27:43 - [MESSAGE][WARNING] - Timeout '0' is invalid. Using default page load timeout: '60'

2022-02-10 08:27:43 - [MESSAGE][PASSED] - Text 'Shalawa18' has been set to element 'Object Repository/Mobile/Page/Login/Input Rdy - Password'

2022-02-10 08:27:43 - [TEST_STEP][PASSED] - delay(1): Delayed 1 second(s)

2022-02-10 08:27:44 - [MESSAGE][PASSED] - Delayed 1 second(s)

2022-02-10 08:27:44 - [TEST_STEP][PASSED] - hideKeyboard(): Keyboard is hidden

2022-02-10 08:27:50 - [MESSAGE][PASSED] - Keyboard is hidden

2022-02-10 08:27:50 - [TEST_STEP][PASSED] - tap(LOGN_BtnLogin, 0): Tapped on element 'Object Repository/Mobile/Page/Login/Button - Login'

2022-02-10 08:27:50 - [MESSAGE][WARNING] - Timeout '0' is invalid. Using default page load timeout: '60'

2022-02-10 08:27:51 - [MESSAGE][PASSED] - Tapped on element 'Object Repository/Mobile/Page/Login/Button - Login'

2022-02-10 08:27:51 - [TEST_STEP][PASSED] - delay(2): Delayed 2 second(s)

2022-02-10 08:27:53 - [MESSAGE][PASSED] - Delayed 2 second(s)

2022-02-10 08:27:53 - [TEST_STEP][PASSED] - break: null

2022-02-10 08:27:53 - [MESSAGE][PASSED] - Call Test Case 'Test Cases/Mobile/Page/Login/Login' successfully

2022-02-10 08:27:53 - [MESSAGE][PASSED] - Call Test Case 'Test Cases/Mobile/Page/CheckLogin' successfully

2022-02-10 08:27:53 - [TEST_STEP][PASSED] - delay(3): Delayed 3 second(s)

2022-02-10 08:27:56 - [MESSAGE][PASSED] - Delayed 3 second(s)

2022-02-10 08:27:56 - [TEST_STEP][PASSED] - scroll.scroll.scrollScreenLeftToRight(): scroll.scroll.scrollScreenLeftToRight is PASSED

2022-02-10 08:27:56 - [MESSAGE][PASSED] - Current device physical height is 1423

2022-02-10 08:27:56 - [MESSAGE][PASSED] - Current device physical width is 720

2022-02-10 08:27:57 - [MESSAGE][PASSED] - Current device physical height is 1423

2022-02-10 08:27:58 - [MESSAGE][PASSED] - Swiped from 10,711 to 710,711

2022-02-10 08:27:58 - [MESSAGE][PASSED] - scroll.scroll.scrollScreenLeftToRight is PASSED

2022-02-10 08:27:58 - [TEST_STEP][PASSED] - delay(1): Delayed 1 second(s)

2022-02-10 08:27:59 - [MESSAGE][PASSED] - Delayed 1 second(s)

2022-02-10 08:27:59 - [TEST_STEP][PASSED] - for ([i = 0, i < 1, (i++)]): Delayed 2 second(s)

2022-02-10 08:27:59 - [TEST_STEP][PASSED] - if (action == "downloadtaxreport"): null

2022-02-10 08:27:59 - [TEST_STEP][PASSED] - else if (action == "analyzeprofile"): null

2022-02-10 08:27:59 - [TEST_STEP][PASSED] - else if (action == "wa"): Delayed 2 second(s)

2022-02-10 08:27:59 - [TEST_STEP][PASSED] - tap(NAVM_BtnWhatsapp, 0): Tapped on element 'Object Repository/Mobile/Page/NavigationMenu/Button - Whatsapp'

2022-02-10 08:27:59 - [MESSAGE][WARNING] - Timeout '0' is invalid. Using default page load timeout: '60'

2022-02-10 08:28:00 - [MESSAGE][PASSED] - Tapped on element 'Object Repository/Mobile/Page/NavigationMenu/Button - Whatsapp'

2022-02-10 08:28:00 - [TEST_STEP][PASSED] - delay(2): Delayed 2 second(s)

2022-02-10 08:28:02 - [MESSAGE][PASSED] - Delayed 2 second(s)

2022-02-10 08:28:02 - [MESSAGE][PASSED] - Call Test Case 'Test Cases/Mobile/Page/NavigationMenu/NavigationMenu' successfully

2022-02-10 08:28:02 - [TEST_STEP][PASSED] - callTestCase(findTestCase("Mobile/Page/Run App/Terminate App"), [:], STOP_ON_FAILURE): Call Test Case 'Test Cases/Mobile/Page/Run App/Terminate App' successfully

2022-02-10 08:28:02 - [TEST_CASE][PASSED] - Test Cases/Mobile/Page/Run App/Terminate App: Test Cases/Mobile/Page/Run App/Terminate App

2022-02-10 08:28:02 - [TEST_STEP][PASSED] - startApp.OpenApp.terminateApplication(): startApp.OpenApp.terminateApplication is PASSED

2022-02-10 08:28:05 - [MESSAGE][PASSED] - Delayed 3 second(s)

2022-02-10 08:28:06 - [MESSAGE][PASSED] - Current device physical width is 720

2022-02-10 08:28:06 - [MESSAGE][PASSED] - Current device physical height is 1423

2022-02-10 08:28:07 - [MESSAGE][PASSED] - Swiped from 360,853 to 360,142

2022-02-10 08:28:08 - [MESSAGE][PASSED] - Delayed 1 second(s)

2022-02-10 08:28:09 - [MESSAGE][PASSED] - Swiped from 360,853 to 360,142

2022-02-10 08:28:12 - [MESSAGE][PASSED] - Delayed 3 second(s)

2022-02-10 08:28:12 - [MESSAGE][PASSED] - startApp.OpenApp.terminateApplication is PASSED

2022-02-10 08:28:12 - [MESSAGE][PASSED] - Call Test Case 'Test Cases/Mobile/Page/Run App/Terminate App' successfully

2022-02-10 08:28:12 - [TEST_STEP][PASSED] - callTestCase(findTestCase("Mobile/Page/Run App/Terminate App"), [:], STOP_ON_FAILURE): Call Test Case 'Test Cases/Mobile/Page/Run App/Terminate App' successfully

2022-02-10 08:28:12 - [TEST_CASE][PASSED] - Test Cases/Mobile/Page/Run App/Terminate App: Test Cases/Mobile/Page/Run App/Terminate App

2022-02-10 08:28:12 - [TEST_STEP][PASSED] - startApp.OpenApp.terminateApplication(): startApp.OpenApp.terminateApplication is PASSED

2022-02-10 08:28:16 - [MESSAGE][PASSED] - Delayed 3 second(s)

2022-02-10 08:28:16 - [MESSAGE][PASSED] - Current device physical width is 720

2022-02-10 08:28:16 - [MESSAGE][PASSED] - Current device physical height is 1423

2022-02-10 08:28:17 - [MESSAGE][PASSED] - Swiped from 360,853 to 360,142

2022-02-10 08:28:18 - [MESSAGE][PASSED] - Delayed 1 second(s)

2022-02-10 08:28:19 - [MESSAGE][PASSED] - Swiped from 360,853 to 360,142

2022-02-10 08:28:22 - [MESSAGE][PASSED] - Delayed 3 second(s)

2022-02-10 08:28:22 - [MESSAGE][PASSED] - startApp.OpenApp.terminateApplication is PASSED

2022-02-10 08:28:22 - [MESSAGE][PASSED] - Call Test Case 'Test Cases/Mobile/Page/Run App/Terminate App' successfully]]></system-out>
         <system-err><![CDATA[]]></system-err>
      </testcase>
      <testcase name="Test Cases/Mobile/Scenario/NavigationMenu/004 - Email button" time="63.163" classname="Test Cases/Mobile/Scenario/NavigationMenu/004 - Email button" status="PASSED">
         <system-out><![CDATA[2022-02-10 08:28:22 - [TEST_CASE][PASSED] - Test Cases/Mobile/Scenario/NavigationMenu/004 - Email button: Test Cases/Mobile/Scenario/NavigationMenu/004 - Email button

2022-02-10 08:28:23 - [TEST_STEP][PASSED] - callTestCase(findTestCase("Mobile/Page/Run App/Run App byID"), [:], STOP_ON_FAILURE): Call Test Case 'Test Cases/Mobile/Page/Run App/Run App byID' successfully

2022-02-10 08:28:23 - [TEST_CASE][PASSED] - Test Cases/Mobile/Page/Run App/Run App byID: Test Cases/Mobile/Page/Run App/Run App byID

2022-02-10 08:28:23 - [TEST_STEP][PASSED] - startApp.OpenApp.startApplication("id.co.miraeasset.sageclub"): startApp.OpenApp.startApplication is PASSED

2022-02-10 08:28:35 - [MESSAGE][PASSED] - Starting app with application ID: 'id.co.miraeasset.sageclub'

2022-02-10 08:28:35 - [MESSAGE][PASSED] - startApp.OpenApp.startApplication is PASSED

2022-02-10 08:28:35 - [MESSAGE][PASSED] - Call Test Case 'Test Cases/Mobile/Page/Run App/Run App byID' successfully

2022-02-10 08:28:35 - [TEST_STEP][PASSED] - callTestCase(findTestCase("Mobile/Page/NavigationMenu/NavigationMenu"), ["action":"email"], CONTINUE_ON_FAILURE): Call Test Case 'Test Cases/Mobile/Page/NavigationMenu/NavigationMenu' successfully

2022-02-10 08:28:35 - [TEST_CASE][PASSED] - Test Cases/Mobile/Page/NavigationMenu/NavigationMenu: Test Cases/Mobile/Page/NavigationMenu/NavigationMenu

2022-02-10 08:28:35 - [TEST_STEP][PASSED] - callTestCase(findTestCase("Mobile/Page/CheckLogin"), [:], CONTINUE_ON_FAILURE): Call Test Case 'Test Cases/Mobile/Page/CheckLogin' successfully

2022-02-10 08:28:35 - [TEST_CASE][PASSED] - Test Cases/Mobile/Page/CheckLogin: Test Cases/Mobile/Page/CheckLogin

2022-02-10 08:28:35 - [TEST_STEP][PASSED] - loginCheck = verifyElementExist(LOGN_BtnLogin, 5, CONTINUE_ON_FAILURE): Element 'Object Repository/Mobile/Page/Login/Button - Login' is exist

2022-02-10 08:28:37 - [MESSAGE][PASSED] - Element 'Object Repository/Mobile/Page/Login/Button - Login' is exist

2022-02-10 08:28:37 - [TEST_STEP][PASSED] - if (loginCheck): Call Test Case 'Test Cases/Mobile/Page/Login/Login' successfully

2022-02-10 08:28:37 - [TEST_STEP][PASSED] - callTestCase(findTestCase("Mobile/Page/Login/Login"), ["action":"username"], CONTINUE_ON_FAILURE): Call Test Case 'Test Cases/Mobile/Page/Login/Login' successfully

2022-02-10 08:28:37 - [TEST_CASE][PASSED] - Test Cases/Mobile/Page/Login/Login: Test Cases/Mobile/Page/Login/Login

2022-02-10 08:28:37 - [TEST_STEP][PASSED] - delay(2): Delayed 2 second(s)

2022-02-10 08:28:39 - [MESSAGE][PASSED] - Delayed 2 second(s)

2022-02-10 08:28:39 - [TEST_STEP][PASSED] - for ([i = 0, i < 1, (i++)]): null

2022-02-10 08:28:39 - [TEST_STEP][PASSED] - if (action == "username"): null

2022-02-10 08:28:39 - [TEST_STEP][PASSED] - tap(LOGN_EdtUserID, 0): Tapped on element 'Object Repository/Mobile/Page/Login/Input - UserID'

2022-02-10 08:28:39 - [MESSAGE][WARNING] - Timeout '0' is invalid. Using default page load timeout: '60'

2022-02-10 08:28:39 - [MESSAGE][PASSED] - Tapped on element 'Object Repository/Mobile/Page/Login/Input - UserID'

2022-02-10 08:28:39 - [TEST_STEP][PASSED] - delay(1): Delayed 1 second(s)

2022-02-10 08:28:40 - [MESSAGE][PASSED] - Delayed 1 second(s)

2022-02-10 08:28:40 - [TEST_STEP][PASSED] - setText(LOGN_EdtRdyUserID, "anggaaditya", 0): Text 'anggaaditya' has been set to element 'Object Repository/Mobile/Page/Login/Input Rdy - UserID'

2022-02-10 08:28:40 - [MESSAGE][WARNING] - Timeout '0' is invalid. Using default page load timeout: '60'

2022-02-10 08:28:41 - [MESSAGE][PASSED] - Text 'anggaaditya' has been set to element 'Object Repository/Mobile/Page/Login/Input Rdy - UserID'

2022-02-10 08:28:41 - [TEST_STEP][PASSED] - delay(1): Delayed 1 second(s)

2022-02-10 08:28:42 - [MESSAGE][PASSED] - Delayed 1 second(s)

2022-02-10 08:28:42 - [TEST_STEP][PASSED] - hideKeyboard(): Keyboard is hidden

2022-02-10 08:28:45 - [MESSAGE][PASSED] - Keyboard is hidden

2022-02-10 08:28:46 - [TEST_STEP][PASSED] - tap(LOGN_EdtPassword, 0): Tapped on element 'Object Repository/Mobile/Page/Login/Input - Password'

2022-02-10 08:28:46 - [MESSAGE][WARNING] - Timeout '0' is invalid. Using default page load timeout: '60'

2022-02-10 08:28:46 - [MESSAGE][PASSED] - Tapped on element 'Object Repository/Mobile/Page/Login/Input - Password'

2022-02-10 08:28:46 - [TEST_STEP][PASSED] - delay(1): Delayed 1 second(s)

2022-02-10 08:28:47 - [MESSAGE][PASSED] - Delayed 1 second(s)

2022-02-10 08:28:47 - [TEST_STEP][PASSED] - setText(LOGN_EdtRdyPassword, "Shalawa18", 0): Text 'Shalawa18' has been set to element 'Object Repository/Mobile/Page/Login/Input Rdy - Password'

2022-02-10 08:28:47 - [MESSAGE][WARNING] - Timeout '0' is invalid. Using default page load timeout: '60'

2022-02-10 08:28:48 - [MESSAGE][PASSED] - Text 'Shalawa18' has been set to element 'Object Repository/Mobile/Page/Login/Input Rdy - Password'

2022-02-10 08:28:48 - [TEST_STEP][PASSED] - delay(1): Delayed 1 second(s)

2022-02-10 08:28:49 - [MESSAGE][PASSED] - Delayed 1 second(s)

2022-02-10 08:28:49 - [TEST_STEP][PASSED] - hideKeyboard(): Keyboard is hidden

2022-02-10 08:28:55 - [MESSAGE][PASSED] - Keyboard is hidden

2022-02-10 08:28:55 - [TEST_STEP][PASSED] - tap(LOGN_BtnLogin, 0): Tapped on element 'Object Repository/Mobile/Page/Login/Button - Login'

2022-02-10 08:28:55 - [MESSAGE][WARNING] - Timeout '0' is invalid. Using default page load timeout: '60'

2022-02-10 08:28:55 - [MESSAGE][PASSED] - Tapped on element 'Object Repository/Mobile/Page/Login/Button - Login'

2022-02-10 08:28:55 - [TEST_STEP][PASSED] - delay(2): Delayed 2 second(s)

2022-02-10 08:28:57 - [MESSAGE][PASSED] - Delayed 2 second(s)

2022-02-10 08:28:57 - [TEST_STEP][PASSED] - break: null

2022-02-10 08:28:57 - [MESSAGE][PASSED] - Call Test Case 'Test Cases/Mobile/Page/Login/Login' successfully

2022-02-10 08:28:57 - [MESSAGE][PASSED] - Call Test Case 'Test Cases/Mobile/Page/CheckLogin' successfully

2022-02-10 08:28:57 - [TEST_STEP][PASSED] - delay(3): Delayed 3 second(s)

2022-02-10 08:29:00 - [MESSAGE][PASSED] - Delayed 3 second(s)

2022-02-10 08:29:00 - [TEST_STEP][PASSED] - scroll.scroll.scrollScreenLeftToRight(): scroll.scroll.scrollScreenLeftToRight is PASSED

2022-02-10 08:29:00 - [MESSAGE][PASSED] - Current device physical height is 1423

2022-02-10 08:29:00 - [MESSAGE][PASSED] - Current device physical width is 720

2022-02-10 08:29:01 - [MESSAGE][PASSED] - Current device physical height is 1423

2022-02-10 08:29:02 - [MESSAGE][PASSED] - Swiped from 10,711 to 710,711

2022-02-10 08:29:02 - [MESSAGE][PASSED] - scroll.scroll.scrollScreenLeftToRight is PASSED

2022-02-10 08:29:02 - [TEST_STEP][PASSED] - delay(1): Delayed 1 second(s)

2022-02-10 08:29:03 - [MESSAGE][PASSED] - Delayed 1 second(s)

2022-02-10 08:29:03 - [TEST_STEP][PASSED] - for ([i = 0, i < 1, (i++)]): Delayed 2 second(s)

2022-02-10 08:29:03 - [TEST_STEP][PASSED] - if (action == "downloadtaxreport"): null

2022-02-10 08:29:03 - [TEST_STEP][PASSED] - else if (action == "analyzeprofile"): null

2022-02-10 08:29:03 - [TEST_STEP][PASSED] - else if (action == "wa"): null

2022-02-10 08:29:03 - [TEST_STEP][PASSED] - else if (action == "email"): Delayed 2 second(s)

2022-02-10 08:29:03 - [TEST_STEP][PASSED] - tap(NAVM_BtnEmail, 0): Tapped on element 'Object Repository/Mobile/Page/NavigationMenu/Button - Email'

2022-02-10 08:29:03 - [MESSAGE][WARNING] - Timeout '0' is invalid. Using default page load timeout: '60'

2022-02-10 08:29:03 - [MESSAGE][PASSED] - Tapped on element 'Object Repository/Mobile/Page/NavigationMenu/Button - Email'

2022-02-10 08:29:03 - [TEST_STEP][PASSED] - delay(2): Delayed 2 second(s)

2022-02-10 08:29:05 - [MESSAGE][PASSED] - Delayed 2 second(s)

2022-02-10 08:29:05 - [MESSAGE][PASSED] - Call Test Case 'Test Cases/Mobile/Page/NavigationMenu/NavigationMenu' successfully

2022-02-10 08:29:05 - [TEST_STEP][PASSED] - callTestCase(findTestCase("Mobile/Page/Run App/Terminate App"), [:], STOP_ON_FAILURE): Call Test Case 'Test Cases/Mobile/Page/Run App/Terminate App' successfully

2022-02-10 08:29:05 - [TEST_CASE][PASSED] - Test Cases/Mobile/Page/Run App/Terminate App: Test Cases/Mobile/Page/Run App/Terminate App

2022-02-10 08:29:05 - [TEST_STEP][PASSED] - startApp.OpenApp.terminateApplication(): startApp.OpenApp.terminateApplication is PASSED

2022-02-10 08:29:09 - [MESSAGE][PASSED] - Delayed 3 second(s)

2022-02-10 08:29:09 - [MESSAGE][PASSED] - Current device physical width is 720

2022-02-10 08:29:09 - [MESSAGE][PASSED] - Current device physical height is 1423

2022-02-10 08:29:10 - [MESSAGE][PASSED] - Swiped from 360,853 to 360,142

2022-02-10 08:29:11 - [MESSAGE][PASSED] - Delayed 1 second(s)

2022-02-10 08:29:13 - [MESSAGE][PASSED] - Swiped from 360,853 to 360,142

2022-02-10 08:29:16 - [MESSAGE][PASSED] - Delayed 3 second(s)

2022-02-10 08:29:16 - [MESSAGE][PASSED] - startApp.OpenApp.terminateApplication is PASSED

2022-02-10 08:29:16 - [MESSAGE][PASSED] - Call Test Case 'Test Cases/Mobile/Page/Run App/Terminate App' successfully

2022-02-10 08:29:16 - [TEST_STEP][PASSED] - callTestCase(findTestCase("Mobile/Page/Run App/Terminate App"), [:], STOP_ON_FAILURE): Call Test Case 'Test Cases/Mobile/Page/Run App/Terminate App' successfully

2022-02-10 08:29:16 - [TEST_CASE][PASSED] - Test Cases/Mobile/Page/Run App/Terminate App: Test Cases/Mobile/Page/Run App/Terminate App

2022-02-10 08:29:16 - [TEST_STEP][PASSED] - startApp.OpenApp.terminateApplication(): startApp.OpenApp.terminateApplication is PASSED

2022-02-10 08:29:19 - [MESSAGE][PASSED] - Delayed 3 second(s)

2022-02-10 08:29:19 - [MESSAGE][PASSED] - Current device physical width is 720

2022-02-10 08:29:19 - [MESSAGE][PASSED] - Current device physical height is 1423

2022-02-10 08:29:20 - [MESSAGE][PASSED] - Swiped from 360,853 to 360,142

2022-02-10 08:29:21 - [MESSAGE][PASSED] - Delayed 1 second(s)

2022-02-10 08:29:23 - [MESSAGE][PASSED] - Swiped from 360,853 to 360,142

2022-02-10 08:29:26 - [MESSAGE][PASSED] - Delayed 3 second(s)

2022-02-10 08:29:26 - [MESSAGE][PASSED] - startApp.OpenApp.terminateApplication is PASSED

2022-02-10 08:29:26 - [MESSAGE][PASSED] - Call Test Case 'Test Cases/Mobile/Page/Run App/Terminate App' successfully]]></system-out>
         <system-err><![CDATA[]]></system-err>
      </testcase>
      <testcase name="Test Cases/Mobile/Scenario/NavigationMenu/005 - Settings" time="87.559" classname="Test Cases/Mobile/Scenario/NavigationMenu/005 - Settings" status="PASSED">
         <system-out><![CDATA[2022-02-10 08:29:26 - [TEST_CASE][PASSED] - Test Cases/Mobile/Scenario/NavigationMenu/005 - Settings: Test Cases/Mobile/Scenario/NavigationMenu/005 - Settings

2022-02-10 08:29:26 - [TEST_STEP][PASSED] - callTestCase(findTestCase("Mobile/Page/Run App/Run App byID"), [:], STOP_ON_FAILURE): Call Test Case 'Test Cases/Mobile/Page/Run App/Run App byID' successfully

2022-02-10 08:29:26 - [TEST_CASE][PASSED] - Test Cases/Mobile/Page/Run App/Run App byID: Test Cases/Mobile/Page/Run App/Run App byID

2022-02-10 08:29:26 - [TEST_STEP][PASSED] - startApp.OpenApp.startApplication("id.co.miraeasset.sageclub"): startApp.OpenApp.startApplication is PASSED

2022-02-10 08:29:38 - [MESSAGE][PASSED] - Starting app with application ID: 'id.co.miraeasset.sageclub'

2022-02-10 08:29:38 - [MESSAGE][PASSED] - startApp.OpenApp.startApplication is PASSED

2022-02-10 08:29:38 - [MESSAGE][PASSED] - Call Test Case 'Test Cases/Mobile/Page/Run App/Run App byID' successfully

2022-02-10 08:29:38 - [TEST_STEP][PASSED] - callTestCase(findTestCase("Mobile/Page/NavigationMenu/NavigationMenu"), ["action":"setting"], CONTINUE_ON_FAILURE): Call Test Case 'Test Cases/Mobile/Page/NavigationMenu/NavigationMenu' successfully

2022-02-10 08:29:38 - [TEST_CASE][PASSED] - Test Cases/Mobile/Page/NavigationMenu/NavigationMenu: Test Cases/Mobile/Page/NavigationMenu/NavigationMenu

2022-02-10 08:29:38 - [TEST_STEP][PASSED] - callTestCase(findTestCase("Mobile/Page/CheckLogin"), [:], CONTINUE_ON_FAILURE): Call Test Case 'Test Cases/Mobile/Page/CheckLogin' successfully

2022-02-10 08:29:38 - [TEST_CASE][PASSED] - Test Cases/Mobile/Page/CheckLogin: Test Cases/Mobile/Page/CheckLogin

2022-02-10 08:29:38 - [TEST_STEP][PASSED] - loginCheck = verifyElementExist(LOGN_BtnLogin, 5, CONTINUE_ON_FAILURE): Element 'Object Repository/Mobile/Page/Login/Button - Login' is exist

2022-02-10 08:29:40 - [MESSAGE][PASSED] - Element 'Object Repository/Mobile/Page/Login/Button - Login' is exist

2022-02-10 08:29:40 - [TEST_STEP][PASSED] - if (loginCheck): Call Test Case 'Test Cases/Mobile/Page/Login/Login' successfully

2022-02-10 08:29:40 - [TEST_STEP][PASSED] - callTestCase(findTestCase("Mobile/Page/Login/Login"), ["action":"username"], CONTINUE_ON_FAILURE): Call Test Case 'Test Cases/Mobile/Page/Login/Login' successfully

2022-02-10 08:29:40 - [TEST_CASE][PASSED] - Test Cases/Mobile/Page/Login/Login: Test Cases/Mobile/Page/Login/Login

2022-02-10 08:29:40 - [TEST_STEP][PASSED] - delay(2): Delayed 2 second(s)

2022-02-10 08:29:42 - [MESSAGE][PASSED] - Delayed 2 second(s)

2022-02-10 08:29:42 - [TEST_STEP][PASSED] - for ([i = 0, i < 1, (i++)]): null

2022-02-10 08:29:42 - [TEST_STEP][PASSED] - if (action == "username"): null

2022-02-10 08:29:42 - [TEST_STEP][PASSED] - tap(LOGN_EdtUserID, 0): Tapped on element 'Object Repository/Mobile/Page/Login/Input - UserID'

2022-02-10 08:29:42 - [MESSAGE][WARNING] - Timeout '0' is invalid. Using default page load timeout: '60'

2022-02-10 08:29:43 - [MESSAGE][PASSED] - Tapped on element 'Object Repository/Mobile/Page/Login/Input - UserID'

2022-02-10 08:29:43 - [TEST_STEP][PASSED] - delay(1): Delayed 1 second(s)

2022-02-10 08:29:44 - [MESSAGE][PASSED] - Delayed 1 second(s)

2022-02-10 08:29:44 - [TEST_STEP][PASSED] - setText(LOGN_EdtRdyUserID, "anggaaditya", 0): Text 'anggaaditya' has been set to element 'Object Repository/Mobile/Page/Login/Input Rdy - UserID'

2022-02-10 08:29:44 - [MESSAGE][WARNING] - Timeout '0' is invalid. Using default page load timeout: '60'

2022-02-10 08:29:45 - [MESSAGE][PASSED] - Text 'anggaaditya' has been set to element 'Object Repository/Mobile/Page/Login/Input Rdy - UserID'

2022-02-10 08:29:45 - [TEST_STEP][PASSED] - delay(1): Delayed 1 second(s)

2022-02-10 08:29:46 - [MESSAGE][PASSED] - Delayed 1 second(s)

2022-02-10 08:29:46 - [TEST_STEP][PASSED] - hideKeyboard(): Keyboard is hidden

2022-02-10 08:29:49 - [MESSAGE][PASSED] - Keyboard is hidden

2022-02-10 08:29:49 - [TEST_STEP][PASSED] - tap(LOGN_EdtPassword, 0): Tapped on element 'Object Repository/Mobile/Page/Login/Input - Password'

2022-02-10 08:29:49 - [MESSAGE][WARNING] - Timeout '0' is invalid. Using default page load timeout: '60'

2022-02-10 08:29:50 - [MESSAGE][PASSED] - Tapped on element 'Object Repository/Mobile/Page/Login/Input - Password'

2022-02-10 08:29:50 - [TEST_STEP][PASSED] - delay(1): Delayed 1 second(s)

2022-02-10 08:29:51 - [MESSAGE][PASSED] - Delayed 1 second(s)

2022-02-10 08:29:51 - [TEST_STEP][PASSED] - setText(LOGN_EdtRdyPassword, "Shalawa18", 0): Text 'Shalawa18' has been set to element 'Object Repository/Mobile/Page/Login/Input Rdy - Password'

2022-02-10 08:29:51 - [MESSAGE][WARNING] - Timeout '0' is invalid. Using default page load timeout: '60'

2022-02-10 08:29:51 - [MESSAGE][PASSED] - Text 'Shalawa18' has been set to element 'Object Repository/Mobile/Page/Login/Input Rdy - Password'

2022-02-10 08:29:51 - [TEST_STEP][PASSED] - delay(1): Delayed 1 second(s)

2022-02-10 08:29:52 - [MESSAGE][PASSED] - Delayed 1 second(s)

2022-02-10 08:29:52 - [TEST_STEP][PASSED] - hideKeyboard(): Keyboard is hidden

2022-02-10 08:29:58 - [MESSAGE][PASSED] - Keyboard is hidden

2022-02-10 08:29:58 - [TEST_STEP][PASSED] - tap(LOGN_BtnLogin, 0): Tapped on element 'Object Repository/Mobile/Page/Login/Button - Login'

2022-02-10 08:29:58 - [MESSAGE][WARNING] - Timeout '0' is invalid. Using default page load timeout: '60'

2022-02-10 08:30:00 - [MESSAGE][PASSED] - Tapped on element 'Object Repository/Mobile/Page/Login/Button - Login'

2022-02-10 08:30:00 - [TEST_STEP][PASSED] - delay(2): Delayed 2 second(s)

2022-02-10 08:30:02 - [MESSAGE][PASSED] - Delayed 2 second(s)

2022-02-10 08:30:02 - [TEST_STEP][PASSED] - break: null

2022-02-10 08:30:02 - [MESSAGE][PASSED] - Call Test Case 'Test Cases/Mobile/Page/Login/Login' successfully

2022-02-10 08:30:02 - [MESSAGE][PASSED] - Call Test Case 'Test Cases/Mobile/Page/CheckLogin' successfully

2022-02-10 08:30:02 - [TEST_STEP][PASSED] - delay(3): Delayed 3 second(s)

2022-02-10 08:30:05 - [MESSAGE][PASSED] - Delayed 3 second(s)

2022-02-10 08:30:05 - [TEST_STEP][PASSED] - scroll.scroll.scrollScreenLeftToRight(): scroll.scroll.scrollScreenLeftToRight is PASSED

2022-02-10 08:30:05 - [MESSAGE][PASSED] - Current device physical height is 1423

2022-02-10 08:30:05 - [MESSAGE][PASSED] - Current device physical width is 720

2022-02-10 08:30:05 - [MESSAGE][PASSED] - Current device physical height is 1423

2022-02-10 08:30:07 - [MESSAGE][PASSED] - Swiped from 10,711 to 710,711

2022-02-10 08:30:07 - [MESSAGE][PASSED] - scroll.scroll.scrollScreenLeftToRight is PASSED

2022-02-10 08:30:07 - [TEST_STEP][PASSED] - delay(1): Delayed 1 second(s)

2022-02-10 08:30:08 - [MESSAGE][PASSED] - Delayed 1 second(s)

2022-02-10 08:30:08 - [TEST_STEP][PASSED] - for ([i = 0, i < 1, (i++)]): Delayed 1 second(s)

2022-02-10 08:30:08 - [TEST_STEP][PASSED] - if (action == "downloadtaxreport"): null

2022-02-10 08:30:08 - [TEST_STEP][PASSED] - else if (action == "analyzeprofile"): null

2022-02-10 08:30:08 - [TEST_STEP][PASSED] - else if (action == "wa"): null

2022-02-10 08:30:08 - [TEST_STEP][PASSED] - else if (action == "email"): null

2022-02-10 08:30:08 - [TEST_STEP][PASSED] - else if (action == "setting"): Delayed 1 second(s)

2022-02-10 08:30:08 - [TEST_STEP][PASSED] - setting = NAVM_BtnSettings: null

2022-02-10 08:30:08 - [TEST_STEP][PASSED] - top = getElementTopPosition(setting, 0): Object 'Object Repository/Mobile/Page/NavigationMenu/Button - Settings' has top position '816'

2022-02-10 08:30:08 - [MESSAGE][WARNING] - Timeout '0' is invalid. Using default page load timeout: '60'

2022-02-10 08:30:08 - [MESSAGE][PASSED] - Object 'Object Repository/Mobile/Page/NavigationMenu/Button - Settings' has top position '816'

2022-02-10 08:30:08 - [TEST_STEP][PASSED] - y = getElementHeight(setting, 0) * 0.8 + top: Object 'Object Repository/Mobile/Page/NavigationMenu/Button - Settings' has height: '98'

2022-02-10 08:30:08 - [MESSAGE][WARNING] - Timeout '0' is invalid. Using default page load timeout: '60'

2022-02-10 08:30:08 - [MESSAGE][PASSED] - Object 'Object Repository/Mobile/Page/NavigationMenu/Button - Settings' has height: '98'

2022-02-10 08:30:08 - [TEST_STEP][PASSED] - x = getDeviceWidth() * 0.2: Current device physical width is 720

2022-02-10 08:30:08 - [MESSAGE][PASSED] - Current device physical width is 720

2022-02-10 08:30:08 - [TEST_STEP][PASSED] - tapAtPosition(x, y): Tapped at [144, 894]

2022-02-10 08:30:08 - [MESSAGE][PASSED] - Tapped at [144, 894]

2022-02-10 08:30:08 - [TEST_STEP][PASSED] - delay(1): Delayed 1 second(s)

2022-02-10 08:30:09 - [MESSAGE][PASSED] - Delayed 1 second(s)

2022-02-10 08:30:09 - [TEST_STEP][PASSED] - tap(NAVM_SETT_DropGain, 0): Tapped on element 'Object Repository/Mobile/Page/NavigationMenu/Settings/Dropdown - Gain'

2022-02-10 08:30:09 - [MESSAGE][WARNING] - Timeout '0' is invalid. Using default page load timeout: '60'

2022-02-10 08:30:11 - [MESSAGE][PASSED] - Tapped on element 'Object Repository/Mobile/Page/NavigationMenu/Settings/Dropdown - Gain'

2022-02-10 08:30:11 - [TEST_STEP][PASSED] - delay(1): Delayed 1 second(s)

2022-02-10 08:30:12 - [MESSAGE][PASSED] - Delayed 1 second(s)

2022-02-10 08:30:12 - [TEST_STEP][PASSED] - tap(NAVM_SETT_OptGain5, 0): Tapped on element 'Object Repository/Mobile/Page/NavigationMenu/Settings/Option Gain - 5'

2022-02-10 08:30:12 - [MESSAGE][WARNING] - Timeout '0' is invalid. Using default page load timeout: '60'

2022-02-10 08:30:13 - [MESSAGE][PASSED] - Tapped on element 'Object Repository/Mobile/Page/NavigationMenu/Settings/Option Gain - 5'

2022-02-10 08:30:13 - [TEST_STEP][PASSED] - delay(1): Delayed 1 second(s)

2022-02-10 08:30:14 - [MESSAGE][PASSED] - Delayed 1 second(s)

2022-02-10 08:30:14 - [TEST_STEP][PASSED] - tap(NAVM_SETT_SwitchGain, 0): Tapped on element 'Object Repository/Mobile/Page/NavigationMenu/Settings/Switch - Gain'

2022-02-10 08:30:14 - [MESSAGE][WARNING] - Timeout '0' is invalid. Using default page load timeout: '60'

2022-02-10 08:30:15 - [MESSAGE][PASSED] - Tapped on element 'Object Repository/Mobile/Page/NavigationMenu/Settings/Switch - Gain'

2022-02-10 08:30:15 - [TEST_STEP][PASSED] - delay(1): Delayed 1 second(s)

2022-02-10 08:30:16 - [MESSAGE][PASSED] - Delayed 1 second(s)

2022-02-10 08:30:16 - [TEST_STEP][PASSED] - tap(NAVM_SETT_SwitchGain, 0): Tapped on element 'Object Repository/Mobile/Page/NavigationMenu/Settings/Switch - Gain'

2022-02-10 08:30:16 - [MESSAGE][WARNING] - Timeout '0' is invalid. Using default page load timeout: '60'

2022-02-10 08:30:16 - [MESSAGE][PASSED] - Tapped on element 'Object Repository/Mobile/Page/NavigationMenu/Settings/Switch - Gain'

2022-02-10 08:30:16 - [TEST_STEP][PASSED] - delay(1): Delayed 1 second(s)

2022-02-10 08:30:17 - [MESSAGE][PASSED] - Delayed 1 second(s)

2022-02-10 08:30:17 - [TEST_STEP][PASSED] - tap(NAVM_SETT_DropLoss, 0): Tapped on element 'Object Repository/Mobile/Page/NavigationMenu/Settings/Dropdown - Loss'

2022-02-10 08:30:17 - [MESSAGE][WARNING] - Timeout '0' is invalid. Using default page load timeout: '60'

2022-02-10 08:30:18 - [MESSAGE][PASSED] - Tapped on element 'Object Repository/Mobile/Page/NavigationMenu/Settings/Dropdown - Loss'

2022-02-10 08:30:18 - [TEST_STEP][PASSED] - delay(1): Delayed 1 second(s)

2022-02-10 08:30:19 - [MESSAGE][PASSED] - Delayed 1 second(s)

2022-02-10 08:30:19 - [TEST_STEP][PASSED] - tap(NAVM_SETT_OptLoss5, 0): Tapped on element 'Object Repository/Mobile/Page/NavigationMenu/Settings/Option Loss - 5'

2022-02-10 08:30:19 - [MESSAGE][WARNING] - Timeout '0' is invalid. Using default page load timeout: '60'

2022-02-10 08:30:20 - [MESSAGE][PASSED] - Tapped on element 'Object Repository/Mobile/Page/NavigationMenu/Settings/Option Loss - 5'

2022-02-10 08:30:20 - [TEST_STEP][PASSED] - delay(1): Delayed 1 second(s)

2022-02-10 08:30:21 - [MESSAGE][PASSED] - Delayed 1 second(s)

2022-02-10 08:30:21 - [TEST_STEP][PASSED] - tap(NAVM_SETT_SwitchLoss, 0): Tapped on element 'Object Repository/Mobile/Page/NavigationMenu/Settings/Switch - Loss'

2022-02-10 08:30:21 - [MESSAGE][WARNING] - Timeout '0' is invalid. Using default page load timeout: '60'

2022-02-10 08:30:22 - [MESSAGE][PASSED] - Tapped on element 'Object Repository/Mobile/Page/NavigationMenu/Settings/Switch - Loss'

2022-02-10 08:30:22 - [TEST_STEP][PASSED] - delay(1): Delayed 1 second(s)

2022-02-10 08:30:23 - [MESSAGE][PASSED] - Delayed 1 second(s)

2022-02-10 08:30:23 - [TEST_STEP][PASSED] - tap(NAVM_SETT_SwitchLoss, 0): Tapped on element 'Object Repository/Mobile/Page/NavigationMenu/Settings/Switch - Loss'

2022-02-10 08:30:23 - [MESSAGE][WARNING] - Timeout '0' is invalid. Using default page load timeout: '60'

2022-02-10 08:30:24 - [MESSAGE][PASSED] - Tapped on element 'Object Repository/Mobile/Page/NavigationMenu/Settings/Switch - Loss'

2022-02-10 08:30:24 - [TEST_STEP][PASSED] - delay(1): Delayed 1 second(s)

2022-02-10 08:30:25 - [MESSAGE][PASSED] - Delayed 1 second(s)

2022-02-10 08:30:25 - [TEST_STEP][PASSED] - tap(NAVM_SETT_CbRiskTolerance, 0): Tapped on element 'Object Repository/Mobile/Page/NavigationMenu/Settings/Checkbox - Risk Tolerance'

2022-02-10 08:30:25 - [MESSAGE][WARNING] - Timeout '0' is invalid. Using default page load timeout: '60'

2022-02-10 08:30:26 - [MESSAGE][PASSED] - Tapped on element 'Object Repository/Mobile/Page/NavigationMenu/Settings/Checkbox - Risk Tolerance'

2022-02-10 08:30:26 - [TEST_STEP][PASSED] - delay(1): Delayed 1 second(s)

2022-02-10 08:30:27 - [MESSAGE][PASSED] - Delayed 1 second(s)

2022-02-10 08:30:27 - [TEST_STEP][PASSED] - tap(NAVM_SETT_CbRiskTolerance, 0): Tapped on element 'Object Repository/Mobile/Page/NavigationMenu/Settings/Checkbox - Risk Tolerance'

2022-02-10 08:30:27 - [MESSAGE][WARNING] - Timeout '0' is invalid. Using default page load timeout: '60'

2022-02-10 08:30:27 - [MESSAGE][PASSED] - Tapped on element 'Object Repository/Mobile/Page/NavigationMenu/Settings/Checkbox - Risk Tolerance'

2022-02-10 08:30:27 - [TEST_STEP][PASSED] - delay(1): Delayed 1 second(s)

2022-02-10 08:30:28 - [MESSAGE][PASSED] - Delayed 1 second(s)

2022-02-10 08:30:28 - [TEST_STEP][PASSED] - tap(NAVM_SETT_SwitchStock, 0): Tapped on element 'Object Repository/Mobile/Page/NavigationMenu/Settings/Switch - Stock News'

2022-02-10 08:30:28 - [MESSAGE][WARNING] - Timeout '0' is invalid. Using default page load timeout: '60'

2022-02-10 08:30:28 - [MESSAGE][PASSED] - Tapped on element 'Object Repository/Mobile/Page/NavigationMenu/Settings/Switch - Stock News'

2022-02-10 08:30:28 - [TEST_STEP][PASSED] - delay(1): Delayed 1 second(s)

2022-02-10 08:30:29 - [MESSAGE][PASSED] - Delayed 1 second(s)

2022-02-10 08:30:29 - [TEST_STEP][PASSED] - tap(NAVM_SETT_SwitchStock, 0): Tapped on element 'Object Repository/Mobile/Page/NavigationMenu/Settings/Switch - Stock News'

2022-02-10 08:30:29 - [MESSAGE][WARNING] - Timeout '0' is invalid. Using default page load timeout: '60'

2022-02-10 08:30:30 - [MESSAGE][PASSED] - Tapped on element 'Object Repository/Mobile/Page/NavigationMenu/Settings/Switch - Stock News'

2022-02-10 08:30:30 - [TEST_STEP][PASSED] - delay(1): Delayed 1 second(s)

2022-02-10 08:30:31 - [MESSAGE][PASSED] - Delayed 1 second(s)

2022-02-10 08:30:31 - [TEST_STEP][PASSED] - tap(NAVM_SETT_SwitchFund, 0): Tapped on element 'Object Repository/Mobile/Page/NavigationMenu/Settings/Switch - Fund News'

2022-02-10 08:30:31 - [MESSAGE][WARNING] - Timeout '0' is invalid. Using default page load timeout: '60'

2022-02-10 08:30:32 - [MESSAGE][PASSED] - Tapped on element 'Object Repository/Mobile/Page/NavigationMenu/Settings/Switch - Fund News'

2022-02-10 08:30:32 - [TEST_STEP][PASSED] - delay(1): Delayed 1 second(s)

2022-02-10 08:30:33 - [MESSAGE][PASSED] - Delayed 1 second(s)

2022-02-10 08:30:33 - [TEST_STEP][PASSED] - tap(NAVM_SETT_SwitchFund, 0): Tapped on element 'Object Repository/Mobile/Page/NavigationMenu/Settings/Switch - Fund News'

2022-02-10 08:30:33 - [MESSAGE][WARNING] - Timeout '0' is invalid. Using default page load timeout: '60'

2022-02-10 08:30:33 - [MESSAGE][PASSED] - Tapped on element 'Object Repository/Mobile/Page/NavigationMenu/Settings/Switch - Fund News'

2022-02-10 08:30:33 - [TEST_STEP][PASSED] - delay(1): Delayed 1 second(s)

2022-02-10 08:30:34 - [MESSAGE][PASSED] - Delayed 1 second(s)

2022-02-10 08:30:34 - [TEST_STEP][PASSED] - tap(NAVM_SETT_SwitchBond, 0): Tapped on element 'Object Repository/Mobile/Page/NavigationMenu/Settings/Switch - Bond News'

2022-02-10 08:30:34 - [MESSAGE][WARNING] - Timeout '0' is invalid. Using default page load timeout: '60'

2022-02-10 08:30:35 - [MESSAGE][PASSED] - Tapped on element 'Object Repository/Mobile/Page/NavigationMenu/Settings/Switch - Bond News'

2022-02-10 08:30:35 - [TEST_STEP][PASSED] - delay(1): Delayed 1 second(s)

2022-02-10 08:30:36 - [MESSAGE][PASSED] - Delayed 1 second(s)

2022-02-10 08:30:36 - [TEST_STEP][PASSED] - tap(NAVM_SETT_SwitchBond, 0): Tapped on element 'Object Repository/Mobile/Page/NavigationMenu/Settings/Switch - Bond News'

2022-02-10 08:30:36 - [MESSAGE][WARNING] - Timeout '0' is invalid. Using default page load timeout: '60'

2022-02-10 08:30:37 - [MESSAGE][PASSED] - Tapped on element 'Object Repository/Mobile/Page/NavigationMenu/Settings/Switch - Bond News'

2022-02-10 08:30:37 - [TEST_STEP][PASSED] - delay(1): Delayed 1 second(s)

2022-02-10 08:30:38 - [MESSAGE][PASSED] - Delayed 1 second(s)

2022-02-10 08:30:38 - [TEST_STEP][PASSED] - tap(NAVM_SETT_SwitchMacro, 0): Tapped on element 'Object Repository/Mobile/Page/NavigationMenu/Settings/Switch - Macro News'

2022-02-10 08:30:38 - [MESSAGE][WARNING] - Timeout '0' is invalid. Using default page load timeout: '60'

2022-02-10 08:30:39 - [MESSAGE][PASSED] - Tapped on element 'Object Repository/Mobile/Page/NavigationMenu/Settings/Switch - Macro News'

2022-02-10 08:30:39 - [TEST_STEP][PASSED] - delay(1): Delayed 1 second(s)

2022-02-10 08:30:40 - [MESSAGE][PASSED] - Delayed 1 second(s)

2022-02-10 08:30:40 - [TEST_STEP][PASSED] - tap(NAVM_SETT_SwitchMacro, 0): Tapped on element 'Object Repository/Mobile/Page/NavigationMenu/Settings/Switch - Macro News'

2022-02-10 08:30:40 - [MESSAGE][WARNING] - Timeout '0' is invalid. Using default page load timeout: '60'

2022-02-10 08:30:41 - [MESSAGE][PASSED] - Tapped on element 'Object Repository/Mobile/Page/NavigationMenu/Settings/Switch - Macro News'

2022-02-10 08:30:41 - [TEST_STEP][PASSED] - delay(1): Delayed 1 second(s)

2022-02-10 08:30:42 - [MESSAGE][PASSED] - Delayed 1 second(s)

2022-02-10 08:30:42 - [TEST_STEP][PASSED] - pressBack(): Press back button successfully

2022-02-10 08:30:42 - [MESSAGE][PASSED] - Press back button successfully

2022-02-10 08:30:42 - [TEST_STEP][PASSED] - delay(1): Delayed 1 second(s)

2022-02-10 08:30:43 - [MESSAGE][PASSED] - Delayed 1 second(s)

2022-02-10 08:30:43 - [MESSAGE][PASSED] - Call Test Case 'Test Cases/Mobile/Page/NavigationMenu/NavigationMenu' successfully

2022-02-10 08:30:43 - [TEST_STEP][PASSED] - callTestCase(findTestCase("Mobile/Page/Run App/Terminate App"), [:], STOP_ON_FAILURE): Call Test Case 'Test Cases/Mobile/Page/Run App/Terminate App' successfully

2022-02-10 08:30:43 - [TEST_CASE][PASSED] - Test Cases/Mobile/Page/Run App/Terminate App: Test Cases/Mobile/Page/Run App/Terminate App

2022-02-10 08:30:43 - [TEST_STEP][PASSED] - startApp.OpenApp.terminateApplication(): startApp.OpenApp.terminateApplication is PASSED

2022-02-10 08:30:46 - [MESSAGE][PASSED] - Delayed 3 second(s)

2022-02-10 08:30:46 - [MESSAGE][PASSED] - Current device physical width is 720

2022-02-10 08:30:47 - [MESSAGE][PASSED] - Current device physical height is 1423

2022-02-10 08:30:48 - [MESSAGE][PASSED] - Swiped from 360,853 to 360,142

2022-02-10 08:30:49 - [MESSAGE][PASSED] - Delayed 1 second(s)

2022-02-10 08:30:50 - [MESSAGE][PASSED] - Swiped from 360,853 to 360,142

2022-02-10 08:30:53 - [MESSAGE][PASSED] - Delayed 3 second(s)

2022-02-10 08:30:53 - [MESSAGE][PASSED] - startApp.OpenApp.terminateApplication is PASSED

2022-02-10 08:30:53 - [MESSAGE][PASSED] - Call Test Case 'Test Cases/Mobile/Page/Run App/Terminate App' successfully]]></system-out>
         <system-err><![CDATA[]]></system-err>
      </testcase>
      <testcase name="Test Cases/Mobile/Scenario/NavigationMenu/006 - Logout" time="53.57" classname="Test Cases/Mobile/Scenario/NavigationMenu/006 - Logout" status="PASSED">
         <system-out><![CDATA[2022-02-10 08:30:53 - [TEST_CASE][PASSED] - Test Cases/Mobile/Scenario/NavigationMenu/006 - Logout: Test Cases/Mobile/Scenario/NavigationMenu/006 - Logout

2022-02-10 08:30:53 - [TEST_STEP][PASSED] - callTestCase(findTestCase("Mobile/Page/Run App/Run App byID"), [:], STOP_ON_FAILURE): Call Test Case 'Test Cases/Mobile/Page/Run App/Run App byID' successfully

2022-02-10 08:30:54 - [TEST_CASE][PASSED] - Test Cases/Mobile/Page/Run App/Run App byID: Test Cases/Mobile/Page/Run App/Run App byID

2022-02-10 08:30:54 - [TEST_STEP][PASSED] - startApp.OpenApp.startApplication("id.co.miraeasset.sageclub"): startApp.OpenApp.startApplication is PASSED

2022-02-10 08:31:05 - [MESSAGE][PASSED] - Starting app with application ID: 'id.co.miraeasset.sageclub'

2022-02-10 08:31:05 - [MESSAGE][PASSED] - startApp.OpenApp.startApplication is PASSED

2022-02-10 08:31:05 - [MESSAGE][PASSED] - Call Test Case 'Test Cases/Mobile/Page/Run App/Run App byID' successfully

2022-02-10 08:31:05 - [TEST_STEP][PASSED] - callTestCase(findTestCase("Mobile/Page/NavigationMenu/NavigationMenu"), ["action":"logout"], CONTINUE_ON_FAILURE): Call Test Case 'Test Cases/Mobile/Page/NavigationMenu/NavigationMenu' successfully

2022-02-10 08:31:06 - [TEST_CASE][PASSED] - Test Cases/Mobile/Page/NavigationMenu/NavigationMenu: Test Cases/Mobile/Page/NavigationMenu/NavigationMenu

2022-02-10 08:31:06 - [TEST_STEP][PASSED] - callTestCase(findTestCase("Mobile/Page/CheckLogin"), [:], CONTINUE_ON_FAILURE): Call Test Case 'Test Cases/Mobile/Page/CheckLogin' successfully

2022-02-10 08:31:06 - [TEST_CASE][PASSED] - Test Cases/Mobile/Page/CheckLogin: Test Cases/Mobile/Page/CheckLogin

2022-02-10 08:31:06 - [TEST_STEP][PASSED] - loginCheck = verifyElementExist(LOGN_BtnLogin, 5, CONTINUE_ON_FAILURE): Element 'Object Repository/Mobile/Page/Login/Button - Login' is exist

2022-02-10 08:31:08 - [MESSAGE][PASSED] - Element 'Object Repository/Mobile/Page/Login/Button - Login' is exist

2022-02-10 08:31:08 - [TEST_STEP][PASSED] - if (loginCheck): Call Test Case 'Test Cases/Mobile/Page/Login/Login' successfully

2022-02-10 08:31:08 - [TEST_STEP][PASSED] - callTestCase(findTestCase("Mobile/Page/Login/Login"), ["action":"username"], CONTINUE_ON_FAILURE): Call Test Case 'Test Cases/Mobile/Page/Login/Login' successfully

2022-02-10 08:31:08 - [TEST_CASE][PASSED] - Test Cases/Mobile/Page/Login/Login: Test Cases/Mobile/Page/Login/Login

2022-02-10 08:31:08 - [TEST_STEP][PASSED] - delay(2): Delayed 2 second(s)

2022-02-10 08:31:10 - [MESSAGE][PASSED] - Delayed 2 second(s)

2022-02-10 08:31:10 - [TEST_STEP][PASSED] - for ([i = 0, i < 1, (i++)]): null

2022-02-10 08:31:10 - [TEST_STEP][PASSED] - if (action == "username"): null

2022-02-10 08:31:10 - [TEST_STEP][PASSED] - tap(LOGN_EdtUserID, 0): Tapped on element 'Object Repository/Mobile/Page/Login/Input - UserID'

2022-02-10 08:31:10 - [MESSAGE][WARNING] - Timeout '0' is invalid. Using default page load timeout: '60'

2022-02-10 08:31:10 - [MESSAGE][PASSED] - Tapped on element 'Object Repository/Mobile/Page/Login/Input - UserID'

2022-02-10 08:31:10 - [TEST_STEP][PASSED] - delay(1): Delayed 1 second(s)

2022-02-10 08:31:11 - [MESSAGE][PASSED] - Delayed 1 second(s)

2022-02-10 08:31:11 - [TEST_STEP][PASSED] - setText(LOGN_EdtRdyUserID, "anggaaditya", 0): Text 'anggaaditya' has been set to element 'Object Repository/Mobile/Page/Login/Input Rdy - UserID'

2022-02-10 08:31:11 - [MESSAGE][WARNING] - Timeout '0' is invalid. Using default page load timeout: '60'

2022-02-10 08:31:12 - [MESSAGE][PASSED] - Text 'anggaaditya' has been set to element 'Object Repository/Mobile/Page/Login/Input Rdy - UserID'

2022-02-10 08:31:12 - [TEST_STEP][PASSED] - delay(1): Delayed 1 second(s)

2022-02-10 08:31:13 - [MESSAGE][PASSED] - Delayed 1 second(s)

2022-02-10 08:31:13 - [TEST_STEP][PASSED] - hideKeyboard(): Keyboard is hidden

2022-02-10 08:31:16 - [MESSAGE][PASSED] - Keyboard is hidden

2022-02-10 08:31:16 - [TEST_STEP][PASSED] - tap(LOGN_EdtPassword, 0): Tapped on element 'Object Repository/Mobile/Page/Login/Input - Password'

2022-02-10 08:31:16 - [MESSAGE][WARNING] - Timeout '0' is invalid. Using default page load timeout: '60'

2022-02-10 08:31:17 - [MESSAGE][PASSED] - Tapped on element 'Object Repository/Mobile/Page/Login/Input - Password'

2022-02-10 08:31:17 - [TEST_STEP][PASSED] - delay(1): Delayed 1 second(s)

2022-02-10 08:31:18 - [MESSAGE][PASSED] - Delayed 1 second(s)

2022-02-10 08:31:18 - [TEST_STEP][PASSED] - setText(LOGN_EdtRdyPassword, "Shalawa18", 0): Text 'Shalawa18' has been set to element 'Object Repository/Mobile/Page/Login/Input Rdy - Password'

2022-02-10 08:31:18 - [MESSAGE][WARNING] - Timeout '0' is invalid. Using default page load timeout: '60'

2022-02-10 08:31:18 - [MESSAGE][PASSED] - Text 'Shalawa18' has been set to element 'Object Repository/Mobile/Page/Login/Input Rdy - Password'

2022-02-10 08:31:18 - [TEST_STEP][PASSED] - delay(1): Delayed 1 second(s)

2022-02-10 08:31:19 - [MESSAGE][PASSED] - Delayed 1 second(s)

2022-02-10 08:31:19 - [TEST_STEP][PASSED] - hideKeyboard(): Keyboard is hidden

2022-02-10 08:31:26 - [MESSAGE][PASSED] - Keyboard is hidden

2022-02-10 08:31:26 - [TEST_STEP][PASSED] - tap(LOGN_BtnLogin, 0): Tapped on element 'Object Repository/Mobile/Page/Login/Button - Login'

2022-02-10 08:31:26 - [MESSAGE][WARNING] - Timeout '0' is invalid. Using default page load timeout: '60'

2022-02-10 08:31:27 - [MESSAGE][PASSED] - Tapped on element 'Object Repository/Mobile/Page/Login/Button - Login'

2022-02-10 08:31:27 - [TEST_STEP][PASSED] - delay(2): Delayed 2 second(s)

2022-02-10 08:31:29 - [MESSAGE][PASSED] - Delayed 2 second(s)

2022-02-10 08:31:29 - [TEST_STEP][PASSED] - break: null

2022-02-10 08:31:29 - [MESSAGE][PASSED] - Call Test Case 'Test Cases/Mobile/Page/Login/Login' successfully

2022-02-10 08:31:29 - [MESSAGE][PASSED] - Call Test Case 'Test Cases/Mobile/Page/CheckLogin' successfully

2022-02-10 08:31:29 - [TEST_STEP][PASSED] - delay(3): Delayed 3 second(s)

2022-02-10 08:31:32 - [MESSAGE][PASSED] - Delayed 3 second(s)

2022-02-10 08:31:32 - [TEST_STEP][PASSED] - scroll.scroll.scrollScreenLeftToRight(): scroll.scroll.scrollScreenLeftToRight is PASSED

2022-02-10 08:31:32 - [MESSAGE][PASSED] - Current device physical height is 1423

2022-02-10 08:31:32 - [MESSAGE][PASSED] - Current device physical width is 720

2022-02-10 08:31:32 - [MESSAGE][PASSED] - Current device physical height is 1423

2022-02-10 08:31:34 - [MESSAGE][PASSED] - Swiped from 10,711 to 710,711

2022-02-10 08:31:34 - [MESSAGE][PASSED] - scroll.scroll.scrollScreenLeftToRight is PASSED

2022-02-10 08:31:34 - [TEST_STEP][PASSED] - delay(1): Delayed 1 second(s)

2022-02-10 08:31:35 - [MESSAGE][PASSED] - Delayed 1 second(s)

2022-02-10 08:31:35 - [TEST_STEP][PASSED] - for ([i = 0, i < 1, (i++)]): Delayed 1 second(s)

2022-02-10 08:31:35 - [TEST_STEP][PASSED] - if (action == "downloadtaxreport"): null

2022-02-10 08:31:35 - [TEST_STEP][PASSED] - else if (action == "analyzeprofile"): null

2022-02-10 08:31:35 - [TEST_STEP][PASSED] - else if (action == "wa"): null

2022-02-10 08:31:35 - [TEST_STEP][PASSED] - else if (action == "email"): null

2022-02-10 08:31:35 - [TEST_STEP][PASSED] - else if (action == "setting"): null

2022-02-10 08:31:35 - [TEST_STEP][PASSED] - else if (action == "logout"): Delayed 1 second(s)

2022-02-10 08:31:35 - [TEST_STEP][PASSED] - logout = NAVM_BtnLogout: null

2022-02-10 08:31:35 - [TEST_STEP][PASSED] - tap(logout, 0): Tapped on element 'Object Repository/Mobile/Page/NavigationMenu/Button - Logout'

2022-02-10 08:31:35 - [MESSAGE][WARNING] - Timeout '0' is invalid. Using default page load timeout: '60'

2022-02-10 08:31:36 - [MESSAGE][PASSED] - Tapped on element 'Object Repository/Mobile/Page/NavigationMenu/Button - Logout'

2022-02-10 08:31:36 - [TEST_STEP][PASSED] - delay(1): Delayed 1 second(s)

2022-02-10 08:31:37 - [MESSAGE][PASSED] - Delayed 1 second(s)

2022-02-10 08:31:37 - [MESSAGE][PASSED] - Call Test Case 'Test Cases/Mobile/Page/NavigationMenu/NavigationMenu' successfully

2022-02-10 08:31:37 - [TEST_STEP][PASSED] - callTestCase(findTestCase("Mobile/Page/Run App/Terminate App"), [:], STOP_ON_FAILURE): Call Test Case 'Test Cases/Mobile/Page/Run App/Terminate App' successfully

2022-02-10 08:31:37 - [TEST_CASE][PASSED] - Test Cases/Mobile/Page/Run App/Terminate App: Test Cases/Mobile/Page/Run App/Terminate App

2022-02-10 08:31:37 - [TEST_STEP][PASSED] - startApp.OpenApp.terminateApplication(): startApp.OpenApp.terminateApplication is PASSED

2022-02-10 08:31:40 - [MESSAGE][PASSED] - Delayed 3 second(s)

2022-02-10 08:31:40 - [MESSAGE][PASSED] - Current device physical width is 720

2022-02-10 08:31:40 - [MESSAGE][PASSED] - Current device physical height is 1423

2022-02-10 08:31:41 - [MESSAGE][PASSED] - Swiped from 360,853 to 360,142

2022-02-10 08:31:43 - [MESSAGE][PASSED] - Delayed 1 second(s)

2022-02-10 08:31:44 - [MESSAGE][PASSED] - Swiped from 360,853 to 360,142

2022-02-10 08:31:47 - [MESSAGE][PASSED] - Delayed 3 second(s)

2022-02-10 08:31:47 - [MESSAGE][PASSED] - startApp.OpenApp.terminateApplication is PASSED

2022-02-10 08:31:47 - [MESSAGE][PASSED] - Call Test Case 'Test Cases/Mobile/Page/Run App/Terminate App' successfully]]></system-out>
         <system-err><![CDATA[]]></system-err>
      </testcase>
      <system-out><![CDATA[2022-02-10 08:24:29 - [TEST_SUITE][PASSED] - navigationmenu: Test Cases/Mobile/Scenario/NavigationMenu/006 - Logout]]></system-out>
      <system-err><![CDATA[]]></system-err>
   </testsuite>
</testsuites>
