<?xml version="1.0" encoding="UTF-8"?>
<testsuites name="notification" time="76.575" tests="1" failures="0" skips="0" errors="0">
   <testsuite name="notification" tests="1" failures="0" errors="0" time="76.575" skips="0" timestamp="2022-01-11 08:43:16" hostname="Owner - aldy-tft" id="Test Suites/notification">
      <properties>
         <property name="deviceName" value="samsung SM-A205F (Android 11)"/>
         <property name="devicePlatform" value=""/>
         <property name="logFolder" value="C:\\Users\\Owner\\Documents\\kerjaan\\KatalonProject\\qa_katalon_pwm\\qa_katalon_pwm\\Reports\\20220111_075909\\notification\\20220111_075934"/>
         <property name="logFiles" value="C:\\Users\\Owner\\Documents\\kerjaan\\KatalonProject\\qa_katalon_pwm\\qa_katalon_pwm\\Reports\\20220111_075909\\notification\\20220111_075934\\appium.log, C:\\Users\\Owner\\Documents\\kerjaan\\KatalonProject\\qa_katalon_pwm\\qa_katalon_pwm\\Reports\\20220111_075909\\notification\\20220111_075934\\execution0.log"/>
         <property name="attachments" value=""/>
         <property name="hostName" value="Owner - aldy-tft"/>
         <property name="os" value="Windows 10 64bit"/>
         <property name="appiumServerStatus" value="{&quot;value&quot;:{&quot;build&quot;:{&quot;version&quot;:&quot;1.22.0&quot;}},&quot;sessionId&quot;:null,&quot;status&quot;:0}"/>
         <property name="katalonVersion" value="7.9.1.208"/>
         <property name="deviceOS" value="Android"/>
         <property name="appiumVersion" value="1.22.0"/>
         <property name="deviceModel" value="SM-A205F"/>
         <property name="hostAddress" value="10.0.30.173"/>
         <property name="deviceManufacturer" value="samsung"/>
         <property name="deviceId" value="RR8M40C9AXE"/>
         <property name="deviceName" value="samsung SM-A205F (Android 11)"/>
         <property name="deviceOSVersion" value="11"/>
      </properties>
      <testcase name="Test Cases/Mobile/Scenario/Notification/001 - User melihat notifikasi" time="75.757" classname="Test Cases/Mobile/Scenario/Notification/001 - User melihat notifikasi" status="PASSED">
         <system-out><![CDATA[2022-01-11 08:43:17 - [TEST_CASE][PASSED] - Test Cases/Mobile/Scenario/Notification/001 - User melihat notifikasi: Test Cases/Mobile/Scenario/Notification/001 - User melihat notifikasi

2022-01-11 08:43:17 - [TEST_STEP][PASSED] - callTestCase(findTestCase("Mobile/Page/Run App/Run App byID"), [:], STOP_ON_FAILURE): Call Test Case 'Test Cases/Mobile/Page/Run App/Run App byID' successfully

2022-01-11 08:43:17 - [TEST_CASE][PASSED] - Test Cases/Mobile/Page/Run App/Run App byID: Test Cases/Mobile/Page/Run App/Run App byID

2022-01-11 08:43:18 - [TEST_STEP][PASSED] - startApp.OpenApp.startApplication("id.co.miraeasset.sageclub"): startApp.OpenApp.startApplication is PASSED

2022-01-11 08:43:19 - [MESSAGE][INFO] - Appium server started on port 59,090

2022-01-11 08:43:36 - [MESSAGE][PASSED] - Starting app with application ID: 'id.co.miraeasset.sageclub'

2022-01-11 08:43:36 - [MESSAGE][PASSED] - startApp.OpenApp.startApplication is PASSED

2022-01-11 08:43:36 - [MESSAGE][PASSED] - Call Test Case 'Test Cases/Mobile/Page/Run App/Run App byID' successfully

2022-01-11 08:43:36 - [TEST_STEP][PASSED] - callTestCase(findTestCase("Mobile/Page/Notification/Notification"), [:], CONTINUE_ON_FAILURE): Call Test Case 'Test Cases/Mobile/Page/Notification/Notification' successfully

2022-01-11 08:43:36 - [TEST_CASE][PASSED] - Test Cases/Mobile/Page/Notification/Notification: Test Cases/Mobile/Page/Notification/Notification

2022-01-11 08:43:37 - [TEST_STEP][PASSED] - callTestCase(findTestCase("Mobile/Page/CheckLogin"), [:], CONTINUE_ON_FAILURE): Call Test Case 'Test Cases/Mobile/Page/CheckLogin' successfully

2022-01-11 08:43:37 - [TEST_CASE][PASSED] - Test Cases/Mobile/Page/CheckLogin: Test Cases/Mobile/Page/CheckLogin

2022-01-11 08:43:37 - [TEST_STEP][PASSED] - loginCheck = verifyElementExist(LOGN_BtnLogin, 5, CONTINUE_ON_FAILURE): Element 'Object Repository/Mobile/Page/Login/Button - Login' is exist

2022-01-11 08:43:52 - [MESSAGE][PASSED] - Element 'Object Repository/Mobile/Page/Login/Button - Login' is exist

2022-01-11 08:43:52 - [TEST_STEP][PASSED] - if (loginCheck): Call Test Case 'Test Cases/Mobile/Page/Login/Login' successfully

2022-01-11 08:43:52 - [TEST_STEP][PASSED] - callTestCase(findTestCase("Mobile/Page/Login/Login"), ["action":"username"], CONTINUE_ON_FAILURE): Call Test Case 'Test Cases/Mobile/Page/Login/Login' successfully

2022-01-11 08:43:52 - [TEST_CASE][PASSED] - Test Cases/Mobile/Page/Login/Login: Test Cases/Mobile/Page/Login/Login

2022-01-11 08:43:52 - [TEST_STEP][PASSED] - delay(2): Delayed 2 second(s)

2022-01-11 08:43:54 - [MESSAGE][PASSED] - Delayed 2 second(s)

2022-01-11 08:43:54 - [TEST_STEP][PASSED] - for ([i = 0, i < 1, (i++)]): null

2022-01-11 08:43:54 - [TEST_STEP][PASSED] - if (action == "username"): null

2022-01-11 08:43:54 - [TEST_STEP][PASSED] - tap(LOGN_EdtUserID, 0): Tapped on element 'Object Repository/Mobile/Page/Login/Input - UserID'

2022-01-11 08:43:54 - [MESSAGE][WARNING] - Timeout '0' is invalid. Using default page load timeout: '60'

2022-01-11 08:43:55 - [MESSAGE][PASSED] - Tapped on element 'Object Repository/Mobile/Page/Login/Input - UserID'

2022-01-11 08:43:55 - [TEST_STEP][PASSED] - delay(1): Delayed 1 second(s)

2022-01-11 08:43:56 - [MESSAGE][PASSED] - Delayed 1 second(s)

2022-01-11 08:43:56 - [TEST_STEP][PASSED] - setText(LOGN_EdtRdyUserID, "anggaaditya", 0): Text 'anggaaditya' has been set to element 'Object Repository/Mobile/Page/Login/Input Rdy - UserID'

2022-01-11 08:43:56 - [MESSAGE][WARNING] - Timeout '0' is invalid. Using default page load timeout: '60'

2022-01-11 08:43:57 - [MESSAGE][PASSED] - Text 'anggaaditya' has been set to element 'Object Repository/Mobile/Page/Login/Input Rdy - UserID'

2022-01-11 08:43:57 - [TEST_STEP][PASSED] - delay(1): Delayed 1 second(s)

2022-01-11 08:43:58 - [MESSAGE][PASSED] - Delayed 1 second(s)

2022-01-11 08:43:58 - [TEST_STEP][PASSED] - hideKeyboard(): Keyboard is hidden

2022-01-11 08:44:01 - [MESSAGE][PASSED] - Keyboard is hidden

2022-01-11 08:44:01 - [TEST_STEP][PASSED] - tap(LOGN_EdtPassword, 0): Tapped on element 'Object Repository/Mobile/Page/Login/Input - Password'

2022-01-11 08:44:01 - [MESSAGE][WARNING] - Timeout '0' is invalid. Using default page load timeout: '60'

2022-01-11 08:44:02 - [MESSAGE][PASSED] - Tapped on element 'Object Repository/Mobile/Page/Login/Input - Password'

2022-01-11 08:44:02 - [TEST_STEP][PASSED] - delay(1): Delayed 1 second(s)

2022-01-11 08:44:03 - [MESSAGE][PASSED] - Delayed 1 second(s)

2022-01-11 08:44:03 - [TEST_STEP][PASSED] - setText(LOGN_EdtRdyPassword, "Shalawa18", 0): Text 'Shalawa18' has been set to element 'Object Repository/Mobile/Page/Login/Input Rdy - Password'

2022-01-11 08:44:03 - [MESSAGE][WARNING] - Timeout '0' is invalid. Using default page load timeout: '60'

2022-01-11 08:44:04 - [MESSAGE][PASSED] - Text 'Shalawa18' has been set to element 'Object Repository/Mobile/Page/Login/Input Rdy - Password'

2022-01-11 08:44:04 - [TEST_STEP][PASSED] - delay(1): Delayed 1 second(s)

2022-01-11 08:44:05 - [MESSAGE][PASSED] - Delayed 1 second(s)

2022-01-11 08:44:05 - [TEST_STEP][PASSED] - hideKeyboard(): Keyboard is hidden

2022-01-11 08:44:11 - [MESSAGE][PASSED] - Keyboard is hidden

2022-01-11 08:44:11 - [TEST_STEP][PASSED] - tap(LOGN_BtnLogin, 0): Tapped on element 'Object Repository/Mobile/Page/Login/Button - Login'

2022-01-11 08:44:11 - [MESSAGE][WARNING] - Timeout '0' is invalid. Using default page load timeout: '60'

2022-01-11 08:44:12 - [MESSAGE][PASSED] - Tapped on element 'Object Repository/Mobile/Page/Login/Button - Login'

2022-01-11 08:44:12 - [TEST_STEP][PASSED] - delay(2): Delayed 2 second(s)

2022-01-11 08:44:14 - [MESSAGE][PASSED] - Delayed 2 second(s)

2022-01-11 08:44:14 - [TEST_STEP][PASSED] - break: null

2022-01-11 08:44:14 - [MESSAGE][PASSED] - Call Test Case 'Test Cases/Mobile/Page/Login/Login' successfully

2022-01-11 08:44:14 - [MESSAGE][PASSED] - Call Test Case 'Test Cases/Mobile/Page/CheckLogin' successfully

2022-01-11 08:44:14 - [TEST_STEP][PASSED] - tap(findTestObject("Mobile/Page/Home/Menubar - Notification"), 10): Tapped on element 'Object Repository/Mobile/Page/Home/Menubar - Notification'

2022-01-11 08:44:16 - [MESSAGE][PASSED] - Tapped on element 'Object Repository/Mobile/Page/Home/Menubar - Notification'

2022-01-11 08:44:16 - [TEST_STEP][PASSED] - delay(1): Delayed 1 second(s)

2022-01-11 08:44:17 - [MESSAGE][PASSED] - Delayed 1 second(s)

2022-01-11 08:44:17 - [TEST_STEP][PASSED] - scroll.scroll.scrollScreenBottomToTop(): scroll.scroll.scrollScreenBottomToTop is PASSED

2022-01-11 08:44:18 - [MESSAGE][PASSED] - Current device physical height is 1423

2022-01-11 08:44:18 - [MESSAGE][PASSED] - Current device physical width is 720

2022-01-11 08:44:19 - [MESSAGE][PASSED] - Swiped from 360,1,138 to 360,284

2022-01-11 08:44:19 - [MESSAGE][PASSED] - scroll.scroll.scrollScreenBottomToTop is PASSED

2022-01-11 08:44:19 - [TEST_STEP][PASSED] - delay(3): Delayed 3 second(s)

2022-01-11 08:44:22 - [MESSAGE][PASSED] - Delayed 3 second(s)

2022-01-11 08:44:22 - [MESSAGE][PASSED] - Call Test Case 'Test Cases/Mobile/Page/Notification/Notification' successfully

2022-01-11 08:44:22 - [TEST_STEP][PASSED] - callTestCase(findTestCase("Mobile/Page/Run App/Terminate App"), [:], STOP_ON_FAILURE): Call Test Case 'Test Cases/Mobile/Page/Run App/Terminate App' successfully

2022-01-11 08:44:22 - [TEST_CASE][PASSED] - Test Cases/Mobile/Page/Run App/Terminate App: Test Cases/Mobile/Page/Run App/Terminate App

2022-01-11 08:44:22 - [TEST_STEP][PASSED] - startApp.OpenApp.terminateApplication(): startApp.OpenApp.terminateApplication is PASSED

2022-01-11 08:44:25 - [MESSAGE][PASSED] - Delayed 3 second(s)

2022-01-11 08:44:26 - [MESSAGE][PASSED] - Current device physical width is 720

2022-01-11 08:44:26 - [MESSAGE][PASSED] - Current device physical height is 1423

2022-01-11 08:44:27 - [MESSAGE][PASSED] - Swiped from 360,853 to 360,142

2022-01-11 08:44:28 - [MESSAGE][PASSED] - Delayed 1 second(s)

2022-01-11 08:44:30 - [MESSAGE][PASSED] - Swiped from 360,853 to 360,142

2022-01-11 08:44:33 - [MESSAGE][PASSED] - Delayed 3 second(s)

2022-01-11 08:44:33 - [MESSAGE][PASSED] - startApp.OpenApp.terminateApplication is PASSED

2022-01-11 08:44:33 - [MESSAGE][PASSED] - Call Test Case 'Test Cases/Mobile/Page/Run App/Terminate App' successfully]]></system-out>
         <system-err><![CDATA[]]></system-err>
      </testcase>
      <system-out><![CDATA[2022-01-11 08:43:16 - [TEST_SUITE][PASSED] - notification: Test Cases/Mobile/Scenario/Notification/001 - User melihat notifikasi]]></system-out>
      <system-err><![CDATA[]]></system-err>
   </testsuite>
</testsuites>
