<?xml version="1.0" encoding="UTF-8"?>
<testsuites name="analysis" time="512.276" tests="7" failures="0" skips="0" errors="0">
   <testsuite name="analysis" tests="7" failures="0" errors="0" time="512.276" skips="0" timestamp="2022-03-11 08:30:23" hostname="Owner - aldy-tft" id="Test Suites/analysis">
      <properties>
         <property name="deviceName" value="samsung SM-A205F (Android 11)"/>
         <property name="devicePlatform" value=""/>
         <property name="logFolder" value="C:\\Users\\Owner\\Documents\\kerjaan\\KatalonProject\\qa_katalon_pwm\\qa_katalon_pwm\\Reports\\20220311_081001\\analysis\\20220311_081015"/>
         <property name="logFiles" value="C:\\Users\\Owner\\Documents\\kerjaan\\KatalonProject\\qa_katalon_pwm\\qa_katalon_pwm\\Reports\\20220311_081001\\analysis\\20220311_081015\\appium.log, C:\\Users\\Owner\\Documents\\kerjaan\\KatalonProject\\qa_katalon_pwm\\qa_katalon_pwm\\Reports\\20220311_081001\\analysis\\20220311_081015\\execution0.log"/>
         <property name="attachments" value=""/>
         <property name="hostName" value="Owner - aldy-tft"/>
         <property name="os" value="Windows 10 64bit"/>
         <property name="appiumServerStatus" value="{&quot;value&quot;:{&quot;build&quot;:{&quot;version&quot;:&quot;1.22.0&quot;}},&quot;sessionId&quot;:null,&quot;status&quot;:0}"/>
         <property name="katalonVersion" value="7.9.1.208"/>
         <property name="deviceOS" value="Android"/>
         <property name="appiumVersion" value="1.22.0"/>
         <property name="deviceModel" value="SM-A205F"/>
         <property name="hostAddress" value="10.0.30.84"/>
         <property name="deviceManufacturer" value="samsung"/>
         <property name="deviceId" value="RR8M40C9AXE"/>
         <property name="deviceName" value="samsung SM-A205F (Android 11)"/>
         <property name="deviceOSVersion" value="11"/>
      </properties>
      <testcase name="Test Cases/Mobile/Scenario/Analysis/001 - Melihat list stock technical analysis" time="110.533" classname="Test Cases/Mobile/Scenario/Analysis/001 - Melihat list stock technical analysis" status="PASSED">
         <system-out><![CDATA[2022-03-11 08:30:24 - [TEST_CASE][PASSED] - Test Cases/Mobile/Scenario/Analysis/001 - Melihat list stock technical analysis: Test Cases/Mobile/Scenario/Analysis/001 - Melihat list stock technical analysis

2022-03-11 08:30:25 - [TEST_STEP][PASSED] - callTestCase(findTestCase("Mobile/Page/Run App/Run App byID"), [:], STOP_ON_FAILURE): Call Test Case 'Test Cases/Mobile/Page/Run App/Run App byID' successfully

2022-03-11 08:30:25 - [TEST_CASE][PASSED] - Test Cases/Mobile/Page/Run App/Run App byID: Test Cases/Mobile/Page/Run App/Run App byID

2022-03-11 08:30:26 - [TEST_STEP][PASSED] - startApp.OpenApp.startApplication("id.co.miraeasset.sageclub"): startApp.OpenApp.startApplication is PASSED

2022-03-11 08:30:29 - [MESSAGE][INFO] - Appium server started on port 51,619

2022-03-11 08:30:47 - [MESSAGE][PASSED] - Starting app with application ID: 'id.co.miraeasset.sageclub'

2022-03-11 08:30:47 - [MESSAGE][PASSED] - startApp.OpenApp.startApplication is PASSED

2022-03-11 08:30:47 - [MESSAGE][PASSED] - Call Test Case 'Test Cases/Mobile/Page/Run App/Run App byID' successfully

2022-03-11 08:30:47 - [TEST_STEP][PASSED] - callTestCase(findTestCase("Mobile/Page/Analysis/Analysis"), ["action":"technicalsearch"], CONTINUE_ON_FAILURE): Call Test Case 'Test Cases/Mobile/Page/Analysis/Analysis' successfully

2022-03-11 08:30:47 - [TEST_CASE][PASSED] - Test Cases/Mobile/Page/Analysis/Analysis: Test Cases/Mobile/Page/Analysis/Analysis

2022-03-11 08:30:48 - [TEST_STEP][PASSED] - callTestCase(findTestCase("Mobile/Page/CheckLogin"), [:], CONTINUE_ON_FAILURE): Call Test Case 'Test Cases/Mobile/Page/CheckLogin' successfully

2022-03-11 08:30:48 - [TEST_CASE][PASSED] - Test Cases/Mobile/Page/CheckLogin: Test Cases/Mobile/Page/CheckLogin

2022-03-11 08:30:49 - [TEST_STEP][PASSED] - loginCheck = verifyElementExist(LOGN_BtnLogin, 5, CONTINUE_ON_FAILURE): Element 'Object Repository/Mobile/Page/Login/Button - Login' is exist

2022-03-11 08:30:49 - [MESSAGE][WARNING] - Test object with id 'Object Repository/Mobile/Page/Analysis/Button - Open With Just Once' does not exist

2022-03-11 08:30:49 - [MESSAGE][WARNING] - Test object with id 'Object Repository/Mobile/Page/Analysis/Button - Search' does not exist

2022-03-11 08:30:52 - [MESSAGE][WARNING] - Test object with id 'Object Repository/Mobile/Page/Home/Button -  Add Watchlist' does not exist

2022-03-11 08:30:52 - [MESSAGE][WARNING] - Test object with id 'Object Repository/Mobile/Page/Home/Button - Open with Just Once' does not exist

2022-03-11 08:30:52 - [MESSAGE][WARNING] - Test object with id 'Object Repository/Mobile/Page/Home/Container - Notification' does not exist

2022-03-11 08:30:53 - [MESSAGE][WARNING] - Test object with id 'Object Repository/Mobile/Page/Home/Watchlist/Input - Search' does not exist

2022-03-11 08:30:53 - [MESSAGE][WARNING] - Test object with id 'Object Repository/Mobile/Page/Home/Watchlist/Item - Top Search' does not exist

2022-03-11 08:30:54 - [MESSAGE][WARNING] - Test object with id 'Object Repository/Mobile/Page/Home/Watchlist/Detail Watchlist/Input - Expiry Date' does not exist

2022-03-11 08:30:54 - [MESSAGE][WARNING] - Test object with id 'Object Repository/Mobile/Page/Home/Watchlist/Detail Watchlist/Item - Watchlist' does not exist

2022-03-11 08:30:55 - [MESSAGE][WARNING] - Test object with id 'Object Repository/Mobile/Page/NavigationMenu/Button - Open Just Once' does not exist

2022-03-11 08:30:56 - [MESSAGE][WARNING] - Test object with id 'Object Repository/Mobile/Page/NavigationMenu/Container - Logout' does not exist

2022-03-11 08:31:02 - [MESSAGE][WARNING] - Test object with id 'Object Repository/Mobile/Page/Analysis/Button - Open With Just Once' does not exist

2022-03-11 08:31:02 - [MESSAGE][WARNING] - Test object with id 'Object Repository/Mobile/Page/Analysis/Button - Search' does not exist

2022-03-11 08:31:05 - [MESSAGE][WARNING] - Test object with id 'Object Repository/Mobile/Page/Home/Button -  Add Watchlist' does not exist

2022-03-11 08:31:05 - [MESSAGE][WARNING] - Test object with id 'Object Repository/Mobile/Page/Home/Button - Open with Just Once' does not exist

2022-03-11 08:31:05 - [MESSAGE][WARNING] - Test object with id 'Object Repository/Mobile/Page/Home/Container - Notification' does not exist

2022-03-11 08:31:06 - [MESSAGE][WARNING] - Test object with id 'Object Repository/Mobile/Page/Home/Watchlist/Input - Search' does not exist

2022-03-11 08:31:06 - [MESSAGE][WARNING] - Test object with id 'Object Repository/Mobile/Page/Home/Watchlist/Item - Top Search' does not exist

2022-03-11 08:31:06 - [MESSAGE][WARNING] - Test object with id 'Object Repository/Mobile/Page/Home/Watchlist/Detail Watchlist/Input - Expiry Date' does not exist

2022-03-11 08:31:07 - [MESSAGE][WARNING] - Test object with id 'Object Repository/Mobile/Page/Home/Watchlist/Detail Watchlist/Item - Watchlist' does not exist

2022-03-11 08:31:08 - [MESSAGE][WARNING] - Test object with id 'Object Repository/Mobile/Page/NavigationMenu/Button - Open Just Once' does not exist

2022-03-11 08:31:08 - [MESSAGE][WARNING] - Test object with id 'Object Repository/Mobile/Page/NavigationMenu/Container - Logout' does not exist

2022-03-11 08:31:15 - [MESSAGE][PASSED] - Element 'Object Repository/Mobile/Page/Login/Button - Login' is exist

2022-03-11 08:31:15 - [TEST_STEP][PASSED] - if (loginCheck): Call Test Case 'Test Cases/Mobile/Page/Login/Login' successfully

2022-03-11 08:31:15 - [TEST_STEP][PASSED] - callTestCase(findTestCase("Mobile/Page/Login/Login"), ["action":"username"], CONTINUE_ON_FAILURE): Call Test Case 'Test Cases/Mobile/Page/Login/Login' successfully

2022-03-11 08:31:15 - [TEST_CASE][PASSED] - Test Cases/Mobile/Page/Login/Login: Test Cases/Mobile/Page/Login/Login

2022-03-11 08:31:16 - [TEST_STEP][PASSED] - delay(2): Delayed 2 second(s)

2022-03-11 08:31:18 - [MESSAGE][PASSED] - Delayed 2 second(s)

2022-03-11 08:31:18 - [TEST_STEP][PASSED] - for ([i = 0, i < 1, (i++)]): null

2022-03-11 08:31:18 - [TEST_STEP][PASSED] - if (action == "username"): null

2022-03-11 08:31:18 - [TEST_STEP][PASSED] - tap(LOGN_EdtUserID, 0): Tapped on element 'Object Repository/Mobile/Page/Login/Input - UserID'

2022-03-11 08:31:18 - [MESSAGE][WARNING] - Timeout '0' is invalid. Using default page load timeout: '60'

2022-03-11 08:31:18 - [MESSAGE][PASSED] - Tapped on element 'Object Repository/Mobile/Page/Login/Input - UserID'

2022-03-11 08:31:18 - [TEST_STEP][PASSED] - delay(1): Delayed 1 second(s)

2022-03-11 08:31:19 - [MESSAGE][PASSED] - Delayed 1 second(s)

2022-03-11 08:31:19 - [TEST_STEP][PASSED] - setText(LOGN_EdtRdyUserID, "anggaaditya", 0): Text 'anggaaditya' has been set to element 'Object Repository/Mobile/Page/Login/Input Rdy - UserID'

2022-03-11 08:31:19 - [MESSAGE][WARNING] - Timeout '0' is invalid. Using default page load timeout: '60'

2022-03-11 08:31:20 - [MESSAGE][PASSED] - Text 'anggaaditya' has been set to element 'Object Repository/Mobile/Page/Login/Input Rdy - UserID'

2022-03-11 08:31:20 - [TEST_STEP][PASSED] - delay(1): Delayed 1 second(s)

2022-03-11 08:31:21 - [MESSAGE][PASSED] - Delayed 1 second(s)

2022-03-11 08:31:21 - [TEST_STEP][PASSED] - hideKeyboard(): Keyboard is hidden

2022-03-11 08:31:25 - [MESSAGE][PASSED] - Keyboard is hidden

2022-03-11 08:31:25 - [TEST_STEP][PASSED] - tap(LOGN_EdtPassword, 0): Tapped on element 'Object Repository/Mobile/Page/Login/Input - Password'

2022-03-11 08:31:25 - [MESSAGE][WARNING] - Timeout '0' is invalid. Using default page load timeout: '60'

2022-03-11 08:31:25 - [MESSAGE][PASSED] - Tapped on element 'Object Repository/Mobile/Page/Login/Input - Password'

2022-03-11 08:31:25 - [TEST_STEP][PASSED] - delay(1): Delayed 1 second(s)

2022-03-11 08:31:26 - [MESSAGE][PASSED] - Delayed 1 second(s)

2022-03-11 08:31:26 - [TEST_STEP][PASSED] - setText(LOGN_EdtRdyPassword, "Shalawa18", 0): Text 'Shalawa18' has been set to element 'Object Repository/Mobile/Page/Login/Input Rdy - Password'

2022-03-11 08:31:26 - [MESSAGE][WARNING] - Timeout '0' is invalid. Using default page load timeout: '60'

2022-03-11 08:31:27 - [MESSAGE][PASSED] - Text 'Shalawa18' has been set to element 'Object Repository/Mobile/Page/Login/Input Rdy - Password'

2022-03-11 08:31:27 - [TEST_STEP][PASSED] - delay(1): Delayed 1 second(s)

2022-03-11 08:31:28 - [MESSAGE][PASSED] - Delayed 1 second(s)

2022-03-11 08:31:28 - [TEST_STEP][PASSED] - hideKeyboard(): Keyboard is hidden

2022-03-11 08:31:35 - [MESSAGE][PASSED] - Keyboard is hidden

2022-03-11 08:31:35 - [TEST_STEP][PASSED] - tap(LOGN_BtnLogin, 0): Tapped on element 'Object Repository/Mobile/Page/Login/Button - Login'

2022-03-11 08:31:35 - [MESSAGE][WARNING] - Timeout '0' is invalid. Using default page load timeout: '60'

2022-03-11 08:31:36 - [MESSAGE][PASSED] - Tapped on element 'Object Repository/Mobile/Page/Login/Button - Login'

2022-03-11 08:31:36 - [TEST_STEP][PASSED] - delay(2): Delayed 2 second(s)

2022-03-11 08:31:38 - [MESSAGE][PASSED] - Delayed 2 second(s)

2022-03-11 08:31:38 - [TEST_STEP][PASSED] - break: null

2022-03-11 08:31:38 - [MESSAGE][PASSED] - Call Test Case 'Test Cases/Mobile/Page/Login/Login' successfully

2022-03-11 08:31:38 - [MESSAGE][PASSED] - Call Test Case 'Test Cases/Mobile/Page/CheckLogin' successfully

2022-03-11 08:31:38 - [TEST_STEP][PASSED] - tap(HOME_MenubarAnalysis, 0): Tapped on element 'Object Repository/Mobile/Page/Home/Menubar - Analysis'

2022-03-11 08:31:38 - [MESSAGE][WARNING] - Timeout '0' is invalid. Using default page load timeout: '60'

2022-03-11 08:31:39 - [MESSAGE][PASSED] - Tapped on element 'Object Repository/Mobile/Page/Home/Menubar - Analysis'

2022-03-11 08:31:39 - [TEST_STEP][PASSED] - delay(3): Delayed 3 second(s)

2022-03-11 08:31:42 - [MESSAGE][PASSED] - Delayed 3 second(s)

2022-03-11 08:31:42 - [TEST_STEP][PASSED] - for ([i = 0, i < 1, (i++)]): Delayed 2 second(s)

2022-03-11 08:31:42 - [TEST_STEP][PASSED] - if (action == "technicalsearch"): Delayed 2 second(s)

2022-03-11 08:31:42 - [TEST_STEP][PASSED] - tap(ANAL_DropTechIndicator, 0): Tapped on element 'Object Repository/Mobile/Page/Analysis/Dropdown - Technical Indicator'

2022-03-11 08:31:42 - [MESSAGE][WARNING] - Timeout '0' is invalid. Using default page load timeout: '60'

2022-03-11 08:31:44 - [MESSAGE][PASSED] - Tapped on element 'Object Repository/Mobile/Page/Analysis/Dropdown - Technical Indicator'

2022-03-11 08:31:44 - [TEST_STEP][PASSED] - delay(1): Delayed 1 second(s)

2022-03-11 08:31:45 - [MESSAGE][PASSED] - Delayed 1 second(s)

2022-03-11 08:31:45 - [TEST_STEP][PASSED] - tap(ANAL_OptTechIndicatorAll, 0): Tapped on element 'Object Repository/Mobile/Page/Analysis/Option Technical Indicator - All'

2022-03-11 08:31:45 - [MESSAGE][WARNING] - Timeout '0' is invalid. Using default page load timeout: '60'

2022-03-11 08:31:46 - [MESSAGE][PASSED] - Tapped on element 'Object Repository/Mobile/Page/Analysis/Option Technical Indicator - All'

2022-03-11 08:31:46 - [TEST_STEP][PASSED] - delay(1): Delayed 1 second(s)

2022-03-11 08:31:47 - [MESSAGE][PASSED] - Delayed 1 second(s)

2022-03-11 08:31:47 - [TEST_STEP][PASSED] - tap(ANAL_DropMarketCap, 0): Tapped on element 'Object Repository/Mobile/Page/Analysis/Dropdown - Market Cap'

2022-03-11 08:31:47 - [MESSAGE][WARNING] - Timeout '0' is invalid. Using default page load timeout: '60'

2022-03-11 08:31:48 - [MESSAGE][PASSED] - Tapped on element 'Object Repository/Mobile/Page/Analysis/Dropdown - Market Cap'

2022-03-11 08:31:48 - [TEST_STEP][PASSED] - delay(1): Delayed 1 second(s)

2022-03-11 08:31:49 - [MESSAGE][PASSED] - Delayed 1 second(s)

2022-03-11 08:31:49 - [TEST_STEP][PASSED] - tap(ANAL_OptMarketCap1T, 0): Tapped on element 'Object Repository/Mobile/Page/Analysis/Option Market Cap - 1 Trillion'

2022-03-11 08:31:49 - [MESSAGE][WARNING] - Timeout '0' is invalid. Using default page load timeout: '60'

2022-03-11 08:31:51 - [MESSAGE][PASSED] - Tapped on element 'Object Repository/Mobile/Page/Analysis/Option Market Cap - 1 Trillion'

2022-03-11 08:31:51 - [TEST_STEP][PASSED] - delay(1): Delayed 1 second(s)

2022-03-11 08:31:52 - [MESSAGE][PASSED] - Delayed 1 second(s)

2022-03-11 08:31:52 - [TEST_STEP][PASSED] - tap(ANAL_DropTransaction, 0): Tapped on element 'Object Repository/Mobile/Page/Analysis/Dropdown - Transaction'

2022-03-11 08:31:52 - [MESSAGE][WARNING] - Timeout '0' is invalid. Using default page load timeout: '60'

2022-03-11 08:31:53 - [MESSAGE][PASSED] - Tapped on element 'Object Repository/Mobile/Page/Analysis/Dropdown - Transaction'

2022-03-11 08:31:53 - [TEST_STEP][PASSED] - delay(1): Delayed 1 second(s)

2022-03-11 08:31:54 - [MESSAGE][PASSED] - Delayed 1 second(s)

2022-03-11 08:31:54 - [TEST_STEP][PASSED] - tap(ANAL_OptTransaction10B, 0): Tapped on element 'Object Repository/Mobile/Page/Analysis/Option Transaction - 10 Billion'

2022-03-11 08:31:54 - [MESSAGE][WARNING] - Timeout '0' is invalid. Using default page load timeout: '60'

2022-03-11 08:31:55 - [MESSAGE][PASSED] - Tapped on element 'Object Repository/Mobile/Page/Analysis/Option Transaction - 10 Billion'

2022-03-11 08:31:55 - [TEST_STEP][PASSED] - delay(1): Delayed 1 second(s)

2022-03-11 08:31:56 - [MESSAGE][PASSED] - Delayed 1 second(s)

2022-03-11 08:31:56 - [TEST_STEP][PASSED] - tap(ANAL_DropTimeFrame, 0): Tapped on element 'Object Repository/Mobile/Page/Analysis/Dropdown - Time Frame'

2022-03-11 08:31:56 - [MESSAGE][WARNING] - Timeout '0' is invalid. Using default page load timeout: '60'

2022-03-11 08:31:56 - [MESSAGE][PASSED] - Tapped on element 'Object Repository/Mobile/Page/Analysis/Dropdown - Time Frame'

2022-03-11 08:31:56 - [TEST_STEP][PASSED] - delay(1): Delayed 1 second(s)

2022-03-11 08:31:57 - [MESSAGE][PASSED] - Delayed 1 second(s)

2022-03-11 08:31:57 - [TEST_STEP][PASSED] - tap(ANAL_OptTimeFrameDaily, 0): Tapped on element 'Object Repository/Mobile/Page/Analysis/Option Time Frame - Daily'

2022-03-11 08:31:57 - [MESSAGE][WARNING] - Timeout '0' is invalid. Using default page load timeout: '60'

2022-03-11 08:31:57 - [MESSAGE][PASSED] - Tapped on element 'Object Repository/Mobile/Page/Analysis/Option Time Frame - Daily'

2022-03-11 08:31:57 - [TEST_STEP][PASSED] - delay(1): Delayed 1 second(s)

2022-03-11 08:31:58 - [MESSAGE][PASSED] - Delayed 1 second(s)

2022-03-11 08:31:58 - [TEST_STEP][PASSED] - tap(ANAL_DropIndex, 0): Tapped on element 'Object Repository/Mobile/Page/Analysis/Dropdown - Index'

2022-03-11 08:31:58 - [MESSAGE][WARNING] - Timeout '0' is invalid. Using default page load timeout: '60'

2022-03-11 08:32:00 - [MESSAGE][PASSED] - Tapped on element 'Object Repository/Mobile/Page/Analysis/Dropdown - Index'

2022-03-11 08:32:00 - [TEST_STEP][PASSED] - delay(1): Delayed 1 second(s)

2022-03-11 08:32:01 - [MESSAGE][PASSED] - Delayed 1 second(s)

2022-03-11 08:32:01 - [TEST_STEP][PASSED] - tap(ANAL_OptIndexIdx30, 0): Tapped on element 'Object Repository/Mobile/Page/Analysis/Option Index - Idx30'

2022-03-11 08:32:01 - [MESSAGE][WARNING] - Timeout '0' is invalid. Using default page load timeout: '60'

2022-03-11 08:32:02 - [MESSAGE][PASSED] - Tapped on element 'Object Repository/Mobile/Page/Analysis/Option Index - Idx30'

2022-03-11 08:32:02 - [TEST_STEP][PASSED] - delay(2): Delayed 2 second(s)

2022-03-11 08:32:04 - [MESSAGE][PASSED] - Delayed 2 second(s)

2022-03-11 08:32:04 - [MESSAGE][PASSED] - Call Test Case 'Test Cases/Mobile/Page/Analysis/Analysis' successfully

2022-03-11 08:32:04 - [TEST_STEP][PASSED] - callTestCase(findTestCase("Mobile/Page/Run App/Terminate App"), [:], STOP_ON_FAILURE): Call Test Case 'Test Cases/Mobile/Page/Run App/Terminate App' successfully

2022-03-11 08:32:04 - [TEST_CASE][PASSED] - Test Cases/Mobile/Page/Run App/Terminate App: Test Cases/Mobile/Page/Run App/Terminate App

2022-03-11 08:32:05 - [TEST_STEP][PASSED] - startApp.OpenApp.terminateApplication(): startApp.OpenApp.terminateApplication is PASSED

2022-03-11 08:32:08 - [MESSAGE][PASSED] - Delayed 3 second(s)

2022-03-11 08:32:08 - [MESSAGE][PASSED] - Current device physical width is 720

2022-03-11 08:32:08 - [MESSAGE][PASSED] - Current device physical height is 1423

2022-03-11 08:32:10 - [MESSAGE][PASSED] - Swiped from 360,853 to 360,142

2022-03-11 08:32:11 - [MESSAGE][PASSED] - Delayed 1 second(s)

2022-03-11 08:32:12 - [MESSAGE][PASSED] - Swiped from 360,853 to 360,142

2022-03-11 08:32:15 - [MESSAGE][PASSED] - Delayed 3 second(s)

2022-03-11 08:32:15 - [MESSAGE][PASSED] - startApp.OpenApp.terminateApplication is PASSED

2022-03-11 08:32:15 - [MESSAGE][PASSED] - Call Test Case 'Test Cases/Mobile/Page/Run App/Terminate App' successfully]]></system-out>
         <system-err><![CDATA[]]></system-err>
      </testcase>
      <testcase name="Test Cases/Mobile/Scenario/Analysis/002 - Melihat detail stock kategori day" time="65.3" classname="Test Cases/Mobile/Scenario/Analysis/002 - Melihat detail stock kategori day" status="PASSED">
         <system-out><![CDATA[2022-03-11 08:32:15 - [TEST_CASE][PASSED] - Test Cases/Mobile/Scenario/Analysis/002 - Melihat detail stock kategori day: Test Cases/Mobile/Scenario/Analysis/002 - Melihat detail stock kategori day

2022-03-11 08:32:15 - [TEST_STEP][PASSED] - callTestCase(findTestCase("Mobile/Page/Run App/Run App byID"), [:], STOP_ON_FAILURE): Call Test Case 'Test Cases/Mobile/Page/Run App/Run App byID' successfully

2022-03-11 08:32:15 - [TEST_CASE][PASSED] - Test Cases/Mobile/Page/Run App/Run App byID: Test Cases/Mobile/Page/Run App/Run App byID

2022-03-11 08:32:15 - [TEST_STEP][PASSED] - startApp.OpenApp.startApplication("id.co.miraeasset.sageclub"): startApp.OpenApp.startApplication is PASSED

2022-03-11 08:32:29 - [MESSAGE][PASSED] - Starting app with application ID: 'id.co.miraeasset.sageclub'

2022-03-11 08:32:29 - [MESSAGE][PASSED] - startApp.OpenApp.startApplication is PASSED

2022-03-11 08:32:29 - [MESSAGE][PASSED] - Call Test Case 'Test Cases/Mobile/Page/Run App/Run App byID' successfully

2022-03-11 08:32:29 - [TEST_STEP][PASSED] - callTestCase(findTestCase("Mobile/Page/Analysis/Analysis"), ["action":"technicaldetail", "action2":"day"], CONTINUE_ON_FAILURE): Call Test Case 'Test Cases/Mobile/Page/Analysis/Analysis' successfully

2022-03-11 08:32:29 - [TEST_CASE][PASSED] - Test Cases/Mobile/Page/Analysis/Analysis: Test Cases/Mobile/Page/Analysis/Analysis

2022-03-11 08:32:29 - [TEST_STEP][PASSED] - callTestCase(findTestCase("Mobile/Page/CheckLogin"), [:], CONTINUE_ON_FAILURE): Call Test Case 'Test Cases/Mobile/Page/CheckLogin' successfully

2022-03-11 08:32:29 - [TEST_CASE][PASSED] - Test Cases/Mobile/Page/CheckLogin: Test Cases/Mobile/Page/CheckLogin

2022-03-11 08:32:29 - [TEST_STEP][PASSED] - loginCheck = verifyElementExist(LOGN_BtnLogin, 5, CONTINUE_ON_FAILURE): Element 'Object Repository/Mobile/Page/Login/Button - Login' is exist

2022-03-11 08:32:30 - [MESSAGE][PASSED] - Element 'Object Repository/Mobile/Page/Login/Button - Login' is exist

2022-03-11 08:32:30 - [TEST_STEP][PASSED] - if (loginCheck): Call Test Case 'Test Cases/Mobile/Page/Login/Login' successfully

2022-03-11 08:32:30 - [TEST_STEP][PASSED] - callTestCase(findTestCase("Mobile/Page/Login/Login"), ["action":"username"], CONTINUE_ON_FAILURE): Call Test Case 'Test Cases/Mobile/Page/Login/Login' successfully

2022-03-11 08:32:31 - [TEST_CASE][PASSED] - Test Cases/Mobile/Page/Login/Login: Test Cases/Mobile/Page/Login/Login

2022-03-11 08:32:31 - [TEST_STEP][PASSED] - delay(2): Delayed 2 second(s)

2022-03-11 08:32:33 - [MESSAGE][PASSED] - Delayed 2 second(s)

2022-03-11 08:32:33 - [TEST_STEP][PASSED] - for ([i = 0, i < 1, (i++)]): null

2022-03-11 08:32:33 - [TEST_STEP][PASSED] - if (action == "username"): null

2022-03-11 08:32:33 - [TEST_STEP][PASSED] - tap(LOGN_EdtUserID, 0): Tapped on element 'Object Repository/Mobile/Page/Login/Input - UserID'

2022-03-11 08:32:33 - [MESSAGE][WARNING] - Timeout '0' is invalid. Using default page load timeout: '60'

2022-03-11 08:32:33 - [MESSAGE][PASSED] - Tapped on element 'Object Repository/Mobile/Page/Login/Input - UserID'

2022-03-11 08:32:33 - [TEST_STEP][PASSED] - delay(1): Delayed 1 second(s)

2022-03-11 08:32:34 - [MESSAGE][PASSED] - Delayed 1 second(s)

2022-03-11 08:32:34 - [TEST_STEP][PASSED] - setText(LOGN_EdtRdyUserID, "anggaaditya", 0): Text 'anggaaditya' has been set to element 'Object Repository/Mobile/Page/Login/Input Rdy - UserID'

2022-03-11 08:32:34 - [MESSAGE][WARNING] - Timeout '0' is invalid. Using default page load timeout: '60'

2022-03-11 08:32:35 - [MESSAGE][PASSED] - Text 'anggaaditya' has been set to element 'Object Repository/Mobile/Page/Login/Input Rdy - UserID'

2022-03-11 08:32:35 - [TEST_STEP][PASSED] - delay(1): Delayed 1 second(s)

2022-03-11 08:32:36 - [MESSAGE][PASSED] - Delayed 1 second(s)

2022-03-11 08:32:36 - [TEST_STEP][PASSED] - hideKeyboard(): Keyboard is hidden

2022-03-11 08:32:39 - [MESSAGE][PASSED] - Keyboard is hidden

2022-03-11 08:32:39 - [TEST_STEP][PASSED] - tap(LOGN_EdtPassword, 0): Tapped on element 'Object Repository/Mobile/Page/Login/Input - Password'

2022-03-11 08:32:39 - [MESSAGE][WARNING] - Timeout '0' is invalid. Using default page load timeout: '60'

2022-03-11 08:32:40 - [MESSAGE][PASSED] - Tapped on element 'Object Repository/Mobile/Page/Login/Input - Password'

2022-03-11 08:32:40 - [TEST_STEP][PASSED] - delay(1): Delayed 1 second(s)

2022-03-11 08:32:41 - [MESSAGE][PASSED] - Delayed 1 second(s)

2022-03-11 08:32:41 - [TEST_STEP][PASSED] - setText(LOGN_EdtRdyPassword, "Shalawa18", 0): Text 'Shalawa18' has been set to element 'Object Repository/Mobile/Page/Login/Input Rdy - Password'

2022-03-11 08:32:41 - [MESSAGE][WARNING] - Timeout '0' is invalid. Using default page load timeout: '60'

2022-03-11 08:32:42 - [MESSAGE][PASSED] - Text 'Shalawa18' has been set to element 'Object Repository/Mobile/Page/Login/Input Rdy - Password'

2022-03-11 08:32:42 - [TEST_STEP][PASSED] - delay(1): Delayed 1 second(s)

2022-03-11 08:32:43 - [MESSAGE][PASSED] - Delayed 1 second(s)

2022-03-11 08:32:43 - [TEST_STEP][PASSED] - hideKeyboard(): Keyboard is hidden

2022-03-11 08:32:49 - [MESSAGE][PASSED] - Keyboard is hidden

2022-03-11 08:32:49 - [TEST_STEP][PASSED] - tap(LOGN_BtnLogin, 0): Tapped on element 'Object Repository/Mobile/Page/Login/Button - Login'

2022-03-11 08:32:49 - [MESSAGE][WARNING] - Timeout '0' is invalid. Using default page load timeout: '60'

2022-03-11 08:32:50 - [MESSAGE][PASSED] - Tapped on element 'Object Repository/Mobile/Page/Login/Button - Login'

2022-03-11 08:32:50 - [TEST_STEP][PASSED] - delay(2): Delayed 2 second(s)

2022-03-11 08:32:52 - [MESSAGE][PASSED] - Delayed 2 second(s)

2022-03-11 08:32:52 - [TEST_STEP][PASSED] - break: null

2022-03-11 08:32:52 - [MESSAGE][PASSED] - Call Test Case 'Test Cases/Mobile/Page/Login/Login' successfully

2022-03-11 08:32:52 - [MESSAGE][PASSED] - Call Test Case 'Test Cases/Mobile/Page/CheckLogin' successfully

2022-03-11 08:32:52 - [TEST_STEP][PASSED] - tap(HOME_MenubarAnalysis, 0): Tapped on element 'Object Repository/Mobile/Page/Home/Menubar - Analysis'

2022-03-11 08:32:52 - [MESSAGE][WARNING] - Timeout '0' is invalid. Using default page load timeout: '60'

2022-03-11 08:32:54 - [MESSAGE][PASSED] - Tapped on element 'Object Repository/Mobile/Page/Home/Menubar - Analysis'

2022-03-11 08:32:54 - [TEST_STEP][PASSED] - delay(3): Delayed 3 second(s)

2022-03-11 08:32:57 - [MESSAGE][PASSED] - Delayed 3 second(s)

2022-03-11 08:32:57 - [TEST_STEP][PASSED] - for ([i = 0, i < 1, (i++)]): Delayed 2 second(s)

2022-03-11 08:32:57 - [TEST_STEP][PASSED] - if (action == "technicalsearch"): null

2022-03-11 08:32:57 - [TEST_STEP][PASSED] - else if (action == "technicaldetail"): Delayed 2 second(s)

2022-03-11 08:32:57 - [TEST_STEP][PASSED] - tapAndHold(ANAL_ItemTopResultTech, 1, 0): Tapped and held on element 'Object Repository/Mobile/Page/Analysis/Item - Top Technical' with duration 1

2022-03-11 08:32:57 - [MESSAGE][WARNING] - Timeout '0' is invalid. Using default page load timeout: '60'

2022-03-11 08:33:00 - [MESSAGE][PASSED] - Tapped and held on element 'Object Repository/Mobile/Page/Analysis/Item - Top Technical' with duration 1

2022-03-11 08:33:00 - [TEST_STEP][PASSED] - delay(5): Delayed 5 second(s)

2022-03-11 08:33:05 - [MESSAGE][PASSED] - Delayed 5 second(s)

2022-03-11 08:33:05 - [TEST_STEP][PASSED] - switch (action2): null

2022-03-11 08:33:05 - [TEST_STEP][PASSED] - case "day":: null

2022-03-11 08:33:05 - [TEST_STEP][PASSED] - tapAndHold(ANAL_DETL_BtnD, 1, 0): Tapped and held on element 'Object Repository/Mobile/Page/Analysis/Detail/Button - D' with duration 1

2022-03-11 08:33:05 - [MESSAGE][WARNING] - Timeout '0' is invalid. Using default page load timeout: '60'

2022-03-11 08:33:08 - [MESSAGE][PASSED] - Tapped and held on element 'Object Repository/Mobile/Page/Analysis/Detail/Button - D' with duration 1

2022-03-11 08:33:08 - [TEST_STEP][PASSED] - break: null

2022-03-11 08:33:08 - [TEST_STEP][PASSED] - delay(2): Delayed 2 second(s)

2022-03-11 08:33:10 - [MESSAGE][PASSED] - Delayed 2 second(s)

2022-03-11 08:33:10 - [MESSAGE][PASSED] - Call Test Case 'Test Cases/Mobile/Page/Analysis/Analysis' successfully

2022-03-11 08:33:10 - [TEST_STEP][PASSED] - callTestCase(findTestCase("Mobile/Page/Run App/Terminate App"), [:], STOP_ON_FAILURE): Call Test Case 'Test Cases/Mobile/Page/Run App/Terminate App' successfully

2022-03-11 08:33:10 - [TEST_CASE][PASSED] - Test Cases/Mobile/Page/Run App/Terminate App: Test Cases/Mobile/Page/Run App/Terminate App

2022-03-11 08:33:10 - [TEST_STEP][PASSED] - startApp.OpenApp.terminateApplication(): startApp.OpenApp.terminateApplication is PASSED

2022-03-11 08:33:13 - [MESSAGE][PASSED] - Delayed 3 second(s)

2022-03-11 08:33:13 - [MESSAGE][PASSED] - Current device physical width is 720

2022-03-11 08:33:14 - [MESSAGE][PASSED] - Current device physical height is 1423

2022-03-11 08:33:15 - [MESSAGE][PASSED] - Swiped from 360,853 to 360,142

2022-03-11 08:33:16 - [MESSAGE][PASSED] - Delayed 1 second(s)

2022-03-11 08:33:17 - [MESSAGE][PASSED] - Swiped from 360,853 to 360,142

2022-03-11 08:33:20 - [MESSAGE][PASSED] - Delayed 3 second(s)

2022-03-11 08:33:20 - [MESSAGE][PASSED] - startApp.OpenApp.terminateApplication is PASSED

2022-03-11 08:33:20 - [MESSAGE][PASSED] - Call Test Case 'Test Cases/Mobile/Page/Run App/Terminate App' successfully]]></system-out>
         <system-err><![CDATA[]]></system-err>
      </testcase>
      <testcase name="Test Cases/Mobile/Scenario/Analysis/003 - Melihat detail stock kategori week" time="66.918" classname="Test Cases/Mobile/Scenario/Analysis/003 - Melihat detail stock kategori week" status="PASSED">
         <system-out><![CDATA[2022-03-11 08:33:20 - [TEST_CASE][PASSED] - Test Cases/Mobile/Scenario/Analysis/003 - Melihat detail stock kategori week: Test Cases/Mobile/Scenario/Analysis/003 - Melihat detail stock kategori week

2022-03-11 08:33:21 - [TEST_STEP][PASSED] - callTestCase(findTestCase("Mobile/Page/Run App/Run App byID"), [:], STOP_ON_FAILURE): Call Test Case 'Test Cases/Mobile/Page/Run App/Run App byID' successfully

2022-03-11 08:33:21 - [TEST_CASE][PASSED] - Test Cases/Mobile/Page/Run App/Run App byID: Test Cases/Mobile/Page/Run App/Run App byID

2022-03-11 08:33:21 - [TEST_STEP][PASSED] - startApp.OpenApp.startApplication("id.co.miraeasset.sageclub"): startApp.OpenApp.startApplication is PASSED

2022-03-11 08:33:34 - [MESSAGE][PASSED] - Starting app with application ID: 'id.co.miraeasset.sageclub'

2022-03-11 08:33:34 - [MESSAGE][PASSED] - startApp.OpenApp.startApplication is PASSED

2022-03-11 08:33:34 - [MESSAGE][PASSED] - Call Test Case 'Test Cases/Mobile/Page/Run App/Run App byID' successfully

2022-03-11 08:33:34 - [TEST_STEP][PASSED] - callTestCase(findTestCase("Mobile/Page/Analysis/Analysis"), ["action":"technicaldetail", "action2":"week"], CONTINUE_ON_FAILURE): Call Test Case 'Test Cases/Mobile/Page/Analysis/Analysis' successfully

2022-03-11 08:33:34 - [TEST_CASE][PASSED] - Test Cases/Mobile/Page/Analysis/Analysis: Test Cases/Mobile/Page/Analysis/Analysis

2022-03-11 08:33:34 - [TEST_STEP][PASSED] - callTestCase(findTestCase("Mobile/Page/CheckLogin"), [:], CONTINUE_ON_FAILURE): Call Test Case 'Test Cases/Mobile/Page/CheckLogin' successfully

2022-03-11 08:33:34 - [TEST_CASE][PASSED] - Test Cases/Mobile/Page/CheckLogin: Test Cases/Mobile/Page/CheckLogin

2022-03-11 08:33:34 - [TEST_STEP][PASSED] - loginCheck = verifyElementExist(LOGN_BtnLogin, 5, CONTINUE_ON_FAILURE): Element 'Object Repository/Mobile/Page/Login/Button - Login' is exist

2022-03-11 08:33:36 - [MESSAGE][PASSED] - Element 'Object Repository/Mobile/Page/Login/Button - Login' is exist

2022-03-11 08:33:36 - [TEST_STEP][PASSED] - if (loginCheck): Call Test Case 'Test Cases/Mobile/Page/Login/Login' successfully

2022-03-11 08:33:36 - [TEST_STEP][PASSED] - callTestCase(findTestCase("Mobile/Page/Login/Login"), ["action":"username"], CONTINUE_ON_FAILURE): Call Test Case 'Test Cases/Mobile/Page/Login/Login' successfully

2022-03-11 08:33:36 - [TEST_CASE][PASSED] - Test Cases/Mobile/Page/Login/Login: Test Cases/Mobile/Page/Login/Login

2022-03-11 08:33:36 - [TEST_STEP][PASSED] - delay(2): Delayed 2 second(s)

2022-03-11 08:33:38 - [MESSAGE][PASSED] - Delayed 2 second(s)

2022-03-11 08:33:38 - [TEST_STEP][PASSED] - for ([i = 0, i < 1, (i++)]): null

2022-03-11 08:33:38 - [TEST_STEP][PASSED] - if (action == "username"): null

2022-03-11 08:33:38 - [TEST_STEP][PASSED] - tap(LOGN_EdtUserID, 0): Tapped on element 'Object Repository/Mobile/Page/Login/Input - UserID'

2022-03-11 08:33:38 - [MESSAGE][WARNING] - Timeout '0' is invalid. Using default page load timeout: '60'

2022-03-11 08:33:39 - [MESSAGE][PASSED] - Tapped on element 'Object Repository/Mobile/Page/Login/Input - UserID'

2022-03-11 08:33:39 - [TEST_STEP][PASSED] - delay(1): Delayed 1 second(s)

2022-03-11 08:33:40 - [MESSAGE][PASSED] - Delayed 1 second(s)

2022-03-11 08:33:40 - [TEST_STEP][PASSED] - setText(LOGN_EdtRdyUserID, "anggaaditya", 0): Text 'anggaaditya' has been set to element 'Object Repository/Mobile/Page/Login/Input Rdy - UserID'

2022-03-11 08:33:40 - [MESSAGE][WARNING] - Timeout '0' is invalid. Using default page load timeout: '60'

2022-03-11 08:33:41 - [MESSAGE][PASSED] - Text 'anggaaditya' has been set to element 'Object Repository/Mobile/Page/Login/Input Rdy - UserID'

2022-03-11 08:33:41 - [TEST_STEP][PASSED] - delay(1): Delayed 1 second(s)

2022-03-11 08:33:42 - [MESSAGE][PASSED] - Delayed 1 second(s)

2022-03-11 08:33:42 - [TEST_STEP][PASSED] - hideKeyboard(): Keyboard is hidden

2022-03-11 08:33:45 - [MESSAGE][PASSED] - Keyboard is hidden

2022-03-11 08:33:45 - [TEST_STEP][PASSED] - tap(LOGN_EdtPassword, 0): Tapped on element 'Object Repository/Mobile/Page/Login/Input - Password'

2022-03-11 08:33:45 - [MESSAGE][WARNING] - Timeout '0' is invalid. Using default page load timeout: '60'

2022-03-11 08:33:47 - [MESSAGE][PASSED] - Tapped on element 'Object Repository/Mobile/Page/Login/Input - Password'

2022-03-11 08:33:47 - [TEST_STEP][PASSED] - delay(1): Delayed 1 second(s)

2022-03-11 08:33:48 - [MESSAGE][PASSED] - Delayed 1 second(s)

2022-03-11 08:33:48 - [TEST_STEP][PASSED] - setText(LOGN_EdtRdyPassword, "Shalawa18", 0): Text 'Shalawa18' has been set to element 'Object Repository/Mobile/Page/Login/Input Rdy - Password'

2022-03-11 08:33:48 - [MESSAGE][WARNING] - Timeout '0' is invalid. Using default page load timeout: '60'

2022-03-11 08:33:48 - [MESSAGE][PASSED] - Text 'Shalawa18' has been set to element 'Object Repository/Mobile/Page/Login/Input Rdy - Password'

2022-03-11 08:33:48 - [TEST_STEP][PASSED] - delay(1): Delayed 1 second(s)

2022-03-11 08:33:49 - [MESSAGE][PASSED] - Delayed 1 second(s)

2022-03-11 08:33:49 - [TEST_STEP][PASSED] - hideKeyboard(): Keyboard is hidden

2022-03-11 08:33:56 - [MESSAGE][PASSED] - Keyboard is hidden

2022-03-11 08:33:56 - [TEST_STEP][PASSED] - tap(LOGN_BtnLogin, 0): Tapped on element 'Object Repository/Mobile/Page/Login/Button - Login'

2022-03-11 08:33:56 - [MESSAGE][WARNING] - Timeout '0' is invalid. Using default page load timeout: '60'

2022-03-11 08:33:57 - [MESSAGE][PASSED] - Tapped on element 'Object Repository/Mobile/Page/Login/Button - Login'

2022-03-11 08:33:57 - [TEST_STEP][PASSED] - delay(2): Delayed 2 second(s)

2022-03-11 08:33:59 - [MESSAGE][PASSED] - Delayed 2 second(s)

2022-03-11 08:33:59 - [TEST_STEP][PASSED] - break: null

2022-03-11 08:33:59 - [MESSAGE][PASSED] - Call Test Case 'Test Cases/Mobile/Page/Login/Login' successfully

2022-03-11 08:33:59 - [MESSAGE][PASSED] - Call Test Case 'Test Cases/Mobile/Page/CheckLogin' successfully

2022-03-11 08:33:59 - [TEST_STEP][PASSED] - tap(HOME_MenubarAnalysis, 0): Tapped on element 'Object Repository/Mobile/Page/Home/Menubar - Analysis'

2022-03-11 08:33:59 - [MESSAGE][WARNING] - Timeout '0' is invalid. Using default page load timeout: '60'

2022-03-11 08:34:01 - [MESSAGE][PASSED] - Tapped on element 'Object Repository/Mobile/Page/Home/Menubar - Analysis'

2022-03-11 08:34:01 - [TEST_STEP][PASSED] - delay(3): Delayed 3 second(s)

2022-03-11 08:34:04 - [MESSAGE][PASSED] - Delayed 3 second(s)

2022-03-11 08:34:04 - [TEST_STEP][PASSED] - for ([i = 0, i < 1, (i++)]): Delayed 2 second(s)

2022-03-11 08:34:04 - [TEST_STEP][PASSED] - if (action == "technicalsearch"): null

2022-03-11 08:34:04 - [TEST_STEP][PASSED] - else if (action == "technicaldetail"): Delayed 2 second(s)

2022-03-11 08:34:04 - [TEST_STEP][PASSED] - tapAndHold(ANAL_ItemTopResultTech, 1, 0): Tapped and held on element 'Object Repository/Mobile/Page/Analysis/Item - Top Technical' with duration 1

2022-03-11 08:34:04 - [MESSAGE][WARNING] - Timeout '0' is invalid. Using default page load timeout: '60'

2022-03-11 08:34:07 - [MESSAGE][PASSED] - Tapped and held on element 'Object Repository/Mobile/Page/Analysis/Item - Top Technical' with duration 1

2022-03-11 08:34:07 - [TEST_STEP][PASSED] - delay(5): Delayed 5 second(s)

2022-03-11 08:34:12 - [MESSAGE][PASSED] - Delayed 5 second(s)

2022-03-11 08:34:12 - [TEST_STEP][PASSED] - switch (action2): null

2022-03-11 08:34:12 - [TEST_STEP][PASSED] - case "week":: null

2022-03-11 08:34:12 - [TEST_STEP][PASSED] - tapAndHold(ANAL_DETL_BtnW, 1, 0): Tapped and held on element 'Object Repository/Mobile/Page/Analysis/Detail/Button - W' with duration 1

2022-03-11 08:34:12 - [MESSAGE][WARNING] - Timeout '0' is invalid. Using default page load timeout: '60'

2022-03-11 08:34:15 - [MESSAGE][PASSED] - Tapped and held on element 'Object Repository/Mobile/Page/Analysis/Detail/Button - W' with duration 1

2022-03-11 08:34:15 - [TEST_STEP][PASSED] - break: null

2022-03-11 08:34:15 - [TEST_STEP][PASSED] - delay(2): Delayed 2 second(s)

2022-03-11 08:34:17 - [MESSAGE][PASSED] - Delayed 2 second(s)

2022-03-11 08:34:17 - [MESSAGE][PASSED] - Call Test Case 'Test Cases/Mobile/Page/Analysis/Analysis' successfully

2022-03-11 08:34:17 - [TEST_STEP][PASSED] - callTestCase(findTestCase("Mobile/Page/Run App/Terminate App"), [:], STOP_ON_FAILURE): Call Test Case 'Test Cases/Mobile/Page/Run App/Terminate App' successfully

2022-03-11 08:34:17 - [TEST_CASE][PASSED] - Test Cases/Mobile/Page/Run App/Terminate App: Test Cases/Mobile/Page/Run App/Terminate App

2022-03-11 08:34:17 - [TEST_STEP][PASSED] - startApp.OpenApp.terminateApplication(): startApp.OpenApp.terminateApplication is PASSED

2022-03-11 08:34:20 - [MESSAGE][PASSED] - Delayed 3 second(s)

2022-03-11 08:34:20 - [MESSAGE][PASSED] - Current device physical width is 720

2022-03-11 08:34:20 - [MESSAGE][PASSED] - Current device physical height is 1423

2022-03-11 08:34:22 - [MESSAGE][PASSED] - Swiped from 360,853 to 360,142

2022-03-11 08:34:23 - [MESSAGE][PASSED] - Delayed 1 second(s)

2022-03-11 08:34:24 - [MESSAGE][PASSED] - Swiped from 360,853 to 360,142

2022-03-11 08:34:27 - [MESSAGE][PASSED] - Delayed 3 second(s)

2022-03-11 08:34:27 - [MESSAGE][PASSED] - startApp.OpenApp.terminateApplication is PASSED

2022-03-11 08:34:27 - [MESSAGE][PASSED] - Call Test Case 'Test Cases/Mobile/Page/Run App/Terminate App' successfully]]></system-out>
         <system-err><![CDATA[]]></system-err>
      </testcase>
      <testcase name="Test Cases/Mobile/Scenario/Analysis/004 - Melihat detail stock kategori month" time="65.659" classname="Test Cases/Mobile/Scenario/Analysis/004 - Melihat detail stock kategori month" status="PASSED">
         <system-out><![CDATA[2022-03-11 08:34:27 - [TEST_CASE][PASSED] - Test Cases/Mobile/Scenario/Analysis/004 - Melihat detail stock kategori month: Test Cases/Mobile/Scenario/Analysis/004 - Melihat detail stock kategori month

2022-03-11 08:34:28 - [TEST_STEP][PASSED] - callTestCase(findTestCase("Mobile/Page/Run App/Run App byID"), [:], STOP_ON_FAILURE): Call Test Case 'Test Cases/Mobile/Page/Run App/Run App byID' successfully

2022-03-11 08:34:28 - [TEST_CASE][PASSED] - Test Cases/Mobile/Page/Run App/Run App byID: Test Cases/Mobile/Page/Run App/Run App byID

2022-03-11 08:34:28 - [TEST_STEP][PASSED] - startApp.OpenApp.startApplication("id.co.miraeasset.sageclub"): startApp.OpenApp.startApplication is PASSED

2022-03-11 08:34:42 - [MESSAGE][PASSED] - Starting app with application ID: 'id.co.miraeasset.sageclub'

2022-03-11 08:34:42 - [MESSAGE][PASSED] - startApp.OpenApp.startApplication is PASSED

2022-03-11 08:34:42 - [MESSAGE][PASSED] - Call Test Case 'Test Cases/Mobile/Page/Run App/Run App byID' successfully

2022-03-11 08:34:42 - [TEST_STEP][PASSED] - callTestCase(findTestCase("Mobile/Page/Analysis/Analysis"), ["action":"technicaldetail", "action2":"month"], CONTINUE_ON_FAILURE): Call Test Case 'Test Cases/Mobile/Page/Analysis/Analysis' successfully

2022-03-11 08:34:42 - [TEST_CASE][PASSED] - Test Cases/Mobile/Page/Analysis/Analysis: Test Cases/Mobile/Page/Analysis/Analysis

2022-03-11 08:34:42 - [TEST_STEP][PASSED] - callTestCase(findTestCase("Mobile/Page/CheckLogin"), [:], CONTINUE_ON_FAILURE): Call Test Case 'Test Cases/Mobile/Page/CheckLogin' successfully

2022-03-11 08:34:42 - [TEST_CASE][PASSED] - Test Cases/Mobile/Page/CheckLogin: Test Cases/Mobile/Page/CheckLogin

2022-03-11 08:34:42 - [TEST_STEP][PASSED] - loginCheck = verifyElementExist(LOGN_BtnLogin, 5, CONTINUE_ON_FAILURE): Element 'Object Repository/Mobile/Page/Login/Button - Login' is exist

2022-03-11 08:34:44 - [MESSAGE][PASSED] - Element 'Object Repository/Mobile/Page/Login/Button - Login' is exist

2022-03-11 08:34:44 - [TEST_STEP][PASSED] - if (loginCheck): Call Test Case 'Test Cases/Mobile/Page/Login/Login' successfully

2022-03-11 08:34:44 - [TEST_STEP][PASSED] - callTestCase(findTestCase("Mobile/Page/Login/Login"), ["action":"username"], CONTINUE_ON_FAILURE): Call Test Case 'Test Cases/Mobile/Page/Login/Login' successfully

2022-03-11 08:34:44 - [TEST_CASE][PASSED] - Test Cases/Mobile/Page/Login/Login: Test Cases/Mobile/Page/Login/Login

2022-03-11 08:34:44 - [TEST_STEP][PASSED] - delay(2): Delayed 2 second(s)

2022-03-11 08:34:46 - [MESSAGE][PASSED] - Delayed 2 second(s)

2022-03-11 08:34:46 - [TEST_STEP][PASSED] - for ([i = 0, i < 1, (i++)]): null

2022-03-11 08:34:46 - [TEST_STEP][PASSED] - if (action == "username"): null

2022-03-11 08:34:46 - [TEST_STEP][PASSED] - tap(LOGN_EdtUserID, 0): Tapped on element 'Object Repository/Mobile/Page/Login/Input - UserID'

2022-03-11 08:34:46 - [MESSAGE][WARNING] - Timeout '0' is invalid. Using default page load timeout: '60'

2022-03-11 08:34:46 - [MESSAGE][PASSED] - Tapped on element 'Object Repository/Mobile/Page/Login/Input - UserID'

2022-03-11 08:34:46 - [TEST_STEP][PASSED] - delay(1): Delayed 1 second(s)

2022-03-11 08:34:47 - [MESSAGE][PASSED] - Delayed 1 second(s)

2022-03-11 08:34:47 - [TEST_STEP][PASSED] - setText(LOGN_EdtRdyUserID, "anggaaditya", 0): Text 'anggaaditya' has been set to element 'Object Repository/Mobile/Page/Login/Input Rdy - UserID'

2022-03-11 08:34:47 - [MESSAGE][WARNING] - Timeout '0' is invalid. Using default page load timeout: '60'

2022-03-11 08:34:48 - [MESSAGE][PASSED] - Text 'anggaaditya' has been set to element 'Object Repository/Mobile/Page/Login/Input Rdy - UserID'

2022-03-11 08:34:48 - [TEST_STEP][PASSED] - delay(1): Delayed 1 second(s)

2022-03-11 08:34:49 - [MESSAGE][PASSED] - Delayed 1 second(s)

2022-03-11 08:34:49 - [TEST_STEP][PASSED] - hideKeyboard(): Keyboard is hidden

2022-03-11 08:34:53 - [MESSAGE][PASSED] - Keyboard is hidden

2022-03-11 08:34:53 - [TEST_STEP][PASSED] - tap(LOGN_EdtPassword, 0): Tapped on element 'Object Repository/Mobile/Page/Login/Input - Password'

2022-03-11 08:34:53 - [MESSAGE][WARNING] - Timeout '0' is invalid. Using default page load timeout: '60'

2022-03-11 08:34:53 - [MESSAGE][PASSED] - Tapped on element 'Object Repository/Mobile/Page/Login/Input - Password'

2022-03-11 08:34:53 - [TEST_STEP][PASSED] - delay(1): Delayed 1 second(s)

2022-03-11 08:34:54 - [MESSAGE][PASSED] - Delayed 1 second(s)

2022-03-11 08:34:54 - [TEST_STEP][PASSED] - setText(LOGN_EdtRdyPassword, "Shalawa18", 0): Text 'Shalawa18' has been set to element 'Object Repository/Mobile/Page/Login/Input Rdy - Password'

2022-03-11 08:34:54 - [MESSAGE][WARNING] - Timeout '0' is invalid. Using default page load timeout: '60'

2022-03-11 08:34:55 - [MESSAGE][PASSED] - Text 'Shalawa18' has been set to element 'Object Repository/Mobile/Page/Login/Input Rdy - Password'

2022-03-11 08:34:55 - [TEST_STEP][PASSED] - delay(1): Delayed 1 second(s)

2022-03-11 08:34:56 - [MESSAGE][PASSED] - Delayed 1 second(s)

2022-03-11 08:34:56 - [TEST_STEP][PASSED] - hideKeyboard(): Keyboard is hidden

2022-03-11 08:35:02 - [MESSAGE][PASSED] - Keyboard is hidden

2022-03-11 08:35:02 - [TEST_STEP][PASSED] - tap(LOGN_BtnLogin, 0): Tapped on element 'Object Repository/Mobile/Page/Login/Button - Login'

2022-03-11 08:35:02 - [MESSAGE][WARNING] - Timeout '0' is invalid. Using default page load timeout: '60'

2022-03-11 08:35:03 - [MESSAGE][PASSED] - Tapped on element 'Object Repository/Mobile/Page/Login/Button - Login'

2022-03-11 08:35:03 - [TEST_STEP][PASSED] - delay(2): Delayed 2 second(s)

2022-03-11 08:35:05 - [MESSAGE][PASSED] - Delayed 2 second(s)

2022-03-11 08:35:05 - [TEST_STEP][PASSED] - break: null

2022-03-11 08:35:05 - [MESSAGE][PASSED] - Call Test Case 'Test Cases/Mobile/Page/Login/Login' successfully

2022-03-11 08:35:05 - [MESSAGE][PASSED] - Call Test Case 'Test Cases/Mobile/Page/CheckLogin' successfully

2022-03-11 08:35:05 - [TEST_STEP][PASSED] - tap(HOME_MenubarAnalysis, 0): Tapped on element 'Object Repository/Mobile/Page/Home/Menubar - Analysis'

2022-03-11 08:35:05 - [MESSAGE][WARNING] - Timeout '0' is invalid. Using default page load timeout: '60'

2022-03-11 08:35:07 - [MESSAGE][PASSED] - Tapped on element 'Object Repository/Mobile/Page/Home/Menubar - Analysis'

2022-03-11 08:35:07 - [TEST_STEP][PASSED] - delay(3): Delayed 3 second(s)

2022-03-11 08:35:10 - [MESSAGE][PASSED] - Delayed 3 second(s)

2022-03-11 08:35:10 - [TEST_STEP][PASSED] - for ([i = 0, i < 1, (i++)]): Delayed 2 second(s)

2022-03-11 08:35:10 - [TEST_STEP][PASSED] - if (action == "technicalsearch"): null

2022-03-11 08:35:10 - [TEST_STEP][PASSED] - else if (action == "technicaldetail"): Delayed 2 second(s)

2022-03-11 08:35:10 - [TEST_STEP][PASSED] - tapAndHold(ANAL_ItemTopResultTech, 1, 0): Tapped and held on element 'Object Repository/Mobile/Page/Analysis/Item - Top Technical' with duration 1

2022-03-11 08:35:10 - [MESSAGE][WARNING] - Timeout '0' is invalid. Using default page load timeout: '60'

2022-03-11 08:35:12 - [MESSAGE][PASSED] - Tapped and held on element 'Object Repository/Mobile/Page/Analysis/Item - Top Technical' with duration 1

2022-03-11 08:35:12 - [TEST_STEP][PASSED] - delay(5): Delayed 5 second(s)

2022-03-11 08:35:17 - [MESSAGE][PASSED] - Delayed 5 second(s)

2022-03-11 08:35:17 - [TEST_STEP][PASSED] - switch (action2): null

2022-03-11 08:35:17 - [TEST_STEP][PASSED] - case "month":: null

2022-03-11 08:35:17 - [TEST_STEP][PASSED] - tapAndHold(ANAL_DETL_BtnM, 1, 0): Tapped and held on element 'Object Repository/Mobile/Page/Analysis/Detail/Button - M' with duration 1

2022-03-11 08:35:17 - [MESSAGE][WARNING] - Timeout '0' is invalid. Using default page load timeout: '60'

2022-03-11 08:35:20 - [MESSAGE][PASSED] - Tapped and held on element 'Object Repository/Mobile/Page/Analysis/Detail/Button - M' with duration 1

2022-03-11 08:35:20 - [TEST_STEP][PASSED] - break: null

2022-03-11 08:35:20 - [TEST_STEP][PASSED] - delay(2): Delayed 2 second(s)

2022-03-11 08:35:22 - [MESSAGE][PASSED] - Delayed 2 second(s)

2022-03-11 08:35:22 - [MESSAGE][PASSED] - Call Test Case 'Test Cases/Mobile/Page/Analysis/Analysis' successfully

2022-03-11 08:35:22 - [TEST_STEP][PASSED] - callTestCase(findTestCase("Mobile/Page/Run App/Terminate App"), [:], STOP_ON_FAILURE): Call Test Case 'Test Cases/Mobile/Page/Run App/Terminate App' successfully

2022-03-11 08:35:22 - [TEST_CASE][PASSED] - Test Cases/Mobile/Page/Run App/Terminate App: Test Cases/Mobile/Page/Run App/Terminate App

2022-03-11 08:35:22 - [TEST_STEP][PASSED] - startApp.OpenApp.terminateApplication(): startApp.OpenApp.terminateApplication is PASSED

2022-03-11 08:35:26 - [MESSAGE][PASSED] - Delayed 3 second(s)

2022-03-11 08:35:26 - [MESSAGE][PASSED] - Current device physical width is 720

2022-03-11 08:35:26 - [MESSAGE][PASSED] - Current device physical height is 1423

2022-03-11 08:35:28 - [MESSAGE][PASSED] - Swiped from 360,853 to 360,142

2022-03-11 08:35:29 - [MESSAGE][PASSED] - Delayed 1 second(s)

2022-03-11 08:35:30 - [MESSAGE][PASSED] - Swiped from 360,853 to 360,142

2022-03-11 08:35:33 - [MESSAGE][PASSED] - Delayed 3 second(s)

2022-03-11 08:35:33 - [MESSAGE][PASSED] - startApp.OpenApp.terminateApplication is PASSED

2022-03-11 08:35:33 - [MESSAGE][PASSED] - Call Test Case 'Test Cases/Mobile/Page/Run App/Terminate App' successfully]]></system-out>
         <system-err><![CDATA[]]></system-err>
      </testcase>
      <testcase name="Test Cases/Mobile/Scenario/Analysis/005 - Melihat detail stock kategori year" time="70.362" classname="Test Cases/Mobile/Scenario/Analysis/005 - Melihat detail stock kategori year" status="PASSED">
         <system-out><![CDATA[2022-03-11 08:35:33 - [TEST_CASE][PASSED] - Test Cases/Mobile/Scenario/Analysis/005 - Melihat detail stock kategori year: Test Cases/Mobile/Scenario/Analysis/005 - Melihat detail stock kategori year

2022-03-11 08:35:34 - [TEST_STEP][PASSED] - callTestCase(findTestCase("Mobile/Page/Run App/Run App byID"), [:], STOP_ON_FAILURE): Call Test Case 'Test Cases/Mobile/Page/Run App/Run App byID' successfully

2022-03-11 08:35:34 - [TEST_CASE][PASSED] - Test Cases/Mobile/Page/Run App/Run App byID: Test Cases/Mobile/Page/Run App/Run App byID

2022-03-11 08:35:34 - [TEST_STEP][PASSED] - startApp.OpenApp.startApplication("id.co.miraeasset.sageclub"): startApp.OpenApp.startApplication is PASSED

2022-03-11 08:35:48 - [MESSAGE][PASSED] - Starting app with application ID: 'id.co.miraeasset.sageclub'

2022-03-11 08:35:48 - [MESSAGE][PASSED] - startApp.OpenApp.startApplication is PASSED

2022-03-11 08:35:48 - [MESSAGE][PASSED] - Call Test Case 'Test Cases/Mobile/Page/Run App/Run App byID' successfully

2022-03-11 08:35:48 - [TEST_STEP][PASSED] - callTestCase(findTestCase("Mobile/Page/Analysis/Analysis"), ["action":"technicaldetail", "action2":"year"], CONTINUE_ON_FAILURE): Call Test Case 'Test Cases/Mobile/Page/Analysis/Analysis' successfully

2022-03-11 08:35:49 - [TEST_CASE][PASSED] - Test Cases/Mobile/Page/Analysis/Analysis: Test Cases/Mobile/Page/Analysis/Analysis

2022-03-11 08:35:49 - [TEST_STEP][PASSED] - callTestCase(findTestCase("Mobile/Page/CheckLogin"), [:], CONTINUE_ON_FAILURE): Call Test Case 'Test Cases/Mobile/Page/CheckLogin' successfully

2022-03-11 08:35:49 - [TEST_CASE][PASSED] - Test Cases/Mobile/Page/CheckLogin: Test Cases/Mobile/Page/CheckLogin

2022-03-11 08:35:49 - [TEST_STEP][PASSED] - loginCheck = verifyElementExist(LOGN_BtnLogin, 5, CONTINUE_ON_FAILURE): Element 'Object Repository/Mobile/Page/Login/Button - Login' is exist

2022-03-11 08:35:51 - [MESSAGE][PASSED] - Element 'Object Repository/Mobile/Page/Login/Button - Login' is exist

2022-03-11 08:35:51 - [TEST_STEP][PASSED] - if (loginCheck): Call Test Case 'Test Cases/Mobile/Page/Login/Login' successfully

2022-03-11 08:35:51 - [TEST_STEP][PASSED] - callTestCase(findTestCase("Mobile/Page/Login/Login"), ["action":"username"], CONTINUE_ON_FAILURE): Call Test Case 'Test Cases/Mobile/Page/Login/Login' successfully

2022-03-11 08:35:51 - [TEST_CASE][PASSED] - Test Cases/Mobile/Page/Login/Login: Test Cases/Mobile/Page/Login/Login

2022-03-11 08:35:51 - [TEST_STEP][PASSED] - delay(2): Delayed 2 second(s)

2022-03-11 08:35:53 - [MESSAGE][PASSED] - Delayed 2 second(s)

2022-03-11 08:35:53 - [TEST_STEP][PASSED] - for ([i = 0, i < 1, (i++)]): null

2022-03-11 08:35:53 - [TEST_STEP][PASSED] - if (action == "username"): null

2022-03-11 08:35:53 - [TEST_STEP][PASSED] - tap(LOGN_EdtUserID, 0): Tapped on element 'Object Repository/Mobile/Page/Login/Input - UserID'

2022-03-11 08:35:53 - [MESSAGE][WARNING] - Timeout '0' is invalid. Using default page load timeout: '60'

2022-03-11 08:35:53 - [MESSAGE][PASSED] - Tapped on element 'Object Repository/Mobile/Page/Login/Input - UserID'

2022-03-11 08:35:53 - [TEST_STEP][PASSED] - delay(1): Delayed 1 second(s)

2022-03-11 08:35:54 - [MESSAGE][PASSED] - Delayed 1 second(s)

2022-03-11 08:35:54 - [TEST_STEP][PASSED] - setText(LOGN_EdtRdyUserID, "anggaaditya", 0): Text 'anggaaditya' has been set to element 'Object Repository/Mobile/Page/Login/Input Rdy - UserID'

2022-03-11 08:35:54 - [MESSAGE][WARNING] - Timeout '0' is invalid. Using default page load timeout: '60'

2022-03-11 08:35:56 - [MESSAGE][PASSED] - Text 'anggaaditya' has been set to element 'Object Repository/Mobile/Page/Login/Input Rdy - UserID'

2022-03-11 08:35:56 - [TEST_STEP][PASSED] - delay(1): Delayed 1 second(s)

2022-03-11 08:35:57 - [MESSAGE][PASSED] - Delayed 1 second(s)

2022-03-11 08:35:57 - [TEST_STEP][PASSED] - hideKeyboard(): Keyboard is hidden

2022-03-11 08:36:03 - [MESSAGE][PASSED] - Keyboard is hidden

2022-03-11 08:36:03 - [TEST_STEP][PASSED] - tap(LOGN_EdtPassword, 0): Tapped on element 'Object Repository/Mobile/Page/Login/Input - Password'

2022-03-11 08:36:03 - [MESSAGE][WARNING] - Timeout '0' is invalid. Using default page load timeout: '60'

2022-03-11 08:36:03 - [MESSAGE][PASSED] - Tapped on element 'Object Repository/Mobile/Page/Login/Input - Password'

2022-03-11 08:36:03 - [TEST_STEP][PASSED] - delay(1): Delayed 1 second(s)

2022-03-11 08:36:04 - [MESSAGE][PASSED] - Delayed 1 second(s)

2022-03-11 08:36:04 - [TEST_STEP][PASSED] - setText(LOGN_EdtRdyPassword, "Shalawa18", 0): Text 'Shalawa18' has been set to element 'Object Repository/Mobile/Page/Login/Input Rdy - Password'

2022-03-11 08:36:04 - [MESSAGE][WARNING] - Timeout '0' is invalid. Using default page load timeout: '60'

2022-03-11 08:36:05 - [MESSAGE][PASSED] - Text 'Shalawa18' has been set to element 'Object Repository/Mobile/Page/Login/Input Rdy - Password'

2022-03-11 08:36:05 - [TEST_STEP][PASSED] - delay(1): Delayed 1 second(s)

2022-03-11 08:36:06 - [MESSAGE][PASSED] - Delayed 1 second(s)

2022-03-11 08:36:06 - [TEST_STEP][PASSED] - hideKeyboard(): Keyboard is hidden

2022-03-11 08:36:13 - [MESSAGE][PASSED] - Keyboard is hidden

2022-03-11 08:36:13 - [TEST_STEP][PASSED] - tap(LOGN_BtnLogin, 0): Tapped on element 'Object Repository/Mobile/Page/Login/Button - Login'

2022-03-11 08:36:13 - [MESSAGE][WARNING] - Timeout '0' is invalid. Using default page load timeout: '60'

2022-03-11 08:36:14 - [MESSAGE][PASSED] - Tapped on element 'Object Repository/Mobile/Page/Login/Button - Login'

2022-03-11 08:36:14 - [TEST_STEP][PASSED] - delay(2): Delayed 2 second(s)

2022-03-11 08:36:16 - [MESSAGE][PASSED] - Delayed 2 second(s)

2022-03-11 08:36:16 - [TEST_STEP][PASSED] - break: null

2022-03-11 08:36:16 - [MESSAGE][PASSED] - Call Test Case 'Test Cases/Mobile/Page/Login/Login' successfully

2022-03-11 08:36:16 - [MESSAGE][PASSED] - Call Test Case 'Test Cases/Mobile/Page/CheckLogin' successfully

2022-03-11 08:36:16 - [TEST_STEP][PASSED] - tap(HOME_MenubarAnalysis, 0): Tapped on element 'Object Repository/Mobile/Page/Home/Menubar - Analysis'

2022-03-11 08:36:16 - [MESSAGE][WARNING] - Timeout '0' is invalid. Using default page load timeout: '60'

2022-03-11 08:36:17 - [MESSAGE][PASSED] - Tapped on element 'Object Repository/Mobile/Page/Home/Menubar - Analysis'

2022-03-11 08:36:17 - [TEST_STEP][PASSED] - delay(3): Delayed 3 second(s)

2022-03-11 08:36:20 - [MESSAGE][PASSED] - Delayed 3 second(s)

2022-03-11 08:36:20 - [TEST_STEP][PASSED] - for ([i = 0, i < 1, (i++)]): Delayed 2 second(s)

2022-03-11 08:36:20 - [TEST_STEP][PASSED] - if (action == "technicalsearch"): null

2022-03-11 08:36:20 - [TEST_STEP][PASSED] - else if (action == "technicaldetail"): Delayed 2 second(s)

2022-03-11 08:36:20 - [TEST_STEP][PASSED] - tapAndHold(ANAL_ItemTopResultTech, 1, 0): Tapped and held on element 'Object Repository/Mobile/Page/Analysis/Item - Top Technical' with duration 1

2022-03-11 08:36:20 - [MESSAGE][WARNING] - Timeout '0' is invalid. Using default page load timeout: '60'

2022-03-11 08:36:23 - [MESSAGE][PASSED] - Tapped and held on element 'Object Repository/Mobile/Page/Analysis/Item - Top Technical' with duration 1

2022-03-11 08:36:23 - [TEST_STEP][PASSED] - delay(5): Delayed 5 second(s)

2022-03-11 08:36:28 - [MESSAGE][PASSED] - Delayed 5 second(s)

2022-03-11 08:36:28 - [TEST_STEP][PASSED] - switch (action2): null

2022-03-11 08:36:28 - [TEST_STEP][PASSED] - case "year":: null

2022-03-11 08:36:28 - [TEST_STEP][PASSED] - tapAndHold(ANAL_DETL_BtnY, 1, 0): Tapped and held on element 'Object Repository/Mobile/Page/Analysis/Detail/Button - Y' with duration 1

2022-03-11 08:36:28 - [MESSAGE][WARNING] - Timeout '0' is invalid. Using default page load timeout: '60'

2022-03-11 08:36:31 - [MESSAGE][PASSED] - Tapped and held on element 'Object Repository/Mobile/Page/Analysis/Detail/Button - Y' with duration 1

2022-03-11 08:36:31 - [TEST_STEP][PASSED] - break: null

2022-03-11 08:36:31 - [TEST_STEP][PASSED] - delay(2): Delayed 2 second(s)

2022-03-11 08:36:33 - [MESSAGE][PASSED] - Delayed 2 second(s)

2022-03-11 08:36:33 - [MESSAGE][PASSED] - Call Test Case 'Test Cases/Mobile/Page/Analysis/Analysis' successfully

2022-03-11 08:36:33 - [TEST_STEP][PASSED] - callTestCase(findTestCase("Mobile/Page/Run App/Terminate App"), [:], STOP_ON_FAILURE): Call Test Case 'Test Cases/Mobile/Page/Run App/Terminate App' successfully

2022-03-11 08:36:33 - [TEST_CASE][PASSED] - Test Cases/Mobile/Page/Run App/Terminate App: Test Cases/Mobile/Page/Run App/Terminate App

2022-03-11 08:36:33 - [TEST_STEP][PASSED] - startApp.OpenApp.terminateApplication(): startApp.OpenApp.terminateApplication is PASSED

2022-03-11 08:36:36 - [MESSAGE][PASSED] - Delayed 3 second(s)

2022-03-11 08:36:36 - [MESSAGE][PASSED] - Current device physical width is 720

2022-03-11 08:36:37 - [MESSAGE][PASSED] - Current device physical height is 1423

2022-03-11 08:36:38 - [MESSAGE][PASSED] - Swiped from 360,853 to 360,142

2022-03-11 08:36:39 - [MESSAGE][PASSED] - Delayed 1 second(s)

2022-03-11 08:36:40 - [MESSAGE][PASSED] - Swiped from 360,853 to 360,142

2022-03-11 08:36:43 - [MESSAGE][PASSED] - Delayed 3 second(s)

2022-03-11 08:36:43 - [MESSAGE][PASSED] - startApp.OpenApp.terminateApplication is PASSED

2022-03-11 08:36:43 - [MESSAGE][PASSED] - Call Test Case 'Test Cases/Mobile/Page/Run App/Terminate App' successfully]]></system-out>
         <system-err><![CDATA[]]></system-err>
      </testcase>
      <testcase name="Test Cases/Mobile/Scenario/Analysis/006 - Melihat Research Report" time="62.718" classname="Test Cases/Mobile/Scenario/Analysis/006 - Melihat Research Report" status="PASSED">
         <system-out><![CDATA[2022-03-11 08:36:43 - [TEST_CASE][PASSED] - Test Cases/Mobile/Scenario/Analysis/006 - Melihat Research Report: Test Cases/Mobile/Scenario/Analysis/006 - Melihat Research Report

2022-03-11 08:36:44 - [TEST_STEP][PASSED] - callTestCase(findTestCase("Mobile/Page/Run App/Run App byID"), [:], STOP_ON_FAILURE): Call Test Case 'Test Cases/Mobile/Page/Run App/Run App byID' successfully

2022-03-11 08:36:44 - [TEST_CASE][PASSED] - Test Cases/Mobile/Page/Run App/Run App byID: Test Cases/Mobile/Page/Run App/Run App byID

2022-03-11 08:36:44 - [TEST_STEP][PASSED] - startApp.OpenApp.startApplication("id.co.miraeasset.sageclub"): startApp.OpenApp.startApplication is PASSED

2022-03-11 08:36:57 - [MESSAGE][PASSED] - Starting app with application ID: 'id.co.miraeasset.sageclub'

2022-03-11 08:36:57 - [MESSAGE][PASSED] - startApp.OpenApp.startApplication is PASSED

2022-03-11 08:36:57 - [MESSAGE][PASSED] - Call Test Case 'Test Cases/Mobile/Page/Run App/Run App byID' successfully

2022-03-11 08:36:57 - [TEST_STEP][PASSED] - callTestCase(findTestCase("Mobile/Page/Analysis/Analysis"), ["action":"researchdetail"], CONTINUE_ON_FAILURE): Call Test Case 'Test Cases/Mobile/Page/Analysis/Analysis' successfully

2022-03-11 08:36:57 - [TEST_CASE][PASSED] - Test Cases/Mobile/Page/Analysis/Analysis: Test Cases/Mobile/Page/Analysis/Analysis

2022-03-11 08:36:57 - [TEST_STEP][PASSED] - callTestCase(findTestCase("Mobile/Page/CheckLogin"), [:], CONTINUE_ON_FAILURE): Call Test Case 'Test Cases/Mobile/Page/CheckLogin' successfully

2022-03-11 08:36:58 - [TEST_CASE][PASSED] - Test Cases/Mobile/Page/CheckLogin: Test Cases/Mobile/Page/CheckLogin

2022-03-11 08:36:58 - [TEST_STEP][PASSED] - loginCheck = verifyElementExist(LOGN_BtnLogin, 5, CONTINUE_ON_FAILURE): Element 'Object Repository/Mobile/Page/Login/Button - Login' is exist

2022-03-11 08:37:00 - [MESSAGE][PASSED] - Element 'Object Repository/Mobile/Page/Login/Button - Login' is exist

2022-03-11 08:37:00 - [TEST_STEP][PASSED] - if (loginCheck): Call Test Case 'Test Cases/Mobile/Page/Login/Login' successfully

2022-03-11 08:37:00 - [TEST_STEP][PASSED] - callTestCase(findTestCase("Mobile/Page/Login/Login"), ["action":"username"], CONTINUE_ON_FAILURE): Call Test Case 'Test Cases/Mobile/Page/Login/Login' successfully

2022-03-11 08:37:00 - [TEST_CASE][PASSED] - Test Cases/Mobile/Page/Login/Login: Test Cases/Mobile/Page/Login/Login

2022-03-11 08:37:00 - [TEST_STEP][PASSED] - delay(2): Delayed 2 second(s)

2022-03-11 08:37:02 - [MESSAGE][PASSED] - Delayed 2 second(s)

2022-03-11 08:37:02 - [TEST_STEP][PASSED] - for ([i = 0, i < 1, (i++)]): null

2022-03-11 08:37:02 - [TEST_STEP][PASSED] - if (action == "username"): null

2022-03-11 08:37:02 - [TEST_STEP][PASSED] - tap(LOGN_EdtUserID, 0): Tapped on element 'Object Repository/Mobile/Page/Login/Input - UserID'

2022-03-11 08:37:02 - [MESSAGE][WARNING] - Timeout '0' is invalid. Using default page load timeout: '60'

2022-03-11 08:37:03 - [MESSAGE][PASSED] - Tapped on element 'Object Repository/Mobile/Page/Login/Input - UserID'

2022-03-11 08:37:03 - [TEST_STEP][PASSED] - delay(1): Delayed 1 second(s)

2022-03-11 08:37:04 - [MESSAGE][PASSED] - Delayed 1 second(s)

2022-03-11 08:37:04 - [TEST_STEP][PASSED] - setText(LOGN_EdtRdyUserID, "anggaaditya", 0): Text 'anggaaditya' has been set to element 'Object Repository/Mobile/Page/Login/Input Rdy - UserID'

2022-03-11 08:37:04 - [MESSAGE][WARNING] - Timeout '0' is invalid. Using default page load timeout: '60'

2022-03-11 08:37:04 - [MESSAGE][PASSED] - Text 'anggaaditya' has been set to element 'Object Repository/Mobile/Page/Login/Input Rdy - UserID'

2022-03-11 08:37:04 - [TEST_STEP][PASSED] - delay(1): Delayed 1 second(s)

2022-03-11 08:37:05 - [MESSAGE][PASSED] - Delayed 1 second(s)

2022-03-11 08:37:05 - [TEST_STEP][PASSED] - hideKeyboard(): Keyboard is hidden

2022-03-11 08:37:09 - [MESSAGE][PASSED] - Keyboard is hidden

2022-03-11 08:37:09 - [TEST_STEP][PASSED] - tap(LOGN_EdtPassword, 0): Tapped on element 'Object Repository/Mobile/Page/Login/Input - Password'

2022-03-11 08:37:09 - [MESSAGE][WARNING] - Timeout '0' is invalid. Using default page load timeout: '60'

2022-03-11 08:37:10 - [MESSAGE][PASSED] - Tapped on element 'Object Repository/Mobile/Page/Login/Input - Password'

2022-03-11 08:37:10 - [TEST_STEP][PASSED] - delay(1): Delayed 1 second(s)

2022-03-11 08:37:11 - [MESSAGE][PASSED] - Delayed 1 second(s)

2022-03-11 08:37:11 - [TEST_STEP][PASSED] - setText(LOGN_EdtRdyPassword, "Shalawa18", 0): Text 'Shalawa18' has been set to element 'Object Repository/Mobile/Page/Login/Input Rdy - Password'

2022-03-11 08:37:11 - [MESSAGE][WARNING] - Timeout '0' is invalid. Using default page load timeout: '60'

2022-03-11 08:37:12 - [MESSAGE][PASSED] - Text 'Shalawa18' has been set to element 'Object Repository/Mobile/Page/Login/Input Rdy - Password'

2022-03-11 08:37:12 - [TEST_STEP][PASSED] - delay(1): Delayed 1 second(s)

2022-03-11 08:37:13 - [MESSAGE][PASSED] - Delayed 1 second(s)

2022-03-11 08:37:13 - [TEST_STEP][PASSED] - hideKeyboard(): Keyboard is hidden

2022-03-11 08:37:19 - [MESSAGE][PASSED] - Keyboard is hidden

2022-03-11 08:37:19 - [TEST_STEP][PASSED] - tap(LOGN_BtnLogin, 0): Tapped on element 'Object Repository/Mobile/Page/Login/Button - Login'

2022-03-11 08:37:19 - [MESSAGE][WARNING] - Timeout '0' is invalid. Using default page load timeout: '60'

2022-03-11 08:37:20 - [MESSAGE][PASSED] - Tapped on element 'Object Repository/Mobile/Page/Login/Button - Login'

2022-03-11 08:37:20 - [TEST_STEP][PASSED] - delay(2): Delayed 2 second(s)

2022-03-11 08:37:22 - [MESSAGE][PASSED] - Delayed 2 second(s)

2022-03-11 08:37:22 - [TEST_STEP][PASSED] - break: null

2022-03-11 08:37:22 - [MESSAGE][PASSED] - Call Test Case 'Test Cases/Mobile/Page/Login/Login' successfully

2022-03-11 08:37:22 - [MESSAGE][PASSED] - Call Test Case 'Test Cases/Mobile/Page/CheckLogin' successfully

2022-03-11 08:37:22 - [TEST_STEP][PASSED] - tap(HOME_MenubarAnalysis, 0): Tapped on element 'Object Repository/Mobile/Page/Home/Menubar - Analysis'

2022-03-11 08:37:22 - [MESSAGE][WARNING] - Timeout '0' is invalid. Using default page load timeout: '60'

2022-03-11 08:37:24 - [MESSAGE][PASSED] - Tapped on element 'Object Repository/Mobile/Page/Home/Menubar - Analysis'

2022-03-11 08:37:24 - [TEST_STEP][PASSED] - delay(3): Delayed 3 second(s)

2022-03-11 08:37:27 - [MESSAGE][PASSED] - Delayed 3 second(s)

2022-03-11 08:37:27 - [TEST_STEP][PASSED] - for ([i = 0, i < 1, (i++)]): Press back button successfully

2022-03-11 08:37:27 - [TEST_STEP][PASSED] - if (action == "technicalsearch"): null

2022-03-11 08:37:27 - [TEST_STEP][PASSED] - else if (action == "technicaldetail"): null

2022-03-11 08:37:27 - [TEST_STEP][PASSED] - else if (action == "researchdetail"): Press back button successfully

2022-03-11 08:37:27 - [TEST_STEP][PASSED] - tap(ANAL_TabResearchReport, 0): Tapped on element 'Object Repository/Mobile/Page/Analysis/Tab - Research Report'

2022-03-11 08:37:27 - [MESSAGE][WARNING] - Timeout '0' is invalid. Using default page load timeout: '60'

2022-03-11 08:37:27 - [MESSAGE][PASSED] - Tapped on element 'Object Repository/Mobile/Page/Analysis/Tab - Research Report'

2022-03-11 08:37:27 - [TEST_STEP][PASSED] - delay(1): Delayed 1 second(s)

2022-03-11 08:37:28 - [MESSAGE][PASSED] - Delayed 1 second(s)

2022-03-11 08:37:28 - [TEST_STEP][PASSED] - tapAndHold(ANAL_ItemTopSearch, 1, 0): Tapped and held on element 'Object Repository/Mobile/Page/Analysis/Item - Top Search' with duration 1

2022-03-11 08:37:28 - [MESSAGE][WARNING] - Timeout '0' is invalid. Using default page load timeout: '60'

2022-03-11 08:37:31 - [MESSAGE][PASSED] - Tapped and held on element 'Object Repository/Mobile/Page/Analysis/Item - Top Search' with duration 1

2022-03-11 08:37:31 - [TEST_STEP][PASSED] - delay(3): Delayed 3 second(s)

2022-03-11 08:37:34 - [MESSAGE][PASSED] - Delayed 3 second(s)

2022-03-11 08:37:34 - [TEST_STEP][PASSED] - pressBack(): Press back button successfully

2022-03-11 08:37:34 - [MESSAGE][PASSED] - Press back button successfully

2022-03-11 08:37:34 - [MESSAGE][PASSED] - Call Test Case 'Test Cases/Mobile/Page/Analysis/Analysis' successfully

2022-03-11 08:37:34 - [TEST_STEP][PASSED] - callTestCase(findTestCase("Mobile/Page/Run App/Terminate App"), [:], STOP_ON_FAILURE): Call Test Case 'Test Cases/Mobile/Page/Run App/Terminate App' successfully

2022-03-11 08:37:34 - [TEST_CASE][PASSED] - Test Cases/Mobile/Page/Run App/Terminate App: Test Cases/Mobile/Page/Run App/Terminate App

2022-03-11 08:37:34 - [TEST_STEP][PASSED] - startApp.OpenApp.terminateApplication(): startApp.OpenApp.terminateApplication is PASSED

2022-03-11 08:37:39 - [MESSAGE][PASSED] - Delayed 3 second(s)

2022-03-11 08:37:39 - [MESSAGE][PASSED] - Current device physical width is 720

2022-03-11 08:37:39 - [MESSAGE][PASSED] - Current device physical height is 1423

2022-03-11 08:37:41 - [MESSAGE][PASSED] - Swiped from 360,853 to 360,142

2022-03-11 08:37:42 - [MESSAGE][PASSED] - Delayed 1 second(s)

2022-03-11 08:37:43 - [MESSAGE][PASSED] - Swiped from 360,853 to 360,142

2022-03-11 08:37:46 - [MESSAGE][PASSED] - Delayed 3 second(s)

2022-03-11 08:37:46 - [MESSAGE][PASSED] - startApp.OpenApp.terminateApplication is PASSED

2022-03-11 08:37:46 - [MESSAGE][PASSED] - Call Test Case 'Test Cases/Mobile/Page/Run App/Terminate App' successfully]]></system-out>
         <system-err><![CDATA[]]></system-err>
      </testcase>
      <testcase name="Test Cases/Mobile/Scenario/Analysis/007 - Mencari research report" time="68.857" classname="Test Cases/Mobile/Scenario/Analysis/007 - Mencari research report" status="PASSED">
         <system-out><![CDATA[2022-03-11 08:37:46 - [TEST_CASE][PASSED] - Test Cases/Mobile/Scenario/Analysis/007 - Mencari research report: Test Cases/Mobile/Scenario/Analysis/007 - Mencari research report

2022-03-11 08:37:46 - [TEST_STEP][PASSED] - callTestCase(findTestCase("Mobile/Page/Run App/Run App byID"), [:], STOP_ON_FAILURE): Call Test Case 'Test Cases/Mobile/Page/Run App/Run App byID' successfully

2022-03-11 08:37:46 - [TEST_CASE][PASSED] - Test Cases/Mobile/Page/Run App/Run App byID: Test Cases/Mobile/Page/Run App/Run App byID

2022-03-11 08:37:46 - [TEST_STEP][PASSED] - startApp.OpenApp.startApplication("id.co.miraeasset.sageclub"): startApp.OpenApp.startApplication is PASSED

2022-03-11 08:38:00 - [MESSAGE][PASSED] - Starting app with application ID: 'id.co.miraeasset.sageclub'

2022-03-11 08:38:00 - [MESSAGE][PASSED] - startApp.OpenApp.startApplication is PASSED

2022-03-11 08:38:00 - [MESSAGE][PASSED] - Call Test Case 'Test Cases/Mobile/Page/Run App/Run App byID' successfully

2022-03-11 08:38:00 - [TEST_STEP][PASSED] - callTestCase(findTestCase("Mobile/Page/Analysis/Analysis"), ["action":"researchsearch"], CONTINUE_ON_FAILURE): Call Test Case 'Test Cases/Mobile/Page/Analysis/Analysis' successfully

2022-03-11 08:38:00 - [TEST_CASE][PASSED] - Test Cases/Mobile/Page/Analysis/Analysis: Test Cases/Mobile/Page/Analysis/Analysis

2022-03-11 08:38:00 - [TEST_STEP][PASSED] - callTestCase(findTestCase("Mobile/Page/CheckLogin"), [:], CONTINUE_ON_FAILURE): Call Test Case 'Test Cases/Mobile/Page/CheckLogin' successfully

2022-03-11 08:38:00 - [TEST_CASE][PASSED] - Test Cases/Mobile/Page/CheckLogin: Test Cases/Mobile/Page/CheckLogin

2022-03-11 08:38:00 - [TEST_STEP][PASSED] - loginCheck = verifyElementExist(LOGN_BtnLogin, 5, CONTINUE_ON_FAILURE): Element 'Object Repository/Mobile/Page/Login/Button - Login' is exist

2022-03-11 08:38:02 - [MESSAGE][PASSED] - Element 'Object Repository/Mobile/Page/Login/Button - Login' is exist

2022-03-11 08:38:02 - [TEST_STEP][PASSED] - if (loginCheck): Call Test Case 'Test Cases/Mobile/Page/Login/Login' successfully

2022-03-11 08:38:02 - [TEST_STEP][PASSED] - callTestCase(findTestCase("Mobile/Page/Login/Login"), ["action":"username"], CONTINUE_ON_FAILURE): Call Test Case 'Test Cases/Mobile/Page/Login/Login' successfully

2022-03-11 08:38:02 - [TEST_CASE][PASSED] - Test Cases/Mobile/Page/Login/Login: Test Cases/Mobile/Page/Login/Login

2022-03-11 08:38:02 - [TEST_STEP][PASSED] - delay(2): Delayed 2 second(s)

2022-03-11 08:38:04 - [MESSAGE][PASSED] - Delayed 2 second(s)

2022-03-11 08:38:04 - [TEST_STEP][PASSED] - for ([i = 0, i < 1, (i++)]): null

2022-03-11 08:38:04 - [TEST_STEP][PASSED] - if (action == "username"): null

2022-03-11 08:38:04 - [TEST_STEP][PASSED] - tap(LOGN_EdtUserID, 0): Tapped on element 'Object Repository/Mobile/Page/Login/Input - UserID'

2022-03-11 08:38:04 - [MESSAGE][WARNING] - Timeout '0' is invalid. Using default page load timeout: '60'

2022-03-11 08:38:04 - [MESSAGE][PASSED] - Tapped on element 'Object Repository/Mobile/Page/Login/Input - UserID'

2022-03-11 08:38:04 - [TEST_STEP][PASSED] - delay(1): Delayed 1 second(s)

2022-03-11 08:38:05 - [MESSAGE][PASSED] - Delayed 1 second(s)

2022-03-11 08:38:05 - [TEST_STEP][PASSED] - setText(LOGN_EdtRdyUserID, "anggaaditya", 0): Text 'anggaaditya' has been set to element 'Object Repository/Mobile/Page/Login/Input Rdy - UserID'

2022-03-11 08:38:05 - [MESSAGE][WARNING] - Timeout '0' is invalid. Using default page load timeout: '60'

2022-03-11 08:38:06 - [MESSAGE][PASSED] - Text 'anggaaditya' has been set to element 'Object Repository/Mobile/Page/Login/Input Rdy - UserID'

2022-03-11 08:38:06 - [TEST_STEP][PASSED] - delay(1): Delayed 1 second(s)

2022-03-11 08:38:07 - [MESSAGE][PASSED] - Delayed 1 second(s)

2022-03-11 08:38:07 - [TEST_STEP][PASSED] - hideKeyboard(): Keyboard is hidden

2022-03-11 08:38:11 - [MESSAGE][PASSED] - Keyboard is hidden

2022-03-11 08:38:11 - [TEST_STEP][PASSED] - tap(LOGN_EdtPassword, 0): Tapped on element 'Object Repository/Mobile/Page/Login/Input - Password'

2022-03-11 08:38:11 - [MESSAGE][WARNING] - Timeout '0' is invalid. Using default page load timeout: '60'

2022-03-11 08:38:11 - [MESSAGE][PASSED] - Tapped on element 'Object Repository/Mobile/Page/Login/Input - Password'

2022-03-11 08:38:11 - [TEST_STEP][PASSED] - delay(1): Delayed 1 second(s)

2022-03-11 08:38:12 - [MESSAGE][PASSED] - Delayed 1 second(s)

2022-03-11 08:38:12 - [TEST_STEP][PASSED] - setText(LOGN_EdtRdyPassword, "Shalawa18", 0): Text 'Shalawa18' has been set to element 'Object Repository/Mobile/Page/Login/Input Rdy - Password'

2022-03-11 08:38:12 - [MESSAGE][WARNING] - Timeout '0' is invalid. Using default page load timeout: '60'

2022-03-11 08:38:13 - [MESSAGE][PASSED] - Text 'Shalawa18' has been set to element 'Object Repository/Mobile/Page/Login/Input Rdy - Password'

2022-03-11 08:38:13 - [TEST_STEP][PASSED] - delay(1): Delayed 1 second(s)

2022-03-11 08:38:14 - [MESSAGE][PASSED] - Delayed 1 second(s)

2022-03-11 08:38:14 - [TEST_STEP][PASSED] - hideKeyboard(): Keyboard is hidden

2022-03-11 08:38:20 - [MESSAGE][PASSED] - Keyboard is hidden

2022-03-11 08:38:20 - [TEST_STEP][PASSED] - tap(LOGN_BtnLogin, 0): Tapped on element 'Object Repository/Mobile/Page/Login/Button - Login'

2022-03-11 08:38:20 - [MESSAGE][WARNING] - Timeout '0' is invalid. Using default page load timeout: '60'

2022-03-11 08:38:21 - [MESSAGE][PASSED] - Tapped on element 'Object Repository/Mobile/Page/Login/Button - Login'

2022-03-11 08:38:21 - [TEST_STEP][PASSED] - delay(2): Delayed 2 second(s)

2022-03-11 08:38:23 - [MESSAGE][PASSED] - Delayed 2 second(s)

2022-03-11 08:38:23 - [TEST_STEP][PASSED] - break: null

2022-03-11 08:38:23 - [MESSAGE][PASSED] - Call Test Case 'Test Cases/Mobile/Page/Login/Login' successfully

2022-03-11 08:38:23 - [MESSAGE][PASSED] - Call Test Case 'Test Cases/Mobile/Page/CheckLogin' successfully

2022-03-11 08:38:23 - [TEST_STEP][PASSED] - tap(HOME_MenubarAnalysis, 0): Tapped on element 'Object Repository/Mobile/Page/Home/Menubar - Analysis'

2022-03-11 08:38:23 - [MESSAGE][WARNING] - Timeout '0' is invalid. Using default page load timeout: '60'

2022-03-11 08:38:26 - [MESSAGE][PASSED] - Tapped on element 'Object Repository/Mobile/Page/Home/Menubar - Analysis'

2022-03-11 08:38:26 - [TEST_STEP][PASSED] - delay(3): Delayed 3 second(s)

2022-03-11 08:38:29 - [MESSAGE][PASSED] - Delayed 3 second(s)

2022-03-11 08:38:29 - [TEST_STEP][PASSED] - for ([i = 0, i < 1, (i++)]): Press back button successfully

2022-03-11 08:38:29 - [TEST_STEP][PASSED] - if (action == "technicalsearch"): null

2022-03-11 08:38:29 - [TEST_STEP][PASSED] - else if (action == "technicaldetail"): null

2022-03-11 08:38:29 - [TEST_STEP][PASSED] - else if (action == "researchdetail"): null

2022-03-11 08:38:29 - [TEST_STEP][PASSED] - else if (action == "researchsearch"): Press back button successfully

2022-03-11 08:38:29 - [TEST_STEP][PASSED] - tap(ANAL_TabResearchReport, 0): Tapped on element 'Object Repository/Mobile/Page/Analysis/Tab - Research Report'

2022-03-11 08:38:29 - [MESSAGE][WARNING] - Timeout '0' is invalid. Using default page load timeout: '60'

2022-03-11 08:38:30 - [MESSAGE][PASSED] - Tapped on element 'Object Repository/Mobile/Page/Analysis/Tab - Research Report'

2022-03-11 08:38:30 - [TEST_STEP][PASSED] - delay(1): Delayed 1 second(s)

2022-03-11 08:38:31 - [MESSAGE][PASSED] - Delayed 1 second(s)

2022-03-11 08:38:31 - [TEST_STEP][PASSED] - tap(ANAL_EdtSearch, 0): Tapped on element 'Object Repository/Mobile/Page/Analysis/Input - Search'

2022-03-11 08:38:31 - [MESSAGE][WARNING] - Timeout '0' is invalid. Using default page load timeout: '60'

2022-03-11 08:38:32 - [MESSAGE][PASSED] - Tapped on element 'Object Repository/Mobile/Page/Analysis/Input - Search'

2022-03-11 08:38:32 - [TEST_STEP][PASSED] - delay(1): Delayed 1 second(s)

2022-03-11 08:38:33 - [MESSAGE][PASSED] - Delayed 1 second(s)

2022-03-11 08:38:33 - [TEST_STEP][PASSED] - setText(ANAL_EdtSearch, "embun", 0): Text 'embun' has been set to element 'Object Repository/Mobile/Page/Analysis/Input - Search'

2022-03-11 08:38:33 - [MESSAGE][WARNING] - Timeout '0' is invalid. Using default page load timeout: '60'

2022-03-11 08:38:34 - [MESSAGE][PASSED] - Text 'embun' has been set to element 'Object Repository/Mobile/Page/Analysis/Input - Search'

2022-03-11 08:38:34 - [TEST_STEP][PASSED] - hideKeyboard(): Keyboard is hidden

2022-03-11 08:38:37 - [MESSAGE][PASSED] - Keyboard is hidden

2022-03-11 08:38:37 - [TEST_STEP][PASSED] - tapAndHold(ANAL_ItemTopSearch, 1, 0): Tapped and held on element 'Object Repository/Mobile/Page/Analysis/Item - Top Search' with duration 1

2022-03-11 08:38:37 - [MESSAGE][WARNING] - Timeout '0' is invalid. Using default page load timeout: '60'

2022-03-11 08:38:40 - [MESSAGE][PASSED] - Tapped and held on element 'Object Repository/Mobile/Page/Analysis/Item - Top Search' with duration 1

2022-03-11 08:38:40 - [TEST_STEP][PASSED] - delay(3): Delayed 3 second(s)

2022-03-11 08:38:43 - [MESSAGE][PASSED] - Delayed 3 second(s)

2022-03-11 08:38:43 - [TEST_STEP][PASSED] - pressBack(): Press back button successfully

2022-03-11 08:38:43 - [MESSAGE][PASSED] - Press back button successfully

2022-03-11 08:38:43 - [MESSAGE][PASSED] - Call Test Case 'Test Cases/Mobile/Page/Analysis/Analysis' successfully

2022-03-11 08:38:43 - [TEST_STEP][PASSED] - callTestCase(findTestCase("Mobile/Page/Run App/Terminate App"), [:], STOP_ON_FAILURE): Call Test Case 'Test Cases/Mobile/Page/Run App/Terminate App' successfully

2022-03-11 08:38:44 - [TEST_CASE][PASSED] - Test Cases/Mobile/Page/Run App/Terminate App: Test Cases/Mobile/Page/Run App/Terminate App

2022-03-11 08:38:44 - [TEST_STEP][PASSED] - startApp.OpenApp.terminateApplication(): startApp.OpenApp.terminateApplication is PASSED

2022-03-11 08:38:48 - [MESSAGE][PASSED] - Delayed 3 second(s)

2022-03-11 08:38:48 - [MESSAGE][PASSED] - Current device physical width is 720

2022-03-11 08:38:48 - [MESSAGE][PASSED] - Current device physical height is 1423

2022-03-11 08:38:49 - [MESSAGE][PASSED] - Swiped from 360,853 to 360,142

2022-03-11 08:38:50 - [MESSAGE][PASSED] - Delayed 1 second(s)

2022-03-11 08:38:52 - [MESSAGE][PASSED] - Swiped from 360,853 to 360,142

2022-03-11 08:38:55 - [MESSAGE][PASSED] - Delayed 3 second(s)

2022-03-11 08:38:55 - [MESSAGE][PASSED] - startApp.OpenApp.terminateApplication is PASSED

2022-03-11 08:38:55 - [MESSAGE][PASSED] - Call Test Case 'Test Cases/Mobile/Page/Run App/Terminate App' successfully]]></system-out>
         <system-err><![CDATA[]]></system-err>
      </testcase>
      <system-out><![CDATA[2022-03-11 08:30:23 - [TEST_SUITE][PASSED] - analysis: Test Cases/Mobile/Scenario/Analysis/007 - Mencari research report]]></system-out>
      <system-err><![CDATA[]]></system-err>
   </testsuite>
</testsuites>
