<?xml version="1.0" encoding="UTF-8"?>
<testsuites name="analysis" time="488.37" tests="7" failures="0" skips="0" errors="0">
   <testsuite name="analysis" tests="7" failures="0" errors="0" time="488.37" skips="0" timestamp="2022-01-26 14:38:09" hostname="Owner - aldy-tft" id="Test Suites/analysis">
      <properties>
         <property name="deviceName" value="samsung SM-A205F (Android 11)"/>
         <property name="devicePlatform" value=""/>
         <property name="logFolder" value="C:\\Users\\Owner\\Documents\\kerjaan\\KatalonProject\\qa_katalon_pwm\\qa_katalon_pwm\\Reports\\20220126_143801\\analysis\\20220126_143801"/>
         <property name="logFiles" value="C:\\Users\\Owner\\Documents\\kerjaan\\KatalonProject\\qa_katalon_pwm\\qa_katalon_pwm\\Reports\\20220126_143801\\analysis\\20220126_143801\\appium.log, C:\\Users\\Owner\\Documents\\kerjaan\\KatalonProject\\qa_katalon_pwm\\qa_katalon_pwm\\Reports\\20220126_143801\\analysis\\20220126_143801\\execution0.log"/>
         <property name="attachments" value=""/>
         <property name="hostName" value="Owner - aldy-tft"/>
         <property name="os" value="Windows 10 64bit"/>
         <property name="appiumServerStatus" value="{&quot;value&quot;:{&quot;build&quot;:{&quot;version&quot;:&quot;1.22.0&quot;}},&quot;sessionId&quot;:null,&quot;status&quot;:0}"/>
         <property name="katalonVersion" value="7.9.1.208"/>
         <property name="deviceOS" value="Android"/>
         <property name="appiumVersion" value="1.22.0"/>
         <property name="deviceModel" value="SM-A205F"/>
         <property name="hostAddress" value="192.168.18.37"/>
         <property name="deviceManufacturer" value="samsung"/>
         <property name="deviceId" value="RR8M40C9AXE"/>
         <property name="deviceName" value="samsung SM-A205F (Android 11)"/>
         <property name="deviceOSVersion" value="11"/>
      </properties>
      <testcase name="Test Cases/Mobile/Scenario/Analysis/001 - Melihat list stock technical analysis" time="95.82" classname="Test Cases/Mobile/Scenario/Analysis/001 - Melihat list stock technical analysis" status="PASSED">
         <system-out><![CDATA[2022-01-26 14:38:10 - [TEST_CASE][PASSED] - Test Cases/Mobile/Scenario/Analysis/001 - Melihat list stock technical analysis: Test Cases/Mobile/Scenario/Analysis/001 - Melihat list stock technical analysis

2022-01-26 14:38:10 - [TEST_STEP][PASSED] - callTestCase(findTestCase("Mobile/Page/Run App/Run App byID"), [:], STOP_ON_FAILURE): Call Test Case 'Test Cases/Mobile/Page/Run App/Run App byID' successfully

2022-01-26 14:38:10 - [TEST_CASE][PASSED] - Test Cases/Mobile/Page/Run App/Run App byID: Test Cases/Mobile/Page/Run App/Run App byID

2022-01-26 14:38:10 - [TEST_STEP][PASSED] - startApp.OpenApp.startApplication("id.co.miraeasset.sageclub"): startApp.OpenApp.startApplication is PASSED

2022-01-26 14:38:12 - [MESSAGE][INFO] - Appium server started on port 64,698

2022-01-26 14:38:27 - [MESSAGE][PASSED] - Starting app with application ID: 'id.co.miraeasset.sageclub'

2022-01-26 14:38:27 - [MESSAGE][PASSED] - startApp.OpenApp.startApplication is PASSED

2022-01-26 14:38:27 - [MESSAGE][PASSED] - Call Test Case 'Test Cases/Mobile/Page/Run App/Run App byID' successfully

2022-01-26 14:38:27 - [TEST_STEP][PASSED] - callTestCase(findTestCase("Mobile/Page/Analysis/Analysis"), ["action":"technicalsearch"], CONTINUE_ON_FAILURE): Call Test Case 'Test Cases/Mobile/Page/Analysis/Analysis' successfully

2022-01-26 14:38:27 - [TEST_CASE][PASSED] - Test Cases/Mobile/Page/Analysis/Analysis: Test Cases/Mobile/Page/Analysis/Analysis

2022-01-26 14:38:28 - [TEST_STEP][PASSED] - callTestCase(findTestCase("Mobile/Page/CheckLogin"), [:], CONTINUE_ON_FAILURE): Call Test Case 'Test Cases/Mobile/Page/CheckLogin' successfully

2022-01-26 14:38:28 - [TEST_CASE][PASSED] - Test Cases/Mobile/Page/CheckLogin: Test Cases/Mobile/Page/CheckLogin

2022-01-26 14:38:28 - [TEST_STEP][PASSED] - loginCheck = verifyElementExist(LOGN_BtnLogin, 5, CONTINUE_ON_FAILURE): Element 'Object Repository/Mobile/Page/Login/Button - Login' is exist

2022-01-26 14:38:42 - [MESSAGE][PASSED] - Element 'Object Repository/Mobile/Page/Login/Button - Login' is exist

2022-01-26 14:38:42 - [TEST_STEP][PASSED] - if (loginCheck): Call Test Case 'Test Cases/Mobile/Page/Login/Login' successfully

2022-01-26 14:38:42 - [TEST_STEP][PASSED] - callTestCase(findTestCase("Mobile/Page/Login/Login"), ["action":"username"], CONTINUE_ON_FAILURE): Call Test Case 'Test Cases/Mobile/Page/Login/Login' successfully

2022-01-26 14:38:42 - [TEST_CASE][PASSED] - Test Cases/Mobile/Page/Login/Login: Test Cases/Mobile/Page/Login/Login

2022-01-26 14:38:42 - [TEST_STEP][PASSED] - delay(2): Delayed 2 second(s)

2022-01-26 14:38:44 - [MESSAGE][PASSED] - Delayed 2 second(s)

2022-01-26 14:38:44 - [TEST_STEP][PASSED] - for ([i = 0, i < 1, (i++)]): null

2022-01-26 14:38:44 - [TEST_STEP][PASSED] - if (action == "username"): null

2022-01-26 14:38:44 - [TEST_STEP][PASSED] - tap(LOGN_EdtUserID, 0): Tapped on element 'Object Repository/Mobile/Page/Login/Input - UserID'

2022-01-26 14:38:44 - [MESSAGE][WARNING] - Timeout '0' is invalid. Using default page load timeout: '60'

2022-01-26 14:38:45 - [MESSAGE][PASSED] - Tapped on element 'Object Repository/Mobile/Page/Login/Input - UserID'

2022-01-26 14:38:45 - [TEST_STEP][PASSED] - delay(1): Delayed 1 second(s)

2022-01-26 14:38:46 - [MESSAGE][PASSED] - Delayed 1 second(s)

2022-01-26 14:38:46 - [TEST_STEP][PASSED] - setText(LOGN_EdtRdyUserID, "anggaaditya", 0): Text 'anggaaditya' has been set to element 'Object Repository/Mobile/Page/Login/Input Rdy - UserID'

2022-01-26 14:38:46 - [MESSAGE][WARNING] - Timeout '0' is invalid. Using default page load timeout: '60'

2022-01-26 14:38:46 - [MESSAGE][PASSED] - Text 'anggaaditya' has been set to element 'Object Repository/Mobile/Page/Login/Input Rdy - UserID'

2022-01-26 14:38:46 - [TEST_STEP][PASSED] - delay(1): Delayed 1 second(s)

2022-01-26 14:38:47 - [MESSAGE][PASSED] - Delayed 1 second(s)

2022-01-26 14:38:47 - [TEST_STEP][PASSED] - hideKeyboard(): Keyboard is hidden

2022-01-26 14:38:52 - [MESSAGE][PASSED] - Keyboard is hidden

2022-01-26 14:38:52 - [TEST_STEP][PASSED] - tap(LOGN_EdtPassword, 0): Tapped on element 'Object Repository/Mobile/Page/Login/Input - Password'

2022-01-26 14:38:52 - [MESSAGE][WARNING] - Timeout '0' is invalid. Using default page load timeout: '60'

2022-01-26 14:38:52 - [MESSAGE][PASSED] - Tapped on element 'Object Repository/Mobile/Page/Login/Input - Password'

2022-01-26 14:38:52 - [TEST_STEP][PASSED] - delay(1): Delayed 1 second(s)

2022-01-26 14:38:53 - [MESSAGE][PASSED] - Delayed 1 second(s)

2022-01-26 14:38:53 - [TEST_STEP][PASSED] - setText(LOGN_EdtRdyPassword, "Shalawa18", 0): Text 'Shalawa18' has been set to element 'Object Repository/Mobile/Page/Login/Input Rdy - Password'

2022-01-26 14:38:53 - [MESSAGE][WARNING] - Timeout '0' is invalid. Using default page load timeout: '60'

2022-01-26 14:38:54 - [MESSAGE][PASSED] - Text 'Shalawa18' has been set to element 'Object Repository/Mobile/Page/Login/Input Rdy - Password'

2022-01-26 14:38:54 - [TEST_STEP][PASSED] - delay(1): Delayed 1 second(s)

2022-01-26 14:38:55 - [MESSAGE][PASSED] - Delayed 1 second(s)

2022-01-26 14:38:55 - [TEST_STEP][PASSED] - hideKeyboard(): Keyboard is hidden

2022-01-26 14:39:02 - [MESSAGE][PASSED] - Keyboard is hidden

2022-01-26 14:39:02 - [TEST_STEP][PASSED] - tap(LOGN_BtnLogin, 0): Tapped on element 'Object Repository/Mobile/Page/Login/Button - Login'

2022-01-26 14:39:02 - [MESSAGE][WARNING] - Timeout '0' is invalid. Using default page load timeout: '60'

2022-01-26 14:39:03 - [MESSAGE][PASSED] - Tapped on element 'Object Repository/Mobile/Page/Login/Button - Login'

2022-01-26 14:39:03 - [TEST_STEP][PASSED] - delay(2): Delayed 2 second(s)

2022-01-26 14:39:05 - [MESSAGE][PASSED] - Delayed 2 second(s)

2022-01-26 14:39:05 - [TEST_STEP][PASSED] - break: null

2022-01-26 14:39:05 - [MESSAGE][PASSED] - Call Test Case 'Test Cases/Mobile/Page/Login/Login' successfully

2022-01-26 14:39:05 - [MESSAGE][PASSED] - Call Test Case 'Test Cases/Mobile/Page/CheckLogin' successfully

2022-01-26 14:39:05 - [TEST_STEP][PASSED] - tap(HOME_MenubarAnalysis, 0): Tapped on element 'Object Repository/Mobile/Page/Home/Menubar - Analysis'

2022-01-26 14:39:05 - [MESSAGE][WARNING] - Timeout '0' is invalid. Using default page load timeout: '60'

2022-01-26 14:39:06 - [MESSAGE][PASSED] - Tapped on element 'Object Repository/Mobile/Page/Home/Menubar - Analysis'

2022-01-26 14:39:06 - [TEST_STEP][PASSED] - delay(3): Delayed 3 second(s)

2022-01-26 14:39:09 - [MESSAGE][PASSED] - Delayed 3 second(s)

2022-01-26 14:39:09 - [TEST_STEP][PASSED] - for ([i = 0, i < 1, (i++)]): Delayed 2 second(s)

2022-01-26 14:39:09 - [TEST_STEP][PASSED] - if (action == "technicalsearch"): Delayed 2 second(s)

2022-01-26 14:39:09 - [TEST_STEP][PASSED] - tap(ANAL_DropTechIndicator, 0): Tapped on element 'Object Repository/Mobile/Page/Analysis/Dropdown - Technical Indicator'

2022-01-26 14:39:09 - [MESSAGE][WARNING] - Timeout '0' is invalid. Using default page load timeout: '60'

2022-01-26 14:39:10 - [MESSAGE][PASSED] - Tapped on element 'Object Repository/Mobile/Page/Analysis/Dropdown - Technical Indicator'

2022-01-26 14:39:10 - [TEST_STEP][PASSED] - delay(1): Delayed 1 second(s)

2022-01-26 14:39:11 - [MESSAGE][PASSED] - Delayed 1 second(s)

2022-01-26 14:39:11 - [TEST_STEP][PASSED] - tap(ANAL_OptTechIndicatorAll, 0): Tapped on element 'Object Repository/Mobile/Page/Analysis/Option Technical Indicator - All'

2022-01-26 14:39:11 - [MESSAGE][WARNING] - Timeout '0' is invalid. Using default page load timeout: '60'

2022-01-26 14:39:15 - [MESSAGE][PASSED] - Tapped on element 'Object Repository/Mobile/Page/Analysis/Option Technical Indicator - All'

2022-01-26 14:39:15 - [TEST_STEP][PASSED] - delay(1): Delayed 1 second(s)

2022-01-26 14:39:16 - [MESSAGE][PASSED] - Delayed 1 second(s)

2022-01-26 14:39:16 - [TEST_STEP][PASSED] - tap(ANAL_DropMarketCap, 0): Tapped on element 'Object Repository/Mobile/Page/Analysis/Dropdown - Market Cap'

2022-01-26 14:39:16 - [MESSAGE][WARNING] - Timeout '0' is invalid. Using default page load timeout: '60'

2022-01-26 14:39:17 - [MESSAGE][PASSED] - Tapped on element 'Object Repository/Mobile/Page/Analysis/Dropdown - Market Cap'

2022-01-26 14:39:17 - [TEST_STEP][PASSED] - delay(1): Delayed 1 second(s)

2022-01-26 14:39:18 - [MESSAGE][PASSED] - Delayed 1 second(s)

2022-01-26 14:39:18 - [TEST_STEP][PASSED] - tap(ANAL_OptMarketCap1T, 0): Tapped on element 'Object Repository/Mobile/Page/Analysis/Option Market Cap - 1 Trillion'

2022-01-26 14:39:18 - [MESSAGE][WARNING] - Timeout '0' is invalid. Using default page load timeout: '60'

2022-01-26 14:39:19 - [MESSAGE][PASSED] - Tapped on element 'Object Repository/Mobile/Page/Analysis/Option Market Cap - 1 Trillion'

2022-01-26 14:39:19 - [TEST_STEP][PASSED] - delay(1): Delayed 1 second(s)

2022-01-26 14:39:20 - [MESSAGE][PASSED] - Delayed 1 second(s)

2022-01-26 14:39:20 - [TEST_STEP][PASSED] - tap(ANAL_DropTransaction, 0): Tapped on element 'Object Repository/Mobile/Page/Analysis/Dropdown - Transaction'

2022-01-26 14:39:20 - [MESSAGE][WARNING] - Timeout '0' is invalid. Using default page load timeout: '60'

2022-01-26 14:39:22 - [MESSAGE][PASSED] - Tapped on element 'Object Repository/Mobile/Page/Analysis/Dropdown - Transaction'

2022-01-26 14:39:22 - [TEST_STEP][PASSED] - delay(1): Delayed 1 second(s)

2022-01-26 14:39:23 - [MESSAGE][PASSED] - Delayed 1 second(s)

2022-01-26 14:39:23 - [TEST_STEP][PASSED] - tap(ANAL_OptTransaction10B, 0): Tapped on element 'Object Repository/Mobile/Page/Analysis/Option Transaction - 10 Billion'

2022-01-26 14:39:23 - [MESSAGE][WARNING] - Timeout '0' is invalid. Using default page load timeout: '60'

2022-01-26 14:39:24 - [MESSAGE][PASSED] - Tapped on element 'Object Repository/Mobile/Page/Analysis/Option Transaction - 10 Billion'

2022-01-26 14:39:24 - [TEST_STEP][PASSED] - delay(1): Delayed 1 second(s)

2022-01-26 14:39:25 - [MESSAGE][PASSED] - Delayed 1 second(s)

2022-01-26 14:39:25 - [TEST_STEP][PASSED] - tap(ANAL_DropTimeFrame, 0): Tapped on element 'Object Repository/Mobile/Page/Analysis/Dropdown - Time Frame'

2022-01-26 14:39:25 - [MESSAGE][WARNING] - Timeout '0' is invalid. Using default page load timeout: '60'

2022-01-26 14:39:26 - [MESSAGE][PASSED] - Tapped on element 'Object Repository/Mobile/Page/Analysis/Dropdown - Time Frame'

2022-01-26 14:39:26 - [TEST_STEP][PASSED] - delay(1): Delayed 1 second(s)

2022-01-26 14:39:27 - [MESSAGE][PASSED] - Delayed 1 second(s)

2022-01-26 14:39:27 - [TEST_STEP][PASSED] - tap(ANAL_OptTimeFrameDaily, 0): Tapped on element 'Object Repository/Mobile/Page/Analysis/Option Time Frame - Daily'

2022-01-26 14:39:27 - [MESSAGE][WARNING] - Timeout '0' is invalid. Using default page load timeout: '60'

2022-01-26 14:39:28 - [MESSAGE][PASSED] - Tapped on element 'Object Repository/Mobile/Page/Analysis/Option Time Frame - Daily'

2022-01-26 14:39:28 - [TEST_STEP][PASSED] - delay(1): Delayed 1 second(s)

2022-01-26 14:39:29 - [MESSAGE][PASSED] - Delayed 1 second(s)

2022-01-26 14:39:29 - [TEST_STEP][PASSED] - tap(ANAL_DropIndex, 0): Tapped on element 'Object Repository/Mobile/Page/Analysis/Dropdown - Index'

2022-01-26 14:39:29 - [MESSAGE][WARNING] - Timeout '0' is invalid. Using default page load timeout: '60'

2022-01-26 14:39:31 - [MESSAGE][PASSED] - Tapped on element 'Object Repository/Mobile/Page/Analysis/Dropdown - Index'

2022-01-26 14:39:31 - [TEST_STEP][PASSED] - delay(1): Delayed 1 second(s)

2022-01-26 14:39:32 - [MESSAGE][PASSED] - Delayed 1 second(s)

2022-01-26 14:39:32 - [TEST_STEP][PASSED] - tap(ANAL_OptIndexIdx30, 0): Tapped on element 'Object Repository/Mobile/Page/Analysis/Option Index - Idx30'

2022-01-26 14:39:32 - [MESSAGE][WARNING] - Timeout '0' is invalid. Using default page load timeout: '60'

2022-01-26 14:39:33 - [MESSAGE][PASSED] - Tapped on element 'Object Repository/Mobile/Page/Analysis/Option Index - Idx30'

2022-01-26 14:39:33 - [TEST_STEP][PASSED] - delay(2): Delayed 2 second(s)

2022-01-26 14:39:35 - [MESSAGE][PASSED] - Delayed 2 second(s)

2022-01-26 14:39:35 - [MESSAGE][PASSED] - Call Test Case 'Test Cases/Mobile/Page/Analysis/Analysis' successfully

2022-01-26 14:39:35 - [TEST_STEP][PASSED] - callTestCase(findTestCase("Mobile/Page/Run App/Terminate App"), [:], STOP_ON_FAILURE): Call Test Case 'Test Cases/Mobile/Page/Run App/Terminate App' successfully

2022-01-26 14:39:35 - [TEST_CASE][PASSED] - Test Cases/Mobile/Page/Run App/Terminate App: Test Cases/Mobile/Page/Run App/Terminate App

2022-01-26 14:39:35 - [TEST_STEP][PASSED] - startApp.OpenApp.terminateApplication(): startApp.OpenApp.terminateApplication is PASSED

2022-01-26 14:39:38 - [MESSAGE][PASSED] - Delayed 3 second(s)

2022-01-26 14:39:39 - [MESSAGE][PASSED] - Current device physical width is 720

2022-01-26 14:39:39 - [MESSAGE][PASSED] - Current device physical height is 1423

2022-01-26 14:39:40 - [MESSAGE][PASSED] - Swiped from 360,853 to 360,142

2022-01-26 14:39:41 - [MESSAGE][PASSED] - Delayed 1 second(s)

2022-01-26 14:39:42 - [MESSAGE][PASSED] - Swiped from 360,853 to 360,142

2022-01-26 14:39:45 - [MESSAGE][PASSED] - Delayed 3 second(s)

2022-01-26 14:39:45 - [MESSAGE][PASSED] - startApp.OpenApp.terminateApplication is PASSED

2022-01-26 14:39:45 - [MESSAGE][PASSED] - Call Test Case 'Test Cases/Mobile/Page/Run App/Terminate App' successfully]]></system-out>
         <system-err><![CDATA[]]></system-err>
      </testcase>
      <testcase name="Test Cases/Mobile/Scenario/Analysis/002 - Melihat detail stock kategori day" time="64.688" classname="Test Cases/Mobile/Scenario/Analysis/002 - Melihat detail stock kategori day" status="PASSED">
         <system-out><![CDATA[2022-01-26 14:39:45 - [TEST_CASE][PASSED] - Test Cases/Mobile/Scenario/Analysis/002 - Melihat detail stock kategori day: Test Cases/Mobile/Scenario/Analysis/002 - Melihat detail stock kategori day

2022-01-26 14:39:46 - [TEST_STEP][PASSED] - callTestCase(findTestCase("Mobile/Page/Run App/Run App byID"), [:], STOP_ON_FAILURE): Call Test Case 'Test Cases/Mobile/Page/Run App/Run App byID' successfully

2022-01-26 14:39:46 - [TEST_CASE][PASSED] - Test Cases/Mobile/Page/Run App/Run App byID: Test Cases/Mobile/Page/Run App/Run App byID

2022-01-26 14:39:46 - [TEST_STEP][PASSED] - startApp.OpenApp.startApplication("id.co.miraeasset.sageclub"): startApp.OpenApp.startApplication is PASSED

2022-01-26 14:39:59 - [MESSAGE][PASSED] - Starting app with application ID: 'id.co.miraeasset.sageclub'

2022-01-26 14:39:59 - [MESSAGE][PASSED] - startApp.OpenApp.startApplication is PASSED

2022-01-26 14:39:59 - [MESSAGE][PASSED] - Call Test Case 'Test Cases/Mobile/Page/Run App/Run App byID' successfully

2022-01-26 14:39:59 - [TEST_STEP][PASSED] - callTestCase(findTestCase("Mobile/Page/Analysis/Analysis"), ["action":"technicaldetail", "action2":"day"], CONTINUE_ON_FAILURE): Call Test Case 'Test Cases/Mobile/Page/Analysis/Analysis' successfully

2022-01-26 14:39:59 - [TEST_CASE][PASSED] - Test Cases/Mobile/Page/Analysis/Analysis: Test Cases/Mobile/Page/Analysis/Analysis

2022-01-26 14:39:59 - [TEST_STEP][PASSED] - callTestCase(findTestCase("Mobile/Page/CheckLogin"), [:], CONTINUE_ON_FAILURE): Call Test Case 'Test Cases/Mobile/Page/CheckLogin' successfully

2022-01-26 14:39:59 - [TEST_CASE][PASSED] - Test Cases/Mobile/Page/CheckLogin: Test Cases/Mobile/Page/CheckLogin

2022-01-26 14:39:59 - [TEST_STEP][PASSED] - loginCheck = verifyElementExist(LOGN_BtnLogin, 5, CONTINUE_ON_FAILURE): Element 'Object Repository/Mobile/Page/Login/Button - Login' is exist

2022-01-26 14:40:01 - [MESSAGE][PASSED] - Element 'Object Repository/Mobile/Page/Login/Button - Login' is exist

2022-01-26 14:40:01 - [TEST_STEP][PASSED] - if (loginCheck): Call Test Case 'Test Cases/Mobile/Page/Login/Login' successfully

2022-01-26 14:40:01 - [TEST_STEP][PASSED] - callTestCase(findTestCase("Mobile/Page/Login/Login"), ["action":"username"], CONTINUE_ON_FAILURE): Call Test Case 'Test Cases/Mobile/Page/Login/Login' successfully

2022-01-26 14:40:01 - [TEST_CASE][PASSED] - Test Cases/Mobile/Page/Login/Login: Test Cases/Mobile/Page/Login/Login

2022-01-26 14:40:01 - [TEST_STEP][PASSED] - delay(2): Delayed 2 second(s)

2022-01-26 14:40:03 - [MESSAGE][PASSED] - Delayed 2 second(s)

2022-01-26 14:40:03 - [TEST_STEP][PASSED] - for ([i = 0, i < 1, (i++)]): null

2022-01-26 14:40:03 - [TEST_STEP][PASSED] - if (action == "username"): null

2022-01-26 14:40:03 - [TEST_STEP][PASSED] - tap(LOGN_EdtUserID, 0): Tapped on element 'Object Repository/Mobile/Page/Login/Input - UserID'

2022-01-26 14:40:03 - [MESSAGE][WARNING] - Timeout '0' is invalid. Using default page load timeout: '60'

2022-01-26 14:40:03 - [MESSAGE][PASSED] - Tapped on element 'Object Repository/Mobile/Page/Login/Input - UserID'

2022-01-26 14:40:03 - [TEST_STEP][PASSED] - delay(1): Delayed 1 second(s)

2022-01-26 14:40:04 - [MESSAGE][PASSED] - Delayed 1 second(s)

2022-01-26 14:40:04 - [TEST_STEP][PASSED] - setText(LOGN_EdtRdyUserID, "anggaaditya", 0): Text 'anggaaditya' has been set to element 'Object Repository/Mobile/Page/Login/Input Rdy - UserID'

2022-01-26 14:40:04 - [MESSAGE][WARNING] - Timeout '0' is invalid. Using default page load timeout: '60'

2022-01-26 14:40:05 - [MESSAGE][PASSED] - Text 'anggaaditya' has been set to element 'Object Repository/Mobile/Page/Login/Input Rdy - UserID'

2022-01-26 14:40:05 - [TEST_STEP][PASSED] - delay(1): Delayed 1 second(s)

2022-01-26 14:40:06 - [MESSAGE][PASSED] - Delayed 1 second(s)

2022-01-26 14:40:06 - [TEST_STEP][PASSED] - hideKeyboard(): Keyboard is hidden

2022-01-26 14:40:12 - [MESSAGE][PASSED] - Keyboard is hidden

2022-01-26 14:40:12 - [TEST_STEP][PASSED] - tap(LOGN_EdtPassword, 0): Tapped on element 'Object Repository/Mobile/Page/Login/Input - Password'

2022-01-26 14:40:12 - [MESSAGE][WARNING] - Timeout '0' is invalid. Using default page load timeout: '60'

2022-01-26 14:40:12 - [MESSAGE][PASSED] - Tapped on element 'Object Repository/Mobile/Page/Login/Input - Password'

2022-01-26 14:40:12 - [TEST_STEP][PASSED] - delay(1): Delayed 1 second(s)

2022-01-26 14:40:13 - [MESSAGE][PASSED] - Delayed 1 second(s)

2022-01-26 14:40:13 - [TEST_STEP][PASSED] - setText(LOGN_EdtRdyPassword, "Shalawa18", 0): Text 'Shalawa18' has been set to element 'Object Repository/Mobile/Page/Login/Input Rdy - Password'

2022-01-26 14:40:13 - [MESSAGE][WARNING] - Timeout '0' is invalid. Using default page load timeout: '60'

2022-01-26 14:40:14 - [MESSAGE][PASSED] - Text 'Shalawa18' has been set to element 'Object Repository/Mobile/Page/Login/Input Rdy - Password'

2022-01-26 14:40:14 - [TEST_STEP][PASSED] - delay(1): Delayed 1 second(s)

2022-01-26 14:40:15 - [MESSAGE][PASSED] - Delayed 1 second(s)

2022-01-26 14:40:15 - [TEST_STEP][PASSED] - hideKeyboard(): Keyboard is hidden

2022-01-26 14:40:21 - [MESSAGE][PASSED] - Keyboard is hidden

2022-01-26 14:40:21 - [TEST_STEP][PASSED] - tap(LOGN_BtnLogin, 0): Tapped on element 'Object Repository/Mobile/Page/Login/Button - Login'

2022-01-26 14:40:21 - [MESSAGE][WARNING] - Timeout '0' is invalid. Using default page load timeout: '60'

2022-01-26 14:40:22 - [MESSAGE][PASSED] - Tapped on element 'Object Repository/Mobile/Page/Login/Button - Login'

2022-01-26 14:40:22 - [TEST_STEP][PASSED] - delay(2): Delayed 2 second(s)

2022-01-26 14:40:24 - [MESSAGE][PASSED] - Delayed 2 second(s)

2022-01-26 14:40:24 - [TEST_STEP][PASSED] - break: null

2022-01-26 14:40:24 - [MESSAGE][PASSED] - Call Test Case 'Test Cases/Mobile/Page/Login/Login' successfully

2022-01-26 14:40:24 - [MESSAGE][PASSED] - Call Test Case 'Test Cases/Mobile/Page/CheckLogin' successfully

2022-01-26 14:40:24 - [TEST_STEP][PASSED] - tap(HOME_MenubarAnalysis, 0): Tapped on element 'Object Repository/Mobile/Page/Home/Menubar - Analysis'

2022-01-26 14:40:24 - [MESSAGE][WARNING] - Timeout '0' is invalid. Using default page load timeout: '60'

2022-01-26 14:40:26 - [MESSAGE][PASSED] - Tapped on element 'Object Repository/Mobile/Page/Home/Menubar - Analysis'

2022-01-26 14:40:26 - [TEST_STEP][PASSED] - delay(3): Delayed 3 second(s)

2022-01-26 14:40:29 - [MESSAGE][PASSED] - Delayed 3 second(s)

2022-01-26 14:40:29 - [TEST_STEP][PASSED] - for ([i = 0, i < 1, (i++)]): Delayed 2 second(s)

2022-01-26 14:40:29 - [TEST_STEP][PASSED] - if (action == "technicalsearch"): null

2022-01-26 14:40:29 - [TEST_STEP][PASSED] - else if (action == "technicaldetail"): Delayed 2 second(s)

2022-01-26 14:40:29 - [TEST_STEP][PASSED] - tapAndHold(ANAL_ItemTopResultTech, 1, 0): Tapped and held on element 'Object Repository/Mobile/Page/Analysis/Item - Top Technical' with duration 1

2022-01-26 14:40:29 - [MESSAGE][WARNING] - Timeout '0' is invalid. Using default page load timeout: '60'

2022-01-26 14:40:31 - [MESSAGE][PASSED] - Tapped and held on element 'Object Repository/Mobile/Page/Analysis/Item - Top Technical' with duration 1

2022-01-26 14:40:31 - [TEST_STEP][PASSED] - delay(3): Delayed 3 second(s)

2022-01-26 14:40:34 - [MESSAGE][PASSED] - Delayed 3 second(s)

2022-01-26 14:40:34 - [TEST_STEP][PASSED] - switch (action2): null

2022-01-26 14:40:34 - [TEST_STEP][PASSED] - case "day":: null

2022-01-26 14:40:34 - [TEST_STEP][PASSED] - tapAndHold(ANAL_DETL_BtnD, 1, 0): Tapped and held on element 'Object Repository/Mobile/Page/Analysis/Detail/Button - D' with duration 1

2022-01-26 14:40:34 - [MESSAGE][WARNING] - Timeout '0' is invalid. Using default page load timeout: '60'

2022-01-26 14:40:38 - [MESSAGE][PASSED] - Tapped and held on element 'Object Repository/Mobile/Page/Analysis/Detail/Button - D' with duration 1

2022-01-26 14:40:38 - [TEST_STEP][PASSED] - break: null

2022-01-26 14:40:38 - [TEST_STEP][PASSED] - delay(2): Delayed 2 second(s)

2022-01-26 14:40:40 - [MESSAGE][PASSED] - Delayed 2 second(s)

2022-01-26 14:40:40 - [MESSAGE][PASSED] - Call Test Case 'Test Cases/Mobile/Page/Analysis/Analysis' successfully

2022-01-26 14:40:40 - [TEST_STEP][PASSED] - callTestCase(findTestCase("Mobile/Page/Run App/Terminate App"), [:], STOP_ON_FAILURE): Call Test Case 'Test Cases/Mobile/Page/Run App/Terminate App' successfully

2022-01-26 14:40:40 - [TEST_CASE][PASSED] - Test Cases/Mobile/Page/Run App/Terminate App: Test Cases/Mobile/Page/Run App/Terminate App

2022-01-26 14:40:40 - [TEST_STEP][PASSED] - startApp.OpenApp.terminateApplication(): startApp.OpenApp.terminateApplication is PASSED

2022-01-26 14:40:43 - [MESSAGE][PASSED] - Delayed 3 second(s)

2022-01-26 14:40:43 - [MESSAGE][PASSED] - Current device physical width is 720

2022-01-26 14:40:43 - [MESSAGE][PASSED] - Current device physical height is 1423

2022-01-26 14:40:45 - [MESSAGE][PASSED] - Swiped from 360,853 to 360,142

2022-01-26 14:40:46 - [MESSAGE][PASSED] - Delayed 1 second(s)

2022-01-26 14:40:47 - [MESSAGE][PASSED] - Swiped from 360,853 to 360,142

2022-01-26 14:40:50 - [MESSAGE][PASSED] - Delayed 3 second(s)

2022-01-26 14:40:50 - [MESSAGE][PASSED] - startApp.OpenApp.terminateApplication is PASSED

2022-01-26 14:40:50 - [MESSAGE][PASSED] - Call Test Case 'Test Cases/Mobile/Page/Run App/Terminate App' successfully]]></system-out>
         <system-err><![CDATA[]]></system-err>
      </testcase>
      <testcase name="Test Cases/Mobile/Scenario/Analysis/003 - Melihat detail stock kategori week" time="62.417" classname="Test Cases/Mobile/Scenario/Analysis/003 - Melihat detail stock kategori week" status="PASSED">
         <system-out><![CDATA[2022-01-26 14:40:50 - [TEST_CASE][PASSED] - Test Cases/Mobile/Scenario/Analysis/003 - Melihat detail stock kategori week: Test Cases/Mobile/Scenario/Analysis/003 - Melihat detail stock kategori week

2022-01-26 14:40:50 - [TEST_STEP][PASSED] - callTestCase(findTestCase("Mobile/Page/Run App/Run App byID"), [:], STOP_ON_FAILURE): Call Test Case 'Test Cases/Mobile/Page/Run App/Run App byID' successfully

2022-01-26 14:40:50 - [TEST_CASE][PASSED] - Test Cases/Mobile/Page/Run App/Run App byID: Test Cases/Mobile/Page/Run App/Run App byID

2022-01-26 14:40:50 - [TEST_STEP][PASSED] - startApp.OpenApp.startApplication("id.co.miraeasset.sageclub"): startApp.OpenApp.startApplication is PASSED

2022-01-26 14:41:03 - [MESSAGE][PASSED] - Starting app with application ID: 'id.co.miraeasset.sageclub'

2022-01-26 14:41:03 - [MESSAGE][PASSED] - startApp.OpenApp.startApplication is PASSED

2022-01-26 14:41:03 - [MESSAGE][PASSED] - Call Test Case 'Test Cases/Mobile/Page/Run App/Run App byID' successfully

2022-01-26 14:41:03 - [TEST_STEP][PASSED] - callTestCase(findTestCase("Mobile/Page/Analysis/Analysis"), ["action":"technicaldetail", "action2":"week"], CONTINUE_ON_FAILURE): Call Test Case 'Test Cases/Mobile/Page/Analysis/Analysis' successfully

2022-01-26 14:41:03 - [TEST_CASE][PASSED] - Test Cases/Mobile/Page/Analysis/Analysis: Test Cases/Mobile/Page/Analysis/Analysis

2022-01-26 14:41:03 - [TEST_STEP][PASSED] - callTestCase(findTestCase("Mobile/Page/CheckLogin"), [:], CONTINUE_ON_FAILURE): Call Test Case 'Test Cases/Mobile/Page/CheckLogin' successfully

2022-01-26 14:41:03 - [TEST_CASE][PASSED] - Test Cases/Mobile/Page/CheckLogin: Test Cases/Mobile/Page/CheckLogin

2022-01-26 14:41:03 - [TEST_STEP][PASSED] - loginCheck = verifyElementExist(LOGN_BtnLogin, 5, CONTINUE_ON_FAILURE): Element 'Object Repository/Mobile/Page/Login/Button - Login' is exist

2022-01-26 14:41:05 - [MESSAGE][PASSED] - Element 'Object Repository/Mobile/Page/Login/Button - Login' is exist

2022-01-26 14:41:05 - [TEST_STEP][PASSED] - if (loginCheck): Call Test Case 'Test Cases/Mobile/Page/Login/Login' successfully

2022-01-26 14:41:05 - [TEST_STEP][PASSED] - callTestCase(findTestCase("Mobile/Page/Login/Login"), ["action":"username"], CONTINUE_ON_FAILURE): Call Test Case 'Test Cases/Mobile/Page/Login/Login' successfully

2022-01-26 14:41:05 - [TEST_CASE][PASSED] - Test Cases/Mobile/Page/Login/Login: Test Cases/Mobile/Page/Login/Login

2022-01-26 14:41:05 - [TEST_STEP][PASSED] - delay(2): Delayed 2 second(s)

2022-01-26 14:41:07 - [MESSAGE][PASSED] - Delayed 2 second(s)

2022-01-26 14:41:07 - [TEST_STEP][PASSED] - for ([i = 0, i < 1, (i++)]): null

2022-01-26 14:41:07 - [TEST_STEP][PASSED] - if (action == "username"): null

2022-01-26 14:41:07 - [TEST_STEP][PASSED] - tap(LOGN_EdtUserID, 0): Tapped on element 'Object Repository/Mobile/Page/Login/Input - UserID'

2022-01-26 14:41:07 - [MESSAGE][WARNING] - Timeout '0' is invalid. Using default page load timeout: '60'

2022-01-26 14:41:07 - [MESSAGE][PASSED] - Tapped on element 'Object Repository/Mobile/Page/Login/Input - UserID'

2022-01-26 14:41:07 - [TEST_STEP][PASSED] - delay(1): Delayed 1 second(s)

2022-01-26 14:41:08 - [MESSAGE][PASSED] - Delayed 1 second(s)

2022-01-26 14:41:08 - [TEST_STEP][PASSED] - setText(LOGN_EdtRdyUserID, "anggaaditya", 0): Text 'anggaaditya' has been set to element 'Object Repository/Mobile/Page/Login/Input Rdy - UserID'

2022-01-26 14:41:08 - [MESSAGE][WARNING] - Timeout '0' is invalid. Using default page load timeout: '60'

2022-01-26 14:41:09 - [MESSAGE][PASSED] - Text 'anggaaditya' has been set to element 'Object Repository/Mobile/Page/Login/Input Rdy - UserID'

2022-01-26 14:41:09 - [TEST_STEP][PASSED] - delay(1): Delayed 1 second(s)

2022-01-26 14:41:10 - [MESSAGE][PASSED] - Delayed 1 second(s)

2022-01-26 14:41:10 - [TEST_STEP][PASSED] - hideKeyboard(): Keyboard is hidden

2022-01-26 14:41:14 - [MESSAGE][PASSED] - Keyboard is hidden

2022-01-26 14:41:14 - [TEST_STEP][PASSED] - tap(LOGN_EdtPassword, 0): Tapped on element 'Object Repository/Mobile/Page/Login/Input - Password'

2022-01-26 14:41:14 - [MESSAGE][WARNING] - Timeout '0' is invalid. Using default page load timeout: '60'

2022-01-26 14:41:15 - [MESSAGE][PASSED] - Tapped on element 'Object Repository/Mobile/Page/Login/Input - Password'

2022-01-26 14:41:15 - [TEST_STEP][PASSED] - delay(1): Delayed 1 second(s)

2022-01-26 14:41:16 - [MESSAGE][PASSED] - Delayed 1 second(s)

2022-01-26 14:41:16 - [TEST_STEP][PASSED] - setText(LOGN_EdtRdyPassword, "Shalawa18", 0): Text 'Shalawa18' has been set to element 'Object Repository/Mobile/Page/Login/Input Rdy - Password'

2022-01-26 14:41:16 - [MESSAGE][WARNING] - Timeout '0' is invalid. Using default page load timeout: '60'

2022-01-26 14:41:16 - [MESSAGE][PASSED] - Text 'Shalawa18' has been set to element 'Object Repository/Mobile/Page/Login/Input Rdy - Password'

2022-01-26 14:41:16 - [TEST_STEP][PASSED] - delay(1): Delayed 1 second(s)

2022-01-26 14:41:17 - [MESSAGE][PASSED] - Delayed 1 second(s)

2022-01-26 14:41:17 - [TEST_STEP][PASSED] - hideKeyboard(): Keyboard is hidden

2022-01-26 14:41:24 - [MESSAGE][PASSED] - Keyboard is hidden

2022-01-26 14:41:24 - [TEST_STEP][PASSED] - tap(LOGN_BtnLogin, 0): Tapped on element 'Object Repository/Mobile/Page/Login/Button - Login'

2022-01-26 14:41:24 - [MESSAGE][WARNING] - Timeout '0' is invalid. Using default page load timeout: '60'

2022-01-26 14:41:25 - [MESSAGE][PASSED] - Tapped on element 'Object Repository/Mobile/Page/Login/Button - Login'

2022-01-26 14:41:25 - [TEST_STEP][PASSED] - delay(2): Delayed 2 second(s)

2022-01-26 14:41:27 - [MESSAGE][PASSED] - Delayed 2 second(s)

2022-01-26 14:41:27 - [TEST_STEP][PASSED] - break: null

2022-01-26 14:41:27 - [MESSAGE][PASSED] - Call Test Case 'Test Cases/Mobile/Page/Login/Login' successfully

2022-01-26 14:41:27 - [MESSAGE][PASSED] - Call Test Case 'Test Cases/Mobile/Page/CheckLogin' successfully

2022-01-26 14:41:27 - [TEST_STEP][PASSED] - tap(HOME_MenubarAnalysis, 0): Tapped on element 'Object Repository/Mobile/Page/Home/Menubar - Analysis'

2022-01-26 14:41:27 - [MESSAGE][WARNING] - Timeout '0' is invalid. Using default page load timeout: '60'

2022-01-26 14:41:29 - [MESSAGE][PASSED] - Tapped on element 'Object Repository/Mobile/Page/Home/Menubar - Analysis'

2022-01-26 14:41:29 - [TEST_STEP][PASSED] - delay(3): Delayed 3 second(s)

2022-01-26 14:41:32 - [MESSAGE][PASSED] - Delayed 3 second(s)

2022-01-26 14:41:32 - [TEST_STEP][PASSED] - for ([i = 0, i < 1, (i++)]): Delayed 2 second(s)

2022-01-26 14:41:32 - [TEST_STEP][PASSED] - if (action == "technicalsearch"): null

2022-01-26 14:41:32 - [TEST_STEP][PASSED] - else if (action == "technicaldetail"): Delayed 2 second(s)

2022-01-26 14:41:32 - [TEST_STEP][PASSED] - tapAndHold(ANAL_ItemTopResultTech, 1, 0): Tapped and held on element 'Object Repository/Mobile/Page/Analysis/Item - Top Technical' with duration 1

2022-01-26 14:41:32 - [MESSAGE][WARNING] - Timeout '0' is invalid. Using default page load timeout: '60'

2022-01-26 14:41:34 - [MESSAGE][PASSED] - Tapped and held on element 'Object Repository/Mobile/Page/Analysis/Item - Top Technical' with duration 1

2022-01-26 14:41:34 - [TEST_STEP][PASSED] - delay(3): Delayed 3 second(s)

2022-01-26 14:41:37 - [MESSAGE][PASSED] - Delayed 3 second(s)

2022-01-26 14:41:37 - [TEST_STEP][PASSED] - switch (action2): null

2022-01-26 14:41:37 - [TEST_STEP][PASSED] - case "week":: null

2022-01-26 14:41:37 - [TEST_STEP][PASSED] - tapAndHold(ANAL_DETL_BtnW, 1, 0): Tapped and held on element 'Object Repository/Mobile/Page/Analysis/Detail/Button - W' with duration 1

2022-01-26 14:41:37 - [MESSAGE][WARNING] - Timeout '0' is invalid. Using default page load timeout: '60'

2022-01-26 14:41:40 - [MESSAGE][PASSED] - Tapped and held on element 'Object Repository/Mobile/Page/Analysis/Detail/Button - W' with duration 1

2022-01-26 14:41:40 - [TEST_STEP][PASSED] - break: null

2022-01-26 14:41:40 - [TEST_STEP][PASSED] - delay(2): Delayed 2 second(s)

2022-01-26 14:41:42 - [MESSAGE][PASSED] - Delayed 2 second(s)

2022-01-26 14:41:42 - [MESSAGE][PASSED] - Call Test Case 'Test Cases/Mobile/Page/Analysis/Analysis' successfully

2022-01-26 14:41:42 - [TEST_STEP][PASSED] - callTestCase(findTestCase("Mobile/Page/Run App/Terminate App"), [:], STOP_ON_FAILURE): Call Test Case 'Test Cases/Mobile/Page/Run App/Terminate App' successfully

2022-01-26 14:41:42 - [TEST_CASE][PASSED] - Test Cases/Mobile/Page/Run App/Terminate App: Test Cases/Mobile/Page/Run App/Terminate App

2022-01-26 14:41:42 - [TEST_STEP][PASSED] - startApp.OpenApp.terminateApplication(): startApp.OpenApp.terminateApplication is PASSED

2022-01-26 14:41:45 - [MESSAGE][PASSED] - Delayed 3 second(s)

2022-01-26 14:41:46 - [MESSAGE][PASSED] - Current device physical width is 720

2022-01-26 14:41:46 - [MESSAGE][PASSED] - Current device physical height is 1423

2022-01-26 14:41:47 - [MESSAGE][PASSED] - Swiped from 360,853 to 360,142

2022-01-26 14:41:48 - [MESSAGE][PASSED] - Delayed 1 second(s)

2022-01-26 14:41:50 - [MESSAGE][PASSED] - Swiped from 360,853 to 360,142

2022-01-26 14:41:53 - [MESSAGE][PASSED] - Delayed 3 second(s)

2022-01-26 14:41:53 - [MESSAGE][PASSED] - startApp.OpenApp.terminateApplication is PASSED

2022-01-26 14:41:53 - [MESSAGE][PASSED] - Call Test Case 'Test Cases/Mobile/Page/Run App/Terminate App' successfully]]></system-out>
         <system-err><![CDATA[]]></system-err>
      </testcase>
      <testcase name="Test Cases/Mobile/Scenario/Analysis/004 - Melihat detail stock kategori month" time="60.476" classname="Test Cases/Mobile/Scenario/Analysis/004 - Melihat detail stock kategori month" status="PASSED">
         <system-out><![CDATA[2022-01-26 14:41:53 - [TEST_CASE][PASSED] - Test Cases/Mobile/Scenario/Analysis/004 - Melihat detail stock kategori month: Test Cases/Mobile/Scenario/Analysis/004 - Melihat detail stock kategori month

2022-01-26 14:41:53 - [TEST_STEP][PASSED] - callTestCase(findTestCase("Mobile/Page/Run App/Run App byID"), [:], STOP_ON_FAILURE): Call Test Case 'Test Cases/Mobile/Page/Run App/Run App byID' successfully

2022-01-26 14:41:53 - [TEST_CASE][PASSED] - Test Cases/Mobile/Page/Run App/Run App byID: Test Cases/Mobile/Page/Run App/Run App byID

2022-01-26 14:41:53 - [TEST_STEP][PASSED] - startApp.OpenApp.startApplication("id.co.miraeasset.sageclub"): startApp.OpenApp.startApplication is PASSED

2022-01-26 14:42:05 - [MESSAGE][PASSED] - Starting app with application ID: 'id.co.miraeasset.sageclub'

2022-01-26 14:42:05 - [MESSAGE][PASSED] - startApp.OpenApp.startApplication is PASSED

2022-01-26 14:42:05 - [MESSAGE][PASSED] - Call Test Case 'Test Cases/Mobile/Page/Run App/Run App byID' successfully

2022-01-26 14:42:05 - [TEST_STEP][PASSED] - callTestCase(findTestCase("Mobile/Page/Analysis/Analysis"), ["action":"technicaldetail", "action2":"month"], CONTINUE_ON_FAILURE): Call Test Case 'Test Cases/Mobile/Page/Analysis/Analysis' successfully

2022-01-26 14:42:05 - [TEST_CASE][PASSED] - Test Cases/Mobile/Page/Analysis/Analysis: Test Cases/Mobile/Page/Analysis/Analysis

2022-01-26 14:42:05 - [TEST_STEP][PASSED] - callTestCase(findTestCase("Mobile/Page/CheckLogin"), [:], CONTINUE_ON_FAILURE): Call Test Case 'Test Cases/Mobile/Page/CheckLogin' successfully

2022-01-26 14:42:05 - [TEST_CASE][PASSED] - Test Cases/Mobile/Page/CheckLogin: Test Cases/Mobile/Page/CheckLogin

2022-01-26 14:42:05 - [TEST_STEP][PASSED] - loginCheck = verifyElementExist(LOGN_BtnLogin, 5, CONTINUE_ON_FAILURE): Element 'Object Repository/Mobile/Page/Login/Button - Login' is exist

2022-01-26 14:42:07 - [MESSAGE][PASSED] - Element 'Object Repository/Mobile/Page/Login/Button - Login' is exist

2022-01-26 14:42:07 - [TEST_STEP][PASSED] - if (loginCheck): Call Test Case 'Test Cases/Mobile/Page/Login/Login' successfully

2022-01-26 14:42:07 - [TEST_STEP][PASSED] - callTestCase(findTestCase("Mobile/Page/Login/Login"), ["action":"username"], CONTINUE_ON_FAILURE): Call Test Case 'Test Cases/Mobile/Page/Login/Login' successfully

2022-01-26 14:42:07 - [TEST_CASE][PASSED] - Test Cases/Mobile/Page/Login/Login: Test Cases/Mobile/Page/Login/Login

2022-01-26 14:42:07 - [TEST_STEP][PASSED] - delay(2): Delayed 2 second(s)

2022-01-26 14:42:09 - [MESSAGE][PASSED] - Delayed 2 second(s)

2022-01-26 14:42:09 - [TEST_STEP][PASSED] - for ([i = 0, i < 1, (i++)]): null

2022-01-26 14:42:09 - [TEST_STEP][PASSED] - if (action == "username"): null

2022-01-26 14:42:09 - [TEST_STEP][PASSED] - tap(LOGN_EdtUserID, 0): Tapped on element 'Object Repository/Mobile/Page/Login/Input - UserID'

2022-01-26 14:42:09 - [MESSAGE][WARNING] - Timeout '0' is invalid. Using default page load timeout: '60'

2022-01-26 14:42:10 - [MESSAGE][PASSED] - Tapped on element 'Object Repository/Mobile/Page/Login/Input - UserID'

2022-01-26 14:42:10 - [TEST_STEP][PASSED] - delay(1): Delayed 1 second(s)

2022-01-26 14:42:11 - [MESSAGE][PASSED] - Delayed 1 second(s)

2022-01-26 14:42:11 - [TEST_STEP][PASSED] - setText(LOGN_EdtRdyUserID, "anggaaditya", 0): Text 'anggaaditya' has been set to element 'Object Repository/Mobile/Page/Login/Input Rdy - UserID'

2022-01-26 14:42:11 - [MESSAGE][WARNING] - Timeout '0' is invalid. Using default page load timeout: '60'

2022-01-26 14:42:12 - [MESSAGE][PASSED] - Text 'anggaaditya' has been set to element 'Object Repository/Mobile/Page/Login/Input Rdy - UserID'

2022-01-26 14:42:12 - [TEST_STEP][PASSED] - delay(1): Delayed 1 second(s)

2022-01-26 14:42:13 - [MESSAGE][PASSED] - Delayed 1 second(s)

2022-01-26 14:42:13 - [TEST_STEP][PASSED] - hideKeyboard(): Keyboard is hidden

2022-01-26 14:42:16 - [MESSAGE][PASSED] - Keyboard is hidden

2022-01-26 14:42:16 - [TEST_STEP][PASSED] - tap(LOGN_EdtPassword, 0): Tapped on element 'Object Repository/Mobile/Page/Login/Input - Password'

2022-01-26 14:42:16 - [MESSAGE][WARNING] - Timeout '0' is invalid. Using default page load timeout: '60'

2022-01-26 14:42:17 - [MESSAGE][PASSED] - Tapped on element 'Object Repository/Mobile/Page/Login/Input - Password'

2022-01-26 14:42:17 - [TEST_STEP][PASSED] - delay(1): Delayed 1 second(s)

2022-01-26 14:42:18 - [MESSAGE][PASSED] - Delayed 1 second(s)

2022-01-26 14:42:18 - [TEST_STEP][PASSED] - setText(LOGN_EdtRdyPassword, "Shalawa18", 0): Text 'Shalawa18' has been set to element 'Object Repository/Mobile/Page/Login/Input Rdy - Password'

2022-01-26 14:42:18 - [MESSAGE][WARNING] - Timeout '0' is invalid. Using default page load timeout: '60'

2022-01-26 14:42:18 - [MESSAGE][PASSED] - Text 'Shalawa18' has been set to element 'Object Repository/Mobile/Page/Login/Input Rdy - Password'

2022-01-26 14:42:18 - [TEST_STEP][PASSED] - delay(1): Delayed 1 second(s)

2022-01-26 14:42:19 - [MESSAGE][PASSED] - Delayed 1 second(s)

2022-01-26 14:42:19 - [TEST_STEP][PASSED] - hideKeyboard(): Keyboard is hidden

2022-01-26 14:42:25 - [MESSAGE][PASSED] - Keyboard is hidden

2022-01-26 14:42:25 - [TEST_STEP][PASSED] - tap(LOGN_BtnLogin, 0): Tapped on element 'Object Repository/Mobile/Page/Login/Button - Login'

2022-01-26 14:42:25 - [MESSAGE][WARNING] - Timeout '0' is invalid. Using default page load timeout: '60'

2022-01-26 14:42:26 - [MESSAGE][PASSED] - Tapped on element 'Object Repository/Mobile/Page/Login/Button - Login'

2022-01-26 14:42:26 - [TEST_STEP][PASSED] - delay(2): Delayed 2 second(s)

2022-01-26 14:42:28 - [MESSAGE][PASSED] - Delayed 2 second(s)

2022-01-26 14:42:28 - [TEST_STEP][PASSED] - break: null

2022-01-26 14:42:28 - [MESSAGE][PASSED] - Call Test Case 'Test Cases/Mobile/Page/Login/Login' successfully

2022-01-26 14:42:28 - [MESSAGE][PASSED] - Call Test Case 'Test Cases/Mobile/Page/CheckLogin' successfully

2022-01-26 14:42:28 - [TEST_STEP][PASSED] - tap(HOME_MenubarAnalysis, 0): Tapped on element 'Object Repository/Mobile/Page/Home/Menubar - Analysis'

2022-01-26 14:42:28 - [MESSAGE][WARNING] - Timeout '0' is invalid. Using default page load timeout: '60'

2022-01-26 14:42:29 - [MESSAGE][PASSED] - Tapped on element 'Object Repository/Mobile/Page/Home/Menubar - Analysis'

2022-01-26 14:42:29 - [TEST_STEP][PASSED] - delay(3): Delayed 3 second(s)

2022-01-26 14:42:32 - [MESSAGE][PASSED] - Delayed 3 second(s)

2022-01-26 14:42:32 - [TEST_STEP][PASSED] - for ([i = 0, i < 1, (i++)]): Delayed 2 second(s)

2022-01-26 14:42:32 - [TEST_STEP][PASSED] - if (action == "technicalsearch"): null

2022-01-26 14:42:32 - [TEST_STEP][PASSED] - else if (action == "technicaldetail"): Delayed 2 second(s)

2022-01-26 14:42:32 - [TEST_STEP][PASSED] - tapAndHold(ANAL_ItemTopResultTech, 1, 0): Tapped and held on element 'Object Repository/Mobile/Page/Analysis/Item - Top Technical' with duration 1

2022-01-26 14:42:32 - [MESSAGE][WARNING] - Timeout '0' is invalid. Using default page load timeout: '60'

2022-01-26 14:42:35 - [MESSAGE][PASSED] - Tapped and held on element 'Object Repository/Mobile/Page/Analysis/Item - Top Technical' with duration 1

2022-01-26 14:42:35 - [TEST_STEP][PASSED] - delay(3): Delayed 3 second(s)

2022-01-26 14:42:38 - [MESSAGE][PASSED] - Delayed 3 second(s)

2022-01-26 14:42:38 - [TEST_STEP][PASSED] - switch (action2): null

2022-01-26 14:42:38 - [TEST_STEP][PASSED] - case "month":: null

2022-01-26 14:42:38 - [TEST_STEP][PASSED] - tapAndHold(ANAL_DETL_BtnM, 1, 0): Tapped and held on element 'Object Repository/Mobile/Page/Analysis/Detail/Button - M' with duration 1

2022-01-26 14:42:38 - [MESSAGE][WARNING] - Timeout '0' is invalid. Using default page load timeout: '60'

2022-01-26 14:42:41 - [MESSAGE][PASSED] - Tapped and held on element 'Object Repository/Mobile/Page/Analysis/Detail/Button - M' with duration 1

2022-01-26 14:42:41 - [TEST_STEP][PASSED] - break: null

2022-01-26 14:42:41 - [TEST_STEP][PASSED] - delay(2): Delayed 2 second(s)

2022-01-26 14:42:43 - [MESSAGE][PASSED] - Delayed 2 second(s)

2022-01-26 14:42:43 - [MESSAGE][PASSED] - Call Test Case 'Test Cases/Mobile/Page/Analysis/Analysis' successfully

2022-01-26 14:42:43 - [TEST_STEP][PASSED] - callTestCase(findTestCase("Mobile/Page/Run App/Terminate App"), [:], STOP_ON_FAILURE): Call Test Case 'Test Cases/Mobile/Page/Run App/Terminate App' successfully

2022-01-26 14:42:43 - [TEST_CASE][PASSED] - Test Cases/Mobile/Page/Run App/Terminate App: Test Cases/Mobile/Page/Run App/Terminate App

2022-01-26 14:42:43 - [TEST_STEP][PASSED] - startApp.OpenApp.terminateApplication(): startApp.OpenApp.terminateApplication is PASSED

2022-01-26 14:42:46 - [MESSAGE][PASSED] - Delayed 3 second(s)

2022-01-26 14:42:46 - [MESSAGE][PASSED] - Current device physical width is 720

2022-01-26 14:42:46 - [MESSAGE][PASSED] - Current device physical height is 1423

2022-01-26 14:42:48 - [MESSAGE][PASSED] - Swiped from 360,853 to 360,142

2022-01-26 14:42:49 - [MESSAGE][PASSED] - Delayed 1 second(s)

2022-01-26 14:42:50 - [MESSAGE][PASSED] - Swiped from 360,853 to 360,142

2022-01-26 14:42:53 - [MESSAGE][PASSED] - Delayed 3 second(s)

2022-01-26 14:42:53 - [MESSAGE][PASSED] - startApp.OpenApp.terminateApplication is PASSED

2022-01-26 14:42:53 - [MESSAGE][PASSED] - Call Test Case 'Test Cases/Mobile/Page/Run App/Terminate App' successfully]]></system-out>
         <system-err><![CDATA[]]></system-err>
      </testcase>
      <testcase name="Test Cases/Mobile/Scenario/Analysis/005 - Melihat detail stock kategori year" time="69.449" classname="Test Cases/Mobile/Scenario/Analysis/005 - Melihat detail stock kategori year" status="PASSED">
         <system-out><![CDATA[2022-01-26 14:42:53 - [TEST_CASE][PASSED] - Test Cases/Mobile/Scenario/Analysis/005 - Melihat detail stock kategori year: Test Cases/Mobile/Scenario/Analysis/005 - Melihat detail stock kategori year

2022-01-26 14:42:53 - [TEST_STEP][PASSED] - callTestCase(findTestCase("Mobile/Page/Run App/Run App byID"), [:], STOP_ON_FAILURE): Call Test Case 'Test Cases/Mobile/Page/Run App/Run App byID' successfully

2022-01-26 14:42:53 - [TEST_CASE][PASSED] - Test Cases/Mobile/Page/Run App/Run App byID: Test Cases/Mobile/Page/Run App/Run App byID

2022-01-26 14:42:53 - [TEST_STEP][PASSED] - startApp.OpenApp.startApplication("id.co.miraeasset.sageclub"): startApp.OpenApp.startApplication is PASSED

2022-01-26 14:43:06 - [MESSAGE][PASSED] - Starting app with application ID: 'id.co.miraeasset.sageclub'

2022-01-26 14:43:06 - [MESSAGE][PASSED] - startApp.OpenApp.startApplication is PASSED

2022-01-26 14:43:06 - [MESSAGE][PASSED] - Call Test Case 'Test Cases/Mobile/Page/Run App/Run App byID' successfully

2022-01-26 14:43:06 - [TEST_STEP][PASSED] - callTestCase(findTestCase("Mobile/Page/Analysis/Analysis"), ["action":"technicaldetail", "action2":"year"], CONTINUE_ON_FAILURE): Call Test Case 'Test Cases/Mobile/Page/Analysis/Analysis' successfully

2022-01-26 14:43:06 - [TEST_CASE][PASSED] - Test Cases/Mobile/Page/Analysis/Analysis: Test Cases/Mobile/Page/Analysis/Analysis

2022-01-26 14:43:06 - [TEST_STEP][PASSED] - callTestCase(findTestCase("Mobile/Page/CheckLogin"), [:], CONTINUE_ON_FAILURE): Call Test Case 'Test Cases/Mobile/Page/CheckLogin' successfully

2022-01-26 14:43:06 - [TEST_CASE][PASSED] - Test Cases/Mobile/Page/CheckLogin: Test Cases/Mobile/Page/CheckLogin

2022-01-26 14:43:07 - [TEST_STEP][PASSED] - loginCheck = verifyElementExist(LOGN_BtnLogin, 5, CONTINUE_ON_FAILURE): Element 'Object Repository/Mobile/Page/Login/Button - Login' is exist

2022-01-26 14:43:08 - [MESSAGE][PASSED] - Element 'Object Repository/Mobile/Page/Login/Button - Login' is exist

2022-01-26 14:43:08 - [TEST_STEP][PASSED] - if (loginCheck): Call Test Case 'Test Cases/Mobile/Page/Login/Login' successfully

2022-01-26 14:43:08 - [TEST_STEP][PASSED] - callTestCase(findTestCase("Mobile/Page/Login/Login"), ["action":"username"], CONTINUE_ON_FAILURE): Call Test Case 'Test Cases/Mobile/Page/Login/Login' successfully

2022-01-26 14:43:08 - [TEST_CASE][PASSED] - Test Cases/Mobile/Page/Login/Login: Test Cases/Mobile/Page/Login/Login

2022-01-26 14:43:09 - [TEST_STEP][PASSED] - delay(2): Delayed 2 second(s)

2022-01-26 14:43:11 - [MESSAGE][PASSED] - Delayed 2 second(s)

2022-01-26 14:43:11 - [TEST_STEP][PASSED] - for ([i = 0, i < 1, (i++)]): null

2022-01-26 14:43:11 - [TEST_STEP][PASSED] - if (action == "username"): null

2022-01-26 14:43:11 - [TEST_STEP][PASSED] - tap(LOGN_EdtUserID, 0): Tapped on element 'Object Repository/Mobile/Page/Login/Input - UserID'

2022-01-26 14:43:11 - [MESSAGE][WARNING] - Timeout '0' is invalid. Using default page load timeout: '60'

2022-01-26 14:43:11 - [MESSAGE][PASSED] - Tapped on element 'Object Repository/Mobile/Page/Login/Input - UserID'

2022-01-26 14:43:11 - [TEST_STEP][PASSED] - delay(1): Delayed 1 second(s)

2022-01-26 14:43:12 - [MESSAGE][PASSED] - Delayed 1 second(s)

2022-01-26 14:43:12 - [TEST_STEP][PASSED] - setText(LOGN_EdtRdyUserID, "anggaaditya", 0): Text 'anggaaditya' has been set to element 'Object Repository/Mobile/Page/Login/Input Rdy - UserID'

2022-01-26 14:43:12 - [MESSAGE][WARNING] - Timeout '0' is invalid. Using default page load timeout: '60'

2022-01-26 14:43:13 - [MESSAGE][PASSED] - Text 'anggaaditya' has been set to element 'Object Repository/Mobile/Page/Login/Input Rdy - UserID'

2022-01-26 14:43:13 - [TEST_STEP][PASSED] - delay(1): Delayed 1 second(s)

2022-01-26 14:43:14 - [MESSAGE][PASSED] - Delayed 1 second(s)

2022-01-26 14:43:14 - [TEST_STEP][PASSED] - hideKeyboard(): Keyboard is hidden

2022-01-26 14:43:22 - [MESSAGE][PASSED] - Keyboard is hidden

2022-01-26 14:43:22 - [TEST_STEP][PASSED] - tap(LOGN_EdtPassword, 0): Tapped on element 'Object Repository/Mobile/Page/Login/Input - Password'

2022-01-26 14:43:22 - [MESSAGE][WARNING] - Timeout '0' is invalid. Using default page load timeout: '60'

2022-01-26 14:43:22 - [MESSAGE][PASSED] - Tapped on element 'Object Repository/Mobile/Page/Login/Input - Password'

2022-01-26 14:43:22 - [TEST_STEP][PASSED] - delay(1): Delayed 1 second(s)

2022-01-26 14:43:23 - [MESSAGE][PASSED] - Delayed 1 second(s)

2022-01-26 14:43:23 - [TEST_STEP][PASSED] - setText(LOGN_EdtRdyPassword, "Shalawa18", 0): Text 'Shalawa18' has been set to element 'Object Repository/Mobile/Page/Login/Input Rdy - Password'

2022-01-26 14:43:23 - [MESSAGE][WARNING] - Timeout '0' is invalid. Using default page load timeout: '60'

2022-01-26 14:43:24 - [MESSAGE][PASSED] - Text 'Shalawa18' has been set to element 'Object Repository/Mobile/Page/Login/Input Rdy - Password'

2022-01-26 14:43:24 - [TEST_STEP][PASSED] - delay(1): Delayed 1 second(s)

2022-01-26 14:43:25 - [MESSAGE][PASSED] - Delayed 1 second(s)

2022-01-26 14:43:25 - [TEST_STEP][PASSED] - hideKeyboard(): Keyboard is hidden

2022-01-26 14:43:34 - [MESSAGE][PASSED] - Keyboard is hidden

2022-01-26 14:43:34 - [TEST_STEP][PASSED] - tap(LOGN_BtnLogin, 0): Tapped on element 'Object Repository/Mobile/Page/Login/Button - Login'

2022-01-26 14:43:34 - [MESSAGE][WARNING] - Timeout '0' is invalid. Using default page load timeout: '60'

2022-01-26 14:43:35 - [MESSAGE][PASSED] - Tapped on element 'Object Repository/Mobile/Page/Login/Button - Login'

2022-01-26 14:43:35 - [TEST_STEP][PASSED] - delay(2): Delayed 2 second(s)

2022-01-26 14:43:37 - [MESSAGE][PASSED] - Delayed 2 second(s)

2022-01-26 14:43:37 - [TEST_STEP][PASSED] - break: null

2022-01-26 14:43:37 - [MESSAGE][PASSED] - Call Test Case 'Test Cases/Mobile/Page/Login/Login' successfully

2022-01-26 14:43:37 - [MESSAGE][PASSED] - Call Test Case 'Test Cases/Mobile/Page/CheckLogin' successfully

2022-01-26 14:43:37 - [TEST_STEP][PASSED] - tap(HOME_MenubarAnalysis, 0): Tapped on element 'Object Repository/Mobile/Page/Home/Menubar - Analysis'

2022-01-26 14:43:37 - [MESSAGE][WARNING] - Timeout '0' is invalid. Using default page load timeout: '60'

2022-01-26 14:43:38 - [MESSAGE][PASSED] - Tapped on element 'Object Repository/Mobile/Page/Home/Menubar - Analysis'

2022-01-26 14:43:38 - [TEST_STEP][PASSED] - delay(3): Delayed 3 second(s)

2022-01-26 14:43:41 - [MESSAGE][PASSED] - Delayed 3 second(s)

2022-01-26 14:43:41 - [TEST_STEP][PASSED] - for ([i = 0, i < 1, (i++)]): Delayed 2 second(s)

2022-01-26 14:43:41 - [TEST_STEP][PASSED] - if (action == "technicalsearch"): null

2022-01-26 14:43:41 - [TEST_STEP][PASSED] - else if (action == "technicaldetail"): Delayed 2 second(s)

2022-01-26 14:43:41 - [TEST_STEP][PASSED] - tapAndHold(ANAL_ItemTopResultTech, 1, 0): Tapped and held on element 'Object Repository/Mobile/Page/Analysis/Item - Top Technical' with duration 1

2022-01-26 14:43:41 - [MESSAGE][WARNING] - Timeout '0' is invalid. Using default page load timeout: '60'

2022-01-26 14:43:44 - [MESSAGE][PASSED] - Tapped and held on element 'Object Repository/Mobile/Page/Analysis/Item - Top Technical' with duration 1

2022-01-26 14:43:44 - [TEST_STEP][PASSED] - delay(3): Delayed 3 second(s)

2022-01-26 14:43:47 - [MESSAGE][PASSED] - Delayed 3 second(s)

2022-01-26 14:43:47 - [TEST_STEP][PASSED] - switch (action2): null

2022-01-26 14:43:47 - [TEST_STEP][PASSED] - case "year":: null

2022-01-26 14:43:47 - [TEST_STEP][PASSED] - tapAndHold(ANAL_DETL_BtnY, 1, 0): Tapped and held on element 'Object Repository/Mobile/Page/Analysis/Detail/Button - Y' with duration 1

2022-01-26 14:43:47 - [MESSAGE][WARNING] - Timeout '0' is invalid. Using default page load timeout: '60'

2022-01-26 14:43:50 - [MESSAGE][PASSED] - Tapped and held on element 'Object Repository/Mobile/Page/Analysis/Detail/Button - Y' with duration 1

2022-01-26 14:43:50 - [TEST_STEP][PASSED] - break: null

2022-01-26 14:43:50 - [TEST_STEP][PASSED] - delay(2): Delayed 2 second(s)

2022-01-26 14:43:52 - [MESSAGE][PASSED] - Delayed 2 second(s)

2022-01-26 14:43:52 - [MESSAGE][PASSED] - Call Test Case 'Test Cases/Mobile/Page/Analysis/Analysis' successfully

2022-01-26 14:43:52 - [TEST_STEP][PASSED] - callTestCase(findTestCase("Mobile/Page/Run App/Terminate App"), [:], STOP_ON_FAILURE): Call Test Case 'Test Cases/Mobile/Page/Run App/Terminate App' successfully

2022-01-26 14:43:52 - [TEST_CASE][PASSED] - Test Cases/Mobile/Page/Run App/Terminate App: Test Cases/Mobile/Page/Run App/Terminate App

2022-01-26 14:43:52 - [TEST_STEP][PASSED] - startApp.OpenApp.terminateApplication(): startApp.OpenApp.terminateApplication is PASSED

2022-01-26 14:43:55 - [MESSAGE][PASSED] - Delayed 3 second(s)

2022-01-26 14:43:55 - [MESSAGE][PASSED] - Current device physical width is 720

2022-01-26 14:43:56 - [MESSAGE][PASSED] - Current device physical height is 1423

2022-01-26 14:43:57 - [MESSAGE][PASSED] - Swiped from 360,853 to 360,142

2022-01-26 14:43:58 - [MESSAGE][PASSED] - Delayed 1 second(s)

2022-01-26 14:43:59 - [MESSAGE][PASSED] - Swiped from 360,853 to 360,142

2022-01-26 14:44:02 - [MESSAGE][PASSED] - Delayed 3 second(s)

2022-01-26 14:44:02 - [MESSAGE][PASSED] - startApp.OpenApp.terminateApplication is PASSED

2022-01-26 14:44:02 - [MESSAGE][PASSED] - Call Test Case 'Test Cases/Mobile/Page/Run App/Terminate App' successfully]]></system-out>
         <system-err><![CDATA[]]></system-err>
      </testcase>
      <testcase name="Test Cases/Mobile/Scenario/Analysis/006 - Melihat Research Report" time="64.584" classname="Test Cases/Mobile/Scenario/Analysis/006 - Melihat Research Report" status="PASSED">
         <system-out><![CDATA[2022-01-26 14:44:02 - [TEST_CASE][PASSED] - Test Cases/Mobile/Scenario/Analysis/006 - Melihat Research Report: Test Cases/Mobile/Scenario/Analysis/006 - Melihat Research Report

2022-01-26 14:44:03 - [TEST_STEP][PASSED] - callTestCase(findTestCase("Mobile/Page/Run App/Run App byID"), [:], STOP_ON_FAILURE): Call Test Case 'Test Cases/Mobile/Page/Run App/Run App byID' successfully

2022-01-26 14:44:03 - [TEST_CASE][PASSED] - Test Cases/Mobile/Page/Run App/Run App byID: Test Cases/Mobile/Page/Run App/Run App byID

2022-01-26 14:44:03 - [TEST_STEP][PASSED] - startApp.OpenApp.startApplication("id.co.miraeasset.sageclub"): startApp.OpenApp.startApplication is PASSED

2022-01-26 14:44:18 - [MESSAGE][PASSED] - Starting app with application ID: 'id.co.miraeasset.sageclub'

2022-01-26 14:44:18 - [MESSAGE][PASSED] - startApp.OpenApp.startApplication is PASSED

2022-01-26 14:44:18 - [MESSAGE][PASSED] - Call Test Case 'Test Cases/Mobile/Page/Run App/Run App byID' successfully

2022-01-26 14:44:18 - [TEST_STEP][PASSED] - callTestCase(findTestCase("Mobile/Page/Analysis/Analysis"), ["action":"researchdetail"], CONTINUE_ON_FAILURE): Call Test Case 'Test Cases/Mobile/Page/Analysis/Analysis' successfully

2022-01-26 14:44:18 - [TEST_CASE][PASSED] - Test Cases/Mobile/Page/Analysis/Analysis: Test Cases/Mobile/Page/Analysis/Analysis

2022-01-26 14:44:18 - [TEST_STEP][PASSED] - callTestCase(findTestCase("Mobile/Page/CheckLogin"), [:], CONTINUE_ON_FAILURE): Call Test Case 'Test Cases/Mobile/Page/CheckLogin' successfully

2022-01-26 14:44:18 - [TEST_CASE][PASSED] - Test Cases/Mobile/Page/CheckLogin: Test Cases/Mobile/Page/CheckLogin

2022-01-26 14:44:18 - [TEST_STEP][PASSED] - loginCheck = verifyElementExist(LOGN_BtnLogin, 5, CONTINUE_ON_FAILURE): Element 'Object Repository/Mobile/Page/Login/Button - Login' is exist

2022-01-26 14:44:20 - [MESSAGE][PASSED] - Element 'Object Repository/Mobile/Page/Login/Button - Login' is exist

2022-01-26 14:44:20 - [TEST_STEP][PASSED] - if (loginCheck): Call Test Case 'Test Cases/Mobile/Page/Login/Login' successfully

2022-01-26 14:44:20 - [TEST_STEP][PASSED] - callTestCase(findTestCase("Mobile/Page/Login/Login"), ["action":"username"], CONTINUE_ON_FAILURE): Call Test Case 'Test Cases/Mobile/Page/Login/Login' successfully

2022-01-26 14:44:20 - [TEST_CASE][PASSED] - Test Cases/Mobile/Page/Login/Login: Test Cases/Mobile/Page/Login/Login

2022-01-26 14:44:20 - [TEST_STEP][PASSED] - delay(2): Delayed 2 second(s)

2022-01-26 14:44:22 - [MESSAGE][PASSED] - Delayed 2 second(s)

2022-01-26 14:44:22 - [TEST_STEP][PASSED] - for ([i = 0, i < 1, (i++)]): null

2022-01-26 14:44:22 - [TEST_STEP][PASSED] - if (action == "username"): null

2022-01-26 14:44:22 - [TEST_STEP][PASSED] - tap(LOGN_EdtUserID, 0): Tapped on element 'Object Repository/Mobile/Page/Login/Input - UserID'

2022-01-26 14:44:22 - [MESSAGE][WARNING] - Timeout '0' is invalid. Using default page load timeout: '60'

2022-01-26 14:44:22 - [MESSAGE][PASSED] - Tapped on element 'Object Repository/Mobile/Page/Login/Input - UserID'

2022-01-26 14:44:22 - [TEST_STEP][PASSED] - delay(1): Delayed 1 second(s)

2022-01-26 14:44:23 - [MESSAGE][PASSED] - Delayed 1 second(s)

2022-01-26 14:44:23 - [TEST_STEP][PASSED] - setText(LOGN_EdtRdyUserID, "anggaaditya", 0): Text 'anggaaditya' has been set to element 'Object Repository/Mobile/Page/Login/Input Rdy - UserID'

2022-01-26 14:44:23 - [MESSAGE][WARNING] - Timeout '0' is invalid. Using default page load timeout: '60'

2022-01-26 14:44:24 - [MESSAGE][PASSED] - Text 'anggaaditya' has been set to element 'Object Repository/Mobile/Page/Login/Input Rdy - UserID'

2022-01-26 14:44:24 - [TEST_STEP][PASSED] - delay(1): Delayed 1 second(s)

2022-01-26 14:44:25 - [MESSAGE][PASSED] - Delayed 1 second(s)

2022-01-26 14:44:25 - [TEST_STEP][PASSED] - hideKeyboard(): Keyboard is hidden

2022-01-26 14:44:30 - [MESSAGE][PASSED] - Keyboard is hidden

2022-01-26 14:44:30 - [TEST_STEP][PASSED] - tap(LOGN_EdtPassword, 0): Tapped on element 'Object Repository/Mobile/Page/Login/Input - Password'

2022-01-26 14:44:30 - [MESSAGE][WARNING] - Timeout '0' is invalid. Using default page load timeout: '60'

2022-01-26 14:44:31 - [MESSAGE][PASSED] - Tapped on element 'Object Repository/Mobile/Page/Login/Input - Password'

2022-01-26 14:44:31 - [TEST_STEP][PASSED] - delay(1): Delayed 1 second(s)

2022-01-26 14:44:32 - [MESSAGE][PASSED] - Delayed 1 second(s)

2022-01-26 14:44:32 - [TEST_STEP][PASSED] - setText(LOGN_EdtRdyPassword, "Shalawa18", 0): Text 'Shalawa18' has been set to element 'Object Repository/Mobile/Page/Login/Input Rdy - Password'

2022-01-26 14:44:32 - [MESSAGE][WARNING] - Timeout '0' is invalid. Using default page load timeout: '60'

2022-01-26 14:44:33 - [MESSAGE][PASSED] - Text 'Shalawa18' has been set to element 'Object Repository/Mobile/Page/Login/Input Rdy - Password'

2022-01-26 14:44:33 - [TEST_STEP][PASSED] - delay(1): Delayed 1 second(s)

2022-01-26 14:44:34 - [MESSAGE][PASSED] - Delayed 1 second(s)

2022-01-26 14:44:34 - [TEST_STEP][PASSED] - hideKeyboard(): Keyboard is hidden

2022-01-26 14:44:40 - [MESSAGE][PASSED] - Keyboard is hidden

2022-01-26 14:44:40 - [TEST_STEP][PASSED] - tap(LOGN_BtnLogin, 0): Tapped on element 'Object Repository/Mobile/Page/Login/Button - Login'

2022-01-26 14:44:40 - [MESSAGE][WARNING] - Timeout '0' is invalid. Using default page load timeout: '60'

2022-01-26 14:44:41 - [MESSAGE][PASSED] - Tapped on element 'Object Repository/Mobile/Page/Login/Button - Login'

2022-01-26 14:44:41 - [TEST_STEP][PASSED] - delay(2): Delayed 2 second(s)

2022-01-26 14:44:43 - [MESSAGE][PASSED] - Delayed 2 second(s)

2022-01-26 14:44:43 - [TEST_STEP][PASSED] - break: null

2022-01-26 14:44:43 - [MESSAGE][PASSED] - Call Test Case 'Test Cases/Mobile/Page/Login/Login' successfully

2022-01-26 14:44:43 - [MESSAGE][PASSED] - Call Test Case 'Test Cases/Mobile/Page/CheckLogin' successfully

2022-01-26 14:44:43 - [TEST_STEP][PASSED] - tap(HOME_MenubarAnalysis, 0): Tapped on element 'Object Repository/Mobile/Page/Home/Menubar - Analysis'

2022-01-26 14:44:43 - [MESSAGE][WARNING] - Timeout '0' is invalid. Using default page load timeout: '60'

2022-01-26 14:44:44 - [MESSAGE][PASSED] - Tapped on element 'Object Repository/Mobile/Page/Home/Menubar - Analysis'

2022-01-26 14:44:44 - [TEST_STEP][PASSED] - delay(3): Delayed 3 second(s)

2022-01-26 14:44:47 - [MESSAGE][PASSED] - Delayed 3 second(s)

2022-01-26 14:44:47 - [TEST_STEP][PASSED] - for ([i = 0, i < 1, (i++)]): Press back button successfully

2022-01-26 14:44:47 - [TEST_STEP][PASSED] - if (action == "technicalsearch"): null

2022-01-26 14:44:47 - [TEST_STEP][PASSED] - else if (action == "technicaldetail"): null

2022-01-26 14:44:47 - [TEST_STEP][PASSED] - else if (action == "researchdetail"): Press back button successfully

2022-01-26 14:44:47 - [TEST_STEP][PASSED] - tap(ANAL_TabResearchReport, 0): Tapped on element 'Object Repository/Mobile/Page/Analysis/Tab - Research Report'

2022-01-26 14:44:47 - [MESSAGE][WARNING] - Timeout '0' is invalid. Using default page load timeout: '60'

2022-01-26 14:44:49 - [MESSAGE][PASSED] - Tapped on element 'Object Repository/Mobile/Page/Analysis/Tab - Research Report'

2022-01-26 14:44:49 - [TEST_STEP][PASSED] - delay(1): Delayed 1 second(s)

2022-01-26 14:44:50 - [MESSAGE][PASSED] - Delayed 1 second(s)

2022-01-26 14:44:50 - [TEST_STEP][PASSED] - tapAndHold(ANAL_ItemTopSearch, 1, 0): Tapped and held on element 'Object Repository/Mobile/Page/Analysis/Item - Top Search' with duration 1

2022-01-26 14:44:50 - [MESSAGE][WARNING] - Timeout '0' is invalid. Using default page load timeout: '60'

2022-01-26 14:44:53 - [MESSAGE][PASSED] - Tapped and held on element 'Object Repository/Mobile/Page/Analysis/Item - Top Search' with duration 1

2022-01-26 14:44:53 - [TEST_STEP][PASSED] - delay(3): Delayed 3 second(s)

2022-01-26 14:44:56 - [MESSAGE][PASSED] - Delayed 3 second(s)

2022-01-26 14:44:56 - [TEST_STEP][PASSED] - pressBack(): Press back button successfully

2022-01-26 14:44:56 - [MESSAGE][PASSED] - Press back button successfully

2022-01-26 14:44:56 - [MESSAGE][PASSED] - Call Test Case 'Test Cases/Mobile/Page/Analysis/Analysis' successfully

2022-01-26 14:44:56 - [TEST_STEP][PASSED] - callTestCase(findTestCase("Mobile/Page/Run App/Terminate App"), [:], STOP_ON_FAILURE): Call Test Case 'Test Cases/Mobile/Page/Run App/Terminate App' successfully

2022-01-26 14:44:56 - [TEST_CASE][PASSED] - Test Cases/Mobile/Page/Run App/Terminate App: Test Cases/Mobile/Page/Run App/Terminate App

2022-01-26 14:44:56 - [TEST_STEP][PASSED] - startApp.OpenApp.terminateApplication(): startApp.OpenApp.terminateApplication is PASSED

2022-01-26 14:45:00 - [MESSAGE][PASSED] - Delayed 3 second(s)

2022-01-26 14:45:00 - [MESSAGE][PASSED] - Current device physical width is 720

2022-01-26 14:45:00 - [MESSAGE][PASSED] - Current device physical height is 1423

2022-01-26 14:45:02 - [MESSAGE][PASSED] - Swiped from 360,853 to 360,142

2022-01-26 14:45:03 - [MESSAGE][PASSED] - Delayed 1 second(s)

2022-01-26 14:45:04 - [MESSAGE][PASSED] - Swiped from 360,853 to 360,142

2022-01-26 14:45:07 - [MESSAGE][PASSED] - Delayed 3 second(s)

2022-01-26 14:45:07 - [MESSAGE][PASSED] - startApp.OpenApp.terminateApplication is PASSED

2022-01-26 14:45:07 - [MESSAGE][PASSED] - Call Test Case 'Test Cases/Mobile/Page/Run App/Terminate App' successfully]]></system-out>
         <system-err><![CDATA[]]></system-err>
      </testcase>
      <testcase name="Test Cases/Mobile/Scenario/Analysis/007 - Mencari research report" time="69.987" classname="Test Cases/Mobile/Scenario/Analysis/007 - Mencari research report" status="PASSED">
         <system-out><![CDATA[2022-01-26 14:45:07 - [TEST_CASE][PASSED] - Test Cases/Mobile/Scenario/Analysis/007 - Mencari research report: Test Cases/Mobile/Scenario/Analysis/007 - Mencari research report

2022-01-26 14:45:07 - [TEST_STEP][PASSED] - callTestCase(findTestCase("Mobile/Page/Run App/Run App byID"), [:], STOP_ON_FAILURE): Call Test Case 'Test Cases/Mobile/Page/Run App/Run App byID' successfully

2022-01-26 14:45:07 - [TEST_CASE][PASSED] - Test Cases/Mobile/Page/Run App/Run App byID: Test Cases/Mobile/Page/Run App/Run App byID

2022-01-26 14:45:07 - [TEST_STEP][PASSED] - startApp.OpenApp.startApplication("id.co.miraeasset.sageclub"): startApp.OpenApp.startApplication is PASSED

2022-01-26 14:45:20 - [MESSAGE][PASSED] - Starting app with application ID: 'id.co.miraeasset.sageclub'

2022-01-26 14:45:20 - [MESSAGE][PASSED] - startApp.OpenApp.startApplication is PASSED

2022-01-26 14:45:20 - [MESSAGE][PASSED] - Call Test Case 'Test Cases/Mobile/Page/Run App/Run App byID' successfully

2022-01-26 14:45:20 - [TEST_STEP][PASSED] - callTestCase(findTestCase("Mobile/Page/Analysis/Analysis"), ["action":"researchsearch"], CONTINUE_ON_FAILURE): Call Test Case 'Test Cases/Mobile/Page/Analysis/Analysis' successfully

2022-01-26 14:45:20 - [TEST_CASE][PASSED] - Test Cases/Mobile/Page/Analysis/Analysis: Test Cases/Mobile/Page/Analysis/Analysis

2022-01-26 14:45:20 - [TEST_STEP][PASSED] - callTestCase(findTestCase("Mobile/Page/CheckLogin"), [:], CONTINUE_ON_FAILURE): Call Test Case 'Test Cases/Mobile/Page/CheckLogin' successfully

2022-01-26 14:45:20 - [TEST_CASE][PASSED] - Test Cases/Mobile/Page/CheckLogin: Test Cases/Mobile/Page/CheckLogin

2022-01-26 14:45:20 - [TEST_STEP][PASSED] - loginCheck = verifyElementExist(LOGN_BtnLogin, 5, CONTINUE_ON_FAILURE): Element 'Object Repository/Mobile/Page/Login/Button - Login' is exist

2022-01-26 14:45:23 - [MESSAGE][PASSED] - Element 'Object Repository/Mobile/Page/Login/Button - Login' is exist

2022-01-26 14:45:23 - [TEST_STEP][PASSED] - if (loginCheck): Call Test Case 'Test Cases/Mobile/Page/Login/Login' successfully

2022-01-26 14:45:23 - [TEST_STEP][PASSED] - callTestCase(findTestCase("Mobile/Page/Login/Login"), ["action":"username"], CONTINUE_ON_FAILURE): Call Test Case 'Test Cases/Mobile/Page/Login/Login' successfully

2022-01-26 14:45:23 - [TEST_CASE][PASSED] - Test Cases/Mobile/Page/Login/Login: Test Cases/Mobile/Page/Login/Login

2022-01-26 14:45:23 - [TEST_STEP][PASSED] - delay(2): Delayed 2 second(s)

2022-01-26 14:45:25 - [MESSAGE][PASSED] - Delayed 2 second(s)

2022-01-26 14:45:25 - [TEST_STEP][PASSED] - for ([i = 0, i < 1, (i++)]): null

2022-01-26 14:45:25 - [TEST_STEP][PASSED] - if (action == "username"): null

2022-01-26 14:45:25 - [TEST_STEP][PASSED] - tap(LOGN_EdtUserID, 0): Tapped on element 'Object Repository/Mobile/Page/Login/Input - UserID'

2022-01-26 14:45:25 - [MESSAGE][WARNING] - Timeout '0' is invalid. Using default page load timeout: '60'

2022-01-26 14:45:25 - [MESSAGE][PASSED] - Tapped on element 'Object Repository/Mobile/Page/Login/Input - UserID'

2022-01-26 14:45:25 - [TEST_STEP][PASSED] - delay(1): Delayed 1 second(s)

2022-01-26 14:45:26 - [MESSAGE][PASSED] - Delayed 1 second(s)

2022-01-26 14:45:26 - [TEST_STEP][PASSED] - setText(LOGN_EdtRdyUserID, "anggaaditya", 0): Text 'anggaaditya' has been set to element 'Object Repository/Mobile/Page/Login/Input Rdy - UserID'

2022-01-26 14:45:26 - [MESSAGE][WARNING] - Timeout '0' is invalid. Using default page load timeout: '60'

2022-01-26 14:45:27 - [MESSAGE][PASSED] - Text 'anggaaditya' has been set to element 'Object Repository/Mobile/Page/Login/Input Rdy - UserID'

2022-01-26 14:45:27 - [TEST_STEP][PASSED] - delay(1): Delayed 1 second(s)

2022-01-26 14:45:28 - [MESSAGE][PASSED] - Delayed 1 second(s)

2022-01-26 14:45:28 - [TEST_STEP][PASSED] - hideKeyboard(): Keyboard is hidden

2022-01-26 14:45:33 - [MESSAGE][PASSED] - Keyboard is hidden

2022-01-26 14:45:33 - [TEST_STEP][PASSED] - tap(LOGN_EdtPassword, 0): Tapped on element 'Object Repository/Mobile/Page/Login/Input - Password'

2022-01-26 14:45:33 - [MESSAGE][WARNING] - Timeout '0' is invalid. Using default page load timeout: '60'

2022-01-26 14:45:35 - [MESSAGE][PASSED] - Tapped on element 'Object Repository/Mobile/Page/Login/Input - Password'

2022-01-26 14:45:35 - [TEST_STEP][PASSED] - delay(1): Delayed 1 second(s)

2022-01-26 14:45:36 - [MESSAGE][PASSED] - Delayed 1 second(s)

2022-01-26 14:45:36 - [TEST_STEP][PASSED] - setText(LOGN_EdtRdyPassword, "Shalawa18", 0): Text 'Shalawa18' has been set to element 'Object Repository/Mobile/Page/Login/Input Rdy - Password'

2022-01-26 14:45:36 - [MESSAGE][WARNING] - Timeout '0' is invalid. Using default page load timeout: '60'

2022-01-26 14:45:36 - [MESSAGE][PASSED] - Text 'Shalawa18' has been set to element 'Object Repository/Mobile/Page/Login/Input Rdy - Password'

2022-01-26 14:45:36 - [TEST_STEP][PASSED] - delay(1): Delayed 1 second(s)

2022-01-26 14:45:37 - [MESSAGE][PASSED] - Delayed 1 second(s)

2022-01-26 14:45:37 - [TEST_STEP][PASSED] - hideKeyboard(): Keyboard is hidden

2022-01-26 14:45:44 - [MESSAGE][PASSED] - Keyboard is hidden

2022-01-26 14:45:44 - [TEST_STEP][PASSED] - tap(LOGN_BtnLogin, 0): Tapped on element 'Object Repository/Mobile/Page/Login/Button - Login'

2022-01-26 14:45:44 - [MESSAGE][WARNING] - Timeout '0' is invalid. Using default page load timeout: '60'

2022-01-26 14:45:45 - [MESSAGE][PASSED] - Tapped on element 'Object Repository/Mobile/Page/Login/Button - Login'

2022-01-26 14:45:45 - [TEST_STEP][PASSED] - delay(2): Delayed 2 second(s)

2022-01-26 14:45:47 - [MESSAGE][PASSED] - Delayed 2 second(s)

2022-01-26 14:45:47 - [TEST_STEP][PASSED] - break: null

2022-01-26 14:45:47 - [MESSAGE][PASSED] - Call Test Case 'Test Cases/Mobile/Page/Login/Login' successfully

2022-01-26 14:45:47 - [MESSAGE][PASSED] - Call Test Case 'Test Cases/Mobile/Page/CheckLogin' successfully

2022-01-26 14:45:47 - [TEST_STEP][PASSED] - tap(HOME_MenubarAnalysis, 0): Tapped on element 'Object Repository/Mobile/Page/Home/Menubar - Analysis'

2022-01-26 14:45:47 - [MESSAGE][WARNING] - Timeout '0' is invalid. Using default page load timeout: '60'

2022-01-26 14:45:48 - [MESSAGE][PASSED] - Tapped on element 'Object Repository/Mobile/Page/Home/Menubar - Analysis'

2022-01-26 14:45:48 - [TEST_STEP][PASSED] - delay(3): Delayed 3 second(s)

2022-01-26 14:45:51 - [MESSAGE][PASSED] - Delayed 3 second(s)

2022-01-26 14:45:51 - [TEST_STEP][PASSED] - for ([i = 0, i < 1, (i++)]): Press back button successfully

2022-01-26 14:45:51 - [TEST_STEP][PASSED] - if (action == "technicalsearch"): null

2022-01-26 14:45:51 - [TEST_STEP][PASSED] - else if (action == "technicaldetail"): null

2022-01-26 14:45:51 - [TEST_STEP][PASSED] - else if (action == "researchdetail"): null

2022-01-26 14:45:51 - [TEST_STEP][PASSED] - else if (action == "researchsearch"): Press back button successfully

2022-01-26 14:45:51 - [TEST_STEP][PASSED] - tap(ANAL_TabResearchReport, 0): Tapped on element 'Object Repository/Mobile/Page/Analysis/Tab - Research Report'

2022-01-26 14:45:51 - [MESSAGE][WARNING] - Timeout '0' is invalid. Using default page load timeout: '60'

2022-01-26 14:45:53 - [MESSAGE][PASSED] - Tapped on element 'Object Repository/Mobile/Page/Analysis/Tab - Research Report'

2022-01-26 14:45:53 - [TEST_STEP][PASSED] - delay(1): Delayed 1 second(s)

2022-01-26 14:45:54 - [MESSAGE][PASSED] - Delayed 1 second(s)

2022-01-26 14:45:54 - [TEST_STEP][PASSED] - tap(ANAL_EdtSearch, 0): Tapped on element 'Object Repository/Mobile/Page/Analysis/Input - Search'

2022-01-26 14:45:54 - [MESSAGE][WARNING] - Timeout '0' is invalid. Using default page load timeout: '60'

2022-01-26 14:45:54 - [MESSAGE][PASSED] - Tapped on element 'Object Repository/Mobile/Page/Analysis/Input - Search'

2022-01-26 14:45:54 - [TEST_STEP][PASSED] - delay(1): Delayed 1 second(s)

2022-01-26 14:45:55 - [MESSAGE][PASSED] - Delayed 1 second(s)

2022-01-26 14:45:55 - [TEST_STEP][PASSED] - setText(ANAL_EdtSearch, "embun", 0): Text 'embun' has been set to element 'Object Repository/Mobile/Page/Analysis/Input - Search'

2022-01-26 14:45:55 - [MESSAGE][WARNING] - Timeout '0' is invalid. Using default page load timeout: '60'

2022-01-26 14:45:56 - [MESSAGE][PASSED] - Text 'embun' has been set to element 'Object Repository/Mobile/Page/Analysis/Input - Search'

2022-01-26 14:45:56 - [TEST_STEP][PASSED] - hideKeyboard(): Keyboard is hidden

2022-01-26 14:45:59 - [MESSAGE][PASSED] - Keyboard is hidden

2022-01-26 14:45:59 - [TEST_STEP][PASSED] - tapAndHold(ANAL_ItemTopSearch, 1, 0): Tapped and held on element 'Object Repository/Mobile/Page/Analysis/Item - Top Search' with duration 1

2022-01-26 14:45:59 - [MESSAGE][WARNING] - Timeout '0' is invalid. Using default page load timeout: '60'

2022-01-26 14:46:02 - [MESSAGE][PASSED] - Tapped and held on element 'Object Repository/Mobile/Page/Analysis/Item - Top Search' with duration 1

2022-01-26 14:46:02 - [TEST_STEP][PASSED] - delay(3): Delayed 3 second(s)

2022-01-26 14:46:05 - [MESSAGE][PASSED] - Delayed 3 second(s)

2022-01-26 14:46:05 - [TEST_STEP][PASSED] - pressBack(): Press back button successfully

2022-01-26 14:46:05 - [MESSAGE][PASSED] - Press back button successfully

2022-01-26 14:46:05 - [MESSAGE][PASSED] - Call Test Case 'Test Cases/Mobile/Page/Analysis/Analysis' successfully

2022-01-26 14:46:05 - [TEST_STEP][PASSED] - callTestCase(findTestCase("Mobile/Page/Run App/Terminate App"), [:], STOP_ON_FAILURE): Call Test Case 'Test Cases/Mobile/Page/Run App/Terminate App' successfully

2022-01-26 14:46:06 - [TEST_CASE][PASSED] - Test Cases/Mobile/Page/Run App/Terminate App: Test Cases/Mobile/Page/Run App/Terminate App

2022-01-26 14:46:06 - [TEST_STEP][PASSED] - startApp.OpenApp.terminateApplication(): startApp.OpenApp.terminateApplication is PASSED

2022-01-26 14:46:10 - [MESSAGE][PASSED] - Delayed 3 second(s)

2022-01-26 14:46:10 - [MESSAGE][PASSED] - Current device physical width is 720

2022-01-26 14:46:10 - [MESSAGE][PASSED] - Current device physical height is 1423

2022-01-26 14:46:12 - [MESSAGE][PASSED] - Swiped from 360,853 to 360,142

2022-01-26 14:46:13 - [MESSAGE][PASSED] - Delayed 1 second(s)

2022-01-26 14:46:14 - [MESSAGE][PASSED] - Swiped from 360,853 to 360,142

2022-01-26 14:46:17 - [MESSAGE][PASSED] - Delayed 3 second(s)

2022-01-26 14:46:17 - [MESSAGE][PASSED] - startApp.OpenApp.terminateApplication is PASSED

2022-01-26 14:46:17 - [MESSAGE][PASSED] - Call Test Case 'Test Cases/Mobile/Page/Run App/Terminate App' successfully]]></system-out>
         <system-err><![CDATA[]]></system-err>
      </testcase>
      <system-out><![CDATA[2022-01-26 14:38:09 - [TEST_SUITE][PASSED] - analysis: Test Cases/Mobile/Scenario/Analysis/007 - Mencari research report]]></system-out>
      <system-err><![CDATA[]]></system-err>
   </testsuite>
</testsuites>
