<?xml version="1.0" encoding="UTF-8"?>
<testsuites name="navigationmenu" time="462.354" tests="6" failures="0" skips="0" errors="0">
   <testsuite name="navigationmenu" tests="6" failures="0" errors="0" time="462.354" skips="0" timestamp="2021-12-23 10:04:38" hostname="Owner - aldy-tft" id="Test Suites/navigationmenu">
      <properties>
         <property name="deviceName" value="samsung SM-A205F (Android 11)"/>
         <property name="devicePlatform" value=""/>
         <property name="logFolder" value="C:\\Users\\Owner\\Documents\\kerjaan\\KatalonProject\\qa_katalon_pwm\\qa_katalon_pwm\\Reports\\20211223_095148\\navigationmenu\\20211223_095200"/>
         <property name="logFiles" value="C:\\Users\\Owner\\Documents\\kerjaan\\KatalonProject\\qa_katalon_pwm\\qa_katalon_pwm\\Reports\\20211223_095148\\navigationmenu\\20211223_095200\\appium.log, C:\\Users\\Owner\\Documents\\kerjaan\\KatalonProject\\qa_katalon_pwm\\qa_katalon_pwm\\Reports\\20211223_095148\\navigationmenu\\20211223_095200\\execution0.log"/>
         <property name="attachments" value="C:\\Users\\Owner\\Documents\\kerjaan\\KatalonProject\\qa_katalon_pwm\\qa_katalon_pwm\\Reports\\20211223_095148\\navigationmenu\\20211223_095200\\1640228792152.png, C:\\Users\\Owner\\Documents\\kerjaan\\KatalonProject\\qa_katalon_pwm\\qa_katalon_pwm\\Reports\\20211223_095148\\navigationmenu\\20211223_095200\\1640228792897.png"/>
         <property name="hostName" value="Owner - aldy-tft"/>
         <property name="os" value="Windows 10 64bit"/>
         <property name="appiumServerStatus" value="{&quot;value&quot;:{&quot;build&quot;:{&quot;version&quot;:&quot;1.22.0&quot;}},&quot;sessionId&quot;:null,&quot;status&quot;:0}"/>
         <property name="katalonVersion" value="7.9.1.208"/>
         <property name="deviceOS" value="Android"/>
         <property name="appiumVersion" value="1.22.0"/>
         <property name="deviceModel" value="SM-A205F"/>
         <property name="hostAddress" value="192.168.100.13"/>
         <property name="deviceManufacturer" value="samsung"/>
         <property name="deviceId" value="RR8M40C9AXE"/>
         <property name="deviceName" value="samsung SM-A205F (Android 11)"/>
         <property name="deviceOSVersion" value="11"/>
      </properties>
      <testcase name="Test Cases/Mobile/Scenario/NavigationMenu/001 - Download Report" time="65.206" classname="Test Cases/Mobile/Scenario/NavigationMenu/001 - Download Report" status="PASSED">
         <system-out><![CDATA[2021-12-23 10:04:39 - [TEST_CASE][PASSED] - Test Cases/Mobile/Scenario/NavigationMenu/001 - Download Report: Test Cases/Mobile/Scenario/NavigationMenu/001 - Download Report

2021-12-23 10:04:39 - [TEST_STEP][PASSED] - callTestCase(findTestCase("Mobile/Page/Run App/Run App byID"), [:], STOP_ON_FAILURE): Call Test Case 'Test Cases/Mobile/Page/Run App/Run App byID' successfully

2021-12-23 10:04:39 - [TEST_CASE][PASSED] - Test Cases/Mobile/Page/Run App/Run App byID: Test Cases/Mobile/Page/Run App/Run App byID

2021-12-23 10:04:39 - [TEST_STEP][PASSED] - startApp.OpenApp.startApplication("id.co.miraeasset.sageclub"): startApp.OpenApp.startApplication is PASSED

2021-12-23 10:04:42 - [MESSAGE][INFO] - Appium server started on port 50,493

2021-12-23 10:04:57 - [MESSAGE][PASSED] - Starting app with application ID: 'id.co.miraeasset.sageclub'

2021-12-23 10:04:57 - [MESSAGE][PASSED] - startApp.OpenApp.startApplication is PASSED

2021-12-23 10:04:57 - [MESSAGE][PASSED] - Call Test Case 'Test Cases/Mobile/Page/Run App/Run App byID' successfully

2021-12-23 10:04:57 - [TEST_STEP][PASSED] - callTestCase(findTestCase("Mobile/Page/NavigationMenu/NavigationMenu"), ["action":"downloadtaxreport"], CONTINUE_ON_FAILURE): Call Test Case 'Test Cases/Mobile/Page/NavigationMenu/NavigationMenu' successfully

2021-12-23 10:04:57 - [TEST_CASE][PASSED] - Test Cases/Mobile/Page/NavigationMenu/NavigationMenu: Test Cases/Mobile/Page/NavigationMenu/NavigationMenu

2021-12-23 10:04:58 - [TEST_STEP][PASSED] - callTestCase(findTestCase("Mobile/Page/CheckLogin"), [:], CONTINUE_ON_FAILURE): Call Test Case 'Test Cases/Mobile/Page/CheckLogin' successfully

2021-12-23 10:04:58 - [TEST_CASE][PASSED] - Test Cases/Mobile/Page/CheckLogin: Test Cases/Mobile/Page/CheckLogin

2021-12-23 10:04:58 - [TEST_STEP][PASSED] - loginCheck = verifyElementExist(findTestObject("Mobile/Page/Login/Button - Login"), 5, CONTINUE_ON_FAILURE): Element 'Object Repository/Mobile/Page/Login/Button - Login' is exist

2021-12-23 10:04:59 - [MESSAGE][PASSED] - Element 'Object Repository/Mobile/Page/Login/Button - Login' is exist

2021-12-23 10:04:59 - [TEST_STEP][PASSED] - if (loginCheck): Call Test Case 'Test Cases/Mobile/Page/Login/Login' successfully

2021-12-23 10:04:59 - [TEST_STEP][PASSED] - callTestCase(findTestCase("Mobile/Page/Login/Login"), [:], CONTINUE_ON_FAILURE): Call Test Case 'Test Cases/Mobile/Page/Login/Login' successfully

2021-12-23 10:04:59 - [TEST_CASE][PASSED] - Test Cases/Mobile/Page/Login/Login: Test Cases/Mobile/Page/Login/Login

2021-12-23 10:04:59 - [TEST_STEP][PASSED] - delay(2): Delayed 2 second(s)

2021-12-23 10:05:01 - [MESSAGE][PASSED] - Delayed 2 second(s)

2021-12-23 10:05:01 - [TEST_STEP][PASSED] - tap(findTestObject("Mobile/Page/Login/Input - UserID"), 0): Tapped on element 'Object Repository/Mobile/Page/Login/Input - UserID'

2021-12-23 10:05:01 - [MESSAGE][WARNING] - Timeout '0' is invalid. Using default page load timeout: '60'

2021-12-23 10:05:02 - [MESSAGE][PASSED] - Tapped on element 'Object Repository/Mobile/Page/Login/Input - UserID'

2021-12-23 10:05:02 - [TEST_STEP][PASSED] - delay(1): Delayed 1 second(s)

2021-12-23 10:05:03 - [MESSAGE][PASSED] - Delayed 1 second(s)

2021-12-23 10:05:03 - [TEST_STEP][PASSED] - setText(findTestObject("Mobile/Page/Login/Input Rdy - UserID"), "anggaaditya", 0): Text 'anggaaditya' has been set to element 'Object Repository/Mobile/Page/Login/Input Rdy - UserID'

2021-12-23 10:05:03 - [MESSAGE][WARNING] - Timeout '0' is invalid. Using default page load timeout: '60'

2021-12-23 10:05:04 - [MESSAGE][PASSED] - Text 'anggaaditya' has been set to element 'Object Repository/Mobile/Page/Login/Input Rdy - UserID'

2021-12-23 10:05:04 - [TEST_STEP][PASSED] - delay(1): Delayed 1 second(s)

2021-12-23 10:05:05 - [MESSAGE][PASSED] - Delayed 1 second(s)

2021-12-23 10:05:05 - [TEST_STEP][PASSED] - hideKeyboard(): Keyboard is hidden

2021-12-23 10:05:09 - [MESSAGE][PASSED] - Keyboard is hidden

2021-12-23 10:05:09 - [TEST_STEP][PASSED] - tap(findTestObject("Mobile/Page/Login/Input - Password"), 0): Tapped on element 'Object Repository/Mobile/Page/Login/Input - Password'

2021-12-23 10:05:09 - [MESSAGE][WARNING] - Timeout '0' is invalid. Using default page load timeout: '60'

2021-12-23 10:05:09 - [MESSAGE][PASSED] - Tapped on element 'Object Repository/Mobile/Page/Login/Input - Password'

2021-12-23 10:05:09 - [TEST_STEP][PASSED] - delay(1): Delayed 1 second(s)

2021-12-23 10:05:10 - [MESSAGE][PASSED] - Delayed 1 second(s)

2021-12-23 10:05:10 - [TEST_STEP][PASSED] - setText(findTestObject("Mobile/Page/Login/Input Rdy - Password"), "Shalawa18", 0): Text 'Shalawa18' has been set to element 'Object Repository/Mobile/Page/Login/Input Rdy - Password'

2021-12-23 10:05:10 - [MESSAGE][WARNING] - Timeout '0' is invalid. Using default page load timeout: '60'

2021-12-23 10:05:11 - [MESSAGE][PASSED] - Text 'Shalawa18' has been set to element 'Object Repository/Mobile/Page/Login/Input Rdy - Password'

2021-12-23 10:05:11 - [TEST_STEP][PASSED] - delay(1): Delayed 1 second(s)

2021-12-23 10:05:12 - [MESSAGE][PASSED] - Delayed 1 second(s)

2021-12-23 10:05:12 - [TEST_STEP][PASSED] - hideKeyboard(): Keyboard is hidden

2021-12-23 10:05:18 - [MESSAGE][PASSED] - Keyboard is hidden

2021-12-23 10:05:18 - [TEST_STEP][PASSED] - tap(findTestObject("Mobile/Page/Login/Button - Login"), 0): Tapped on element 'Object Repository/Mobile/Page/Login/Button - Login'

2021-12-23 10:05:18 - [MESSAGE][WARNING] - Timeout '0' is invalid. Using default page load timeout: '60'

2021-12-23 10:05:19 - [MESSAGE][PASSED] - Tapped on element 'Object Repository/Mobile/Page/Login/Button - Login'

2021-12-23 10:05:19 - [TEST_STEP][PASSED] - delay(2): Delayed 2 second(s)

2021-12-23 10:05:21 - [MESSAGE][PASSED] - Delayed 2 second(s)

2021-12-23 10:05:21 - [MESSAGE][PASSED] - Call Test Case 'Test Cases/Mobile/Page/Login/Login' successfully

2021-12-23 10:05:21 - [MESSAGE][PASSED] - Call Test Case 'Test Cases/Mobile/Page/CheckLogin' successfully

2021-12-23 10:05:21 - [TEST_STEP][PASSED] - delay(3): Delayed 3 second(s)

2021-12-23 10:05:24 - [MESSAGE][PASSED] - Delayed 3 second(s)

2021-12-23 10:05:24 - [TEST_STEP][PASSED] - scroll.scroll.scrollScreenLeftToRight(): scroll.scroll.scrollScreenLeftToRight is PASSED

2021-12-23 10:05:24 - [MESSAGE][PASSED] - Current device physical height is 1423

2021-12-23 10:05:24 - [MESSAGE][PASSED] - Current device physical width is 720

2021-12-23 10:05:24 - [MESSAGE][PASSED] - Current device physical height is 1423

2021-12-23 10:05:25 - [MESSAGE][PASSED] - Swiped from 10,711 to 710,711

2021-12-23 10:05:25 - [MESSAGE][PASSED] - scroll.scroll.scrollScreenLeftToRight is PASSED

2021-12-23 10:05:25 - [TEST_STEP][PASSED] - delay(1): Delayed 1 second(s)

2021-12-23 10:05:26 - [MESSAGE][PASSED] - Delayed 1 second(s)

2021-12-23 10:05:26 - [TEST_STEP][PASSED] - for ([i = 0, i < 1, (i++)]): Press back button successfully

2021-12-23 10:05:26 - [TEST_STEP][PASSED] - if (action == "downloadtaxreport"): Press back button successfully

2021-12-23 10:05:26 - [TEST_STEP][PASSED] - taxreport = findTestObject("Mobile/Page/NavigationMenu/Container - Yearly Tax Report"): null

2021-12-23 10:05:26 - [TEST_STEP][PASSED] - top = getElementTopPosition(taxreport, 0): Object 'Object Repository/Mobile/Page/NavigationMenu/Container - Yearly Tax Report' has top position '309'

2021-12-23 10:05:27 - [MESSAGE][WARNING] - Timeout '0' is invalid. Using default page load timeout: '60'

2021-12-23 10:05:27 - [MESSAGE][PASSED] - Object 'Object Repository/Mobile/Page/NavigationMenu/Container - Yearly Tax Report' has top position '309'

2021-12-23 10:05:27 - [TEST_STEP][PASSED] - y = getElementHeight(taxreport, 0) * 0.8 + top: Object 'Object Repository/Mobile/Page/NavigationMenu/Container - Yearly Tax Report' has height: '119'

2021-12-23 10:05:27 - [MESSAGE][WARNING] - Timeout '0' is invalid. Using default page load timeout: '60'

2021-12-23 10:05:27 - [MESSAGE][PASSED] - Object 'Object Repository/Mobile/Page/NavigationMenu/Container - Yearly Tax Report' has height: '119'

2021-12-23 10:05:27 - [TEST_STEP][PASSED] - x = getDeviceWidth() * 0.2: Current device physical width is 720

2021-12-23 10:05:27 - [MESSAGE][PASSED] - Current device physical width is 720

2021-12-23 10:05:27 - [TEST_STEP][PASSED] - tapAtPosition(x, y): Tapped at [144, 404]

2021-12-23 10:05:27 - [MESSAGE][PASSED] - Tapped at [144, 404]

2021-12-23 10:05:27 - [TEST_STEP][PASSED] - delay(5): Delayed 5 second(s)

2021-12-23 10:05:32 - [MESSAGE][PASSED] - Delayed 5 second(s)

2021-12-23 10:05:32 - [TEST_STEP][PASSED] - pressBack(): Press back button successfully

2021-12-23 10:05:33 - [MESSAGE][PASSED] - Press back button successfully

2021-12-23 10:05:33 - [MESSAGE][PASSED] - Call Test Case 'Test Cases/Mobile/Page/NavigationMenu/NavigationMenu' successfully

2021-12-23 10:05:33 - [TEST_STEP][PASSED] - callTestCase(findTestCase("Mobile/Page/Run App/Terminate App"), [:], STOP_ON_FAILURE): Call Test Case 'Test Cases/Mobile/Page/Run App/Terminate App' successfully

2021-12-23 10:05:33 - [TEST_CASE][PASSED] - Test Cases/Mobile/Page/Run App/Terminate App: Test Cases/Mobile/Page/Run App/Terminate App

2021-12-23 10:05:33 - [TEST_STEP][PASSED] - startApp.OpenApp.terminateApplication(): startApp.OpenApp.terminateApplication is PASSED

2021-12-23 10:05:37 - [MESSAGE][PASSED] - Delayed 3 second(s)

2021-12-23 10:05:37 - [MESSAGE][PASSED] - Current device physical width is 720

2021-12-23 10:05:37 - [MESSAGE][PASSED] - Current device physical height is 1423

2021-12-23 10:05:38 - [MESSAGE][PASSED] - Swiped from 360,853 to 360,142

2021-12-23 10:05:40 - [MESSAGE][PASSED] - Delayed 1 second(s)

2021-12-23 10:05:41 - [MESSAGE][PASSED] - Swiped from 360,853 to 360,142

2021-12-23 10:05:44 - [MESSAGE][PASSED] - Delayed 3 second(s)

2021-12-23 10:05:44 - [MESSAGE][PASSED] - startApp.OpenApp.terminateApplication is PASSED

2021-12-23 10:05:44 - [MESSAGE][PASSED] - Call Test Case 'Test Cases/Mobile/Page/Run App/Terminate App' successfully]]></system-out>
         <system-err><![CDATA[]]></system-err>
      </testcase>
      <testcase name="Test Cases/Mobile/Scenario/NavigationMenu/002 - Risk Profile analysis" time="90.191" classname="Test Cases/Mobile/Scenario/NavigationMenu/002 - Risk Profile analysis" status="PASSED">
         <system-out><![CDATA[2021-12-23 10:05:44 - [TEST_CASE][PASSED] - Test Cases/Mobile/Scenario/NavigationMenu/002 - Risk Profile analysis: Test Cases/Mobile/Scenario/NavigationMenu/002 - Risk Profile analysis

2021-12-23 10:05:44 - [TEST_STEP][PASSED] - callTestCase(findTestCase("Mobile/Page/Run App/Run App byID"), [:], STOP_ON_FAILURE): Call Test Case 'Test Cases/Mobile/Page/Run App/Run App byID' successfully

2021-12-23 10:05:44 - [TEST_CASE][PASSED] - Test Cases/Mobile/Page/Run App/Run App byID: Test Cases/Mobile/Page/Run App/Run App byID

2021-12-23 10:05:44 - [TEST_STEP][PASSED] - startApp.OpenApp.startApplication("id.co.miraeasset.sageclub"): startApp.OpenApp.startApplication is PASSED

2021-12-23 10:05:56 - [MESSAGE][PASSED] - Starting app with application ID: 'id.co.miraeasset.sageclub'

2021-12-23 10:05:56 - [MESSAGE][PASSED] - startApp.OpenApp.startApplication is PASSED

2021-12-23 10:05:56 - [MESSAGE][PASSED] - Call Test Case 'Test Cases/Mobile/Page/Run App/Run App byID' successfully

2021-12-23 10:05:56 - [TEST_STEP][PASSED] - callTestCase(findTestCase("Mobile/Page/NavigationMenu/NavigationMenu"), ["action":"analyzeprofile"], CONTINUE_ON_FAILURE): Call Test Case 'Test Cases/Mobile/Page/NavigationMenu/NavigationMenu' successfully

2021-12-23 10:05:56 - [TEST_CASE][PASSED] - Test Cases/Mobile/Page/NavigationMenu/NavigationMenu: Test Cases/Mobile/Page/NavigationMenu/NavigationMenu

2021-12-23 10:05:56 - [TEST_STEP][PASSED] - callTestCase(findTestCase("Mobile/Page/CheckLogin"), [:], CONTINUE_ON_FAILURE): Call Test Case 'Test Cases/Mobile/Page/CheckLogin' successfully

2021-12-23 10:05:56 - [TEST_CASE][PASSED] - Test Cases/Mobile/Page/CheckLogin: Test Cases/Mobile/Page/CheckLogin

2021-12-23 10:05:56 - [TEST_STEP][PASSED] - loginCheck = verifyElementExist(findTestObject("Mobile/Page/Login/Button - Login"), 5, CONTINUE_ON_FAILURE): Element 'Object Repository/Mobile/Page/Login/Button - Login' is exist

2021-12-23 10:05:58 - [MESSAGE][PASSED] - Element 'Object Repository/Mobile/Page/Login/Button - Login' is exist

2021-12-23 10:05:58 - [TEST_STEP][PASSED] - if (loginCheck): Call Test Case 'Test Cases/Mobile/Page/Login/Login' successfully

2021-12-23 10:05:58 - [TEST_STEP][PASSED] - callTestCase(findTestCase("Mobile/Page/Login/Login"), [:], CONTINUE_ON_FAILURE): Call Test Case 'Test Cases/Mobile/Page/Login/Login' successfully

2021-12-23 10:05:58 - [TEST_CASE][PASSED] - Test Cases/Mobile/Page/Login/Login: Test Cases/Mobile/Page/Login/Login

2021-12-23 10:05:58 - [TEST_STEP][PASSED] - delay(2): Delayed 2 second(s)

2021-12-23 10:06:00 - [MESSAGE][PASSED] - Delayed 2 second(s)

2021-12-23 10:06:00 - [TEST_STEP][PASSED] - tap(findTestObject("Mobile/Page/Login/Input - UserID"), 0): Tapped on element 'Object Repository/Mobile/Page/Login/Input - UserID'

2021-12-23 10:06:00 - [MESSAGE][WARNING] - Timeout '0' is invalid. Using default page load timeout: '60'

2021-12-23 10:06:00 - [MESSAGE][PASSED] - Tapped on element 'Object Repository/Mobile/Page/Login/Input - UserID'

2021-12-23 10:06:00 - [TEST_STEP][PASSED] - delay(1): Delayed 1 second(s)

2021-12-23 10:06:01 - [MESSAGE][PASSED] - Delayed 1 second(s)

2021-12-23 10:06:01 - [TEST_STEP][PASSED] - setText(findTestObject("Mobile/Page/Login/Input Rdy - UserID"), "anggaaditya", 0): Text 'anggaaditya' has been set to element 'Object Repository/Mobile/Page/Login/Input Rdy - UserID'

2021-12-23 10:06:01 - [MESSAGE][WARNING] - Timeout '0' is invalid. Using default page load timeout: '60'

2021-12-23 10:06:02 - [MESSAGE][PASSED] - Text 'anggaaditya' has been set to element 'Object Repository/Mobile/Page/Login/Input Rdy - UserID'

2021-12-23 10:06:02 - [TEST_STEP][PASSED] - delay(1): Delayed 1 second(s)

2021-12-23 10:06:03 - [MESSAGE][PASSED] - Delayed 1 second(s)

2021-12-23 10:06:03 - [TEST_STEP][PASSED] - hideKeyboard(): Keyboard is hidden

2021-12-23 10:06:06 - [MESSAGE][PASSED] - Keyboard is hidden

2021-12-23 10:06:06 - [TEST_STEP][PASSED] - tap(findTestObject("Mobile/Page/Login/Input - Password"), 0): Tapped on element 'Object Repository/Mobile/Page/Login/Input - Password'

2021-12-23 10:06:06 - [MESSAGE][WARNING] - Timeout '0' is invalid. Using default page load timeout: '60'

2021-12-23 10:06:07 - [MESSAGE][PASSED] - Tapped on element 'Object Repository/Mobile/Page/Login/Input - Password'

2021-12-23 10:06:07 - [TEST_STEP][PASSED] - delay(1): Delayed 1 second(s)

2021-12-23 10:06:08 - [MESSAGE][PASSED] - Delayed 1 second(s)

2021-12-23 10:06:08 - [TEST_STEP][PASSED] - setText(findTestObject("Mobile/Page/Login/Input Rdy - Password"), "Shalawa18", 0): Text 'Shalawa18' has been set to element 'Object Repository/Mobile/Page/Login/Input Rdy - Password'

2021-12-23 10:06:08 - [MESSAGE][WARNING] - Timeout '0' is invalid. Using default page load timeout: '60'

2021-12-23 10:06:08 - [MESSAGE][PASSED] - Text 'Shalawa18' has been set to element 'Object Repository/Mobile/Page/Login/Input Rdy - Password'

2021-12-23 10:06:08 - [TEST_STEP][PASSED] - delay(1): Delayed 1 second(s)

2021-12-23 10:06:09 - [MESSAGE][PASSED] - Delayed 1 second(s)

2021-12-23 10:06:09 - [TEST_STEP][PASSED] - hideKeyboard(): Keyboard is hidden

2021-12-23 10:06:16 - [MESSAGE][PASSED] - Keyboard is hidden

2021-12-23 10:06:16 - [TEST_STEP][PASSED] - tap(findTestObject("Mobile/Page/Login/Button - Login"), 0): Tapped on element 'Object Repository/Mobile/Page/Login/Button - Login'

2021-12-23 10:06:16 - [MESSAGE][WARNING] - Timeout '0' is invalid. Using default page load timeout: '60'

2021-12-23 10:06:16 - [MESSAGE][PASSED] - Tapped on element 'Object Repository/Mobile/Page/Login/Button - Login'

2021-12-23 10:06:16 - [TEST_STEP][PASSED] - delay(2): Delayed 2 second(s)

2021-12-23 10:06:18 - [MESSAGE][PASSED] - Delayed 2 second(s)

2021-12-23 10:06:18 - [MESSAGE][PASSED] - Call Test Case 'Test Cases/Mobile/Page/Login/Login' successfully

2021-12-23 10:06:18 - [MESSAGE][PASSED] - Call Test Case 'Test Cases/Mobile/Page/CheckLogin' successfully

2021-12-23 10:06:18 - [TEST_STEP][PASSED] - delay(3): Delayed 3 second(s)

2021-12-23 10:06:21 - [MESSAGE][PASSED] - Delayed 3 second(s)

2021-12-23 10:06:21 - [TEST_STEP][PASSED] - scroll.scroll.scrollScreenLeftToRight(): scroll.scroll.scrollScreenLeftToRight is PASSED

2021-12-23 10:06:22 - [MESSAGE][PASSED] - Current device physical height is 1423

2021-12-23 10:06:22 - [MESSAGE][PASSED] - Current device physical width is 720

2021-12-23 10:06:22 - [MESSAGE][PASSED] - Current device physical height is 1423

2021-12-23 10:06:23 - [MESSAGE][PASSED] - Swiped from 10,711 to 710,711

2021-12-23 10:06:23 - [MESSAGE][PASSED] - scroll.scroll.scrollScreenLeftToRight is PASSED

2021-12-23 10:06:23 - [TEST_STEP][PASSED] - delay(1): Delayed 1 second(s)

2021-12-23 10:06:24 - [MESSAGE][PASSED] - Delayed 1 second(s)

2021-12-23 10:06:24 - [TEST_STEP][FAILED] - for ([i = 0, i < 1, (i++)]): null

2021-12-23 10:06:24 - [TEST_STEP][PASSED] - if (action == "downloadtaxreport"): null

2021-12-23 10:06:24 - [TEST_STEP][FAILED] - else if (action == "analyzeprofile"): null

2021-12-23 10:06:24 - [TEST_STEP][PASSED] - risk = findTestObject("Mobile/Page/NavigationMenu/Container - Risk Profile"): null

2021-12-23 10:06:24 - [TEST_STEP][PASSED] - top = getElementTopPosition(risk, 0): Object 'Object Repository/Mobile/Page/NavigationMenu/Container - Risk Profile' has top position '463'

2021-12-23 10:06:24 - [MESSAGE][WARNING] - Timeout '0' is invalid. Using default page load timeout: '60'

2021-12-23 10:06:25 - [MESSAGE][PASSED] - Object 'Object Repository/Mobile/Page/NavigationMenu/Container - Risk Profile' has top position '463'

2021-12-23 10:06:25 - [TEST_STEP][PASSED] - y = getElementHeight(risk, 0) * 0.8 + top: Object 'Object Repository/Mobile/Page/NavigationMenu/Container - Risk Profile' has height: '119'

2021-12-23 10:06:25 - [MESSAGE][WARNING] - Timeout '0' is invalid. Using default page load timeout: '60'

2021-12-23 10:06:25 - [MESSAGE][PASSED] - Object 'Object Repository/Mobile/Page/NavigationMenu/Container - Risk Profile' has height: '119'

2021-12-23 10:06:25 - [TEST_STEP][PASSED] - x = getDeviceWidth() * 0.2: Current device physical width is 720

2021-12-23 10:06:25 - [MESSAGE][PASSED] - Current device physical width is 720

2021-12-23 10:06:25 - [TEST_STEP][PASSED] - tapAtPosition(x, y): Tapped at [144, 558]

2021-12-23 10:06:25 - [MESSAGE][PASSED] - Tapped at [144, 558]

2021-12-23 10:06:25 - [TEST_STEP][PASSED] - delay(1): Delayed 1 second(s)

2021-12-23 10:06:26 - [MESSAGE][PASSED] - Delayed 1 second(s)

2021-12-23 10:06:26 - [TEST_STEP][FAILED] - try: Failed to check for element 'Object Repository/Mobile/Page/NavigationMenu/Container - Risk Profile' exist (Root cause: com.kms.katalon.core.exception.StepFailedException: Element 'Object Repository/Mobile/Page/NavigationMenu/Container - Risk Profile' not found
	at com.kms.katalon.core.keyword.internal.KeywordMain.stepFailed(KeywordMain.groovy:50)
	at com.kms.katalon.core.mobile.keyword.internal.MobileKeywordMain.stepFailed(MobileKeywordMain.groovy:40)
	at com.kms.katalon.core.mobile.keyword.builtin.VerifyElementExistKeyword$_verifyElementExist_closure1.doCall(VerifyElementExistKeyword.groovy:77)
	at com.kms.katalon.core.mobile.keyword.builtin.VerifyElementExistKeyword$_verifyElementExist_closure1.call(VerifyElementExistKeyword.groovy)
	at com.kms.katalon.core.mobile.keyword.internal.MobileKeywordMain.runKeyword(MobileKeywordMain.groovy:21)
	at com.kms.katalon.core.mobile.keyword.builtin.VerifyElementExistKeyword.verifyElementExist(VerifyElementExistKeyword.groovy:80)
	at com.kms.katalon.core.mobile.keyword.builtin.VerifyElementExistKeyword.execute(VerifyElementExistKeyword.groovy:64)
	at com.kms.katalon.core.keyword.internal.KeywordExecutor.executeKeywordForPlatform(KeywordExecutor.groovy:73)
	at com.kms.katalon.core.mobile.keyword.MobileBuiltInKeywords.verifyElementExist(MobileBuiltInKeywords.groovy:1586)
	at com.kms.katalon.core.mobile.keyword.MobileBuiltInKeywords$verifyElementExist$11.call(Unknown Source)
	at NavigationMenu.run(NavigationMenu:51)
	at com.kms.katalon.core.main.ScriptEngine.run(ScriptEngine.java:194)
	at com.kms.katalon.core.main.ScriptEngine.runScriptAsRawText(ScriptEngine.java:119)
	at com.kms.katalon.core.main.TestCaseExecutor.runScript(TestCaseExecutor.java:398)
	at com.kms.katalon.core.main.TestCaseExecutor.doExecute(TestCaseExecutor.java:389)
	at com.kms.katalon.core.main.TestCaseExecutor.processExecutionPhase(TestCaseExecutor.java:368)
	at com.kms.katalon.core.main.TestCaseExecutor.accessMainPhase(TestCaseExecutor.java:360)
	at com.kms.katalon.core.main.TestCaseExecutor.execute(TestCaseExecutor.java:255)
	at com.kms.katalon.core.main.TestCaseMain.runTestCase(TestCaseMain.java:114)
	at com.kms.katalon.core.keyword.builtin.CallTestCaseKeyword$_callTestCase_closure1.doCall(CallTestCaseKeyword.groovy:59)
	at com.kms.katalon.core.keyword.builtin.CallTestCaseKeyword$_callTestCase_closure1.call(CallTestCaseKeyword.groovy)
	at com.kms.katalon.core.keyword.internal.KeywordMain.runKeyword(KeywordMain.groovy:68)
	at com.kms.katalon.core.keyword.builtin.CallTestCaseKeyword.callTestCase(CallTestCaseKeyword.groovy:81)
	at com.kms.katalon.core.keyword.builtin.CallTestCaseKeyword.execute(CallTestCaseKeyword.groovy:44)
	at com.kms.katalon.core.keyword.internal.KeywordExecutor.executeKeywordForPlatform(KeywordExecutor.groovy:73)
	at com.kms.katalon.core.keyword.BuiltinKeywords.callTestCase(BuiltinKeywords.groovy:334)
	at 002 - Risk Profile analysis.run(002 - Risk Profile analysis:22)
	at com.kms.katalon.core.main.ScriptEngine.run(ScriptEngine.java:194)
	at com.kms.katalon.core.main.ScriptEngine.runScriptAsRawText(ScriptEngine.java:119)
	at com.kms.katalon.core.main.TestCaseExecutor.runScript(TestCaseExecutor.java:398)
	at com.kms.katalon.core.main.TestCaseExecutor.doExecute(TestCaseExecutor.java:389)
	at com.kms.katalon.core.main.TestCaseExecutor.processExecutionPhase(TestCaseExecutor.java:368)
	at com.kms.katalon.core.main.TestCaseExecutor.accessMainPhase(TestCaseExecutor.java:360)
	at com.kms.katalon.core.main.TestCaseExecutor.execute(TestCaseExecutor.java:255)
	at com.kms.katalon.core.main.TestSuiteExecutor.accessTestCaseMainPhase(TestSuiteExecutor.java:203)
	at com.kms.katalon.core.main.TestSuiteExecutor.accessTestSuiteMainPhase(TestSuiteExecutor.java:152)
	at com.kms.katalon.core.main.TestSuiteExecutor.execute(TestSuiteExecutor.java:95)
	at com.kms.katalon.core.main.TestCaseMain.startTestSuite(TestCaseMain.java:157)
	at com.kms.katalon.core.main.TestCaseMain$startTestSuite$0.call(Unknown Source)
	at TempTestSuite1640227920096.run(TempTestSuite1640227920096.groovy:39)
)

2021-12-23 10:06:26 - [TEST_STEP][FAILED] - for ([j = 1, j <= 5, (j++)]): Failed to check for element 'Object Repository/Mobile/Page/NavigationMenu/Container - Risk Profile' exist (Root cause: com.kms.katalon.core.exception.StepFailedException: Element 'Object Repository/Mobile/Page/NavigationMenu/Container - Risk Profile' not found
	at com.kms.katalon.core.keyword.internal.KeywordMain.stepFailed(KeywordMain.groovy:50)
	at com.kms.katalon.core.mobile.keyword.internal.MobileKeywordMain.stepFailed(MobileKeywordMain.groovy:40)
	at com.kms.katalon.core.mobile.keyword.builtin.VerifyElementExistKeyword$_verifyElementExist_closure1.doCall(VerifyElementExistKeyword.groovy:77)
	at com.kms.katalon.core.mobile.keyword.builtin.VerifyElementExistKeyword$_verifyElementExist_closure1.call(VerifyElementExistKeyword.groovy)
	at com.kms.katalon.core.mobile.keyword.internal.MobileKeywordMain.runKeyword(MobileKeywordMain.groovy:21)
	at com.kms.katalon.core.mobile.keyword.builtin.VerifyElementExistKeyword.verifyElementExist(VerifyElementExistKeyword.groovy:80)
	at com.kms.katalon.core.mobile.keyword.builtin.VerifyElementExistKeyword.execute(VerifyElementExistKeyword.groovy:64)
	at com.kms.katalon.core.keyword.internal.KeywordExecutor.executeKeywordForPlatform(KeywordExecutor.groovy:73)
	at com.kms.katalon.core.mobile.keyword.MobileBuiltInKeywords.verifyElementExist(MobileBuiltInKeywords.groovy:1586)
	at com.kms.katalon.core.mobile.keyword.MobileBuiltInKeywords$verifyElementExist$11.call(Unknown Source)
	at NavigationMenu.run(NavigationMenu:51)
	at com.kms.katalon.core.main.ScriptEngine.run(ScriptEngine.java:194)
	at com.kms.katalon.core.main.ScriptEngine.runScriptAsRawText(ScriptEngine.java:119)
	at com.kms.katalon.core.main.TestCaseExecutor.runScript(TestCaseExecutor.java:398)
	at com.kms.katalon.core.main.TestCaseExecutor.doExecute(TestCaseExecutor.java:389)
	at com.kms.katalon.core.main.TestCaseExecutor.processExecutionPhase(TestCaseExecutor.java:368)
	at com.kms.katalon.core.main.TestCaseExecutor.accessMainPhase(TestCaseExecutor.java:360)
	at com.kms.katalon.core.main.TestCaseExecutor.execute(TestCaseExecutor.java:255)
	at com.kms.katalon.core.main.TestCaseMain.runTestCase(TestCaseMain.java:114)
	at com.kms.katalon.core.keyword.builtin.CallTestCaseKeyword$_callTestCase_closure1.doCall(CallTestCaseKeyword.groovy:59)
	at com.kms.katalon.core.keyword.builtin.CallTestCaseKeyword$_callTestCase_closure1.call(CallTestCaseKeyword.groovy)
	at com.kms.katalon.core.keyword.internal.KeywordMain.runKeyword(KeywordMain.groovy:68)
	at com.kms.katalon.core.keyword.builtin.CallTestCaseKeyword.callTestCase(CallTestCaseKeyword.groovy:81)
	at com.kms.katalon.core.keyword.builtin.CallTestCaseKeyword.execute(CallTestCaseKeyword.groovy:44)
	at com.kms.katalon.core.keyword.internal.KeywordExecutor.executeKeywordForPlatform(KeywordExecutor.groovy:73)
	at com.kms.katalon.core.keyword.BuiltinKeywords.callTestCase(BuiltinKeywords.groovy:334)
	at 002 - Risk Profile analysis.run(002 - Risk Profile analysis:22)
	at com.kms.katalon.core.main.ScriptEngine.run(ScriptEngine.java:194)
	at com.kms.katalon.core.main.ScriptEngine.runScriptAsRawText(ScriptEngine.java:119)
	at com.kms.katalon.core.main.TestCaseExecutor.runScript(TestCaseExecutor.java:398)
	at com.kms.katalon.core.main.TestCaseExecutor.doExecute(TestCaseExecutor.java:389)
	at com.kms.katalon.core.main.TestCaseExecutor.processExecutionPhase(TestCaseExecutor.java:368)
	at com.kms.katalon.core.main.TestCaseExecutor.accessMainPhase(TestCaseExecutor.java:360)
	at com.kms.katalon.core.main.TestCaseExecutor.execute(TestCaseExecutor.java:255)
	at com.kms.katalon.core.main.TestSuiteExecutor.accessTestCaseMainPhase(TestSuiteExecutor.java:203)
	at com.kms.katalon.core.main.TestSuiteExecutor.accessTestSuiteMainPhase(TestSuiteExecutor.java:152)
	at com.kms.katalon.core.main.TestSuiteExecutor.execute(TestSuiteExecutor.java:95)
	at com.kms.katalon.core.main.TestCaseMain.startTestSuite(TestCaseMain.java:157)
	at com.kms.katalon.core.main.TestCaseMain$startTestSuite$0.call(Unknown Source)
	at TempTestSuite1640227920096.run(TempTestSuite1640227920096.groovy:39)
)

2021-12-23 10:06:26 - [TEST_STEP][PASSED] - bestsuited = verifyElementExist(findTestObject("Mobile/Page/NavigationMenu/Container - Risk Profile"), 2): Element 'Object Repository/Mobile/Page/NavigationMenu/Container - Risk Profile' is exist

2021-12-23 10:06:26 - [MESSAGE][PASSED] - Element 'Object Repository/Mobile/Page/NavigationMenu/Container - Risk Profile' is exist

2021-12-23 10:06:26 - [TEST_STEP][PASSED] - if (!(bestsuited)): null

2021-12-23 10:06:26 - [TEST_STEP][PASSED] - x = getDeviceWidth() * 0.2 * j: Current device physical width is 720

2021-12-23 10:06:27 - [MESSAGE][PASSED] - Current device physical width is 720

2021-12-23 10:06:27 - [TEST_STEP][PASSED] - tapAtPosition(x, y): Tapped at [144, 558]

2021-12-23 10:06:27 - [MESSAGE][PASSED] - Tapped at [144, 558]

2021-12-23 10:06:27 - [TEST_STEP][PASSED] - delay(1): Delayed 1 second(s)

2021-12-23 10:06:28 - [MESSAGE][PASSED] - Delayed 1 second(s)

2021-12-23 10:06:28 - [TEST_STEP][PASSED] - bestsuited = verifyElementExist(findTestObject("Mobile/Page/NavigationMenu/Container - Risk Profile"), 2): Element 'Object Repository/Mobile/Page/NavigationMenu/Container - Risk Profile' is exist

2021-12-23 10:06:28 - [MESSAGE][PASSED] - Element 'Object Repository/Mobile/Page/NavigationMenu/Container - Risk Profile' is exist

2021-12-23 10:06:28 - [TEST_STEP][PASSED] - if (!(bestsuited)): null

2021-12-23 10:06:28 - [TEST_STEP][PASSED] - x = getDeviceWidth() * 0.2 * j: Current device physical width is 720

2021-12-23 10:06:28 - [MESSAGE][PASSED] - Current device physical width is 720

2021-12-23 10:06:28 - [TEST_STEP][PASSED] - tapAtPosition(x, y): Tapped at [288, 558]

2021-12-23 10:06:29 - [MESSAGE][PASSED] - Tapped at [288, 558]

2021-12-23 10:06:29 - [TEST_STEP][PASSED] - delay(1): Delayed 1 second(s)

2021-12-23 10:06:30 - [MESSAGE][PASSED] - Delayed 1 second(s)

2021-12-23 10:06:30 - [TEST_STEP][FAILED] - bestsuited = verifyElementExist(findTestObject("Mobile/Page/NavigationMenu/Container - Risk Profile"), 2): Failed to check for element 'Object Repository/Mobile/Page/NavigationMenu/Container - Risk Profile' exist (Root cause: com.kms.katalon.core.exception.StepFailedException: Element 'Object Repository/Mobile/Page/NavigationMenu/Container - Risk Profile' not found
	at com.kms.katalon.core.keyword.internal.KeywordMain.stepFailed(KeywordMain.groovy:50)
	at com.kms.katalon.core.mobile.keyword.internal.MobileKeywordMain.stepFailed(MobileKeywordMain.groovy:40)
	at com.kms.katalon.core.mobile.keyword.builtin.VerifyElementExistKeyword$_verifyElementExist_closure1.doCall(VerifyElementExistKeyword.groovy:77)
	at com.kms.katalon.core.mobile.keyword.builtin.VerifyElementExistKeyword$_verifyElementExist_closure1.call(VerifyElementExistKeyword.groovy)
	at com.kms.katalon.core.mobile.keyword.internal.MobileKeywordMain.runKeyword(MobileKeywordMain.groovy:21)
	at com.kms.katalon.core.mobile.keyword.builtin.VerifyElementExistKeyword.verifyElementExist(VerifyElementExistKeyword.groovy:80)
	at com.kms.katalon.core.mobile.keyword.builtin.VerifyElementExistKeyword.execute(VerifyElementExistKeyword.groovy:64)
	at com.kms.katalon.core.keyword.internal.KeywordExecutor.executeKeywordForPlatform(KeywordExecutor.groovy:73)
	at com.kms.katalon.core.mobile.keyword.MobileBuiltInKeywords.verifyElementExist(MobileBuiltInKeywords.groovy:1586)
	at com.kms.katalon.core.mobile.keyword.MobileBuiltInKeywords$verifyElementExist$11.call(Unknown Source)
	at NavigationMenu.run(NavigationMenu:51)
	at com.kms.katalon.core.main.ScriptEngine.run(ScriptEngine.java:194)
	at com.kms.katalon.core.main.ScriptEngine.runScriptAsRawText(ScriptEngine.java:119)
	at com.kms.katalon.core.main.TestCaseExecutor.runScript(TestCaseExecutor.java:398)
	at com.kms.katalon.core.main.TestCaseExecutor.doExecute(TestCaseExecutor.java:389)
	at com.kms.katalon.core.main.TestCaseExecutor.processExecutionPhase(TestCaseExecutor.java:368)
	at com.kms.katalon.core.main.TestCaseExecutor.accessMainPhase(TestCaseExecutor.java:360)
	at com.kms.katalon.core.main.TestCaseExecutor.execute(TestCaseExecutor.java:255)
	at com.kms.katalon.core.main.TestCaseMain.runTestCase(TestCaseMain.java:114)
	at com.kms.katalon.core.keyword.builtin.CallTestCaseKeyword$_callTestCase_closure1.doCall(CallTestCaseKeyword.groovy:59)
	at com.kms.katalon.core.keyword.builtin.CallTestCaseKeyword$_callTestCase_closure1.call(CallTestCaseKeyword.groovy)
	at com.kms.katalon.core.keyword.internal.KeywordMain.runKeyword(KeywordMain.groovy:68)
	at com.kms.katalon.core.keyword.builtin.CallTestCaseKeyword.callTestCase(CallTestCaseKeyword.groovy:81)
	at com.kms.katalon.core.keyword.builtin.CallTestCaseKeyword.execute(CallTestCaseKeyword.groovy:44)
	at com.kms.katalon.core.keyword.internal.KeywordExecutor.executeKeywordForPlatform(KeywordExecutor.groovy:73)
	at com.kms.katalon.core.keyword.BuiltinKeywords.callTestCase(BuiltinKeywords.groovy:334)
	at 002 - Risk Profile analysis.run(002 - Risk Profile analysis:22)
	at com.kms.katalon.core.main.ScriptEngine.run(ScriptEngine.java:194)
	at com.kms.katalon.core.main.ScriptEngine.runScriptAsRawText(ScriptEngine.java:119)
	at com.kms.katalon.core.main.TestCaseExecutor.runScript(TestCaseExecutor.java:398)
	at com.kms.katalon.core.main.TestCaseExecutor.doExecute(TestCaseExecutor.java:389)
	at com.kms.katalon.core.main.TestCaseExecutor.processExecutionPhase(TestCaseExecutor.java:368)
	at com.kms.katalon.core.main.TestCaseExecutor.accessMainPhase(TestCaseExecutor.java:360)
	at com.kms.katalon.core.main.TestCaseExecutor.execute(TestCaseExecutor.java:255)
	at com.kms.katalon.core.main.TestSuiteExecutor.accessTestCaseMainPhase(TestSuiteExecutor.java:203)
	at com.kms.katalon.core.main.TestSuiteExecutor.accessTestSuiteMainPhase(TestSuiteExecutor.java:152)
	at com.kms.katalon.core.main.TestSuiteExecutor.execute(TestSuiteExecutor.java:95)
	at com.kms.katalon.core.main.TestCaseMain.startTestSuite(TestCaseMain.java:157)
	at com.kms.katalon.core.main.TestCaseMain$startTestSuite$0.call(Unknown Source)
	at TempTestSuite1640227920096.run(TempTestSuite1640227920096.groovy:39)
)

2021-12-23 10:06:32 - [MESSAGE][FAILED] - Element 'Object Repository/Mobile/Page/NavigationMenu/Container - Risk Profile' not found
[[ATTACHMENT|C:\\Users\\Owner\\Documents\\kerjaan\\KatalonProject\\qa_katalon_pwm\\qa_katalon_pwm\\Reports\\20211223_095148\\navigationmenu\\20211223_095200\\1640228792152.png]]

2021-12-23 10:06:33 - [MESSAGE][FAILED] - Failed to check for element 'Object Repository/Mobile/Page/NavigationMenu/Container - Risk Profile' exist (Root cause: com.kms.katalon.core.exception.StepFailedException: Element 'Object Repository/Mobile/Page/NavigationMenu/Container - Risk Profile' not found
	at com.kms.katalon.core.keyword.internal.KeywordMain.stepFailed(KeywordMain.groovy:50)
	at com.kms.katalon.core.mobile.keyword.internal.MobileKeywordMain.stepFailed(MobileKeywordMain.groovy:40)
	at com.kms.katalon.core.mobile.keyword.builtin.VerifyElementExistKeyword$_verifyElementExist_closure1.doCall(VerifyElementExistKeyword.groovy:77)
	at com.kms.katalon.core.mobile.keyword.builtin.VerifyElementExistKeyword$_verifyElementExist_closure1.call(VerifyElementExistKeyword.groovy)
	at com.kms.katalon.core.mobile.keyword.internal.MobileKeywordMain.runKeyword(MobileKeywordMain.groovy:21)
	at com.kms.katalon.core.mobile.keyword.builtin.VerifyElementExistKeyword.verifyElementExist(VerifyElementExistKeyword.groovy:80)
	at com.kms.katalon.core.mobile.keyword.builtin.VerifyElementExistKeyword.execute(VerifyElementExistKeyword.groovy:64)
	at com.kms.katalon.core.keyword.internal.KeywordExecutor.executeKeywordForPlatform(KeywordExecutor.groovy:73)
	at com.kms.katalon.core.mobile.keyword.MobileBuiltInKeywords.verifyElementExist(MobileBuiltInKeywords.groovy:1586)
	at com.kms.katalon.core.mobile.keyword.MobileBuiltInKeywords$verifyElementExist$11.call(Unknown Source)
	at NavigationMenu.run(NavigationMenu:51)
	at com.kms.katalon.core.main.ScriptEngine.run(ScriptEngine.java:194)
	at com.kms.katalon.core.main.ScriptEngine.runScriptAsRawText(ScriptEngine.java:119)
	at com.kms.katalon.core.main.TestCaseExecutor.runScript(TestCaseExecutor.java:398)
	at com.kms.katalon.core.main.TestCaseExecutor.doExecute(TestCaseExecutor.java:389)
	at com.kms.katalon.core.main.TestCaseExecutor.processExecutionPhase(TestCaseExecutor.java:368)
	at com.kms.katalon.core.main.TestCaseExecutor.accessMainPhase(TestCaseExecutor.java:360)
	at com.kms.katalon.core.main.TestCaseExecutor.execute(TestCaseExecutor.java:255)
	at com.kms.katalon.core.main.TestCaseMain.runTestCase(TestCaseMain.java:114)
	at com.kms.katalon.core.keyword.builtin.CallTestCaseKeyword$_callTestCase_closure1.doCall(CallTestCaseKeyword.groovy:59)
	at com.kms.katalon.core.keyword.builtin.CallTestCaseKeyword$_callTestCase_closure1.call(CallTestCaseKeyword.groovy)
	at com.kms.katalon.core.keyword.internal.KeywordMain.runKeyword(KeywordMain.groovy:68)
	at com.kms.katalon.core.keyword.builtin.CallTestCaseKeyword.callTestCase(CallTestCaseKeyword.groovy:81)
	at com.kms.katalon.core.keyword.builtin.CallTestCaseKeyword.execute(CallTestCaseKeyword.groovy:44)
	at com.kms.katalon.core.keyword.internal.KeywordExecutor.executeKeywordForPlatform(KeywordExecutor.groovy:73)
	at com.kms.katalon.core.keyword.BuiltinKeywords.callTestCase(BuiltinKeywords.groovy:334)
	at 002 - Risk Profile analysis.run(002 - Risk Profile analysis:22)
	at com.kms.katalon.core.main.ScriptEngine.run(ScriptEngine.java:194)
	at com.kms.katalon.core.main.ScriptEngine.runScriptAsRawText(ScriptEngine.java:119)
	at com.kms.katalon.core.main.TestCaseExecutor.runScript(TestCaseExecutor.java:398)
	at com.kms.katalon.core.main.TestCaseExecutor.doExecute(TestCaseExecutor.java:389)
	at com.kms.katalon.core.main.TestCaseExecutor.processExecutionPhase(TestCaseExecutor.java:368)
	at com.kms.katalon.core.main.TestCaseExecutor.accessMainPhase(TestCaseExecutor.java:360)
	at com.kms.katalon.core.main.TestCaseExecutor.execute(TestCaseExecutor.java:255)
	at com.kms.katalon.core.main.TestSuiteExecutor.accessTestCaseMainPhase(TestSuiteExecutor.java:203)
	at com.kms.katalon.core.main.TestSuiteExecutor.accessTestSuiteMainPhase(TestSuiteExecutor.java:152)
	at com.kms.katalon.core.main.TestSuiteExecutor.execute(TestSuiteExecutor.java:95)
	at com.kms.katalon.core.main.TestCaseMain.startTestSuite(TestCaseMain.java:157)
	at com.kms.katalon.core.main.TestCaseMain$startTestSuite$0.call(Unknown Source)
	at TempTestSuite1640227920096.run(TempTestSuite1640227920096.groovy:39)
)
[[ATTACHMENT|C:\\Users\\Owner\\Documents\\kerjaan\\KatalonProject\\qa_katalon_pwm\\qa_katalon_pwm\\Reports\\20211223_095148\\navigationmenu\\20211223_095200\\1640228792897.png]]

2021-12-23 10:06:33 - [TEST_STEP][PASSED] - catch (Exception e): null

2021-12-23 10:06:33 - [TEST_STEP][PASSED] - rand = new java.util.Random(): null

2021-12-23 10:06:33 - [TEST_STEP][PASSED] - random = rand.nextInt(2): null

2021-12-23 10:06:33 - [TEST_STEP][PASSED] - positionclick.positionclick.clickButtonInBottom(findTestObject("Mobile/Page/NavigationMenu/Risk Profile/Dropdown - How Long")): positionclick.positionclick.clickButtonInBottom is PASSED

2021-12-23 10:06:33 - [MESSAGE][PASSED] - Current device physical width is 720

2021-12-23 10:06:33 - [MESSAGE][WARNING] - Timeout '0' is invalid. Using default page load timeout: '60'

2021-12-23 10:06:34 - [MESSAGE][PASSED] - Object 'Object Repository/Mobile/Page/NavigationMenu/Risk Profile/Dropdown - How Long' has top position '151'

2021-12-23 10:06:34 - [MESSAGE][WARNING] - Timeout '0' is invalid. Using default page load timeout: '60'

2021-12-23 10:06:34 - [MESSAGE][PASSED] - Object 'Object Repository/Mobile/Page/NavigationMenu/Risk Profile/Dropdown - How Long' has height: '126'

2021-12-23 10:06:35 - [MESSAGE][PASSED] - Tapped at [360, 251]

2021-12-23 10:06:35 - [MESSAGE][PASSED] - positionclick.positionclick.clickButtonInBottom is PASSED

2021-12-23 10:06:35 - [TEST_STEP][PASSED] - delay(1): Delayed 1 second(s)

2021-12-23 10:06:36 - [MESSAGE][PASSED] - Delayed 1 second(s)

2021-12-23 10:06:36 - [TEST_STEP][PASSED] - if (random == 0): Tapped on element 'Object Repository/Mobile/Page/NavigationMenu/Risk Profile/Option How Long - 1 to 3'

2021-12-23 10:06:36 - [MESSAGE][WARNING] - Timeout '0' is invalid. Using default page load timeout: '60'

2021-12-23 10:06:37 - [MESSAGE][PASSED] - Tapped on element 'Object Repository/Mobile/Page/NavigationMenu/Risk Profile/Option How Long - 1 to 3'

2021-12-23 10:06:37 - [TEST_STEP][PASSED] - delay(1): Delayed 1 second(s)

2021-12-23 10:06:38 - [MESSAGE][PASSED] - Delayed 1 second(s)

2021-12-23 10:06:38 - [TEST_STEP][PASSED] - random = rand.nextInt(2): null

2021-12-23 10:06:38 - [TEST_STEP][PASSED] - positionclick.positionclick.clickButtonInBottom(findTestObject("Mobile/Page/NavigationMenu/Risk Profile/Dropdown - Investment Goal")): positionclick.positionclick.clickButtonInBottom is PASSED

2021-12-23 10:06:38 - [MESSAGE][PASSED] - Current device physical width is 720

2021-12-23 10:06:38 - [MESSAGE][WARNING] - Timeout '0' is invalid. Using default page load timeout: '60'

2021-12-23 10:06:38 - [MESSAGE][PASSED] - Object 'Object Repository/Mobile/Page/NavigationMenu/Risk Profile/Dropdown - Investment Goal' has top position '303'

2021-12-23 10:06:38 - [MESSAGE][WARNING] - Timeout '0' is invalid. Using default page load timeout: '60'

2021-12-23 10:06:39 - [MESSAGE][PASSED] - Object 'Object Repository/Mobile/Page/NavigationMenu/Risk Profile/Dropdown - Investment Goal' has height: '126'

2021-12-23 10:06:40 - [MESSAGE][PASSED] - Tapped at [360, 403]

2021-12-23 10:06:40 - [MESSAGE][PASSED] - positionclick.positionclick.clickButtonInBottom is PASSED

2021-12-23 10:06:40 - [TEST_STEP][PASSED] - delay(1): Delayed 1 second(s)

2021-12-23 10:06:41 - [MESSAGE][PASSED] - Delayed 1 second(s)

2021-12-23 10:06:41 - [TEST_STEP][PASSED] - if (random == 0): null

2021-12-23 10:06:41 - [TEST_STEP][PASSED] - else: Tapped on element 'Object Repository/Mobile/Page/NavigationMenu/Risk Profile/Option Investment Goal - Profit'

2021-12-23 10:06:41 - [TEST_STEP][PASSED] - tap(findTestObject("Mobile/Page/NavigationMenu/Risk Profile/Option Investment Goal - Profit"), 0): Tapped on element 'Object Repository/Mobile/Page/NavigationMenu/Risk Profile/Option Investment Goal - Profit'

2021-12-23 10:06:41 - [MESSAGE][WARNING] - Timeout '0' is invalid. Using default page load timeout: '60'

2021-12-23 10:06:42 - [MESSAGE][PASSED] - Tapped on element 'Object Repository/Mobile/Page/NavigationMenu/Risk Profile/Option Investment Goal - Profit'

2021-12-23 10:06:42 - [TEST_STEP][PASSED] - delay(1): Delayed 1 second(s)

2021-12-23 10:06:43 - [MESSAGE][PASSED] - Delayed 1 second(s)

2021-12-23 10:06:43 - [TEST_STEP][PASSED] - random = rand.nextInt(2): null

2021-12-23 10:06:43 - [TEST_STEP][PASSED] - positionclick.positionclick.clickButtonInBottom(findTestObject("Mobile/Page/NavigationMenu/Risk Profile/Dropdown - General Knowledge")): positionclick.positionclick.clickButtonInBottom is PASSED

2021-12-23 10:06:43 - [MESSAGE][PASSED] - Current device physical width is 720

2021-12-23 10:06:43 - [MESSAGE][WARNING] - Timeout '0' is invalid. Using default page load timeout: '60'

2021-12-23 10:06:43 - [MESSAGE][PASSED] - Object 'Object Repository/Mobile/Page/NavigationMenu/Risk Profile/Dropdown - General Knowledge' has top position '456'

2021-12-23 10:06:43 - [MESSAGE][WARNING] - Timeout '0' is invalid. Using default page load timeout: '60'

2021-12-23 10:06:43 - [MESSAGE][PASSED] - Object 'Object Repository/Mobile/Page/NavigationMenu/Risk Profile/Dropdown - General Knowledge' has height: '126'

2021-12-23 10:06:44 - [MESSAGE][PASSED] - Tapped at [360, 556]

2021-12-23 10:06:44 - [MESSAGE][PASSED] - positionclick.positionclick.clickButtonInBottom is PASSED

2021-12-23 10:06:44 - [TEST_STEP][PASSED] - delay(1): Delayed 1 second(s)

2021-12-23 10:06:45 - [MESSAGE][PASSED] - Delayed 1 second(s)

2021-12-23 10:06:45 - [TEST_STEP][PASSED] - if (random == 0): null

2021-12-23 10:06:45 - [TEST_STEP][PASSED] - else: Tapped on element 'Object Repository/Mobile/Page/NavigationMenu/Risk Profile/Option General Knowledge - Quite Good'

2021-12-23 10:06:45 - [TEST_STEP][PASSED] - tap(findTestObject("Mobile/Page/NavigationMenu/Risk Profile/Option General Knowledge - Quite Good"), 0): Tapped on element 'Object Repository/Mobile/Page/NavigationMenu/Risk Profile/Option General Knowledge - Quite Good'

2021-12-23 10:06:45 - [MESSAGE][WARNING] - Timeout '0' is invalid. Using default page load timeout: '60'

2021-12-23 10:06:45 - [MESSAGE][PASSED] - Tapped on element 'Object Repository/Mobile/Page/NavigationMenu/Risk Profile/Option General Knowledge - Quite Good'

2021-12-23 10:06:45 - [TEST_STEP][PASSED] - delay(1): Delayed 1 second(s)

2021-12-23 10:06:46 - [MESSAGE][PASSED] - Delayed 1 second(s)

2021-12-23 10:06:46 - [TEST_STEP][PASSED] - random = rand.nextInt(2): null

2021-12-23 10:06:46 - [TEST_STEP][PASSED] - positionclick.positionclick.clickButtonInBottom(findTestObject("Mobile/Page/NavigationMenu/Risk Profile/Dropdown - Total Amount")): positionclick.positionclick.clickButtonInBottom is PASSED

2021-12-23 10:06:46 - [MESSAGE][PASSED] - Current device physical width is 720

2021-12-23 10:06:46 - [MESSAGE][WARNING] - Timeout '0' is invalid. Using default page load timeout: '60'

2021-12-23 10:06:47 - [MESSAGE][PASSED] - Object 'Object Repository/Mobile/Page/NavigationMenu/Risk Profile/Dropdown - Total Amount' has top position '608'

2021-12-23 10:06:47 - [MESSAGE][WARNING] - Timeout '0' is invalid. Using default page load timeout: '60'

2021-12-23 10:06:47 - [MESSAGE][PASSED] - Object 'Object Repository/Mobile/Page/NavigationMenu/Risk Profile/Dropdown - Total Amount' has height: '126'

2021-12-23 10:06:48 - [MESSAGE][PASSED] - Tapped at [360, 708]

2021-12-23 10:06:48 - [MESSAGE][PASSED] - positionclick.positionclick.clickButtonInBottom is PASSED

2021-12-23 10:06:48 - [TEST_STEP][PASSED] - delay(1): Delayed 1 second(s)

2021-12-23 10:06:49 - [MESSAGE][PASSED] - Delayed 1 second(s)

2021-12-23 10:06:49 - [TEST_STEP][PASSED] - if (random == 0): Tapped on element 'Object Repository/Mobile/Page/NavigationMenu/Risk Profile/Option Total Amount - Between 10 and 20'

2021-12-23 10:06:49 - [MESSAGE][WARNING] - Timeout '0' is invalid. Using default page load timeout: '60'

2021-12-23 10:06:49 - [MESSAGE][PASSED] - Tapped on element 'Object Repository/Mobile/Page/NavigationMenu/Risk Profile/Option Total Amount - Between 10 and 20'

2021-12-23 10:06:49 - [TEST_STEP][PASSED] - delay(1): Delayed 1 second(s)

2021-12-23 10:06:50 - [MESSAGE][PASSED] - Delayed 1 second(s)

2021-12-23 10:06:50 - [TEST_STEP][PASSED] - random = rand.nextInt(2): null

2021-12-23 10:06:50 - [TEST_STEP][PASSED] - positionclick.positionclick.clickButtonInBottom(findTestObject("Mobile/Page/NavigationMenu/Risk Profile/Dropdown - Investment Goal")): positionclick.positionclick.clickButtonInBottom is PASSED

2021-12-23 10:06:51 - [MESSAGE][PASSED] - Current device physical width is 720

2021-12-23 10:06:51 - [MESSAGE][WARNING] - Timeout '0' is invalid. Using default page load timeout: '60'

2021-12-23 10:06:51 - [MESSAGE][PASSED] - Object 'Object Repository/Mobile/Page/NavigationMenu/Risk Profile/Dropdown - Investment Goal' has top position '303'

2021-12-23 10:06:51 - [MESSAGE][WARNING] - Timeout '0' is invalid. Using default page load timeout: '60'

2021-12-23 10:06:51 - [MESSAGE][PASSED] - Object 'Object Repository/Mobile/Page/NavigationMenu/Risk Profile/Dropdown - Investment Goal' has height: '126'

2021-12-23 10:06:52 - [MESSAGE][PASSED] - Tapped at [360, 403]

2021-12-23 10:06:52 - [MESSAGE][PASSED] - positionclick.positionclick.clickButtonInBottom is PASSED

2021-12-23 10:06:52 - [TEST_STEP][PASSED] - delay(1): Delayed 1 second(s)

2021-12-23 10:06:53 - [MESSAGE][PASSED] - Delayed 1 second(s)

2021-12-23 10:06:53 - [TEST_STEP][PASSED] - if (random == 0): Tapped on element 'Object Repository/Mobile/Page/NavigationMenu/Risk Profile/Option Risk Level - Low'

2021-12-23 10:06:53 - [MESSAGE][WARNING] - Timeout '0' is invalid. Using default page load timeout: '60'

2021-12-23 10:06:53 - [MESSAGE][PASSED] - Tapped on element 'Object Repository/Mobile/Page/NavigationMenu/Risk Profile/Option Risk Level - Low'

2021-12-23 10:06:53 - [TEST_STEP][PASSED] - delay(1): Delayed 1 second(s)

2021-12-23 10:06:54 - [MESSAGE][PASSED] - Delayed 1 second(s)

2021-12-23 10:06:54 - [TEST_STEP][PASSED] - random = rand.nextInt(2): null

2021-12-23 10:06:54 - [TEST_STEP][PASSED] - positionclick.positionclick.clickButtonInBottom(findTestObject("Mobile/Page/NavigationMenu/Risk Profile/Dropdown - Best Suited")): positionclick.positionclick.clickButtonInBottom is PASSED

2021-12-23 10:06:55 - [MESSAGE][PASSED] - Current device physical width is 720

2021-12-23 10:06:55 - [MESSAGE][WARNING] - Timeout '0' is invalid. Using default page load timeout: '60'

2021-12-23 10:06:55 - [MESSAGE][PASSED] - Object 'Object Repository/Mobile/Page/NavigationMenu/Risk Profile/Dropdown - Best Suited' has top position '912'

2021-12-23 10:06:55 - [MESSAGE][WARNING] - Timeout '0' is invalid. Using default page load timeout: '60'

2021-12-23 10:06:55 - [MESSAGE][PASSED] - Object 'Object Repository/Mobile/Page/NavigationMenu/Risk Profile/Dropdown - Best Suited' has height: '154'

2021-12-23 10:06:55 - [MESSAGE][PASSED] - Tapped at [360, 1,035]

2021-12-23 10:06:55 - [MESSAGE][PASSED] - positionclick.positionclick.clickButtonInBottom is PASSED

2021-12-23 10:06:55 - [TEST_STEP][PASSED] - delay(1): Delayed 1 second(s)

2021-12-23 10:06:56 - [MESSAGE][PASSED] - Delayed 1 second(s)

2021-12-23 10:06:56 - [TEST_STEP][PASSED] - if (random == 0): null

2021-12-23 10:06:56 - [TEST_STEP][PASSED] - else: Tapped on element 'Object Repository/Mobile/Page/NavigationMenu/Risk Profile/Option Best Suited - Security Deposit'

2021-12-23 10:06:56 - [TEST_STEP][PASSED] - tap(findTestObject("Mobile/Page/NavigationMenu/Risk Profile/Option Best Suited - Security Deposit"), 0): Tapped on element 'Object Repository/Mobile/Page/NavigationMenu/Risk Profile/Option Best Suited - Security Deposit'

2021-12-23 10:06:56 - [MESSAGE][WARNING] - Timeout '0' is invalid. Using default page load timeout: '60'

2021-12-23 10:06:58 - [MESSAGE][PASSED] - Tapped on element 'Object Repository/Mobile/Page/NavigationMenu/Risk Profile/Option Best Suited - Security Deposit'

2021-12-23 10:06:58 - [TEST_STEP][PASSED] - delay(1): Delayed 1 second(s)

2021-12-23 10:06:59 - [MESSAGE][PASSED] - Delayed 1 second(s)

2021-12-23 10:06:59 - [TEST_STEP][PASSED] - tap(findTestObject("Mobile/Page/NavigationMenu/Risk Profile/Button - Calculate Risk Profile"), 0): Tapped on element 'Object Repository/Mobile/Page/NavigationMenu/Risk Profile/Button - Calculate Risk Profile'

2021-12-23 10:06:59 - [MESSAGE][WARNING] - Timeout '0' is invalid. Using default page load timeout: '60'

2021-12-23 10:07:00 - [MESSAGE][PASSED] - Tapped on element 'Object Repository/Mobile/Page/NavigationMenu/Risk Profile/Button - Calculate Risk Profile'

2021-12-23 10:07:00 - [TEST_STEP][PASSED] - delay(1): Delayed 1 second(s)

2021-12-23 10:07:01 - [MESSAGE][PASSED] - Delayed 1 second(s)

2021-12-23 10:07:01 - [TEST_STEP][PASSED] - pressBack(): Press back button successfully

2021-12-23 10:07:01 - [MESSAGE][PASSED] - Press back button successfully

2021-12-23 10:07:01 - [MESSAGE][PASSED] - Call Test Case 'Test Cases/Mobile/Page/NavigationMenu/NavigationMenu' successfully

2021-12-23 10:07:01 - [TEST_STEP][PASSED] - callTestCase(findTestCase("Mobile/Page/Run App/Terminate App"), [:], STOP_ON_FAILURE): Call Test Case 'Test Cases/Mobile/Page/Run App/Terminate App' successfully

2021-12-23 10:07:01 - [TEST_CASE][PASSED] - Test Cases/Mobile/Page/Run App/Terminate App: Test Cases/Mobile/Page/Run App/Terminate App

2021-12-23 10:07:01 - [TEST_STEP][PASSED] - startApp.OpenApp.terminateApplication(): startApp.OpenApp.terminateApplication is PASSED

2021-12-23 10:07:05 - [MESSAGE][PASSED] - Delayed 3 second(s)

2021-12-23 10:07:06 - [MESSAGE][PASSED] - Current device physical width is 720

2021-12-23 10:07:06 - [MESSAGE][PASSED] - Current device physical height is 1423

2021-12-23 10:07:09 - [MESSAGE][PASSED] - Swiped from 360,853 to 360,142

2021-12-23 10:07:10 - [MESSAGE][PASSED] - Delayed 1 second(s)

2021-12-23 10:07:11 - [MESSAGE][PASSED] - Swiped from 360,853 to 360,142

2021-12-23 10:07:14 - [MESSAGE][PASSED] - Delayed 3 second(s)

2021-12-23 10:07:14 - [MESSAGE][PASSED] - startApp.OpenApp.terminateApplication is PASSED

2021-12-23 10:07:14 - [MESSAGE][PASSED] - Call Test Case 'Test Cases/Mobile/Page/Run App/Terminate App' successfully]]></system-out>
         <system-err><![CDATA[]]></system-err>
      </testcase>
      <testcase name="Test Cases/Mobile/Scenario/NavigationMenu/003 - Whatsapp message" time="75.234" classname="Test Cases/Mobile/Scenario/NavigationMenu/003 - Whatsapp message" status="PASSED">
         <system-out><![CDATA[2021-12-23 10:07:14 - [TEST_CASE][PASSED] - Test Cases/Mobile/Scenario/NavigationMenu/003 - Whatsapp message: Test Cases/Mobile/Scenario/NavigationMenu/003 - Whatsapp message

2021-12-23 10:07:14 - [TEST_STEP][PASSED] - callTestCase(findTestCase("Mobile/Page/Run App/Run App byID"), [:], STOP_ON_FAILURE): Call Test Case 'Test Cases/Mobile/Page/Run App/Run App byID' successfully

2021-12-23 10:07:14 - [TEST_CASE][PASSED] - Test Cases/Mobile/Page/Run App/Run App byID: Test Cases/Mobile/Page/Run App/Run App byID

2021-12-23 10:07:14 - [TEST_STEP][PASSED] - startApp.OpenApp.startApplication("id.co.miraeasset.sageclub"): startApp.OpenApp.startApplication is PASSED

2021-12-23 10:07:31 - [MESSAGE][PASSED] - Starting app with application ID: 'id.co.miraeasset.sageclub'

2021-12-23 10:07:31 - [MESSAGE][PASSED] - startApp.OpenApp.startApplication is PASSED

2021-12-23 10:07:31 - [MESSAGE][PASSED] - Call Test Case 'Test Cases/Mobile/Page/Run App/Run App byID' successfully

2021-12-23 10:07:31 - [TEST_STEP][PASSED] - callTestCase(findTestCase("Mobile/Page/NavigationMenu/NavigationMenu"), ["action":"wa"], CONTINUE_ON_FAILURE): Call Test Case 'Test Cases/Mobile/Page/NavigationMenu/NavigationMenu' successfully

2021-12-23 10:07:31 - [TEST_CASE][PASSED] - Test Cases/Mobile/Page/NavigationMenu/NavigationMenu: Test Cases/Mobile/Page/NavigationMenu/NavigationMenu

2021-12-23 10:07:32 - [TEST_STEP][PASSED] - callTestCase(findTestCase("Mobile/Page/CheckLogin"), [:], CONTINUE_ON_FAILURE): Call Test Case 'Test Cases/Mobile/Page/CheckLogin' successfully

2021-12-23 10:07:32 - [TEST_CASE][PASSED] - Test Cases/Mobile/Page/CheckLogin: Test Cases/Mobile/Page/CheckLogin

2021-12-23 10:07:32 - [TEST_STEP][PASSED] - loginCheck = verifyElementExist(findTestObject("Mobile/Page/Login/Button - Login"), 5, CONTINUE_ON_FAILURE): Element 'Object Repository/Mobile/Page/Login/Button - Login' is exist

2021-12-23 10:07:34 - [MESSAGE][PASSED] - Element 'Object Repository/Mobile/Page/Login/Button - Login' is exist

2021-12-23 10:07:34 - [TEST_STEP][PASSED] - if (loginCheck): Call Test Case 'Test Cases/Mobile/Page/Login/Login' successfully

2021-12-23 10:07:34 - [TEST_STEP][PASSED] - callTestCase(findTestCase("Mobile/Page/Login/Login"), [:], CONTINUE_ON_FAILURE): Call Test Case 'Test Cases/Mobile/Page/Login/Login' successfully

2021-12-23 10:07:34 - [TEST_CASE][PASSED] - Test Cases/Mobile/Page/Login/Login: Test Cases/Mobile/Page/Login/Login

2021-12-23 10:07:34 - [TEST_STEP][PASSED] - delay(2): Delayed 2 second(s)

2021-12-23 10:07:36 - [MESSAGE][PASSED] - Delayed 2 second(s)

2021-12-23 10:07:36 - [TEST_STEP][PASSED] - tap(findTestObject("Mobile/Page/Login/Input - UserID"), 0): Tapped on element 'Object Repository/Mobile/Page/Login/Input - UserID'

2021-12-23 10:07:37 - [MESSAGE][WARNING] - Timeout '0' is invalid. Using default page load timeout: '60'

2021-12-23 10:07:37 - [MESSAGE][PASSED] - Tapped on element 'Object Repository/Mobile/Page/Login/Input - UserID'

2021-12-23 10:07:37 - [TEST_STEP][PASSED] - delay(1): Delayed 1 second(s)

2021-12-23 10:07:38 - [MESSAGE][PASSED] - Delayed 1 second(s)

2021-12-23 10:07:38 - [TEST_STEP][PASSED] - setText(findTestObject("Mobile/Page/Login/Input Rdy - UserID"), "anggaaditya", 0): Text 'anggaaditya' has been set to element 'Object Repository/Mobile/Page/Login/Input Rdy - UserID'

2021-12-23 10:07:38 - [MESSAGE][WARNING] - Timeout '0' is invalid. Using default page load timeout: '60'

2021-12-23 10:07:40 - [MESSAGE][PASSED] - Text 'anggaaditya' has been set to element 'Object Repository/Mobile/Page/Login/Input Rdy - UserID'

2021-12-23 10:07:40 - [TEST_STEP][PASSED] - delay(1): Delayed 1 second(s)

2021-12-23 10:07:41 - [MESSAGE][PASSED] - Delayed 1 second(s)

2021-12-23 10:07:41 - [TEST_STEP][PASSED] - hideKeyboard(): Keyboard is hidden

2021-12-23 10:07:46 - [MESSAGE][PASSED] - Keyboard is hidden

2021-12-23 10:07:46 - [TEST_STEP][PASSED] - tap(findTestObject("Mobile/Page/Login/Input - Password"), 0): Tapped on element 'Object Repository/Mobile/Page/Login/Input - Password'

2021-12-23 10:07:46 - [MESSAGE][WARNING] - Timeout '0' is invalid. Using default page load timeout: '60'

2021-12-23 10:07:47 - [MESSAGE][PASSED] - Tapped on element 'Object Repository/Mobile/Page/Login/Input - Password'

2021-12-23 10:07:47 - [TEST_STEP][PASSED] - delay(1): Delayed 1 second(s)

2021-12-23 10:07:48 - [MESSAGE][PASSED] - Delayed 1 second(s)

2021-12-23 10:07:48 - [TEST_STEP][PASSED] - setText(findTestObject("Mobile/Page/Login/Input Rdy - Password"), "Shalawa18", 0): Text 'Shalawa18' has been set to element 'Object Repository/Mobile/Page/Login/Input Rdy - Password'

2021-12-23 10:07:48 - [MESSAGE][WARNING] - Timeout '0' is invalid. Using default page load timeout: '60'

2021-12-23 10:07:48 - [MESSAGE][PASSED] - Text 'Shalawa18' has been set to element 'Object Repository/Mobile/Page/Login/Input Rdy - Password'

2021-12-23 10:07:48 - [TEST_STEP][PASSED] - delay(1): Delayed 1 second(s)

2021-12-23 10:07:49 - [MESSAGE][PASSED] - Delayed 1 second(s)

2021-12-23 10:07:49 - [TEST_STEP][PASSED] - hideKeyboard(): Keyboard is hidden

2021-12-23 10:07:57 - [MESSAGE][PASSED] - Keyboard is hidden

2021-12-23 10:07:57 - [TEST_STEP][PASSED] - tap(findTestObject("Mobile/Page/Login/Button - Login"), 0): Tapped on element 'Object Repository/Mobile/Page/Login/Button - Login'

2021-12-23 10:07:57 - [MESSAGE][WARNING] - Timeout '0' is invalid. Using default page load timeout: '60'

2021-12-23 10:07:58 - [MESSAGE][PASSED] - Tapped on element 'Object Repository/Mobile/Page/Login/Button - Login'

2021-12-23 10:07:58 - [TEST_STEP][PASSED] - delay(2): Delayed 2 second(s)

2021-12-23 10:08:00 - [MESSAGE][PASSED] - Delayed 2 second(s)

2021-12-23 10:08:00 - [MESSAGE][PASSED] - Call Test Case 'Test Cases/Mobile/Page/Login/Login' successfully

2021-12-23 10:08:00 - [MESSAGE][PASSED] - Call Test Case 'Test Cases/Mobile/Page/CheckLogin' successfully

2021-12-23 10:08:00 - [TEST_STEP][PASSED] - delay(3): Delayed 3 second(s)

2021-12-23 10:08:03 - [MESSAGE][PASSED] - Delayed 3 second(s)

2021-12-23 10:08:03 - [TEST_STEP][PASSED] - scroll.scroll.scrollScreenLeftToRight(): scroll.scroll.scrollScreenLeftToRight is PASSED

2021-12-23 10:08:03 - [MESSAGE][PASSED] - Current device physical height is 1423

2021-12-23 10:08:03 - [MESSAGE][PASSED] - Current device physical width is 720

2021-12-23 10:08:04 - [MESSAGE][PASSED] - Current device physical height is 1423

2021-12-23 10:08:05 - [MESSAGE][PASSED] - Swiped from 10,711 to 710,711

2021-12-23 10:08:05 - [MESSAGE][PASSED] - scroll.scroll.scrollScreenLeftToRight is PASSED

2021-12-23 10:08:05 - [TEST_STEP][PASSED] - delay(1): Delayed 1 second(s)

2021-12-23 10:08:06 - [MESSAGE][PASSED] - Delayed 1 second(s)

2021-12-23 10:08:06 - [TEST_STEP][PASSED] - for ([i = 0, i < 1, (i++)]): Delayed 2 second(s)

2021-12-23 10:08:06 - [TEST_STEP][PASSED] - if (action == "downloadtaxreport"): null

2021-12-23 10:08:06 - [TEST_STEP][PASSED] - else if (action == "analyzeprofile"): null

2021-12-23 10:08:06 - [TEST_STEP][PASSED] - else if (action == "wa"): Delayed 2 second(s)

2021-12-23 10:08:06 - [TEST_STEP][PASSED] - tap(findTestObject("Mobile/Page/NavigationMenu/Button - Whatsapp"), 0): Tapped on element 'Object Repository/Mobile/Page/NavigationMenu/Button - Whatsapp'

2021-12-23 10:08:06 - [MESSAGE][WARNING] - Timeout '0' is invalid. Using default page load timeout: '60'

2021-12-23 10:08:07 - [MESSAGE][PASSED] - Tapped on element 'Object Repository/Mobile/Page/NavigationMenu/Button - Whatsapp'

2021-12-23 10:08:07 - [TEST_STEP][PASSED] - delay(2): Delayed 2 second(s)

2021-12-23 10:08:09 - [MESSAGE][PASSED] - Delayed 2 second(s)

2021-12-23 10:08:09 - [MESSAGE][PASSED] - Call Test Case 'Test Cases/Mobile/Page/NavigationMenu/NavigationMenu' successfully

2021-12-23 10:08:09 - [TEST_STEP][PASSED] - callTestCase(findTestCase("Mobile/Page/Run App/Terminate App"), [:], STOP_ON_FAILURE): Call Test Case 'Test Cases/Mobile/Page/Run App/Terminate App' successfully

2021-12-23 10:08:09 - [TEST_CASE][PASSED] - Test Cases/Mobile/Page/Run App/Terminate App: Test Cases/Mobile/Page/Run App/Terminate App

2021-12-23 10:08:09 - [TEST_STEP][PASSED] - startApp.OpenApp.terminateApplication(): startApp.OpenApp.terminateApplication is PASSED

2021-12-23 10:08:12 - [MESSAGE][PASSED] - Delayed 3 second(s)

2021-12-23 10:08:12 - [MESSAGE][PASSED] - Current device physical width is 720

2021-12-23 10:08:12 - [MESSAGE][PASSED] - Current device physical height is 1423

2021-12-23 10:08:14 - [MESSAGE][PASSED] - Swiped from 360,853 to 360,142

2021-12-23 10:08:15 - [MESSAGE][PASSED] - Delayed 1 second(s)

2021-12-23 10:08:16 - [MESSAGE][PASSED] - Swiped from 360,853 to 360,142

2021-12-23 10:08:19 - [MESSAGE][PASSED] - Delayed 3 second(s)

2021-12-23 10:08:19 - [MESSAGE][PASSED] - startApp.OpenApp.terminateApplication is PASSED

2021-12-23 10:08:19 - [MESSAGE][PASSED] - Call Test Case 'Test Cases/Mobile/Page/Run App/Terminate App' successfully

2021-12-23 10:08:19 - [TEST_STEP][PASSED] - callTestCase(findTestCase("Mobile/Page/Run App/Terminate App"), [:], STOP_ON_FAILURE): Call Test Case 'Test Cases/Mobile/Page/Run App/Terminate App' successfully

2021-12-23 10:08:19 - [TEST_CASE][PASSED] - Test Cases/Mobile/Page/Run App/Terminate App: Test Cases/Mobile/Page/Run App/Terminate App

2021-12-23 10:08:19 - [TEST_STEP][PASSED] - startApp.OpenApp.terminateApplication(): startApp.OpenApp.terminateApplication is PASSED

2021-12-23 10:08:22 - [MESSAGE][PASSED] - Delayed 3 second(s)

2021-12-23 10:08:22 - [MESSAGE][PASSED] - Current device physical width is 720

2021-12-23 10:08:23 - [MESSAGE][PASSED] - Current device physical height is 1423

2021-12-23 10:08:24 - [MESSAGE][PASSED] - Swiped from 360,853 to 360,142

2021-12-23 10:08:25 - [MESSAGE][PASSED] - Delayed 1 second(s)

2021-12-23 10:08:26 - [MESSAGE][PASSED] - Swiped from 360,853 to 360,142

2021-12-23 10:08:29 - [MESSAGE][PASSED] - Delayed 3 second(s)

2021-12-23 10:08:29 - [MESSAGE][PASSED] - startApp.OpenApp.terminateApplication is PASSED

2021-12-23 10:08:29 - [MESSAGE][PASSED] - Call Test Case 'Test Cases/Mobile/Page/Run App/Terminate App' successfully]]></system-out>
         <system-err><![CDATA[]]></system-err>
      </testcase>
      <testcase name="Test Cases/Mobile/Scenario/NavigationMenu/004 - Email button" time="69.859" classname="Test Cases/Mobile/Scenario/NavigationMenu/004 - Email button" status="PASSED">
         <system-out><![CDATA[2021-12-23 10:08:29 - [TEST_CASE][PASSED] - Test Cases/Mobile/Scenario/NavigationMenu/004 - Email button: Test Cases/Mobile/Scenario/NavigationMenu/004 - Email button

2021-12-23 10:08:29 - [TEST_STEP][PASSED] - callTestCase(findTestCase("Mobile/Page/Run App/Run App byID"), [:], STOP_ON_FAILURE): Call Test Case 'Test Cases/Mobile/Page/Run App/Run App byID' successfully

2021-12-23 10:08:29 - [TEST_CASE][PASSED] - Test Cases/Mobile/Page/Run App/Run App byID: Test Cases/Mobile/Page/Run App/Run App byID

2021-12-23 10:08:29 - [TEST_STEP][PASSED] - startApp.OpenApp.startApplication("id.co.miraeasset.sageclub"): startApp.OpenApp.startApplication is PASSED

2021-12-23 10:08:43 - [MESSAGE][PASSED] - Starting app with application ID: 'id.co.miraeasset.sageclub'

2021-12-23 10:08:43 - [MESSAGE][PASSED] - startApp.OpenApp.startApplication is PASSED

2021-12-23 10:08:43 - [MESSAGE][PASSED] - Call Test Case 'Test Cases/Mobile/Page/Run App/Run App byID' successfully

2021-12-23 10:08:43 - [TEST_STEP][PASSED] - callTestCase(findTestCase("Mobile/Page/NavigationMenu/NavigationMenu"), ["action":"email"], CONTINUE_ON_FAILURE): Call Test Case 'Test Cases/Mobile/Page/NavigationMenu/NavigationMenu' successfully

2021-12-23 10:08:44 - [TEST_CASE][PASSED] - Test Cases/Mobile/Page/NavigationMenu/NavigationMenu: Test Cases/Mobile/Page/NavigationMenu/NavigationMenu

2021-12-23 10:08:44 - [TEST_STEP][PASSED] - callTestCase(findTestCase("Mobile/Page/CheckLogin"), [:], CONTINUE_ON_FAILURE): Call Test Case 'Test Cases/Mobile/Page/CheckLogin' successfully

2021-12-23 10:08:44 - [TEST_CASE][PASSED] - Test Cases/Mobile/Page/CheckLogin: Test Cases/Mobile/Page/CheckLogin

2021-12-23 10:08:44 - [TEST_STEP][PASSED] - loginCheck = verifyElementExist(findTestObject("Mobile/Page/Login/Button - Login"), 5, CONTINUE_ON_FAILURE): Element 'Object Repository/Mobile/Page/Login/Button - Login' is exist

2021-12-23 10:08:45 - [MESSAGE][PASSED] - Element 'Object Repository/Mobile/Page/Login/Button - Login' is exist

2021-12-23 10:08:45 - [TEST_STEP][PASSED] - if (loginCheck): Call Test Case 'Test Cases/Mobile/Page/Login/Login' successfully

2021-12-23 10:08:45 - [TEST_STEP][PASSED] - callTestCase(findTestCase("Mobile/Page/Login/Login"), [:], CONTINUE_ON_FAILURE): Call Test Case 'Test Cases/Mobile/Page/Login/Login' successfully

2021-12-23 10:08:45 - [TEST_CASE][PASSED] - Test Cases/Mobile/Page/Login/Login: Test Cases/Mobile/Page/Login/Login

2021-12-23 10:08:45 - [TEST_STEP][PASSED] - delay(2): Delayed 2 second(s)

2021-12-23 10:08:47 - [MESSAGE][PASSED] - Delayed 2 second(s)

2021-12-23 10:08:47 - [TEST_STEP][PASSED] - tap(findTestObject("Mobile/Page/Login/Input - UserID"), 0): Tapped on element 'Object Repository/Mobile/Page/Login/Input - UserID'

2021-12-23 10:08:47 - [MESSAGE][WARNING] - Timeout '0' is invalid. Using default page load timeout: '60'

2021-12-23 10:08:48 - [MESSAGE][PASSED] - Tapped on element 'Object Repository/Mobile/Page/Login/Input - UserID'

2021-12-23 10:08:48 - [TEST_STEP][PASSED] - delay(1): Delayed 1 second(s)

2021-12-23 10:08:49 - [MESSAGE][PASSED] - Delayed 1 second(s)

2021-12-23 10:08:49 - [TEST_STEP][PASSED] - setText(findTestObject("Mobile/Page/Login/Input Rdy - UserID"), "anggaaditya", 0): Text 'anggaaditya' has been set to element 'Object Repository/Mobile/Page/Login/Input Rdy - UserID'

2021-12-23 10:08:49 - [MESSAGE][WARNING] - Timeout '0' is invalid. Using default page load timeout: '60'

2021-12-23 10:08:50 - [MESSAGE][PASSED] - Text 'anggaaditya' has been set to element 'Object Repository/Mobile/Page/Login/Input Rdy - UserID'

2021-12-23 10:08:50 - [TEST_STEP][PASSED] - delay(1): Delayed 1 second(s)

2021-12-23 10:08:51 - [MESSAGE][PASSED] - Delayed 1 second(s)

2021-12-23 10:08:51 - [TEST_STEP][PASSED] - hideKeyboard(): Keyboard is hidden

2021-12-23 10:08:58 - [MESSAGE][PASSED] - Keyboard is hidden

2021-12-23 10:08:58 - [TEST_STEP][PASSED] - tap(findTestObject("Mobile/Page/Login/Input - Password"), 0): Tapped on element 'Object Repository/Mobile/Page/Login/Input - Password'

2021-12-23 10:08:58 - [MESSAGE][WARNING] - Timeout '0' is invalid. Using default page load timeout: '60'

2021-12-23 10:08:58 - [MESSAGE][PASSED] - Tapped on element 'Object Repository/Mobile/Page/Login/Input - Password'

2021-12-23 10:08:58 - [TEST_STEP][PASSED] - delay(1): Delayed 1 second(s)

2021-12-23 10:08:59 - [MESSAGE][PASSED] - Delayed 1 second(s)

2021-12-23 10:08:59 - [TEST_STEP][PASSED] - setText(findTestObject("Mobile/Page/Login/Input Rdy - Password"), "Shalawa18", 0): Text 'Shalawa18' has been set to element 'Object Repository/Mobile/Page/Login/Input Rdy - Password'

2021-12-23 10:08:59 - [MESSAGE][WARNING] - Timeout '0' is invalid. Using default page load timeout: '60'

2021-12-23 10:09:00 - [MESSAGE][PASSED] - Text 'Shalawa18' has been set to element 'Object Repository/Mobile/Page/Login/Input Rdy - Password'

2021-12-23 10:09:00 - [TEST_STEP][PASSED] - delay(1): Delayed 1 second(s)

2021-12-23 10:09:01 - [MESSAGE][PASSED] - Delayed 1 second(s)

2021-12-23 10:09:01 - [TEST_STEP][PASSED] - hideKeyboard(): Keyboard is hidden

2021-12-23 10:09:08 - [MESSAGE][PASSED] - Keyboard is hidden

2021-12-23 10:09:08 - [TEST_STEP][PASSED] - tap(findTestObject("Mobile/Page/Login/Button - Login"), 0): Tapped on element 'Object Repository/Mobile/Page/Login/Button - Login'

2021-12-23 10:09:08 - [MESSAGE][WARNING] - Timeout '0' is invalid. Using default page load timeout: '60'

2021-12-23 10:09:08 - [MESSAGE][PASSED] - Tapped on element 'Object Repository/Mobile/Page/Login/Button - Login'

2021-12-23 10:09:08 - [TEST_STEP][PASSED] - delay(2): Delayed 2 second(s)

2021-12-23 10:09:10 - [MESSAGE][PASSED] - Delayed 2 second(s)

2021-12-23 10:09:10 - [MESSAGE][PASSED] - Call Test Case 'Test Cases/Mobile/Page/Login/Login' successfully

2021-12-23 10:09:10 - [MESSAGE][PASSED] - Call Test Case 'Test Cases/Mobile/Page/CheckLogin' successfully

2021-12-23 10:09:10 - [TEST_STEP][PASSED] - delay(3): Delayed 3 second(s)

2021-12-23 10:09:13 - [MESSAGE][PASSED] - Delayed 3 second(s)

2021-12-23 10:09:13 - [TEST_STEP][PASSED] - scroll.scroll.scrollScreenLeftToRight(): scroll.scroll.scrollScreenLeftToRight is PASSED

2021-12-23 10:09:14 - [MESSAGE][PASSED] - Current device physical height is 1423

2021-12-23 10:09:14 - [MESSAGE][PASSED] - Current device physical width is 720

2021-12-23 10:09:14 - [MESSAGE][PASSED] - Current device physical height is 1423

2021-12-23 10:09:15 - [MESSAGE][PASSED] - Swiped from 10,711 to 710,711

2021-12-23 10:09:15 - [MESSAGE][PASSED] - scroll.scroll.scrollScreenLeftToRight is PASSED

2021-12-23 10:09:15 - [TEST_STEP][PASSED] - delay(1): Delayed 1 second(s)

2021-12-23 10:09:16 - [MESSAGE][PASSED] - Delayed 1 second(s)

2021-12-23 10:09:16 - [TEST_STEP][PASSED] - for ([i = 0, i < 1, (i++)]): Delayed 2 second(s)

2021-12-23 10:09:16 - [TEST_STEP][PASSED] - if (action == "downloadtaxreport"): null

2021-12-23 10:09:16 - [TEST_STEP][PASSED] - else if (action == "analyzeprofile"): null

2021-12-23 10:09:16 - [TEST_STEP][PASSED] - else if (action == "wa"): null

2021-12-23 10:09:16 - [TEST_STEP][PASSED] - else if (action == "email"): Delayed 2 second(s)

2021-12-23 10:09:16 - [TEST_STEP][PASSED] - tap(findTestObject("Mobile/Page/NavigationMenu/Button - Email"), 0): Tapped on element 'Object Repository/Mobile/Page/NavigationMenu/Button - Email'

2021-12-23 10:09:16 - [MESSAGE][WARNING] - Timeout '0' is invalid. Using default page load timeout: '60'

2021-12-23 10:09:17 - [MESSAGE][PASSED] - Tapped on element 'Object Repository/Mobile/Page/NavigationMenu/Button - Email'

2021-12-23 10:09:17 - [TEST_STEP][PASSED] - delay(2): Delayed 2 second(s)

2021-12-23 10:09:19 - [MESSAGE][PASSED] - Delayed 2 second(s)

2021-12-23 10:09:19 - [MESSAGE][PASSED] - Call Test Case 'Test Cases/Mobile/Page/NavigationMenu/NavigationMenu' successfully

2021-12-23 10:09:19 - [TEST_STEP][PASSED] - callTestCase(findTestCase("Mobile/Page/Run App/Terminate App"), [:], STOP_ON_FAILURE): Call Test Case 'Test Cases/Mobile/Page/Run App/Terminate App' successfully

2021-12-23 10:09:19 - [TEST_CASE][PASSED] - Test Cases/Mobile/Page/Run App/Terminate App: Test Cases/Mobile/Page/Run App/Terminate App

2021-12-23 10:09:19 - [TEST_STEP][PASSED] - startApp.OpenApp.terminateApplication(): startApp.OpenApp.terminateApplication is PASSED

2021-12-23 10:09:22 - [MESSAGE][PASSED] - Delayed 3 second(s)

2021-12-23 10:09:22 - [MESSAGE][PASSED] - Current device physical width is 720

2021-12-23 10:09:22 - [MESSAGE][PASSED] - Current device physical height is 1423

2021-12-23 10:09:24 - [MESSAGE][PASSED] - Swiped from 360,853 to 360,142

2021-12-23 10:09:25 - [MESSAGE][PASSED] - Delayed 1 second(s)

2021-12-23 10:09:26 - [MESSAGE][PASSED] - Swiped from 360,853 to 360,142

2021-12-23 10:09:29 - [MESSAGE][PASSED] - Delayed 3 second(s)

2021-12-23 10:09:29 - [MESSAGE][PASSED] - startApp.OpenApp.terminateApplication is PASSED

2021-12-23 10:09:29 - [MESSAGE][PASSED] - Call Test Case 'Test Cases/Mobile/Page/Run App/Terminate App' successfully

2021-12-23 10:09:29 - [TEST_STEP][PASSED] - callTestCase(findTestCase("Mobile/Page/Run App/Terminate App"), [:], STOP_ON_FAILURE): Call Test Case 'Test Cases/Mobile/Page/Run App/Terminate App' successfully

2021-12-23 10:09:29 - [TEST_CASE][PASSED] - Test Cases/Mobile/Page/Run App/Terminate App: Test Cases/Mobile/Page/Run App/Terminate App

2021-12-23 10:09:29 - [TEST_STEP][PASSED] - startApp.OpenApp.terminateApplication(): startApp.OpenApp.terminateApplication is PASSED

2021-12-23 10:09:32 - [MESSAGE][PASSED] - Delayed 3 second(s)

2021-12-23 10:09:32 - [MESSAGE][PASSED] - Current device physical width is 720

2021-12-23 10:09:33 - [MESSAGE][PASSED] - Current device physical height is 1423

2021-12-23 10:09:34 - [MESSAGE][PASSED] - Swiped from 360,853 to 360,142

2021-12-23 10:09:35 - [MESSAGE][PASSED] - Delayed 1 second(s)

2021-12-23 10:09:36 - [MESSAGE][PASSED] - Swiped from 360,853 to 360,142

2021-12-23 10:09:39 - [MESSAGE][PASSED] - Delayed 3 second(s)

2021-12-23 10:09:39 - [MESSAGE][PASSED] - startApp.OpenApp.terminateApplication is PASSED

2021-12-23 10:09:39 - [MESSAGE][PASSED] - Call Test Case 'Test Cases/Mobile/Page/Run App/Terminate App' successfully]]></system-out>
         <system-err><![CDATA[]]></system-err>
      </testcase>
      <testcase name="Test Cases/Mobile/Scenario/NavigationMenu/005 - Settings" time="97.546" classname="Test Cases/Mobile/Scenario/NavigationMenu/005 - Settings" status="PASSED">
         <system-out><![CDATA[2021-12-23 10:09:39 - [TEST_CASE][PASSED] - Test Cases/Mobile/Scenario/NavigationMenu/005 - Settings: Test Cases/Mobile/Scenario/NavigationMenu/005 - Settings

2021-12-23 10:09:39 - [TEST_STEP][PASSED] - callTestCase(findTestCase("Mobile/Page/Run App/Run App byID"), [:], STOP_ON_FAILURE): Call Test Case 'Test Cases/Mobile/Page/Run App/Run App byID' successfully

2021-12-23 10:09:39 - [TEST_CASE][PASSED] - Test Cases/Mobile/Page/Run App/Run App byID: Test Cases/Mobile/Page/Run App/Run App byID

2021-12-23 10:09:39 - [TEST_STEP][PASSED] - startApp.OpenApp.startApplication("id.co.miraeasset.sageclub"): startApp.OpenApp.startApplication is PASSED

2021-12-23 10:09:52 - [MESSAGE][PASSED] - Starting app with application ID: 'id.co.miraeasset.sageclub'

2021-12-23 10:09:52 - [MESSAGE][PASSED] - startApp.OpenApp.startApplication is PASSED

2021-12-23 10:09:52 - [MESSAGE][PASSED] - Call Test Case 'Test Cases/Mobile/Page/Run App/Run App byID' successfully

2021-12-23 10:09:52 - [TEST_STEP][PASSED] - callTestCase(findTestCase("Mobile/Page/NavigationMenu/NavigationMenu"), ["action":"setting"], CONTINUE_ON_FAILURE): Call Test Case 'Test Cases/Mobile/Page/NavigationMenu/NavigationMenu' successfully

2021-12-23 10:09:52 - [TEST_CASE][PASSED] - Test Cases/Mobile/Page/NavigationMenu/NavigationMenu: Test Cases/Mobile/Page/NavigationMenu/NavigationMenu

2021-12-23 10:09:52 - [TEST_STEP][PASSED] - callTestCase(findTestCase("Mobile/Page/CheckLogin"), [:], CONTINUE_ON_FAILURE): Call Test Case 'Test Cases/Mobile/Page/CheckLogin' successfully

2021-12-23 10:09:52 - [TEST_CASE][PASSED] - Test Cases/Mobile/Page/CheckLogin: Test Cases/Mobile/Page/CheckLogin

2021-12-23 10:09:52 - [TEST_STEP][PASSED] - loginCheck = verifyElementExist(findTestObject("Mobile/Page/Login/Button - Login"), 5, CONTINUE_ON_FAILURE): Element 'Object Repository/Mobile/Page/Login/Button - Login' is exist

2021-12-23 10:09:54 - [MESSAGE][PASSED] - Element 'Object Repository/Mobile/Page/Login/Button - Login' is exist

2021-12-23 10:09:54 - [TEST_STEP][PASSED] - if (loginCheck): Call Test Case 'Test Cases/Mobile/Page/Login/Login' successfully

2021-12-23 10:09:54 - [TEST_STEP][PASSED] - callTestCase(findTestCase("Mobile/Page/Login/Login"), [:], CONTINUE_ON_FAILURE): Call Test Case 'Test Cases/Mobile/Page/Login/Login' successfully

2021-12-23 10:09:54 - [TEST_CASE][PASSED] - Test Cases/Mobile/Page/Login/Login: Test Cases/Mobile/Page/Login/Login

2021-12-23 10:09:54 - [TEST_STEP][PASSED] - delay(2): Delayed 2 second(s)

2021-12-23 10:09:56 - [MESSAGE][PASSED] - Delayed 2 second(s)

2021-12-23 10:09:56 - [TEST_STEP][PASSED] - tap(findTestObject("Mobile/Page/Login/Input - UserID"), 0): Tapped on element 'Object Repository/Mobile/Page/Login/Input - UserID'

2021-12-23 10:09:56 - [MESSAGE][WARNING] - Timeout '0' is invalid. Using default page load timeout: '60'

2021-12-23 10:09:57 - [MESSAGE][PASSED] - Tapped on element 'Object Repository/Mobile/Page/Login/Input - UserID'

2021-12-23 10:09:57 - [TEST_STEP][PASSED] - delay(1): Delayed 1 second(s)

2021-12-23 10:09:58 - [MESSAGE][PASSED] - Delayed 1 second(s)

2021-12-23 10:09:58 - [TEST_STEP][PASSED] - setText(findTestObject("Mobile/Page/Login/Input Rdy - UserID"), "anggaaditya", 0): Text 'anggaaditya' has been set to element 'Object Repository/Mobile/Page/Login/Input Rdy - UserID'

2021-12-23 10:09:58 - [MESSAGE][WARNING] - Timeout '0' is invalid. Using default page load timeout: '60'

2021-12-23 10:09:58 - [MESSAGE][PASSED] - Text 'anggaaditya' has been set to element 'Object Repository/Mobile/Page/Login/Input Rdy - UserID'

2021-12-23 10:09:58 - [TEST_STEP][PASSED] - delay(1): Delayed 1 second(s)

2021-12-23 10:09:59 - [MESSAGE][PASSED] - Delayed 1 second(s)

2021-12-23 10:09:59 - [TEST_STEP][PASSED] - hideKeyboard(): Keyboard is hidden

2021-12-23 10:10:03 - [MESSAGE][PASSED] - Keyboard is hidden

2021-12-23 10:10:03 - [TEST_STEP][PASSED] - tap(findTestObject("Mobile/Page/Login/Input - Password"), 0): Tapped on element 'Object Repository/Mobile/Page/Login/Input - Password'

2021-12-23 10:10:03 - [MESSAGE][WARNING] - Timeout '0' is invalid. Using default page load timeout: '60'

2021-12-23 10:10:04 - [MESSAGE][PASSED] - Tapped on element 'Object Repository/Mobile/Page/Login/Input - Password'

2021-12-23 10:10:04 - [TEST_STEP][PASSED] - delay(1): Delayed 1 second(s)

2021-12-23 10:10:05 - [MESSAGE][PASSED] - Delayed 1 second(s)

2021-12-23 10:10:05 - [TEST_STEP][PASSED] - setText(findTestObject("Mobile/Page/Login/Input Rdy - Password"), "Shalawa18", 0): Text 'Shalawa18' has been set to element 'Object Repository/Mobile/Page/Login/Input Rdy - Password'

2021-12-23 10:10:05 - [MESSAGE][WARNING] - Timeout '0' is invalid. Using default page load timeout: '60'

2021-12-23 10:10:05 - [MESSAGE][PASSED] - Text 'Shalawa18' has been set to element 'Object Repository/Mobile/Page/Login/Input Rdy - Password'

2021-12-23 10:10:05 - [TEST_STEP][PASSED] - delay(1): Delayed 1 second(s)

2021-12-23 10:10:06 - [MESSAGE][PASSED] - Delayed 1 second(s)

2021-12-23 10:10:06 - [TEST_STEP][PASSED] - hideKeyboard(): Keyboard is hidden

2021-12-23 10:10:13 - [MESSAGE][PASSED] - Keyboard is hidden

2021-12-23 10:10:13 - [TEST_STEP][PASSED] - tap(findTestObject("Mobile/Page/Login/Button - Login"), 0): Tapped on element 'Object Repository/Mobile/Page/Login/Button - Login'

2021-12-23 10:10:13 - [MESSAGE][WARNING] - Timeout '0' is invalid. Using default page load timeout: '60'

2021-12-23 10:10:14 - [MESSAGE][PASSED] - Tapped on element 'Object Repository/Mobile/Page/Login/Button - Login'

2021-12-23 10:10:14 - [TEST_STEP][PASSED] - delay(2): Delayed 2 second(s)

2021-12-23 10:10:16 - [MESSAGE][PASSED] - Delayed 2 second(s)

2021-12-23 10:10:16 - [MESSAGE][PASSED] - Call Test Case 'Test Cases/Mobile/Page/Login/Login' successfully

2021-12-23 10:10:16 - [MESSAGE][PASSED] - Call Test Case 'Test Cases/Mobile/Page/CheckLogin' successfully

2021-12-23 10:10:16 - [TEST_STEP][PASSED] - delay(3): Delayed 3 second(s)

2021-12-23 10:10:19 - [MESSAGE][PASSED] - Delayed 3 second(s)

2021-12-23 10:10:19 - [TEST_STEP][PASSED] - scroll.scroll.scrollScreenLeftToRight(): scroll.scroll.scrollScreenLeftToRight is PASSED

2021-12-23 10:10:19 - [MESSAGE][PASSED] - Current device physical height is 1423

2021-12-23 10:10:20 - [MESSAGE][PASSED] - Current device physical width is 720

2021-12-23 10:10:20 - [MESSAGE][PASSED] - Current device physical height is 1423

2021-12-23 10:10:21 - [MESSAGE][PASSED] - Swiped from 10,711 to 710,711

2021-12-23 10:10:21 - [MESSAGE][PASSED] - scroll.scroll.scrollScreenLeftToRight is PASSED

2021-12-23 10:10:21 - [TEST_STEP][PASSED] - delay(1): Delayed 1 second(s)

2021-12-23 10:10:22 - [MESSAGE][PASSED] - Delayed 1 second(s)

2021-12-23 10:10:22 - [TEST_STEP][PASSED] - for ([i = 0, i < 1, (i++)]): Delayed 1 second(s)

2021-12-23 10:10:22 - [TEST_STEP][PASSED] - if (action == "downloadtaxreport"): null

2021-12-23 10:10:22 - [TEST_STEP][PASSED] - else if (action == "analyzeprofile"): null

2021-12-23 10:10:22 - [TEST_STEP][PASSED] - else if (action == "wa"): null

2021-12-23 10:10:22 - [TEST_STEP][PASSED] - else if (action == "email"): null

2021-12-23 10:10:22 - [TEST_STEP][PASSED] - else if (action == "setting"): Delayed 1 second(s)

2021-12-23 10:10:22 - [TEST_STEP][PASSED] - setting = findTestObject("Mobile/Page/NavigationMenu/Button - Settings"): null

2021-12-23 10:10:22 - [TEST_STEP][PASSED] - top = getElementTopPosition(setting, 0): Object 'Object Repository/Mobile/Page/NavigationMenu/Button - Settings' has top position '856'

2021-12-23 10:10:22 - [MESSAGE][WARNING] - Timeout '0' is invalid. Using default page load timeout: '60'

2021-12-23 10:10:24 - [MESSAGE][PASSED] - Object 'Object Repository/Mobile/Page/NavigationMenu/Button - Settings' has top position '856'

2021-12-23 10:10:24 - [TEST_STEP][PASSED] - y = getElementHeight(setting, 0) * 0.8 + top: Object 'Object Repository/Mobile/Page/NavigationMenu/Button - Settings' has height: '98'

2021-12-23 10:10:24 - [MESSAGE][WARNING] - Timeout '0' is invalid. Using default page load timeout: '60'

2021-12-23 10:10:25 - [MESSAGE][PASSED] - Object 'Object Repository/Mobile/Page/NavigationMenu/Button - Settings' has height: '98'

2021-12-23 10:10:25 - [TEST_STEP][PASSED] - x = getDeviceWidth() * 0.2: Current device physical width is 720

2021-12-23 10:10:25 - [MESSAGE][PASSED] - Current device physical width is 720

2021-12-23 10:10:25 - [TEST_STEP][PASSED] - tapAtPosition(x, y): Tapped at [144, 934]

2021-12-23 10:10:26 - [MESSAGE][PASSED] - Tapped at [144, 934]

2021-12-23 10:10:26 - [TEST_STEP][PASSED] - delay(1): Delayed 1 second(s)

2021-12-23 10:10:27 - [MESSAGE][PASSED] - Delayed 1 second(s)

2021-12-23 10:10:27 - [TEST_STEP][PASSED] - tap(findTestObject("Mobile/Page/NavigationMenu/Settings/Dropdown - Gain"), 0): Tapped on element 'Object Repository/Mobile/Page/NavigationMenu/Settings/Dropdown - Gain'

2021-12-23 10:10:27 - [MESSAGE][WARNING] - Timeout '0' is invalid. Using default page load timeout: '60'

2021-12-23 10:10:27 - [MESSAGE][PASSED] - Tapped on element 'Object Repository/Mobile/Page/NavigationMenu/Settings/Dropdown - Gain'

2021-12-23 10:10:27 - [TEST_STEP][PASSED] - delay(1): Delayed 1 second(s)

2021-12-23 10:10:28 - [MESSAGE][PASSED] - Delayed 1 second(s)

2021-12-23 10:10:28 - [TEST_STEP][PASSED] - tap(findTestObject("Mobile/Page/NavigationMenu/Settings/Option Gain - 5"), 0): Tapped on element 'Object Repository/Mobile/Page/NavigationMenu/Settings/Option Gain - 5'

2021-12-23 10:10:28 - [MESSAGE][WARNING] - Timeout '0' is invalid. Using default page load timeout: '60'

2021-12-23 10:10:30 - [MESSAGE][PASSED] - Tapped on element 'Object Repository/Mobile/Page/NavigationMenu/Settings/Option Gain - 5'

2021-12-23 10:10:30 - [TEST_STEP][PASSED] - delay(1): Delayed 1 second(s)

2021-12-23 10:10:31 - [MESSAGE][PASSED] - Delayed 1 second(s)

2021-12-23 10:10:31 - [TEST_STEP][PASSED] - tap(findTestObject("Mobile/Page/NavigationMenu/Settings/Switch - Gain"), 0): Tapped on element 'Object Repository/Mobile/Page/NavigationMenu/Settings/Switch - Gain'

2021-12-23 10:10:31 - [MESSAGE][WARNING] - Timeout '0' is invalid. Using default page load timeout: '60'

2021-12-23 10:10:33 - [MESSAGE][PASSED] - Tapped on element 'Object Repository/Mobile/Page/NavigationMenu/Settings/Switch - Gain'

2021-12-23 10:10:33 - [TEST_STEP][PASSED] - delay(1): Delayed 1 second(s)

2021-12-23 10:10:34 - [MESSAGE][PASSED] - Delayed 1 second(s)

2021-12-23 10:10:34 - [TEST_STEP][PASSED] - tap(findTestObject("Mobile/Page/NavigationMenu/Settings/Switch - Gain"), 0): Tapped on element 'Object Repository/Mobile/Page/NavigationMenu/Settings/Switch - Gain'

2021-12-23 10:10:34 - [MESSAGE][WARNING] - Timeout '0' is invalid. Using default page load timeout: '60'

2021-12-23 10:10:35 - [MESSAGE][PASSED] - Tapped on element 'Object Repository/Mobile/Page/NavigationMenu/Settings/Switch - Gain'

2021-12-23 10:10:35 - [TEST_STEP][PASSED] - delay(1): Delayed 1 second(s)

2021-12-23 10:10:36 - [MESSAGE][PASSED] - Delayed 1 second(s)

2021-12-23 10:10:36 - [TEST_STEP][PASSED] - tap(findTestObject("Mobile/Page/NavigationMenu/Settings/Dropdown - Loss"), 0): Tapped on element 'Object Repository/Mobile/Page/NavigationMenu/Settings/Dropdown - Loss'

2021-12-23 10:10:36 - [MESSAGE][WARNING] - Timeout '0' is invalid. Using default page load timeout: '60'

2021-12-23 10:10:37 - [MESSAGE][PASSED] - Tapped on element 'Object Repository/Mobile/Page/NavigationMenu/Settings/Dropdown - Loss'

2021-12-23 10:10:37 - [TEST_STEP][PASSED] - delay(1): Delayed 1 second(s)

2021-12-23 10:10:38 - [MESSAGE][PASSED] - Delayed 1 second(s)

2021-12-23 10:10:38 - [TEST_STEP][PASSED] - tap(findTestObject("Mobile/Page/NavigationMenu/Settings/Option Loss - 5"), 0): Tapped on element 'Object Repository/Mobile/Page/NavigationMenu/Settings/Option Loss - 5'

2021-12-23 10:10:38 - [MESSAGE][WARNING] - Timeout '0' is invalid. Using default page load timeout: '60'

2021-12-23 10:10:39 - [MESSAGE][PASSED] - Tapped on element 'Object Repository/Mobile/Page/NavigationMenu/Settings/Option Loss - 5'

2021-12-23 10:10:39 - [TEST_STEP][PASSED] - delay(1): Delayed 1 second(s)

2021-12-23 10:10:40 - [MESSAGE][PASSED] - Delayed 1 second(s)

2021-12-23 10:10:40 - [TEST_STEP][PASSED] - tap(findTestObject("Mobile/Page/NavigationMenu/Settings/Switch - Loss"), 0): Tapped on element 'Object Repository/Mobile/Page/NavigationMenu/Settings/Switch - Loss'

2021-12-23 10:10:40 - [MESSAGE][WARNING] - Timeout '0' is invalid. Using default page load timeout: '60'

2021-12-23 10:10:42 - [MESSAGE][PASSED] - Tapped on element 'Object Repository/Mobile/Page/NavigationMenu/Settings/Switch - Loss'

2021-12-23 10:10:42 - [TEST_STEP][PASSED] - delay(1): Delayed 1 second(s)

2021-12-23 10:10:43 - [MESSAGE][PASSED] - Delayed 1 second(s)

2021-12-23 10:10:43 - [TEST_STEP][PASSED] - tap(findTestObject("Mobile/Page/NavigationMenu/Settings/Switch - Loss"), 0): Tapped on element 'Object Repository/Mobile/Page/NavigationMenu/Settings/Switch - Loss'

2021-12-23 10:10:43 - [MESSAGE][WARNING] - Timeout '0' is invalid. Using default page load timeout: '60'

2021-12-23 10:10:44 - [MESSAGE][PASSED] - Tapped on element 'Object Repository/Mobile/Page/NavigationMenu/Settings/Switch - Loss'

2021-12-23 10:10:44 - [TEST_STEP][PASSED] - delay(1): Delayed 1 second(s)

2021-12-23 10:10:45 - [MESSAGE][PASSED] - Delayed 1 second(s)

2021-12-23 10:10:45 - [TEST_STEP][PASSED] - tap(findTestObject("Mobile/Page/NavigationMenu/Settings/Checkbox - Risk Tolerance"), 0): Tapped on element 'Object Repository/Mobile/Page/NavigationMenu/Settings/Checkbox - Risk Tolerance'

2021-12-23 10:10:45 - [MESSAGE][WARNING] - Timeout '0' is invalid. Using default page load timeout: '60'

2021-12-23 10:10:46 - [MESSAGE][PASSED] - Tapped on element 'Object Repository/Mobile/Page/NavigationMenu/Settings/Checkbox - Risk Tolerance'

2021-12-23 10:10:46 - [TEST_STEP][PASSED] - delay(1): Delayed 1 second(s)

2021-12-23 10:10:47 - [MESSAGE][PASSED] - Delayed 1 second(s)

2021-12-23 10:10:47 - [TEST_STEP][PASSED] - tap(findTestObject("Mobile/Page/NavigationMenu/Settings/Checkbox - Risk Tolerance"), 0): Tapped on element 'Object Repository/Mobile/Page/NavigationMenu/Settings/Checkbox - Risk Tolerance'

2021-12-23 10:10:47 - [MESSAGE][WARNING] - Timeout '0' is invalid. Using default page load timeout: '60'

2021-12-23 10:10:48 - [MESSAGE][PASSED] - Tapped on element 'Object Repository/Mobile/Page/NavigationMenu/Settings/Checkbox - Risk Tolerance'

2021-12-23 10:10:48 - [TEST_STEP][PASSED] - delay(1): Delayed 1 second(s)

2021-12-23 10:10:49 - [MESSAGE][PASSED] - Delayed 1 second(s)

2021-12-23 10:10:49 - [TEST_STEP][PASSED] - tap(findTestObject("Mobile/Page/NavigationMenu/Settings/Switch - Stock News"), 0): Tapped on element 'Object Repository/Mobile/Page/NavigationMenu/Settings/Switch - Stock News'

2021-12-23 10:10:49 - [MESSAGE][WARNING] - Timeout '0' is invalid. Using default page load timeout: '60'

2021-12-23 10:10:50 - [MESSAGE][PASSED] - Tapped on element 'Object Repository/Mobile/Page/NavigationMenu/Settings/Switch - Stock News'

2021-12-23 10:10:50 - [TEST_STEP][PASSED] - delay(1): Delayed 1 second(s)

2021-12-23 10:10:51 - [MESSAGE][PASSED] - Delayed 1 second(s)

2021-12-23 10:10:51 - [TEST_STEP][PASSED] - tap(findTestObject("Mobile/Page/NavigationMenu/Settings/Switch - Stock News"), 0): Tapped on element 'Object Repository/Mobile/Page/NavigationMenu/Settings/Switch - Stock News'

2021-12-23 10:10:51 - [MESSAGE][WARNING] - Timeout '0' is invalid. Using default page load timeout: '60'

2021-12-23 10:10:52 - [MESSAGE][PASSED] - Tapped on element 'Object Repository/Mobile/Page/NavigationMenu/Settings/Switch - Stock News'

2021-12-23 10:10:52 - [TEST_STEP][PASSED] - delay(1): Delayed 1 second(s)

2021-12-23 10:10:53 - [MESSAGE][PASSED] - Delayed 1 second(s)

2021-12-23 10:10:53 - [TEST_STEP][PASSED] - tap(findTestObject("Mobile/Page/NavigationMenu/Settings/Switch - Fund News"), 0): Tapped on element 'Object Repository/Mobile/Page/NavigationMenu/Settings/Switch - Fund News'

2021-12-23 10:10:53 - [MESSAGE][WARNING] - Timeout '0' is invalid. Using default page load timeout: '60'

2021-12-23 10:10:55 - [MESSAGE][PASSED] - Tapped on element 'Object Repository/Mobile/Page/NavigationMenu/Settings/Switch - Fund News'

2021-12-23 10:10:55 - [TEST_STEP][PASSED] - delay(1): Delayed 1 second(s)

2021-12-23 10:10:56 - [MESSAGE][PASSED] - Delayed 1 second(s)

2021-12-23 10:10:56 - [TEST_STEP][PASSED] - tap(findTestObject("Mobile/Page/NavigationMenu/Settings/Switch - Fund News"), 0): Tapped on element 'Object Repository/Mobile/Page/NavigationMenu/Settings/Switch - Fund News'

2021-12-23 10:10:56 - [MESSAGE][WARNING] - Timeout '0' is invalid. Using default page load timeout: '60'

2021-12-23 10:10:57 - [MESSAGE][PASSED] - Tapped on element 'Object Repository/Mobile/Page/NavigationMenu/Settings/Switch - Fund News'

2021-12-23 10:10:57 - [TEST_STEP][PASSED] - delay(1): Delayed 1 second(s)

2021-12-23 10:10:58 - [MESSAGE][PASSED] - Delayed 1 second(s)

2021-12-23 10:10:58 - [TEST_STEP][PASSED] - tap(findTestObject("Mobile/Page/NavigationMenu/Settings/Switch - Bond News"), 0): Tapped on element 'Object Repository/Mobile/Page/NavigationMenu/Settings/Switch - Bond News'

2021-12-23 10:10:58 - [MESSAGE][WARNING] - Timeout '0' is invalid. Using default page load timeout: '60'

2021-12-23 10:10:59 - [MESSAGE][PASSED] - Tapped on element 'Object Repository/Mobile/Page/NavigationMenu/Settings/Switch - Bond News'

2021-12-23 10:10:59 - [TEST_STEP][PASSED] - delay(1): Delayed 1 second(s)

2021-12-23 10:11:00 - [MESSAGE][PASSED] - Delayed 1 second(s)

2021-12-23 10:11:00 - [TEST_STEP][PASSED] - tap(findTestObject("Mobile/Page/NavigationMenu/Settings/Switch - Bond News"), 0): Tapped on element 'Object Repository/Mobile/Page/NavigationMenu/Settings/Switch - Bond News'

2021-12-23 10:11:00 - [MESSAGE][WARNING] - Timeout '0' is invalid. Using default page load timeout: '60'

2021-12-23 10:11:00 - [MESSAGE][PASSED] - Tapped on element 'Object Repository/Mobile/Page/NavigationMenu/Settings/Switch - Bond News'

2021-12-23 10:11:00 - [TEST_STEP][PASSED] - delay(1): Delayed 1 second(s)

2021-12-23 10:11:01 - [MESSAGE][PASSED] - Delayed 1 second(s)

2021-12-23 10:11:01 - [TEST_STEP][PASSED] - tap(findTestObject("Mobile/Page/NavigationMenu/Settings/Switch - Macro News"), 0): Tapped on element 'Object Repository/Mobile/Page/NavigationMenu/Settings/Switch - Macro News'

2021-12-23 10:11:01 - [MESSAGE][WARNING] - Timeout '0' is invalid. Using default page load timeout: '60'

2021-12-23 10:11:02 - [MESSAGE][PASSED] - Tapped on element 'Object Repository/Mobile/Page/NavigationMenu/Settings/Switch - Macro News'

2021-12-23 10:11:02 - [TEST_STEP][PASSED] - delay(1): Delayed 1 second(s)

2021-12-23 10:11:03 - [MESSAGE][PASSED] - Delayed 1 second(s)

2021-12-23 10:11:03 - [TEST_STEP][PASSED] - tap(findTestObject("Mobile/Page/NavigationMenu/Settings/Switch - Macro News"), 0): Tapped on element 'Object Repository/Mobile/Page/NavigationMenu/Settings/Switch - Macro News'

2021-12-23 10:11:04 - [MESSAGE][WARNING] - Timeout '0' is invalid. Using default page load timeout: '60'

2021-12-23 10:11:04 - [MESSAGE][PASSED] - Tapped on element 'Object Repository/Mobile/Page/NavigationMenu/Settings/Switch - Macro News'

2021-12-23 10:11:04 - [TEST_STEP][PASSED] - delay(1): Delayed 1 second(s)

2021-12-23 10:11:05 - [MESSAGE][PASSED] - Delayed 1 second(s)

2021-12-23 10:11:05 - [TEST_STEP][PASSED] - pressBack(): Press back button successfully

2021-12-23 10:11:06 - [MESSAGE][PASSED] - Press back button successfully

2021-12-23 10:11:06 - [TEST_STEP][PASSED] - delay(1): Delayed 1 second(s)

2021-12-23 10:11:07 - [MESSAGE][PASSED] - Delayed 1 second(s)

2021-12-23 10:11:07 - [MESSAGE][PASSED] - Call Test Case 'Test Cases/Mobile/Page/NavigationMenu/NavigationMenu' successfully

2021-12-23 10:11:07 - [TEST_STEP][PASSED] - callTestCase(findTestCase("Mobile/Page/Run App/Terminate App"), [:], STOP_ON_FAILURE): Call Test Case 'Test Cases/Mobile/Page/Run App/Terminate App' successfully

2021-12-23 10:11:07 - [TEST_CASE][PASSED] - Test Cases/Mobile/Page/Run App/Terminate App: Test Cases/Mobile/Page/Run App/Terminate App

2021-12-23 10:11:07 - [TEST_STEP][PASSED] - startApp.OpenApp.terminateApplication(): startApp.OpenApp.terminateApplication is PASSED

2021-12-23 10:11:10 - [MESSAGE][PASSED] - Delayed 3 second(s)

2021-12-23 10:11:10 - [MESSAGE][PASSED] - Current device physical width is 720

2021-12-23 10:11:10 - [MESSAGE][PASSED] - Current device physical height is 1423

2021-12-23 10:11:11 - [MESSAGE][PASSED] - Swiped from 360,853 to 360,142

2021-12-23 10:11:12 - [MESSAGE][PASSED] - Delayed 1 second(s)

2021-12-23 10:11:14 - [MESSAGE][PASSED] - Swiped from 360,853 to 360,142

2021-12-23 10:11:17 - [MESSAGE][PASSED] - Delayed 3 second(s)

2021-12-23 10:11:17 - [MESSAGE][PASSED] - startApp.OpenApp.terminateApplication is PASSED

2021-12-23 10:11:17 - [MESSAGE][PASSED] - Call Test Case 'Test Cases/Mobile/Page/Run App/Terminate App' successfully]]></system-out>
         <system-err><![CDATA[]]></system-err>
      </testcase>
      <testcase name="Test Cases/Mobile/Scenario/NavigationMenu/006 - Logout" time="63.224" classname="Test Cases/Mobile/Scenario/NavigationMenu/006 - Logout" status="PASSED">
         <system-out><![CDATA[2021-12-23 10:11:17 - [TEST_CASE][PASSED] - Test Cases/Mobile/Scenario/NavigationMenu/006 - Logout: Test Cases/Mobile/Scenario/NavigationMenu/006 - Logout

2021-12-23 10:11:17 - [TEST_STEP][PASSED] - callTestCase(findTestCase("Mobile/Page/Run App/Run App byID"), [:], STOP_ON_FAILURE): Call Test Case 'Test Cases/Mobile/Page/Run App/Run App byID' successfully

2021-12-23 10:11:17 - [TEST_CASE][PASSED] - Test Cases/Mobile/Page/Run App/Run App byID: Test Cases/Mobile/Page/Run App/Run App byID

2021-12-23 10:11:17 - [TEST_STEP][PASSED] - startApp.OpenApp.startApplication("id.co.miraeasset.sageclub"): startApp.OpenApp.startApplication is PASSED

2021-12-23 10:11:31 - [MESSAGE][PASSED] - Starting app with application ID: 'id.co.miraeasset.sageclub'

2021-12-23 10:11:31 - [MESSAGE][PASSED] - startApp.OpenApp.startApplication is PASSED

2021-12-23 10:11:31 - [MESSAGE][PASSED] - Call Test Case 'Test Cases/Mobile/Page/Run App/Run App byID' successfully

2021-12-23 10:11:31 - [TEST_STEP][PASSED] - callTestCase(findTestCase("Mobile/Page/NavigationMenu/NavigationMenu"), ["action":"logout"], CONTINUE_ON_FAILURE): Call Test Case 'Test Cases/Mobile/Page/NavigationMenu/NavigationMenu' successfully

2021-12-23 10:11:31 - [TEST_CASE][PASSED] - Test Cases/Mobile/Page/NavigationMenu/NavigationMenu: Test Cases/Mobile/Page/NavigationMenu/NavigationMenu

2021-12-23 10:11:31 - [TEST_STEP][PASSED] - callTestCase(findTestCase("Mobile/Page/CheckLogin"), [:], CONTINUE_ON_FAILURE): Call Test Case 'Test Cases/Mobile/Page/CheckLogin' successfully

2021-12-23 10:11:31 - [TEST_CASE][PASSED] - Test Cases/Mobile/Page/CheckLogin: Test Cases/Mobile/Page/CheckLogin

2021-12-23 10:11:31 - [TEST_STEP][PASSED] - loginCheck = verifyElementExist(findTestObject("Mobile/Page/Login/Button - Login"), 5, CONTINUE_ON_FAILURE): Element 'Object Repository/Mobile/Page/Login/Button - Login' is exist

2021-12-23 10:11:33 - [MESSAGE][PASSED] - Element 'Object Repository/Mobile/Page/Login/Button - Login' is exist

2021-12-23 10:11:33 - [TEST_STEP][PASSED] - if (loginCheck): Call Test Case 'Test Cases/Mobile/Page/Login/Login' successfully

2021-12-23 10:11:33 - [TEST_STEP][PASSED] - callTestCase(findTestCase("Mobile/Page/Login/Login"), [:], CONTINUE_ON_FAILURE): Call Test Case 'Test Cases/Mobile/Page/Login/Login' successfully

2021-12-23 10:11:34 - [TEST_CASE][PASSED] - Test Cases/Mobile/Page/Login/Login: Test Cases/Mobile/Page/Login/Login

2021-12-23 10:11:34 - [TEST_STEP][PASSED] - delay(2): Delayed 2 second(s)

2021-12-23 10:11:36 - [MESSAGE][PASSED] - Delayed 2 second(s)

2021-12-23 10:11:36 - [TEST_STEP][PASSED] - tap(findTestObject("Mobile/Page/Login/Input - UserID"), 0): Tapped on element 'Object Repository/Mobile/Page/Login/Input - UserID'

2021-12-23 10:11:36 - [MESSAGE][WARNING] - Timeout '0' is invalid. Using default page load timeout: '60'

2021-12-23 10:11:36 - [MESSAGE][PASSED] - Tapped on element 'Object Repository/Mobile/Page/Login/Input - UserID'

2021-12-23 10:11:36 - [TEST_STEP][PASSED] - delay(1): Delayed 1 second(s)

2021-12-23 10:11:37 - [MESSAGE][PASSED] - Delayed 1 second(s)

2021-12-23 10:11:37 - [TEST_STEP][PASSED] - setText(findTestObject("Mobile/Page/Login/Input Rdy - UserID"), "anggaaditya", 0): Text 'anggaaditya' has been set to element 'Object Repository/Mobile/Page/Login/Input Rdy - UserID'

2021-12-23 10:11:37 - [MESSAGE][WARNING] - Timeout '0' is invalid. Using default page load timeout: '60'

2021-12-23 10:11:38 - [MESSAGE][PASSED] - Text 'anggaaditya' has been set to element 'Object Repository/Mobile/Page/Login/Input Rdy - UserID'

2021-12-23 10:11:38 - [TEST_STEP][PASSED] - delay(1): Delayed 1 second(s)

2021-12-23 10:11:39 - [MESSAGE][PASSED] - Delayed 1 second(s)

2021-12-23 10:11:39 - [TEST_STEP][PASSED] - hideKeyboard(): Keyboard is hidden

2021-12-23 10:11:48 - [MESSAGE][PASSED] - Keyboard is hidden

2021-12-23 10:11:48 - [TEST_STEP][PASSED] - tap(findTestObject("Mobile/Page/Login/Input - Password"), 0): Tapped on element 'Object Repository/Mobile/Page/Login/Input - Password'

2021-12-23 10:11:48 - [MESSAGE][WARNING] - Timeout '0' is invalid. Using default page load timeout: '60'

2021-12-23 10:11:48 - [MESSAGE][PASSED] - Tapped on element 'Object Repository/Mobile/Page/Login/Input - Password'

2021-12-23 10:11:48 - [TEST_STEP][PASSED] - delay(1): Delayed 1 second(s)

2021-12-23 10:11:49 - [MESSAGE][PASSED] - Delayed 1 second(s)

2021-12-23 10:11:49 - [TEST_STEP][PASSED] - setText(findTestObject("Mobile/Page/Login/Input Rdy - Password"), "Shalawa18", 0): Text 'Shalawa18' has been set to element 'Object Repository/Mobile/Page/Login/Input Rdy - Password'

2021-12-23 10:11:49 - [MESSAGE][WARNING] - Timeout '0' is invalid. Using default page load timeout: '60'

2021-12-23 10:11:50 - [MESSAGE][PASSED] - Text 'Shalawa18' has been set to element 'Object Repository/Mobile/Page/Login/Input Rdy - Password'

2021-12-23 10:11:50 - [TEST_STEP][PASSED] - delay(1): Delayed 1 second(s)

2021-12-23 10:11:51 - [MESSAGE][PASSED] - Delayed 1 second(s)

2021-12-23 10:11:51 - [TEST_STEP][PASSED] - hideKeyboard(): Keyboard is hidden

2021-12-23 10:11:59 - [MESSAGE][PASSED] - Keyboard is hidden

2021-12-23 10:11:59 - [TEST_STEP][PASSED] - tap(findTestObject("Mobile/Page/Login/Button - Login"), 0): Tapped on element 'Object Repository/Mobile/Page/Login/Button - Login'

2021-12-23 10:11:59 - [MESSAGE][WARNING] - Timeout '0' is invalid. Using default page load timeout: '60'

2021-12-23 10:12:00 - [MESSAGE][PASSED] - Tapped on element 'Object Repository/Mobile/Page/Login/Button - Login'

2021-12-23 10:12:00 - [TEST_STEP][PASSED] - delay(2): Delayed 2 second(s)

2021-12-23 10:12:02 - [MESSAGE][PASSED] - Delayed 2 second(s)

2021-12-23 10:12:02 - [MESSAGE][PASSED] - Call Test Case 'Test Cases/Mobile/Page/Login/Login' successfully

2021-12-23 10:12:02 - [MESSAGE][PASSED] - Call Test Case 'Test Cases/Mobile/Page/CheckLogin' successfully

2021-12-23 10:12:02 - [TEST_STEP][PASSED] - delay(3): Delayed 3 second(s)

2021-12-23 10:12:05 - [MESSAGE][PASSED] - Delayed 3 second(s)

2021-12-23 10:12:05 - [TEST_STEP][PASSED] - scroll.scroll.scrollScreenLeftToRight(): scroll.scroll.scrollScreenLeftToRight is PASSED

2021-12-23 10:12:05 - [MESSAGE][PASSED] - Current device physical height is 1423

2021-12-23 10:12:05 - [MESSAGE][PASSED] - Current device physical width is 720

2021-12-23 10:12:06 - [MESSAGE][PASSED] - Current device physical height is 1423

2021-12-23 10:12:07 - [MESSAGE][PASSED] - Swiped from 10,711 to 710,711

2021-12-23 10:12:07 - [MESSAGE][PASSED] - scroll.scroll.scrollScreenLeftToRight is PASSED

2021-12-23 10:12:07 - [TEST_STEP][PASSED] - delay(1): Delayed 1 second(s)

2021-12-23 10:12:08 - [MESSAGE][PASSED] - Delayed 1 second(s)

2021-12-23 10:12:08 - [TEST_STEP][PASSED] - for ([i = 0, i < 1, (i++)]): Delayed 1 second(s)

2021-12-23 10:12:08 - [TEST_STEP][PASSED] - if (action == "downloadtaxreport"): null

2021-12-23 10:12:08 - [TEST_STEP][PASSED] - else if (action == "analyzeprofile"): null

2021-12-23 10:12:08 - [TEST_STEP][PASSED] - else if (action == "wa"): null

2021-12-23 10:12:08 - [TEST_STEP][PASSED] - else if (action == "email"): null

2021-12-23 10:12:08 - [TEST_STEP][PASSED] - else if (action == "setting"): null

2021-12-23 10:12:08 - [TEST_STEP][PASSED] - else if (action == "logout"): Delayed 1 second(s)

2021-12-23 10:12:08 - [TEST_STEP][PASSED] - logout = findTestObject("Mobile/Page/NavigationMenu/Container - Logout"): null

2021-12-23 10:12:08 - [TEST_STEP][PASSED] - top = getElementTopPosition(logout, 0): Object 'Object Repository/Mobile/Page/NavigationMenu/Container - Logout' has top position '954'

2021-12-23 10:12:08 - [MESSAGE][WARNING] - Timeout '0' is invalid. Using default page load timeout: '60'

2021-12-23 10:12:08 - [MESSAGE][PASSED] - Object 'Object Repository/Mobile/Page/NavigationMenu/Container - Logout' has top position '954'

2021-12-23 10:12:08 - [TEST_STEP][PASSED] - y = getElementHeight(logout, 0) * 0.8 + top: Object 'Object Repository/Mobile/Page/NavigationMenu/Container - Logout' has height: '98'

2021-12-23 10:12:08 - [MESSAGE][WARNING] - Timeout '0' is invalid. Using default page load timeout: '60'

2021-12-23 10:12:08 - [MESSAGE][PASSED] - Object 'Object Repository/Mobile/Page/NavigationMenu/Container - Logout' has height: '98'

2021-12-23 10:12:08 - [TEST_STEP][PASSED] - x = getDeviceWidth() * 0.2: Current device physical width is 720

2021-12-23 10:12:08 - [MESSAGE][PASSED] - Current device physical width is 720

2021-12-23 10:12:08 - [TEST_STEP][PASSED] - tapAtPosition(x, y): Tapped at [144, 1,032]

2021-12-23 10:12:09 - [MESSAGE][PASSED] - Tapped at [144, 1,032]

2021-12-23 10:12:09 - [TEST_STEP][PASSED] - delay(1): Delayed 1 second(s)

2021-12-23 10:12:10 - [MESSAGE][PASSED] - Delayed 1 second(s)

2021-12-23 10:12:10 - [MESSAGE][PASSED] - Call Test Case 'Test Cases/Mobile/Page/NavigationMenu/NavigationMenu' successfully

2021-12-23 10:12:10 - [TEST_STEP][PASSED] - callTestCase(findTestCase("Mobile/Page/Run App/Terminate App"), [:], STOP_ON_FAILURE): Call Test Case 'Test Cases/Mobile/Page/Run App/Terminate App' successfully

2021-12-23 10:12:10 - [TEST_CASE][PASSED] - Test Cases/Mobile/Page/Run App/Terminate App: Test Cases/Mobile/Page/Run App/Terminate App

2021-12-23 10:12:10 - [TEST_STEP][PASSED] - startApp.OpenApp.terminateApplication(): startApp.OpenApp.terminateApplication is PASSED

2021-12-23 10:12:13 - [MESSAGE][PASSED] - Delayed 3 second(s)

2021-12-23 10:12:13 - [MESSAGE][PASSED] - Current device physical width is 720

2021-12-23 10:12:13 - [MESSAGE][PASSED] - Current device physical height is 1423

2021-12-23 10:12:15 - [MESSAGE][PASSED] - Swiped from 360,853 to 360,142

2021-12-23 10:12:16 - [MESSAGE][PASSED] - Delayed 1 second(s)

2021-12-23 10:12:17 - [MESSAGE][PASSED] - Swiped from 360,853 to 360,142

2021-12-23 10:12:20 - [MESSAGE][PASSED] - Delayed 3 second(s)

2021-12-23 10:12:20 - [MESSAGE][PASSED] - startApp.OpenApp.terminateApplication is PASSED

2021-12-23 10:12:20 - [MESSAGE][PASSED] - Call Test Case 'Test Cases/Mobile/Page/Run App/Terminate App' successfully]]></system-out>
         <system-err><![CDATA[]]></system-err>
      </testcase>
      <system-out><![CDATA[2021-12-23 10:04:38 - [TEST_SUITE][PASSED] - navigationmenu: Test Cases/Mobile/Scenario/NavigationMenu/006 - Logout]]></system-out>
      <system-err><![CDATA[]]></system-err>
   </testsuite>
</testsuites>
