<?xml version="1.0" encoding="UTF-8"?>
<testsuites name="navigationmenu" time="377.407" tests="5" failures="0" skips="0" errors="0">
   <testsuite name="navigationmenu" tests="5" failures="0" errors="0" time="377.407" skips="0" timestamp="2021-12-06 08:49:36" hostname="Owner - aldy-tft" id="Test Suites/navigationmenu">
      <properties>
         <property name="deviceName" value="samsung SM-A205F (Android 11)"/>
         <property name="devicePlatform" value=""/>
         <property name="logFolder" value="C:\\Users\\Owner\\Documents\\kerjaan\\KatalonProject\\qa-katalon-maxfund2\\Reports\\20211206_084926\\navigationmenu\\20211206_084926"/>
         <property name="logFiles" value="C:\\Users\\Owner\\Documents\\kerjaan\\KatalonProject\\qa-katalon-maxfund2\\Reports\\20211206_084926\\navigationmenu\\20211206_084926\\appium.log, C:\\Users\\Owner\\Documents\\kerjaan\\KatalonProject\\qa-katalon-maxfund2\\Reports\\20211206_084926\\navigationmenu\\20211206_084926\\execution0.log"/>
         <property name="attachments" value="C:\\Users\\Owner\\Documents\\kerjaan\\KatalonProject\\qa-katalon-maxfund2\\Reports\\20211206_084926\\navigationmenu\\20211206_084926\\1638755494789.png, C:\\Users\\Owner\\Documents\\kerjaan\\KatalonProject\\qa-katalon-maxfund2\\Reports\\20211206_084926\\navigationmenu\\20211206_084926\\1638755495521.png"/>
         <property name="hostName" value="Owner - aldy-tft"/>
         <property name="os" value="Windows 10 64bit"/>
         <property name="appiumServerStatus" value="{&quot;value&quot;:{&quot;build&quot;:{&quot;version&quot;:&quot;1.22.0&quot;}},&quot;sessionId&quot;:null,&quot;status&quot;:0}"/>
         <property name="katalonVersion" value="7.9.1.208"/>
         <property name="deviceOS" value="Android"/>
         <property name="appiumVersion" value="1.22.0"/>
         <property name="deviceModel" value="SM-A205F"/>
         <property name="hostAddress" value="10.0.30.38"/>
         <property name="deviceManufacturer" value="samsung"/>
         <property name="deviceId" value="RR8M40C9AXE"/>
         <property name="deviceName" value="samsung SM-A205F (Android 11)"/>
         <property name="deviceOSVersion" value="11"/>
      </properties>
      <testcase name="Test Cases/Mobile/Scenario/NavigationMenu/001 - Download Report" time="70.49" classname="Test Cases/Mobile/Scenario/NavigationMenu/001 - Download Report" status="PASSED">
         <system-out><![CDATA[2021-12-06 08:49:36 - [TEST_CASE][PASSED] - Test Cases/Mobile/Scenario/NavigationMenu/001 - Download Report: Test Cases/Mobile/Scenario/NavigationMenu/001 - Download Report

2021-12-06 08:49:37 - [TEST_STEP][PASSED] - callTestCase(findTestCase("Mobile/Page/Run App/Run App byID"), [:], STOP_ON_FAILURE): Call Test Case 'Test Cases/Mobile/Page/Run App/Run App byID' successfully

2021-12-06 08:49:37 - [TEST_CASE][PASSED] - Test Cases/Mobile/Page/Run App/Run App byID: Test Cases/Mobile/Page/Run App/Run App byID

2021-12-06 08:49:37 - [TEST_STEP][PASSED] - startApp.OpenApp.startApplication("id.co.miraeasset.sageclub"): startApp.OpenApp.startApplication is PASSED

2021-12-06 08:49:39 - [MESSAGE][INFO] - Appium server started on port 58,930

2021-12-06 08:49:54 - [MESSAGE][PASSED] - Starting app with application ID: 'id.co.miraeasset.sageclub'

2021-12-06 08:49:54 - [MESSAGE][PASSED] - startApp.OpenApp.startApplication is PASSED

2021-12-06 08:49:54 - [MESSAGE][PASSED] - Call Test Case 'Test Cases/Mobile/Page/Run App/Run App byID' successfully

2021-12-06 08:49:54 - [TEST_STEP][PASSED] - callTestCase(findTestCase("Mobile/Page/Navigation Menu/NavigationMenu"), ["action":"downloadtaxreport"], CONTINUE_ON_FAILURE): Call Test Case 'Test Cases/Mobile/Page/Navigation Menu/NavigationMenu' successfully

2021-12-06 08:49:54 - [TEST_CASE][PASSED] - Test Cases/Mobile/Page/Navigation Menu/NavigationMenu: Test Cases/Mobile/Page/Navigation Menu/NavigationMenu

2021-12-06 08:49:54 - [TEST_STEP][PASSED] - loginCheck = verifyElementExist(findTestObject("Object Repository/Mobile/Page/Login/Button - Login"), 2, CONTINUE_ON_FAILURE): Element 'Object Repository/Mobile/Page/Login/Button - Login' is exist

2021-12-06 08:49:56 - [MESSAGE][PASSED] - Element 'Object Repository/Mobile/Page/Login/Button - Login' is exist

2021-12-06 08:49:56 - [TEST_STEP][PASSED] - if (loginCheck): Call Test Case 'Test Cases/Mobile/Page/Login/Login' successfully

2021-12-06 08:49:56 - [TEST_STEP][PASSED] - callTestCase(findTestCase("Mobile/Page/Login/Login"), [:], CONTINUE_ON_FAILURE): Call Test Case 'Test Cases/Mobile/Page/Login/Login' successfully

2021-12-06 08:49:56 - [TEST_CASE][PASSED] - Test Cases/Mobile/Page/Login/Login: Test Cases/Mobile/Page/Login/Login

2021-12-06 08:49:57 - [TEST_STEP][PASSED] - delay(2): Delayed 2 second(s)

2021-12-06 08:49:59 - [MESSAGE][PASSED] - Delayed 2 second(s)

2021-12-06 08:49:59 - [TEST_STEP][PASSED] - tap(findTestObject("Object Repository/Mobile/Page/Login/Input - UserID"), 0): Tapped on element 'Object Repository/Mobile/Page/Login/Input - UserID'

2021-12-06 08:49:59 - [MESSAGE][WARNING] - Timeout '0' is invalid. Using default page load timeout: '60'

2021-12-06 08:49:59 - [MESSAGE][PASSED] - Tapped on element 'Object Repository/Mobile/Page/Login/Input - UserID'

2021-12-06 08:49:59 - [TEST_STEP][PASSED] - delay(1): Delayed 1 second(s)

2021-12-06 08:50:00 - [MESSAGE][PASSED] - Delayed 1 second(s)

2021-12-06 08:50:00 - [TEST_STEP][PASSED] - setText(findTestObject("Object Repository/Mobile/Page/Login/Input Rdy - UserID"), "anggaaditya", 0): Text 'anggaaditya' has been set to element 'Object Repository/Mobile/Page/Login/Input Rdy - UserID'

2021-12-06 08:50:00 - [MESSAGE][WARNING] - Timeout '0' is invalid. Using default page load timeout: '60'

2021-12-06 08:50:02 - [MESSAGE][PASSED] - Text 'anggaaditya' has been set to element 'Object Repository/Mobile/Page/Login/Input Rdy - UserID'

2021-12-06 08:50:02 - [TEST_STEP][PASSED] - delay(1): Delayed 1 second(s)

2021-12-06 08:50:03 - [MESSAGE][PASSED] - Delayed 1 second(s)

2021-12-06 08:50:03 - [TEST_STEP][PASSED] - hideKeyboard(): Keyboard is hidden

2021-12-06 08:50:09 - [MESSAGE][PASSED] - Keyboard is hidden

2021-12-06 08:50:09 - [TEST_STEP][PASSED] - tap(findTestObject("Object Repository/Mobile/Page/Login/Input - Password"), 0): Tapped on element 'Object Repository/Mobile/Page/Login/Input - Password'

2021-12-06 08:50:09 - [MESSAGE][WARNING] - Timeout '0' is invalid. Using default page load timeout: '60'

2021-12-06 08:50:10 - [MESSAGE][PASSED] - Tapped on element 'Object Repository/Mobile/Page/Login/Input - Password'

2021-12-06 08:50:10 - [TEST_STEP][PASSED] - delay(1): Delayed 1 second(s)

2021-12-06 08:50:11 - [MESSAGE][PASSED] - Delayed 1 second(s)

2021-12-06 08:50:11 - [TEST_STEP][PASSED] - setText(findTestObject("Object Repository/Mobile/Page/Login/Input Rdy - Password"), "Shalawa18", 0): Text 'Shalawa18' has been set to element 'Object Repository/Mobile/Page/Login/Input Rdy - Password'

2021-12-06 08:50:11 - [MESSAGE][WARNING] - Timeout '0' is invalid. Using default page load timeout: '60'

2021-12-06 08:50:12 - [MESSAGE][PASSED] - Text 'Shalawa18' has been set to element 'Object Repository/Mobile/Page/Login/Input Rdy - Password'

2021-12-06 08:50:12 - [TEST_STEP][PASSED] - delay(1): Delayed 1 second(s)

2021-12-06 08:50:13 - [MESSAGE][PASSED] - Delayed 1 second(s)

2021-12-06 08:50:13 - [TEST_STEP][PASSED] - hideKeyboard(): Keyboard is hidden

2021-12-06 08:50:19 - [MESSAGE][PASSED] - Keyboard is hidden

2021-12-06 08:50:19 - [TEST_STEP][PASSED] - tap(findTestObject("Object Repository/Mobile/Page/Login/Button - Login"), 0): Tapped on element 'Object Repository/Mobile/Page/Login/Button - Login'

2021-12-06 08:50:19 - [MESSAGE][WARNING] - Timeout '0' is invalid. Using default page load timeout: '60'

2021-12-06 08:50:20 - [MESSAGE][PASSED] - Tapped on element 'Object Repository/Mobile/Page/Login/Button - Login'

2021-12-06 08:50:20 - [TEST_STEP][PASSED] - delay(2): Delayed 2 second(s)

2021-12-06 08:50:22 - [MESSAGE][PASSED] - Delayed 2 second(s)

2021-12-06 08:50:22 - [MESSAGE][PASSED] - Call Test Case 'Test Cases/Mobile/Page/Login/Login' successfully

2021-12-06 08:50:22 - [TEST_STEP][PASSED] - scroll.scroll.scrollScreenLeftToRight(): scroll.scroll.scrollScreenLeftToRight is PASSED

2021-12-06 08:50:22 - [MESSAGE][PASSED] - Current device physical height is 1423

2021-12-06 08:50:22 - [MESSAGE][PASSED] - Current device physical width is 720

2021-12-06 08:50:22 - [MESSAGE][PASSED] - Current device physical height is 1423

2021-12-06 08:50:24 - [MESSAGE][PASSED] - Swiped from 10,711 to 710,711

2021-12-06 08:50:24 - [MESSAGE][PASSED] - scroll.scroll.scrollScreenLeftToRight is PASSED

2021-12-06 08:50:24 - [TEST_STEP][PASSED] - delay(1): Delayed 1 second(s)

2021-12-06 08:50:25 - [MESSAGE][PASSED] - Delayed 1 second(s)

2021-12-06 08:50:25 - [TEST_STEP][PASSED] - for ([i = 0, i < 1, (i++)]): Delayed 5 second(s)

2021-12-06 08:50:25 - [TEST_STEP][PASSED] - if (action == "downloadtaxreport"): Delayed 5 second(s)

2021-12-06 08:50:25 - [TEST_STEP][PASSED] - taxreport = findTestObject("Object Repository/Mobile/Page/Profile/Container - Yearly Tax Report"): null

2021-12-06 08:50:25 - [TEST_STEP][PASSED] - top = getElementTopPosition(taxreport, 0): Object 'Object Repository/Mobile/Page/Profile/Container - Yearly Tax Report' has top position '309'

2021-12-06 08:50:25 - [MESSAGE][WARNING] - Timeout '0' is invalid. Using default page load timeout: '60'

2021-12-06 08:50:25 - [MESSAGE][PASSED] - Object 'Object Repository/Mobile/Page/Profile/Container - Yearly Tax Report' has top position '309'

2021-12-06 08:50:25 - [TEST_STEP][PASSED] - y = getElementHeight(taxreport, 0) * 0.8 + top: Object 'Object Repository/Mobile/Page/Profile/Container - Yearly Tax Report' has height: '119'

2021-12-06 08:50:25 - [MESSAGE][WARNING] - Timeout '0' is invalid. Using default page load timeout: '60'

2021-12-06 08:50:25 - [MESSAGE][PASSED] - Object 'Object Repository/Mobile/Page/Profile/Container - Yearly Tax Report' has height: '119'

2021-12-06 08:50:25 - [TEST_STEP][PASSED] - x = getDeviceWidth() * 0.2: Current device physical width is 720

2021-12-06 08:50:25 - [MESSAGE][PASSED] - Current device physical width is 720

2021-12-06 08:50:25 - [TEST_STEP][PASSED] - tapAtPosition(x, y): Tapped at [144, 404]

2021-12-06 08:50:26 - [MESSAGE][PASSED] - Tapped at [144, 404]

2021-12-06 08:50:26 - [TEST_STEP][PASSED] - delay(5): Delayed 5 second(s)

2021-12-06 08:50:31 - [MESSAGE][PASSED] - Delayed 5 second(s)

2021-12-06 08:50:31 - [TEST_STEP][PASSED] - tap(findTestObject("Object Repository/Mobile/Page/Profile/Button - Open Just Once"), 0): Tapped on element 'Object Repository/Mobile/Page/Profile/Button - Open Just Once'

2021-12-06 08:50:31 - [MESSAGE][WARNING] - Timeout '0' is invalid. Using default page load timeout: '60'

2021-12-06 08:50:31 - [MESSAGE][PASSED] - Tapped on element 'Object Repository/Mobile/Page/Profile/Button - Open Just Once'

2021-12-06 08:50:31 - [TEST_STEP][PASSED] - delay(5): Delayed 5 second(s)

2021-12-06 08:50:36 - [MESSAGE][PASSED] - Delayed 5 second(s)

2021-12-06 08:50:36 - [MESSAGE][PASSED] - Call Test Case 'Test Cases/Mobile/Page/Navigation Menu/NavigationMenu' successfully

2021-12-06 08:50:36 - [TEST_STEP][PASSED] - callTestCase(findTestCase("Mobile/Page/Run App/Terminate App"), [:], STOP_ON_FAILURE): Call Test Case 'Test Cases/Mobile/Page/Run App/Terminate App' successfully

2021-12-06 08:50:36 - [TEST_CASE][PASSED] - Test Cases/Mobile/Page/Run App/Terminate App: Test Cases/Mobile/Page/Run App/Terminate App

2021-12-06 08:50:37 - [TEST_STEP][PASSED] - startApp.OpenApp.terminateApplication(): startApp.OpenApp.terminateApplication is PASSED

2021-12-06 08:50:40 - [MESSAGE][PASSED] - Delayed 3 second(s)

2021-12-06 08:50:40 - [MESSAGE][PASSED] - Current device physical width is 720

2021-12-06 08:50:40 - [MESSAGE][PASSED] - Current device physical height is 1423

2021-12-06 08:50:42 - [MESSAGE][PASSED] - Swiped from 360,853 to 360,142

2021-12-06 08:50:43 - [MESSAGE][PASSED] - Delayed 1 second(s)

2021-12-06 08:50:44 - [MESSAGE][PASSED] - Swiped from 360,853 to 360,142

2021-12-06 08:50:47 - [MESSAGE][PASSED] - Delayed 3 second(s)

2021-12-06 08:50:47 - [MESSAGE][PASSED] - startApp.OpenApp.terminateApplication is PASSED

2021-12-06 08:50:47 - [MESSAGE][PASSED] - Call Test Case 'Test Cases/Mobile/Page/Run App/Terminate App' successfully]]></system-out>
         <system-err><![CDATA[]]></system-err>
      </testcase>
      <testcase name="Test Cases/Mobile/Scenario/NavigationMenu/002 - Risk Profile analysis" time="90.774" classname="Test Cases/Mobile/Scenario/NavigationMenu/002 - Risk Profile analysis" status="PASSED">
         <system-out><![CDATA[2021-12-06 08:50:47 - [TEST_CASE][PASSED] - Test Cases/Mobile/Scenario/NavigationMenu/002 - Risk Profile analysis: Test Cases/Mobile/Scenario/NavigationMenu/002 - Risk Profile analysis

2021-12-06 08:50:47 - [TEST_STEP][PASSED] - callTestCase(findTestCase("Mobile/Page/Run App/Run App byID"), [:], STOP_ON_FAILURE): Call Test Case 'Test Cases/Mobile/Page/Run App/Run App byID' successfully

2021-12-06 08:50:47 - [TEST_CASE][PASSED] - Test Cases/Mobile/Page/Run App/Run App byID: Test Cases/Mobile/Page/Run App/Run App byID

2021-12-06 08:50:47 - [TEST_STEP][PASSED] - startApp.OpenApp.startApplication("id.co.miraeasset.sageclub"): startApp.OpenApp.startApplication is PASSED

2021-12-06 08:50:59 - [MESSAGE][PASSED] - Starting app with application ID: 'id.co.miraeasset.sageclub'

2021-12-06 08:50:59 - [MESSAGE][PASSED] - startApp.OpenApp.startApplication is PASSED

2021-12-06 08:50:59 - [MESSAGE][PASSED] - Call Test Case 'Test Cases/Mobile/Page/Run App/Run App byID' successfully

2021-12-06 08:50:59 - [TEST_STEP][PASSED] - callTestCase(findTestCase("Mobile/Page/Navigation Menu/NavigationMenu"), ["action":"analyzeprofile"], CONTINUE_ON_FAILURE): Call Test Case 'Test Cases/Mobile/Page/Navigation Menu/NavigationMenu' successfully

2021-12-06 08:50:59 - [TEST_CASE][PASSED] - Test Cases/Mobile/Page/Navigation Menu/NavigationMenu: Test Cases/Mobile/Page/Navigation Menu/NavigationMenu

2021-12-06 08:50:59 - [TEST_STEP][PASSED] - loginCheck = verifyElementExist(findTestObject("Object Repository/Mobile/Page/Login/Button - Login"), 2, CONTINUE_ON_FAILURE): Element 'Object Repository/Mobile/Page/Login/Button - Login' is exist

2021-12-06 08:51:02 - [MESSAGE][PASSED] - Element 'Object Repository/Mobile/Page/Login/Button - Login' is exist

2021-12-06 08:51:02 - [TEST_STEP][PASSED] - if (loginCheck): Call Test Case 'Test Cases/Mobile/Page/Login/Login' successfully

2021-12-06 08:51:02 - [TEST_STEP][PASSED] - callTestCase(findTestCase("Mobile/Page/Login/Login"), [:], CONTINUE_ON_FAILURE): Call Test Case 'Test Cases/Mobile/Page/Login/Login' successfully

2021-12-06 08:51:02 - [TEST_CASE][PASSED] - Test Cases/Mobile/Page/Login/Login: Test Cases/Mobile/Page/Login/Login

2021-12-06 08:51:02 - [TEST_STEP][PASSED] - delay(2): Delayed 2 second(s)

2021-12-06 08:51:04 - [MESSAGE][PASSED] - Delayed 2 second(s)

2021-12-06 08:51:04 - [TEST_STEP][PASSED] - tap(findTestObject("Object Repository/Mobile/Page/Login/Input - UserID"), 0): Tapped on element 'Object Repository/Mobile/Page/Login/Input - UserID'

2021-12-06 08:51:04 - [MESSAGE][WARNING] - Timeout '0' is invalid. Using default page load timeout: '60'

2021-12-06 08:51:04 - [MESSAGE][PASSED] - Tapped on element 'Object Repository/Mobile/Page/Login/Input - UserID'

2021-12-06 08:51:04 - [TEST_STEP][PASSED] - delay(1): Delayed 1 second(s)

2021-12-06 08:51:05 - [MESSAGE][PASSED] - Delayed 1 second(s)

2021-12-06 08:51:05 - [TEST_STEP][PASSED] - setText(findTestObject("Object Repository/Mobile/Page/Login/Input Rdy - UserID"), "anggaaditya", 0): Text 'anggaaditya' has been set to element 'Object Repository/Mobile/Page/Login/Input Rdy - UserID'

2021-12-06 08:51:05 - [MESSAGE][WARNING] - Timeout '0' is invalid. Using default page load timeout: '60'

2021-12-06 08:51:06 - [MESSAGE][PASSED] - Text 'anggaaditya' has been set to element 'Object Repository/Mobile/Page/Login/Input Rdy - UserID'

2021-12-06 08:51:06 - [TEST_STEP][PASSED] - delay(1): Delayed 1 second(s)

2021-12-06 08:51:07 - [MESSAGE][PASSED] - Delayed 1 second(s)

2021-12-06 08:51:07 - [TEST_STEP][PASSED] - hideKeyboard(): Keyboard is hidden

2021-12-06 08:51:11 - [MESSAGE][PASSED] - Keyboard is hidden

2021-12-06 08:51:11 - [TEST_STEP][PASSED] - tap(findTestObject("Object Repository/Mobile/Page/Login/Input - Password"), 0): Tapped on element 'Object Repository/Mobile/Page/Login/Input - Password'

2021-12-06 08:51:12 - [MESSAGE][WARNING] - Timeout '0' is invalid. Using default page load timeout: '60'

2021-12-06 08:51:12 - [MESSAGE][PASSED] - Tapped on element 'Object Repository/Mobile/Page/Login/Input - Password'

2021-12-06 08:51:12 - [TEST_STEP][PASSED] - delay(1): Delayed 1 second(s)

2021-12-06 08:51:13 - [MESSAGE][PASSED] - Delayed 1 second(s)

2021-12-06 08:51:13 - [TEST_STEP][PASSED] - setText(findTestObject("Object Repository/Mobile/Page/Login/Input Rdy - Password"), "Shalawa18", 0): Text 'Shalawa18' has been set to element 'Object Repository/Mobile/Page/Login/Input Rdy - Password'

2021-12-06 08:51:13 - [MESSAGE][WARNING] - Timeout '0' is invalid. Using default page load timeout: '60'

2021-12-06 08:51:14 - [MESSAGE][PASSED] - Text 'Shalawa18' has been set to element 'Object Repository/Mobile/Page/Login/Input Rdy - Password'

2021-12-06 08:51:14 - [TEST_STEP][PASSED] - delay(1): Delayed 1 second(s)

2021-12-06 08:51:15 - [MESSAGE][PASSED] - Delayed 1 second(s)

2021-12-06 08:51:15 - [TEST_STEP][PASSED] - hideKeyboard(): Keyboard is hidden

2021-12-06 08:51:21 - [MESSAGE][PASSED] - Keyboard is hidden

2021-12-06 08:51:21 - [TEST_STEP][PASSED] - tap(findTestObject("Object Repository/Mobile/Page/Login/Button - Login"), 0): Tapped on element 'Object Repository/Mobile/Page/Login/Button - Login'

2021-12-06 08:51:21 - [MESSAGE][WARNING] - Timeout '0' is invalid. Using default page load timeout: '60'

2021-12-06 08:51:22 - [MESSAGE][PASSED] - Tapped on element 'Object Repository/Mobile/Page/Login/Button - Login'

2021-12-06 08:51:22 - [TEST_STEP][PASSED] - delay(2): Delayed 2 second(s)

2021-12-06 08:51:24 - [MESSAGE][PASSED] - Delayed 2 second(s)

2021-12-06 08:51:24 - [MESSAGE][PASSED] - Call Test Case 'Test Cases/Mobile/Page/Login/Login' successfully

2021-12-06 08:51:24 - [TEST_STEP][PASSED] - scroll.scroll.scrollScreenLeftToRight(): scroll.scroll.scrollScreenLeftToRight is PASSED

2021-12-06 08:51:24 - [MESSAGE][PASSED] - Current device physical height is 1423

2021-12-06 08:51:24 - [MESSAGE][PASSED] - Current device physical width is 720

2021-12-06 08:51:24 - [MESSAGE][PASSED] - Current device physical height is 1423

2021-12-06 08:51:26 - [MESSAGE][PASSED] - Swiped from 10,711 to 710,711

2021-12-06 08:51:26 - [MESSAGE][PASSED] - scroll.scroll.scrollScreenLeftToRight is PASSED

2021-12-06 08:51:26 - [TEST_STEP][PASSED] - delay(1): Delayed 1 second(s)

2021-12-06 08:51:27 - [MESSAGE][PASSED] - Delayed 1 second(s)

2021-12-06 08:51:27 - [TEST_STEP][FAILED] - for ([i = 0, i < 1, (i++)]): null

2021-12-06 08:51:27 - [TEST_STEP][PASSED] - if (action == "downloadtaxreport"): null

2021-12-06 08:51:27 - [TEST_STEP][FAILED] - else if (action == "analyzeprofile"): null

2021-12-06 08:51:27 - [TEST_STEP][PASSED] - risk = findTestObject("Object Repository/Mobile/Page/Profile/Container - Risk Profile 2"): null

2021-12-06 08:51:27 - [TEST_STEP][PASSED] - top = getElementTopPosition(risk, 0): Object 'Object Repository/Mobile/Page/Profile/Container - Risk Profile 2' has top position '463'

2021-12-06 08:51:27 - [MESSAGE][WARNING] - Timeout '0' is invalid. Using default page load timeout: '60'

2021-12-06 08:51:27 - [MESSAGE][PASSED] - Object 'Object Repository/Mobile/Page/Profile/Container - Risk Profile 2' has top position '463'

2021-12-06 08:51:27 - [TEST_STEP][PASSED] - y = getElementHeight(risk, 0) * 0.8 + top: Object 'Object Repository/Mobile/Page/Profile/Container - Risk Profile 2' has height: '119'

2021-12-06 08:51:27 - [MESSAGE][WARNING] - Timeout '0' is invalid. Using default page load timeout: '60'

2021-12-06 08:51:27 - [MESSAGE][PASSED] - Object 'Object Repository/Mobile/Page/Profile/Container - Risk Profile 2' has height: '119'

2021-12-06 08:51:27 - [TEST_STEP][PASSED] - x = getDeviceWidth() * 0.2: Current device physical width is 720

2021-12-06 08:51:27 - [MESSAGE][PASSED] - Current device physical width is 720

2021-12-06 08:51:27 - [TEST_STEP][PASSED] - tapAtPosition(x, y): Tapped at [144, 558]

2021-12-06 08:51:28 - [MESSAGE][PASSED] - Tapped at [144, 558]

2021-12-06 08:51:28 - [TEST_STEP][PASSED] - delay(1): Delayed 1 second(s)

2021-12-06 08:51:29 - [MESSAGE][PASSED] - Delayed 1 second(s)

2021-12-06 08:51:29 - [TEST_STEP][FAILED] - try: Failed to check for element 'Object Repository/Mobile/Page/Profile/Container - Risk Profile 2' exist (Root cause: com.kms.katalon.core.exception.StepFailedException: Element 'Object Repository/Mobile/Page/Profile/Container - Risk Profile 2' not found
	at com.kms.katalon.core.keyword.internal.KeywordMain.stepFailed(KeywordMain.groovy:50)
	at com.kms.katalon.core.mobile.keyword.internal.MobileKeywordMain.stepFailed(MobileKeywordMain.groovy:40)
	at com.kms.katalon.core.mobile.keyword.builtin.VerifyElementExistKeyword$_verifyElementExist_closure1.doCall(VerifyElementExistKeyword.groovy:77)
	at com.kms.katalon.core.mobile.keyword.builtin.VerifyElementExistKeyword$_verifyElementExist_closure1.call(VerifyElementExistKeyword.groovy)
	at com.kms.katalon.core.mobile.keyword.internal.MobileKeywordMain.runKeyword(MobileKeywordMain.groovy:21)
	at com.kms.katalon.core.mobile.keyword.builtin.VerifyElementExistKeyword.verifyElementExist(VerifyElementExistKeyword.groovy:80)
	at com.kms.katalon.core.mobile.keyword.builtin.VerifyElementExistKeyword.execute(VerifyElementExistKeyword.groovy:64)
	at com.kms.katalon.core.keyword.internal.KeywordExecutor.executeKeywordForPlatform(KeywordExecutor.groovy:73)
	at com.kms.katalon.core.mobile.keyword.MobileBuiltInKeywords.verifyElementExist(MobileBuiltInKeywords.groovy:1586)
	at com.kms.katalon.core.mobile.keyword.MobileBuiltInKeywords$verifyElementExist$10.call(Unknown Source)
	at NavigationMenu.run(NavigationMenu:53)
	at com.kms.katalon.core.main.ScriptEngine.run(ScriptEngine.java:194)
	at com.kms.katalon.core.main.ScriptEngine.runScriptAsRawText(ScriptEngine.java:119)
	at com.kms.katalon.core.main.TestCaseExecutor.runScript(TestCaseExecutor.java:398)
	at com.kms.katalon.core.main.TestCaseExecutor.doExecute(TestCaseExecutor.java:389)
	at com.kms.katalon.core.main.TestCaseExecutor.processExecutionPhase(TestCaseExecutor.java:368)
	at com.kms.katalon.core.main.TestCaseExecutor.accessMainPhase(TestCaseExecutor.java:360)
	at com.kms.katalon.core.main.TestCaseExecutor.execute(TestCaseExecutor.java:255)
	at com.kms.katalon.core.main.TestCaseMain.runTestCase(TestCaseMain.java:114)
	at com.kms.katalon.core.keyword.builtin.CallTestCaseKeyword$_callTestCase_closure1.doCall(CallTestCaseKeyword.groovy:59)
	at com.kms.katalon.core.keyword.builtin.CallTestCaseKeyword$_callTestCase_closure1.call(CallTestCaseKeyword.groovy)
	at com.kms.katalon.core.keyword.internal.KeywordMain.runKeyword(KeywordMain.groovy:68)
	at com.kms.katalon.core.keyword.builtin.CallTestCaseKeyword.callTestCase(CallTestCaseKeyword.groovy:81)
	at com.kms.katalon.core.keyword.builtin.CallTestCaseKeyword.execute(CallTestCaseKeyword.groovy:44)
	at com.kms.katalon.core.keyword.internal.KeywordExecutor.executeKeywordForPlatform(KeywordExecutor.groovy:73)
	at com.kms.katalon.core.keyword.BuiltinKeywords.callTestCase(BuiltinKeywords.groovy:334)
	at 002 - Risk Profile analysis.run(002 - Risk Profile analysis:22)
	at com.kms.katalon.core.main.ScriptEngine.run(ScriptEngine.java:194)
	at com.kms.katalon.core.main.ScriptEngine.runScriptAsRawText(ScriptEngine.java:119)
	at com.kms.katalon.core.main.TestCaseExecutor.runScript(TestCaseExecutor.java:398)
	at com.kms.katalon.core.main.TestCaseExecutor.doExecute(TestCaseExecutor.java:389)
	at com.kms.katalon.core.main.TestCaseExecutor.processExecutionPhase(TestCaseExecutor.java:368)
	at com.kms.katalon.core.main.TestCaseExecutor.accessMainPhase(TestCaseExecutor.java:360)
	at com.kms.katalon.core.main.TestCaseExecutor.execute(TestCaseExecutor.java:255)
	at com.kms.katalon.core.main.TestSuiteExecutor.accessTestCaseMainPhase(TestSuiteExecutor.java:203)
	at com.kms.katalon.core.main.TestSuiteExecutor.accessTestSuiteMainPhase(TestSuiteExecutor.java:152)
	at com.kms.katalon.core.main.TestSuiteExecutor.execute(TestSuiteExecutor.java:95)
	at com.kms.katalon.core.main.TestCaseMain.startTestSuite(TestCaseMain.java:157)
	at com.kms.katalon.core.main.TestCaseMain$startTestSuite$0.call(Unknown Source)
	at TempTestSuite1638755366439.run(TempTestSuite1638755366439.groovy:39)
)

2021-12-06 08:51:29 - [TEST_STEP][FAILED] - for ([j = 1, j <= 5, (j++)]): Failed to check for element 'Object Repository/Mobile/Page/Profile/Container - Risk Profile 2' exist (Root cause: com.kms.katalon.core.exception.StepFailedException: Element 'Object Repository/Mobile/Page/Profile/Container - Risk Profile 2' not found
	at com.kms.katalon.core.keyword.internal.KeywordMain.stepFailed(KeywordMain.groovy:50)
	at com.kms.katalon.core.mobile.keyword.internal.MobileKeywordMain.stepFailed(MobileKeywordMain.groovy:40)
	at com.kms.katalon.core.mobile.keyword.builtin.VerifyElementExistKeyword$_verifyElementExist_closure1.doCall(VerifyElementExistKeyword.groovy:77)
	at com.kms.katalon.core.mobile.keyword.builtin.VerifyElementExistKeyword$_verifyElementExist_closure1.call(VerifyElementExistKeyword.groovy)
	at com.kms.katalon.core.mobile.keyword.internal.MobileKeywordMain.runKeyword(MobileKeywordMain.groovy:21)
	at com.kms.katalon.core.mobile.keyword.builtin.VerifyElementExistKeyword.verifyElementExist(VerifyElementExistKeyword.groovy:80)
	at com.kms.katalon.core.mobile.keyword.builtin.VerifyElementExistKeyword.execute(VerifyElementExistKeyword.groovy:64)
	at com.kms.katalon.core.keyword.internal.KeywordExecutor.executeKeywordForPlatform(KeywordExecutor.groovy:73)
	at com.kms.katalon.core.mobile.keyword.MobileBuiltInKeywords.verifyElementExist(MobileBuiltInKeywords.groovy:1586)
	at com.kms.katalon.core.mobile.keyword.MobileBuiltInKeywords$verifyElementExist$10.call(Unknown Source)
	at NavigationMenu.run(NavigationMenu:53)
	at com.kms.katalon.core.main.ScriptEngine.run(ScriptEngine.java:194)
	at com.kms.katalon.core.main.ScriptEngine.runScriptAsRawText(ScriptEngine.java:119)
	at com.kms.katalon.core.main.TestCaseExecutor.runScript(TestCaseExecutor.java:398)
	at com.kms.katalon.core.main.TestCaseExecutor.doExecute(TestCaseExecutor.java:389)
	at com.kms.katalon.core.main.TestCaseExecutor.processExecutionPhase(TestCaseExecutor.java:368)
	at com.kms.katalon.core.main.TestCaseExecutor.accessMainPhase(TestCaseExecutor.java:360)
	at com.kms.katalon.core.main.TestCaseExecutor.execute(TestCaseExecutor.java:255)
	at com.kms.katalon.core.main.TestCaseMain.runTestCase(TestCaseMain.java:114)
	at com.kms.katalon.core.keyword.builtin.CallTestCaseKeyword$_callTestCase_closure1.doCall(CallTestCaseKeyword.groovy:59)
	at com.kms.katalon.core.keyword.builtin.CallTestCaseKeyword$_callTestCase_closure1.call(CallTestCaseKeyword.groovy)
	at com.kms.katalon.core.keyword.internal.KeywordMain.runKeyword(KeywordMain.groovy:68)
	at com.kms.katalon.core.keyword.builtin.CallTestCaseKeyword.callTestCase(CallTestCaseKeyword.groovy:81)
	at com.kms.katalon.core.keyword.builtin.CallTestCaseKeyword.execute(CallTestCaseKeyword.groovy:44)
	at com.kms.katalon.core.keyword.internal.KeywordExecutor.executeKeywordForPlatform(KeywordExecutor.groovy:73)
	at com.kms.katalon.core.keyword.BuiltinKeywords.callTestCase(BuiltinKeywords.groovy:334)
	at 002 - Risk Profile analysis.run(002 - Risk Profile analysis:22)
	at com.kms.katalon.core.main.ScriptEngine.run(ScriptEngine.java:194)
	at com.kms.katalon.core.main.ScriptEngine.runScriptAsRawText(ScriptEngine.java:119)
	at com.kms.katalon.core.main.TestCaseExecutor.runScript(TestCaseExecutor.java:398)
	at com.kms.katalon.core.main.TestCaseExecutor.doExecute(TestCaseExecutor.java:389)
	at com.kms.katalon.core.main.TestCaseExecutor.processExecutionPhase(TestCaseExecutor.java:368)
	at com.kms.katalon.core.main.TestCaseExecutor.accessMainPhase(TestCaseExecutor.java:360)
	at com.kms.katalon.core.main.TestCaseExecutor.execute(TestCaseExecutor.java:255)
	at com.kms.katalon.core.main.TestSuiteExecutor.accessTestCaseMainPhase(TestSuiteExecutor.java:203)
	at com.kms.katalon.core.main.TestSuiteExecutor.accessTestSuiteMainPhase(TestSuiteExecutor.java:152)
	at com.kms.katalon.core.main.TestSuiteExecutor.execute(TestSuiteExecutor.java:95)
	at com.kms.katalon.core.main.TestCaseMain.startTestSuite(TestCaseMain.java:157)
	at com.kms.katalon.core.main.TestCaseMain$startTestSuite$0.call(Unknown Source)
	at TempTestSuite1638755366439.run(TempTestSuite1638755366439.groovy:39)
)

2021-12-06 08:51:29 - [TEST_STEP][PASSED] - bestsuited = verifyElementExist(findTestObject("Object Repository/Mobile/Page/Profile/Container - Risk Profile 2"), 2): Element 'Object Repository/Mobile/Page/Profile/Container - Risk Profile 2' is exist

2021-12-06 08:51:29 - [MESSAGE][PASSED] - Element 'Object Repository/Mobile/Page/Profile/Container - Risk Profile 2' is exist

2021-12-06 08:51:29 - [TEST_STEP][PASSED] - if (!(bestsuited)): null

2021-12-06 08:51:29 - [TEST_STEP][PASSED] - x = getDeviceWidth() * 0.2 * j: Current device physical width is 720

2021-12-06 08:51:29 - [MESSAGE][PASSED] - Current device physical width is 720

2021-12-06 08:51:29 - [TEST_STEP][PASSED] - tapAtPosition(x, y): Tapped at [144, 558]

2021-12-06 08:51:29 - [MESSAGE][PASSED] - Tapped at [144, 558]

2021-12-06 08:51:29 - [TEST_STEP][PASSED] - delay(1): Delayed 1 second(s)

2021-12-06 08:51:30 - [MESSAGE][PASSED] - Delayed 1 second(s)

2021-12-06 08:51:30 - [TEST_STEP][PASSED] - bestsuited = verifyElementExist(findTestObject("Object Repository/Mobile/Page/Profile/Container - Risk Profile 2"), 2): Element 'Object Repository/Mobile/Page/Profile/Container - Risk Profile 2' is exist

2021-12-06 08:51:31 - [MESSAGE][PASSED] - Element 'Object Repository/Mobile/Page/Profile/Container - Risk Profile 2' is exist

2021-12-06 08:51:31 - [TEST_STEP][PASSED] - if (!(bestsuited)): null

2021-12-06 08:51:31 - [TEST_STEP][PASSED] - x = getDeviceWidth() * 0.2 * j: Current device physical width is 720

2021-12-06 08:51:31 - [MESSAGE][PASSED] - Current device physical width is 720

2021-12-06 08:51:31 - [TEST_STEP][PASSED] - tapAtPosition(x, y): Tapped at [288, 558]

2021-12-06 08:51:31 - [MESSAGE][PASSED] - Tapped at [288, 558]

2021-12-06 08:51:31 - [TEST_STEP][PASSED] - delay(1): Delayed 1 second(s)

2021-12-06 08:51:32 - [MESSAGE][PASSED] - Delayed 1 second(s)

2021-12-06 08:51:32 - [TEST_STEP][FAILED] - bestsuited = verifyElementExist(findTestObject("Object Repository/Mobile/Page/Profile/Container - Risk Profile 2"), 2): Failed to check for element 'Object Repository/Mobile/Page/Profile/Container - Risk Profile 2' exist (Root cause: com.kms.katalon.core.exception.StepFailedException: Element 'Object Repository/Mobile/Page/Profile/Container - Risk Profile 2' not found
	at com.kms.katalon.core.keyword.internal.KeywordMain.stepFailed(KeywordMain.groovy:50)
	at com.kms.katalon.core.mobile.keyword.internal.MobileKeywordMain.stepFailed(MobileKeywordMain.groovy:40)
	at com.kms.katalon.core.mobile.keyword.builtin.VerifyElementExistKeyword$_verifyElementExist_closure1.doCall(VerifyElementExistKeyword.groovy:77)
	at com.kms.katalon.core.mobile.keyword.builtin.VerifyElementExistKeyword$_verifyElementExist_closure1.call(VerifyElementExistKeyword.groovy)
	at com.kms.katalon.core.mobile.keyword.internal.MobileKeywordMain.runKeyword(MobileKeywordMain.groovy:21)
	at com.kms.katalon.core.mobile.keyword.builtin.VerifyElementExistKeyword.verifyElementExist(VerifyElementExistKeyword.groovy:80)
	at com.kms.katalon.core.mobile.keyword.builtin.VerifyElementExistKeyword.execute(VerifyElementExistKeyword.groovy:64)
	at com.kms.katalon.core.keyword.internal.KeywordExecutor.executeKeywordForPlatform(KeywordExecutor.groovy:73)
	at com.kms.katalon.core.mobile.keyword.MobileBuiltInKeywords.verifyElementExist(MobileBuiltInKeywords.groovy:1586)
	at com.kms.katalon.core.mobile.keyword.MobileBuiltInKeywords$verifyElementExist$10.call(Unknown Source)
	at NavigationMenu.run(NavigationMenu:53)
	at com.kms.katalon.core.main.ScriptEngine.run(ScriptEngine.java:194)
	at com.kms.katalon.core.main.ScriptEngine.runScriptAsRawText(ScriptEngine.java:119)
	at com.kms.katalon.core.main.TestCaseExecutor.runScript(TestCaseExecutor.java:398)
	at com.kms.katalon.core.main.TestCaseExecutor.doExecute(TestCaseExecutor.java:389)
	at com.kms.katalon.core.main.TestCaseExecutor.processExecutionPhase(TestCaseExecutor.java:368)
	at com.kms.katalon.core.main.TestCaseExecutor.accessMainPhase(TestCaseExecutor.java:360)
	at com.kms.katalon.core.main.TestCaseExecutor.execute(TestCaseExecutor.java:255)
	at com.kms.katalon.core.main.TestCaseMain.runTestCase(TestCaseMain.java:114)
	at com.kms.katalon.core.keyword.builtin.CallTestCaseKeyword$_callTestCase_closure1.doCall(CallTestCaseKeyword.groovy:59)
	at com.kms.katalon.core.keyword.builtin.CallTestCaseKeyword$_callTestCase_closure1.call(CallTestCaseKeyword.groovy)
	at com.kms.katalon.core.keyword.internal.KeywordMain.runKeyword(KeywordMain.groovy:68)
	at com.kms.katalon.core.keyword.builtin.CallTestCaseKeyword.callTestCase(CallTestCaseKeyword.groovy:81)
	at com.kms.katalon.core.keyword.builtin.CallTestCaseKeyword.execute(CallTestCaseKeyword.groovy:44)
	at com.kms.katalon.core.keyword.internal.KeywordExecutor.executeKeywordForPlatform(KeywordExecutor.groovy:73)
	at com.kms.katalon.core.keyword.BuiltinKeywords.callTestCase(BuiltinKeywords.groovy:334)
	at 002 - Risk Profile analysis.run(002 - Risk Profile analysis:22)
	at com.kms.katalon.core.main.ScriptEngine.run(ScriptEngine.java:194)
	at com.kms.katalon.core.main.ScriptEngine.runScriptAsRawText(ScriptEngine.java:119)
	at com.kms.katalon.core.main.TestCaseExecutor.runScript(TestCaseExecutor.java:398)
	at com.kms.katalon.core.main.TestCaseExecutor.doExecute(TestCaseExecutor.java:389)
	at com.kms.katalon.core.main.TestCaseExecutor.processExecutionPhase(TestCaseExecutor.java:368)
	at com.kms.katalon.core.main.TestCaseExecutor.accessMainPhase(TestCaseExecutor.java:360)
	at com.kms.katalon.core.main.TestCaseExecutor.execute(TestCaseExecutor.java:255)
	at com.kms.katalon.core.main.TestSuiteExecutor.accessTestCaseMainPhase(TestSuiteExecutor.java:203)
	at com.kms.katalon.core.main.TestSuiteExecutor.accessTestSuiteMainPhase(TestSuiteExecutor.java:152)
	at com.kms.katalon.core.main.TestSuiteExecutor.execute(TestSuiteExecutor.java:95)
	at com.kms.katalon.core.main.TestCaseMain.startTestSuite(TestCaseMain.java:157)
	at com.kms.katalon.core.main.TestCaseMain$startTestSuite$0.call(Unknown Source)
	at TempTestSuite1638755366439.run(TempTestSuite1638755366439.groovy:39)
)

2021-12-06 08:51:35 - [MESSAGE][FAILED] - Element 'Object Repository/Mobile/Page/Profile/Container - Risk Profile 2' not found
[[ATTACHMENT|C:\\Users\\Owner\\Documents\\kerjaan\\KatalonProject\\qa-katalon-maxfund2\\Reports\\20211206_084926\\navigationmenu\\20211206_084926\\1638755494789.png]]

2021-12-06 08:51:36 - [MESSAGE][FAILED] - Failed to check for element 'Object Repository/Mobile/Page/Profile/Container - Risk Profile 2' exist (Root cause: com.kms.katalon.core.exception.StepFailedException: Element 'Object Repository/Mobile/Page/Profile/Container - Risk Profile 2' not found
	at com.kms.katalon.core.keyword.internal.KeywordMain.stepFailed(KeywordMain.groovy:50)
	at com.kms.katalon.core.mobile.keyword.internal.MobileKeywordMain.stepFailed(MobileKeywordMain.groovy:40)
	at com.kms.katalon.core.mobile.keyword.builtin.VerifyElementExistKeyword$_verifyElementExist_closure1.doCall(VerifyElementExistKeyword.groovy:77)
	at com.kms.katalon.core.mobile.keyword.builtin.VerifyElementExistKeyword$_verifyElementExist_closure1.call(VerifyElementExistKeyword.groovy)
	at com.kms.katalon.core.mobile.keyword.internal.MobileKeywordMain.runKeyword(MobileKeywordMain.groovy:21)
	at com.kms.katalon.core.mobile.keyword.builtin.VerifyElementExistKeyword.verifyElementExist(VerifyElementExistKeyword.groovy:80)
	at com.kms.katalon.core.mobile.keyword.builtin.VerifyElementExistKeyword.execute(VerifyElementExistKeyword.groovy:64)
	at com.kms.katalon.core.keyword.internal.KeywordExecutor.executeKeywordForPlatform(KeywordExecutor.groovy:73)
	at com.kms.katalon.core.mobile.keyword.MobileBuiltInKeywords.verifyElementExist(MobileBuiltInKeywords.groovy:1586)
	at com.kms.katalon.core.mobile.keyword.MobileBuiltInKeywords$verifyElementExist$10.call(Unknown Source)
	at NavigationMenu.run(NavigationMenu:53)
	at com.kms.katalon.core.main.ScriptEngine.run(ScriptEngine.java:194)
	at com.kms.katalon.core.main.ScriptEngine.runScriptAsRawText(ScriptEngine.java:119)
	at com.kms.katalon.core.main.TestCaseExecutor.runScript(TestCaseExecutor.java:398)
	at com.kms.katalon.core.main.TestCaseExecutor.doExecute(TestCaseExecutor.java:389)
	at com.kms.katalon.core.main.TestCaseExecutor.processExecutionPhase(TestCaseExecutor.java:368)
	at com.kms.katalon.core.main.TestCaseExecutor.accessMainPhase(TestCaseExecutor.java:360)
	at com.kms.katalon.core.main.TestCaseExecutor.execute(TestCaseExecutor.java:255)
	at com.kms.katalon.core.main.TestCaseMain.runTestCase(TestCaseMain.java:114)
	at com.kms.katalon.core.keyword.builtin.CallTestCaseKeyword$_callTestCase_closure1.doCall(CallTestCaseKeyword.groovy:59)
	at com.kms.katalon.core.keyword.builtin.CallTestCaseKeyword$_callTestCase_closure1.call(CallTestCaseKeyword.groovy)
	at com.kms.katalon.core.keyword.internal.KeywordMain.runKeyword(KeywordMain.groovy:68)
	at com.kms.katalon.core.keyword.builtin.CallTestCaseKeyword.callTestCase(CallTestCaseKeyword.groovy:81)
	at com.kms.katalon.core.keyword.builtin.CallTestCaseKeyword.execute(CallTestCaseKeyword.groovy:44)
	at com.kms.katalon.core.keyword.internal.KeywordExecutor.executeKeywordForPlatform(KeywordExecutor.groovy:73)
	at com.kms.katalon.core.keyword.BuiltinKeywords.callTestCase(BuiltinKeywords.groovy:334)
	at 002 - Risk Profile analysis.run(002 - Risk Profile analysis:22)
	at com.kms.katalon.core.main.ScriptEngine.run(ScriptEngine.java:194)
	at com.kms.katalon.core.main.ScriptEngine.runScriptAsRawText(ScriptEngine.java:119)
	at com.kms.katalon.core.main.TestCaseExecutor.runScript(TestCaseExecutor.java:398)
	at com.kms.katalon.core.main.TestCaseExecutor.doExecute(TestCaseExecutor.java:389)
	at com.kms.katalon.core.main.TestCaseExecutor.processExecutionPhase(TestCaseExecutor.java:368)
	at com.kms.katalon.core.main.TestCaseExecutor.accessMainPhase(TestCaseExecutor.java:360)
	at com.kms.katalon.core.main.TestCaseExecutor.execute(TestCaseExecutor.java:255)
	at com.kms.katalon.core.main.TestSuiteExecutor.accessTestCaseMainPhase(TestSuiteExecutor.java:203)
	at com.kms.katalon.core.main.TestSuiteExecutor.accessTestSuiteMainPhase(TestSuiteExecutor.java:152)
	at com.kms.katalon.core.main.TestSuiteExecutor.execute(TestSuiteExecutor.java:95)
	at com.kms.katalon.core.main.TestCaseMain.startTestSuite(TestCaseMain.java:157)
	at com.kms.katalon.core.main.TestCaseMain$startTestSuite$0.call(Unknown Source)
	at TempTestSuite1638755366439.run(TempTestSuite1638755366439.groovy:39)
)
[[ATTACHMENT|C:\\Users\\Owner\\Documents\\kerjaan\\KatalonProject\\qa-katalon-maxfund2\\Reports\\20211206_084926\\navigationmenu\\20211206_084926\\1638755495521.png]]

2021-12-06 08:51:36 - [TEST_STEP][PASSED] - catch (Exception e): null

2021-12-06 08:51:36 - [TEST_STEP][PASSED] - positionclick.positionclick.clickButtonInBottom(findTestObject("Object Repository/Mobile/Page/Profile/Risk Profile/Dropdown - How Long 2")): positionclick.positionclick.clickButtonInBottom is PASSED

2021-12-06 08:51:36 - [MESSAGE][PASSED] - Current device physical width is 720

2021-12-06 08:51:36 - [MESSAGE][WARNING] - Timeout '0' is invalid. Using default page load timeout: '60'

2021-12-06 08:51:36 - [MESSAGE][PASSED] - Object 'Object Repository/Mobile/Page/Profile/Risk Profile/Dropdown - How Long 2' has top position '151'

2021-12-06 08:51:36 - [MESSAGE][WARNING] - Timeout '0' is invalid. Using default page load timeout: '60'

2021-12-06 08:51:36 - [MESSAGE][PASSED] - Object 'Object Repository/Mobile/Page/Profile/Risk Profile/Dropdown - How Long 2' has height: '126'

2021-12-06 08:51:37 - [MESSAGE][PASSED] - Tapped at [360, 251]

2021-12-06 08:51:37 - [MESSAGE][PASSED] - positionclick.positionclick.clickButtonInBottom is PASSED

2021-12-06 08:51:37 - [TEST_STEP][PASSED] - delay(1): Delayed 1 second(s)

2021-12-06 08:51:39 - [MESSAGE][PASSED] - Delayed 1 second(s)

2021-12-06 08:51:39 - [TEST_STEP][PASSED] - tap(findTestObject("Object Repository/Mobile/Page/Profile/Risk Profile/Option How Long - 1 to 3"), 0): Tapped on element 'Object Repository/Mobile/Page/Profile/Risk Profile/Option How Long - 1 to 3'

2021-12-06 08:51:39 - [MESSAGE][WARNING] - Timeout '0' is invalid. Using default page load timeout: '60'

2021-12-06 08:51:40 - [MESSAGE][PASSED] - Tapped on element 'Object Repository/Mobile/Page/Profile/Risk Profile/Option How Long - 1 to 3'

2021-12-06 08:51:40 - [TEST_STEP][PASSED] - delay(1): Delayed 1 second(s)

2021-12-06 08:51:41 - [MESSAGE][PASSED] - Delayed 1 second(s)

2021-12-06 08:51:41 - [TEST_STEP][PASSED] - positionclick.positionclick.clickButtonInBottom(findTestObject("Object Repository/Mobile/Page/Profile/Risk Profile/Dropdown - Investment Goal")): positionclick.positionclick.clickButtonInBottom is PASSED

2021-12-06 08:51:41 - [MESSAGE][PASSED] - Current device physical width is 720

2021-12-06 08:51:41 - [MESSAGE][WARNING] - Timeout '0' is invalid. Using default page load timeout: '60'

2021-12-06 08:51:41 - [MESSAGE][PASSED] - Object 'Object Repository/Mobile/Page/Profile/Risk Profile/Dropdown - Investment Goal' has top position '303'

2021-12-06 08:51:41 - [MESSAGE][WARNING] - Timeout '0' is invalid. Using default page load timeout: '60'

2021-12-06 08:51:41 - [MESSAGE][PASSED] - Object 'Object Repository/Mobile/Page/Profile/Risk Profile/Dropdown - Investment Goal' has height: '126'

2021-12-06 08:51:42 - [MESSAGE][PASSED] - Tapped at [360, 403]

2021-12-06 08:51:42 - [MESSAGE][PASSED] - positionclick.positionclick.clickButtonInBottom is PASSED

2021-12-06 08:51:42 - [TEST_STEP][PASSED] - delay(1): Delayed 1 second(s)

2021-12-06 08:51:43 - [MESSAGE][PASSED] - Delayed 1 second(s)

2021-12-06 08:51:43 - [TEST_STEP][PASSED] - tap(findTestObject("Object Repository/Mobile/Page/Profile/Risk Profile/Option Investment Goal - Additional Income"), 0): Tapped on element 'Object Repository/Mobile/Page/Profile/Risk Profile/Option Investment Goal - Additional Income'

2021-12-06 08:51:43 - [MESSAGE][WARNING] - Timeout '0' is invalid. Using default page load timeout: '60'

2021-12-06 08:51:45 - [MESSAGE][PASSED] - Tapped on element 'Object Repository/Mobile/Page/Profile/Risk Profile/Option Investment Goal - Additional Income'

2021-12-06 08:51:45 - [TEST_STEP][PASSED] - delay(1): Delayed 1 second(s)

2021-12-06 08:51:46 - [MESSAGE][PASSED] - Delayed 1 second(s)

2021-12-06 08:51:46 - [TEST_STEP][PASSED] - positionclick.positionclick.clickButtonInBottom(findTestObject("Object Repository/Mobile/Page/Profile/Risk Profile/Dropdown - General Knowledge")): positionclick.positionclick.clickButtonInBottom is PASSED

2021-12-06 08:51:46 - [MESSAGE][PASSED] - Current device physical width is 720

2021-12-06 08:51:46 - [MESSAGE][WARNING] - Timeout '0' is invalid. Using default page load timeout: '60'

2021-12-06 08:51:46 - [MESSAGE][PASSED] - Object 'Object Repository/Mobile/Page/Profile/Risk Profile/Dropdown - General Knowledge' has top position '456'

2021-12-06 08:51:46 - [MESSAGE][WARNING] - Timeout '0' is invalid. Using default page load timeout: '60'

2021-12-06 08:51:46 - [MESSAGE][PASSED] - Object 'Object Repository/Mobile/Page/Profile/Risk Profile/Dropdown - General Knowledge' has height: '126'

2021-12-06 08:51:46 - [MESSAGE][PASSED] - Tapped at [360, 556]

2021-12-06 08:51:46 - [MESSAGE][PASSED] - positionclick.positionclick.clickButtonInBottom is PASSED

2021-12-06 08:51:46 - [TEST_STEP][PASSED] - delay(1): Delayed 1 second(s)

2021-12-06 08:51:47 - [MESSAGE][PASSED] - Delayed 1 second(s)

2021-12-06 08:51:47 - [TEST_STEP][PASSED] - tap(findTestObject("Object Repository/Mobile/Page/Profile/Risk Profile/Option General Knowledge - Good"), 0): Tapped on element 'Object Repository/Mobile/Page/Profile/Risk Profile/Option General Knowledge - Good'

2021-12-06 08:51:47 - [MESSAGE][WARNING] - Timeout '0' is invalid. Using default page load timeout: '60'

2021-12-06 08:51:49 - [MESSAGE][PASSED] - Tapped on element 'Object Repository/Mobile/Page/Profile/Risk Profile/Option General Knowledge - Good'

2021-12-06 08:51:49 - [TEST_STEP][PASSED] - delay(1): Delayed 1 second(s)

2021-12-06 08:51:50 - [MESSAGE][PASSED] - Delayed 1 second(s)

2021-12-06 08:51:50 - [TEST_STEP][PASSED] - positionclick.positionclick.clickButtonInBottom(findTestObject("Object Repository/Mobile/Page/Profile/Risk Profile/Dropdown - Total Amount")): positionclick.positionclick.clickButtonInBottom is PASSED

2021-12-06 08:51:50 - [MESSAGE][PASSED] - Current device physical width is 720

2021-12-06 08:51:50 - [MESSAGE][WARNING] - Timeout '0' is invalid. Using default page load timeout: '60'

2021-12-06 08:51:50 - [MESSAGE][PASSED] - Object 'Object Repository/Mobile/Page/Profile/Risk Profile/Dropdown - Total Amount' has top position '608'

2021-12-06 08:51:50 - [MESSAGE][WARNING] - Timeout '0' is invalid. Using default page load timeout: '60'

2021-12-06 08:51:50 - [MESSAGE][PASSED] - Object 'Object Repository/Mobile/Page/Profile/Risk Profile/Dropdown - Total Amount' has height: '126'

2021-12-06 08:51:51 - [MESSAGE][PASSED] - Tapped at [360, 708]

2021-12-06 08:51:51 - [MESSAGE][PASSED] - positionclick.positionclick.clickButtonInBottom is PASSED

2021-12-06 08:51:51 - [TEST_STEP][PASSED] - delay(1): Delayed 1 second(s)

2021-12-06 08:51:52 - [MESSAGE][PASSED] - Delayed 1 second(s)

2021-12-06 08:51:52 - [TEST_STEP][PASSED] - tap(findTestObject("Object Repository/Mobile/Page/Profile/Risk Profile/Option Total Amount - Between 10 and 20"), 0): Tapped on element 'Object Repository/Mobile/Page/Profile/Risk Profile/Option Total Amount - Between 10 and 20'

2021-12-06 08:51:52 - [MESSAGE][WARNING] - Timeout '0' is invalid. Using default page load timeout: '60'

2021-12-06 08:51:54 - [MESSAGE][PASSED] - Tapped on element 'Object Repository/Mobile/Page/Profile/Risk Profile/Option Total Amount - Between 10 and 20'

2021-12-06 08:51:54 - [TEST_STEP][PASSED] - delay(1): Delayed 1 second(s)

2021-12-06 08:51:55 - [MESSAGE][PASSED] - Delayed 1 second(s)

2021-12-06 08:51:55 - [TEST_STEP][PASSED] - positionclick.positionclick.clickButtonInBottom(findTestObject("Object Repository/Mobile/Page/Profile/Risk Profile/Dropdown - Investment Goal")): positionclick.positionclick.clickButtonInBottom is PASSED

2021-12-06 08:51:55 - [MESSAGE][PASSED] - Current device physical width is 720

2021-12-06 08:51:55 - [MESSAGE][WARNING] - Timeout '0' is invalid. Using default page load timeout: '60'

2021-12-06 08:51:55 - [MESSAGE][PASSED] - Object 'Object Repository/Mobile/Page/Profile/Risk Profile/Dropdown - Investment Goal' has top position '303'

2021-12-06 08:51:55 - [MESSAGE][WARNING] - Timeout '0' is invalid. Using default page load timeout: '60'

2021-12-06 08:51:55 - [MESSAGE][PASSED] - Object 'Object Repository/Mobile/Page/Profile/Risk Profile/Dropdown - Investment Goal' has height: '126'

2021-12-06 08:51:56 - [MESSAGE][PASSED] - Tapped at [360, 403]

2021-12-06 08:51:56 - [MESSAGE][PASSED] - positionclick.positionclick.clickButtonInBottom is PASSED

2021-12-06 08:51:56 - [TEST_STEP][PASSED] - delay(1): Delayed 1 second(s)

2021-12-06 08:51:57 - [MESSAGE][PASSED] - Delayed 1 second(s)

2021-12-06 08:51:57 - [TEST_STEP][PASSED] - tap(findTestObject("Object Repository/Mobile/Page/Profile/Risk Profile/Option Risk Level - High"), 0): Tapped on element 'Object Repository/Mobile/Page/Profile/Risk Profile/Option Risk Level - High'

2021-12-06 08:51:57 - [MESSAGE][WARNING] - Timeout '0' is invalid. Using default page load timeout: '60'

2021-12-06 08:51:58 - [MESSAGE][PASSED] - Tapped on element 'Object Repository/Mobile/Page/Profile/Risk Profile/Option Risk Level - High'

2021-12-06 08:51:58 - [TEST_STEP][PASSED] - delay(1): Delayed 1 second(s)

2021-12-06 08:51:59 - [MESSAGE][PASSED] - Delayed 1 second(s)

2021-12-06 08:51:59 - [TEST_STEP][PASSED] - positionclick.positionclick.clickButtonInBottom(findTestObject("Object Repository/Mobile/Page/Profile/Risk Profile/Dropdown - Best Suited")): positionclick.positionclick.clickButtonInBottom is PASSED

2021-12-06 08:52:00 - [MESSAGE][PASSED] - Current device physical width is 720

2021-12-06 08:52:00 - [MESSAGE][WARNING] - Timeout '0' is invalid. Using default page load timeout: '60'

2021-12-06 08:52:00 - [MESSAGE][PASSED] - Object 'Object Repository/Mobile/Page/Profile/Risk Profile/Dropdown - Best Suited' has top position '912'

2021-12-06 08:52:00 - [MESSAGE][WARNING] - Timeout '0' is invalid. Using default page load timeout: '60'

2021-12-06 08:52:00 - [MESSAGE][PASSED] - Object 'Object Repository/Mobile/Page/Profile/Risk Profile/Dropdown - Best Suited' has height: '154'

2021-12-06 08:52:01 - [MESSAGE][PASSED] - Tapped at [360, 1,035]

2021-12-06 08:52:01 - [MESSAGE][PASSED] - positionclick.positionclick.clickButtonInBottom is PASSED

2021-12-06 08:52:01 - [TEST_STEP][PASSED] - delay(1): Delayed 1 second(s)

2021-12-06 08:52:02 - [MESSAGE][PASSED] - Delayed 1 second(s)

2021-12-06 08:52:02 - [TEST_STEP][PASSED] - tap(findTestObject("Object Repository/Mobile/Page/Profile/Risk Profile/Option Best Suited - Bonds"), 0): Tapped on element 'Object Repository/Mobile/Page/Profile/Risk Profile/Option Best Suited - Bonds'

2021-12-06 08:52:02 - [MESSAGE][WARNING] - Timeout '0' is invalid. Using default page load timeout: '60'

2021-12-06 08:52:03 - [MESSAGE][PASSED] - Tapped on element 'Object Repository/Mobile/Page/Profile/Risk Profile/Option Best Suited - Bonds'

2021-12-06 08:52:03 - [TEST_STEP][PASSED] - delay(1): Delayed 1 second(s)

2021-12-06 08:52:04 - [MESSAGE][PASSED] - Delayed 1 second(s)

2021-12-06 08:52:04 - [TEST_STEP][PASSED] - tap(findTestObject("Object Repository/Mobile/Page/Profile/Risk Profile/Button - Calculate Risk Profile"), 0): Tapped on element 'Object Repository/Mobile/Page/Profile/Risk Profile/Button - Calculate Risk Profile'

2021-12-06 08:52:04 - [MESSAGE][WARNING] - Timeout '0' is invalid. Using default page load timeout: '60'

2021-12-06 08:52:05 - [MESSAGE][PASSED] - Tapped on element 'Object Repository/Mobile/Page/Profile/Risk Profile/Button - Calculate Risk Profile'

2021-12-06 08:52:05 - [TEST_STEP][PASSED] - delay(1): Delayed 1 second(s)

2021-12-06 08:52:06 - [MESSAGE][PASSED] - Delayed 1 second(s)

2021-12-06 08:52:06 - [TEST_STEP][PASSED] - pressBack(): Press back button successfully

2021-12-06 08:52:07 - [MESSAGE][PASSED] - Press back button successfully

2021-12-06 08:52:07 - [MESSAGE][PASSED] - Call Test Case 'Test Cases/Mobile/Page/Navigation Menu/NavigationMenu' successfully

2021-12-06 08:52:07 - [TEST_STEP][PASSED] - callTestCase(findTestCase("Mobile/Page/Run App/Terminate App"), [:], STOP_ON_FAILURE): Call Test Case 'Test Cases/Mobile/Page/Run App/Terminate App' successfully

2021-12-06 08:52:07 - [TEST_CASE][PASSED] - Test Cases/Mobile/Page/Run App/Terminate App: Test Cases/Mobile/Page/Run App/Terminate App

2021-12-06 08:52:07 - [TEST_STEP][PASSED] - startApp.OpenApp.terminateApplication(): startApp.OpenApp.terminateApplication is PASSED

2021-12-06 08:52:11 - [MESSAGE][PASSED] - Delayed 3 second(s)

2021-12-06 08:52:11 - [MESSAGE][PASSED] - Current device physical width is 720

2021-12-06 08:52:11 - [MESSAGE][PASSED] - Current device physical height is 1423

2021-12-06 08:52:12 - [MESSAGE][PASSED] - Swiped from 360,853 to 360,142

2021-12-06 08:52:13 - [MESSAGE][PASSED] - Delayed 1 second(s)

2021-12-06 08:52:15 - [MESSAGE][PASSED] - Swiped from 360,853 to 360,142

2021-12-06 08:52:18 - [MESSAGE][PASSED] - Delayed 3 second(s)

2021-12-06 08:52:18 - [MESSAGE][PASSED] - startApp.OpenApp.terminateApplication is PASSED

2021-12-06 08:52:18 - [MESSAGE][PASSED] - Call Test Case 'Test Cases/Mobile/Page/Run App/Terminate App' successfully]]></system-out>
         <system-err><![CDATA[]]></system-err>
      </testcase>
      <testcase name="Test Cases/Mobile/Scenario/NavigationMenu/003 - Whatsapp message" time="61.063" classname="Test Cases/Mobile/Scenario/NavigationMenu/003 - Whatsapp message" status="PASSED">
         <system-out><![CDATA[2021-12-06 08:52:18 - [TEST_CASE][PASSED] - Test Cases/Mobile/Scenario/NavigationMenu/003 - Whatsapp message: Test Cases/Mobile/Scenario/NavigationMenu/003 - Whatsapp message

2021-12-06 08:52:18 - [TEST_STEP][PASSED] - callTestCase(findTestCase("Mobile/Page/Run App/Run App byID"), [:], STOP_ON_FAILURE): Call Test Case 'Test Cases/Mobile/Page/Run App/Run App byID' successfully

2021-12-06 08:52:18 - [TEST_CASE][PASSED] - Test Cases/Mobile/Page/Run App/Run App byID: Test Cases/Mobile/Page/Run App/Run App byID

2021-12-06 08:52:18 - [TEST_STEP][PASSED] - startApp.OpenApp.startApplication("id.co.miraeasset.sageclub"): startApp.OpenApp.startApplication is PASSED

2021-12-06 08:52:30 - [MESSAGE][PASSED] - Starting app with application ID: 'id.co.miraeasset.sageclub'

2021-12-06 08:52:30 - [MESSAGE][PASSED] - startApp.OpenApp.startApplication is PASSED

2021-12-06 08:52:30 - [MESSAGE][PASSED] - Call Test Case 'Test Cases/Mobile/Page/Run App/Run App byID' successfully

2021-12-06 08:52:30 - [TEST_STEP][PASSED] - callTestCase(findTestCase("Mobile/Page/Navigation Menu/NavigationMenu"), ["action":"wa"], CONTINUE_ON_FAILURE): Call Test Case 'Test Cases/Mobile/Page/Navigation Menu/NavigationMenu' successfully

2021-12-06 08:52:30 - [TEST_CASE][PASSED] - Test Cases/Mobile/Page/Navigation Menu/NavigationMenu: Test Cases/Mobile/Page/Navigation Menu/NavigationMenu

2021-12-06 08:52:30 - [TEST_STEP][PASSED] - loginCheck = verifyElementExist(findTestObject("Object Repository/Mobile/Page/Login/Button - Login"), 2, CONTINUE_ON_FAILURE): Element 'Object Repository/Mobile/Page/Login/Button - Login' is exist

2021-12-06 08:52:32 - [MESSAGE][PASSED] - Element 'Object Repository/Mobile/Page/Login/Button - Login' is exist

2021-12-06 08:52:32 - [TEST_STEP][PASSED] - if (loginCheck): Call Test Case 'Test Cases/Mobile/Page/Login/Login' successfully

2021-12-06 08:52:32 - [TEST_STEP][PASSED] - callTestCase(findTestCase("Mobile/Page/Login/Login"), [:], CONTINUE_ON_FAILURE): Call Test Case 'Test Cases/Mobile/Page/Login/Login' successfully

2021-12-06 08:52:32 - [TEST_CASE][PASSED] - Test Cases/Mobile/Page/Login/Login: Test Cases/Mobile/Page/Login/Login

2021-12-06 08:52:32 - [TEST_STEP][PASSED] - delay(2): Delayed 2 second(s)

2021-12-06 08:52:34 - [MESSAGE][PASSED] - Delayed 2 second(s)

2021-12-06 08:52:34 - [TEST_STEP][PASSED] - tap(findTestObject("Object Repository/Mobile/Page/Login/Input - UserID"), 0): Tapped on element 'Object Repository/Mobile/Page/Login/Input - UserID'

2021-12-06 08:52:34 - [MESSAGE][WARNING] - Timeout '0' is invalid. Using default page load timeout: '60'

2021-12-06 08:52:34 - [MESSAGE][PASSED] - Tapped on element 'Object Repository/Mobile/Page/Login/Input - UserID'

2021-12-06 08:52:34 - [TEST_STEP][PASSED] - delay(1): Delayed 1 second(s)

2021-12-06 08:52:35 - [MESSAGE][PASSED] - Delayed 1 second(s)

2021-12-06 08:52:35 - [TEST_STEP][PASSED] - setText(findTestObject("Object Repository/Mobile/Page/Login/Input Rdy - UserID"), "anggaaditya", 0): Text 'anggaaditya' has been set to element 'Object Repository/Mobile/Page/Login/Input Rdy - UserID'

2021-12-06 08:52:35 - [MESSAGE][WARNING] - Timeout '0' is invalid. Using default page load timeout: '60'

2021-12-06 08:52:36 - [MESSAGE][PASSED] - Text 'anggaaditya' has been set to element 'Object Repository/Mobile/Page/Login/Input Rdy - UserID'

2021-12-06 08:52:36 - [TEST_STEP][PASSED] - delay(1): Delayed 1 second(s)

2021-12-06 08:52:37 - [MESSAGE][PASSED] - Delayed 1 second(s)

2021-12-06 08:52:37 - [TEST_STEP][PASSED] - hideKeyboard(): Keyboard is hidden

2021-12-06 08:52:40 - [MESSAGE][PASSED] - Keyboard is hidden

2021-12-06 08:52:40 - [TEST_STEP][PASSED] - tap(findTestObject("Object Repository/Mobile/Page/Login/Input - Password"), 0): Tapped on element 'Object Repository/Mobile/Page/Login/Input - Password'

2021-12-06 08:52:40 - [MESSAGE][WARNING] - Timeout '0' is invalid. Using default page load timeout: '60'

2021-12-06 08:52:41 - [MESSAGE][PASSED] - Tapped on element 'Object Repository/Mobile/Page/Login/Input - Password'

2021-12-06 08:52:41 - [TEST_STEP][PASSED] - delay(1): Delayed 1 second(s)

2021-12-06 08:52:42 - [MESSAGE][PASSED] - Delayed 1 second(s)

2021-12-06 08:52:42 - [TEST_STEP][PASSED] - setText(findTestObject("Object Repository/Mobile/Page/Login/Input Rdy - Password"), "Shalawa18", 0): Text 'Shalawa18' has been set to element 'Object Repository/Mobile/Page/Login/Input Rdy - Password'

2021-12-06 08:52:42 - [MESSAGE][WARNING] - Timeout '0' is invalid. Using default page load timeout: '60'

2021-12-06 08:52:43 - [MESSAGE][PASSED] - Text 'Shalawa18' has been set to element 'Object Repository/Mobile/Page/Login/Input Rdy - Password'

2021-12-06 08:52:43 - [TEST_STEP][PASSED] - delay(1): Delayed 1 second(s)

2021-12-06 08:52:44 - [MESSAGE][PASSED] - Delayed 1 second(s)

2021-12-06 08:52:44 - [TEST_STEP][PASSED] - hideKeyboard(): Keyboard is hidden

2021-12-06 08:52:50 - [MESSAGE][PASSED] - Keyboard is hidden

2021-12-06 08:52:50 - [TEST_STEP][PASSED] - tap(findTestObject("Object Repository/Mobile/Page/Login/Button - Login"), 0): Tapped on element 'Object Repository/Mobile/Page/Login/Button - Login'

2021-12-06 08:52:50 - [MESSAGE][WARNING] - Timeout '0' is invalid. Using default page load timeout: '60'

2021-12-06 08:52:51 - [MESSAGE][PASSED] - Tapped on element 'Object Repository/Mobile/Page/Login/Button - Login'

2021-12-06 08:52:51 - [TEST_STEP][PASSED] - delay(2): Delayed 2 second(s)

2021-12-06 08:52:53 - [MESSAGE][PASSED] - Delayed 2 second(s)

2021-12-06 08:52:53 - [MESSAGE][PASSED] - Call Test Case 'Test Cases/Mobile/Page/Login/Login' successfully

2021-12-06 08:52:53 - [TEST_STEP][PASSED] - scroll.scroll.scrollScreenLeftToRight(): scroll.scroll.scrollScreenLeftToRight is PASSED

2021-12-06 08:52:53 - [MESSAGE][PASSED] - Current device physical height is 1423

2021-12-06 08:52:53 - [MESSAGE][PASSED] - Current device physical width is 720

2021-12-06 08:52:53 - [MESSAGE][PASSED] - Current device physical height is 1423

2021-12-06 08:52:55 - [MESSAGE][PASSED] - Swiped from 10,711 to 710,711

2021-12-06 08:52:55 - [MESSAGE][PASSED] - scroll.scroll.scrollScreenLeftToRight is PASSED

2021-12-06 08:52:55 - [TEST_STEP][PASSED] - delay(1): Delayed 1 second(s)

2021-12-06 08:52:56 - [MESSAGE][PASSED] - Delayed 1 second(s)

2021-12-06 08:52:56 - [TEST_STEP][PASSED] - for ([i = 0, i < 1, (i++)]): Delayed 2 second(s)

2021-12-06 08:52:56 - [TEST_STEP][PASSED] - if (action == "downloadtaxreport"): null

2021-12-06 08:52:56 - [TEST_STEP][PASSED] - else if (action == "analyzeprofile"): null

2021-12-06 08:52:56 - [TEST_STEP][PASSED] - else if (action == "wa"): Delayed 2 second(s)

2021-12-06 08:52:56 - [TEST_STEP][PASSED] - tap(findTestObject("Object Repository/Mobile/Page/Profile/Button - Whatsapp"), 0): Tapped on element 'Object Repository/Mobile/Page/Profile/Button - Whatsapp'

2021-12-06 08:52:56 - [MESSAGE][WARNING] - Timeout '0' is invalid. Using default page load timeout: '60'

2021-12-06 08:52:56 - [MESSAGE][PASSED] - Tapped on element 'Object Repository/Mobile/Page/Profile/Button - Whatsapp'

2021-12-06 08:52:56 - [TEST_STEP][PASSED] - delay(2): Delayed 2 second(s)

2021-12-06 08:52:58 - [MESSAGE][PASSED] - Delayed 2 second(s)

2021-12-06 08:52:58 - [MESSAGE][PASSED] - Call Test Case 'Test Cases/Mobile/Page/Navigation Menu/NavigationMenu' successfully

2021-12-06 08:52:58 - [TEST_STEP][PASSED] - callTestCase(findTestCase("Mobile/Page/Run App/Terminate App"), [:], STOP_ON_FAILURE): Call Test Case 'Test Cases/Mobile/Page/Run App/Terminate App' successfully

2021-12-06 08:52:58 - [TEST_CASE][PASSED] - Test Cases/Mobile/Page/Run App/Terminate App: Test Cases/Mobile/Page/Run App/Terminate App

2021-12-06 08:52:58 - [TEST_STEP][PASSED] - startApp.OpenApp.terminateApplication(): startApp.OpenApp.terminateApplication is PASSED

2021-12-06 08:53:01 - [MESSAGE][PASSED] - Delayed 3 second(s)

2021-12-06 08:53:02 - [MESSAGE][PASSED] - Current device physical width is 720

2021-12-06 08:53:02 - [MESSAGE][PASSED] - Current device physical height is 1423

2021-12-06 08:53:03 - [MESSAGE][PASSED] - Swiped from 360,853 to 360,142

2021-12-06 08:53:04 - [MESSAGE][PASSED] - Delayed 1 second(s)

2021-12-06 08:53:05 - [MESSAGE][PASSED] - Swiped from 360,853 to 360,142

2021-12-06 08:53:09 - [MESSAGE][PASSED] - Delayed 3 second(s)

2021-12-06 08:53:09 - [MESSAGE][PASSED] - startApp.OpenApp.terminateApplication is PASSED

2021-12-06 08:53:09 - [MESSAGE][PASSED] - Call Test Case 'Test Cases/Mobile/Page/Run App/Terminate App' successfully

2021-12-06 08:53:09 - [TEST_STEP][PASSED] - callTestCase(findTestCase("Mobile/Page/Run App/Terminate App"), [:], STOP_ON_FAILURE): Call Test Case 'Test Cases/Mobile/Page/Run App/Terminate App' successfully

2021-12-06 08:53:09 - [TEST_CASE][PASSED] - Test Cases/Mobile/Page/Run App/Terminate App: Test Cases/Mobile/Page/Run App/Terminate App

2021-12-06 08:53:09 - [TEST_STEP][PASSED] - startApp.OpenApp.terminateApplication(): startApp.OpenApp.terminateApplication is PASSED

2021-12-06 08:53:12 - [MESSAGE][PASSED] - Delayed 3 second(s)

2021-12-06 08:53:12 - [MESSAGE][PASSED] - Current device physical width is 720

2021-12-06 08:53:12 - [MESSAGE][PASSED] - Current device physical height is 1423

2021-12-06 08:53:13 - [MESSAGE][PASSED] - Swiped from 360,853 to 360,142

2021-12-06 08:53:14 - [MESSAGE][PASSED] - Delayed 1 second(s)

2021-12-06 08:53:16 - [MESSAGE][PASSED] - Swiped from 360,853 to 360,142

2021-12-06 08:53:19 - [MESSAGE][PASSED] - Delayed 3 second(s)

2021-12-06 08:53:19 - [MESSAGE][PASSED] - startApp.OpenApp.terminateApplication is PASSED

2021-12-06 08:53:19 - [MESSAGE][PASSED] - Call Test Case 'Test Cases/Mobile/Page/Run App/Terminate App' successfully]]></system-out>
         <system-err><![CDATA[]]></system-err>
      </testcase>
      <testcase name="Test Cases/Mobile/Scenario/NavigationMenu/004 - Email button" time="61.59" classname="Test Cases/Mobile/Scenario/NavigationMenu/004 - Email button" status="PASSED">
         <system-out><![CDATA[2021-12-06 08:53:19 - [TEST_CASE][PASSED] - Test Cases/Mobile/Scenario/NavigationMenu/004 - Email button: Test Cases/Mobile/Scenario/NavigationMenu/004 - Email button

2021-12-06 08:53:19 - [TEST_STEP][PASSED] - callTestCase(findTestCase("Mobile/Page/Run App/Run App byID"), [:], STOP_ON_FAILURE): Call Test Case 'Test Cases/Mobile/Page/Run App/Run App byID' successfully

2021-12-06 08:53:19 - [TEST_CASE][PASSED] - Test Cases/Mobile/Page/Run App/Run App byID: Test Cases/Mobile/Page/Run App/Run App byID

2021-12-06 08:53:19 - [TEST_STEP][PASSED] - startApp.OpenApp.startApplication("id.co.miraeasset.sageclub"): startApp.OpenApp.startApplication is PASSED

2021-12-06 08:53:31 - [MESSAGE][PASSED] - Starting app with application ID: 'id.co.miraeasset.sageclub'

2021-12-06 08:53:31 - [MESSAGE][PASSED] - startApp.OpenApp.startApplication is PASSED

2021-12-06 08:53:31 - [MESSAGE][PASSED] - Call Test Case 'Test Cases/Mobile/Page/Run App/Run App byID' successfully

2021-12-06 08:53:31 - [TEST_STEP][PASSED] - callTestCase(findTestCase("Mobile/Page/Navigation Menu/NavigationMenu"), ["action":"email"], CONTINUE_ON_FAILURE): Call Test Case 'Test Cases/Mobile/Page/Navigation Menu/NavigationMenu' successfully

2021-12-06 08:53:31 - [TEST_CASE][PASSED] - Test Cases/Mobile/Page/Navigation Menu/NavigationMenu: Test Cases/Mobile/Page/Navigation Menu/NavigationMenu

2021-12-06 08:53:31 - [TEST_STEP][PASSED] - loginCheck = verifyElementExist(findTestObject("Object Repository/Mobile/Page/Login/Button - Login"), 2, CONTINUE_ON_FAILURE): Element 'Object Repository/Mobile/Page/Login/Button - Login' is exist

2021-12-06 08:53:33 - [MESSAGE][PASSED] - Element 'Object Repository/Mobile/Page/Login/Button - Login' is exist

2021-12-06 08:53:33 - [TEST_STEP][PASSED] - if (loginCheck): Call Test Case 'Test Cases/Mobile/Page/Login/Login' successfully

2021-12-06 08:53:33 - [TEST_STEP][PASSED] - callTestCase(findTestCase("Mobile/Page/Login/Login"), [:], CONTINUE_ON_FAILURE): Call Test Case 'Test Cases/Mobile/Page/Login/Login' successfully

2021-12-06 08:53:33 - [TEST_CASE][PASSED] - Test Cases/Mobile/Page/Login/Login: Test Cases/Mobile/Page/Login/Login

2021-12-06 08:53:33 - [TEST_STEP][PASSED] - delay(2): Delayed 2 second(s)

2021-12-06 08:53:35 - [MESSAGE][PASSED] - Delayed 2 second(s)

2021-12-06 08:53:35 - [TEST_STEP][PASSED] - tap(findTestObject("Object Repository/Mobile/Page/Login/Input - UserID"), 0): Tapped on element 'Object Repository/Mobile/Page/Login/Input - UserID'

2021-12-06 08:53:35 - [MESSAGE][WARNING] - Timeout '0' is invalid. Using default page load timeout: '60'

2021-12-06 08:53:36 - [MESSAGE][PASSED] - Tapped on element 'Object Repository/Mobile/Page/Login/Input - UserID'

2021-12-06 08:53:36 - [TEST_STEP][PASSED] - delay(1): Delayed 1 second(s)

2021-12-06 08:53:37 - [MESSAGE][PASSED] - Delayed 1 second(s)

2021-12-06 08:53:37 - [TEST_STEP][PASSED] - setText(findTestObject("Object Repository/Mobile/Page/Login/Input Rdy - UserID"), "anggaaditya", 0): Text 'anggaaditya' has been set to element 'Object Repository/Mobile/Page/Login/Input Rdy - UserID'

2021-12-06 08:53:37 - [MESSAGE][WARNING] - Timeout '0' is invalid. Using default page load timeout: '60'

2021-12-06 08:53:37 - [MESSAGE][PASSED] - Text 'anggaaditya' has been set to element 'Object Repository/Mobile/Page/Login/Input Rdy - UserID'

2021-12-06 08:53:37 - [TEST_STEP][PASSED] - delay(1): Delayed 1 second(s)

2021-12-06 08:53:38 - [MESSAGE][PASSED] - Delayed 1 second(s)

2021-12-06 08:53:38 - [TEST_STEP][PASSED] - hideKeyboard(): Keyboard is hidden

2021-12-06 08:53:42 - [MESSAGE][PASSED] - Keyboard is hidden

2021-12-06 08:53:42 - [TEST_STEP][PASSED] - tap(findTestObject("Object Repository/Mobile/Page/Login/Input - Password"), 0): Tapped on element 'Object Repository/Mobile/Page/Login/Input - Password'

2021-12-06 08:53:42 - [MESSAGE][WARNING] - Timeout '0' is invalid. Using default page load timeout: '60'

2021-12-06 08:53:42 - [MESSAGE][PASSED] - Tapped on element 'Object Repository/Mobile/Page/Login/Input - Password'

2021-12-06 08:53:42 - [TEST_STEP][PASSED] - delay(1): Delayed 1 second(s)

2021-12-06 08:53:43 - [MESSAGE][PASSED] - Delayed 1 second(s)

2021-12-06 08:53:43 - [TEST_STEP][PASSED] - setText(findTestObject("Object Repository/Mobile/Page/Login/Input Rdy - Password"), "Shalawa18", 0): Text 'Shalawa18' has been set to element 'Object Repository/Mobile/Page/Login/Input Rdy - Password'

2021-12-06 08:53:43 - [MESSAGE][WARNING] - Timeout '0' is invalid. Using default page load timeout: '60'

2021-12-06 08:53:44 - [MESSAGE][PASSED] - Text 'Shalawa18' has been set to element 'Object Repository/Mobile/Page/Login/Input Rdy - Password'

2021-12-06 08:53:44 - [TEST_STEP][PASSED] - delay(1): Delayed 1 second(s)

2021-12-06 08:53:45 - [MESSAGE][PASSED] - Delayed 1 second(s)

2021-12-06 08:53:45 - [TEST_STEP][PASSED] - hideKeyboard(): Keyboard is hidden

2021-12-06 08:53:51 - [MESSAGE][PASSED] - Keyboard is hidden

2021-12-06 08:53:51 - [TEST_STEP][PASSED] - tap(findTestObject("Object Repository/Mobile/Page/Login/Button - Login"), 0): Tapped on element 'Object Repository/Mobile/Page/Login/Button - Login'

2021-12-06 08:53:51 - [MESSAGE][WARNING] - Timeout '0' is invalid. Using default page load timeout: '60'

2021-12-06 08:53:52 - [MESSAGE][PASSED] - Tapped on element 'Object Repository/Mobile/Page/Login/Button - Login'

2021-12-06 08:53:52 - [TEST_STEP][PASSED] - delay(2): Delayed 2 second(s)

2021-12-06 08:53:54 - [MESSAGE][PASSED] - Delayed 2 second(s)

2021-12-06 08:53:54 - [MESSAGE][PASSED] - Call Test Case 'Test Cases/Mobile/Page/Login/Login' successfully

2021-12-06 08:53:54 - [TEST_STEP][PASSED] - scroll.scroll.scrollScreenLeftToRight(): scroll.scroll.scrollScreenLeftToRight is PASSED

2021-12-06 08:53:55 - [MESSAGE][PASSED] - Current device physical height is 1423

2021-12-06 08:53:55 - [MESSAGE][PASSED] - Current device physical width is 720

2021-12-06 08:53:55 - [MESSAGE][PASSED] - Current device physical height is 1423

2021-12-06 08:53:56 - [MESSAGE][PASSED] - Swiped from 10,711 to 710,711

2021-12-06 08:53:56 - [MESSAGE][PASSED] - scroll.scroll.scrollScreenLeftToRight is PASSED

2021-12-06 08:53:56 - [TEST_STEP][PASSED] - delay(1): Delayed 1 second(s)

2021-12-06 08:53:57 - [MESSAGE][PASSED] - Delayed 1 second(s)

2021-12-06 08:53:57 - [TEST_STEP][PASSED] - for ([i = 0, i < 1, (i++)]): Delayed 2 second(s)

2021-12-06 08:53:57 - [TEST_STEP][PASSED] - if (action == "downloadtaxreport"): null

2021-12-06 08:53:57 - [TEST_STEP][PASSED] - else if (action == "analyzeprofile"): null

2021-12-06 08:53:57 - [TEST_STEP][PASSED] - else if (action == "wa"): null

2021-12-06 08:53:57 - [TEST_STEP][PASSED] - else if (action == "email"): Delayed 2 second(s)

2021-12-06 08:53:57 - [TEST_STEP][PASSED] - tap(findTestObject("Object Repository/Mobile/Page/Profile/Button - Email"), 0): Tapped on element 'Object Repository/Mobile/Page/Profile/Button - Email'

2021-12-06 08:53:57 - [MESSAGE][WARNING] - Timeout '0' is invalid. Using default page load timeout: '60'

2021-12-06 08:53:58 - [MESSAGE][PASSED] - Tapped on element 'Object Repository/Mobile/Page/Profile/Button - Email'

2021-12-06 08:53:58 - [TEST_STEP][PASSED] - delay(2): Delayed 2 second(s)

2021-12-06 08:54:00 - [MESSAGE][PASSED] - Delayed 2 second(s)

2021-12-06 08:54:00 - [MESSAGE][PASSED] - Call Test Case 'Test Cases/Mobile/Page/Navigation Menu/NavigationMenu' successfully

2021-12-06 08:54:00 - [TEST_STEP][PASSED] - callTestCase(findTestCase("Mobile/Page/Run App/Terminate App"), [:], STOP_ON_FAILURE): Call Test Case 'Test Cases/Mobile/Page/Run App/Terminate App' successfully

2021-12-06 08:54:00 - [TEST_CASE][PASSED] - Test Cases/Mobile/Page/Run App/Terminate App: Test Cases/Mobile/Page/Run App/Terminate App

2021-12-06 08:54:00 - [TEST_STEP][PASSED] - startApp.OpenApp.terminateApplication(): startApp.OpenApp.terminateApplication is PASSED

2021-12-06 08:54:03 - [MESSAGE][PASSED] - Delayed 3 second(s)

2021-12-06 08:54:03 - [MESSAGE][PASSED] - Current device physical width is 720

2021-12-06 08:54:03 - [MESSAGE][PASSED] - Current device physical height is 1423

2021-12-06 08:54:05 - [MESSAGE][PASSED] - Swiped from 360,853 to 360,142

2021-12-06 08:54:06 - [MESSAGE][PASSED] - Delayed 1 second(s)

2021-12-06 08:54:07 - [MESSAGE][PASSED] - Swiped from 360,853 to 360,142

2021-12-06 08:54:10 - [MESSAGE][PASSED] - Delayed 3 second(s)

2021-12-06 08:54:10 - [MESSAGE][PASSED] - startApp.OpenApp.terminateApplication is PASSED

2021-12-06 08:54:10 - [MESSAGE][PASSED] - Call Test Case 'Test Cases/Mobile/Page/Run App/Terminate App' successfully

2021-12-06 08:54:10 - [TEST_STEP][PASSED] - callTestCase(findTestCase("Mobile/Page/Run App/Terminate App"), [:], STOP_ON_FAILURE): Call Test Case 'Test Cases/Mobile/Page/Run App/Terminate App' successfully

2021-12-06 08:54:10 - [TEST_CASE][PASSED] - Test Cases/Mobile/Page/Run App/Terminate App: Test Cases/Mobile/Page/Run App/Terminate App

2021-12-06 08:54:10 - [TEST_STEP][PASSED] - startApp.OpenApp.terminateApplication(): startApp.OpenApp.terminateApplication is PASSED

2021-12-06 08:54:13 - [MESSAGE][PASSED] - Delayed 3 second(s)

2021-12-06 08:54:14 - [MESSAGE][PASSED] - Current device physical width is 720

2021-12-06 08:54:14 - [MESSAGE][PASSED] - Current device physical height is 1423

2021-12-06 08:54:15 - [MESSAGE][PASSED] - Swiped from 360,853 to 360,142

2021-12-06 08:54:16 - [MESSAGE][PASSED] - Delayed 1 second(s)

2021-12-06 08:54:17 - [MESSAGE][PASSED] - Swiped from 360,853 to 360,142

2021-12-06 08:54:20 - [MESSAGE][PASSED] - Delayed 3 second(s)

2021-12-06 08:54:20 - [MESSAGE][PASSED] - startApp.OpenApp.terminateApplication is PASSED

2021-12-06 08:54:20 - [MESSAGE][PASSED] - Call Test Case 'Test Cases/Mobile/Page/Run App/Terminate App' successfully]]></system-out>
         <system-err><![CDATA[]]></system-err>
      </testcase>
      <testcase name="Test Cases/Mobile/Scenario/NavigationMenu/005 - Settings" time="92.553" classname="Test Cases/Mobile/Scenario/NavigationMenu/005 - Settings" status="PASSED">
         <system-out><![CDATA[2021-12-06 08:54:20 - [TEST_CASE][PASSED] - Test Cases/Mobile/Scenario/NavigationMenu/005 - Settings: Test Cases/Mobile/Scenario/NavigationMenu/005 - Settings

2021-12-06 08:54:21 - [TEST_STEP][PASSED] - callTestCase(findTestCase("Mobile/Page/Run App/Run App byID"), [:], STOP_ON_FAILURE): Call Test Case 'Test Cases/Mobile/Page/Run App/Run App byID' successfully

2021-12-06 08:54:21 - [TEST_CASE][PASSED] - Test Cases/Mobile/Page/Run App/Run App byID: Test Cases/Mobile/Page/Run App/Run App byID

2021-12-06 08:54:21 - [TEST_STEP][PASSED] - startApp.OpenApp.startApplication("id.co.miraeasset.sageclub"): startApp.OpenApp.startApplication is PASSED

2021-12-06 08:54:34 - [MESSAGE][PASSED] - Starting app with application ID: 'id.co.miraeasset.sageclub'

2021-12-06 08:54:34 - [MESSAGE][PASSED] - startApp.OpenApp.startApplication is PASSED

2021-12-06 08:54:34 - [MESSAGE][PASSED] - Call Test Case 'Test Cases/Mobile/Page/Run App/Run App byID' successfully

2021-12-06 08:54:34 - [TEST_STEP][PASSED] - callTestCase(findTestCase("Mobile/Page/Navigation Menu/NavigationMenu"), ["action":"setting"], CONTINUE_ON_FAILURE): Call Test Case 'Test Cases/Mobile/Page/Navigation Menu/NavigationMenu' successfully

2021-12-06 08:54:34 - [TEST_CASE][PASSED] - Test Cases/Mobile/Page/Navigation Menu/NavigationMenu: Test Cases/Mobile/Page/Navigation Menu/NavigationMenu

2021-12-06 08:54:34 - [TEST_STEP][PASSED] - loginCheck = verifyElementExist(findTestObject("Object Repository/Mobile/Page/Login/Button - Login"), 2, CONTINUE_ON_FAILURE): Element 'Object Repository/Mobile/Page/Login/Button - Login' is exist

2021-12-06 08:54:36 - [MESSAGE][PASSED] - Element 'Object Repository/Mobile/Page/Login/Button - Login' is exist

2021-12-06 08:54:36 - [TEST_STEP][PASSED] - if (loginCheck): Call Test Case 'Test Cases/Mobile/Page/Login/Login' successfully

2021-12-06 08:54:36 - [TEST_STEP][PASSED] - callTestCase(findTestCase("Mobile/Page/Login/Login"), [:], CONTINUE_ON_FAILURE): Call Test Case 'Test Cases/Mobile/Page/Login/Login' successfully

2021-12-06 08:54:36 - [TEST_CASE][PASSED] - Test Cases/Mobile/Page/Login/Login: Test Cases/Mobile/Page/Login/Login

2021-12-06 08:54:36 - [TEST_STEP][PASSED] - delay(2): Delayed 2 second(s)

2021-12-06 08:54:38 - [MESSAGE][PASSED] - Delayed 2 second(s)

2021-12-06 08:54:38 - [TEST_STEP][PASSED] - tap(findTestObject("Object Repository/Mobile/Page/Login/Input - UserID"), 0): Tapped on element 'Object Repository/Mobile/Page/Login/Input - UserID'

2021-12-06 08:54:38 - [MESSAGE][WARNING] - Timeout '0' is invalid. Using default page load timeout: '60'

2021-12-06 08:54:38 - [MESSAGE][PASSED] - Tapped on element 'Object Repository/Mobile/Page/Login/Input - UserID'

2021-12-06 08:54:38 - [TEST_STEP][PASSED] - delay(1): Delayed 1 second(s)

2021-12-06 08:54:39 - [MESSAGE][PASSED] - Delayed 1 second(s)

2021-12-06 08:54:39 - [TEST_STEP][PASSED] - setText(findTestObject("Object Repository/Mobile/Page/Login/Input Rdy - UserID"), "anggaaditya", 0): Text 'anggaaditya' has been set to element 'Object Repository/Mobile/Page/Login/Input Rdy - UserID'

2021-12-06 08:54:39 - [MESSAGE][WARNING] - Timeout '0' is invalid. Using default page load timeout: '60'

2021-12-06 08:54:40 - [MESSAGE][PASSED] - Text 'anggaaditya' has been set to element 'Object Repository/Mobile/Page/Login/Input Rdy - UserID'

2021-12-06 08:54:40 - [TEST_STEP][PASSED] - delay(1): Delayed 1 second(s)

2021-12-06 08:54:41 - [MESSAGE][PASSED] - Delayed 1 second(s)

2021-12-06 08:54:41 - [TEST_STEP][PASSED] - hideKeyboard(): Keyboard is hidden

2021-12-06 08:54:46 - [MESSAGE][PASSED] - Keyboard is hidden

2021-12-06 08:54:46 - [TEST_STEP][PASSED] - tap(findTestObject("Object Repository/Mobile/Page/Login/Input - Password"), 0): Tapped on element 'Object Repository/Mobile/Page/Login/Input - Password'

2021-12-06 08:54:47 - [MESSAGE][WARNING] - Timeout '0' is invalid. Using default page load timeout: '60'

2021-12-06 08:54:47 - [MESSAGE][PASSED] - Tapped on element 'Object Repository/Mobile/Page/Login/Input - Password'

2021-12-06 08:54:47 - [TEST_STEP][PASSED] - delay(1): Delayed 1 second(s)

2021-12-06 08:54:48 - [MESSAGE][PASSED] - Delayed 1 second(s)

2021-12-06 08:54:48 - [TEST_STEP][PASSED] - setText(findTestObject("Object Repository/Mobile/Page/Login/Input Rdy - Password"), "Shalawa18", 0): Text 'Shalawa18' has been set to element 'Object Repository/Mobile/Page/Login/Input Rdy - Password'

2021-12-06 08:54:48 - [MESSAGE][WARNING] - Timeout '0' is invalid. Using default page load timeout: '60'

2021-12-06 08:54:49 - [MESSAGE][PASSED] - Text 'Shalawa18' has been set to element 'Object Repository/Mobile/Page/Login/Input Rdy - Password'

2021-12-06 08:54:49 - [TEST_STEP][PASSED] - delay(1): Delayed 1 second(s)

2021-12-06 08:54:50 - [MESSAGE][PASSED] - Delayed 1 second(s)

2021-12-06 08:54:50 - [TEST_STEP][PASSED] - hideKeyboard(): Keyboard is hidden

2021-12-06 08:54:57 - [MESSAGE][PASSED] - Keyboard is hidden

2021-12-06 08:54:57 - [TEST_STEP][PASSED] - tap(findTestObject("Object Repository/Mobile/Page/Login/Button - Login"), 0): Tapped on element 'Object Repository/Mobile/Page/Login/Button - Login'

2021-12-06 08:54:57 - [MESSAGE][WARNING] - Timeout '0' is invalid. Using default page load timeout: '60'

2021-12-06 08:54:58 - [MESSAGE][PASSED] - Tapped on element 'Object Repository/Mobile/Page/Login/Button - Login'

2021-12-06 08:54:58 - [TEST_STEP][PASSED] - delay(2): Delayed 2 second(s)

2021-12-06 08:55:00 - [MESSAGE][PASSED] - Delayed 2 second(s)

2021-12-06 08:55:00 - [MESSAGE][PASSED] - Call Test Case 'Test Cases/Mobile/Page/Login/Login' successfully

2021-12-06 08:55:00 - [TEST_STEP][PASSED] - scroll.scroll.scrollScreenLeftToRight(): scroll.scroll.scrollScreenLeftToRight is PASSED

2021-12-06 08:55:00 - [MESSAGE][PASSED] - Current device physical height is 1423

2021-12-06 08:55:00 - [MESSAGE][PASSED] - Current device physical width is 720

2021-12-06 08:55:01 - [MESSAGE][PASSED] - Current device physical height is 1423

2021-12-06 08:55:02 - [MESSAGE][PASSED] - Swiped from 10,711 to 710,711

2021-12-06 08:55:02 - [MESSAGE][PASSED] - scroll.scroll.scrollScreenLeftToRight is PASSED

2021-12-06 08:55:02 - [TEST_STEP][PASSED] - delay(1): Delayed 1 second(s)

2021-12-06 08:55:03 - [MESSAGE][PASSED] - Delayed 1 second(s)

2021-12-06 08:55:03 - [TEST_STEP][PASSED] - for ([i = 0, i < 1, (i++)]): Delayed 1 second(s)

2021-12-06 08:55:03 - [TEST_STEP][PASSED] - if (action == "downloadtaxreport"): null

2021-12-06 08:55:03 - [TEST_STEP][PASSED] - else if (action == "analyzeprofile"): null

2021-12-06 08:55:03 - [TEST_STEP][PASSED] - else if (action == "wa"): null

2021-12-06 08:55:03 - [TEST_STEP][PASSED] - else if (action == "email"): null

2021-12-06 08:55:03 - [TEST_STEP][PASSED] - else if (action == "setting"): Delayed 1 second(s)

2021-12-06 08:55:03 - [TEST_STEP][PASSED] - setting = findTestObject("Object Repository/Mobile/Page/Profile/Button - Settings"): null

2021-12-06 08:55:03 - [TEST_STEP][PASSED] - top = getElementTopPosition(setting, 0): Object 'Object Repository/Mobile/Page/Profile/Button - Settings' has top position '856'

2021-12-06 08:55:03 - [MESSAGE][WARNING] - Timeout '0' is invalid. Using default page load timeout: '60'

2021-12-06 08:55:03 - [MESSAGE][PASSED] - Object 'Object Repository/Mobile/Page/Profile/Button - Settings' has top position '856'

2021-12-06 08:55:03 - [TEST_STEP][PASSED] - y = getElementHeight(setting, 0) * 0.8 + top: Object 'Object Repository/Mobile/Page/Profile/Button - Settings' has height: '60'

2021-12-06 08:55:03 - [MESSAGE][WARNING] - Timeout '0' is invalid. Using default page load timeout: '60'

2021-12-06 08:55:03 - [MESSAGE][PASSED] - Object 'Object Repository/Mobile/Page/Profile/Button - Settings' has height: '60'

2021-12-06 08:55:03 - [TEST_STEP][PASSED] - x = getDeviceWidth() * 0.2: Current device physical width is 720

2021-12-06 08:55:04 - [MESSAGE][PASSED] - Current device physical width is 720

2021-12-06 08:55:04 - [TEST_STEP][PASSED] - tapAtPosition(x, y): Tapped at [144, 904]

2021-12-06 08:55:04 - [MESSAGE][PASSED] - Tapped at [144, 904]

2021-12-06 08:55:04 - [TEST_STEP][PASSED] - delay(1): Delayed 1 second(s)

2021-12-06 08:55:05 - [MESSAGE][PASSED] - Delayed 1 second(s)

2021-12-06 08:55:05 - [TEST_STEP][PASSED] - tap(findTestObject("Object Repository/Mobile/Page/Profile/Settings/Dropdown - Gain"), 0): Tapped on element 'Object Repository/Mobile/Page/Profile/Settings/Dropdown - Gain'

2021-12-06 08:55:05 - [MESSAGE][WARNING] - Timeout '0' is invalid. Using default page load timeout: '60'

2021-12-06 08:55:06 - [MESSAGE][PASSED] - Tapped on element 'Object Repository/Mobile/Page/Profile/Settings/Dropdown - Gain'

2021-12-06 08:55:06 - [TEST_STEP][PASSED] - delay(1): Delayed 1 second(s)

2021-12-06 08:55:07 - [MESSAGE][PASSED] - Delayed 1 second(s)

2021-12-06 08:55:07 - [TEST_STEP][PASSED] - tap(findTestObject("Object Repository/Mobile/Page/Profile/Settings/Option Gain - 5"), 0): Tapped on element 'Object Repository/Mobile/Page/Profile/Settings/Option Gain - 5'

2021-12-06 08:55:07 - [MESSAGE][WARNING] - Timeout '0' is invalid. Using default page load timeout: '60'

2021-12-06 08:55:08 - [MESSAGE][PASSED] - Tapped on element 'Object Repository/Mobile/Page/Profile/Settings/Option Gain - 5'

2021-12-06 08:55:08 - [TEST_STEP][PASSED] - delay(1): Delayed 1 second(s)

2021-12-06 08:55:09 - [MESSAGE][PASSED] - Delayed 1 second(s)

2021-12-06 08:55:09 - [TEST_STEP][PASSED] - tap(findTestObject("Object Repository/Mobile/Page/Profile/Settings/Switch - Gain"), 0): Tapped on element 'Object Repository/Mobile/Page/Profile/Settings/Switch - Gain'

2021-12-06 08:55:09 - [MESSAGE][WARNING] - Timeout '0' is invalid. Using default page load timeout: '60'

2021-12-06 08:55:10 - [MESSAGE][PASSED] - Tapped on element 'Object Repository/Mobile/Page/Profile/Settings/Switch - Gain'

2021-12-06 08:55:10 - [TEST_STEP][PASSED] - delay(1): Delayed 1 second(s)

2021-12-06 08:55:11 - [MESSAGE][PASSED] - Delayed 1 second(s)

2021-12-06 08:55:11 - [TEST_STEP][PASSED] - tap(findTestObject("Object Repository/Mobile/Page/Profile/Settings/Switch - Gain"), 0): Tapped on element 'Object Repository/Mobile/Page/Profile/Settings/Switch - Gain'

2021-12-06 08:55:11 - [MESSAGE][WARNING] - Timeout '0' is invalid. Using default page load timeout: '60'

2021-12-06 08:55:12 - [MESSAGE][PASSED] - Tapped on element 'Object Repository/Mobile/Page/Profile/Settings/Switch - Gain'

2021-12-06 08:55:12 - [TEST_STEP][PASSED] - delay(1): Delayed 1 second(s)

2021-12-06 08:55:13 - [MESSAGE][PASSED] - Delayed 1 second(s)

2021-12-06 08:55:13 - [TEST_STEP][PASSED] - tap(findTestObject("Object Repository/Mobile/Page/Profile/Settings/Dropdown - Loss"), 0): Tapped on element 'Object Repository/Mobile/Page/Profile/Settings/Dropdown - Loss'

2021-12-06 08:55:13 - [MESSAGE][WARNING] - Timeout '0' is invalid. Using default page load timeout: '60'

2021-12-06 08:55:14 - [MESSAGE][PASSED] - Tapped on element 'Object Repository/Mobile/Page/Profile/Settings/Dropdown - Loss'

2021-12-06 08:55:14 - [TEST_STEP][PASSED] - delay(1): Delayed 1 second(s)

2021-12-06 08:55:15 - [MESSAGE][PASSED] - Delayed 1 second(s)

2021-12-06 08:55:15 - [TEST_STEP][PASSED] - tap(findTestObject("Object Repository/Mobile/Page/Profile/Settings/Option Loss - 5"), 0): Tapped on element 'Object Repository/Mobile/Page/Profile/Settings/Option Loss - 5'

2021-12-06 08:55:15 - [MESSAGE][WARNING] - Timeout '0' is invalid. Using default page load timeout: '60'

2021-12-06 08:55:17 - [MESSAGE][PASSED] - Tapped on element 'Object Repository/Mobile/Page/Profile/Settings/Option Loss - 5'

2021-12-06 08:55:17 - [TEST_STEP][PASSED] - delay(1): Delayed 1 second(s)

2021-12-06 08:55:18 - [MESSAGE][PASSED] - Delayed 1 second(s)

2021-12-06 08:55:18 - [TEST_STEP][PASSED] - tap(findTestObject("Object Repository/Mobile/Page/Profile/Settings/Switch - Loss"), 0): Tapped on element 'Object Repository/Mobile/Page/Profile/Settings/Switch - Loss'

2021-12-06 08:55:18 - [MESSAGE][WARNING] - Timeout '0' is invalid. Using default page load timeout: '60'

2021-12-06 08:55:19 - [MESSAGE][PASSED] - Tapped on element 'Object Repository/Mobile/Page/Profile/Settings/Switch - Loss'

2021-12-06 08:55:19 - [TEST_STEP][PASSED] - delay(1): Delayed 1 second(s)

2021-12-06 08:55:20 - [MESSAGE][PASSED] - Delayed 1 second(s)

2021-12-06 08:55:20 - [TEST_STEP][PASSED] - tap(findTestObject("Object Repository/Mobile/Page/Profile/Settings/Switch - Loss"), 0): Tapped on element 'Object Repository/Mobile/Page/Profile/Settings/Switch - Loss'

2021-12-06 08:55:20 - [MESSAGE][WARNING] - Timeout '0' is invalid. Using default page load timeout: '60'

2021-12-06 08:55:21 - [MESSAGE][PASSED] - Tapped on element 'Object Repository/Mobile/Page/Profile/Settings/Switch - Loss'

2021-12-06 08:55:21 - [TEST_STEP][PASSED] - delay(1): Delayed 1 second(s)

2021-12-06 08:55:22 - [MESSAGE][PASSED] - Delayed 1 second(s)

2021-12-06 08:55:22 - [TEST_STEP][PASSED] - tap(findTestObject("Object Repository/Mobile/Page/Profile/Settings/Checkbox - Risk Tolerance"), 0): Tapped on element 'Object Repository/Mobile/Page/Profile/Settings/Checkbox - Risk Tolerance'

2021-12-06 08:55:22 - [MESSAGE][WARNING] - Timeout '0' is invalid. Using default page load timeout: '60'

2021-12-06 08:55:23 - [MESSAGE][PASSED] - Tapped on element 'Object Repository/Mobile/Page/Profile/Settings/Checkbox - Risk Tolerance'

2021-12-06 08:55:23 - [TEST_STEP][PASSED] - delay(1): Delayed 1 second(s)

2021-12-06 08:55:24 - [MESSAGE][PASSED] - Delayed 1 second(s)

2021-12-06 08:55:24 - [TEST_STEP][PASSED] - tap(findTestObject("Object Repository/Mobile/Page/Profile/Settings/Checkbox - Risk Tolerance"), 0): Tapped on element 'Object Repository/Mobile/Page/Profile/Settings/Checkbox - Risk Tolerance'

2021-12-06 08:55:24 - [MESSAGE][WARNING] - Timeout '0' is invalid. Using default page load timeout: '60'

2021-12-06 08:55:25 - [MESSAGE][PASSED] - Tapped on element 'Object Repository/Mobile/Page/Profile/Settings/Checkbox - Risk Tolerance'

2021-12-06 08:55:25 - [TEST_STEP][PASSED] - delay(1): Delayed 1 second(s)

2021-12-06 08:55:26 - [MESSAGE][PASSED] - Delayed 1 second(s)

2021-12-06 08:55:26 - [TEST_STEP][PASSED] - tap(findTestObject("Object Repository/Mobile/Page/Profile/Settings/Switch - Stock News"), 0): Tapped on element 'Object Repository/Mobile/Page/Profile/Settings/Switch - Stock News'

2021-12-06 08:55:26 - [MESSAGE][WARNING] - Timeout '0' is invalid. Using default page load timeout: '60'

2021-12-06 08:55:27 - [MESSAGE][PASSED] - Tapped on element 'Object Repository/Mobile/Page/Profile/Settings/Switch - Stock News'

2021-12-06 08:55:27 - [TEST_STEP][PASSED] - delay(1): Delayed 1 second(s)

2021-12-06 08:55:28 - [MESSAGE][PASSED] - Delayed 1 second(s)

2021-12-06 08:55:28 - [TEST_STEP][PASSED] - tap(findTestObject("Object Repository/Mobile/Page/Profile/Settings/Switch - Stock News"), 0): Tapped on element 'Object Repository/Mobile/Page/Profile/Settings/Switch - Stock News'

2021-12-06 08:55:28 - [MESSAGE][WARNING] - Timeout '0' is invalid. Using default page load timeout: '60'

2021-12-06 08:55:29 - [MESSAGE][PASSED] - Tapped on element 'Object Repository/Mobile/Page/Profile/Settings/Switch - Stock News'

2021-12-06 08:55:29 - [TEST_STEP][PASSED] - delay(1): Delayed 1 second(s)

2021-12-06 08:55:30 - [MESSAGE][PASSED] - Delayed 1 second(s)

2021-12-06 08:55:30 - [TEST_STEP][PASSED] - tap(findTestObject("Object Repository/Mobile/Page/Profile/Settings/Switch - Fund News"), 0): Tapped on element 'Object Repository/Mobile/Page/Profile/Settings/Switch - Fund News'

2021-12-06 08:55:30 - [MESSAGE][WARNING] - Timeout '0' is invalid. Using default page load timeout: '60'

2021-12-06 08:55:31 - [MESSAGE][PASSED] - Tapped on element 'Object Repository/Mobile/Page/Profile/Settings/Switch - Fund News'

2021-12-06 08:55:31 - [TEST_STEP][PASSED] - delay(1): Delayed 1 second(s)

2021-12-06 08:55:32 - [MESSAGE][PASSED] - Delayed 1 second(s)

2021-12-06 08:55:32 - [TEST_STEP][PASSED] - tap(findTestObject("Object Repository/Mobile/Page/Profile/Settings/Switch - Fund News"), 0): Tapped on element 'Object Repository/Mobile/Page/Profile/Settings/Switch - Fund News'

2021-12-06 08:55:32 - [MESSAGE][WARNING] - Timeout '0' is invalid. Using default page load timeout: '60'

2021-12-06 08:55:33 - [MESSAGE][PASSED] - Tapped on element 'Object Repository/Mobile/Page/Profile/Settings/Switch - Fund News'

2021-12-06 08:55:33 - [TEST_STEP][PASSED] - delay(1): Delayed 1 second(s)

2021-12-06 08:55:34 - [MESSAGE][PASSED] - Delayed 1 second(s)

2021-12-06 08:55:34 - [TEST_STEP][PASSED] - tap(findTestObject("Object Repository/Mobile/Page/Profile/Settings/Switch - Bond News"), 0): Tapped on element 'Object Repository/Mobile/Page/Profile/Settings/Switch - Bond News'

2021-12-06 08:55:34 - [MESSAGE][WARNING] - Timeout '0' is invalid. Using default page load timeout: '60'

2021-12-06 08:55:35 - [MESSAGE][PASSED] - Tapped on element 'Object Repository/Mobile/Page/Profile/Settings/Switch - Bond News'

2021-12-06 08:55:35 - [TEST_STEP][PASSED] - delay(1): Delayed 1 second(s)

2021-12-06 08:55:36 - [MESSAGE][PASSED] - Delayed 1 second(s)

2021-12-06 08:55:36 - [TEST_STEP][PASSED] - tap(findTestObject("Object Repository/Mobile/Page/Profile/Settings/Switch - Bond News"), 0): Tapped on element 'Object Repository/Mobile/Page/Profile/Settings/Switch - Bond News'

2021-12-06 08:55:36 - [MESSAGE][WARNING] - Timeout '0' is invalid. Using default page load timeout: '60'

2021-12-06 08:55:37 - [MESSAGE][PASSED] - Tapped on element 'Object Repository/Mobile/Page/Profile/Settings/Switch - Bond News'

2021-12-06 08:55:37 - [TEST_STEP][PASSED] - delay(1): Delayed 1 second(s)

2021-12-06 08:55:38 - [MESSAGE][PASSED] - Delayed 1 second(s)

2021-12-06 08:55:38 - [TEST_STEP][PASSED] - tap(findTestObject("Object Repository/Mobile/Page/Profile/Settings/Switch - Macro News"), 0): Tapped on element 'Object Repository/Mobile/Page/Profile/Settings/Switch - Macro News'

2021-12-06 08:55:38 - [MESSAGE][WARNING] - Timeout '0' is invalid. Using default page load timeout: '60'

2021-12-06 08:55:39 - [MESSAGE][PASSED] - Tapped on element 'Object Repository/Mobile/Page/Profile/Settings/Switch - Macro News'

2021-12-06 08:55:39 - [TEST_STEP][PASSED] - delay(1): Delayed 1 second(s)

2021-12-06 08:55:40 - [MESSAGE][PASSED] - Delayed 1 second(s)

2021-12-06 08:55:40 - [TEST_STEP][PASSED] - tap(findTestObject("Object Repository/Mobile/Page/Profile/Settings/Switch - Macro News"), 0): Tapped on element 'Object Repository/Mobile/Page/Profile/Settings/Switch - Macro News'

2021-12-06 08:55:40 - [MESSAGE][WARNING] - Timeout '0' is invalid. Using default page load timeout: '60'

2021-12-06 08:55:40 - [MESSAGE][PASSED] - Tapped on element 'Object Repository/Mobile/Page/Profile/Settings/Switch - Macro News'

2021-12-06 08:55:40 - [TEST_STEP][PASSED] - delay(1): Delayed 1 second(s)

2021-12-06 08:55:41 - [MESSAGE][PASSED] - Delayed 1 second(s)

2021-12-06 08:55:41 - [TEST_STEP][PASSED] - pressBack(): Press back button successfully

2021-12-06 08:55:42 - [MESSAGE][PASSED] - Press back button successfully

2021-12-06 08:55:42 - [TEST_STEP][PASSED] - delay(1): Delayed 1 second(s)

2021-12-06 08:55:43 - [MESSAGE][PASSED] - Delayed 1 second(s)

2021-12-06 08:55:43 - [MESSAGE][PASSED] - Call Test Case 'Test Cases/Mobile/Page/Navigation Menu/NavigationMenu' successfully

2021-12-06 08:55:43 - [TEST_STEP][PASSED] - callTestCase(findTestCase("Mobile/Page/Run App/Terminate App"), [:], STOP_ON_FAILURE): Call Test Case 'Test Cases/Mobile/Page/Run App/Terminate App' successfully

2021-12-06 08:55:43 - [TEST_CASE][PASSED] - Test Cases/Mobile/Page/Run App/Terminate App: Test Cases/Mobile/Page/Run App/Terminate App

2021-12-06 08:55:43 - [TEST_STEP][PASSED] - startApp.OpenApp.terminateApplication(): startApp.OpenApp.terminateApplication is PASSED

2021-12-06 08:55:46 - [MESSAGE][PASSED] - Delayed 3 second(s)

2021-12-06 08:55:46 - [MESSAGE][PASSED] - Current device physical width is 720

2021-12-06 08:55:46 - [MESSAGE][PASSED] - Current device physical height is 1423

2021-12-06 08:55:47 - [MESSAGE][PASSED] - Swiped from 360,853 to 360,142

2021-12-06 08:55:49 - [MESSAGE][PASSED] - Delayed 1 second(s)

2021-12-06 08:55:50 - [MESSAGE][PASSED] - Swiped from 360,853 to 360,142

2021-12-06 08:55:53 - [MESSAGE][PASSED] - Delayed 3 second(s)

2021-12-06 08:55:53 - [MESSAGE][PASSED] - startApp.OpenApp.terminateApplication is PASSED

2021-12-06 08:55:53 - [MESSAGE][PASSED] - Call Test Case 'Test Cases/Mobile/Page/Run App/Terminate App' successfully]]></system-out>
         <system-err><![CDATA[]]></system-err>
      </testcase>
      <system-out><![CDATA[2021-12-06 08:49:36 - [TEST_SUITE][PASSED] - navigationmenu: Test Cases/Mobile/Scenario/NavigationMenu/005 - Settings]]></system-out>
      <system-err><![CDATA[]]></system-err>
   </testsuite>
</testsuites>
