<?xml version="1.0" encoding="UTF-8"?>
<testsuites name="analysis" time="270.775" tests="4" failures="0" skips="0" errors="0">
   <testsuite name="analysis" tests="4" failures="0" errors="0" time="270.775" skips="0" timestamp="2021-12-15 13:52:49" hostname="Owner - aldy-tft" id="Test Suites/analysis">
      <properties>
         <property name="deviceName" value="samsung SM-A205F (Android 11)"/>
         <property name="devicePlatform" value=""/>
         <property name="logFolder" value="C:\\Users\\Owner\\Documents\\kerjaan\\KatalonProject\\qa_katalon_pwm\\qa_katalon_pwm\\Reports\\20211215_135242\\analysis\\20211215_135242"/>
         <property name="logFiles" value="C:\\Users\\Owner\\Documents\\kerjaan\\KatalonProject\\qa_katalon_pwm\\qa_katalon_pwm\\Reports\\20211215_135242\\analysis\\20211215_135242\\appium.log, C:\\Users\\Owner\\Documents\\kerjaan\\KatalonProject\\qa_katalon_pwm\\qa_katalon_pwm\\Reports\\20211215_135242\\analysis\\20211215_135242\\execution0.log"/>
         <property name="attachments" value=""/>
         <property name="hostName" value="Owner - aldy-tft"/>
         <property name="os" value="Windows 10 64bit"/>
         <property name="appiumServerStatus" value="{&quot;value&quot;:{&quot;build&quot;:{&quot;version&quot;:&quot;1.22.0&quot;}},&quot;sessionId&quot;:null,&quot;status&quot;:0}"/>
         <property name="katalonVersion" value="7.9.1.208"/>
         <property name="deviceOS" value="Android"/>
         <property name="appiumVersion" value="1.22.0"/>
         <property name="deviceModel" value="SM-A205F"/>
         <property name="hostAddress" value="10.0.30.67"/>
         <property name="deviceManufacturer" value="samsung"/>
         <property name="deviceId" value="RR8M40C9AXE"/>
         <property name="deviceName" value="samsung SM-A205F (Android 11)"/>
         <property name="deviceOSVersion" value="11"/>
      </properties>
      <testcase name="Test Cases/Mobile/Scenario/Analysis/001 - User akses techincal analysis" time="79.876" classname="Test Cases/Mobile/Scenario/Analysis/001 - User akses techincal analysis" status="PASSED">
         <system-out><![CDATA[2021-12-15 13:52:50 - [TEST_CASE][PASSED] - Test Cases/Mobile/Scenario/Analysis/001 - User akses techincal analysis: Test Cases/Mobile/Scenario/Analysis/001 - User akses techincal analysis

2021-12-15 13:52:50 - [TEST_STEP][PASSED] - callTestCase(findTestCase("Mobile/Page/Run App/Run App byID"), [:], STOP_ON_FAILURE): Call Test Case 'Test Cases/Mobile/Page/Run App/Run App byID' successfully

2021-12-15 13:52:50 - [TEST_CASE][PASSED] - Test Cases/Mobile/Page/Run App/Run App byID: Test Cases/Mobile/Page/Run App/Run App byID

2021-12-15 13:52:50 - [TEST_STEP][PASSED] - startApp.OpenApp.startApplication("id.co.miraeasset.sageclub"): startApp.OpenApp.startApplication is PASSED

2021-12-15 13:52:52 - [MESSAGE][INFO] - Appium server started on port 56,721

2021-12-15 13:53:06 - [MESSAGE][PASSED] - Starting app with application ID: 'id.co.miraeasset.sageclub'

2021-12-15 13:53:06 - [MESSAGE][PASSED] - startApp.OpenApp.startApplication is PASSED

2021-12-15 13:53:06 - [MESSAGE][PASSED] - Call Test Case 'Test Cases/Mobile/Page/Run App/Run App byID' successfully

2021-12-15 13:53:06 - [TEST_STEP][PASSED] - callTestCase(findTestCase("Mobile/Page/Analysis/Analysis"), ["action":"technicalsearch"], CONTINUE_ON_FAILURE): Call Test Case 'Test Cases/Mobile/Page/Analysis/Analysis' successfully

2021-12-15 13:53:06 - [TEST_CASE][PASSED] - Test Cases/Mobile/Page/Analysis/Analysis: Test Cases/Mobile/Page/Analysis/Analysis

2021-12-15 13:53:06 - [TEST_STEP][PASSED] - callTestCase(findTestCase("Mobile/Page/CheckLogin"), [:], CONTINUE_ON_FAILURE): Call Test Case 'Test Cases/Mobile/Page/CheckLogin' successfully

2021-12-15 13:53:07 - [TEST_CASE][PASSED] - Test Cases/Mobile/Page/CheckLogin: Test Cases/Mobile/Page/CheckLogin

2021-12-15 13:53:07 - [TEST_STEP][PASSED] - loginCheck = verifyElementExist(findTestObject("Mobile/Page/Login/Button - Login"), 2, CONTINUE_ON_FAILURE): Element 'Object Repository/Mobile/Page/Login/Button - Login' is exist

2021-12-15 13:53:08 - [MESSAGE][PASSED] - Element 'Object Repository/Mobile/Page/Login/Button - Login' is exist

2021-12-15 13:53:08 - [TEST_STEP][PASSED] - if (loginCheck): Call Test Case 'Test Cases/Mobile/Page/Login/Login' successfully

2021-12-15 13:53:08 - [TEST_STEP][PASSED] - callTestCase(findTestCase("Mobile/Page/Login/Login"), [:], CONTINUE_ON_FAILURE): Call Test Case 'Test Cases/Mobile/Page/Login/Login' successfully

2021-12-15 13:53:08 - [TEST_CASE][PASSED] - Test Cases/Mobile/Page/Login/Login: Test Cases/Mobile/Page/Login/Login

2021-12-15 13:53:09 - [TEST_STEP][PASSED] - delay(2): Delayed 2 second(s)

2021-12-15 13:53:11 - [MESSAGE][PASSED] - Delayed 2 second(s)

2021-12-15 13:53:11 - [TEST_STEP][PASSED] - tap(findTestObject("Mobile/Page/Login/Input - UserID"), 0): Tapped on element 'Object Repository/Mobile/Page/Login/Input - UserID'

2021-12-15 13:53:11 - [MESSAGE][WARNING] - Timeout '0' is invalid. Using default page load timeout: '60'

2021-12-15 13:53:11 - [MESSAGE][PASSED] - Tapped on element 'Object Repository/Mobile/Page/Login/Input - UserID'

2021-12-15 13:53:11 - [TEST_STEP][PASSED] - delay(1): Delayed 1 second(s)

2021-12-15 13:53:12 - [MESSAGE][PASSED] - Delayed 1 second(s)

2021-12-15 13:53:12 - [TEST_STEP][PASSED] - setText(findTestObject("Mobile/Page/Login/Input Rdy - UserID"), "anggaaditya", 0): Text 'anggaaditya' has been set to element 'Object Repository/Mobile/Page/Login/Input Rdy - UserID'

2021-12-15 13:53:12 - [MESSAGE][WARNING] - Timeout '0' is invalid. Using default page load timeout: '60'

2021-12-15 13:53:13 - [MESSAGE][PASSED] - Text 'anggaaditya' has been set to element 'Object Repository/Mobile/Page/Login/Input Rdy - UserID'

2021-12-15 13:53:13 - [TEST_STEP][PASSED] - delay(1): Delayed 1 second(s)

2021-12-15 13:53:14 - [MESSAGE][PASSED] - Delayed 1 second(s)

2021-12-15 13:53:14 - [TEST_STEP][PASSED] - hideKeyboard(): Keyboard is hidden

2021-12-15 13:53:21 - [MESSAGE][PASSED] - Keyboard is hidden

2021-12-15 13:53:21 - [TEST_STEP][PASSED] - tap(findTestObject("Mobile/Page/Login/Input - Password"), 0): Tapped on element 'Object Repository/Mobile/Page/Login/Input - Password'

2021-12-15 13:53:21 - [MESSAGE][WARNING] - Timeout '0' is invalid. Using default page load timeout: '60'

2021-12-15 13:53:22 - [MESSAGE][PASSED] - Tapped on element 'Object Repository/Mobile/Page/Login/Input - Password'

2021-12-15 13:53:22 - [TEST_STEP][PASSED] - delay(1): Delayed 1 second(s)

2021-12-15 13:53:23 - [MESSAGE][PASSED] - Delayed 1 second(s)

2021-12-15 13:53:23 - [TEST_STEP][PASSED] - setText(findTestObject("Mobile/Page/Login/Input Rdy - Password"), "Shalawa18", 0): Text 'Shalawa18' has been set to element 'Object Repository/Mobile/Page/Login/Input Rdy - Password'

2021-12-15 13:53:23 - [MESSAGE][WARNING] - Timeout '0' is invalid. Using default page load timeout: '60'

2021-12-15 13:53:23 - [MESSAGE][PASSED] - Text 'Shalawa18' has been set to element 'Object Repository/Mobile/Page/Login/Input Rdy - Password'

2021-12-15 13:53:23 - [TEST_STEP][PASSED] - delay(1): Delayed 1 second(s)

2021-12-15 13:53:24 - [MESSAGE][PASSED] - Delayed 1 second(s)

2021-12-15 13:53:24 - [TEST_STEP][PASSED] - hideKeyboard(): Keyboard is hidden

2021-12-15 13:53:31 - [MESSAGE][PASSED] - Keyboard is hidden

2021-12-15 13:53:31 - [TEST_STEP][PASSED] - tap(findTestObject("Mobile/Page/Login/Button - Login"), 0): Tapped on element 'Object Repository/Mobile/Page/Login/Button - Login'

2021-12-15 13:53:31 - [MESSAGE][WARNING] - Timeout '0' is invalid. Using default page load timeout: '60'

2021-12-15 13:53:32 - [MESSAGE][PASSED] - Tapped on element 'Object Repository/Mobile/Page/Login/Button - Login'

2021-12-15 13:53:32 - [TEST_STEP][PASSED] - delay(2): Delayed 2 second(s)

2021-12-15 13:53:34 - [MESSAGE][PASSED] - Delayed 2 second(s)

2021-12-15 13:53:34 - [MESSAGE][PASSED] - Call Test Case 'Test Cases/Mobile/Page/Login/Login' successfully

2021-12-15 13:53:34 - [MESSAGE][PASSED] - Call Test Case 'Test Cases/Mobile/Page/CheckLogin' successfully

2021-12-15 13:53:34 - [TEST_STEP][PASSED] - tap(findTestObject("Mobile/Page/Home/Menubar - Analysis"), 0): Tapped on element 'Object Repository/Mobile/Page/Home/Menubar - Analysis'

2021-12-15 13:53:34 - [MESSAGE][WARNING] - Timeout '0' is invalid. Using default page load timeout: '60'

2021-12-15 13:53:35 - [MESSAGE][PASSED] - Tapped on element 'Object Repository/Mobile/Page/Home/Menubar - Analysis'

2021-12-15 13:53:35 - [TEST_STEP][PASSED] - delay(1): Delayed 1 second(s)

2021-12-15 13:53:36 - [MESSAGE][PASSED] - Delayed 1 second(s)

2021-12-15 13:53:36 - [TEST_STEP][PASSED] - for ([i = 0, i < 1, (i++)]): Delayed 2 second(s)

2021-12-15 13:53:36 - [TEST_STEP][PASSED] - if (action == "technicalsearch"): Delayed 2 second(s)

2021-12-15 13:53:36 - [TEST_STEP][PASSED] - tap(findTestObject("Object Repository/Mobile/Page/Analysis/Dropdown - Technical Indicator 2"), 0): Tapped on element 'Object Repository/Mobile/Page/Analysis/Dropdown - Technical Indicator 2'

2021-12-15 13:53:36 - [MESSAGE][WARNING] - Timeout '0' is invalid. Using default page load timeout: '60'

2021-12-15 13:53:38 - [MESSAGE][PASSED] - Tapped on element 'Object Repository/Mobile/Page/Analysis/Dropdown - Technical Indicator 2'

2021-12-15 13:53:38 - [TEST_STEP][PASSED] - delay(1): Delayed 1 second(s)

2021-12-15 13:53:39 - [MESSAGE][PASSED] - Delayed 1 second(s)

2021-12-15 13:53:39 - [TEST_STEP][PASSED] - tap(findTestObject("Object Repository/Mobile/Page/Analysis/Option Technical Indicator - All"), 0): Tapped on element 'Object Repository/Mobile/Page/Analysis/Option Technical Indicator - All'

2021-12-15 13:53:39 - [MESSAGE][WARNING] - Timeout '0' is invalid. Using default page load timeout: '60'

2021-12-15 13:53:39 - [MESSAGE][PASSED] - Tapped on element 'Object Repository/Mobile/Page/Analysis/Option Technical Indicator - All'

2021-12-15 13:53:39 - [TEST_STEP][PASSED] - delay(1): Delayed 1 second(s)

2021-12-15 13:53:40 - [MESSAGE][PASSED] - Delayed 1 second(s)

2021-12-15 13:53:40 - [TEST_STEP][PASSED] - tap(findTestObject("Object Repository/Mobile/Page/Analysis/Dropdown - Market Cap 2"), 0): Tapped on element 'Object Repository/Mobile/Page/Analysis/Dropdown - Market Cap 2'

2021-12-15 13:53:40 - [MESSAGE][WARNING] - Timeout '0' is invalid. Using default page load timeout: '60'

2021-12-15 13:53:41 - [MESSAGE][PASSED] - Tapped on element 'Object Repository/Mobile/Page/Analysis/Dropdown - Market Cap 2'

2021-12-15 13:53:41 - [TEST_STEP][PASSED] - delay(1): Delayed 1 second(s)

2021-12-15 13:53:42 - [MESSAGE][PASSED] - Delayed 1 second(s)

2021-12-15 13:53:42 - [TEST_STEP][PASSED] - tap(findTestObject("Object Repository/Mobile/Page/Analysis/Option Market Cap - 1 Trillion"), 0): Tapped on element 'Object Repository/Mobile/Page/Analysis/Option Market Cap - 1 Trillion'

2021-12-15 13:53:42 - [MESSAGE][WARNING] - Timeout '0' is invalid. Using default page load timeout: '60'

2021-12-15 13:53:44 - [MESSAGE][PASSED] - Tapped on element 'Object Repository/Mobile/Page/Analysis/Option Market Cap - 1 Trillion'

2021-12-15 13:53:44 - [TEST_STEP][PASSED] - delay(1): Delayed 1 second(s)

2021-12-15 13:53:45 - [MESSAGE][PASSED] - Delayed 1 second(s)

2021-12-15 13:53:45 - [TEST_STEP][PASSED] - tap(findTestObject("Object Repository/Mobile/Page/Analysis/Dropdown - Transaction 2"), 0): Tapped on element 'Object Repository/Mobile/Page/Analysis/Dropdown - Transaction 2'

2021-12-15 13:53:45 - [MESSAGE][WARNING] - Timeout '0' is invalid. Using default page load timeout: '60'

2021-12-15 13:53:46 - [MESSAGE][PASSED] - Tapped on element 'Object Repository/Mobile/Page/Analysis/Dropdown - Transaction 2'

2021-12-15 13:53:46 - [TEST_STEP][PASSED] - delay(1): Delayed 1 second(s)

2021-12-15 13:53:47 - [MESSAGE][PASSED] - Delayed 1 second(s)

2021-12-15 13:53:47 - [TEST_STEP][PASSED] - tap(findTestObject("Object Repository/Mobile/Page/Analysis/Option Transaction - 1 Billion"), 0): Tapped on element 'Object Repository/Mobile/Page/Analysis/Option Transaction - 1 Billion'

2021-12-15 13:53:47 - [MESSAGE][WARNING] - Timeout '0' is invalid. Using default page load timeout: '60'

2021-12-15 13:53:48 - [MESSAGE][PASSED] - Tapped on element 'Object Repository/Mobile/Page/Analysis/Option Transaction - 1 Billion'

2021-12-15 13:53:48 - [TEST_STEP][PASSED] - delay(1): Delayed 1 second(s)

2021-12-15 13:53:49 - [MESSAGE][PASSED] - Delayed 1 second(s)

2021-12-15 13:53:49 - [TEST_STEP][PASSED] - tap(findTestObject("Object Repository/Mobile/Page/Analysis/Dropdown - Time Frame 2"), 0): Tapped on element 'Object Repository/Mobile/Page/Analysis/Dropdown - Time Frame 2'

2021-12-15 13:53:49 - [MESSAGE][WARNING] - Timeout '0' is invalid. Using default page load timeout: '60'

2021-12-15 13:53:50 - [MESSAGE][PASSED] - Tapped on element 'Object Repository/Mobile/Page/Analysis/Dropdown - Time Frame 2'

2021-12-15 13:53:50 - [TEST_STEP][PASSED] - delay(1): Delayed 1 second(s)

2021-12-15 13:53:51 - [MESSAGE][PASSED] - Delayed 1 second(s)

2021-12-15 13:53:51 - [TEST_STEP][PASSED] - tap(findTestObject("Object Repository/Mobile/Page/Analysis/Option Time Frame - Daily"), 0): Tapped on element 'Object Repository/Mobile/Page/Analysis/Option Time Frame - Daily'

2021-12-15 13:53:51 - [MESSAGE][WARNING] - Timeout '0' is invalid. Using default page load timeout: '60'

2021-12-15 13:53:53 - [MESSAGE][PASSED] - Tapped on element 'Object Repository/Mobile/Page/Analysis/Option Time Frame - Daily'

2021-12-15 13:53:53 - [TEST_STEP][PASSED] - delay(1): Delayed 1 second(s)

2021-12-15 13:53:54 - [MESSAGE][PASSED] - Delayed 1 second(s)

2021-12-15 13:53:54 - [TEST_STEP][PASSED] - tap(findTestObject("Object Repository/Mobile/Page/Analysis/Dropdown - Index 2"), 0): Tapped on element 'Object Repository/Mobile/Page/Analysis/Dropdown - Index 2'

2021-12-15 13:53:54 - [MESSAGE][WARNING] - Timeout '0' is invalid. Using default page load timeout: '60'

2021-12-15 13:53:55 - [MESSAGE][PASSED] - Tapped on element 'Object Repository/Mobile/Page/Analysis/Dropdown - Index 2'

2021-12-15 13:53:55 - [TEST_STEP][PASSED] - delay(1): Delayed 1 second(s)

2021-12-15 13:53:56 - [MESSAGE][PASSED] - Delayed 1 second(s)

2021-12-15 13:53:56 - [TEST_STEP][PASSED] - tap(findTestObject("Object Repository/Mobile/Page/Analysis/Option Index - Idx30"), 0): Tapped on element 'Object Repository/Mobile/Page/Analysis/Option Index - Idx30'

2021-12-15 13:53:56 - [MESSAGE][WARNING] - Timeout '0' is invalid. Using default page load timeout: '60'

2021-12-15 13:53:57 - [MESSAGE][PASSED] - Tapped on element 'Object Repository/Mobile/Page/Analysis/Option Index - Idx30'

2021-12-15 13:53:57 - [TEST_STEP][PASSED] - delay(2): Delayed 2 second(s)

2021-12-15 13:53:59 - [MESSAGE][PASSED] - Delayed 2 second(s)

2021-12-15 13:53:59 - [MESSAGE][PASSED] - Call Test Case 'Test Cases/Mobile/Page/Analysis/Analysis' successfully

2021-12-15 13:53:59 - [TEST_STEP][PASSED] - callTestCase(findTestCase("Mobile/Page/Run App/Terminate App"), [:], STOP_ON_FAILURE): Call Test Case 'Test Cases/Mobile/Page/Run App/Terminate App' successfully

2021-12-15 13:53:59 - [TEST_CASE][PASSED] - Test Cases/Mobile/Page/Run App/Terminate App: Test Cases/Mobile/Page/Run App/Terminate App

2021-12-15 13:53:59 - [TEST_STEP][PASSED] - startApp.OpenApp.terminateApplication(): startApp.OpenApp.terminateApplication is PASSED

2021-12-15 13:54:02 - [MESSAGE][PASSED] - Delayed 3 second(s)

2021-12-15 13:54:03 - [MESSAGE][PASSED] - Current device physical width is 720

2021-12-15 13:54:03 - [MESSAGE][PASSED] - Current device physical height is 1423

2021-12-15 13:54:04 - [MESSAGE][PASSED] - Swiped from 360,853 to 360,142

2021-12-15 13:54:05 - [MESSAGE][PASSED] - Delayed 1 second(s)

2021-12-15 13:54:07 - [MESSAGE][PASSED] - Swiped from 360,853 to 360,142

2021-12-15 13:54:10 - [MESSAGE][PASSED] - Delayed 3 second(s)

2021-12-15 13:54:10 - [MESSAGE][PASSED] - startApp.OpenApp.terminateApplication is PASSED

2021-12-15 13:54:10 - [MESSAGE][PASSED] - Call Test Case 'Test Cases/Mobile/Page/Run App/Terminate App' successfully]]></system-out>
         <system-err><![CDATA[]]></system-err>
      </testcase>
      <testcase name="Test Cases/Mobile/Scenario/Analysis/002 - User memilih salah satu saham (chart)" time="64.602" classname="Test Cases/Mobile/Scenario/Analysis/002 - User memilih salah satu saham (chart)" status="PASSED">
         <system-out><![CDATA[2021-12-15 13:54:10 - [TEST_CASE][PASSED] - Test Cases/Mobile/Scenario/Analysis/002 - User memilih salah satu saham (chart): Test Cases/Mobile/Scenario/Analysis/002 - User memilih salah satu saham (chart)

2021-12-15 13:54:10 - [TEST_STEP][PASSED] - callTestCase(findTestCase("Mobile/Page/Run App/Run App byID"), [:], STOP_ON_FAILURE): Call Test Case 'Test Cases/Mobile/Page/Run App/Run App byID' successfully

2021-12-15 13:54:10 - [TEST_CASE][PASSED] - Test Cases/Mobile/Page/Run App/Run App byID: Test Cases/Mobile/Page/Run App/Run App byID

2021-12-15 13:54:10 - [TEST_STEP][PASSED] - startApp.OpenApp.startApplication("id.co.miraeasset.sageclub"): startApp.OpenApp.startApplication is PASSED

2021-12-15 13:54:21 - [MESSAGE][PASSED] - Starting app with application ID: 'id.co.miraeasset.sageclub'

2021-12-15 13:54:21 - [MESSAGE][PASSED] - startApp.OpenApp.startApplication is PASSED

2021-12-15 13:54:21 - [MESSAGE][PASSED] - Call Test Case 'Test Cases/Mobile/Page/Run App/Run App byID' successfully

2021-12-15 13:54:21 - [TEST_STEP][PASSED] - callTestCase(findTestCase("Mobile/Page/Analysis/Analysis"), ["action":"technicaldetail"], CONTINUE_ON_FAILURE): Call Test Case 'Test Cases/Mobile/Page/Analysis/Analysis' successfully

2021-12-15 13:54:21 - [TEST_CASE][PASSED] - Test Cases/Mobile/Page/Analysis/Analysis: Test Cases/Mobile/Page/Analysis/Analysis

2021-12-15 13:54:21 - [TEST_STEP][PASSED] - callTestCase(findTestCase("Mobile/Page/CheckLogin"), [:], CONTINUE_ON_FAILURE): Call Test Case 'Test Cases/Mobile/Page/CheckLogin' successfully

2021-12-15 13:54:21 - [TEST_CASE][PASSED] - Test Cases/Mobile/Page/CheckLogin: Test Cases/Mobile/Page/CheckLogin

2021-12-15 13:54:21 - [TEST_STEP][PASSED] - loginCheck = verifyElementExist(findTestObject("Mobile/Page/Login/Button - Login"), 2, CONTINUE_ON_FAILURE): Element 'Object Repository/Mobile/Page/Login/Button - Login' is exist

2021-12-15 13:54:23 - [MESSAGE][PASSED] - Element 'Object Repository/Mobile/Page/Login/Button - Login' is exist

2021-12-15 13:54:23 - [TEST_STEP][PASSED] - if (loginCheck): Call Test Case 'Test Cases/Mobile/Page/Login/Login' successfully

2021-12-15 13:54:23 - [TEST_STEP][PASSED] - callTestCase(findTestCase("Mobile/Page/Login/Login"), [:], CONTINUE_ON_FAILURE): Call Test Case 'Test Cases/Mobile/Page/Login/Login' successfully

2021-12-15 13:54:23 - [TEST_CASE][PASSED] - Test Cases/Mobile/Page/Login/Login: Test Cases/Mobile/Page/Login/Login

2021-12-15 13:54:23 - [TEST_STEP][PASSED] - delay(2): Delayed 2 second(s)

2021-12-15 13:54:25 - [MESSAGE][PASSED] - Delayed 2 second(s)

2021-12-15 13:54:25 - [TEST_STEP][PASSED] - tap(findTestObject("Mobile/Page/Login/Input - UserID"), 0): Tapped on element 'Object Repository/Mobile/Page/Login/Input - UserID'

2021-12-15 13:54:26 - [MESSAGE][WARNING] - Timeout '0' is invalid. Using default page load timeout: '60'

2021-12-15 13:54:26 - [MESSAGE][PASSED] - Tapped on element 'Object Repository/Mobile/Page/Login/Input - UserID'

2021-12-15 13:54:26 - [TEST_STEP][PASSED] - delay(1): Delayed 1 second(s)

2021-12-15 13:54:27 - [MESSAGE][PASSED] - Delayed 1 second(s)

2021-12-15 13:54:27 - [TEST_STEP][PASSED] - setText(findTestObject("Mobile/Page/Login/Input Rdy - UserID"), "anggaaditya", 0): Text 'anggaaditya' has been set to element 'Object Repository/Mobile/Page/Login/Input Rdy - UserID'

2021-12-15 13:54:27 - [MESSAGE][WARNING] - Timeout '0' is invalid. Using default page load timeout: '60'

2021-12-15 13:54:28 - [MESSAGE][PASSED] - Text 'anggaaditya' has been set to element 'Object Repository/Mobile/Page/Login/Input Rdy - UserID'

2021-12-15 13:54:28 - [TEST_STEP][PASSED] - delay(1): Delayed 1 second(s)

2021-12-15 13:54:29 - [MESSAGE][PASSED] - Delayed 1 second(s)

2021-12-15 13:54:29 - [TEST_STEP][PASSED] - hideKeyboard(): Keyboard is hidden

2021-12-15 13:54:33 - [MESSAGE][PASSED] - Keyboard is hidden

2021-12-15 13:54:33 - [TEST_STEP][PASSED] - tap(findTestObject("Mobile/Page/Login/Input - Password"), 0): Tapped on element 'Object Repository/Mobile/Page/Login/Input - Password'

2021-12-15 13:54:33 - [MESSAGE][WARNING] - Timeout '0' is invalid. Using default page load timeout: '60'

2021-12-15 13:54:33 - [MESSAGE][PASSED] - Tapped on element 'Object Repository/Mobile/Page/Login/Input - Password'

2021-12-15 13:54:33 - [TEST_STEP][PASSED] - delay(1): Delayed 1 second(s)

2021-12-15 13:54:34 - [MESSAGE][PASSED] - Delayed 1 second(s)

2021-12-15 13:54:34 - [TEST_STEP][PASSED] - setText(findTestObject("Mobile/Page/Login/Input Rdy - Password"), "Shalawa18", 0): Text 'Shalawa18' has been set to element 'Object Repository/Mobile/Page/Login/Input Rdy - Password'

2021-12-15 13:54:34 - [MESSAGE][WARNING] - Timeout '0' is invalid. Using default page load timeout: '60'

2021-12-15 13:54:35 - [MESSAGE][PASSED] - Text 'Shalawa18' has been set to element 'Object Repository/Mobile/Page/Login/Input Rdy - Password'

2021-12-15 13:54:35 - [TEST_STEP][PASSED] - delay(1): Delayed 1 second(s)

2021-12-15 13:54:36 - [MESSAGE][PASSED] - Delayed 1 second(s)

2021-12-15 13:54:36 - [TEST_STEP][PASSED] - hideKeyboard(): Keyboard is hidden

2021-12-15 13:54:42 - [MESSAGE][PASSED] - Keyboard is hidden

2021-12-15 13:54:42 - [TEST_STEP][PASSED] - tap(findTestObject("Mobile/Page/Login/Button - Login"), 0): Tapped on element 'Object Repository/Mobile/Page/Login/Button - Login'

2021-12-15 13:54:42 - [MESSAGE][WARNING] - Timeout '0' is invalid. Using default page load timeout: '60'

2021-12-15 13:54:43 - [MESSAGE][PASSED] - Tapped on element 'Object Repository/Mobile/Page/Login/Button - Login'

2021-12-15 13:54:43 - [TEST_STEP][PASSED] - delay(2): Delayed 2 second(s)

2021-12-15 13:54:45 - [MESSAGE][PASSED] - Delayed 2 second(s)

2021-12-15 13:54:45 - [MESSAGE][PASSED] - Call Test Case 'Test Cases/Mobile/Page/Login/Login' successfully

2021-12-15 13:54:45 - [MESSAGE][PASSED] - Call Test Case 'Test Cases/Mobile/Page/CheckLogin' successfully

2021-12-15 13:54:45 - [TEST_STEP][PASSED] - tap(findTestObject("Mobile/Page/Home/Menubar - Analysis"), 0): Tapped on element 'Object Repository/Mobile/Page/Home/Menubar - Analysis'

2021-12-15 13:54:45 - [MESSAGE][WARNING] - Timeout '0' is invalid. Using default page load timeout: '60'

2021-12-15 13:54:46 - [MESSAGE][PASSED] - Tapped on element 'Object Repository/Mobile/Page/Home/Menubar - Analysis'

2021-12-15 13:54:46 - [TEST_STEP][PASSED] - delay(1): Delayed 1 second(s)

2021-12-15 13:54:47 - [MESSAGE][PASSED] - Delayed 1 second(s)

2021-12-15 13:54:47 - [TEST_STEP][PASSED] - for ([i = 0, i < 1, (i++)]): Delayed 2 second(s)

2021-12-15 13:54:47 - [TEST_STEP][PASSED] - if (action == "technicalsearch"): null

2021-12-15 13:54:47 - [TEST_STEP][PASSED] - else if (action == "technicaldetail"): Delayed 2 second(s)

2021-12-15 13:54:47 - [TEST_STEP][PASSED] - tap(findTestObject("Object Repository/Mobile/Page/Analysis/Item - Top Technical 2"), 0): Tapped on element 'Object Repository/Mobile/Page/Analysis/Item - Top Technical 2'

2021-12-15 13:54:47 - [MESSAGE][WARNING] - Timeout '0' is invalid. Using default page load timeout: '60'

2021-12-15 13:54:49 - [MESSAGE][PASSED] - Tapped on element 'Object Repository/Mobile/Page/Analysis/Item - Top Technical 2'

2021-12-15 13:54:49 - [TEST_STEP][PASSED] - delay(3): Delayed 3 second(s)

2021-12-15 13:54:52 - [MESSAGE][PASSED] - Delayed 3 second(s)

2021-12-15 13:54:52 - [TEST_STEP][PASSED] - tap(findTestObject("Object Repository/Mobile/Page/Analysis/Detail/Button - D"), 0): Tapped on element 'Object Repository/Mobile/Page/Analysis/Detail/Button - D'

2021-12-15 13:54:52 - [MESSAGE][WARNING] - Timeout '0' is invalid. Using default page load timeout: '60'

2021-12-15 13:54:53 - [MESSAGE][PASSED] - Tapped on element 'Object Repository/Mobile/Page/Analysis/Detail/Button - D'

2021-12-15 13:54:53 - [TEST_STEP][PASSED] - delay(2): Delayed 2 second(s)

2021-12-15 13:54:55 - [MESSAGE][PASSED] - Delayed 2 second(s)

2021-12-15 13:54:55 - [TEST_STEP][PASSED] - tap(findTestObject("Object Repository/Mobile/Page/Analysis/Detail/Button - W"), 0): Tapped on element 'Object Repository/Mobile/Page/Analysis/Detail/Button - W'

2021-12-15 13:54:55 - [MESSAGE][WARNING] - Timeout '0' is invalid. Using default page load timeout: '60'

2021-12-15 13:54:56 - [MESSAGE][PASSED] - Tapped on element 'Object Repository/Mobile/Page/Analysis/Detail/Button - W'

2021-12-15 13:54:56 - [TEST_STEP][PASSED] - delay(2): Delayed 2 second(s)

2021-12-15 13:54:58 - [MESSAGE][PASSED] - Delayed 2 second(s)

2021-12-15 13:54:58 - [TEST_STEP][PASSED] - tap(findTestObject("Object Repository/Mobile/Page/Analysis/Detail/Button - M"), 0): Tapped on element 'Object Repository/Mobile/Page/Analysis/Detail/Button - M'

2021-12-15 13:54:58 - [MESSAGE][WARNING] - Timeout '0' is invalid. Using default page load timeout: '60'

2021-12-15 13:54:59 - [MESSAGE][PASSED] - Tapped on element 'Object Repository/Mobile/Page/Analysis/Detail/Button - M'

2021-12-15 13:54:59 - [TEST_STEP][PASSED] - delay(2): Delayed 2 second(s)

2021-12-15 13:55:01 - [MESSAGE][PASSED] - Delayed 2 second(s)

2021-12-15 13:55:01 - [TEST_STEP][PASSED] - tap(findTestObject("Object Repository/Mobile/Page/Analysis/Detail/Button - Y"), 0): Tapped on element 'Object Repository/Mobile/Page/Analysis/Detail/Button - Y'

2021-12-15 13:55:01 - [MESSAGE][WARNING] - Timeout '0' is invalid. Using default page load timeout: '60'

2021-12-15 13:55:02 - [MESSAGE][PASSED] - Tapped on element 'Object Repository/Mobile/Page/Analysis/Detail/Button - Y'

2021-12-15 13:55:02 - [TEST_STEP][PASSED] - delay(2): Delayed 2 second(s)

2021-12-15 13:55:04 - [MESSAGE][PASSED] - Delayed 2 second(s)

2021-12-15 13:55:04 - [MESSAGE][PASSED] - Call Test Case 'Test Cases/Mobile/Page/Analysis/Analysis' successfully

2021-12-15 13:55:04 - [TEST_STEP][PASSED] - callTestCase(findTestCase("Mobile/Page/Run App/Terminate App"), [:], STOP_ON_FAILURE): Call Test Case 'Test Cases/Mobile/Page/Run App/Terminate App' successfully

2021-12-15 13:55:04 - [TEST_CASE][PASSED] - Test Cases/Mobile/Page/Run App/Terminate App: Test Cases/Mobile/Page/Run App/Terminate App

2021-12-15 13:55:04 - [TEST_STEP][PASSED] - startApp.OpenApp.terminateApplication(): startApp.OpenApp.terminateApplication is PASSED

2021-12-15 13:55:07 - [MESSAGE][PASSED] - Delayed 3 second(s)

2021-12-15 13:55:07 - [MESSAGE][PASSED] - Current device physical width is 720

2021-12-15 13:55:08 - [MESSAGE][PASSED] - Current device physical height is 1423

2021-12-15 13:55:09 - [MESSAGE][PASSED] - Swiped from 360,853 to 360,142

2021-12-15 13:55:10 - [MESSAGE][PASSED] - Delayed 1 second(s)

2021-12-15 13:55:11 - [MESSAGE][PASSED] - Swiped from 360,853 to 360,142

2021-12-15 13:55:14 - [MESSAGE][PASSED] - Delayed 3 second(s)

2021-12-15 13:55:14 - [MESSAGE][PASSED] - startApp.OpenApp.terminateApplication is PASSED

2021-12-15 13:55:14 - [MESSAGE][PASSED] - Call Test Case 'Test Cases/Mobile/Page/Run App/Terminate App' successfully]]></system-out>
         <system-err><![CDATA[]]></system-err>
      </testcase>
      <testcase name="Test Cases/Mobile/Scenario/Analysis/003 - User memilh Research Report" time="60.254" classname="Test Cases/Mobile/Scenario/Analysis/003 - User memilh Research Report" status="PASSED">
         <system-out><![CDATA[2021-12-15 13:55:14 - [TEST_CASE][PASSED] - Test Cases/Mobile/Scenario/Analysis/003 - User memilh Research Report: Test Cases/Mobile/Scenario/Analysis/003 - User memilh Research Report

2021-12-15 13:55:14 - [TEST_STEP][PASSED] - callTestCase(findTestCase("Mobile/Page/Run App/Run App byID"), [:], STOP_ON_FAILURE): Call Test Case 'Test Cases/Mobile/Page/Run App/Run App byID' successfully

2021-12-15 13:55:15 - [TEST_CASE][PASSED] - Test Cases/Mobile/Page/Run App/Run App byID: Test Cases/Mobile/Page/Run App/Run App byID

2021-12-15 13:55:15 - [TEST_STEP][PASSED] - startApp.OpenApp.startApplication("id.co.miraeasset.sageclub"): startApp.OpenApp.startApplication is PASSED

2021-12-15 13:55:26 - [MESSAGE][PASSED] - Starting app with application ID: 'id.co.miraeasset.sageclub'

2021-12-15 13:55:26 - [MESSAGE][PASSED] - startApp.OpenApp.startApplication is PASSED

2021-12-15 13:55:26 - [MESSAGE][PASSED] - Call Test Case 'Test Cases/Mobile/Page/Run App/Run App byID' successfully

2021-12-15 13:55:26 - [TEST_STEP][PASSED] - callTestCase(findTestCase("Mobile/Page/Analysis/Analysis"), ["action":"researchdetail"], CONTINUE_ON_FAILURE): Call Test Case 'Test Cases/Mobile/Page/Analysis/Analysis' successfully

2021-12-15 13:55:26 - [TEST_CASE][PASSED] - Test Cases/Mobile/Page/Analysis/Analysis: Test Cases/Mobile/Page/Analysis/Analysis

2021-12-15 13:55:26 - [TEST_STEP][PASSED] - callTestCase(findTestCase("Mobile/Page/CheckLogin"), [:], CONTINUE_ON_FAILURE): Call Test Case 'Test Cases/Mobile/Page/CheckLogin' successfully

2021-12-15 13:55:26 - [TEST_CASE][PASSED] - Test Cases/Mobile/Page/CheckLogin: Test Cases/Mobile/Page/CheckLogin

2021-12-15 13:55:26 - [TEST_STEP][PASSED] - loginCheck = verifyElementExist(findTestObject("Mobile/Page/Login/Button - Login"), 2, CONTINUE_ON_FAILURE): Element 'Object Repository/Mobile/Page/Login/Button - Login' is exist

2021-12-15 13:55:28 - [MESSAGE][PASSED] - Element 'Object Repository/Mobile/Page/Login/Button - Login' is exist

2021-12-15 13:55:28 - [TEST_STEP][PASSED] - if (loginCheck): Call Test Case 'Test Cases/Mobile/Page/Login/Login' successfully

2021-12-15 13:55:28 - [TEST_STEP][PASSED] - callTestCase(findTestCase("Mobile/Page/Login/Login"), [:], CONTINUE_ON_FAILURE): Call Test Case 'Test Cases/Mobile/Page/Login/Login' successfully

2021-12-15 13:55:28 - [TEST_CASE][PASSED] - Test Cases/Mobile/Page/Login/Login: Test Cases/Mobile/Page/Login/Login

2021-12-15 13:55:28 - [TEST_STEP][PASSED] - delay(2): Delayed 2 second(s)

2021-12-15 13:55:30 - [MESSAGE][PASSED] - Delayed 2 second(s)

2021-12-15 13:55:30 - [TEST_STEP][PASSED] - tap(findTestObject("Mobile/Page/Login/Input - UserID"), 0): Tapped on element 'Object Repository/Mobile/Page/Login/Input - UserID'

2021-12-15 13:55:30 - [MESSAGE][WARNING] - Timeout '0' is invalid. Using default page load timeout: '60'

2021-12-15 13:55:31 - [MESSAGE][PASSED] - Tapped on element 'Object Repository/Mobile/Page/Login/Input - UserID'

2021-12-15 13:55:31 - [TEST_STEP][PASSED] - delay(1): Delayed 1 second(s)

2021-12-15 13:55:32 - [MESSAGE][PASSED] - Delayed 1 second(s)

2021-12-15 13:55:32 - [TEST_STEP][PASSED] - setText(findTestObject("Mobile/Page/Login/Input Rdy - UserID"), "anggaaditya", 0): Text 'anggaaditya' has been set to element 'Object Repository/Mobile/Page/Login/Input Rdy - UserID'

2021-12-15 13:55:32 - [MESSAGE][WARNING] - Timeout '0' is invalid. Using default page load timeout: '60'

2021-12-15 13:55:32 - [MESSAGE][PASSED] - Text 'anggaaditya' has been set to element 'Object Repository/Mobile/Page/Login/Input Rdy - UserID'

2021-12-15 13:55:32 - [TEST_STEP][PASSED] - delay(1): Delayed 1 second(s)

2021-12-15 13:55:33 - [MESSAGE][PASSED] - Delayed 1 second(s)

2021-12-15 13:55:33 - [TEST_STEP][PASSED] - hideKeyboard(): Keyboard is hidden

2021-12-15 13:55:37 - [MESSAGE][PASSED] - Keyboard is hidden

2021-12-15 13:55:37 - [TEST_STEP][PASSED] - tap(findTestObject("Mobile/Page/Login/Input - Password"), 0): Tapped on element 'Object Repository/Mobile/Page/Login/Input - Password'

2021-12-15 13:55:37 - [MESSAGE][WARNING] - Timeout '0' is invalid. Using default page load timeout: '60'

2021-12-15 13:55:37 - [MESSAGE][PASSED] - Tapped on element 'Object Repository/Mobile/Page/Login/Input - Password'

2021-12-15 13:55:37 - [TEST_STEP][PASSED] - delay(1): Delayed 1 second(s)

2021-12-15 13:55:38 - [MESSAGE][PASSED] - Delayed 1 second(s)

2021-12-15 13:55:38 - [TEST_STEP][PASSED] - setText(findTestObject("Mobile/Page/Login/Input Rdy - Password"), "Shalawa18", 0): Text 'Shalawa18' has been set to element 'Object Repository/Mobile/Page/Login/Input Rdy - Password'

2021-12-15 13:55:38 - [MESSAGE][WARNING] - Timeout '0' is invalid. Using default page load timeout: '60'

2021-12-15 13:55:39 - [MESSAGE][PASSED] - Text 'Shalawa18' has been set to element 'Object Repository/Mobile/Page/Login/Input Rdy - Password'

2021-12-15 13:55:39 - [TEST_STEP][PASSED] - delay(1): Delayed 1 second(s)

2021-12-15 13:55:40 - [MESSAGE][PASSED] - Delayed 1 second(s)

2021-12-15 13:55:40 - [TEST_STEP][PASSED] - hideKeyboard(): Keyboard is hidden

2021-12-15 13:55:46 - [MESSAGE][PASSED] - Keyboard is hidden

2021-12-15 13:55:46 - [TEST_STEP][PASSED] - tap(findTestObject("Mobile/Page/Login/Button - Login"), 0): Tapped on element 'Object Repository/Mobile/Page/Login/Button - Login'

2021-12-15 13:55:46 - [MESSAGE][WARNING] - Timeout '0' is invalid. Using default page load timeout: '60'

2021-12-15 13:55:46 - [MESSAGE][PASSED] - Tapped on element 'Object Repository/Mobile/Page/Login/Button - Login'

2021-12-15 13:55:46 - [TEST_STEP][PASSED] - delay(2): Delayed 2 second(s)

2021-12-15 13:55:48 - [MESSAGE][PASSED] - Delayed 2 second(s)

2021-12-15 13:55:48 - [MESSAGE][PASSED] - Call Test Case 'Test Cases/Mobile/Page/Login/Login' successfully

2021-12-15 13:55:48 - [MESSAGE][PASSED] - Call Test Case 'Test Cases/Mobile/Page/CheckLogin' successfully

2021-12-15 13:55:48 - [TEST_STEP][PASSED] - tap(findTestObject("Mobile/Page/Home/Menubar - Analysis"), 0): Tapped on element 'Object Repository/Mobile/Page/Home/Menubar - Analysis'

2021-12-15 13:55:48 - [MESSAGE][WARNING] - Timeout '0' is invalid. Using default page load timeout: '60'

2021-12-15 13:55:50 - [MESSAGE][PASSED] - Tapped on element 'Object Repository/Mobile/Page/Home/Menubar - Analysis'

2021-12-15 13:55:50 - [TEST_STEP][PASSED] - delay(1): Delayed 1 second(s)

2021-12-15 13:55:51 - [MESSAGE][PASSED] - Delayed 1 second(s)

2021-12-15 13:55:51 - [TEST_STEP][PASSED] - for ([i = 0, i < 1, (i++)]): Press back button successfully

2021-12-15 13:55:51 - [TEST_STEP][PASSED] - if (action == "technicalsearch"): null

2021-12-15 13:55:51 - [TEST_STEP][PASSED] - else if (action == "technicaldetail"): null

2021-12-15 13:55:51 - [TEST_STEP][PASSED] - else if (action == "researchdetail"): Press back button successfully

2021-12-15 13:55:51 - [TEST_STEP][PASSED] - tap(findTestObject("Object Repository/Mobile/Page/Analysis/Tab - Research Report 2"), 0): Tapped on element 'Object Repository/Mobile/Page/Analysis/Tab - Research Report 2'

2021-12-15 13:55:51 - [MESSAGE][WARNING] - Timeout '0' is invalid. Using default page load timeout: '60'

2021-12-15 13:55:52 - [MESSAGE][PASSED] - Tapped on element 'Object Repository/Mobile/Page/Analysis/Tab - Research Report 2'

2021-12-15 13:55:52 - [TEST_STEP][PASSED] - delay(1): Delayed 1 second(s)

2021-12-15 13:55:53 - [MESSAGE][PASSED] - Delayed 1 second(s)

2021-12-15 13:55:53 - [TEST_STEP][PASSED] - tapAndHold(findTestObject("Object Repository/Mobile/Page/Analysis/Item - Top Search 2"), 1, 0): Tapped and held on element 'Object Repository/Mobile/Page/Analysis/Item - Top Search 2' with duration 1

2021-12-15 13:55:53 - [MESSAGE][WARNING] - Timeout '0' is invalid. Using default page load timeout: '60'

2021-12-15 13:55:56 - [MESSAGE][PASSED] - Tapped and held on element 'Object Repository/Mobile/Page/Analysis/Item - Top Search 2' with duration 1

2021-12-15 13:55:56 - [TEST_STEP][PASSED] - delay(3): Delayed 3 second(s)

2021-12-15 13:55:59 - [MESSAGE][PASSED] - Delayed 3 second(s)

2021-12-15 13:55:59 - [TEST_STEP][PASSED] - tap(findTestObject("Object Repository/Mobile/Page/Analysis/Button - Open With Just Once"), 0): Tapped on element 'Object Repository/Mobile/Page/Analysis/Button - Open With Just Once'

2021-12-15 13:55:59 - [MESSAGE][WARNING] - Timeout '0' is invalid. Using default page load timeout: '60'

2021-12-15 13:56:00 - [MESSAGE][PASSED] - Tapped on element 'Object Repository/Mobile/Page/Analysis/Button - Open With Just Once'

2021-12-15 13:56:00 - [TEST_STEP][PASSED] - delay(3): Delayed 3 second(s)

2021-12-15 13:56:03 - [MESSAGE][PASSED] - Delayed 3 second(s)

2021-12-15 13:56:03 - [TEST_STEP][PASSED] - pressBack(): Press back button successfully

2021-12-15 13:56:04 - [MESSAGE][PASSED] - Press back button successfully

2021-12-15 13:56:04 - [MESSAGE][PASSED] - Call Test Case 'Test Cases/Mobile/Page/Analysis/Analysis' successfully

2021-12-15 13:56:04 - [TEST_STEP][PASSED] - callTestCase(findTestCase("Mobile/Page/Run App/Terminate App"), [:], STOP_ON_FAILURE): Call Test Case 'Test Cases/Mobile/Page/Run App/Terminate App' successfully

2021-12-15 13:56:04 - [TEST_CASE][PASSED] - Test Cases/Mobile/Page/Run App/Terminate App: Test Cases/Mobile/Page/Run App/Terminate App

2021-12-15 13:56:04 - [TEST_STEP][PASSED] - startApp.OpenApp.terminateApplication(): startApp.OpenApp.terminateApplication is PASSED

2021-12-15 13:56:08 - [MESSAGE][PASSED] - Delayed 3 second(s)

2021-12-15 13:56:08 - [MESSAGE][PASSED] - Current device physical width is 720

2021-12-15 13:56:08 - [MESSAGE][PASSED] - Current device physical height is 1423

2021-12-15 13:56:09 - [MESSAGE][PASSED] - Swiped from 360,853 to 360,142

2021-12-15 13:56:10 - [MESSAGE][PASSED] - Delayed 1 second(s)

2021-12-15 13:56:11 - [MESSAGE][PASSED] - Swiped from 360,853 to 360,142

2021-12-15 13:56:14 - [MESSAGE][PASSED] - Delayed 3 second(s)

2021-12-15 13:56:14 - [MESSAGE][PASSED] - startApp.OpenApp.terminateApplication is PASSED

2021-12-15 13:56:14 - [MESSAGE][PASSED] - Call Test Case 'Test Cases/Mobile/Page/Run App/Terminate App' successfully]]></system-out>
         <system-err><![CDATA[]]></system-err>
      </testcase>
      <testcase name="Test Cases/Mobile/Scenario/Analysis/004 - User mencari research report" time="65.203" classname="Test Cases/Mobile/Scenario/Analysis/004 - User mencari research report" status="PASSED">
         <system-out><![CDATA[2021-12-15 13:56:14 - [TEST_CASE][PASSED] - Test Cases/Mobile/Scenario/Analysis/004 - User mencari research report: Test Cases/Mobile/Scenario/Analysis/004 - User mencari research report

2021-12-15 13:56:15 - [TEST_STEP][PASSED] - callTestCase(findTestCase("Mobile/Page/Run App/Run App byID"), [:], STOP_ON_FAILURE): Call Test Case 'Test Cases/Mobile/Page/Run App/Run App byID' successfully

2021-12-15 13:56:15 - [TEST_CASE][PASSED] - Test Cases/Mobile/Page/Run App/Run App byID: Test Cases/Mobile/Page/Run App/Run App byID

2021-12-15 13:56:15 - [TEST_STEP][PASSED] - startApp.OpenApp.startApplication("id.co.miraeasset.sageclub"): startApp.OpenApp.startApplication is PASSED

2021-12-15 13:56:27 - [MESSAGE][PASSED] - Starting app with application ID: 'id.co.miraeasset.sageclub'

2021-12-15 13:56:27 - [MESSAGE][PASSED] - startApp.OpenApp.startApplication is PASSED

2021-12-15 13:56:27 - [MESSAGE][PASSED] - Call Test Case 'Test Cases/Mobile/Page/Run App/Run App byID' successfully

2021-12-15 13:56:27 - [TEST_STEP][PASSED] - callTestCase(findTestCase("Mobile/Page/Analysis/Analysis"), ["action":"researchsearch"], CONTINUE_ON_FAILURE): Call Test Case 'Test Cases/Mobile/Page/Analysis/Analysis' successfully

2021-12-15 13:56:28 - [TEST_CASE][PASSED] - Test Cases/Mobile/Page/Analysis/Analysis: Test Cases/Mobile/Page/Analysis/Analysis

2021-12-15 13:56:28 - [TEST_STEP][PASSED] - callTestCase(findTestCase("Mobile/Page/CheckLogin"), [:], CONTINUE_ON_FAILURE): Call Test Case 'Test Cases/Mobile/Page/CheckLogin' successfully

2021-12-15 13:56:28 - [TEST_CASE][PASSED] - Test Cases/Mobile/Page/CheckLogin: Test Cases/Mobile/Page/CheckLogin

2021-12-15 13:56:28 - [TEST_STEP][PASSED] - loginCheck = verifyElementExist(findTestObject("Mobile/Page/Login/Button - Login"), 2, CONTINUE_ON_FAILURE): Element 'Object Repository/Mobile/Page/Login/Button - Login' is exist

2021-12-15 13:56:30 - [MESSAGE][PASSED] - Element 'Object Repository/Mobile/Page/Login/Button - Login' is exist

2021-12-15 13:56:30 - [TEST_STEP][PASSED] - if (loginCheck): Call Test Case 'Test Cases/Mobile/Page/Login/Login' successfully

2021-12-15 13:56:30 - [TEST_STEP][PASSED] - callTestCase(findTestCase("Mobile/Page/Login/Login"), [:], CONTINUE_ON_FAILURE): Call Test Case 'Test Cases/Mobile/Page/Login/Login' successfully

2021-12-15 13:56:30 - [TEST_CASE][PASSED] - Test Cases/Mobile/Page/Login/Login: Test Cases/Mobile/Page/Login/Login

2021-12-15 13:56:30 - [TEST_STEP][PASSED] - delay(2): Delayed 2 second(s)

2021-12-15 13:56:32 - [MESSAGE][PASSED] - Delayed 2 second(s)

2021-12-15 13:56:32 - [TEST_STEP][PASSED] - tap(findTestObject("Mobile/Page/Login/Input - UserID"), 0): Tapped on element 'Object Repository/Mobile/Page/Login/Input - UserID'

2021-12-15 13:56:32 - [MESSAGE][WARNING] - Timeout '0' is invalid. Using default page load timeout: '60'

2021-12-15 13:56:32 - [MESSAGE][PASSED] - Tapped on element 'Object Repository/Mobile/Page/Login/Input - UserID'

2021-12-15 13:56:32 - [TEST_STEP][PASSED] - delay(1): Delayed 1 second(s)

2021-12-15 13:56:33 - [MESSAGE][PASSED] - Delayed 1 second(s)

2021-12-15 13:56:33 - [TEST_STEP][PASSED] - setText(findTestObject("Mobile/Page/Login/Input Rdy - UserID"), "anggaaditya", 0): Text 'anggaaditya' has been set to element 'Object Repository/Mobile/Page/Login/Input Rdy - UserID'

2021-12-15 13:56:33 - [MESSAGE][WARNING] - Timeout '0' is invalid. Using default page load timeout: '60'

2021-12-15 13:56:34 - [MESSAGE][PASSED] - Text 'anggaaditya' has been set to element 'Object Repository/Mobile/Page/Login/Input Rdy - UserID'

2021-12-15 13:56:34 - [TEST_STEP][PASSED] - delay(1): Delayed 1 second(s)

2021-12-15 13:56:35 - [MESSAGE][PASSED] - Delayed 1 second(s)

2021-12-15 13:56:35 - [TEST_STEP][PASSED] - hideKeyboard(): Keyboard is hidden

2021-12-15 13:56:38 - [MESSAGE][PASSED] - Keyboard is hidden

2021-12-15 13:56:38 - [TEST_STEP][PASSED] - tap(findTestObject("Mobile/Page/Login/Input - Password"), 0): Tapped on element 'Object Repository/Mobile/Page/Login/Input - Password'

2021-12-15 13:56:38 - [MESSAGE][WARNING] - Timeout '0' is invalid. Using default page load timeout: '60'

2021-12-15 13:56:39 - [MESSAGE][PASSED] - Tapped on element 'Object Repository/Mobile/Page/Login/Input - Password'

2021-12-15 13:56:39 - [TEST_STEP][PASSED] - delay(1): Delayed 1 second(s)

2021-12-15 13:56:40 - [MESSAGE][PASSED] - Delayed 1 second(s)

2021-12-15 13:56:40 - [TEST_STEP][PASSED] - setText(findTestObject("Mobile/Page/Login/Input Rdy - Password"), "Shalawa18", 0): Text 'Shalawa18' has been set to element 'Object Repository/Mobile/Page/Login/Input Rdy - Password'

2021-12-15 13:56:40 - [MESSAGE][WARNING] - Timeout '0' is invalid. Using default page load timeout: '60'

2021-12-15 13:56:40 - [MESSAGE][PASSED] - Text 'Shalawa18' has been set to element 'Object Repository/Mobile/Page/Login/Input Rdy - Password'

2021-12-15 13:56:40 - [TEST_STEP][PASSED] - delay(1): Delayed 1 second(s)

2021-12-15 13:56:41 - [MESSAGE][PASSED] - Delayed 1 second(s)

2021-12-15 13:56:41 - [TEST_STEP][PASSED] - hideKeyboard(): Keyboard is hidden

2021-12-15 13:56:48 - [MESSAGE][PASSED] - Keyboard is hidden

2021-12-15 13:56:48 - [TEST_STEP][PASSED] - tap(findTestObject("Mobile/Page/Login/Button - Login"), 0): Tapped on element 'Object Repository/Mobile/Page/Login/Button - Login'

2021-12-15 13:56:48 - [MESSAGE][WARNING] - Timeout '0' is invalid. Using default page load timeout: '60'

2021-12-15 13:56:48 - [MESSAGE][PASSED] - Tapped on element 'Object Repository/Mobile/Page/Login/Button - Login'

2021-12-15 13:56:48 - [TEST_STEP][PASSED] - delay(2): Delayed 2 second(s)

2021-12-15 13:56:50 - [MESSAGE][PASSED] - Delayed 2 second(s)

2021-12-15 13:56:50 - [MESSAGE][PASSED] - Call Test Case 'Test Cases/Mobile/Page/Login/Login' successfully

2021-12-15 13:56:50 - [MESSAGE][PASSED] - Call Test Case 'Test Cases/Mobile/Page/CheckLogin' successfully

2021-12-15 13:56:50 - [TEST_STEP][PASSED] - tap(findTestObject("Mobile/Page/Home/Menubar - Analysis"), 0): Tapped on element 'Object Repository/Mobile/Page/Home/Menubar - Analysis'

2021-12-15 13:56:51 - [MESSAGE][WARNING] - Timeout '0' is invalid. Using default page load timeout: '60'

2021-12-15 13:56:53 - [MESSAGE][PASSED] - Tapped on element 'Object Repository/Mobile/Page/Home/Menubar - Analysis'

2021-12-15 13:56:53 - [TEST_STEP][PASSED] - delay(1): Delayed 1 second(s)

2021-12-15 13:56:54 - [MESSAGE][PASSED] - Delayed 1 second(s)

2021-12-15 13:56:54 - [TEST_STEP][PASSED] - for ([i = 0, i < 1, (i++)]): Press back button successfully

2021-12-15 13:56:54 - [TEST_STEP][PASSED] - if (action == "technicalsearch"): null

2021-12-15 13:56:54 - [TEST_STEP][PASSED] - else if (action == "technicaldetail"): null

2021-12-15 13:56:54 - [TEST_STEP][PASSED] - else if (action == "researchdetail"): null

2021-12-15 13:56:54 - [TEST_STEP][PASSED] - else if (action == "researchsearch"): Press back button successfully

2021-12-15 13:56:54 - [TEST_STEP][PASSED] - tap(findTestObject("Object Repository/Mobile/Page/Analysis/Tab - Research Report 2"), 0): Tapped on element 'Object Repository/Mobile/Page/Analysis/Tab - Research Report 2'

2021-12-15 13:56:54 - [MESSAGE][WARNING] - Timeout '0' is invalid. Using default page load timeout: '60'

2021-12-15 13:56:55 - [MESSAGE][PASSED] - Tapped on element 'Object Repository/Mobile/Page/Analysis/Tab - Research Report 2'

2021-12-15 13:56:55 - [TEST_STEP][PASSED] - delay(1): Delayed 1 second(s)

2021-12-15 13:56:56 - [MESSAGE][PASSED] - Delayed 1 second(s)

2021-12-15 13:56:56 - [TEST_STEP][PASSED] - tap(findTestObject("Object Repository/Mobile/Page/Analysis/Input - Search 2"), 0): Tapped on element 'Object Repository/Mobile/Page/Analysis/Input - Search 2'

2021-12-15 13:56:56 - [MESSAGE][WARNING] - Timeout '0' is invalid. Using default page load timeout: '60'

2021-12-15 13:56:56 - [MESSAGE][PASSED] - Tapped on element 'Object Repository/Mobile/Page/Analysis/Input - Search 2'

2021-12-15 13:56:56 - [TEST_STEP][PASSED] - delay(1): Delayed 1 second(s)

2021-12-15 13:56:57 - [MESSAGE][PASSED] - Delayed 1 second(s)

2021-12-15 13:56:57 - [TEST_STEP][PASSED] - setText(findTestObject("Object Repository/Mobile/Page/Analysis/Input - Search 2"), "surya", 0): Text 'surya' has been set to element 'Object Repository/Mobile/Page/Analysis/Input - Search 2'

2021-12-15 13:56:57 - [MESSAGE][WARNING] - Timeout '0' is invalid. Using default page load timeout: '60'

2021-12-15 13:56:58 - [MESSAGE][PASSED] - Text 'surya' has been set to element 'Object Repository/Mobile/Page/Analysis/Input - Search 2'

2021-12-15 13:56:58 - [TEST_STEP][PASSED] - hideKeyboard(): Keyboard is hidden

2021-12-15 13:56:59 - [MESSAGE][PASSED] - Keyboard is hidden

2021-12-15 13:56:59 - [TEST_STEP][PASSED] - tapAndHold(findTestObject("Object Repository/Mobile/Page/Analysis/Item - Top Search 2"), 1, 0): Tapped and held on element 'Object Repository/Mobile/Page/Analysis/Item - Top Search 2' with duration 1

2021-12-15 13:56:59 - [MESSAGE][WARNING] - Timeout '0' is invalid. Using default page load timeout: '60'

2021-12-15 13:57:02 - [MESSAGE][PASSED] - Tapped and held on element 'Object Repository/Mobile/Page/Analysis/Item - Top Search 2' with duration 1

2021-12-15 13:57:02 - [TEST_STEP][PASSED] - delay(3): Delayed 3 second(s)

2021-12-15 13:57:05 - [MESSAGE][PASSED] - Delayed 3 second(s)

2021-12-15 13:57:05 - [TEST_STEP][PASSED] - tap(findTestObject("Object Repository/Mobile/Page/Analysis/Button - Open With Just Once"), 0): Tapped on element 'Object Repository/Mobile/Page/Analysis/Button - Open With Just Once'

2021-12-15 13:57:05 - [MESSAGE][WARNING] - Timeout '0' is invalid. Using default page load timeout: '60'

2021-12-15 13:57:06 - [MESSAGE][PASSED] - Tapped on element 'Object Repository/Mobile/Page/Analysis/Button - Open With Just Once'

2021-12-15 13:57:06 - [TEST_STEP][PASSED] - delay(3): Delayed 3 second(s)

2021-12-15 13:57:09 - [MESSAGE][PASSED] - Delayed 3 second(s)

2021-12-15 13:57:09 - [TEST_STEP][PASSED] - pressBack(): Press back button successfully

2021-12-15 13:57:09 - [MESSAGE][PASSED] - Press back button successfully

2021-12-15 13:57:09 - [MESSAGE][PASSED] - Call Test Case 'Test Cases/Mobile/Page/Analysis/Analysis' successfully

2021-12-15 13:57:09 - [TEST_STEP][PASSED] - callTestCase(findTestCase("Mobile/Page/Run App/Terminate App"), [:], STOP_ON_FAILURE): Call Test Case 'Test Cases/Mobile/Page/Run App/Terminate App' successfully

2021-12-15 13:57:09 - [TEST_CASE][PASSED] - Test Cases/Mobile/Page/Run App/Terminate App: Test Cases/Mobile/Page/Run App/Terminate App

2021-12-15 13:57:09 - [TEST_STEP][PASSED] - startApp.OpenApp.terminateApplication(): startApp.OpenApp.terminateApplication is PASSED

2021-12-15 13:57:13 - [MESSAGE][PASSED] - Delayed 3 second(s)

2021-12-15 13:57:13 - [MESSAGE][PASSED] - Current device physical width is 720

2021-12-15 13:57:13 - [MESSAGE][PASSED] - Current device physical height is 1423

2021-12-15 13:57:14 - [MESSAGE][PASSED] - Swiped from 360,853 to 360,142

2021-12-15 13:57:15 - [MESSAGE][PASSED] - Delayed 1 second(s)

2021-12-15 13:57:17 - [MESSAGE][PASSED] - Swiped from 360,853 to 360,142

2021-12-15 13:57:20 - [MESSAGE][PASSED] - Delayed 3 second(s)

2021-12-15 13:57:20 - [MESSAGE][PASSED] - startApp.OpenApp.terminateApplication is PASSED

2021-12-15 13:57:20 - [MESSAGE][PASSED] - Call Test Case 'Test Cases/Mobile/Page/Run App/Terminate App' successfully]]></system-out>
         <system-err><![CDATA[]]></system-err>
      </testcase>
      <system-out><![CDATA[2021-12-15 13:52:49 - [TEST_SUITE][PASSED] - analysis: Test Cases/Mobile/Scenario/Analysis/004 - User mencari research report]]></system-out>
      <system-err><![CDATA[]]></system-err>
   </testsuite>
</testsuites>
