<?xml version="1.0" encoding="UTF-8"?>
<testsuites name="navigationmenu" time="464.291" tests="6" failures="0" skips="0" errors="0">
   <testsuite name="navigationmenu" tests="6" failures="0" errors="0" time="464.291" skips="0" timestamp="2022-01-20 10:53:55" hostname="Owner - aldy-tft" id="Test Suites/navigationmenu">
      <properties>
         <property name="deviceName" value="samsung SM-A205F (Android 11)"/>
         <property name="devicePlatform" value=""/>
         <property name="logFolder" value="C:\\Users\\Owner\\Documents\\kerjaan\\KatalonProject\\qa_katalon_pwm\\qa_katalon_pwm\\Reports\\20220120_102745\\navigationmenu\\20220120_102756"/>
         <property name="logFiles" value="C:\\Users\\Owner\\Documents\\kerjaan\\KatalonProject\\qa_katalon_pwm\\qa_katalon_pwm\\Reports\\20220120_102745\\navigationmenu\\20220120_102756\\appium.log, C:\\Users\\Owner\\Documents\\kerjaan\\KatalonProject\\qa_katalon_pwm\\qa_katalon_pwm\\Reports\\20220120_102745\\navigationmenu\\20220120_102756\\execution0.log"/>
         <property name="attachments" value="C:\\Users\\Owner\\Documents\\kerjaan\\KatalonProject\\qa_katalon_pwm\\qa_katalon_pwm\\Reports\\20220120_102745\\navigationmenu\\20220120_102756\\1642650966239.png, C:\\Users\\Owner\\Documents\\kerjaan\\KatalonProject\\qa_katalon_pwm\\qa_katalon_pwm\\Reports\\20220120_102745\\navigationmenu\\20220120_102756\\1642650966986.png"/>
         <property name="hostName" value="Owner - aldy-tft"/>
         <property name="os" value="Windows 10 64bit"/>
         <property name="appiumServerStatus" value="{&quot;value&quot;:{&quot;build&quot;:{&quot;version&quot;:&quot;1.22.0&quot;}},&quot;sessionId&quot;:null,&quot;status&quot;:0}"/>
         <property name="katalonVersion" value="7.9.1.208"/>
         <property name="deviceOS" value="Android"/>
         <property name="appiumVersion" value="1.22.0"/>
         <property name="deviceModel" value="SM-A205F"/>
         <property name="hostAddress" value="192.168.18.37"/>
         <property name="deviceManufacturer" value="samsung"/>
         <property name="deviceId" value="RR8M40C9AXE"/>
         <property name="deviceName" value="samsung SM-A205F (Android 11)"/>
         <property name="deviceOSVersion" value="11"/>
      </properties>
      <testcase name="Test Cases/Mobile/Scenario/NavigationMenu/001 - Download Report" time="78.465" classname="Test Cases/Mobile/Scenario/NavigationMenu/001 - Download Report" status="PASSED">
         <system-out><![CDATA[2022-01-20 10:53:56 - [TEST_CASE][PASSED] - Test Cases/Mobile/Scenario/NavigationMenu/001 - Download Report: Test Cases/Mobile/Scenario/NavigationMenu/001 - Download Report

2022-01-20 10:53:57 - [TEST_STEP][PASSED] - callTestCase(findTestCase("Mobile/Page/Run App/Run App byID"), [:], STOP_ON_FAILURE): Call Test Case 'Test Cases/Mobile/Page/Run App/Run App byID' successfully

2022-01-20 10:53:57 - [TEST_CASE][PASSED] - Test Cases/Mobile/Page/Run App/Run App byID: Test Cases/Mobile/Page/Run App/Run App byID

2022-01-20 10:53:57 - [TEST_STEP][PASSED] - startApp.OpenApp.startApplication("id.co.miraeasset.sageclub"): startApp.OpenApp.startApplication is PASSED

2022-01-20 10:53:58 - [MESSAGE][INFO] - Appium server started on port 54,040

2022-01-20 10:54:13 - [MESSAGE][PASSED] - Starting app with application ID: 'id.co.miraeasset.sageclub'

2022-01-20 10:54:13 - [MESSAGE][PASSED] - startApp.OpenApp.startApplication is PASSED

2022-01-20 10:54:13 - [MESSAGE][PASSED] - Call Test Case 'Test Cases/Mobile/Page/Run App/Run App byID' successfully

2022-01-20 10:54:13 - [TEST_STEP][PASSED] - callTestCase(findTestCase("Mobile/Page/NavigationMenu/NavigationMenu"), ["action":"downloadtaxreport"], CONTINUE_ON_FAILURE): Call Test Case 'Test Cases/Mobile/Page/NavigationMenu/NavigationMenu' successfully

2022-01-20 10:54:13 - [TEST_CASE][PASSED] - Test Cases/Mobile/Page/NavigationMenu/NavigationMenu: Test Cases/Mobile/Page/NavigationMenu/NavigationMenu

2022-01-20 10:54:13 - [TEST_STEP][PASSED] - callTestCase(findTestCase("Mobile/Page/CheckLogin"), [:], CONTINUE_ON_FAILURE): Call Test Case 'Test Cases/Mobile/Page/CheckLogin' successfully

2022-01-20 10:54:13 - [TEST_CASE][PASSED] - Test Cases/Mobile/Page/CheckLogin: Test Cases/Mobile/Page/CheckLogin

2022-01-20 10:54:14 - [TEST_STEP][PASSED] - loginCheck = verifyElementExist(LOGN_BtnLogin, 5, CONTINUE_ON_FAILURE): Element 'Object Repository/Mobile/Page/Login/Button - Login' is exist

2022-01-20 10:54:30 - [MESSAGE][PASSED] - Element 'Object Repository/Mobile/Page/Login/Button - Login' is exist

2022-01-20 10:54:30 - [TEST_STEP][PASSED] - if (loginCheck): Call Test Case 'Test Cases/Mobile/Page/Login/Login' successfully

2022-01-20 10:54:30 - [TEST_STEP][PASSED] - callTestCase(findTestCase("Mobile/Page/Login/Login"), ["action":"username"], CONTINUE_ON_FAILURE): Call Test Case 'Test Cases/Mobile/Page/Login/Login' successfully

2022-01-20 10:54:30 - [TEST_CASE][PASSED] - Test Cases/Mobile/Page/Login/Login: Test Cases/Mobile/Page/Login/Login

2022-01-20 10:54:30 - [TEST_STEP][PASSED] - delay(2): Delayed 2 second(s)

2022-01-20 10:54:32 - [MESSAGE][PASSED] - Delayed 2 second(s)

2022-01-20 10:54:32 - [TEST_STEP][PASSED] - for ([i = 0, i < 1, (i++)]): null

2022-01-20 10:54:32 - [TEST_STEP][PASSED] - if (action == "username"): null

2022-01-20 10:54:32 - [TEST_STEP][PASSED] - tap(LOGN_EdtUserID, 0): Tapped on element 'Object Repository/Mobile/Page/Login/Input - UserID'

2022-01-20 10:54:32 - [MESSAGE][WARNING] - Timeout '0' is invalid. Using default page load timeout: '60'

2022-01-20 10:54:33 - [MESSAGE][PASSED] - Tapped on element 'Object Repository/Mobile/Page/Login/Input - UserID'

2022-01-20 10:54:33 - [TEST_STEP][PASSED] - delay(1): Delayed 1 second(s)

2022-01-20 10:54:34 - [MESSAGE][PASSED] - Delayed 1 second(s)

2022-01-20 10:54:34 - [TEST_STEP][PASSED] - setText(LOGN_EdtRdyUserID, "anggaaditya", 0): Text 'anggaaditya' has been set to element 'Object Repository/Mobile/Page/Login/Input Rdy - UserID'

2022-01-20 10:54:34 - [MESSAGE][WARNING] - Timeout '0' is invalid. Using default page load timeout: '60'

2022-01-20 10:54:34 - [MESSAGE][PASSED] - Text 'anggaaditya' has been set to element 'Object Repository/Mobile/Page/Login/Input Rdy - UserID'

2022-01-20 10:54:34 - [TEST_STEP][PASSED] - delay(1): Delayed 1 second(s)

2022-01-20 10:54:35 - [MESSAGE][PASSED] - Delayed 1 second(s)

2022-01-20 10:54:35 - [TEST_STEP][PASSED] - hideKeyboard(): Keyboard is hidden

2022-01-20 10:54:39 - [MESSAGE][PASSED] - Keyboard is hidden

2022-01-20 10:54:39 - [TEST_STEP][PASSED] - tap(LOGN_EdtPassword, 0): Tapped on element 'Object Repository/Mobile/Page/Login/Input - Password'

2022-01-20 10:54:39 - [MESSAGE][WARNING] - Timeout '0' is invalid. Using default page load timeout: '60'

2022-01-20 10:54:39 - [MESSAGE][PASSED] - Tapped on element 'Object Repository/Mobile/Page/Login/Input - Password'

2022-01-20 10:54:39 - [TEST_STEP][PASSED] - delay(1): Delayed 1 second(s)

2022-01-20 10:54:40 - [MESSAGE][PASSED] - Delayed 1 second(s)

2022-01-20 10:54:40 - [TEST_STEP][PASSED] - setText(LOGN_EdtRdyPassword, "Shalawa18", 0): Text 'Shalawa18' has been set to element 'Object Repository/Mobile/Page/Login/Input Rdy - Password'

2022-01-20 10:54:40 - [MESSAGE][WARNING] - Timeout '0' is invalid. Using default page load timeout: '60'

2022-01-20 10:54:41 - [MESSAGE][PASSED] - Text 'Shalawa18' has been set to element 'Object Repository/Mobile/Page/Login/Input Rdy - Password'

2022-01-20 10:54:41 - [TEST_STEP][PASSED] - delay(1): Delayed 1 second(s)

2022-01-20 10:54:42 - [MESSAGE][PASSED] - Delayed 1 second(s)

2022-01-20 10:54:42 - [TEST_STEP][PASSED] - hideKeyboard(): Keyboard is hidden

2022-01-20 10:54:48 - [MESSAGE][PASSED] - Keyboard is hidden

2022-01-20 10:54:48 - [TEST_STEP][PASSED] - tap(LOGN_BtnLogin, 0): Tapped on element 'Object Repository/Mobile/Page/Login/Button - Login'

2022-01-20 10:54:48 - [MESSAGE][WARNING] - Timeout '0' is invalid. Using default page load timeout: '60'

2022-01-20 10:54:49 - [MESSAGE][PASSED] - Tapped on element 'Object Repository/Mobile/Page/Login/Button - Login'

2022-01-20 10:54:49 - [TEST_STEP][PASSED] - delay(2): Delayed 2 second(s)

2022-01-20 10:54:51 - [MESSAGE][PASSED] - Delayed 2 second(s)

2022-01-20 10:54:51 - [TEST_STEP][PASSED] - break: null

2022-01-20 10:54:51 - [MESSAGE][PASSED] - Call Test Case 'Test Cases/Mobile/Page/Login/Login' successfully

2022-01-20 10:54:51 - [MESSAGE][PASSED] - Call Test Case 'Test Cases/Mobile/Page/CheckLogin' successfully

2022-01-20 10:54:51 - [TEST_STEP][PASSED] - delay(3): Delayed 3 second(s)

2022-01-20 10:54:54 - [MESSAGE][PASSED] - Delayed 3 second(s)

2022-01-20 10:54:54 - [TEST_STEP][PASSED] - scroll.scroll.scrollScreenLeftToRight(): scroll.scroll.scrollScreenLeftToRight is PASSED

2022-01-20 10:54:54 - [MESSAGE][PASSED] - Current device physical height is 1423

2022-01-20 10:54:54 - [MESSAGE][PASSED] - Current device physical width is 720

2022-01-20 10:54:55 - [MESSAGE][PASSED] - Current device physical height is 1423

2022-01-20 10:54:56 - [MESSAGE][PASSED] - Swiped from 10,711 to 710,711

2022-01-20 10:54:56 - [MESSAGE][PASSED] - scroll.scroll.scrollScreenLeftToRight is PASSED

2022-01-20 10:54:56 - [TEST_STEP][PASSED] - delay(1): Delayed 1 second(s)

2022-01-20 10:54:57 - [MESSAGE][PASSED] - Delayed 1 second(s)

2022-01-20 10:54:57 - [TEST_STEP][PASSED] - for ([i = 0, i < 1, (i++)]): Press back button successfully

2022-01-20 10:54:57 - [TEST_STEP][PASSED] - if (action == "downloadtaxreport"): Press back button successfully

2022-01-20 10:54:57 - [TEST_STEP][PASSED] - taxreport = NAVM_ContYearlyTaxReport: null

2022-01-20 10:54:57 - [TEST_STEP][PASSED] - top = getElementTopPosition(taxreport, 0): Object 'Object Repository/Mobile/Page/NavigationMenu/Container - Yearly Tax Report' has top position '309'

2022-01-20 10:54:57 - [MESSAGE][WARNING] - Timeout '0' is invalid. Using default page load timeout: '60'

2022-01-20 10:54:57 - [MESSAGE][PASSED] - Object 'Object Repository/Mobile/Page/NavigationMenu/Container - Yearly Tax Report' has top position '309'

2022-01-20 10:54:57 - [TEST_STEP][PASSED] - y = getElementHeight(taxreport, 0) * 0.8 + top: Object 'Object Repository/Mobile/Page/NavigationMenu/Container - Yearly Tax Report' has height: '119'

2022-01-20 10:54:57 - [MESSAGE][WARNING] - Timeout '0' is invalid. Using default page load timeout: '60'

2022-01-20 10:54:57 - [MESSAGE][PASSED] - Object 'Object Repository/Mobile/Page/NavigationMenu/Container - Yearly Tax Report' has height: '119'

2022-01-20 10:54:57 - [TEST_STEP][PASSED] - x = getDeviceWidth() * 0.2: Current device physical width is 720

2022-01-20 10:54:58 - [MESSAGE][PASSED] - Current device physical width is 720

2022-01-20 10:54:58 - [TEST_STEP][PASSED] - tapAtPosition(x, y): Tapped at [144, 404]

2022-01-20 10:54:58 - [MESSAGE][PASSED] - Tapped at [144, 404]

2022-01-20 10:54:58 - [TEST_STEP][PASSED] - delay(5): Delayed 5 second(s)

2022-01-20 10:55:03 - [MESSAGE][PASSED] - Delayed 5 second(s)

2022-01-20 10:55:03 - [TEST_STEP][PASSED] - pressBack(): Press back button successfully

2022-01-20 10:55:04 - [MESSAGE][PASSED] - Press back button successfully

2022-01-20 10:55:04 - [MESSAGE][PASSED] - Call Test Case 'Test Cases/Mobile/Page/NavigationMenu/NavigationMenu' successfully

2022-01-20 10:55:04 - [TEST_STEP][PASSED] - callTestCase(findTestCase("Mobile/Page/Run App/Terminate App"), [:], STOP_ON_FAILURE): Call Test Case 'Test Cases/Mobile/Page/Run App/Terminate App' successfully

2022-01-20 10:55:04 - [TEST_CASE][PASSED] - Test Cases/Mobile/Page/Run App/Terminate App: Test Cases/Mobile/Page/Run App/Terminate App

2022-01-20 10:55:04 - [TEST_STEP][PASSED] - startApp.OpenApp.terminateApplication(): startApp.OpenApp.terminateApplication is PASSED

2022-01-20 10:55:08 - [MESSAGE][PASSED] - Delayed 3 second(s)

2022-01-20 10:55:08 - [MESSAGE][PASSED] - Current device physical width is 720

2022-01-20 10:55:08 - [MESSAGE][PASSED] - Current device physical height is 1423

2022-01-20 10:55:09 - [MESSAGE][PASSED] - Swiped from 360,853 to 360,142

2022-01-20 10:55:10 - [MESSAGE][PASSED] - Delayed 1 second(s)

2022-01-20 10:55:12 - [MESSAGE][PASSED] - Swiped from 360,853 to 360,142

2022-01-20 10:55:15 - [MESSAGE][PASSED] - Delayed 3 second(s)

2022-01-20 10:55:15 - [MESSAGE][PASSED] - startApp.OpenApp.terminateApplication is PASSED

2022-01-20 10:55:15 - [MESSAGE][PASSED] - Call Test Case 'Test Cases/Mobile/Page/Run App/Terminate App' successfully]]></system-out>
         <system-err><![CDATA[]]></system-err>
      </testcase>
      <testcase name="Test Cases/Mobile/Scenario/NavigationMenu/002 - Risk Profile analysis" time="91.803" classname="Test Cases/Mobile/Scenario/NavigationMenu/002 - Risk Profile analysis" status="PASSED">
         <system-out><![CDATA[2022-01-20 10:55:15 - [TEST_CASE][PASSED] - Test Cases/Mobile/Scenario/NavigationMenu/002 - Risk Profile analysis: Test Cases/Mobile/Scenario/NavigationMenu/002 - Risk Profile analysis

2022-01-20 10:55:15 - [TEST_STEP][PASSED] - callTestCase(findTestCase("Mobile/Page/Run App/Run App byID"), [:], STOP_ON_FAILURE): Call Test Case 'Test Cases/Mobile/Page/Run App/Run App byID' successfully

2022-01-20 10:55:15 - [TEST_CASE][PASSED] - Test Cases/Mobile/Page/Run App/Run App byID: Test Cases/Mobile/Page/Run App/Run App byID

2022-01-20 10:55:15 - [TEST_STEP][PASSED] - startApp.OpenApp.startApplication("id.co.miraeasset.sageclub"): startApp.OpenApp.startApplication is PASSED

2022-01-20 10:55:27 - [MESSAGE][PASSED] - Starting app with application ID: 'id.co.miraeasset.sageclub'

2022-01-20 10:55:27 - [MESSAGE][PASSED] - startApp.OpenApp.startApplication is PASSED

2022-01-20 10:55:27 - [MESSAGE][PASSED] - Call Test Case 'Test Cases/Mobile/Page/Run App/Run App byID' successfully

2022-01-20 10:55:27 - [TEST_STEP][PASSED] - callTestCase(findTestCase("Mobile/Page/NavigationMenu/NavigationMenu"), ["action":"analyzeprofile"], CONTINUE_ON_FAILURE): Call Test Case 'Test Cases/Mobile/Page/NavigationMenu/NavigationMenu' successfully

2022-01-20 10:55:27 - [TEST_CASE][PASSED] - Test Cases/Mobile/Page/NavigationMenu/NavigationMenu: Test Cases/Mobile/Page/NavigationMenu/NavigationMenu

2022-01-20 10:55:27 - [TEST_STEP][PASSED] - callTestCase(findTestCase("Mobile/Page/CheckLogin"), [:], CONTINUE_ON_FAILURE): Call Test Case 'Test Cases/Mobile/Page/CheckLogin' successfully

2022-01-20 10:55:27 - [TEST_CASE][PASSED] - Test Cases/Mobile/Page/CheckLogin: Test Cases/Mobile/Page/CheckLogin

2022-01-20 10:55:27 - [TEST_STEP][PASSED] - loginCheck = verifyElementExist(LOGN_BtnLogin, 5, CONTINUE_ON_FAILURE): Element 'Object Repository/Mobile/Page/Login/Button - Login' is exist

2022-01-20 10:55:29 - [MESSAGE][PASSED] - Element 'Object Repository/Mobile/Page/Login/Button - Login' is exist

2022-01-20 10:55:29 - [TEST_STEP][PASSED] - if (loginCheck): Call Test Case 'Test Cases/Mobile/Page/Login/Login' successfully

2022-01-20 10:55:29 - [TEST_STEP][PASSED] - callTestCase(findTestCase("Mobile/Page/Login/Login"), ["action":"username"], CONTINUE_ON_FAILURE): Call Test Case 'Test Cases/Mobile/Page/Login/Login' successfully

2022-01-20 10:55:29 - [TEST_CASE][PASSED] - Test Cases/Mobile/Page/Login/Login: Test Cases/Mobile/Page/Login/Login

2022-01-20 10:55:29 - [TEST_STEP][PASSED] - delay(2): Delayed 2 second(s)

2022-01-20 10:55:31 - [MESSAGE][PASSED] - Delayed 2 second(s)

2022-01-20 10:55:31 - [TEST_STEP][PASSED] - for ([i = 0, i < 1, (i++)]): null

2022-01-20 10:55:31 - [TEST_STEP][PASSED] - if (action == "username"): null

2022-01-20 10:55:31 - [TEST_STEP][PASSED] - tap(LOGN_EdtUserID, 0): Tapped on element 'Object Repository/Mobile/Page/Login/Input - UserID'

2022-01-20 10:55:31 - [MESSAGE][WARNING] - Timeout '0' is invalid. Using default page load timeout: '60'

2022-01-20 10:55:32 - [MESSAGE][PASSED] - Tapped on element 'Object Repository/Mobile/Page/Login/Input - UserID'

2022-01-20 10:55:32 - [TEST_STEP][PASSED] - delay(1): Delayed 1 second(s)

2022-01-20 10:55:33 - [MESSAGE][PASSED] - Delayed 1 second(s)

2022-01-20 10:55:33 - [TEST_STEP][PASSED] - setText(LOGN_EdtRdyUserID, "anggaaditya", 0): Text 'anggaaditya' has been set to element 'Object Repository/Mobile/Page/Login/Input Rdy - UserID'

2022-01-20 10:55:33 - [MESSAGE][WARNING] - Timeout '0' is invalid. Using default page load timeout: '60'

2022-01-20 10:55:33 - [MESSAGE][PASSED] - Text 'anggaaditya' has been set to element 'Object Repository/Mobile/Page/Login/Input Rdy - UserID'

2022-01-20 10:55:33 - [TEST_STEP][PASSED] - delay(1): Delayed 1 second(s)

2022-01-20 10:55:34 - [MESSAGE][PASSED] - Delayed 1 second(s)

2022-01-20 10:55:34 - [TEST_STEP][PASSED] - hideKeyboard(): Keyboard is hidden

2022-01-20 10:55:38 - [MESSAGE][PASSED] - Keyboard is hidden

2022-01-20 10:55:38 - [TEST_STEP][PASSED] - tap(LOGN_EdtPassword, 0): Tapped on element 'Object Repository/Mobile/Page/Login/Input - Password'

2022-01-20 10:55:38 - [MESSAGE][WARNING] - Timeout '0' is invalid. Using default page load timeout: '60'

2022-01-20 10:55:39 - [MESSAGE][PASSED] - Tapped on element 'Object Repository/Mobile/Page/Login/Input - Password'

2022-01-20 10:55:39 - [TEST_STEP][PASSED] - delay(1): Delayed 1 second(s)

2022-01-20 10:55:40 - [MESSAGE][PASSED] - Delayed 1 second(s)

2022-01-20 10:55:40 - [TEST_STEP][PASSED] - setText(LOGN_EdtRdyPassword, "Shalawa18", 0): Text 'Shalawa18' has been set to element 'Object Repository/Mobile/Page/Login/Input Rdy - Password'

2022-01-20 10:55:40 - [MESSAGE][WARNING] - Timeout '0' is invalid. Using default page load timeout: '60'

2022-01-20 10:55:40 - [MESSAGE][PASSED] - Text 'Shalawa18' has been set to element 'Object Repository/Mobile/Page/Login/Input Rdy - Password'

2022-01-20 10:55:40 - [TEST_STEP][PASSED] - delay(1): Delayed 1 second(s)

2022-01-20 10:55:41 - [MESSAGE][PASSED] - Delayed 1 second(s)

2022-01-20 10:55:41 - [TEST_STEP][PASSED] - hideKeyboard(): Keyboard is hidden

2022-01-20 10:55:47 - [MESSAGE][PASSED] - Keyboard is hidden

2022-01-20 10:55:47 - [TEST_STEP][PASSED] - tap(LOGN_BtnLogin, 0): Tapped on element 'Object Repository/Mobile/Page/Login/Button - Login'

2022-01-20 10:55:47 - [MESSAGE][WARNING] - Timeout '0' is invalid. Using default page load timeout: '60'

2022-01-20 10:55:48 - [MESSAGE][PASSED] - Tapped on element 'Object Repository/Mobile/Page/Login/Button - Login'

2022-01-20 10:55:48 - [TEST_STEP][PASSED] - delay(2): Delayed 2 second(s)

2022-01-20 10:55:50 - [MESSAGE][PASSED] - Delayed 2 second(s)

2022-01-20 10:55:50 - [TEST_STEP][PASSED] - break: null

2022-01-20 10:55:50 - [MESSAGE][PASSED] - Call Test Case 'Test Cases/Mobile/Page/Login/Login' successfully

2022-01-20 10:55:50 - [MESSAGE][PASSED] - Call Test Case 'Test Cases/Mobile/Page/CheckLogin' successfully

2022-01-20 10:55:50 - [TEST_STEP][PASSED] - delay(3): Delayed 3 second(s)

2022-01-20 10:55:53 - [MESSAGE][PASSED] - Delayed 3 second(s)

2022-01-20 10:55:53 - [TEST_STEP][PASSED] - scroll.scroll.scrollScreenLeftToRight(): scroll.scroll.scrollScreenLeftToRight is PASSED

2022-01-20 10:55:53 - [MESSAGE][PASSED] - Current device physical height is 1423

2022-01-20 10:55:53 - [MESSAGE][PASSED] - Current device physical width is 720

2022-01-20 10:55:53 - [MESSAGE][PASSED] - Current device physical height is 1423

2022-01-20 10:55:54 - [MESSAGE][PASSED] - Swiped from 10,711 to 710,711

2022-01-20 10:55:54 - [MESSAGE][PASSED] - scroll.scroll.scrollScreenLeftToRight is PASSED

2022-01-20 10:55:54 - [TEST_STEP][PASSED] - delay(1): Delayed 1 second(s)

2022-01-20 10:55:55 - [MESSAGE][PASSED] - Delayed 1 second(s)

2022-01-20 10:55:55 - [TEST_STEP][FAILED] - for ([i = 0, i < 1, (i++)]): null

2022-01-20 10:55:55 - [TEST_STEP][PASSED] - if (action == "downloadtaxreport"): null

2022-01-20 10:55:55 - [TEST_STEP][FAILED] - else if (action == "analyzeprofile"): null

2022-01-20 10:55:55 - [TEST_STEP][PASSED] - risk = NAVM_ContRiskProfile: null

2022-01-20 10:55:55 - [TEST_STEP][PASSED] - top = getElementTopPosition(risk, 0): Object 'Object Repository/Mobile/Page/NavigationMenu/Container - Risk Profile' has top position '463'

2022-01-20 10:55:55 - [MESSAGE][WARNING] - Timeout '0' is invalid. Using default page load timeout: '60'

2022-01-20 10:55:56 - [MESSAGE][PASSED] - Object 'Object Repository/Mobile/Page/NavigationMenu/Container - Risk Profile' has top position '463'

2022-01-20 10:55:56 - [TEST_STEP][PASSED] - y = getElementHeight(risk, 0) * 0.8 + top: Object 'Object Repository/Mobile/Page/NavigationMenu/Container - Risk Profile' has height: '119'

2022-01-20 10:55:56 - [MESSAGE][WARNING] - Timeout '0' is invalid. Using default page load timeout: '60'

2022-01-20 10:55:56 - [MESSAGE][PASSED] - Object 'Object Repository/Mobile/Page/NavigationMenu/Container - Risk Profile' has height: '119'

2022-01-20 10:55:56 - [TEST_STEP][PASSED] - x = getDeviceWidth() * 0.2: Current device physical width is 720

2022-01-20 10:55:56 - [MESSAGE][PASSED] - Current device physical width is 720

2022-01-20 10:55:56 - [TEST_STEP][PASSED] - tapAtPosition(x, y): Tapped at [144, 558]

2022-01-20 10:55:56 - [MESSAGE][PASSED] - Tapped at [144, 558]

2022-01-20 10:55:56 - [TEST_STEP][PASSED] - delay(1): Delayed 1 second(s)

2022-01-20 10:55:57 - [MESSAGE][PASSED] - Delayed 1 second(s)

2022-01-20 10:55:57 - [TEST_STEP][FAILED] - try: Failed to check for element 'Object Repository/Mobile/Page/NavigationMenu/Container - Risk Profile' exist (Root cause: com.kms.katalon.core.exception.StepFailedException: Element 'Object Repository/Mobile/Page/NavigationMenu/Container - Risk Profile' not found
	at com.kms.katalon.core.keyword.internal.KeywordMain.stepFailed(KeywordMain.groovy:50)
	at com.kms.katalon.core.mobile.keyword.internal.MobileKeywordMain.stepFailed(MobileKeywordMain.groovy:40)
	at com.kms.katalon.core.mobile.keyword.builtin.VerifyElementExistKeyword$_verifyElementExist_closure1.doCall(VerifyElementExistKeyword.groovy:77)
	at com.kms.katalon.core.mobile.keyword.builtin.VerifyElementExistKeyword$_verifyElementExist_closure1.call(VerifyElementExistKeyword.groovy)
	at com.kms.katalon.core.mobile.keyword.internal.MobileKeywordMain.runKeyword(MobileKeywordMain.groovy:21)
	at com.kms.katalon.core.mobile.keyword.builtin.VerifyElementExistKeyword.verifyElementExist(VerifyElementExistKeyword.groovy:80)
	at com.kms.katalon.core.mobile.keyword.builtin.VerifyElementExistKeyword.execute(VerifyElementExistKeyword.groovy:64)
	at com.kms.katalon.core.keyword.internal.KeywordExecutor.executeKeywordForPlatform(KeywordExecutor.groovy:73)
	at com.kms.katalon.core.mobile.keyword.MobileBuiltInKeywords.verifyElementExist(MobileBuiltInKeywords.groovy:1586)
	at com.kms.katalon.core.mobile.keyword.MobileBuiltInKeywords$verifyElementExist$11.call(Unknown Source)
	at NavigationMenu.run(NavigationMenu:51)
	at com.kms.katalon.core.main.ScriptEngine.run(ScriptEngine.java:194)
	at com.kms.katalon.core.main.ScriptEngine.runScriptAsRawText(ScriptEngine.java:119)
	at com.kms.katalon.core.main.TestCaseExecutor.runScript(TestCaseExecutor.java:398)
	at com.kms.katalon.core.main.TestCaseExecutor.doExecute(TestCaseExecutor.java:389)
	at com.kms.katalon.core.main.TestCaseExecutor.processExecutionPhase(TestCaseExecutor.java:368)
	at com.kms.katalon.core.main.TestCaseExecutor.accessMainPhase(TestCaseExecutor.java:360)
	at com.kms.katalon.core.main.TestCaseExecutor.execute(TestCaseExecutor.java:255)
	at com.kms.katalon.core.main.TestCaseMain.runTestCase(TestCaseMain.java:114)
	at com.kms.katalon.core.keyword.builtin.CallTestCaseKeyword$_callTestCase_closure1.doCall(CallTestCaseKeyword.groovy:59)
	at com.kms.katalon.core.keyword.builtin.CallTestCaseKeyword$_callTestCase_closure1.call(CallTestCaseKeyword.groovy)
	at com.kms.katalon.core.keyword.internal.KeywordMain.runKeyword(KeywordMain.groovy:68)
	at com.kms.katalon.core.keyword.builtin.CallTestCaseKeyword.callTestCase(CallTestCaseKeyword.groovy:81)
	at com.kms.katalon.core.keyword.builtin.CallTestCaseKeyword.execute(CallTestCaseKeyword.groovy:44)
	at com.kms.katalon.core.keyword.internal.KeywordExecutor.executeKeywordForPlatform(KeywordExecutor.groovy:73)
	at com.kms.katalon.core.keyword.BuiltinKeywords.callTestCase(BuiltinKeywords.groovy:334)
	at 002 - Risk Profile analysis.run(002 - Risk Profile analysis:22)
	at com.kms.katalon.core.main.ScriptEngine.run(ScriptEngine.java:194)
	at com.kms.katalon.core.main.ScriptEngine.runScriptAsRawText(ScriptEngine.java:119)
	at com.kms.katalon.core.main.TestCaseExecutor.runScript(TestCaseExecutor.java:398)
	at com.kms.katalon.core.main.TestCaseExecutor.doExecute(TestCaseExecutor.java:389)
	at com.kms.katalon.core.main.TestCaseExecutor.processExecutionPhase(TestCaseExecutor.java:368)
	at com.kms.katalon.core.main.TestCaseExecutor.accessMainPhase(TestCaseExecutor.java:360)
	at com.kms.katalon.core.main.TestCaseExecutor.execute(TestCaseExecutor.java:255)
	at com.kms.katalon.core.main.TestSuiteExecutor.accessTestCaseMainPhase(TestSuiteExecutor.java:203)
	at com.kms.katalon.core.main.TestSuiteExecutor.accessTestSuiteMainPhase(TestSuiteExecutor.java:152)
	at com.kms.katalon.core.main.TestSuiteExecutor.execute(TestSuiteExecutor.java:95)
	at com.kms.katalon.core.main.TestCaseMain.startTestSuite(TestCaseMain.java:157)
	at com.kms.katalon.core.main.TestCaseMain$startTestSuite$0.call(Unknown Source)
	at TempTestSuite1642649276935.run(TempTestSuite1642649276935.groovy:39)
)

2022-01-20 10:55:57 - [TEST_STEP][FAILED] - for ([j = 1, j <= 5, (j++)]): Failed to check for element 'Object Repository/Mobile/Page/NavigationMenu/Container - Risk Profile' exist (Root cause: com.kms.katalon.core.exception.StepFailedException: Element 'Object Repository/Mobile/Page/NavigationMenu/Container - Risk Profile' not found
	at com.kms.katalon.core.keyword.internal.KeywordMain.stepFailed(KeywordMain.groovy:50)
	at com.kms.katalon.core.mobile.keyword.internal.MobileKeywordMain.stepFailed(MobileKeywordMain.groovy:40)
	at com.kms.katalon.core.mobile.keyword.builtin.VerifyElementExistKeyword$_verifyElementExist_closure1.doCall(VerifyElementExistKeyword.groovy:77)
	at com.kms.katalon.core.mobile.keyword.builtin.VerifyElementExistKeyword$_verifyElementExist_closure1.call(VerifyElementExistKeyword.groovy)
	at com.kms.katalon.core.mobile.keyword.internal.MobileKeywordMain.runKeyword(MobileKeywordMain.groovy:21)
	at com.kms.katalon.core.mobile.keyword.builtin.VerifyElementExistKeyword.verifyElementExist(VerifyElementExistKeyword.groovy:80)
	at com.kms.katalon.core.mobile.keyword.builtin.VerifyElementExistKeyword.execute(VerifyElementExistKeyword.groovy:64)
	at com.kms.katalon.core.keyword.internal.KeywordExecutor.executeKeywordForPlatform(KeywordExecutor.groovy:73)
	at com.kms.katalon.core.mobile.keyword.MobileBuiltInKeywords.verifyElementExist(MobileBuiltInKeywords.groovy:1586)
	at com.kms.katalon.core.mobile.keyword.MobileBuiltInKeywords$verifyElementExist$11.call(Unknown Source)
	at NavigationMenu.run(NavigationMenu:51)
	at com.kms.katalon.core.main.ScriptEngine.run(ScriptEngine.java:194)
	at com.kms.katalon.core.main.ScriptEngine.runScriptAsRawText(ScriptEngine.java:119)
	at com.kms.katalon.core.main.TestCaseExecutor.runScript(TestCaseExecutor.java:398)
	at com.kms.katalon.core.main.TestCaseExecutor.doExecute(TestCaseExecutor.java:389)
	at com.kms.katalon.core.main.TestCaseExecutor.processExecutionPhase(TestCaseExecutor.java:368)
	at com.kms.katalon.core.main.TestCaseExecutor.accessMainPhase(TestCaseExecutor.java:360)
	at com.kms.katalon.core.main.TestCaseExecutor.execute(TestCaseExecutor.java:255)
	at com.kms.katalon.core.main.TestCaseMain.runTestCase(TestCaseMain.java:114)
	at com.kms.katalon.core.keyword.builtin.CallTestCaseKeyword$_callTestCase_closure1.doCall(CallTestCaseKeyword.groovy:59)
	at com.kms.katalon.core.keyword.builtin.CallTestCaseKeyword$_callTestCase_closure1.call(CallTestCaseKeyword.groovy)
	at com.kms.katalon.core.keyword.internal.KeywordMain.runKeyword(KeywordMain.groovy:68)
	at com.kms.katalon.core.keyword.builtin.CallTestCaseKeyword.callTestCase(CallTestCaseKeyword.groovy:81)
	at com.kms.katalon.core.keyword.builtin.CallTestCaseKeyword.execute(CallTestCaseKeyword.groovy:44)
	at com.kms.katalon.core.keyword.internal.KeywordExecutor.executeKeywordForPlatform(KeywordExecutor.groovy:73)
	at com.kms.katalon.core.keyword.BuiltinKeywords.callTestCase(BuiltinKeywords.groovy:334)
	at 002 - Risk Profile analysis.run(002 - Risk Profile analysis:22)
	at com.kms.katalon.core.main.ScriptEngine.run(ScriptEngine.java:194)
	at com.kms.katalon.core.main.ScriptEngine.runScriptAsRawText(ScriptEngine.java:119)
	at com.kms.katalon.core.main.TestCaseExecutor.runScript(TestCaseExecutor.java:398)
	at com.kms.katalon.core.main.TestCaseExecutor.doExecute(TestCaseExecutor.java:389)
	at com.kms.katalon.core.main.TestCaseExecutor.processExecutionPhase(TestCaseExecutor.java:368)
	at com.kms.katalon.core.main.TestCaseExecutor.accessMainPhase(TestCaseExecutor.java:360)
	at com.kms.katalon.core.main.TestCaseExecutor.execute(TestCaseExecutor.java:255)
	at com.kms.katalon.core.main.TestSuiteExecutor.accessTestCaseMainPhase(TestSuiteExecutor.java:203)
	at com.kms.katalon.core.main.TestSuiteExecutor.accessTestSuiteMainPhase(TestSuiteExecutor.java:152)
	at com.kms.katalon.core.main.TestSuiteExecutor.execute(TestSuiteExecutor.java:95)
	at com.kms.katalon.core.main.TestCaseMain.startTestSuite(TestCaseMain.java:157)
	at com.kms.katalon.core.main.TestCaseMain$startTestSuite$0.call(Unknown Source)
	at TempTestSuite1642649276935.run(TempTestSuite1642649276935.groovy:39)
)

2022-01-20 10:55:57 - [TEST_STEP][PASSED] - bestsuited = verifyElementExist(NAVM_ContRiskProfile, 2): Element 'Object Repository/Mobile/Page/NavigationMenu/Container - Risk Profile' is exist

2022-01-20 10:55:57 - [MESSAGE][PASSED] - Element 'Object Repository/Mobile/Page/NavigationMenu/Container - Risk Profile' is exist

2022-01-20 10:55:57 - [TEST_STEP][PASSED] - if (!(bestsuited)): null

2022-01-20 10:55:57 - [TEST_STEP][PASSED] - x = getDeviceWidth() * 0.2 * j: Current device physical width is 720

2022-01-20 10:55:58 - [MESSAGE][PASSED] - Current device physical width is 720

2022-01-20 10:55:58 - [TEST_STEP][PASSED] - tapAtPosition(x, y): Tapped at [144, 558]

2022-01-20 10:55:58 - [MESSAGE][PASSED] - Tapped at [144, 558]

2022-01-20 10:55:58 - [TEST_STEP][PASSED] - delay(1): Delayed 1 second(s)

2022-01-20 10:55:59 - [MESSAGE][PASSED] - Delayed 1 second(s)

2022-01-20 10:55:59 - [TEST_STEP][PASSED] - bestsuited = verifyElementExist(NAVM_ContRiskProfile, 2): Element 'Object Repository/Mobile/Page/NavigationMenu/Container - Risk Profile' is exist

2022-01-20 10:55:59 - [MESSAGE][PASSED] - Element 'Object Repository/Mobile/Page/NavigationMenu/Container - Risk Profile' is exist

2022-01-20 10:55:59 - [TEST_STEP][PASSED] - if (!(bestsuited)): null

2022-01-20 10:55:59 - [TEST_STEP][PASSED] - x = getDeviceWidth() * 0.2 * j: Current device physical width is 720

2022-01-20 10:55:59 - [MESSAGE][PASSED] - Current device physical width is 720

2022-01-20 10:55:59 - [TEST_STEP][PASSED] - tapAtPosition(x, y): Tapped at [288, 558]

2022-01-20 10:56:00 - [MESSAGE][PASSED] - Tapped at [288, 558]

2022-01-20 10:56:00 - [TEST_STEP][PASSED] - delay(1): Delayed 1 second(s)

2022-01-20 10:56:01 - [MESSAGE][PASSED] - Delayed 1 second(s)

2022-01-20 10:56:01 - [TEST_STEP][PASSED] - bestsuited = verifyElementExist(NAVM_ContRiskProfile, 2): Element 'Object Repository/Mobile/Page/NavigationMenu/Container - Risk Profile' is exist

2022-01-20 10:56:01 - [MESSAGE][PASSED] - Element 'Object Repository/Mobile/Page/NavigationMenu/Container - Risk Profile' is exist

2022-01-20 10:56:01 - [TEST_STEP][PASSED] - if (!(bestsuited)): null

2022-01-20 10:56:01 - [TEST_STEP][PASSED] - x = getDeviceWidth() * 0.2 * j: Current device physical width is 720

2022-01-20 10:56:02 - [MESSAGE][PASSED] - Current device physical width is 720

2022-01-20 10:56:02 - [TEST_STEP][PASSED] - tapAtPosition(x, y): Tapped at [432, 558]

2022-01-20 10:56:03 - [MESSAGE][PASSED] - Tapped at [432, 558]

2022-01-20 10:56:03 - [TEST_STEP][PASSED] - delay(1): Delayed 1 second(s)

2022-01-20 10:56:04 - [MESSAGE][PASSED] - Delayed 1 second(s)

2022-01-20 10:56:04 - [TEST_STEP][FAILED] - bestsuited = verifyElementExist(NAVM_ContRiskProfile, 2): Failed to check for element 'Object Repository/Mobile/Page/NavigationMenu/Container - Risk Profile' exist (Root cause: com.kms.katalon.core.exception.StepFailedException: Element 'Object Repository/Mobile/Page/NavigationMenu/Container - Risk Profile' not found
	at com.kms.katalon.core.keyword.internal.KeywordMain.stepFailed(KeywordMain.groovy:50)
	at com.kms.katalon.core.mobile.keyword.internal.MobileKeywordMain.stepFailed(MobileKeywordMain.groovy:40)
	at com.kms.katalon.core.mobile.keyword.builtin.VerifyElementExistKeyword$_verifyElementExist_closure1.doCall(VerifyElementExistKeyword.groovy:77)
	at com.kms.katalon.core.mobile.keyword.builtin.VerifyElementExistKeyword$_verifyElementExist_closure1.call(VerifyElementExistKeyword.groovy)
	at com.kms.katalon.core.mobile.keyword.internal.MobileKeywordMain.runKeyword(MobileKeywordMain.groovy:21)
	at com.kms.katalon.core.mobile.keyword.builtin.VerifyElementExistKeyword.verifyElementExist(VerifyElementExistKeyword.groovy:80)
	at com.kms.katalon.core.mobile.keyword.builtin.VerifyElementExistKeyword.execute(VerifyElementExistKeyword.groovy:64)
	at com.kms.katalon.core.keyword.internal.KeywordExecutor.executeKeywordForPlatform(KeywordExecutor.groovy:73)
	at com.kms.katalon.core.mobile.keyword.MobileBuiltInKeywords.verifyElementExist(MobileBuiltInKeywords.groovy:1586)
	at com.kms.katalon.core.mobile.keyword.MobileBuiltInKeywords$verifyElementExist$11.call(Unknown Source)
	at NavigationMenu.run(NavigationMenu:51)
	at com.kms.katalon.core.main.ScriptEngine.run(ScriptEngine.java:194)
	at com.kms.katalon.core.main.ScriptEngine.runScriptAsRawText(ScriptEngine.java:119)
	at com.kms.katalon.core.main.TestCaseExecutor.runScript(TestCaseExecutor.java:398)
	at com.kms.katalon.core.main.TestCaseExecutor.doExecute(TestCaseExecutor.java:389)
	at com.kms.katalon.core.main.TestCaseExecutor.processExecutionPhase(TestCaseExecutor.java:368)
	at com.kms.katalon.core.main.TestCaseExecutor.accessMainPhase(TestCaseExecutor.java:360)
	at com.kms.katalon.core.main.TestCaseExecutor.execute(TestCaseExecutor.java:255)
	at com.kms.katalon.core.main.TestCaseMain.runTestCase(TestCaseMain.java:114)
	at com.kms.katalon.core.keyword.builtin.CallTestCaseKeyword$_callTestCase_closure1.doCall(CallTestCaseKeyword.groovy:59)
	at com.kms.katalon.core.keyword.builtin.CallTestCaseKeyword$_callTestCase_closure1.call(CallTestCaseKeyword.groovy)
	at com.kms.katalon.core.keyword.internal.KeywordMain.runKeyword(KeywordMain.groovy:68)
	at com.kms.katalon.core.keyword.builtin.CallTestCaseKeyword.callTestCase(CallTestCaseKeyword.groovy:81)
	at com.kms.katalon.core.keyword.builtin.CallTestCaseKeyword.execute(CallTestCaseKeyword.groovy:44)
	at com.kms.katalon.core.keyword.internal.KeywordExecutor.executeKeywordForPlatform(KeywordExecutor.groovy:73)
	at com.kms.katalon.core.keyword.BuiltinKeywords.callTestCase(BuiltinKeywords.groovy:334)
	at 002 - Risk Profile analysis.run(002 - Risk Profile analysis:22)
	at com.kms.katalon.core.main.ScriptEngine.run(ScriptEngine.java:194)
	at com.kms.katalon.core.main.ScriptEngine.runScriptAsRawText(ScriptEngine.java:119)
	at com.kms.katalon.core.main.TestCaseExecutor.runScript(TestCaseExecutor.java:398)
	at com.kms.katalon.core.main.TestCaseExecutor.doExecute(TestCaseExecutor.java:389)
	at com.kms.katalon.core.main.TestCaseExecutor.processExecutionPhase(TestCaseExecutor.java:368)
	at com.kms.katalon.core.main.TestCaseExecutor.accessMainPhase(TestCaseExecutor.java:360)
	at com.kms.katalon.core.main.TestCaseExecutor.execute(TestCaseExecutor.java:255)
	at com.kms.katalon.core.main.TestSuiteExecutor.accessTestCaseMainPhase(TestSuiteExecutor.java:203)
	at com.kms.katalon.core.main.TestSuiteExecutor.accessTestSuiteMainPhase(TestSuiteExecutor.java:152)
	at com.kms.katalon.core.main.TestSuiteExecutor.execute(TestSuiteExecutor.java:95)
	at com.kms.katalon.core.main.TestCaseMain.startTestSuite(TestCaseMain.java:157)
	at com.kms.katalon.core.main.TestCaseMain$startTestSuite$0.call(Unknown Source)
	at TempTestSuite1642649276935.run(TempTestSuite1642649276935.groovy:39)
)

2022-01-20 10:56:06 - [MESSAGE][FAILED] - Element 'Object Repository/Mobile/Page/NavigationMenu/Container - Risk Profile' not found
[[ATTACHMENT|C:\\Users\\Owner\\Documents\\kerjaan\\KatalonProject\\qa_katalon_pwm\\qa_katalon_pwm\\Reports\\20220120_102745\\navigationmenu\\20220120_102756\\1642650966239.png]]

2022-01-20 10:56:07 - [MESSAGE][FAILED] - Failed to check for element 'Object Repository/Mobile/Page/NavigationMenu/Container - Risk Profile' exist (Root cause: com.kms.katalon.core.exception.StepFailedException: Element 'Object Repository/Mobile/Page/NavigationMenu/Container - Risk Profile' not found
	at com.kms.katalon.core.keyword.internal.KeywordMain.stepFailed(KeywordMain.groovy:50)
	at com.kms.katalon.core.mobile.keyword.internal.MobileKeywordMain.stepFailed(MobileKeywordMain.groovy:40)
	at com.kms.katalon.core.mobile.keyword.builtin.VerifyElementExistKeyword$_verifyElementExist_closure1.doCall(VerifyElementExistKeyword.groovy:77)
	at com.kms.katalon.core.mobile.keyword.builtin.VerifyElementExistKeyword$_verifyElementExist_closure1.call(VerifyElementExistKeyword.groovy)
	at com.kms.katalon.core.mobile.keyword.internal.MobileKeywordMain.runKeyword(MobileKeywordMain.groovy:21)
	at com.kms.katalon.core.mobile.keyword.builtin.VerifyElementExistKeyword.verifyElementExist(VerifyElementExistKeyword.groovy:80)
	at com.kms.katalon.core.mobile.keyword.builtin.VerifyElementExistKeyword.execute(VerifyElementExistKeyword.groovy:64)
	at com.kms.katalon.core.keyword.internal.KeywordExecutor.executeKeywordForPlatform(KeywordExecutor.groovy:73)
	at com.kms.katalon.core.mobile.keyword.MobileBuiltInKeywords.verifyElementExist(MobileBuiltInKeywords.groovy:1586)
	at com.kms.katalon.core.mobile.keyword.MobileBuiltInKeywords$verifyElementExist$11.call(Unknown Source)
	at NavigationMenu.run(NavigationMenu:51)
	at com.kms.katalon.core.main.ScriptEngine.run(ScriptEngine.java:194)
	at com.kms.katalon.core.main.ScriptEngine.runScriptAsRawText(ScriptEngine.java:119)
	at com.kms.katalon.core.main.TestCaseExecutor.runScript(TestCaseExecutor.java:398)
	at com.kms.katalon.core.main.TestCaseExecutor.doExecute(TestCaseExecutor.java:389)
	at com.kms.katalon.core.main.TestCaseExecutor.processExecutionPhase(TestCaseExecutor.java:368)
	at com.kms.katalon.core.main.TestCaseExecutor.accessMainPhase(TestCaseExecutor.java:360)
	at com.kms.katalon.core.main.TestCaseExecutor.execute(TestCaseExecutor.java:255)
	at com.kms.katalon.core.main.TestCaseMain.runTestCase(TestCaseMain.java:114)
	at com.kms.katalon.core.keyword.builtin.CallTestCaseKeyword$_callTestCase_closure1.doCall(CallTestCaseKeyword.groovy:59)
	at com.kms.katalon.core.keyword.builtin.CallTestCaseKeyword$_callTestCase_closure1.call(CallTestCaseKeyword.groovy)
	at com.kms.katalon.core.keyword.internal.KeywordMain.runKeyword(KeywordMain.groovy:68)
	at com.kms.katalon.core.keyword.builtin.CallTestCaseKeyword.callTestCase(CallTestCaseKeyword.groovy:81)
	at com.kms.katalon.core.keyword.builtin.CallTestCaseKeyword.execute(CallTestCaseKeyword.groovy:44)
	at com.kms.katalon.core.keyword.internal.KeywordExecutor.executeKeywordForPlatform(KeywordExecutor.groovy:73)
	at com.kms.katalon.core.keyword.BuiltinKeywords.callTestCase(BuiltinKeywords.groovy:334)
	at 002 - Risk Profile analysis.run(002 - Risk Profile analysis:22)
	at com.kms.katalon.core.main.ScriptEngine.run(ScriptEngine.java:194)
	at com.kms.katalon.core.main.ScriptEngine.runScriptAsRawText(ScriptEngine.java:119)
	at com.kms.katalon.core.main.TestCaseExecutor.runScript(TestCaseExecutor.java:398)
	at com.kms.katalon.core.main.TestCaseExecutor.doExecute(TestCaseExecutor.java:389)
	at com.kms.katalon.core.main.TestCaseExecutor.processExecutionPhase(TestCaseExecutor.java:368)
	at com.kms.katalon.core.main.TestCaseExecutor.accessMainPhase(TestCaseExecutor.java:360)
	at com.kms.katalon.core.main.TestCaseExecutor.execute(TestCaseExecutor.java:255)
	at com.kms.katalon.core.main.TestSuiteExecutor.accessTestCaseMainPhase(TestSuiteExecutor.java:203)
	at com.kms.katalon.core.main.TestSuiteExecutor.accessTestSuiteMainPhase(TestSuiteExecutor.java:152)
	at com.kms.katalon.core.main.TestSuiteExecutor.execute(TestSuiteExecutor.java:95)
	at com.kms.katalon.core.main.TestCaseMain.startTestSuite(TestCaseMain.java:157)
	at com.kms.katalon.core.main.TestCaseMain$startTestSuite$0.call(Unknown Source)
	at TempTestSuite1642649276935.run(TempTestSuite1642649276935.groovy:39)
)
[[ATTACHMENT|C:\\Users\\Owner\\Documents\\kerjaan\\KatalonProject\\qa_katalon_pwm\\qa_katalon_pwm\\Reports\\20220120_102745\\navigationmenu\\20220120_102756\\1642650966986.png]]

2022-01-20 10:56:07 - [TEST_STEP][PASSED] - catch (Exception e): null

2022-01-20 10:56:07 - [TEST_STEP][PASSED] - rand = new java.util.Random(): null

2022-01-20 10:56:07 - [TEST_STEP][PASSED] - random = rand.nextInt(2): null

2022-01-20 10:56:07 - [TEST_STEP][PASSED] - positionclick.positionclick.clickButtonInBottom(NAVM_RISK_DropHowLong): positionclick.positionclick.clickButtonInBottom is PASSED

2022-01-20 10:56:07 - [MESSAGE][PASSED] - Current device physical width is 720

2022-01-20 10:56:07 - [MESSAGE][WARNING] - Timeout '0' is invalid. Using default page load timeout: '60'

2022-01-20 10:56:08 - [MESSAGE][PASSED] - Object 'Object Repository/Mobile/Page/NavigationMenu/Risk Profile/Dropdown - How Long' has top position '151'

2022-01-20 10:56:08 - [MESSAGE][WARNING] - Timeout '0' is invalid. Using default page load timeout: '60'

2022-01-20 10:56:08 - [MESSAGE][PASSED] - Object 'Object Repository/Mobile/Page/NavigationMenu/Risk Profile/Dropdown - How Long' has height: '126'

2022-01-20 10:56:09 - [MESSAGE][PASSED] - Tapped at [360, 251]

2022-01-20 10:56:09 - [MESSAGE][PASSED] - positionclick.positionclick.clickButtonInBottom is PASSED

2022-01-20 10:56:09 - [TEST_STEP][PASSED] - delay(1): Delayed 1 second(s)

2022-01-20 10:56:10 - [MESSAGE][PASSED] - Delayed 1 second(s)

2022-01-20 10:56:10 - [TEST_STEP][PASSED] - if (random == 0): Tapped on element 'Object Repository/Mobile/Page/NavigationMenu/Risk Profile/Option How Long - 1 to 3'

2022-01-20 10:56:10 - [MESSAGE][WARNING] - Timeout '0' is invalid. Using default page load timeout: '60'

2022-01-20 10:56:11 - [MESSAGE][PASSED] - Tapped on element 'Object Repository/Mobile/Page/NavigationMenu/Risk Profile/Option How Long - 1 to 3'

2022-01-20 10:56:11 - [TEST_STEP][PASSED] - delay(1): Delayed 1 second(s)

2022-01-20 10:56:12 - [MESSAGE][PASSED] - Delayed 1 second(s)

2022-01-20 10:56:12 - [TEST_STEP][PASSED] - random = rand.nextInt(2): null

2022-01-20 10:56:12 - [TEST_STEP][PASSED] - positionclick.positionclick.clickButtonInBottom(NAVM_RISK_DropInvestGoal): positionclick.positionclick.clickButtonInBottom is PASSED

2022-01-20 10:56:12 - [MESSAGE][PASSED] - Current device physical width is 720

2022-01-20 10:56:12 - [MESSAGE][WARNING] - Timeout '0' is invalid. Using default page load timeout: '60'

2022-01-20 10:56:13 - [MESSAGE][PASSED] - Object 'Object Repository/Mobile/Page/NavigationMenu/Risk Profile/Dropdown - Investment Goal' has top position '303'

2022-01-20 10:56:13 - [MESSAGE][WARNING] - Timeout '0' is invalid. Using default page load timeout: '60'

2022-01-20 10:56:13 - [MESSAGE][PASSED] - Object 'Object Repository/Mobile/Page/NavigationMenu/Risk Profile/Dropdown - Investment Goal' has height: '126'

2022-01-20 10:56:14 - [MESSAGE][PASSED] - Tapped at [360, 403]

2022-01-20 10:56:14 - [MESSAGE][PASSED] - positionclick.positionclick.clickButtonInBottom is PASSED

2022-01-20 10:56:14 - [TEST_STEP][PASSED] - delay(1): Delayed 1 second(s)

2022-01-20 10:56:15 - [MESSAGE][PASSED] - Delayed 1 second(s)

2022-01-20 10:56:15 - [TEST_STEP][PASSED] - if (random == 0): Tapped on element 'Object Repository/Mobile/Page/NavigationMenu/Risk Profile/Option Investment Goal - Additional Income'

2022-01-20 10:56:15 - [MESSAGE][WARNING] - Timeout '0' is invalid. Using default page load timeout: '60'

2022-01-20 10:56:15 - [MESSAGE][PASSED] - Tapped on element 'Object Repository/Mobile/Page/NavigationMenu/Risk Profile/Option Investment Goal - Additional Income'

2022-01-20 10:56:15 - [TEST_STEP][PASSED] - delay(1): Delayed 1 second(s)

2022-01-20 10:56:16 - [MESSAGE][PASSED] - Delayed 1 second(s)

2022-01-20 10:56:16 - [TEST_STEP][PASSED] - random = rand.nextInt(2): null

2022-01-20 10:56:16 - [TEST_STEP][PASSED] - positionclick.positionclick.clickButtonInBottom(NAVM_RISK_DropGenKnowledge): positionclick.positionclick.clickButtonInBottom is PASSED

2022-01-20 10:56:16 - [MESSAGE][PASSED] - Current device physical width is 720

2022-01-20 10:56:16 - [MESSAGE][WARNING] - Timeout '0' is invalid. Using default page load timeout: '60'

2022-01-20 10:56:16 - [MESSAGE][PASSED] - Object 'Object Repository/Mobile/Page/NavigationMenu/Risk Profile/Dropdown - General Knowledge' has top position '456'

2022-01-20 10:56:16 - [MESSAGE][WARNING] - Timeout '0' is invalid. Using default page load timeout: '60'

2022-01-20 10:56:17 - [MESSAGE][PASSED] - Object 'Object Repository/Mobile/Page/NavigationMenu/Risk Profile/Dropdown - General Knowledge' has height: '126'

2022-01-20 10:56:17 - [MESSAGE][PASSED] - Tapped at [360, 556]

2022-01-20 10:56:17 - [MESSAGE][PASSED] - positionclick.positionclick.clickButtonInBottom is PASSED

2022-01-20 10:56:17 - [TEST_STEP][PASSED] - delay(1): Delayed 1 second(s)

2022-01-20 10:56:18 - [MESSAGE][PASSED] - Delayed 1 second(s)

2022-01-20 10:56:18 - [TEST_STEP][PASSED] - if (random == 0): Tapped on element 'Object Repository/Mobile/Page/NavigationMenu/Risk Profile/Option General Knowledge - Limited'

2022-01-20 10:56:18 - [MESSAGE][WARNING] - Timeout '0' is invalid. Using default page load timeout: '60'

2022-01-20 10:56:18 - [MESSAGE][PASSED] - Tapped on element 'Object Repository/Mobile/Page/NavigationMenu/Risk Profile/Option General Knowledge - Limited'

2022-01-20 10:56:18 - [TEST_STEP][PASSED] - delay(1): Delayed 1 second(s)

2022-01-20 10:56:19 - [MESSAGE][PASSED] - Delayed 1 second(s)

2022-01-20 10:56:19 - [TEST_STEP][PASSED] - random = rand.nextInt(2): null

2022-01-20 10:56:19 - [TEST_STEP][PASSED] - positionclick.positionclick.clickButtonInBottom(NAVM_RISK_DropTotalAmount): positionclick.positionclick.clickButtonInBottom is PASSED

2022-01-20 10:56:19 - [MESSAGE][PASSED] - Current device physical width is 720

2022-01-20 10:56:19 - [MESSAGE][WARNING] - Timeout '0' is invalid. Using default page load timeout: '60'

2022-01-20 10:56:20 - [MESSAGE][PASSED] - Object 'Object Repository/Mobile/Page/NavigationMenu/Risk Profile/Dropdown - Total Amount' has top position '608'

2022-01-20 10:56:20 - [MESSAGE][WARNING] - Timeout '0' is invalid. Using default page load timeout: '60'

2022-01-20 10:56:20 - [MESSAGE][PASSED] - Object 'Object Repository/Mobile/Page/NavigationMenu/Risk Profile/Dropdown - Total Amount' has height: '126'

2022-01-20 10:56:21 - [MESSAGE][PASSED] - Tapped at [360, 708]

2022-01-20 10:56:21 - [MESSAGE][PASSED] - positionclick.positionclick.clickButtonInBottom is PASSED

2022-01-20 10:56:21 - [TEST_STEP][PASSED] - delay(1): Delayed 1 second(s)

2022-01-20 10:56:22 - [MESSAGE][PASSED] - Delayed 1 second(s)

2022-01-20 10:56:22 - [TEST_STEP][PASSED] - if (random == 0): null

2022-01-20 10:56:22 - [TEST_STEP][PASSED] - else: Tapped on element 'Object Repository/Mobile/Page/NavigationMenu/Risk Profile/Option Total Amount - Between 20 and 30'

2022-01-20 10:56:22 - [TEST_STEP][PASSED] - tap(NAVM_RISK_OptTotal20and30, 0): Tapped on element 'Object Repository/Mobile/Page/NavigationMenu/Risk Profile/Option Total Amount - Between 20 and 30'

2022-01-20 10:56:22 - [MESSAGE][WARNING] - Timeout '0' is invalid. Using default page load timeout: '60'

2022-01-20 10:56:23 - [MESSAGE][PASSED] - Tapped on element 'Object Repository/Mobile/Page/NavigationMenu/Risk Profile/Option Total Amount - Between 20 and 30'

2022-01-20 10:56:23 - [TEST_STEP][PASSED] - delay(1): Delayed 1 second(s)

2022-01-20 10:56:24 - [MESSAGE][PASSED] - Delayed 1 second(s)

2022-01-20 10:56:24 - [TEST_STEP][PASSED] - random = rand.nextInt(2): null

2022-01-20 10:56:24 - [TEST_STEP][PASSED] - positionclick.positionclick.clickButtonInBottom(NAVM_RISK_DropRiskLevel): positionclick.positionclick.clickButtonInBottom is PASSED

2022-01-20 10:56:24 - [MESSAGE][PASSED] - Current device physical width is 720

2022-01-20 10:56:24 - [MESSAGE][WARNING] - Timeout '0' is invalid. Using default page load timeout: '60'

2022-01-20 10:56:24 - [MESSAGE][PASSED] - Object 'Object Repository/Mobile/Page/NavigationMenu/Risk Profile/Dropdown - Risk Level' has top position '760'

2022-01-20 10:56:24 - [MESSAGE][WARNING] - Timeout '0' is invalid. Using default page load timeout: '60'

2022-01-20 10:56:25 - [MESSAGE][PASSED] - Object 'Object Repository/Mobile/Page/NavigationMenu/Risk Profile/Dropdown - Risk Level' has height: '126'

2022-01-20 10:56:26 - [MESSAGE][PASSED] - Tapped at [360, 860]

2022-01-20 10:56:26 - [MESSAGE][PASSED] - positionclick.positionclick.clickButtonInBottom is PASSED

2022-01-20 10:56:26 - [TEST_STEP][PASSED] - delay(1): Delayed 1 second(s)

2022-01-20 10:56:27 - [MESSAGE][PASSED] - Delayed 1 second(s)

2022-01-20 10:56:27 - [TEST_STEP][PASSED] - if (random == 0): Tapped on element 'Object Repository/Mobile/Page/NavigationMenu/Risk Profile/Option Risk Level - Low'

2022-01-20 10:56:27 - [MESSAGE][WARNING] - Timeout '0' is invalid. Using default page load timeout: '60'

2022-01-20 10:56:28 - [MESSAGE][PASSED] - Tapped on element 'Object Repository/Mobile/Page/NavigationMenu/Risk Profile/Option Risk Level - Low'

2022-01-20 10:56:28 - [TEST_STEP][PASSED] - delay(1): Delayed 1 second(s)

2022-01-20 10:56:29 - [MESSAGE][PASSED] - Delayed 1 second(s)

2022-01-20 10:56:29 - [TEST_STEP][PASSED] - random = rand.nextInt(2): null

2022-01-20 10:56:29 - [TEST_STEP][PASSED] - positionclick.positionclick.clickButtonInBottom(NAVM_RISK_DropBestSuited): positionclick.positionclick.clickButtonInBottom is PASSED

2022-01-20 10:56:29 - [MESSAGE][PASSED] - Current device physical width is 720

2022-01-20 10:56:29 - [MESSAGE][WARNING] - Timeout '0' is invalid. Using default page load timeout: '60'

2022-01-20 10:56:30 - [MESSAGE][PASSED] - Object 'Object Repository/Mobile/Page/NavigationMenu/Risk Profile/Dropdown - Best Suited' has top position '912'

2022-01-20 10:56:30 - [MESSAGE][WARNING] - Timeout '0' is invalid. Using default page load timeout: '60'

2022-01-20 10:56:30 - [MESSAGE][PASSED] - Object 'Object Repository/Mobile/Page/NavigationMenu/Risk Profile/Dropdown - Best Suited' has height: '154'

2022-01-20 10:56:30 - [MESSAGE][PASSED] - Tapped at [360, 1,035]

2022-01-20 10:56:30 - [MESSAGE][PASSED] - positionclick.positionclick.clickButtonInBottom is PASSED

2022-01-20 10:56:30 - [TEST_STEP][PASSED] - delay(1): Delayed 1 second(s)

2022-01-20 10:56:31 - [MESSAGE][PASSED] - Delayed 1 second(s)

2022-01-20 10:56:31 - [TEST_STEP][PASSED] - if (random == 0): null

2022-01-20 10:56:31 - [TEST_STEP][PASSED] - else: Tapped on element 'Object Repository/Mobile/Page/NavigationMenu/Risk Profile/Option Best Suited - Security Deposit'

2022-01-20 10:56:31 - [TEST_STEP][PASSED] - tap(NAVM_RISK_OptBestSuitedSecDeposit, 0): Tapped on element 'Object Repository/Mobile/Page/NavigationMenu/Risk Profile/Option Best Suited - Security Deposit'

2022-01-20 10:56:31 - [MESSAGE][WARNING] - Timeout '0' is invalid. Using default page load timeout: '60'

2022-01-20 10:56:32 - [MESSAGE][PASSED] - Tapped on element 'Object Repository/Mobile/Page/NavigationMenu/Risk Profile/Option Best Suited - Security Deposit'

2022-01-20 10:56:32 - [TEST_STEP][PASSED] - delay(1): Delayed 1 second(s)

2022-01-20 10:56:33 - [MESSAGE][PASSED] - Delayed 1 second(s)

2022-01-20 10:56:33 - [TEST_STEP][PASSED] - tap(NAVM_RISK_BtnCalculate, 0): Tapped on element 'Object Repository/Mobile/Page/NavigationMenu/Risk Profile/Button - Calculate Risk Profile'

2022-01-20 10:56:33 - [MESSAGE][WARNING] - Timeout '0' is invalid. Using default page load timeout: '60'

2022-01-20 10:56:34 - [MESSAGE][PASSED] - Tapped on element 'Object Repository/Mobile/Page/NavigationMenu/Risk Profile/Button - Calculate Risk Profile'

2022-01-20 10:56:34 - [TEST_STEP][PASSED] - delay(1): Delayed 1 second(s)

2022-01-20 10:56:35 - [MESSAGE][PASSED] - Delayed 1 second(s)

2022-01-20 10:56:35 - [TEST_STEP][PASSED] - pressBack(): Press back button successfully

2022-01-20 10:56:36 - [MESSAGE][PASSED] - Press back button successfully

2022-01-20 10:56:36 - [MESSAGE][PASSED] - Call Test Case 'Test Cases/Mobile/Page/NavigationMenu/NavigationMenu' successfully

2022-01-20 10:56:36 - [TEST_STEP][PASSED] - callTestCase(findTestCase("Mobile/Page/Run App/Terminate App"), [:], STOP_ON_FAILURE): Call Test Case 'Test Cases/Mobile/Page/Run App/Terminate App' successfully

2022-01-20 10:56:36 - [TEST_CASE][PASSED] - Test Cases/Mobile/Page/Run App/Terminate App: Test Cases/Mobile/Page/Run App/Terminate App

2022-01-20 10:56:36 - [TEST_STEP][PASSED] - startApp.OpenApp.terminateApplication(): startApp.OpenApp.terminateApplication is PASSED

2022-01-20 10:56:39 - [MESSAGE][PASSED] - Delayed 3 second(s)

2022-01-20 10:56:40 - [MESSAGE][PASSED] - Current device physical width is 720

2022-01-20 10:56:40 - [MESSAGE][PASSED] - Current device physical height is 1423

2022-01-20 10:56:41 - [MESSAGE][PASSED] - Swiped from 360,853 to 360,142

2022-01-20 10:56:42 - [MESSAGE][PASSED] - Delayed 1 second(s)

2022-01-20 10:56:43 - [MESSAGE][PASSED] - Swiped from 360,853 to 360,142

2022-01-20 10:56:46 - [MESSAGE][PASSED] - Delayed 3 second(s)

2022-01-20 10:56:46 - [MESSAGE][PASSED] - startApp.OpenApp.terminateApplication is PASSED

2022-01-20 10:56:46 - [MESSAGE][PASSED] - Call Test Case 'Test Cases/Mobile/Page/Run App/Terminate App' successfully]]></system-out>
         <system-err><![CDATA[]]></system-err>
      </testcase>
      <testcase name="Test Cases/Mobile/Scenario/NavigationMenu/003 - Whatsapp message" time="64.366" classname="Test Cases/Mobile/Scenario/NavigationMenu/003 - Whatsapp message" status="PASSED">
         <system-out><![CDATA[2022-01-20 10:56:46 - [TEST_CASE][PASSED] - Test Cases/Mobile/Scenario/NavigationMenu/003 - Whatsapp message: Test Cases/Mobile/Scenario/NavigationMenu/003 - Whatsapp message

2022-01-20 10:56:47 - [TEST_STEP][PASSED] - callTestCase(findTestCase("Mobile/Page/Run App/Run App byID"), [:], STOP_ON_FAILURE): Call Test Case 'Test Cases/Mobile/Page/Run App/Run App byID' successfully

2022-01-20 10:56:47 - [TEST_CASE][PASSED] - Test Cases/Mobile/Page/Run App/Run App byID: Test Cases/Mobile/Page/Run App/Run App byID

2022-01-20 10:56:47 - [TEST_STEP][PASSED] - startApp.OpenApp.startApplication("id.co.miraeasset.sageclub"): startApp.OpenApp.startApplication is PASSED

2022-01-20 10:56:58 - [MESSAGE][PASSED] - Starting app with application ID: 'id.co.miraeasset.sageclub'

2022-01-20 10:56:58 - [MESSAGE][PASSED] - startApp.OpenApp.startApplication is PASSED

2022-01-20 10:56:58 - [MESSAGE][PASSED] - Call Test Case 'Test Cases/Mobile/Page/Run App/Run App byID' successfully

2022-01-20 10:56:58 - [TEST_STEP][PASSED] - callTestCase(findTestCase("Mobile/Page/NavigationMenu/NavigationMenu"), ["action":"wa"], CONTINUE_ON_FAILURE): Call Test Case 'Test Cases/Mobile/Page/NavigationMenu/NavigationMenu' successfully

2022-01-20 10:56:59 - [TEST_CASE][PASSED] - Test Cases/Mobile/Page/NavigationMenu/NavigationMenu: Test Cases/Mobile/Page/NavigationMenu/NavigationMenu

2022-01-20 10:56:59 - [TEST_STEP][PASSED] - callTestCase(findTestCase("Mobile/Page/CheckLogin"), [:], CONTINUE_ON_FAILURE): Call Test Case 'Test Cases/Mobile/Page/CheckLogin' successfully

2022-01-20 10:56:59 - [TEST_CASE][PASSED] - Test Cases/Mobile/Page/CheckLogin: Test Cases/Mobile/Page/CheckLogin

2022-01-20 10:56:59 - [TEST_STEP][PASSED] - loginCheck = verifyElementExist(LOGN_BtnLogin, 5, CONTINUE_ON_FAILURE): Element 'Object Repository/Mobile/Page/Login/Button - Login' is exist

2022-01-20 10:57:01 - [MESSAGE][PASSED] - Element 'Object Repository/Mobile/Page/Login/Button - Login' is exist

2022-01-20 10:57:01 - [TEST_STEP][PASSED] - if (loginCheck): Call Test Case 'Test Cases/Mobile/Page/Login/Login' successfully

2022-01-20 10:57:01 - [TEST_STEP][PASSED] - callTestCase(findTestCase("Mobile/Page/Login/Login"), ["action":"username"], CONTINUE_ON_FAILURE): Call Test Case 'Test Cases/Mobile/Page/Login/Login' successfully

2022-01-20 10:57:01 - [TEST_CASE][PASSED] - Test Cases/Mobile/Page/Login/Login: Test Cases/Mobile/Page/Login/Login

2022-01-20 10:57:01 - [TEST_STEP][PASSED] - delay(2): Delayed 2 second(s)

2022-01-20 10:57:03 - [MESSAGE][PASSED] - Delayed 2 second(s)

2022-01-20 10:57:03 - [TEST_STEP][PASSED] - for ([i = 0, i < 1, (i++)]): null

2022-01-20 10:57:03 - [TEST_STEP][PASSED] - if (action == "username"): null

2022-01-20 10:57:03 - [TEST_STEP][PASSED] - tap(LOGN_EdtUserID, 0): Tapped on element 'Object Repository/Mobile/Page/Login/Input - UserID'

2022-01-20 10:57:03 - [MESSAGE][WARNING] - Timeout '0' is invalid. Using default page load timeout: '60'

2022-01-20 10:57:04 - [MESSAGE][PASSED] - Tapped on element 'Object Repository/Mobile/Page/Login/Input - UserID'

2022-01-20 10:57:04 - [TEST_STEP][PASSED] - delay(1): Delayed 1 second(s)

2022-01-20 10:57:05 - [MESSAGE][PASSED] - Delayed 1 second(s)

2022-01-20 10:57:05 - [TEST_STEP][PASSED] - setText(LOGN_EdtRdyUserID, "anggaaditya", 0): Text 'anggaaditya' has been set to element 'Object Repository/Mobile/Page/Login/Input Rdy - UserID'

2022-01-20 10:57:05 - [MESSAGE][WARNING] - Timeout '0' is invalid. Using default page load timeout: '60'

2022-01-20 10:57:06 - [MESSAGE][PASSED] - Text 'anggaaditya' has been set to element 'Object Repository/Mobile/Page/Login/Input Rdy - UserID'

2022-01-20 10:57:06 - [TEST_STEP][PASSED] - delay(1): Delayed 1 second(s)

2022-01-20 10:57:07 - [MESSAGE][PASSED] - Delayed 1 second(s)

2022-01-20 10:57:07 - [TEST_STEP][PASSED] - hideKeyboard(): Keyboard is hidden

2022-01-20 10:57:10 - [MESSAGE][PASSED] - Keyboard is hidden

2022-01-20 10:57:10 - [TEST_STEP][PASSED] - tap(LOGN_EdtPassword, 0): Tapped on element 'Object Repository/Mobile/Page/Login/Input - Password'

2022-01-20 10:57:10 - [MESSAGE][WARNING] - Timeout '0' is invalid. Using default page load timeout: '60'

2022-01-20 10:57:11 - [MESSAGE][PASSED] - Tapped on element 'Object Repository/Mobile/Page/Login/Input - Password'

2022-01-20 10:57:11 - [TEST_STEP][PASSED] - delay(1): Delayed 1 second(s)

2022-01-20 10:57:12 - [MESSAGE][PASSED] - Delayed 1 second(s)

2022-01-20 10:57:12 - [TEST_STEP][PASSED] - setText(LOGN_EdtRdyPassword, "Shalawa18", 0): Text 'Shalawa18' has been set to element 'Object Repository/Mobile/Page/Login/Input Rdy - Password'

2022-01-20 10:57:12 - [MESSAGE][WARNING] - Timeout '0' is invalid. Using default page load timeout: '60'

2022-01-20 10:57:12 - [MESSAGE][PASSED] - Text 'Shalawa18' has been set to element 'Object Repository/Mobile/Page/Login/Input Rdy - Password'

2022-01-20 10:57:12 - [TEST_STEP][PASSED] - delay(1): Delayed 1 second(s)

2022-01-20 10:57:13 - [MESSAGE][PASSED] - Delayed 1 second(s)

2022-01-20 10:57:13 - [TEST_STEP][PASSED] - hideKeyboard(): Keyboard is hidden

2022-01-20 10:57:19 - [MESSAGE][PASSED] - Keyboard is hidden

2022-01-20 10:57:19 - [TEST_STEP][PASSED] - tap(LOGN_BtnLogin, 0): Tapped on element 'Object Repository/Mobile/Page/Login/Button - Login'

2022-01-20 10:57:19 - [MESSAGE][WARNING] - Timeout '0' is invalid. Using default page load timeout: '60'

2022-01-20 10:57:20 - [MESSAGE][PASSED] - Tapped on element 'Object Repository/Mobile/Page/Login/Button - Login'

2022-01-20 10:57:20 - [TEST_STEP][PASSED] - delay(2): Delayed 2 second(s)

2022-01-20 10:57:22 - [MESSAGE][PASSED] - Delayed 2 second(s)

2022-01-20 10:57:22 - [TEST_STEP][PASSED] - break: null

2022-01-20 10:57:22 - [MESSAGE][PASSED] - Call Test Case 'Test Cases/Mobile/Page/Login/Login' successfully

2022-01-20 10:57:22 - [MESSAGE][PASSED] - Call Test Case 'Test Cases/Mobile/Page/CheckLogin' successfully

2022-01-20 10:57:22 - [TEST_STEP][PASSED] - delay(3): Delayed 3 second(s)

2022-01-20 10:57:25 - [MESSAGE][PASSED] - Delayed 3 second(s)

2022-01-20 10:57:25 - [TEST_STEP][PASSED] - scroll.scroll.scrollScreenLeftToRight(): scroll.scroll.scrollScreenLeftToRight is PASSED

2022-01-20 10:57:26 - [MESSAGE][PASSED] - Current device physical height is 1423

2022-01-20 10:57:26 - [MESSAGE][PASSED] - Current device physical width is 720

2022-01-20 10:57:26 - [MESSAGE][PASSED] - Current device physical height is 1423

2022-01-20 10:57:27 - [MESSAGE][PASSED] - Swiped from 10,711 to 710,711

2022-01-20 10:57:27 - [MESSAGE][PASSED] - scroll.scroll.scrollScreenLeftToRight is PASSED

2022-01-20 10:57:27 - [TEST_STEP][PASSED] - delay(1): Delayed 1 second(s)

2022-01-20 10:57:28 - [MESSAGE][PASSED] - Delayed 1 second(s)

2022-01-20 10:57:28 - [TEST_STEP][PASSED] - for ([i = 0, i < 1, (i++)]): Delayed 2 second(s)

2022-01-20 10:57:28 - [TEST_STEP][PASSED] - if (action == "downloadtaxreport"): null

2022-01-20 10:57:28 - [TEST_STEP][PASSED] - else if (action == "analyzeprofile"): null

2022-01-20 10:57:28 - [TEST_STEP][PASSED] - else if (action == "wa"): Delayed 2 second(s)

2022-01-20 10:57:28 - [TEST_STEP][PASSED] - tap(NAVM_BtnWhatsapp, 0): Tapped on element 'Object Repository/Mobile/Page/NavigationMenu/Button - Whatsapp'

2022-01-20 10:57:28 - [MESSAGE][WARNING] - Timeout '0' is invalid. Using default page load timeout: '60'

2022-01-20 10:57:29 - [MESSAGE][PASSED] - Tapped on element 'Object Repository/Mobile/Page/NavigationMenu/Button - Whatsapp'

2022-01-20 10:57:29 - [TEST_STEP][PASSED] - delay(2): Delayed 2 second(s)

2022-01-20 10:57:31 - [MESSAGE][PASSED] - Delayed 2 second(s)

2022-01-20 10:57:31 - [MESSAGE][PASSED] - Call Test Case 'Test Cases/Mobile/Page/NavigationMenu/NavigationMenu' successfully

2022-01-20 10:57:31 - [TEST_STEP][PASSED] - callTestCase(findTestCase("Mobile/Page/Run App/Terminate App"), [:], STOP_ON_FAILURE): Call Test Case 'Test Cases/Mobile/Page/Run App/Terminate App' successfully

2022-01-20 10:57:31 - [TEST_CASE][PASSED] - Test Cases/Mobile/Page/Run App/Terminate App: Test Cases/Mobile/Page/Run App/Terminate App

2022-01-20 10:57:31 - [TEST_STEP][PASSED] - startApp.OpenApp.terminateApplication(): startApp.OpenApp.terminateApplication is PASSED

2022-01-20 10:57:34 - [MESSAGE][PASSED] - Delayed 3 second(s)

2022-01-20 10:57:34 - [MESSAGE][PASSED] - Current device physical width is 720

2022-01-20 10:57:34 - [MESSAGE][PASSED] - Current device physical height is 1423

2022-01-20 10:57:35 - [MESSAGE][PASSED] - Swiped from 360,853 to 360,142

2022-01-20 10:57:36 - [MESSAGE][PASSED] - Delayed 1 second(s)

2022-01-20 10:57:38 - [MESSAGE][PASSED] - Swiped from 360,853 to 360,142

2022-01-20 10:57:41 - [MESSAGE][PASSED] - Delayed 3 second(s)

2022-01-20 10:57:41 - [MESSAGE][PASSED] - startApp.OpenApp.terminateApplication is PASSED

2022-01-20 10:57:41 - [MESSAGE][PASSED] - Call Test Case 'Test Cases/Mobile/Page/Run App/Terminate App' successfully

2022-01-20 10:57:41 - [TEST_STEP][PASSED] - callTestCase(findTestCase("Mobile/Page/Run App/Terminate App"), [:], STOP_ON_FAILURE): Call Test Case 'Test Cases/Mobile/Page/Run App/Terminate App' successfully

2022-01-20 10:57:41 - [TEST_CASE][PASSED] - Test Cases/Mobile/Page/Run App/Terminate App: Test Cases/Mobile/Page/Run App/Terminate App

2022-01-20 10:57:41 - [TEST_STEP][PASSED] - startApp.OpenApp.terminateApplication(): startApp.OpenApp.terminateApplication is PASSED

2022-01-20 10:57:44 - [MESSAGE][PASSED] - Delayed 3 second(s)

2022-01-20 10:57:44 - [MESSAGE][PASSED] - Current device physical width is 720

2022-01-20 10:57:44 - [MESSAGE][PASSED] - Current device physical height is 1423

2022-01-20 10:57:46 - [MESSAGE][PASSED] - Swiped from 360,853 to 360,142

2022-01-20 10:57:47 - [MESSAGE][PASSED] - Delayed 1 second(s)

2022-01-20 10:57:48 - [MESSAGE][PASSED] - Swiped from 360,853 to 360,142

2022-01-20 10:57:51 - [MESSAGE][PASSED] - Delayed 3 second(s)

2022-01-20 10:57:51 - [MESSAGE][PASSED] - startApp.OpenApp.terminateApplication is PASSED

2022-01-20 10:57:51 - [MESSAGE][PASSED] - Call Test Case 'Test Cases/Mobile/Page/Run App/Terminate App' successfully]]></system-out>
         <system-err><![CDATA[]]></system-err>
      </testcase>
      <testcase name="Test Cases/Mobile/Scenario/NavigationMenu/004 - Email button" time="63.922" classname="Test Cases/Mobile/Scenario/NavigationMenu/004 - Email button" status="PASSED">
         <system-out><![CDATA[2022-01-20 10:57:51 - [TEST_CASE][PASSED] - Test Cases/Mobile/Scenario/NavigationMenu/004 - Email button: Test Cases/Mobile/Scenario/NavigationMenu/004 - Email button

2022-01-20 10:57:51 - [TEST_STEP][PASSED] - callTestCase(findTestCase("Mobile/Page/Run App/Run App byID"), [:], STOP_ON_FAILURE): Call Test Case 'Test Cases/Mobile/Page/Run App/Run App byID' successfully

2022-01-20 10:57:51 - [TEST_CASE][PASSED] - Test Cases/Mobile/Page/Run App/Run App byID: Test Cases/Mobile/Page/Run App/Run App byID

2022-01-20 10:57:51 - [TEST_STEP][PASSED] - startApp.OpenApp.startApplication("id.co.miraeasset.sageclub"): startApp.OpenApp.startApplication is PASSED

2022-01-20 10:58:03 - [MESSAGE][PASSED] - Starting app with application ID: 'id.co.miraeasset.sageclub'

2022-01-20 10:58:03 - [MESSAGE][PASSED] - startApp.OpenApp.startApplication is PASSED

2022-01-20 10:58:03 - [MESSAGE][PASSED] - Call Test Case 'Test Cases/Mobile/Page/Run App/Run App byID' successfully

2022-01-20 10:58:03 - [TEST_STEP][PASSED] - callTestCase(findTestCase("Mobile/Page/NavigationMenu/NavigationMenu"), ["action":"email"], CONTINUE_ON_FAILURE): Call Test Case 'Test Cases/Mobile/Page/NavigationMenu/NavigationMenu' successfully

2022-01-20 10:58:03 - [TEST_CASE][PASSED] - Test Cases/Mobile/Page/NavigationMenu/NavigationMenu: Test Cases/Mobile/Page/NavigationMenu/NavigationMenu

2022-01-20 10:58:03 - [TEST_STEP][PASSED] - callTestCase(findTestCase("Mobile/Page/CheckLogin"), [:], CONTINUE_ON_FAILURE): Call Test Case 'Test Cases/Mobile/Page/CheckLogin' successfully

2022-01-20 10:58:03 - [TEST_CASE][PASSED] - Test Cases/Mobile/Page/CheckLogin: Test Cases/Mobile/Page/CheckLogin

2022-01-20 10:58:03 - [TEST_STEP][PASSED] - loginCheck = verifyElementExist(LOGN_BtnLogin, 5, CONTINUE_ON_FAILURE): Element 'Object Repository/Mobile/Page/Login/Button - Login' is exist

2022-01-20 10:58:05 - [MESSAGE][PASSED] - Element 'Object Repository/Mobile/Page/Login/Button - Login' is exist

2022-01-20 10:58:05 - [TEST_STEP][PASSED] - if (loginCheck): Call Test Case 'Test Cases/Mobile/Page/Login/Login' successfully

2022-01-20 10:58:05 - [TEST_STEP][PASSED] - callTestCase(findTestCase("Mobile/Page/Login/Login"), ["action":"username"], CONTINUE_ON_FAILURE): Call Test Case 'Test Cases/Mobile/Page/Login/Login' successfully

2022-01-20 10:58:06 - [TEST_CASE][PASSED] - Test Cases/Mobile/Page/Login/Login: Test Cases/Mobile/Page/Login/Login

2022-01-20 10:58:06 - [TEST_STEP][PASSED] - delay(2): Delayed 2 second(s)

2022-01-20 10:58:08 - [MESSAGE][PASSED] - Delayed 2 second(s)

2022-01-20 10:58:08 - [TEST_STEP][PASSED] - for ([i = 0, i < 1, (i++)]): null

2022-01-20 10:58:08 - [TEST_STEP][PASSED] - if (action == "username"): null

2022-01-20 10:58:08 - [TEST_STEP][PASSED] - tap(LOGN_EdtUserID, 0): Tapped on element 'Object Repository/Mobile/Page/Login/Input - UserID'

2022-01-20 10:58:08 - [MESSAGE][WARNING] - Timeout '0' is invalid. Using default page load timeout: '60'

2022-01-20 10:58:08 - [MESSAGE][PASSED] - Tapped on element 'Object Repository/Mobile/Page/Login/Input - UserID'

2022-01-20 10:58:08 - [TEST_STEP][PASSED] - delay(1): Delayed 1 second(s)

2022-01-20 10:58:09 - [MESSAGE][PASSED] - Delayed 1 second(s)

2022-01-20 10:58:09 - [TEST_STEP][PASSED] - setText(LOGN_EdtRdyUserID, "anggaaditya", 0): Text 'anggaaditya' has been set to element 'Object Repository/Mobile/Page/Login/Input Rdy - UserID'

2022-01-20 10:58:09 - [MESSAGE][WARNING] - Timeout '0' is invalid. Using default page load timeout: '60'

2022-01-20 10:58:10 - [MESSAGE][PASSED] - Text 'anggaaditya' has been set to element 'Object Repository/Mobile/Page/Login/Input Rdy - UserID'

2022-01-20 10:58:10 - [TEST_STEP][PASSED] - delay(1): Delayed 1 second(s)

2022-01-20 10:58:11 - [MESSAGE][PASSED] - Delayed 1 second(s)

2022-01-20 10:58:11 - [TEST_STEP][PASSED] - hideKeyboard(): Keyboard is hidden

2022-01-20 10:58:14 - [MESSAGE][PASSED] - Keyboard is hidden

2022-01-20 10:58:14 - [TEST_STEP][PASSED] - tap(LOGN_EdtPassword, 0): Tapped on element 'Object Repository/Mobile/Page/Login/Input - Password'

2022-01-20 10:58:14 - [MESSAGE][WARNING] - Timeout '0' is invalid. Using default page load timeout: '60'

2022-01-20 10:58:14 - [MESSAGE][PASSED] - Tapped on element 'Object Repository/Mobile/Page/Login/Input - Password'

2022-01-20 10:58:14 - [TEST_STEP][PASSED] - delay(1): Delayed 1 second(s)

2022-01-20 10:58:15 - [MESSAGE][PASSED] - Delayed 1 second(s)

2022-01-20 10:58:15 - [TEST_STEP][PASSED] - setText(LOGN_EdtRdyPassword, "Shalawa18", 0): Text 'Shalawa18' has been set to element 'Object Repository/Mobile/Page/Login/Input Rdy - Password'

2022-01-20 10:58:15 - [MESSAGE][WARNING] - Timeout '0' is invalid. Using default page load timeout: '60'

2022-01-20 10:58:16 - [MESSAGE][PASSED] - Text 'Shalawa18' has been set to element 'Object Repository/Mobile/Page/Login/Input Rdy - Password'

2022-01-20 10:58:16 - [TEST_STEP][PASSED] - delay(1): Delayed 1 second(s)

2022-01-20 10:58:17 - [MESSAGE][PASSED] - Delayed 1 second(s)

2022-01-20 10:58:17 - [TEST_STEP][PASSED] - hideKeyboard(): Keyboard is hidden

2022-01-20 10:58:23 - [MESSAGE][PASSED] - Keyboard is hidden

2022-01-20 10:58:23 - [TEST_STEP][PASSED] - tap(LOGN_BtnLogin, 0): Tapped on element 'Object Repository/Mobile/Page/Login/Button - Login'

2022-01-20 10:58:23 - [MESSAGE][WARNING] - Timeout '0' is invalid. Using default page load timeout: '60'

2022-01-20 10:58:24 - [MESSAGE][PASSED] - Tapped on element 'Object Repository/Mobile/Page/Login/Button - Login'

2022-01-20 10:58:24 - [TEST_STEP][PASSED] - delay(2): Delayed 2 second(s)

2022-01-20 10:58:26 - [MESSAGE][PASSED] - Delayed 2 second(s)

2022-01-20 10:58:26 - [TEST_STEP][PASSED] - break: null

2022-01-20 10:58:26 - [MESSAGE][PASSED] - Call Test Case 'Test Cases/Mobile/Page/Login/Login' successfully

2022-01-20 10:58:26 - [MESSAGE][PASSED] - Call Test Case 'Test Cases/Mobile/Page/CheckLogin' successfully

2022-01-20 10:58:26 - [TEST_STEP][PASSED] - delay(3): Delayed 3 second(s)

2022-01-20 10:58:29 - [MESSAGE][PASSED] - Delayed 3 second(s)

2022-01-20 10:58:29 - [TEST_STEP][PASSED] - scroll.scroll.scrollScreenLeftToRight(): scroll.scroll.scrollScreenLeftToRight is PASSED

2022-01-20 10:58:29 - [MESSAGE][PASSED] - Current device physical height is 1423

2022-01-20 10:58:30 - [MESSAGE][PASSED] - Current device physical width is 720

2022-01-20 10:58:30 - [MESSAGE][PASSED] - Current device physical height is 1423

2022-01-20 10:58:31 - [MESSAGE][PASSED] - Swiped from 10,711 to 710,711

2022-01-20 10:58:31 - [MESSAGE][PASSED] - scroll.scroll.scrollScreenLeftToRight is PASSED

2022-01-20 10:58:31 - [TEST_STEP][PASSED] - delay(1): Delayed 1 second(s)

2022-01-20 10:58:32 - [MESSAGE][PASSED] - Delayed 1 second(s)

2022-01-20 10:58:32 - [TEST_STEP][PASSED] - for ([i = 0, i < 1, (i++)]): Delayed 2 second(s)

2022-01-20 10:58:32 - [TEST_STEP][PASSED] - if (action == "downloadtaxreport"): null

2022-01-20 10:58:32 - [TEST_STEP][PASSED] - else if (action == "analyzeprofile"): null

2022-01-20 10:58:32 - [TEST_STEP][PASSED] - else if (action == "wa"): null

2022-01-20 10:58:32 - [TEST_STEP][PASSED] - else if (action == "email"): Delayed 2 second(s)

2022-01-20 10:58:32 - [TEST_STEP][PASSED] - tap(NAVM_BtnEmail, 0): Tapped on element 'Object Repository/Mobile/Page/NavigationMenu/Button - Email'

2022-01-20 10:58:32 - [MESSAGE][WARNING] - Timeout '0' is invalid. Using default page load timeout: '60'

2022-01-20 10:58:32 - [MESSAGE][PASSED] - Tapped on element 'Object Repository/Mobile/Page/NavigationMenu/Button - Email'

2022-01-20 10:58:32 - [TEST_STEP][PASSED] - delay(2): Delayed 2 second(s)

2022-01-20 10:58:34 - [MESSAGE][PASSED] - Delayed 2 second(s)

2022-01-20 10:58:34 - [MESSAGE][PASSED] - Call Test Case 'Test Cases/Mobile/Page/NavigationMenu/NavigationMenu' successfully

2022-01-20 10:58:34 - [TEST_STEP][PASSED] - callTestCase(findTestCase("Mobile/Page/Run App/Terminate App"), [:], STOP_ON_FAILURE): Call Test Case 'Test Cases/Mobile/Page/Run App/Terminate App' successfully

2022-01-20 10:58:35 - [TEST_CASE][PASSED] - Test Cases/Mobile/Page/Run App/Terminate App: Test Cases/Mobile/Page/Run App/Terminate App

2022-01-20 10:58:35 - [TEST_STEP][PASSED] - startApp.OpenApp.terminateApplication(): startApp.OpenApp.terminateApplication is PASSED

2022-01-20 10:58:38 - [MESSAGE][PASSED] - Delayed 3 second(s)

2022-01-20 10:58:38 - [MESSAGE][PASSED] - Current device physical width is 720

2022-01-20 10:58:38 - [MESSAGE][PASSED] - Current device physical height is 1423

2022-01-20 10:58:39 - [MESSAGE][PASSED] - Swiped from 360,853 to 360,142

2022-01-20 10:58:40 - [MESSAGE][PASSED] - Delayed 1 second(s)

2022-01-20 10:58:42 - [MESSAGE][PASSED] - Swiped from 360,853 to 360,142

2022-01-20 10:58:45 - [MESSAGE][PASSED] - Delayed 3 second(s)

2022-01-20 10:58:45 - [MESSAGE][PASSED] - startApp.OpenApp.terminateApplication is PASSED

2022-01-20 10:58:45 - [MESSAGE][PASSED] - Call Test Case 'Test Cases/Mobile/Page/Run App/Terminate App' successfully

2022-01-20 10:58:45 - [TEST_STEP][PASSED] - callTestCase(findTestCase("Mobile/Page/Run App/Terminate App"), [:], STOP_ON_FAILURE): Call Test Case 'Test Cases/Mobile/Page/Run App/Terminate App' successfully

2022-01-20 10:58:45 - [TEST_CASE][PASSED] - Test Cases/Mobile/Page/Run App/Terminate App: Test Cases/Mobile/Page/Run App/Terminate App

2022-01-20 10:58:45 - [TEST_STEP][PASSED] - startApp.OpenApp.terminateApplication(): startApp.OpenApp.terminateApplication is PASSED

2022-01-20 10:58:48 - [MESSAGE][PASSED] - Delayed 3 second(s)

2022-01-20 10:58:48 - [MESSAGE][PASSED] - Current device physical width is 720

2022-01-20 10:58:48 - [MESSAGE][PASSED] - Current device physical height is 1423

2022-01-20 10:58:49 - [MESSAGE][PASSED] - Swiped from 360,853 to 360,142

2022-01-20 10:58:50 - [MESSAGE][PASSED] - Delayed 1 second(s)

2022-01-20 10:58:52 - [MESSAGE][PASSED] - Swiped from 360,853 to 360,142

2022-01-20 10:58:55 - [MESSAGE][PASSED] - Delayed 3 second(s)

2022-01-20 10:58:55 - [MESSAGE][PASSED] - startApp.OpenApp.terminateApplication is PASSED

2022-01-20 10:58:55 - [MESSAGE][PASSED] - Call Test Case 'Test Cases/Mobile/Page/Run App/Terminate App' successfully]]></system-out>
         <system-err><![CDATA[]]></system-err>
      </testcase>
      <testcase name="Test Cases/Mobile/Scenario/NavigationMenu/005 - Settings" time="106.905" classname="Test Cases/Mobile/Scenario/NavigationMenu/005 - Settings" status="PASSED">
         <system-out><![CDATA[2022-01-20 10:58:55 - [TEST_CASE][PASSED] - Test Cases/Mobile/Scenario/NavigationMenu/005 - Settings: Test Cases/Mobile/Scenario/NavigationMenu/005 - Settings

2022-01-20 10:58:55 - [TEST_STEP][PASSED] - callTestCase(findTestCase("Mobile/Page/Run App/Run App byID"), [:], STOP_ON_FAILURE): Call Test Case 'Test Cases/Mobile/Page/Run App/Run App byID' successfully

2022-01-20 10:58:55 - [TEST_CASE][PASSED] - Test Cases/Mobile/Page/Run App/Run App byID: Test Cases/Mobile/Page/Run App/Run App byID

2022-01-20 10:58:55 - [TEST_STEP][PASSED] - startApp.OpenApp.startApplication("id.co.miraeasset.sageclub"): startApp.OpenApp.startApplication is PASSED

2022-01-20 10:59:07 - [MESSAGE][PASSED] - Starting app with application ID: 'id.co.miraeasset.sageclub'

2022-01-20 10:59:07 - [MESSAGE][PASSED] - startApp.OpenApp.startApplication is PASSED

2022-01-20 10:59:07 - [MESSAGE][PASSED] - Call Test Case 'Test Cases/Mobile/Page/Run App/Run App byID' successfully

2022-01-20 10:59:07 - [TEST_STEP][PASSED] - callTestCase(findTestCase("Mobile/Page/NavigationMenu/NavigationMenu"), ["action":"setting"], CONTINUE_ON_FAILURE): Call Test Case 'Test Cases/Mobile/Page/NavigationMenu/NavigationMenu' successfully

2022-01-20 10:59:07 - [TEST_CASE][PASSED] - Test Cases/Mobile/Page/NavigationMenu/NavigationMenu: Test Cases/Mobile/Page/NavigationMenu/NavigationMenu

2022-01-20 10:59:07 - [TEST_STEP][PASSED] - callTestCase(findTestCase("Mobile/Page/CheckLogin"), [:], CONTINUE_ON_FAILURE): Call Test Case 'Test Cases/Mobile/Page/CheckLogin' successfully

2022-01-20 10:59:07 - [TEST_CASE][PASSED] - Test Cases/Mobile/Page/CheckLogin: Test Cases/Mobile/Page/CheckLogin

2022-01-20 10:59:07 - [TEST_STEP][PASSED] - loginCheck = verifyElementExist(LOGN_BtnLogin, 5, CONTINUE_ON_FAILURE): Element 'Object Repository/Mobile/Page/Login/Button - Login' is exist

2022-01-20 10:59:09 - [MESSAGE][PASSED] - Element 'Object Repository/Mobile/Page/Login/Button - Login' is exist

2022-01-20 10:59:09 - [TEST_STEP][PASSED] - if (loginCheck): Call Test Case 'Test Cases/Mobile/Page/Login/Login' successfully

2022-01-20 10:59:09 - [TEST_STEP][PASSED] - callTestCase(findTestCase("Mobile/Page/Login/Login"), ["action":"username"], CONTINUE_ON_FAILURE): Call Test Case 'Test Cases/Mobile/Page/Login/Login' successfully

2022-01-20 10:59:09 - [TEST_CASE][PASSED] - Test Cases/Mobile/Page/Login/Login: Test Cases/Mobile/Page/Login/Login

2022-01-20 10:59:09 - [TEST_STEP][PASSED] - delay(2): Delayed 2 second(s)

2022-01-20 10:59:11 - [MESSAGE][PASSED] - Delayed 2 second(s)

2022-01-20 10:59:11 - [TEST_STEP][PASSED] - for ([i = 0, i < 1, (i++)]): null

2022-01-20 10:59:11 - [TEST_STEP][PASSED] - if (action == "username"): null

2022-01-20 10:59:11 - [TEST_STEP][PASSED] - tap(LOGN_EdtUserID, 0): Tapped on element 'Object Repository/Mobile/Page/Login/Input - UserID'

2022-01-20 10:59:11 - [MESSAGE][WARNING] - Timeout '0' is invalid. Using default page load timeout: '60'

2022-01-20 10:59:12 - [MESSAGE][PASSED] - Tapped on element 'Object Repository/Mobile/Page/Login/Input - UserID'

2022-01-20 10:59:12 - [TEST_STEP][PASSED] - delay(1): Delayed 1 second(s)

2022-01-20 10:59:13 - [MESSAGE][PASSED] - Delayed 1 second(s)

2022-01-20 10:59:13 - [TEST_STEP][PASSED] - setText(LOGN_EdtRdyUserID, "anggaaditya", 0): Text 'anggaaditya' has been set to element 'Object Repository/Mobile/Page/Login/Input Rdy - UserID'

2022-01-20 10:59:13 - [MESSAGE][WARNING] - Timeout '0' is invalid. Using default page load timeout: '60'

2022-01-20 10:59:14 - [MESSAGE][PASSED] - Text 'anggaaditya' has been set to element 'Object Repository/Mobile/Page/Login/Input Rdy - UserID'

2022-01-20 10:59:14 - [TEST_STEP][PASSED] - delay(1): Delayed 1 second(s)

2022-01-20 10:59:15 - [MESSAGE][PASSED] - Delayed 1 second(s)

2022-01-20 10:59:15 - [TEST_STEP][PASSED] - hideKeyboard(): Keyboard is hidden

2022-01-20 10:59:18 - [MESSAGE][PASSED] - Keyboard is hidden

2022-01-20 10:59:18 - [TEST_STEP][PASSED] - tap(LOGN_EdtPassword, 0): Tapped on element 'Object Repository/Mobile/Page/Login/Input - Password'

2022-01-20 10:59:18 - [MESSAGE][WARNING] - Timeout '0' is invalid. Using default page load timeout: '60'

2022-01-20 10:59:19 - [MESSAGE][PASSED] - Tapped on element 'Object Repository/Mobile/Page/Login/Input - Password'

2022-01-20 10:59:19 - [TEST_STEP][PASSED] - delay(1): Delayed 1 second(s)

2022-01-20 10:59:20 - [MESSAGE][PASSED] - Delayed 1 second(s)

2022-01-20 10:59:20 - [TEST_STEP][PASSED] - setText(LOGN_EdtRdyPassword, "Shalawa18", 0): Text 'Shalawa18' has been set to element 'Object Repository/Mobile/Page/Login/Input Rdy - Password'

2022-01-20 10:59:20 - [MESSAGE][WARNING] - Timeout '0' is invalid. Using default page load timeout: '60'

2022-01-20 10:59:20 - [MESSAGE][PASSED] - Text 'Shalawa18' has been set to element 'Object Repository/Mobile/Page/Login/Input Rdy - Password'

2022-01-20 10:59:20 - [TEST_STEP][PASSED] - delay(1): Delayed 1 second(s)

2022-01-20 10:59:21 - [MESSAGE][PASSED] - Delayed 1 second(s)

2022-01-20 10:59:21 - [TEST_STEP][PASSED] - hideKeyboard(): Keyboard is hidden

2022-01-20 10:59:28 - [MESSAGE][PASSED] - Keyboard is hidden

2022-01-20 10:59:28 - [TEST_STEP][PASSED] - tap(LOGN_BtnLogin, 0): Tapped on element 'Object Repository/Mobile/Page/Login/Button - Login'

2022-01-20 10:59:28 - [MESSAGE][WARNING] - Timeout '0' is invalid. Using default page load timeout: '60'

2022-01-20 10:59:29 - [MESSAGE][PASSED] - Tapped on element 'Object Repository/Mobile/Page/Login/Button - Login'

2022-01-20 10:59:29 - [TEST_STEP][PASSED] - delay(2): Delayed 2 second(s)

2022-01-20 10:59:31 - [MESSAGE][PASSED] - Delayed 2 second(s)

2022-01-20 10:59:31 - [TEST_STEP][PASSED] - break: null

2022-01-20 10:59:31 - [MESSAGE][PASSED] - Call Test Case 'Test Cases/Mobile/Page/Login/Login' successfully

2022-01-20 10:59:31 - [MESSAGE][PASSED] - Call Test Case 'Test Cases/Mobile/Page/CheckLogin' successfully

2022-01-20 10:59:31 - [TEST_STEP][PASSED] - delay(3): Delayed 3 second(s)

2022-01-20 10:59:34 - [MESSAGE][PASSED] - Delayed 3 second(s)

2022-01-20 10:59:34 - [TEST_STEP][PASSED] - scroll.scroll.scrollScreenLeftToRight(): scroll.scroll.scrollScreenLeftToRight is PASSED

2022-01-20 10:59:54 - [MESSAGE][PASSED] - Current device physical height is 1423

2022-01-20 10:59:54 - [MESSAGE][PASSED] - Current device physical width is 720

2022-01-20 10:59:54 - [MESSAGE][PASSED] - Current device physical height is 1423

2022-01-20 10:59:55 - [MESSAGE][PASSED] - Swiped from 10,711 to 710,711

2022-01-20 10:59:55 - [MESSAGE][PASSED] - scroll.scroll.scrollScreenLeftToRight is PASSED

2022-01-20 10:59:55 - [TEST_STEP][PASSED] - delay(1): Delayed 1 second(s)

2022-01-20 10:59:56 - [MESSAGE][PASSED] - Delayed 1 second(s)

2022-01-20 10:59:56 - [TEST_STEP][PASSED] - for ([i = 0, i < 1, (i++)]): Delayed 1 second(s)

2022-01-20 10:59:56 - [TEST_STEP][PASSED] - if (action == "downloadtaxreport"): null

2022-01-20 10:59:56 - [TEST_STEP][PASSED] - else if (action == "analyzeprofile"): null

2022-01-20 10:59:56 - [TEST_STEP][PASSED] - else if (action == "wa"): null

2022-01-20 10:59:56 - [TEST_STEP][PASSED] - else if (action == "email"): null

2022-01-20 10:59:56 - [TEST_STEP][PASSED] - else if (action == "setting"): Delayed 1 second(s)

2022-01-20 10:59:56 - [TEST_STEP][PASSED] - setting = NAVM_BtnSettings: null

2022-01-20 10:59:56 - [TEST_STEP][PASSED] - top = getElementTopPosition(setting, 0): Object 'Object Repository/Mobile/Page/NavigationMenu/Button - Settings' has top position '856'

2022-01-20 10:59:56 - [MESSAGE][WARNING] - Timeout '0' is invalid. Using default page load timeout: '60'

2022-01-20 10:59:57 - [MESSAGE][PASSED] - Object 'Object Repository/Mobile/Page/NavigationMenu/Button - Settings' has top position '856'

2022-01-20 10:59:57 - [TEST_STEP][PASSED] - y = getElementHeight(setting, 0) * 0.8 + top: Object 'Object Repository/Mobile/Page/NavigationMenu/Button - Settings' has height: '98'

2022-01-20 10:59:57 - [MESSAGE][WARNING] - Timeout '0' is invalid. Using default page load timeout: '60'

2022-01-20 10:59:57 - [MESSAGE][PASSED] - Object 'Object Repository/Mobile/Page/NavigationMenu/Button - Settings' has height: '98'

2022-01-20 10:59:57 - [TEST_STEP][PASSED] - x = getDeviceWidth() * 0.2: Current device physical width is 720

2022-01-20 10:59:57 - [MESSAGE][PASSED] - Current device physical width is 720

2022-01-20 10:59:57 - [TEST_STEP][PASSED] - tapAtPosition(x, y): Tapped at [144, 934]

2022-01-20 10:59:58 - [MESSAGE][PASSED] - Tapped at [144, 934]

2022-01-20 10:59:58 - [TEST_STEP][PASSED] - delay(1): Delayed 1 second(s)

2022-01-20 10:59:59 - [MESSAGE][PASSED] - Delayed 1 second(s)

2022-01-20 10:59:59 - [TEST_STEP][PASSED] - tap(NAVM_SETT_DropGain, 0): Tapped on element 'Object Repository/Mobile/Page/NavigationMenu/Settings/Dropdown - Gain'

2022-01-20 10:59:59 - [MESSAGE][WARNING] - Timeout '0' is invalid. Using default page load timeout: '60'

2022-01-20 11:00:00 - [MESSAGE][PASSED] - Tapped on element 'Object Repository/Mobile/Page/NavigationMenu/Settings/Dropdown - Gain'

2022-01-20 11:00:00 - [TEST_STEP][PASSED] - delay(1): Delayed 1 second(s)

2022-01-20 11:00:01 - [MESSAGE][PASSED] - Delayed 1 second(s)

2022-01-20 11:00:01 - [TEST_STEP][PASSED] - tap(NAVM_SETT_OptGain5, 0): Tapped on element 'Object Repository/Mobile/Page/NavigationMenu/Settings/Option Gain - 5'

2022-01-20 11:00:01 - [MESSAGE][WARNING] - Timeout '0' is invalid. Using default page load timeout: '60'

2022-01-20 11:00:02 - [MESSAGE][PASSED] - Tapped on element 'Object Repository/Mobile/Page/NavigationMenu/Settings/Option Gain - 5'

2022-01-20 11:00:02 - [TEST_STEP][PASSED] - delay(1): Delayed 1 second(s)

2022-01-20 11:00:03 - [MESSAGE][PASSED] - Delayed 1 second(s)

2022-01-20 11:00:03 - [TEST_STEP][PASSED] - tap(NAVM_SETT_SwitchGain, 0): Tapped on element 'Object Repository/Mobile/Page/NavigationMenu/Settings/Switch - Gain'

2022-01-20 11:00:03 - [MESSAGE][WARNING] - Timeout '0' is invalid. Using default page load timeout: '60'

2022-01-20 11:00:03 - [MESSAGE][PASSED] - Tapped on element 'Object Repository/Mobile/Page/NavigationMenu/Settings/Switch - Gain'

2022-01-20 11:00:03 - [TEST_STEP][PASSED] - delay(1): Delayed 1 second(s)

2022-01-20 11:00:04 - [MESSAGE][PASSED] - Delayed 1 second(s)

2022-01-20 11:00:04 - [TEST_STEP][PASSED] - tap(NAVM_SETT_SwitchGain, 0): Tapped on element 'Object Repository/Mobile/Page/NavigationMenu/Settings/Switch - Gain'

2022-01-20 11:00:04 - [MESSAGE][WARNING] - Timeout '0' is invalid. Using default page load timeout: '60'

2022-01-20 11:00:05 - [MESSAGE][PASSED] - Tapped on element 'Object Repository/Mobile/Page/NavigationMenu/Settings/Switch - Gain'

2022-01-20 11:00:05 - [TEST_STEP][PASSED] - delay(1): Delayed 1 second(s)

2022-01-20 11:00:06 - [MESSAGE][PASSED] - Delayed 1 second(s)

2022-01-20 11:00:06 - [TEST_STEP][PASSED] - tap(NAVM_SETT_DropLoss, 0): Tapped on element 'Object Repository/Mobile/Page/NavigationMenu/Settings/Dropdown - Loss'

2022-01-20 11:00:06 - [MESSAGE][WARNING] - Timeout '0' is invalid. Using default page load timeout: '60'

2022-01-20 11:00:07 - [MESSAGE][PASSED] - Tapped on element 'Object Repository/Mobile/Page/NavigationMenu/Settings/Dropdown - Loss'

2022-01-20 11:00:07 - [TEST_STEP][PASSED] - delay(1): Delayed 1 second(s)

2022-01-20 11:00:08 - [MESSAGE][PASSED] - Delayed 1 second(s)

2022-01-20 11:00:08 - [TEST_STEP][PASSED] - tap(NAVM_SETT_OptLoss5, 0): Tapped on element 'Object Repository/Mobile/Page/NavigationMenu/Settings/Option Loss - 5'

2022-01-20 11:00:08 - [MESSAGE][WARNING] - Timeout '0' is invalid. Using default page load timeout: '60'

2022-01-20 11:00:09 - [MESSAGE][PASSED] - Tapped on element 'Object Repository/Mobile/Page/NavigationMenu/Settings/Option Loss - 5'

2022-01-20 11:00:09 - [TEST_STEP][PASSED] - delay(1): Delayed 1 second(s)

2022-01-20 11:00:10 - [MESSAGE][PASSED] - Delayed 1 second(s)

2022-01-20 11:00:10 - [TEST_STEP][PASSED] - tap(NAVM_SETT_SwitchLoss, 0): Tapped on element 'Object Repository/Mobile/Page/NavigationMenu/Settings/Switch - Loss'

2022-01-20 11:00:10 - [MESSAGE][WARNING] - Timeout '0' is invalid. Using default page load timeout: '60'

2022-01-20 11:00:11 - [MESSAGE][PASSED] - Tapped on element 'Object Repository/Mobile/Page/NavigationMenu/Settings/Switch - Loss'

2022-01-20 11:00:11 - [TEST_STEP][PASSED] - delay(1): Delayed 1 second(s)

2022-01-20 11:00:12 - [MESSAGE][PASSED] - Delayed 1 second(s)

2022-01-20 11:00:12 - [TEST_STEP][PASSED] - tap(NAVM_SETT_SwitchLoss, 0): Tapped on element 'Object Repository/Mobile/Page/NavigationMenu/Settings/Switch - Loss'

2022-01-20 11:00:12 - [MESSAGE][WARNING] - Timeout '0' is invalid. Using default page load timeout: '60'

2022-01-20 11:00:13 - [MESSAGE][PASSED] - Tapped on element 'Object Repository/Mobile/Page/NavigationMenu/Settings/Switch - Loss'

2022-01-20 11:00:13 - [TEST_STEP][PASSED] - delay(1): Delayed 1 second(s)

2022-01-20 11:00:14 - [MESSAGE][PASSED] - Delayed 1 second(s)

2022-01-20 11:00:14 - [TEST_STEP][PASSED] - tap(NAVM_SETT_CbRiskTolerance, 0): Tapped on element 'Object Repository/Mobile/Page/NavigationMenu/Settings/Checkbox - Risk Tolerance'

2022-01-20 11:00:14 - [MESSAGE][WARNING] - Timeout '0' is invalid. Using default page load timeout: '60'

2022-01-20 11:00:15 - [MESSAGE][PASSED] - Tapped on element 'Object Repository/Mobile/Page/NavigationMenu/Settings/Checkbox - Risk Tolerance'

2022-01-20 11:00:15 - [TEST_STEP][PASSED] - delay(1): Delayed 1 second(s)

2022-01-20 11:00:16 - [MESSAGE][PASSED] - Delayed 1 second(s)

2022-01-20 11:00:16 - [TEST_STEP][PASSED] - tap(NAVM_SETT_CbRiskTolerance, 0): Tapped on element 'Object Repository/Mobile/Page/NavigationMenu/Settings/Checkbox - Risk Tolerance'

2022-01-20 11:00:16 - [MESSAGE][WARNING] - Timeout '0' is invalid. Using default page load timeout: '60'

2022-01-20 11:00:16 - [MESSAGE][PASSED] - Tapped on element 'Object Repository/Mobile/Page/NavigationMenu/Settings/Checkbox - Risk Tolerance'

2022-01-20 11:00:16 - [TEST_STEP][PASSED] - delay(1): Delayed 1 second(s)

2022-01-20 11:00:17 - [MESSAGE][PASSED] - Delayed 1 second(s)

2022-01-20 11:00:17 - [TEST_STEP][PASSED] - tap(NAVM_SETT_SwitchStock, 0): Tapped on element 'Object Repository/Mobile/Page/NavigationMenu/Settings/Switch - Stock News'

2022-01-20 11:00:17 - [MESSAGE][WARNING] - Timeout '0' is invalid. Using default page load timeout: '60'

2022-01-20 11:00:18 - [MESSAGE][PASSED] - Tapped on element 'Object Repository/Mobile/Page/NavigationMenu/Settings/Switch - Stock News'

2022-01-20 11:00:18 - [TEST_STEP][PASSED] - delay(1): Delayed 1 second(s)

2022-01-20 11:00:19 - [MESSAGE][PASSED] - Delayed 1 second(s)

2022-01-20 11:00:19 - [TEST_STEP][PASSED] - tap(NAVM_SETT_SwitchStock, 0): Tapped on element 'Object Repository/Mobile/Page/NavigationMenu/Settings/Switch - Stock News'

2022-01-20 11:00:19 - [MESSAGE][WARNING] - Timeout '0' is invalid. Using default page load timeout: '60'

2022-01-20 11:00:19 - [MESSAGE][PASSED] - Tapped on element 'Object Repository/Mobile/Page/NavigationMenu/Settings/Switch - Stock News'

2022-01-20 11:00:19 - [TEST_STEP][PASSED] - delay(1): Delayed 1 second(s)

2022-01-20 11:00:20 - [MESSAGE][PASSED] - Delayed 1 second(s)

2022-01-20 11:00:20 - [TEST_STEP][PASSED] - tap(NAVM_SETT_SwitchFund, 0): Tapped on element 'Object Repository/Mobile/Page/NavigationMenu/Settings/Switch - Fund News'

2022-01-20 11:00:21 - [MESSAGE][WARNING] - Timeout '0' is invalid. Using default page load timeout: '60'

2022-01-20 11:00:21 - [MESSAGE][PASSED] - Tapped on element 'Object Repository/Mobile/Page/NavigationMenu/Settings/Switch - Fund News'

2022-01-20 11:00:21 - [TEST_STEP][PASSED] - delay(1): Delayed 1 second(s)

2022-01-20 11:00:22 - [MESSAGE][PASSED] - Delayed 1 second(s)

2022-01-20 11:00:22 - [TEST_STEP][PASSED] - tap(NAVM_SETT_SwitchFund, 0): Tapped on element 'Object Repository/Mobile/Page/NavigationMenu/Settings/Switch - Fund News'

2022-01-20 11:00:22 - [MESSAGE][WARNING] - Timeout '0' is invalid. Using default page load timeout: '60'

2022-01-20 11:00:23 - [MESSAGE][PASSED] - Tapped on element 'Object Repository/Mobile/Page/NavigationMenu/Settings/Switch - Fund News'

2022-01-20 11:00:23 - [TEST_STEP][PASSED] - delay(1): Delayed 1 second(s)

2022-01-20 11:00:24 - [MESSAGE][PASSED] - Delayed 1 second(s)

2022-01-20 11:00:24 - [TEST_STEP][PASSED] - tap(NAVM_SETT_SwitchBond, 0): Tapped on element 'Object Repository/Mobile/Page/NavigationMenu/Settings/Switch - Bond News'

2022-01-20 11:00:24 - [MESSAGE][WARNING] - Timeout '0' is invalid. Using default page load timeout: '60'

2022-01-20 11:00:25 - [MESSAGE][PASSED] - Tapped on element 'Object Repository/Mobile/Page/NavigationMenu/Settings/Switch - Bond News'

2022-01-20 11:00:25 - [TEST_STEP][PASSED] - delay(1): Delayed 1 second(s)

2022-01-20 11:00:26 - [MESSAGE][PASSED] - Delayed 1 second(s)

2022-01-20 11:00:26 - [TEST_STEP][PASSED] - tap(NAVM_SETT_SwitchBond, 0): Tapped on element 'Object Repository/Mobile/Page/NavigationMenu/Settings/Switch - Bond News'

2022-01-20 11:00:26 - [MESSAGE][WARNING] - Timeout '0' is invalid. Using default page load timeout: '60'

2022-01-20 11:00:26 - [MESSAGE][PASSED] - Tapped on element 'Object Repository/Mobile/Page/NavigationMenu/Settings/Switch - Bond News'

2022-01-20 11:00:26 - [TEST_STEP][PASSED] - delay(1): Delayed 1 second(s)

2022-01-20 11:00:27 - [MESSAGE][PASSED] - Delayed 1 second(s)

2022-01-20 11:00:27 - [TEST_STEP][PASSED] - tap(NAVM_SETT_SwitchMacro, 0): Tapped on element 'Object Repository/Mobile/Page/NavigationMenu/Settings/Switch - Macro News'

2022-01-20 11:00:27 - [MESSAGE][WARNING] - Timeout '0' is invalid. Using default page load timeout: '60'

2022-01-20 11:00:28 - [MESSAGE][PASSED] - Tapped on element 'Object Repository/Mobile/Page/NavigationMenu/Settings/Switch - Macro News'

2022-01-20 11:00:28 - [TEST_STEP][PASSED] - delay(1): Delayed 1 second(s)

2022-01-20 11:00:29 - [MESSAGE][PASSED] - Delayed 1 second(s)

2022-01-20 11:00:29 - [TEST_STEP][PASSED] - tap(NAVM_SETT_SwitchMacro, 0): Tapped on element 'Object Repository/Mobile/Page/NavigationMenu/Settings/Switch - Macro News'

2022-01-20 11:00:29 - [MESSAGE][WARNING] - Timeout '0' is invalid. Using default page load timeout: '60'

2022-01-20 11:00:29 - [MESSAGE][PASSED] - Tapped on element 'Object Repository/Mobile/Page/NavigationMenu/Settings/Switch - Macro News'

2022-01-20 11:00:29 - [TEST_STEP][PASSED] - delay(1): Delayed 1 second(s)

2022-01-20 11:00:30 - [MESSAGE][PASSED] - Delayed 1 second(s)

2022-01-20 11:00:30 - [TEST_STEP][PASSED] - pressBack(): Press back button successfully

2022-01-20 11:00:31 - [MESSAGE][PASSED] - Press back button successfully

2022-01-20 11:00:31 - [TEST_STEP][PASSED] - delay(1): Delayed 1 second(s)

2022-01-20 11:00:32 - [MESSAGE][PASSED] - Delayed 1 second(s)

2022-01-20 11:00:32 - [MESSAGE][PASSED] - Call Test Case 'Test Cases/Mobile/Page/NavigationMenu/NavigationMenu' successfully

2022-01-20 11:00:32 - [TEST_STEP][PASSED] - callTestCase(findTestCase("Mobile/Page/Run App/Terminate App"), [:], STOP_ON_FAILURE): Call Test Case 'Test Cases/Mobile/Page/Run App/Terminate App' successfully

2022-01-20 11:00:32 - [TEST_CASE][PASSED] - Test Cases/Mobile/Page/Run App/Terminate App: Test Cases/Mobile/Page/Run App/Terminate App

2022-01-20 11:00:32 - [TEST_STEP][PASSED] - startApp.OpenApp.terminateApplication(): startApp.OpenApp.terminateApplication is PASSED

2022-01-20 11:00:35 - [MESSAGE][PASSED] - Delayed 3 second(s)

2022-01-20 11:00:35 - [MESSAGE][PASSED] - Current device physical width is 720

2022-01-20 11:00:35 - [MESSAGE][PASSED] - Current device physical height is 1423

2022-01-20 11:00:36 - [MESSAGE][PASSED] - Swiped from 360,853 to 360,142

2022-01-20 11:00:37 - [MESSAGE][PASSED] - Delayed 1 second(s)

2022-01-20 11:00:39 - [MESSAGE][PASSED] - Swiped from 360,853 to 360,142

2022-01-20 11:00:42 - [MESSAGE][PASSED] - Delayed 3 second(s)

2022-01-20 11:00:42 - [MESSAGE][PASSED] - startApp.OpenApp.terminateApplication is PASSED

2022-01-20 11:00:42 - [MESSAGE][PASSED] - Call Test Case 'Test Cases/Mobile/Page/Run App/Terminate App' successfully]]></system-out>
         <system-err><![CDATA[]]></system-err>
      </testcase>
      <testcase name="Test Cases/Mobile/Scenario/NavigationMenu/006 - Logout" time="57.849" classname="Test Cases/Mobile/Scenario/NavigationMenu/006 - Logout" status="PASSED">
         <system-out><![CDATA[2022-01-20 11:00:42 - [TEST_CASE][PASSED] - Test Cases/Mobile/Scenario/NavigationMenu/006 - Logout: Test Cases/Mobile/Scenario/NavigationMenu/006 - Logout

2022-01-20 11:00:42 - [TEST_STEP][PASSED] - callTestCase(findTestCase("Mobile/Page/Run App/Run App byID"), [:], STOP_ON_FAILURE): Call Test Case 'Test Cases/Mobile/Page/Run App/Run App byID' successfully

2022-01-20 11:00:42 - [TEST_CASE][PASSED] - Test Cases/Mobile/Page/Run App/Run App byID: Test Cases/Mobile/Page/Run App/Run App byID

2022-01-20 11:00:42 - [TEST_STEP][PASSED] - startApp.OpenApp.startApplication("id.co.miraeasset.sageclub"): startApp.OpenApp.startApplication is PASSED

2022-01-20 11:00:54 - [MESSAGE][PASSED] - Starting app with application ID: 'id.co.miraeasset.sageclub'

2022-01-20 11:00:54 - [MESSAGE][PASSED] - startApp.OpenApp.startApplication is PASSED

2022-01-20 11:00:54 - [MESSAGE][PASSED] - Call Test Case 'Test Cases/Mobile/Page/Run App/Run App byID' successfully

2022-01-20 11:00:54 - [TEST_STEP][PASSED] - callTestCase(findTestCase("Mobile/Page/NavigationMenu/NavigationMenu"), ["action":"logout"], CONTINUE_ON_FAILURE): Call Test Case 'Test Cases/Mobile/Page/NavigationMenu/NavigationMenu' successfully

2022-01-20 11:00:54 - [TEST_CASE][PASSED] - Test Cases/Mobile/Page/NavigationMenu/NavigationMenu: Test Cases/Mobile/Page/NavigationMenu/NavigationMenu

2022-01-20 11:00:54 - [TEST_STEP][PASSED] - callTestCase(findTestCase("Mobile/Page/CheckLogin"), [:], CONTINUE_ON_FAILURE): Call Test Case 'Test Cases/Mobile/Page/CheckLogin' successfully

2022-01-20 11:00:54 - [TEST_CASE][PASSED] - Test Cases/Mobile/Page/CheckLogin: Test Cases/Mobile/Page/CheckLogin

2022-01-20 11:00:54 - [TEST_STEP][PASSED] - loginCheck = verifyElementExist(LOGN_BtnLogin, 5, CONTINUE_ON_FAILURE): Element 'Object Repository/Mobile/Page/Login/Button - Login' is exist

2022-01-20 11:00:56 - [MESSAGE][PASSED] - Element 'Object Repository/Mobile/Page/Login/Button - Login' is exist

2022-01-20 11:00:56 - [TEST_STEP][PASSED] - if (loginCheck): Call Test Case 'Test Cases/Mobile/Page/Login/Login' successfully

2022-01-20 11:00:56 - [TEST_STEP][PASSED] - callTestCase(findTestCase("Mobile/Page/Login/Login"), ["action":"username"], CONTINUE_ON_FAILURE): Call Test Case 'Test Cases/Mobile/Page/Login/Login' successfully

2022-01-20 11:00:56 - [TEST_CASE][PASSED] - Test Cases/Mobile/Page/Login/Login: Test Cases/Mobile/Page/Login/Login

2022-01-20 11:00:56 - [TEST_STEP][PASSED] - delay(2): Delayed 2 second(s)

2022-01-20 11:00:58 - [MESSAGE][PASSED] - Delayed 2 second(s)

2022-01-20 11:00:58 - [TEST_STEP][PASSED] - for ([i = 0, i < 1, (i++)]): null

2022-01-20 11:00:58 - [TEST_STEP][PASSED] - if (action == "username"): null

2022-01-20 11:00:58 - [TEST_STEP][PASSED] - tap(LOGN_EdtUserID, 0): Tapped on element 'Object Repository/Mobile/Page/Login/Input - UserID'

2022-01-20 11:00:58 - [MESSAGE][WARNING] - Timeout '0' is invalid. Using default page load timeout: '60'

2022-01-20 11:00:58 - [MESSAGE][PASSED] - Tapped on element 'Object Repository/Mobile/Page/Login/Input - UserID'

2022-01-20 11:00:58 - [TEST_STEP][PASSED] - delay(1): Delayed 1 second(s)

2022-01-20 11:00:59 - [MESSAGE][PASSED] - Delayed 1 second(s)

2022-01-20 11:00:59 - [TEST_STEP][PASSED] - setText(LOGN_EdtRdyUserID, "anggaaditya", 0): Text 'anggaaditya' has been set to element 'Object Repository/Mobile/Page/Login/Input Rdy - UserID'

2022-01-20 11:00:59 - [MESSAGE][WARNING] - Timeout '0' is invalid. Using default page load timeout: '60'

2022-01-20 11:01:00 - [MESSAGE][PASSED] - Text 'anggaaditya' has been set to element 'Object Repository/Mobile/Page/Login/Input Rdy - UserID'

2022-01-20 11:01:00 - [TEST_STEP][PASSED] - delay(1): Delayed 1 second(s)

2022-01-20 11:01:01 - [MESSAGE][PASSED] - Delayed 1 second(s)

2022-01-20 11:01:01 - [TEST_STEP][PASSED] - hideKeyboard(): Keyboard is hidden

2022-01-20 11:01:06 - [MESSAGE][PASSED] - Keyboard is hidden

2022-01-20 11:01:06 - [TEST_STEP][PASSED] - tap(LOGN_EdtPassword, 0): Tapped on element 'Object Repository/Mobile/Page/Login/Input - Password'

2022-01-20 11:01:06 - [MESSAGE][WARNING] - Timeout '0' is invalid. Using default page load timeout: '60'

2022-01-20 11:01:06 - [MESSAGE][PASSED] - Tapped on element 'Object Repository/Mobile/Page/Login/Input - Password'

2022-01-20 11:01:06 - [TEST_STEP][PASSED] - delay(1): Delayed 1 second(s)

2022-01-20 11:01:07 - [MESSAGE][PASSED] - Delayed 1 second(s)

2022-01-20 11:01:07 - [TEST_STEP][PASSED] - setText(LOGN_EdtRdyPassword, "Shalawa18", 0): Text 'Shalawa18' has been set to element 'Object Repository/Mobile/Page/Login/Input Rdy - Password'

2022-01-20 11:01:07 - [MESSAGE][WARNING] - Timeout '0' is invalid. Using default page load timeout: '60'

2022-01-20 11:01:08 - [MESSAGE][PASSED] - Text 'Shalawa18' has been set to element 'Object Repository/Mobile/Page/Login/Input Rdy - Password'

2022-01-20 11:01:08 - [TEST_STEP][PASSED] - delay(1): Delayed 1 second(s)

2022-01-20 11:01:09 - [MESSAGE][PASSED] - Delayed 1 second(s)

2022-01-20 11:01:09 - [TEST_STEP][PASSED] - hideKeyboard(): Keyboard is hidden

2022-01-20 11:01:18 - [MESSAGE][PASSED] - Keyboard is hidden

2022-01-20 11:01:18 - [TEST_STEP][PASSED] - tap(LOGN_BtnLogin, 0): Tapped on element 'Object Repository/Mobile/Page/Login/Button - Login'

2022-01-20 11:01:18 - [MESSAGE][WARNING] - Timeout '0' is invalid. Using default page load timeout: '60'

2022-01-20 11:01:19 - [MESSAGE][PASSED] - Tapped on element 'Object Repository/Mobile/Page/Login/Button - Login'

2022-01-20 11:01:19 - [TEST_STEP][PASSED] - delay(2): Delayed 2 second(s)

2022-01-20 11:01:21 - [MESSAGE][PASSED] - Delayed 2 second(s)

2022-01-20 11:01:21 - [TEST_STEP][PASSED] - break: null

2022-01-20 11:01:21 - [MESSAGE][PASSED] - Call Test Case 'Test Cases/Mobile/Page/Login/Login' successfully

2022-01-20 11:01:21 - [MESSAGE][PASSED] - Call Test Case 'Test Cases/Mobile/Page/CheckLogin' successfully

2022-01-20 11:01:21 - [TEST_STEP][PASSED] - delay(3): Delayed 3 second(s)

2022-01-20 11:01:24 - [MESSAGE][PASSED] - Delayed 3 second(s)

2022-01-20 11:01:24 - [TEST_STEP][PASSED] - scroll.scroll.scrollScreenLeftToRight(): scroll.scroll.scrollScreenLeftToRight is PASSED

2022-01-20 11:01:24 - [MESSAGE][PASSED] - Current device physical height is 1423

2022-01-20 11:01:24 - [MESSAGE][PASSED] - Current device physical width is 720

2022-01-20 11:01:25 - [MESSAGE][PASSED] - Current device physical height is 1423

2022-01-20 11:01:26 - [MESSAGE][PASSED] - Swiped from 10,711 to 710,711

2022-01-20 11:01:26 - [MESSAGE][PASSED] - scroll.scroll.scrollScreenLeftToRight is PASSED

2022-01-20 11:01:26 - [TEST_STEP][PASSED] - delay(1): Delayed 1 second(s)

2022-01-20 11:01:27 - [MESSAGE][PASSED] - Delayed 1 second(s)

2022-01-20 11:01:27 - [TEST_STEP][PASSED] - for ([i = 0, i < 1, (i++)]): Delayed 1 second(s)

2022-01-20 11:01:27 - [TEST_STEP][PASSED] - if (action == "downloadtaxreport"): null

2022-01-20 11:01:27 - [TEST_STEP][PASSED] - else if (action == "analyzeprofile"): null

2022-01-20 11:01:27 - [TEST_STEP][PASSED] - else if (action == "wa"): null

2022-01-20 11:01:27 - [TEST_STEP][PASSED] - else if (action == "email"): null

2022-01-20 11:01:27 - [TEST_STEP][PASSED] - else if (action == "setting"): null

2022-01-20 11:01:27 - [TEST_STEP][PASSED] - else if (action == "logout"): Delayed 1 second(s)

2022-01-20 11:01:27 - [TEST_STEP][PASSED] - logout = NAVM_ContLogout: null

2022-01-20 11:01:27 - [TEST_STEP][PASSED] - top = getElementTopPosition(logout, 0): Object 'Object Repository/Mobile/Page/NavigationMenu/Container - Logout' has top position '954'

2022-01-20 11:01:27 - [MESSAGE][WARNING] - Timeout '0' is invalid. Using default page load timeout: '60'

2022-01-20 11:01:27 - [MESSAGE][PASSED] - Object 'Object Repository/Mobile/Page/NavigationMenu/Container - Logout' has top position '954'

2022-01-20 11:01:27 - [TEST_STEP][PASSED] - y = getElementHeight(logout, 0) * 0.8 + top: Object 'Object Repository/Mobile/Page/NavigationMenu/Container - Logout' has height: '98'

2022-01-20 11:01:27 - [MESSAGE][WARNING] - Timeout '0' is invalid. Using default page load timeout: '60'

2022-01-20 11:01:27 - [MESSAGE][PASSED] - Object 'Object Repository/Mobile/Page/NavigationMenu/Container - Logout' has height: '98'

2022-01-20 11:01:27 - [TEST_STEP][PASSED] - x = getDeviceWidth() * 0.2: Current device physical width is 720

2022-01-20 11:01:27 - [MESSAGE][PASSED] - Current device physical width is 720

2022-01-20 11:01:27 - [TEST_STEP][PASSED] - tapAtPosition(x, y): Tapped at [144, 1,032]

2022-01-20 11:01:28 - [MESSAGE][PASSED] - Tapped at [144, 1,032]

2022-01-20 11:01:28 - [TEST_STEP][PASSED] - delay(1): Delayed 1 second(s)

2022-01-20 11:01:29 - [MESSAGE][PASSED] - Delayed 1 second(s)

2022-01-20 11:01:29 - [MESSAGE][PASSED] - Call Test Case 'Test Cases/Mobile/Page/NavigationMenu/NavigationMenu' successfully

2022-01-20 11:01:29 - [TEST_STEP][PASSED] - callTestCase(findTestCase("Mobile/Page/Run App/Terminate App"), [:], STOP_ON_FAILURE): Call Test Case 'Test Cases/Mobile/Page/Run App/Terminate App' successfully

2022-01-20 11:01:29 - [TEST_CASE][PASSED] - Test Cases/Mobile/Page/Run App/Terminate App: Test Cases/Mobile/Page/Run App/Terminate App

2022-01-20 11:01:29 - [TEST_STEP][PASSED] - startApp.OpenApp.terminateApplication(): startApp.OpenApp.terminateApplication is PASSED

2022-01-20 11:01:32 - [MESSAGE][PASSED] - Delayed 3 second(s)

2022-01-20 11:01:33 - [MESSAGE][PASSED] - Current device physical width is 720

2022-01-20 11:01:33 - [MESSAGE][PASSED] - Current device physical height is 1423

2022-01-20 11:01:34 - [MESSAGE][PASSED] - Swiped from 360,853 to 360,142

2022-01-20 11:01:35 - [MESSAGE][PASSED] - Delayed 1 second(s)

2022-01-20 11:01:36 - [MESSAGE][PASSED] - Swiped from 360,853 to 360,142

2022-01-20 11:01:39 - [MESSAGE][PASSED] - Delayed 3 second(s)

2022-01-20 11:01:39 - [MESSAGE][PASSED] - startApp.OpenApp.terminateApplication is PASSED

2022-01-20 11:01:39 - [MESSAGE][PASSED] - Call Test Case 'Test Cases/Mobile/Page/Run App/Terminate App' successfully]]></system-out>
         <system-err><![CDATA[]]></system-err>
      </testcase>
      <system-out><![CDATA[2022-01-20 10:53:55 - [TEST_SUITE][PASSED] - navigationmenu: Test Cases/Mobile/Scenario/NavigationMenu/006 - Logout]]></system-out>
      <system-err><![CDATA[]]></system-err>
   </testsuite>
</testsuites>
