<?xml version="1.0" encoding="UTF-8"?>
<testsuites name="navigationmenu" time="528.046" tests="6" failures="0" skips="0" errors="0">
   <testsuite name="navigationmenu" tests="6" failures="0" errors="0" time="528.046" skips="0" timestamp="2022-01-04 08:12:57" hostname="Owner - aldy-tft" id="Test Suites/navigationmenu">
      <properties>
         <property name="deviceName" value="samsung SM-A205F (Android 11)"/>
         <property name="devicePlatform" value=""/>
         <property name="logFolder" value="C:\\Users\\Owner\\Documents\\kerjaan\\KatalonProject\\qa_katalon_pwm\\qa_katalon_pwm\\Reports\\20220104_074645\\navigationmenu\\20220104_074659"/>
         <property name="logFiles" value="C:\\Users\\Owner\\Documents\\kerjaan\\KatalonProject\\qa_katalon_pwm\\qa_katalon_pwm\\Reports\\20220104_074645\\navigationmenu\\20220104_074659\\appium.log, C:\\Users\\Owner\\Documents\\kerjaan\\KatalonProject\\qa_katalon_pwm\\qa_katalon_pwm\\Reports\\20220104_074645\\navigationmenu\\20220104_074659\\execution0.log"/>
         <property name="attachments" value="C:\\Users\\Owner\\Documents\\kerjaan\\KatalonProject\\qa_katalon_pwm\\qa_katalon_pwm\\Reports\\20220104_074645\\navigationmenu\\20220104_074659\\1641258940743.png, C:\\Users\\Owner\\Documents\\kerjaan\\KatalonProject\\qa_katalon_pwm\\qa_katalon_pwm\\Reports\\20220104_074645\\navigationmenu\\20220104_074659\\1641258941636.png"/>
         <property name="hostName" value="Owner - aldy-tft"/>
         <property name="os" value="Windows 10 64bit"/>
         <property name="appiumServerStatus" value="{&quot;value&quot;:{&quot;build&quot;:{&quot;version&quot;:&quot;1.22.0&quot;}},&quot;sessionId&quot;:null,&quot;status&quot;:0}"/>
         <property name="katalonVersion" value="7.9.1.208"/>
         <property name="deviceOS" value="Android"/>
         <property name="appiumVersion" value="1.22.0"/>
         <property name="deviceModel" value="SM-A205F"/>
         <property name="hostAddress" value="10.0.30.143"/>
         <property name="deviceManufacturer" value="samsung"/>
         <property name="deviceId" value="RR8M40C9AXE"/>
         <property name="deviceName" value="samsung SM-A205F (Android 11)"/>
         <property name="deviceOSVersion" value="11"/>
      </properties>
      <testcase name="Test Cases/Mobile/Scenario/NavigationMenu/001 - Download Report" time="105.197" classname="Test Cases/Mobile/Scenario/NavigationMenu/001 - Download Report" status="PASSED">
         <system-out><![CDATA[2022-01-04 08:12:58 - [TEST_CASE][PASSED] - Test Cases/Mobile/Scenario/NavigationMenu/001 - Download Report: Test Cases/Mobile/Scenario/NavigationMenu/001 - Download Report

2022-01-04 08:12:58 - [TEST_STEP][PASSED] - callTestCase(findTestCase("Mobile/Page/Run App/Run App byID"), [:], STOP_ON_FAILURE): Call Test Case 'Test Cases/Mobile/Page/Run App/Run App byID' successfully

2022-01-04 08:12:58 - [TEST_CASE][PASSED] - Test Cases/Mobile/Page/Run App/Run App byID: Test Cases/Mobile/Page/Run App/Run App byID

2022-01-04 08:12:58 - [TEST_STEP][PASSED] - startApp.OpenApp.startApplication("id.co.miraeasset.sageclub"): startApp.OpenApp.startApplication is PASSED

2022-01-04 08:13:00 - [MESSAGE][INFO] - Appium server started on port 57,409

2022-01-04 08:13:18 - [MESSAGE][PASSED] - Starting app with application ID: 'id.co.miraeasset.sageclub'

2022-01-04 08:13:18 - [MESSAGE][PASSED] - startApp.OpenApp.startApplication is PASSED

2022-01-04 08:13:19 - [MESSAGE][PASSED] - Call Test Case 'Test Cases/Mobile/Page/Run App/Run App byID' successfully

2022-01-04 08:13:19 - [TEST_STEP][PASSED] - callTestCase(findTestCase("Mobile/Page/NavigationMenu/NavigationMenu"), ["action":"downloadtaxreport"], CONTINUE_ON_FAILURE): Call Test Case 'Test Cases/Mobile/Page/NavigationMenu/NavigationMenu' successfully

2022-01-04 08:13:19 - [TEST_CASE][PASSED] - Test Cases/Mobile/Page/NavigationMenu/NavigationMenu: Test Cases/Mobile/Page/NavigationMenu/NavigationMenu

2022-01-04 08:13:20 - [TEST_STEP][PASSED] - callTestCase(findTestCase("Mobile/Page/CheckLogin"), [:], CONTINUE_ON_FAILURE): Call Test Case 'Test Cases/Mobile/Page/CheckLogin' successfully

2022-01-04 08:13:20 - [TEST_CASE][PASSED] - Test Cases/Mobile/Page/CheckLogin: Test Cases/Mobile/Page/CheckLogin

2022-01-04 08:13:21 - [TEST_STEP][PASSED] - loginCheck = verifyElementExist(LOGN_BtnLogin, 5, CONTINUE_ON_FAILURE): Element 'Object Repository/Mobile/Page/Login/Button - Login' is exist

2022-01-04 08:13:55 - [MESSAGE][PASSED] - Element 'Object Repository/Mobile/Page/Login/Button - Login' is exist

2022-01-04 08:13:55 - [TEST_STEP][PASSED] - if (loginCheck): Call Test Case 'Test Cases/Mobile/Page/Login/Login' successfully

2022-01-04 08:13:55 - [TEST_STEP][PASSED] - callTestCase(findTestCase("Mobile/Page/Login/Login"), ["action":"username"], CONTINUE_ON_FAILURE): Call Test Case 'Test Cases/Mobile/Page/Login/Login' successfully

2022-01-04 08:13:55 - [TEST_CASE][PASSED] - Test Cases/Mobile/Page/Login/Login: Test Cases/Mobile/Page/Login/Login

2022-01-04 08:13:56 - [TEST_STEP][PASSED] - delay(2): Delayed 2 second(s)

2022-01-04 08:13:58 - [MESSAGE][PASSED] - Delayed 2 second(s)

2022-01-04 08:13:58 - [TEST_STEP][PASSED] - for ([i = 0, i < 1, (i++)]): null

2022-01-04 08:13:58 - [TEST_STEP][PASSED] - if (action == "username"): null

2022-01-04 08:13:58 - [TEST_STEP][PASSED] - tap(LOGN_EdtUserID, 0): Tapped on element 'Object Repository/Mobile/Page/Login/Input - UserID'

2022-01-04 08:13:58 - [MESSAGE][WARNING] - Timeout '0' is invalid. Using default page load timeout: '60'

2022-01-04 08:13:58 - [MESSAGE][PASSED] - Tapped on element 'Object Repository/Mobile/Page/Login/Input - UserID'

2022-01-04 08:13:58 - [TEST_STEP][PASSED] - delay(1): Delayed 1 second(s)

2022-01-04 08:13:59 - [MESSAGE][PASSED] - Delayed 1 second(s)

2022-01-04 08:13:59 - [TEST_STEP][PASSED] - setText(LOGN_EdtRdyUserID, "anggaaditya", 0): Text 'anggaaditya' has been set to element 'Object Repository/Mobile/Page/Login/Input Rdy - UserID'

2022-01-04 08:13:59 - [MESSAGE][WARNING] - Timeout '0' is invalid. Using default page load timeout: '60'

2022-01-04 08:14:00 - [MESSAGE][PASSED] - Text 'anggaaditya' has been set to element 'Object Repository/Mobile/Page/Login/Input Rdy - UserID'

2022-01-04 08:14:00 - [TEST_STEP][PASSED] - delay(1): Delayed 1 second(s)

2022-01-04 08:14:01 - [MESSAGE][PASSED] - Delayed 1 second(s)

2022-01-04 08:14:01 - [TEST_STEP][PASSED] - hideKeyboard(): Keyboard is hidden

2022-01-04 08:14:05 - [MESSAGE][PASSED] - Keyboard is hidden

2022-01-04 08:14:05 - [TEST_STEP][PASSED] - tap(LOGN_EdtPassword, 0): Tapped on element 'Object Repository/Mobile/Page/Login/Input - Password'

2022-01-04 08:14:05 - [MESSAGE][WARNING] - Timeout '0' is invalid. Using default page load timeout: '60'

2022-01-04 08:14:06 - [MESSAGE][PASSED] - Tapped on element 'Object Repository/Mobile/Page/Login/Input - Password'

2022-01-04 08:14:06 - [TEST_STEP][PASSED] - delay(1): Delayed 1 second(s)

2022-01-04 08:14:07 - [MESSAGE][PASSED] - Delayed 1 second(s)

2022-01-04 08:14:07 - [TEST_STEP][PASSED] - setText(LOGN_EdtRdyPassword, "Shalawa18", 0): Text 'Shalawa18' has been set to element 'Object Repository/Mobile/Page/Login/Input Rdy - Password'

2022-01-04 08:14:07 - [MESSAGE][WARNING] - Timeout '0' is invalid. Using default page load timeout: '60'

2022-01-04 08:14:08 - [MESSAGE][PASSED] - Text 'Shalawa18' has been set to element 'Object Repository/Mobile/Page/Login/Input Rdy - Password'

2022-01-04 08:14:08 - [TEST_STEP][PASSED] - delay(1): Delayed 1 second(s)

2022-01-04 08:14:09 - [MESSAGE][PASSED] - Delayed 1 second(s)

2022-01-04 08:14:09 - [TEST_STEP][PASSED] - hideKeyboard(): Keyboard is hidden

2022-01-04 08:14:15 - [MESSAGE][PASSED] - Keyboard is hidden

2022-01-04 08:14:15 - [TEST_STEP][PASSED] - tap(LOGN_BtnLogin, 0): Tapped on element 'Object Repository/Mobile/Page/Login/Button - Login'

2022-01-04 08:14:15 - [MESSAGE][WARNING] - Timeout '0' is invalid. Using default page load timeout: '60'

2022-01-04 08:14:16 - [MESSAGE][PASSED] - Tapped on element 'Object Repository/Mobile/Page/Login/Button - Login'

2022-01-04 08:14:16 - [TEST_STEP][PASSED] - delay(2): Delayed 2 second(s)

2022-01-04 08:14:18 - [MESSAGE][PASSED] - Delayed 2 second(s)

2022-01-04 08:14:18 - [TEST_STEP][PASSED] - break: null

2022-01-04 08:14:18 - [MESSAGE][PASSED] - Call Test Case 'Test Cases/Mobile/Page/Login/Login' successfully

2022-01-04 08:14:18 - [MESSAGE][PASSED] - Call Test Case 'Test Cases/Mobile/Page/CheckLogin' successfully

2022-01-04 08:14:18 - [TEST_STEP][PASSED] - delay(3): Delayed 3 second(s)

2022-01-04 08:14:21 - [MESSAGE][PASSED] - Delayed 3 second(s)

2022-01-04 08:14:21 - [TEST_STEP][PASSED] - scroll.scroll.scrollScreenLeftToRight(): scroll.scroll.scrollScreenLeftToRight is PASSED

2022-01-04 08:14:21 - [MESSAGE][PASSED] - Current device physical height is 1423

2022-01-04 08:14:22 - [MESSAGE][PASSED] - Current device physical width is 720

2022-01-04 08:14:22 - [MESSAGE][PASSED] - Current device physical height is 1423

2022-01-04 08:14:23 - [MESSAGE][PASSED] - Swiped from 10,711 to 710,711

2022-01-04 08:14:23 - [MESSAGE][PASSED] - scroll.scroll.scrollScreenLeftToRight is PASSED

2022-01-04 08:14:23 - [TEST_STEP][PASSED] - delay(1): Delayed 1 second(s)

2022-01-04 08:14:24 - [MESSAGE][PASSED] - Delayed 1 second(s)

2022-01-04 08:14:24 - [TEST_STEP][PASSED] - for ([i = 0, i < 1, (i++)]): Press back button successfully

2022-01-04 08:14:24 - [TEST_STEP][PASSED] - if (action == "downloadtaxreport"): Press back button successfully

2022-01-04 08:14:24 - [TEST_STEP][PASSED] - taxreport = NAVM_ContYearlyTaxReport: null

2022-01-04 08:14:24 - [TEST_STEP][PASSED] - top = getElementTopPosition(taxreport, 0): Object 'Object Repository/Mobile/Page/NavigationMenu/Container - Yearly Tax Report' has top position '309'

2022-01-04 08:14:24 - [MESSAGE][WARNING] - Timeout '0' is invalid. Using default page load timeout: '60'

2022-01-04 08:14:25 - [MESSAGE][PASSED] - Object 'Object Repository/Mobile/Page/NavigationMenu/Container - Yearly Tax Report' has top position '309'

2022-01-04 08:14:25 - [TEST_STEP][PASSED] - y = getElementHeight(taxreport, 0) * 0.8 + top: Object 'Object Repository/Mobile/Page/NavigationMenu/Container - Yearly Tax Report' has height: '119'

2022-01-04 08:14:25 - [MESSAGE][WARNING] - Timeout '0' is invalid. Using default page load timeout: '60'

2022-01-04 08:14:25 - [MESSAGE][PASSED] - Object 'Object Repository/Mobile/Page/NavigationMenu/Container - Yearly Tax Report' has height: '119'

2022-01-04 08:14:25 - [TEST_STEP][PASSED] - x = getDeviceWidth() * 0.2: Current device physical width is 720

2022-01-04 08:14:25 - [MESSAGE][PASSED] - Current device physical width is 720

2022-01-04 08:14:25 - [TEST_STEP][PASSED] - tapAtPosition(x, y): Tapped at [144, 404]

2022-01-04 08:14:26 - [MESSAGE][PASSED] - Tapped at [144, 404]

2022-01-04 08:14:26 - [TEST_STEP][PASSED] - delay(5): Delayed 5 second(s)

2022-01-04 08:14:31 - [MESSAGE][PASSED] - Delayed 5 second(s)

2022-01-04 08:14:31 - [TEST_STEP][PASSED] - pressBack(): Press back button successfully

2022-01-04 08:14:31 - [MESSAGE][PASSED] - Press back button successfully

2022-01-04 08:14:31 - [MESSAGE][PASSED] - Call Test Case 'Test Cases/Mobile/Page/NavigationMenu/NavigationMenu' successfully

2022-01-04 08:14:31 - [TEST_STEP][PASSED] - callTestCase(findTestCase("Mobile/Page/Run App/Terminate App"), [:], STOP_ON_FAILURE): Call Test Case 'Test Cases/Mobile/Page/Run App/Terminate App' successfully

2022-01-04 08:14:31 - [TEST_CASE][PASSED] - Test Cases/Mobile/Page/Run App/Terminate App: Test Cases/Mobile/Page/Run App/Terminate App

2022-01-04 08:14:32 - [TEST_STEP][PASSED] - startApp.OpenApp.terminateApplication(): startApp.OpenApp.terminateApplication is PASSED

2022-01-04 08:14:35 - [MESSAGE][PASSED] - Delayed 3 second(s)

2022-01-04 08:14:35 - [MESSAGE][PASSED] - Current device physical width is 720

2022-01-04 08:14:36 - [MESSAGE][PASSED] - Current device physical height is 1423

2022-01-04 08:14:37 - [MESSAGE][PASSED] - Swiped from 360,853 to 360,142

2022-01-04 08:14:38 - [MESSAGE][PASSED] - Delayed 1 second(s)

2022-01-04 08:14:40 - [MESSAGE][PASSED] - Swiped from 360,853 to 360,142

2022-01-04 08:14:43 - [MESSAGE][PASSED] - Delayed 3 second(s)

2022-01-04 08:14:43 - [MESSAGE][PASSED] - startApp.OpenApp.terminateApplication is PASSED

2022-01-04 08:14:43 - [MESSAGE][PASSED] - Call Test Case 'Test Cases/Mobile/Page/Run App/Terminate App' successfully]]></system-out>
         <system-err><![CDATA[]]></system-err>
      </testcase>
      <testcase name="Test Cases/Mobile/Scenario/NavigationMenu/002 - Risk Profile analysis" time="106.466" classname="Test Cases/Mobile/Scenario/NavigationMenu/002 - Risk Profile analysis" status="PASSED">
         <system-out><![CDATA[2022-01-04 08:14:43 - [TEST_CASE][PASSED] - Test Cases/Mobile/Scenario/NavigationMenu/002 - Risk Profile analysis: Test Cases/Mobile/Scenario/NavigationMenu/002 - Risk Profile analysis

2022-01-04 08:14:43 - [TEST_STEP][PASSED] - callTestCase(findTestCase("Mobile/Page/Run App/Run App byID"), [:], STOP_ON_FAILURE): Call Test Case 'Test Cases/Mobile/Page/Run App/Run App byID' successfully

2022-01-04 08:14:43 - [TEST_CASE][PASSED] - Test Cases/Mobile/Page/Run App/Run App byID: Test Cases/Mobile/Page/Run App/Run App byID

2022-01-04 08:14:43 - [TEST_STEP][PASSED] - startApp.OpenApp.startApplication("id.co.miraeasset.sageclub"): startApp.OpenApp.startApplication is PASSED

2022-01-04 08:14:58 - [MESSAGE][PASSED] - Starting app with application ID: 'id.co.miraeasset.sageclub'

2022-01-04 08:14:58 - [MESSAGE][PASSED] - startApp.OpenApp.startApplication is PASSED

2022-01-04 08:14:58 - [MESSAGE][PASSED] - Call Test Case 'Test Cases/Mobile/Page/Run App/Run App byID' successfully

2022-01-04 08:14:58 - [TEST_STEP][PASSED] - callTestCase(findTestCase("Mobile/Page/NavigationMenu/NavigationMenu"), ["action":"analyzeprofile"], CONTINUE_ON_FAILURE): Call Test Case 'Test Cases/Mobile/Page/NavigationMenu/NavigationMenu' successfully

2022-01-04 08:14:58 - [TEST_CASE][PASSED] - Test Cases/Mobile/Page/NavigationMenu/NavigationMenu: Test Cases/Mobile/Page/NavigationMenu/NavigationMenu

2022-01-04 08:14:58 - [TEST_STEP][PASSED] - callTestCase(findTestCase("Mobile/Page/CheckLogin"), [:], CONTINUE_ON_FAILURE): Call Test Case 'Test Cases/Mobile/Page/CheckLogin' successfully

2022-01-04 08:14:58 - [TEST_CASE][PASSED] - Test Cases/Mobile/Page/CheckLogin: Test Cases/Mobile/Page/CheckLogin

2022-01-04 08:14:58 - [TEST_STEP][PASSED] - loginCheck = verifyElementExist(LOGN_BtnLogin, 5, CONTINUE_ON_FAILURE): Element 'Object Repository/Mobile/Page/Login/Button - Login' is exist

2022-01-04 08:15:01 - [MESSAGE][PASSED] - Element 'Object Repository/Mobile/Page/Login/Button - Login' is exist

2022-01-04 08:15:01 - [TEST_STEP][PASSED] - if (loginCheck): Call Test Case 'Test Cases/Mobile/Page/Login/Login' successfully

2022-01-04 08:15:01 - [TEST_STEP][PASSED] - callTestCase(findTestCase("Mobile/Page/Login/Login"), ["action":"username"], CONTINUE_ON_FAILURE): Call Test Case 'Test Cases/Mobile/Page/Login/Login' successfully

2022-01-04 08:15:01 - [TEST_CASE][PASSED] - Test Cases/Mobile/Page/Login/Login: Test Cases/Mobile/Page/Login/Login

2022-01-04 08:15:01 - [TEST_STEP][PASSED] - delay(2): Delayed 2 second(s)

2022-01-04 08:15:03 - [MESSAGE][PASSED] - Delayed 2 second(s)

2022-01-04 08:15:03 - [TEST_STEP][PASSED] - for ([i = 0, i < 1, (i++)]): null

2022-01-04 08:15:03 - [TEST_STEP][PASSED] - if (action == "username"): null

2022-01-04 08:15:03 - [TEST_STEP][PASSED] - tap(LOGN_EdtUserID, 0): Tapped on element 'Object Repository/Mobile/Page/Login/Input - UserID'

2022-01-04 08:15:03 - [MESSAGE][WARNING] - Timeout '0' is invalid. Using default page load timeout: '60'

2022-01-04 08:15:03 - [MESSAGE][PASSED] - Tapped on element 'Object Repository/Mobile/Page/Login/Input - UserID'

2022-01-04 08:15:03 - [TEST_STEP][PASSED] - delay(1): Delayed 1 second(s)

2022-01-04 08:15:04 - [MESSAGE][PASSED] - Delayed 1 second(s)

2022-01-04 08:15:04 - [TEST_STEP][PASSED] - setText(LOGN_EdtRdyUserID, "anggaaditya", 0): Text 'anggaaditya' has been set to element 'Object Repository/Mobile/Page/Login/Input Rdy - UserID'

2022-01-04 08:15:04 - [MESSAGE][WARNING] - Timeout '0' is invalid. Using default page load timeout: '60'

2022-01-04 08:15:05 - [MESSAGE][PASSED] - Text 'anggaaditya' has been set to element 'Object Repository/Mobile/Page/Login/Input Rdy - UserID'

2022-01-04 08:15:05 - [TEST_STEP][PASSED] - delay(1): Delayed 1 second(s)

2022-01-04 08:15:06 - [MESSAGE][PASSED] - Delayed 1 second(s)

2022-01-04 08:15:06 - [TEST_STEP][PASSED] - hideKeyboard(): Keyboard is hidden

2022-01-04 08:15:10 - [MESSAGE][PASSED] - Keyboard is hidden

2022-01-04 08:15:10 - [TEST_STEP][PASSED] - tap(LOGN_EdtPassword, 0): Tapped on element 'Object Repository/Mobile/Page/Login/Input - Password'

2022-01-04 08:15:10 - [MESSAGE][WARNING] - Timeout '0' is invalid. Using default page load timeout: '60'

2022-01-04 08:15:11 - [MESSAGE][PASSED] - Tapped on element 'Object Repository/Mobile/Page/Login/Input - Password'

2022-01-04 08:15:11 - [TEST_STEP][PASSED] - delay(1): Delayed 1 second(s)

2022-01-04 08:15:12 - [MESSAGE][PASSED] - Delayed 1 second(s)

2022-01-04 08:15:12 - [TEST_STEP][PASSED] - setText(LOGN_EdtRdyPassword, "Shalawa18", 0): Text 'Shalawa18' has been set to element 'Object Repository/Mobile/Page/Login/Input Rdy - Password'

2022-01-04 08:15:12 - [MESSAGE][WARNING] - Timeout '0' is invalid. Using default page load timeout: '60'

2022-01-04 08:15:12 - [MESSAGE][PASSED] - Text 'Shalawa18' has been set to element 'Object Repository/Mobile/Page/Login/Input Rdy - Password'

2022-01-04 08:15:12 - [TEST_STEP][PASSED] - delay(1): Delayed 1 second(s)

2022-01-04 08:15:13 - [MESSAGE][PASSED] - Delayed 1 second(s)

2022-01-04 08:15:13 - [TEST_STEP][PASSED] - hideKeyboard(): Keyboard is hidden

2022-01-04 08:15:20 - [MESSAGE][PASSED] - Keyboard is hidden

2022-01-04 08:15:20 - [TEST_STEP][PASSED] - tap(LOGN_BtnLogin, 0): Tapped on element 'Object Repository/Mobile/Page/Login/Button - Login'

2022-01-04 08:15:20 - [MESSAGE][WARNING] - Timeout '0' is invalid. Using default page load timeout: '60'

2022-01-04 08:15:21 - [MESSAGE][PASSED] - Tapped on element 'Object Repository/Mobile/Page/Login/Button - Login'

2022-01-04 08:15:21 - [TEST_STEP][PASSED] - delay(2): Delayed 2 second(s)

2022-01-04 08:15:23 - [MESSAGE][PASSED] - Delayed 2 second(s)

2022-01-04 08:15:23 - [TEST_STEP][PASSED] - break: null

2022-01-04 08:15:23 - [MESSAGE][PASSED] - Call Test Case 'Test Cases/Mobile/Page/Login/Login' successfully

2022-01-04 08:15:23 - [MESSAGE][PASSED] - Call Test Case 'Test Cases/Mobile/Page/CheckLogin' successfully

2022-01-04 08:15:23 - [TEST_STEP][PASSED] - delay(3): Delayed 3 second(s)

2022-01-04 08:15:26 - [MESSAGE][PASSED] - Delayed 3 second(s)

2022-01-04 08:15:26 - [TEST_STEP][PASSED] - scroll.scroll.scrollScreenLeftToRight(): scroll.scroll.scrollScreenLeftToRight is PASSED

2022-01-04 08:15:26 - [MESSAGE][PASSED] - Current device physical height is 1423

2022-01-04 08:15:26 - [MESSAGE][PASSED] - Current device physical width is 720

2022-01-04 08:15:27 - [MESSAGE][PASSED] - Current device physical height is 1423

2022-01-04 08:15:28 - [MESSAGE][PASSED] - Swiped from 10,711 to 710,711

2022-01-04 08:15:28 - [MESSAGE][PASSED] - scroll.scroll.scrollScreenLeftToRight is PASSED

2022-01-04 08:15:28 - [TEST_STEP][PASSED] - delay(1): Delayed 1 second(s)

2022-01-04 08:15:29 - [MESSAGE][PASSED] - Delayed 1 second(s)

2022-01-04 08:15:29 - [TEST_STEP][FAILED] - for ([i = 0, i < 1, (i++)]): null

2022-01-04 08:15:29 - [TEST_STEP][PASSED] - if (action == "downloadtaxreport"): null

2022-01-04 08:15:29 - [TEST_STEP][FAILED] - else if (action == "analyzeprofile"): null

2022-01-04 08:15:29 - [TEST_STEP][PASSED] - risk = NAVM_ContRiskProfile: null

2022-01-04 08:15:29 - [TEST_STEP][PASSED] - top = getElementTopPosition(risk, 0): Object 'Object Repository/Mobile/Page/NavigationMenu/Container - Risk Profile' has top position '463'

2022-01-04 08:15:29 - [MESSAGE][WARNING] - Timeout '0' is invalid. Using default page load timeout: '60'

2022-01-04 08:15:29 - [MESSAGE][PASSED] - Object 'Object Repository/Mobile/Page/NavigationMenu/Container - Risk Profile' has top position '463'

2022-01-04 08:15:29 - [TEST_STEP][PASSED] - y = getElementHeight(risk, 0) * 0.8 + top: Object 'Object Repository/Mobile/Page/NavigationMenu/Container - Risk Profile' has height: '119'

2022-01-04 08:15:29 - [MESSAGE][WARNING] - Timeout '0' is invalid. Using default page load timeout: '60'

2022-01-04 08:15:30 - [MESSAGE][PASSED] - Object 'Object Repository/Mobile/Page/NavigationMenu/Container - Risk Profile' has height: '119'

2022-01-04 08:15:30 - [TEST_STEP][PASSED] - x = getDeviceWidth() * 0.2: Current device physical width is 720

2022-01-04 08:15:31 - [MESSAGE][PASSED] - Current device physical width is 720

2022-01-04 08:15:31 - [TEST_STEP][PASSED] - tapAtPosition(x, y): Tapped at [144, 558]

2022-01-04 08:15:31 - [MESSAGE][PASSED] - Tapped at [144, 558]

2022-01-04 08:15:31 - [TEST_STEP][PASSED] - delay(1): Delayed 1 second(s)

2022-01-04 08:15:32 - [MESSAGE][PASSED] - Delayed 1 second(s)

2022-01-04 08:15:32 - [TEST_STEP][FAILED] - try: Failed to check for element 'Object Repository/Mobile/Page/NavigationMenu/Container - Risk Profile' exist (Root cause: com.kms.katalon.core.exception.StepFailedException: Element 'Object Repository/Mobile/Page/NavigationMenu/Container - Risk Profile' not found
	at com.kms.katalon.core.keyword.internal.KeywordMain.stepFailed(KeywordMain.groovy:50)
	at com.kms.katalon.core.mobile.keyword.internal.MobileKeywordMain.stepFailed(MobileKeywordMain.groovy:40)
	at com.kms.katalon.core.mobile.keyword.builtin.VerifyElementExistKeyword$_verifyElementExist_closure1.doCall(VerifyElementExistKeyword.groovy:77)
	at com.kms.katalon.core.mobile.keyword.builtin.VerifyElementExistKeyword$_verifyElementExist_closure1.call(VerifyElementExistKeyword.groovy)
	at com.kms.katalon.core.mobile.keyword.internal.MobileKeywordMain.runKeyword(MobileKeywordMain.groovy:21)
	at com.kms.katalon.core.mobile.keyword.builtin.VerifyElementExistKeyword.verifyElementExist(VerifyElementExistKeyword.groovy:80)
	at com.kms.katalon.core.mobile.keyword.builtin.VerifyElementExistKeyword.execute(VerifyElementExistKeyword.groovy:64)
	at com.kms.katalon.core.keyword.internal.KeywordExecutor.executeKeywordForPlatform(KeywordExecutor.groovy:73)
	at com.kms.katalon.core.mobile.keyword.MobileBuiltInKeywords.verifyElementExist(MobileBuiltInKeywords.groovy:1586)
	at com.kms.katalon.core.mobile.keyword.MobileBuiltInKeywords$verifyElementExist$11.call(Unknown Source)
	at NavigationMenu.run(NavigationMenu:51)
	at com.kms.katalon.core.main.ScriptEngine.run(ScriptEngine.java:194)
	at com.kms.katalon.core.main.ScriptEngine.runScriptAsRawText(ScriptEngine.java:119)
	at com.kms.katalon.core.main.TestCaseExecutor.runScript(TestCaseExecutor.java:398)
	at com.kms.katalon.core.main.TestCaseExecutor.doExecute(TestCaseExecutor.java:389)
	at com.kms.katalon.core.main.TestCaseExecutor.processExecutionPhase(TestCaseExecutor.java:368)
	at com.kms.katalon.core.main.TestCaseExecutor.accessMainPhase(TestCaseExecutor.java:360)
	at com.kms.katalon.core.main.TestCaseExecutor.execute(TestCaseExecutor.java:255)
	at com.kms.katalon.core.main.TestCaseMain.runTestCase(TestCaseMain.java:114)
	at com.kms.katalon.core.keyword.builtin.CallTestCaseKeyword$_callTestCase_closure1.doCall(CallTestCaseKeyword.groovy:59)
	at com.kms.katalon.core.keyword.builtin.CallTestCaseKeyword$_callTestCase_closure1.call(CallTestCaseKeyword.groovy)
	at com.kms.katalon.core.keyword.internal.KeywordMain.runKeyword(KeywordMain.groovy:68)
	at com.kms.katalon.core.keyword.builtin.CallTestCaseKeyword.callTestCase(CallTestCaseKeyword.groovy:81)
	at com.kms.katalon.core.keyword.builtin.CallTestCaseKeyword.execute(CallTestCaseKeyword.groovy:44)
	at com.kms.katalon.core.keyword.internal.KeywordExecutor.executeKeywordForPlatform(KeywordExecutor.groovy:73)
	at com.kms.katalon.core.keyword.BuiltinKeywords.callTestCase(BuiltinKeywords.groovy:334)
	at 002 - Risk Profile analysis.run(002 - Risk Profile analysis:22)
	at com.kms.katalon.core.main.ScriptEngine.run(ScriptEngine.java:194)
	at com.kms.katalon.core.main.ScriptEngine.runScriptAsRawText(ScriptEngine.java:119)
	at com.kms.katalon.core.main.TestCaseExecutor.runScript(TestCaseExecutor.java:398)
	at com.kms.katalon.core.main.TestCaseExecutor.doExecute(TestCaseExecutor.java:389)
	at com.kms.katalon.core.main.TestCaseExecutor.processExecutionPhase(TestCaseExecutor.java:368)
	at com.kms.katalon.core.main.TestCaseExecutor.accessMainPhase(TestCaseExecutor.java:360)
	at com.kms.katalon.core.main.TestCaseExecutor.execute(TestCaseExecutor.java:255)
	at com.kms.katalon.core.main.TestSuiteExecutor.accessTestCaseMainPhase(TestSuiteExecutor.java:203)
	at com.kms.katalon.core.main.TestSuiteExecutor.accessTestSuiteMainPhase(TestSuiteExecutor.java:152)
	at com.kms.katalon.core.main.TestSuiteExecutor.execute(TestSuiteExecutor.java:95)
	at com.kms.katalon.core.main.TestCaseMain.startTestSuite(TestCaseMain.java:157)
	at com.kms.katalon.core.main.TestCaseMain$startTestSuite$0.call(Unknown Source)
	at TempTestSuite1641257219404.run(TempTestSuite1641257219404.groovy:39)
)

2022-01-04 08:15:32 - [TEST_STEP][FAILED] - for ([j = 1, j <= 5, (j++)]): Failed to check for element 'Object Repository/Mobile/Page/NavigationMenu/Container - Risk Profile' exist (Root cause: com.kms.katalon.core.exception.StepFailedException: Element 'Object Repository/Mobile/Page/NavigationMenu/Container - Risk Profile' not found
	at com.kms.katalon.core.keyword.internal.KeywordMain.stepFailed(KeywordMain.groovy:50)
	at com.kms.katalon.core.mobile.keyword.internal.MobileKeywordMain.stepFailed(MobileKeywordMain.groovy:40)
	at com.kms.katalon.core.mobile.keyword.builtin.VerifyElementExistKeyword$_verifyElementExist_closure1.doCall(VerifyElementExistKeyword.groovy:77)
	at com.kms.katalon.core.mobile.keyword.builtin.VerifyElementExistKeyword$_verifyElementExist_closure1.call(VerifyElementExistKeyword.groovy)
	at com.kms.katalon.core.mobile.keyword.internal.MobileKeywordMain.runKeyword(MobileKeywordMain.groovy:21)
	at com.kms.katalon.core.mobile.keyword.builtin.VerifyElementExistKeyword.verifyElementExist(VerifyElementExistKeyword.groovy:80)
	at com.kms.katalon.core.mobile.keyword.builtin.VerifyElementExistKeyword.execute(VerifyElementExistKeyword.groovy:64)
	at com.kms.katalon.core.keyword.internal.KeywordExecutor.executeKeywordForPlatform(KeywordExecutor.groovy:73)
	at com.kms.katalon.core.mobile.keyword.MobileBuiltInKeywords.verifyElementExist(MobileBuiltInKeywords.groovy:1586)
	at com.kms.katalon.core.mobile.keyword.MobileBuiltInKeywords$verifyElementExist$11.call(Unknown Source)
	at NavigationMenu.run(NavigationMenu:51)
	at com.kms.katalon.core.main.ScriptEngine.run(ScriptEngine.java:194)
	at com.kms.katalon.core.main.ScriptEngine.runScriptAsRawText(ScriptEngine.java:119)
	at com.kms.katalon.core.main.TestCaseExecutor.runScript(TestCaseExecutor.java:398)
	at com.kms.katalon.core.main.TestCaseExecutor.doExecute(TestCaseExecutor.java:389)
	at com.kms.katalon.core.main.TestCaseExecutor.processExecutionPhase(TestCaseExecutor.java:368)
	at com.kms.katalon.core.main.TestCaseExecutor.accessMainPhase(TestCaseExecutor.java:360)
	at com.kms.katalon.core.main.TestCaseExecutor.execute(TestCaseExecutor.java:255)
	at com.kms.katalon.core.main.TestCaseMain.runTestCase(TestCaseMain.java:114)
	at com.kms.katalon.core.keyword.builtin.CallTestCaseKeyword$_callTestCase_closure1.doCall(CallTestCaseKeyword.groovy:59)
	at com.kms.katalon.core.keyword.builtin.CallTestCaseKeyword$_callTestCase_closure1.call(CallTestCaseKeyword.groovy)
	at com.kms.katalon.core.keyword.internal.KeywordMain.runKeyword(KeywordMain.groovy:68)
	at com.kms.katalon.core.keyword.builtin.CallTestCaseKeyword.callTestCase(CallTestCaseKeyword.groovy:81)
	at com.kms.katalon.core.keyword.builtin.CallTestCaseKeyword.execute(CallTestCaseKeyword.groovy:44)
	at com.kms.katalon.core.keyword.internal.KeywordExecutor.executeKeywordForPlatform(KeywordExecutor.groovy:73)
	at com.kms.katalon.core.keyword.BuiltinKeywords.callTestCase(BuiltinKeywords.groovy:334)
	at 002 - Risk Profile analysis.run(002 - Risk Profile analysis:22)
	at com.kms.katalon.core.main.ScriptEngine.run(ScriptEngine.java:194)
	at com.kms.katalon.core.main.ScriptEngine.runScriptAsRawText(ScriptEngine.java:119)
	at com.kms.katalon.core.main.TestCaseExecutor.runScript(TestCaseExecutor.java:398)
	at com.kms.katalon.core.main.TestCaseExecutor.doExecute(TestCaseExecutor.java:389)
	at com.kms.katalon.core.main.TestCaseExecutor.processExecutionPhase(TestCaseExecutor.java:368)
	at com.kms.katalon.core.main.TestCaseExecutor.accessMainPhase(TestCaseExecutor.java:360)
	at com.kms.katalon.core.main.TestCaseExecutor.execute(TestCaseExecutor.java:255)
	at com.kms.katalon.core.main.TestSuiteExecutor.accessTestCaseMainPhase(TestSuiteExecutor.java:203)
	at com.kms.katalon.core.main.TestSuiteExecutor.accessTestSuiteMainPhase(TestSuiteExecutor.java:152)
	at com.kms.katalon.core.main.TestSuiteExecutor.execute(TestSuiteExecutor.java:95)
	at com.kms.katalon.core.main.TestCaseMain.startTestSuite(TestCaseMain.java:157)
	at com.kms.katalon.core.main.TestCaseMain$startTestSuite$0.call(Unknown Source)
	at TempTestSuite1641257219404.run(TempTestSuite1641257219404.groovy:39)
)

2022-01-04 08:15:32 - [TEST_STEP][PASSED] - bestsuited = verifyElementExist(NAVM_ContRiskProfile, 2): Element 'Object Repository/Mobile/Page/NavigationMenu/Container - Risk Profile' is exist

2022-01-04 08:15:33 - [MESSAGE][PASSED] - Element 'Object Repository/Mobile/Page/NavigationMenu/Container - Risk Profile' is exist

2022-01-04 08:15:33 - [TEST_STEP][PASSED] - if (!(bestsuited)): null

2022-01-04 08:15:33 - [TEST_STEP][PASSED] - x = getDeviceWidth() * 0.2 * j: Current device physical width is 720

2022-01-04 08:15:33 - [MESSAGE][PASSED] - Current device physical width is 720

2022-01-04 08:15:33 - [TEST_STEP][PASSED] - tapAtPosition(x, y): Tapped at [144, 558]

2022-01-04 08:15:33 - [MESSAGE][PASSED] - Tapped at [144, 558]

2022-01-04 08:15:33 - [TEST_STEP][PASSED] - delay(1): Delayed 1 second(s)

2022-01-04 08:15:34 - [MESSAGE][PASSED] - Delayed 1 second(s)

2022-01-04 08:15:34 - [TEST_STEP][PASSED] - bestsuited = verifyElementExist(NAVM_ContRiskProfile, 2): Element 'Object Repository/Mobile/Page/NavigationMenu/Container - Risk Profile' is exist

2022-01-04 08:15:35 - [MESSAGE][PASSED] - Element 'Object Repository/Mobile/Page/NavigationMenu/Container - Risk Profile' is exist

2022-01-04 08:15:35 - [TEST_STEP][PASSED] - if (!(bestsuited)): null

2022-01-04 08:15:35 - [TEST_STEP][PASSED] - x = getDeviceWidth() * 0.2 * j: Current device physical width is 720

2022-01-04 08:15:35 - [MESSAGE][PASSED] - Current device physical width is 720

2022-01-04 08:15:35 - [TEST_STEP][PASSED] - tapAtPosition(x, y): Tapped at [288, 558]

2022-01-04 08:15:35 - [MESSAGE][PASSED] - Tapped at [288, 558]

2022-01-04 08:15:35 - [TEST_STEP][PASSED] - delay(1): Delayed 1 second(s)

2022-01-04 08:15:36 - [MESSAGE][PASSED] - Delayed 1 second(s)

2022-01-04 08:15:36 - [TEST_STEP][PASSED] - bestsuited = verifyElementExist(NAVM_ContRiskProfile, 2): Element 'Object Repository/Mobile/Page/NavigationMenu/Container - Risk Profile' is exist

2022-01-04 08:15:37 - [MESSAGE][PASSED] - Element 'Object Repository/Mobile/Page/NavigationMenu/Container - Risk Profile' is exist

2022-01-04 08:15:37 - [TEST_STEP][PASSED] - if (!(bestsuited)): null

2022-01-04 08:15:37 - [TEST_STEP][PASSED] - x = getDeviceWidth() * 0.2 * j: Current device physical width is 720

2022-01-04 08:15:37 - [MESSAGE][PASSED] - Current device physical width is 720

2022-01-04 08:15:37 - [TEST_STEP][PASSED] - tapAtPosition(x, y): Tapped at [432, 558]

2022-01-04 08:15:37 - [MESSAGE][PASSED] - Tapped at [432, 558]

2022-01-04 08:15:37 - [TEST_STEP][PASSED] - delay(1): Delayed 1 second(s)

2022-01-04 08:15:38 - [MESSAGE][PASSED] - Delayed 1 second(s)

2022-01-04 08:15:38 - [TEST_STEP][FAILED] - bestsuited = verifyElementExist(NAVM_ContRiskProfile, 2): Failed to check for element 'Object Repository/Mobile/Page/NavigationMenu/Container - Risk Profile' exist (Root cause: com.kms.katalon.core.exception.StepFailedException: Element 'Object Repository/Mobile/Page/NavigationMenu/Container - Risk Profile' not found
	at com.kms.katalon.core.keyword.internal.KeywordMain.stepFailed(KeywordMain.groovy:50)
	at com.kms.katalon.core.mobile.keyword.internal.MobileKeywordMain.stepFailed(MobileKeywordMain.groovy:40)
	at com.kms.katalon.core.mobile.keyword.builtin.VerifyElementExistKeyword$_verifyElementExist_closure1.doCall(VerifyElementExistKeyword.groovy:77)
	at com.kms.katalon.core.mobile.keyword.builtin.VerifyElementExistKeyword$_verifyElementExist_closure1.call(VerifyElementExistKeyword.groovy)
	at com.kms.katalon.core.mobile.keyword.internal.MobileKeywordMain.runKeyword(MobileKeywordMain.groovy:21)
	at com.kms.katalon.core.mobile.keyword.builtin.VerifyElementExistKeyword.verifyElementExist(VerifyElementExistKeyword.groovy:80)
	at com.kms.katalon.core.mobile.keyword.builtin.VerifyElementExistKeyword.execute(VerifyElementExistKeyword.groovy:64)
	at com.kms.katalon.core.keyword.internal.KeywordExecutor.executeKeywordForPlatform(KeywordExecutor.groovy:73)
	at com.kms.katalon.core.mobile.keyword.MobileBuiltInKeywords.verifyElementExist(MobileBuiltInKeywords.groovy:1586)
	at com.kms.katalon.core.mobile.keyword.MobileBuiltInKeywords$verifyElementExist$11.call(Unknown Source)
	at NavigationMenu.run(NavigationMenu:51)
	at com.kms.katalon.core.main.ScriptEngine.run(ScriptEngine.java:194)
	at com.kms.katalon.core.main.ScriptEngine.runScriptAsRawText(ScriptEngine.java:119)
	at com.kms.katalon.core.main.TestCaseExecutor.runScript(TestCaseExecutor.java:398)
	at com.kms.katalon.core.main.TestCaseExecutor.doExecute(TestCaseExecutor.java:389)
	at com.kms.katalon.core.main.TestCaseExecutor.processExecutionPhase(TestCaseExecutor.java:368)
	at com.kms.katalon.core.main.TestCaseExecutor.accessMainPhase(TestCaseExecutor.java:360)
	at com.kms.katalon.core.main.TestCaseExecutor.execute(TestCaseExecutor.java:255)
	at com.kms.katalon.core.main.TestCaseMain.runTestCase(TestCaseMain.java:114)
	at com.kms.katalon.core.keyword.builtin.CallTestCaseKeyword$_callTestCase_closure1.doCall(CallTestCaseKeyword.groovy:59)
	at com.kms.katalon.core.keyword.builtin.CallTestCaseKeyword$_callTestCase_closure1.call(CallTestCaseKeyword.groovy)
	at com.kms.katalon.core.keyword.internal.KeywordMain.runKeyword(KeywordMain.groovy:68)
	at com.kms.katalon.core.keyword.builtin.CallTestCaseKeyword.callTestCase(CallTestCaseKeyword.groovy:81)
	at com.kms.katalon.core.keyword.builtin.CallTestCaseKeyword.execute(CallTestCaseKeyword.groovy:44)
	at com.kms.katalon.core.keyword.internal.KeywordExecutor.executeKeywordForPlatform(KeywordExecutor.groovy:73)
	at com.kms.katalon.core.keyword.BuiltinKeywords.callTestCase(BuiltinKeywords.groovy:334)
	at 002 - Risk Profile analysis.run(002 - Risk Profile analysis:22)
	at com.kms.katalon.core.main.ScriptEngine.run(ScriptEngine.java:194)
	at com.kms.katalon.core.main.ScriptEngine.runScriptAsRawText(ScriptEngine.java:119)
	at com.kms.katalon.core.main.TestCaseExecutor.runScript(TestCaseExecutor.java:398)
	at com.kms.katalon.core.main.TestCaseExecutor.doExecute(TestCaseExecutor.java:389)
	at com.kms.katalon.core.main.TestCaseExecutor.processExecutionPhase(TestCaseExecutor.java:368)
	at com.kms.katalon.core.main.TestCaseExecutor.accessMainPhase(TestCaseExecutor.java:360)
	at com.kms.katalon.core.main.TestCaseExecutor.execute(TestCaseExecutor.java:255)
	at com.kms.katalon.core.main.TestSuiteExecutor.accessTestCaseMainPhase(TestSuiteExecutor.java:203)
	at com.kms.katalon.core.main.TestSuiteExecutor.accessTestSuiteMainPhase(TestSuiteExecutor.java:152)
	at com.kms.katalon.core.main.TestSuiteExecutor.execute(TestSuiteExecutor.java:95)
	at com.kms.katalon.core.main.TestCaseMain.startTestSuite(TestCaseMain.java:157)
	at com.kms.katalon.core.main.TestCaseMain$startTestSuite$0.call(Unknown Source)
	at TempTestSuite1641257219404.run(TempTestSuite1641257219404.groovy:39)
)

2022-01-04 08:15:41 - [MESSAGE][FAILED] - Element 'Object Repository/Mobile/Page/NavigationMenu/Container - Risk Profile' not found
[[ATTACHMENT|C:\\Users\\Owner\\Documents\\kerjaan\\KatalonProject\\qa_katalon_pwm\\qa_katalon_pwm\\Reports\\20220104_074645\\navigationmenu\\20220104_074659\\1641258940743.png]]

2022-01-04 08:15:42 - [MESSAGE][FAILED] - Failed to check for element 'Object Repository/Mobile/Page/NavigationMenu/Container - Risk Profile' exist (Root cause: com.kms.katalon.core.exception.StepFailedException: Element 'Object Repository/Mobile/Page/NavigationMenu/Container - Risk Profile' not found
	at com.kms.katalon.core.keyword.internal.KeywordMain.stepFailed(KeywordMain.groovy:50)
	at com.kms.katalon.core.mobile.keyword.internal.MobileKeywordMain.stepFailed(MobileKeywordMain.groovy:40)
	at com.kms.katalon.core.mobile.keyword.builtin.VerifyElementExistKeyword$_verifyElementExist_closure1.doCall(VerifyElementExistKeyword.groovy:77)
	at com.kms.katalon.core.mobile.keyword.builtin.VerifyElementExistKeyword$_verifyElementExist_closure1.call(VerifyElementExistKeyword.groovy)
	at com.kms.katalon.core.mobile.keyword.internal.MobileKeywordMain.runKeyword(MobileKeywordMain.groovy:21)
	at com.kms.katalon.core.mobile.keyword.builtin.VerifyElementExistKeyword.verifyElementExist(VerifyElementExistKeyword.groovy:80)
	at com.kms.katalon.core.mobile.keyword.builtin.VerifyElementExistKeyword.execute(VerifyElementExistKeyword.groovy:64)
	at com.kms.katalon.core.keyword.internal.KeywordExecutor.executeKeywordForPlatform(KeywordExecutor.groovy:73)
	at com.kms.katalon.core.mobile.keyword.MobileBuiltInKeywords.verifyElementExist(MobileBuiltInKeywords.groovy:1586)
	at com.kms.katalon.core.mobile.keyword.MobileBuiltInKeywords$verifyElementExist$11.call(Unknown Source)
	at NavigationMenu.run(NavigationMenu:51)
	at com.kms.katalon.core.main.ScriptEngine.run(ScriptEngine.java:194)
	at com.kms.katalon.core.main.ScriptEngine.runScriptAsRawText(ScriptEngine.java:119)
	at com.kms.katalon.core.main.TestCaseExecutor.runScript(TestCaseExecutor.java:398)
	at com.kms.katalon.core.main.TestCaseExecutor.doExecute(TestCaseExecutor.java:389)
	at com.kms.katalon.core.main.TestCaseExecutor.processExecutionPhase(TestCaseExecutor.java:368)
	at com.kms.katalon.core.main.TestCaseExecutor.accessMainPhase(TestCaseExecutor.java:360)
	at com.kms.katalon.core.main.TestCaseExecutor.execute(TestCaseExecutor.java:255)
	at com.kms.katalon.core.main.TestCaseMain.runTestCase(TestCaseMain.java:114)
	at com.kms.katalon.core.keyword.builtin.CallTestCaseKeyword$_callTestCase_closure1.doCall(CallTestCaseKeyword.groovy:59)
	at com.kms.katalon.core.keyword.builtin.CallTestCaseKeyword$_callTestCase_closure1.call(CallTestCaseKeyword.groovy)
	at com.kms.katalon.core.keyword.internal.KeywordMain.runKeyword(KeywordMain.groovy:68)
	at com.kms.katalon.core.keyword.builtin.CallTestCaseKeyword.callTestCase(CallTestCaseKeyword.groovy:81)
	at com.kms.katalon.core.keyword.builtin.CallTestCaseKeyword.execute(CallTestCaseKeyword.groovy:44)
	at com.kms.katalon.core.keyword.internal.KeywordExecutor.executeKeywordForPlatform(KeywordExecutor.groovy:73)
	at com.kms.katalon.core.keyword.BuiltinKeywords.callTestCase(BuiltinKeywords.groovy:334)
	at 002 - Risk Profile analysis.run(002 - Risk Profile analysis:22)
	at com.kms.katalon.core.main.ScriptEngine.run(ScriptEngine.java:194)
	at com.kms.katalon.core.main.ScriptEngine.runScriptAsRawText(ScriptEngine.java:119)
	at com.kms.katalon.core.main.TestCaseExecutor.runScript(TestCaseExecutor.java:398)
	at com.kms.katalon.core.main.TestCaseExecutor.doExecute(TestCaseExecutor.java:389)
	at com.kms.katalon.core.main.TestCaseExecutor.processExecutionPhase(TestCaseExecutor.java:368)
	at com.kms.katalon.core.main.TestCaseExecutor.accessMainPhase(TestCaseExecutor.java:360)
	at com.kms.katalon.core.main.TestCaseExecutor.execute(TestCaseExecutor.java:255)
	at com.kms.katalon.core.main.TestSuiteExecutor.accessTestCaseMainPhase(TestSuiteExecutor.java:203)
	at com.kms.katalon.core.main.TestSuiteExecutor.accessTestSuiteMainPhase(TestSuiteExecutor.java:152)
	at com.kms.katalon.core.main.TestSuiteExecutor.execute(TestSuiteExecutor.java:95)
	at com.kms.katalon.core.main.TestCaseMain.startTestSuite(TestCaseMain.java:157)
	at com.kms.katalon.core.main.TestCaseMain$startTestSuite$0.call(Unknown Source)
	at TempTestSuite1641257219404.run(TempTestSuite1641257219404.groovy:39)
)
[[ATTACHMENT|C:\\Users\\Owner\\Documents\\kerjaan\\KatalonProject\\qa_katalon_pwm\\qa_katalon_pwm\\Reports\\20220104_074645\\navigationmenu\\20220104_074659\\1641258941636.png]]

2022-01-04 08:15:42 - [TEST_STEP][PASSED] - catch (Exception e): null

2022-01-04 08:15:42 - [TEST_STEP][PASSED] - rand = new java.util.Random(): null

2022-01-04 08:15:42 - [TEST_STEP][PASSED] - random = rand.nextInt(2): null

2022-01-04 08:15:42 - [TEST_STEP][PASSED] - positionclick.positionclick.clickButtonInBottom(NAVM_RISK_DropHowLong): positionclick.positionclick.clickButtonInBottom is PASSED

2022-01-04 08:15:42 - [MESSAGE][PASSED] - Current device physical width is 720

2022-01-04 08:15:42 - [MESSAGE][WARNING] - Timeout '0' is invalid. Using default page load timeout: '60'

2022-01-04 08:15:43 - [MESSAGE][PASSED] - Object 'Object Repository/Mobile/Page/NavigationMenu/Risk Profile/Dropdown - How Long' has top position '151'

2022-01-04 08:15:43 - [MESSAGE][WARNING] - Timeout '0' is invalid. Using default page load timeout: '60'

2022-01-04 08:15:43 - [MESSAGE][PASSED] - Object 'Object Repository/Mobile/Page/NavigationMenu/Risk Profile/Dropdown - How Long' has height: '126'

2022-01-04 08:15:44 - [MESSAGE][PASSED] - Tapped at [360, 251]

2022-01-04 08:15:44 - [MESSAGE][PASSED] - positionclick.positionclick.clickButtonInBottom is PASSED

2022-01-04 08:15:44 - [TEST_STEP][PASSED] - delay(1): Delayed 1 second(s)

2022-01-04 08:15:45 - [MESSAGE][PASSED] - Delayed 1 second(s)

2022-01-04 08:15:45 - [TEST_STEP][PASSED] - if (random == 0): null

2022-01-04 08:15:45 - [TEST_STEP][PASSED] - else: Tapped on element 'Object Repository/Mobile/Page/NavigationMenu/Risk Profile/Option How Long - 3 to 5'

2022-01-04 08:15:45 - [TEST_STEP][PASSED] - tap(NAVM_RISK_OptHowLong3to5, 0): Tapped on element 'Object Repository/Mobile/Page/NavigationMenu/Risk Profile/Option How Long - 3 to 5'

2022-01-04 08:15:45 - [MESSAGE][WARNING] - Timeout '0' is invalid. Using default page load timeout: '60'

2022-01-04 08:15:46 - [MESSAGE][PASSED] - Tapped on element 'Object Repository/Mobile/Page/NavigationMenu/Risk Profile/Option How Long - 3 to 5'

2022-01-04 08:15:46 - [TEST_STEP][PASSED] - delay(1): Delayed 1 second(s)

2022-01-04 08:15:47 - [MESSAGE][PASSED] - Delayed 1 second(s)

2022-01-04 08:15:47 - [TEST_STEP][PASSED] - random = rand.nextInt(2): null

2022-01-04 08:15:47 - [TEST_STEP][PASSED] - positionclick.positionclick.clickButtonInBottom(NAVM_RISK_DropInvestGoal): positionclick.positionclick.clickButtonInBottom is PASSED

2022-01-04 08:15:48 - [MESSAGE][PASSED] - Current device physical width is 720

2022-01-04 08:15:48 - [MESSAGE][WARNING] - Timeout '0' is invalid. Using default page load timeout: '60'

2022-01-04 08:15:48 - [MESSAGE][PASSED] - Object 'Object Repository/Mobile/Page/NavigationMenu/Risk Profile/Dropdown - Investment Goal' has top position '303'

2022-01-04 08:15:48 - [MESSAGE][WARNING] - Timeout '0' is invalid. Using default page load timeout: '60'

2022-01-04 08:15:48 - [MESSAGE][PASSED] - Object 'Object Repository/Mobile/Page/NavigationMenu/Risk Profile/Dropdown - Investment Goal' has height: '126'

2022-01-04 08:15:50 - [MESSAGE][PASSED] - Tapped at [360, 403]

2022-01-04 08:15:50 - [MESSAGE][PASSED] - positionclick.positionclick.clickButtonInBottom is PASSED

2022-01-04 08:15:50 - [TEST_STEP][PASSED] - delay(1): Delayed 1 second(s)

2022-01-04 08:15:51 - [MESSAGE][PASSED] - Delayed 1 second(s)

2022-01-04 08:15:51 - [TEST_STEP][PASSED] - if (random == 0): null

2022-01-04 08:15:51 - [TEST_STEP][PASSED] - else: Tapped on element 'Object Repository/Mobile/Page/NavigationMenu/Risk Profile/Option Investment Goal - Profit'

2022-01-04 08:15:51 - [TEST_STEP][PASSED] - tap(NAVM_RISK_OptInvestGoalProfit, 0): Tapped on element 'Object Repository/Mobile/Page/NavigationMenu/Risk Profile/Option Investment Goal - Profit'

2022-01-04 08:15:51 - [MESSAGE][WARNING] - Timeout '0' is invalid. Using default page load timeout: '60'

2022-01-04 08:15:52 - [MESSAGE][PASSED] - Tapped on element 'Object Repository/Mobile/Page/NavigationMenu/Risk Profile/Option Investment Goal - Profit'

2022-01-04 08:15:52 - [TEST_STEP][PASSED] - delay(1): Delayed 1 second(s)

2022-01-04 08:15:53 - [MESSAGE][PASSED] - Delayed 1 second(s)

2022-01-04 08:15:53 - [TEST_STEP][PASSED] - random = rand.nextInt(2): null

2022-01-04 08:15:53 - [TEST_STEP][PASSED] - positionclick.positionclick.clickButtonInBottom(NAVM_RISK_DropGenKnowledge): positionclick.positionclick.clickButtonInBottom is PASSED

2022-01-04 08:15:54 - [MESSAGE][PASSED] - Current device physical width is 720

2022-01-04 08:15:54 - [MESSAGE][WARNING] - Timeout '0' is invalid. Using default page load timeout: '60'

2022-01-04 08:15:54 - [MESSAGE][PASSED] - Object 'Object Repository/Mobile/Page/NavigationMenu/Risk Profile/Dropdown - General Knowledge' has top position '456'

2022-01-04 08:15:54 - [MESSAGE][WARNING] - Timeout '0' is invalid. Using default page load timeout: '60'

2022-01-04 08:15:54 - [MESSAGE][PASSED] - Object 'Object Repository/Mobile/Page/NavigationMenu/Risk Profile/Dropdown - General Knowledge' has height: '126'

2022-01-04 08:15:55 - [MESSAGE][PASSED] - Tapped at [360, 556]

2022-01-04 08:15:55 - [MESSAGE][PASSED] - positionclick.positionclick.clickButtonInBottom is PASSED

2022-01-04 08:15:55 - [TEST_STEP][PASSED] - delay(1): Delayed 1 second(s)

2022-01-04 08:15:56 - [MESSAGE][PASSED] - Delayed 1 second(s)

2022-01-04 08:15:56 - [TEST_STEP][PASSED] - if (random == 0): Tapped on element 'Object Repository/Mobile/Page/NavigationMenu/Risk Profile/Option General Knowledge - Limited'

2022-01-04 08:15:56 - [MESSAGE][WARNING] - Timeout '0' is invalid. Using default page load timeout: '60'

2022-01-04 08:15:57 - [MESSAGE][PASSED] - Tapped on element 'Object Repository/Mobile/Page/NavigationMenu/Risk Profile/Option General Knowledge - Limited'

2022-01-04 08:15:57 - [TEST_STEP][PASSED] - delay(1): Delayed 1 second(s)

2022-01-04 08:15:58 - [MESSAGE][PASSED] - Delayed 1 second(s)

2022-01-04 08:15:58 - [TEST_STEP][PASSED] - random = rand.nextInt(2): null

2022-01-04 08:15:58 - [TEST_STEP][PASSED] - positionclick.positionclick.clickButtonInBottom(NAVM_RISK_DropTotalAmount): positionclick.positionclick.clickButtonInBottom is PASSED

2022-01-04 08:15:59 - [MESSAGE][PASSED] - Current device physical width is 720

2022-01-04 08:15:59 - [MESSAGE][WARNING] - Timeout '0' is invalid. Using default page load timeout: '60'

2022-01-04 08:15:59 - [MESSAGE][PASSED] - Object 'Object Repository/Mobile/Page/NavigationMenu/Risk Profile/Dropdown - Total Amount' has top position '608'

2022-01-04 08:15:59 - [MESSAGE][WARNING] - Timeout '0' is invalid. Using default page load timeout: '60'

2022-01-04 08:15:59 - [MESSAGE][PASSED] - Object 'Object Repository/Mobile/Page/NavigationMenu/Risk Profile/Dropdown - Total Amount' has height: '126'

2022-01-04 08:16:01 - [MESSAGE][PASSED] - Tapped at [360, 708]

2022-01-04 08:16:01 - [MESSAGE][PASSED] - positionclick.positionclick.clickButtonInBottom is PASSED

2022-01-04 08:16:01 - [TEST_STEP][PASSED] - delay(1): Delayed 1 second(s)

2022-01-04 08:16:02 - [MESSAGE][PASSED] - Delayed 1 second(s)

2022-01-04 08:16:02 - [TEST_STEP][PASSED] - if (random == 0): null

2022-01-04 08:16:02 - [TEST_STEP][PASSED] - else: Tapped on element 'Object Repository/Mobile/Page/NavigationMenu/Risk Profile/Option Total Amount - Between 20 and 30'

2022-01-04 08:16:02 - [TEST_STEP][PASSED] - tap(NAVM_RISK_OptTotal20and30, 0): Tapped on element 'Object Repository/Mobile/Page/NavigationMenu/Risk Profile/Option Total Amount - Between 20 and 30'

2022-01-04 08:16:02 - [MESSAGE][WARNING] - Timeout '0' is invalid. Using default page load timeout: '60'

2022-01-04 08:16:03 - [MESSAGE][PASSED] - Tapped on element 'Object Repository/Mobile/Page/NavigationMenu/Risk Profile/Option Total Amount - Between 20 and 30'

2022-01-04 08:16:03 - [TEST_STEP][PASSED] - delay(1): Delayed 1 second(s)

2022-01-04 08:16:04 - [MESSAGE][PASSED] - Delayed 1 second(s)

2022-01-04 08:16:04 - [TEST_STEP][PASSED] - random = rand.nextInt(2): null

2022-01-04 08:16:04 - [TEST_STEP][PASSED] - positionclick.positionclick.clickButtonInBottom(NAVM_RISK_DropRiskLevel): positionclick.positionclick.clickButtonInBottom is PASSED

2022-01-04 08:16:04 - [MESSAGE][PASSED] - Current device physical width is 720

2022-01-04 08:16:04 - [MESSAGE][WARNING] - Timeout '0' is invalid. Using default page load timeout: '60'

2022-01-04 08:16:05 - [MESSAGE][PASSED] - Object 'Object Repository/Mobile/Page/NavigationMenu/Risk Profile/Dropdown - Risk Level' has top position '760'

2022-01-04 08:16:05 - [MESSAGE][WARNING] - Timeout '0' is invalid. Using default page load timeout: '60'

2022-01-04 08:16:05 - [MESSAGE][PASSED] - Object 'Object Repository/Mobile/Page/NavigationMenu/Risk Profile/Dropdown - Risk Level' has height: '126'

2022-01-04 08:16:06 - [MESSAGE][PASSED] - Tapped at [360, 860]

2022-01-04 08:16:06 - [MESSAGE][PASSED] - positionclick.positionclick.clickButtonInBottom is PASSED

2022-01-04 08:16:06 - [TEST_STEP][PASSED] - delay(1): Delayed 1 second(s)

2022-01-04 08:16:07 - [MESSAGE][PASSED] - Delayed 1 second(s)

2022-01-04 08:16:07 - [TEST_STEP][PASSED] - if (random == 0): Tapped on element 'Object Repository/Mobile/Page/NavigationMenu/Risk Profile/Option Risk Level - Low'

2022-01-04 08:16:07 - [MESSAGE][WARNING] - Timeout '0' is invalid. Using default page load timeout: '60'

2022-01-04 08:16:08 - [MESSAGE][PASSED] - Tapped on element 'Object Repository/Mobile/Page/NavigationMenu/Risk Profile/Option Risk Level - Low'

2022-01-04 08:16:08 - [TEST_STEP][PASSED] - delay(1): Delayed 1 second(s)

2022-01-04 08:16:09 - [MESSAGE][PASSED] - Delayed 1 second(s)

2022-01-04 08:16:09 - [TEST_STEP][PASSED] - random = rand.nextInt(2): null

2022-01-04 08:16:09 - [TEST_STEP][PASSED] - positionclick.positionclick.clickButtonInBottom(NAVM_RISK_DropBestSuited): positionclick.positionclick.clickButtonInBottom is PASSED

2022-01-04 08:16:10 - [MESSAGE][PASSED] - Current device physical width is 720

2022-01-04 08:16:10 - [MESSAGE][WARNING] - Timeout '0' is invalid. Using default page load timeout: '60'

2022-01-04 08:16:10 - [MESSAGE][PASSED] - Object 'Object Repository/Mobile/Page/NavigationMenu/Risk Profile/Dropdown - Best Suited' has top position '912'

2022-01-04 08:16:10 - [MESSAGE][WARNING] - Timeout '0' is invalid. Using default page load timeout: '60'

2022-01-04 08:16:11 - [MESSAGE][PASSED] - Object 'Object Repository/Mobile/Page/NavigationMenu/Risk Profile/Dropdown - Best Suited' has height: '154'

2022-01-04 08:16:12 - [MESSAGE][PASSED] - Tapped at [360, 1,035]

2022-01-04 08:16:12 - [MESSAGE][PASSED] - positionclick.positionclick.clickButtonInBottom is PASSED

2022-01-04 08:16:12 - [TEST_STEP][PASSED] - delay(1): Delayed 1 second(s)

2022-01-04 08:16:13 - [MESSAGE][PASSED] - Delayed 1 second(s)

2022-01-04 08:16:13 - [TEST_STEP][PASSED] - if (random == 0): null

2022-01-04 08:16:13 - [TEST_STEP][PASSED] - else: Tapped on element 'Object Repository/Mobile/Page/NavigationMenu/Risk Profile/Option Best Suited - Security Deposit'

2022-01-04 08:16:13 - [TEST_STEP][PASSED] - tap(NAVM_RISK_OptBestSuitedSecDeposit, 0): Tapped on element 'Object Repository/Mobile/Page/NavigationMenu/Risk Profile/Option Best Suited - Security Deposit'

2022-01-04 08:16:13 - [MESSAGE][WARNING] - Timeout '0' is invalid. Using default page load timeout: '60'

2022-01-04 08:16:14 - [MESSAGE][PASSED] - Tapped on element 'Object Repository/Mobile/Page/NavigationMenu/Risk Profile/Option Best Suited - Security Deposit'

2022-01-04 08:16:14 - [TEST_STEP][PASSED] - delay(1): Delayed 1 second(s)

2022-01-04 08:16:15 - [MESSAGE][PASSED] - Delayed 1 second(s)

2022-01-04 08:16:15 - [TEST_STEP][PASSED] - tap(NAVM_RISK_BtnCalculate, 0): Tapped on element 'Object Repository/Mobile/Page/NavigationMenu/Risk Profile/Button - Calculate Risk Profile'

2022-01-04 08:16:15 - [MESSAGE][WARNING] - Timeout '0' is invalid. Using default page load timeout: '60'

2022-01-04 08:16:16 - [MESSAGE][PASSED] - Tapped on element 'Object Repository/Mobile/Page/NavigationMenu/Risk Profile/Button - Calculate Risk Profile'

2022-01-04 08:16:16 - [TEST_STEP][PASSED] - delay(1): Delayed 1 second(s)

2022-01-04 08:16:17 - [MESSAGE][PASSED] - Delayed 1 second(s)

2022-01-04 08:16:17 - [TEST_STEP][PASSED] - pressBack(): Press back button successfully

2022-01-04 08:16:18 - [MESSAGE][PASSED] - Press back button successfully

2022-01-04 08:16:18 - [MESSAGE][PASSED] - Call Test Case 'Test Cases/Mobile/Page/NavigationMenu/NavigationMenu' successfully

2022-01-04 08:16:18 - [TEST_STEP][PASSED] - callTestCase(findTestCase("Mobile/Page/Run App/Terminate App"), [:], STOP_ON_FAILURE): Call Test Case 'Test Cases/Mobile/Page/Run App/Terminate App' successfully

2022-01-04 08:16:18 - [TEST_CASE][PASSED] - Test Cases/Mobile/Page/Run App/Terminate App: Test Cases/Mobile/Page/Run App/Terminate App

2022-01-04 08:16:18 - [TEST_STEP][PASSED] - startApp.OpenApp.terminateApplication(): startApp.OpenApp.terminateApplication is PASSED

2022-01-04 08:16:22 - [MESSAGE][PASSED] - Delayed 3 second(s)

2022-01-04 08:16:22 - [MESSAGE][PASSED] - Current device physical width is 720

2022-01-04 08:16:22 - [MESSAGE][PASSED] - Current device physical height is 1423

2022-01-04 08:16:24 - [MESSAGE][PASSED] - Swiped from 360,853 to 360,142

2022-01-04 08:16:25 - [MESSAGE][PASSED] - Delayed 1 second(s)

2022-01-04 08:16:26 - [MESSAGE][PASSED] - Swiped from 360,853 to 360,142

2022-01-04 08:16:29 - [MESSAGE][PASSED] - Delayed 3 second(s)

2022-01-04 08:16:29 - [MESSAGE][PASSED] - startApp.OpenApp.terminateApplication is PASSED

2022-01-04 08:16:29 - [MESSAGE][PASSED] - Call Test Case 'Test Cases/Mobile/Page/Run App/Terminate App' successfully]]></system-out>
         <system-err><![CDATA[]]></system-err>
      </testcase>
      <testcase name="Test Cases/Mobile/Scenario/NavigationMenu/003 - Whatsapp message" time="76.69" classname="Test Cases/Mobile/Scenario/NavigationMenu/003 - Whatsapp message" status="PASSED">
         <system-out><![CDATA[2022-01-04 08:16:29 - [TEST_CASE][PASSED] - Test Cases/Mobile/Scenario/NavigationMenu/003 - Whatsapp message: Test Cases/Mobile/Scenario/NavigationMenu/003 - Whatsapp message

2022-01-04 08:16:30 - [TEST_STEP][PASSED] - callTestCase(findTestCase("Mobile/Page/Run App/Run App byID"), [:], STOP_ON_FAILURE): Call Test Case 'Test Cases/Mobile/Page/Run App/Run App byID' successfully

2022-01-04 08:16:30 - [TEST_CASE][PASSED] - Test Cases/Mobile/Page/Run App/Run App byID: Test Cases/Mobile/Page/Run App/Run App byID

2022-01-04 08:16:30 - [TEST_STEP][PASSED] - startApp.OpenApp.startApplication("id.co.miraeasset.sageclub"): startApp.OpenApp.startApplication is PASSED

2022-01-04 08:16:46 - [MESSAGE][PASSED] - Starting app with application ID: 'id.co.miraeasset.sageclub'

2022-01-04 08:16:46 - [MESSAGE][PASSED] - startApp.OpenApp.startApplication is PASSED

2022-01-04 08:16:46 - [MESSAGE][PASSED] - Call Test Case 'Test Cases/Mobile/Page/Run App/Run App byID' successfully

2022-01-04 08:16:46 - [TEST_STEP][PASSED] - callTestCase(findTestCase("Mobile/Page/NavigationMenu/NavigationMenu"), ["action":"wa"], CONTINUE_ON_FAILURE): Call Test Case 'Test Cases/Mobile/Page/NavigationMenu/NavigationMenu' successfully

2022-01-04 08:16:46 - [TEST_CASE][PASSED] - Test Cases/Mobile/Page/NavigationMenu/NavigationMenu: Test Cases/Mobile/Page/NavigationMenu/NavigationMenu

2022-01-04 08:16:46 - [TEST_STEP][PASSED] - callTestCase(findTestCase("Mobile/Page/CheckLogin"), [:], CONTINUE_ON_FAILURE): Call Test Case 'Test Cases/Mobile/Page/CheckLogin' successfully

2022-01-04 08:16:46 - [TEST_CASE][PASSED] - Test Cases/Mobile/Page/CheckLogin: Test Cases/Mobile/Page/CheckLogin

2022-01-04 08:16:46 - [TEST_STEP][PASSED] - loginCheck = verifyElementExist(LOGN_BtnLogin, 5, CONTINUE_ON_FAILURE): Element 'Object Repository/Mobile/Page/Login/Button - Login' is exist

2022-01-04 08:16:48 - [MESSAGE][PASSED] - Element 'Object Repository/Mobile/Page/Login/Button - Login' is exist

2022-01-04 08:16:48 - [TEST_STEP][PASSED] - if (loginCheck): Call Test Case 'Test Cases/Mobile/Page/Login/Login' successfully

2022-01-04 08:16:48 - [TEST_STEP][PASSED] - callTestCase(findTestCase("Mobile/Page/Login/Login"), ["action":"username"], CONTINUE_ON_FAILURE): Call Test Case 'Test Cases/Mobile/Page/Login/Login' successfully

2022-01-04 08:16:48 - [TEST_CASE][PASSED] - Test Cases/Mobile/Page/Login/Login: Test Cases/Mobile/Page/Login/Login

2022-01-04 08:16:48 - [TEST_STEP][PASSED] - delay(2): Delayed 2 second(s)

2022-01-04 08:16:50 - [MESSAGE][PASSED] - Delayed 2 second(s)

2022-01-04 08:16:50 - [TEST_STEP][PASSED] - for ([i = 0, i < 1, (i++)]): null

2022-01-04 08:16:50 - [TEST_STEP][PASSED] - if (action == "username"): null

2022-01-04 08:16:50 - [TEST_STEP][PASSED] - tap(LOGN_EdtUserID, 0): Tapped on element 'Object Repository/Mobile/Page/Login/Input - UserID'

2022-01-04 08:16:50 - [MESSAGE][WARNING] - Timeout '0' is invalid. Using default page load timeout: '60'

2022-01-04 08:16:50 - [MESSAGE][PASSED] - Tapped on element 'Object Repository/Mobile/Page/Login/Input - UserID'

2022-01-04 08:16:50 - [TEST_STEP][PASSED] - delay(1): Delayed 1 second(s)

2022-01-04 08:16:51 - [MESSAGE][PASSED] - Delayed 1 second(s)

2022-01-04 08:16:51 - [TEST_STEP][PASSED] - setText(LOGN_EdtRdyUserID, "anggaaditya", 0): Text 'anggaaditya' has been set to element 'Object Repository/Mobile/Page/Login/Input Rdy - UserID'

2022-01-04 08:16:51 - [MESSAGE][WARNING] - Timeout '0' is invalid. Using default page load timeout: '60'

2022-01-04 08:16:52 - [MESSAGE][PASSED] - Text 'anggaaditya' has been set to element 'Object Repository/Mobile/Page/Login/Input Rdy - UserID'

2022-01-04 08:16:52 - [TEST_STEP][PASSED] - delay(1): Delayed 1 second(s)

2022-01-04 08:16:53 - [MESSAGE][PASSED] - Delayed 1 second(s)

2022-01-04 08:16:53 - [TEST_STEP][PASSED] - hideKeyboard(): Keyboard is hidden

2022-01-04 08:17:01 - [MESSAGE][PASSED] - Keyboard is hidden

2022-01-04 08:17:01 - [TEST_STEP][PASSED] - tap(LOGN_EdtPassword, 0): Tapped on element 'Object Repository/Mobile/Page/Login/Input - Password'

2022-01-04 08:17:01 - [MESSAGE][WARNING] - Timeout '0' is invalid. Using default page load timeout: '60'

2022-01-04 08:17:02 - [MESSAGE][PASSED] - Tapped on element 'Object Repository/Mobile/Page/Login/Input - Password'

2022-01-04 08:17:02 - [TEST_STEP][PASSED] - delay(1): Delayed 1 second(s)

2022-01-04 08:17:03 - [MESSAGE][PASSED] - Delayed 1 second(s)

2022-01-04 08:17:03 - [TEST_STEP][PASSED] - setText(LOGN_EdtRdyPassword, "Shalawa18", 0): Text 'Shalawa18' has been set to element 'Object Repository/Mobile/Page/Login/Input Rdy - Password'

2022-01-04 08:17:03 - [MESSAGE][WARNING] - Timeout '0' is invalid. Using default page load timeout: '60'

2022-01-04 08:17:04 - [MESSAGE][PASSED] - Text 'Shalawa18' has been set to element 'Object Repository/Mobile/Page/Login/Input Rdy - Password'

2022-01-04 08:17:04 - [TEST_STEP][PASSED] - delay(1): Delayed 1 second(s)

2022-01-04 08:17:05 - [MESSAGE][PASSED] - Delayed 1 second(s)

2022-01-04 08:17:05 - [TEST_STEP][PASSED] - hideKeyboard(): Keyboard is hidden

2022-01-04 08:17:12 - [MESSAGE][PASSED] - Keyboard is hidden

2022-01-04 08:17:12 - [TEST_STEP][PASSED] - tap(LOGN_BtnLogin, 0): Tapped on element 'Object Repository/Mobile/Page/Login/Button - Login'

2022-01-04 08:17:12 - [MESSAGE][WARNING] - Timeout '0' is invalid. Using default page load timeout: '60'

2022-01-04 08:17:13 - [MESSAGE][PASSED] - Tapped on element 'Object Repository/Mobile/Page/Login/Button - Login'

2022-01-04 08:17:13 - [TEST_STEP][PASSED] - delay(2): Delayed 2 second(s)

2022-01-04 08:17:15 - [MESSAGE][PASSED] - Delayed 2 second(s)

2022-01-04 08:17:15 - [TEST_STEP][PASSED] - break: null

2022-01-04 08:17:15 - [MESSAGE][PASSED] - Call Test Case 'Test Cases/Mobile/Page/Login/Login' successfully

2022-01-04 08:17:15 - [MESSAGE][PASSED] - Call Test Case 'Test Cases/Mobile/Page/CheckLogin' successfully

2022-01-04 08:17:15 - [TEST_STEP][PASSED] - delay(3): Delayed 3 second(s)

2022-01-04 08:17:18 - [MESSAGE][PASSED] - Delayed 3 second(s)

2022-01-04 08:17:18 - [TEST_STEP][PASSED] - scroll.scroll.scrollScreenLeftToRight(): scroll.scroll.scrollScreenLeftToRight is PASSED

2022-01-04 08:17:18 - [MESSAGE][PASSED] - Current device physical height is 1423

2022-01-04 08:17:19 - [MESSAGE][PASSED] - Current device physical width is 720

2022-01-04 08:17:19 - [MESSAGE][PASSED] - Current device physical height is 1423

2022-01-04 08:17:20 - [MESSAGE][PASSED] - Swiped from 10,711 to 710,711

2022-01-04 08:17:20 - [MESSAGE][PASSED] - scroll.scroll.scrollScreenLeftToRight is PASSED

2022-01-04 08:17:20 - [TEST_STEP][PASSED] - delay(1): Delayed 1 second(s)

2022-01-04 08:17:21 - [MESSAGE][PASSED] - Delayed 1 second(s)

2022-01-04 08:17:21 - [TEST_STEP][PASSED] - for ([i = 0, i < 1, (i++)]): Delayed 2 second(s)

2022-01-04 08:17:21 - [TEST_STEP][PASSED] - if (action == "downloadtaxreport"): null

2022-01-04 08:17:21 - [TEST_STEP][PASSED] - else if (action == "analyzeprofile"): null

2022-01-04 08:17:21 - [TEST_STEP][PASSED] - else if (action == "wa"): Delayed 2 second(s)

2022-01-04 08:17:21 - [TEST_STEP][PASSED] - tap(NAVM_BtnWhatsapp, 0): Tapped on element 'Object Repository/Mobile/Page/NavigationMenu/Button - Whatsapp'

2022-01-04 08:17:21 - [MESSAGE][WARNING] - Timeout '0' is invalid. Using default page load timeout: '60'

2022-01-04 08:17:22 - [MESSAGE][PASSED] - Tapped on element 'Object Repository/Mobile/Page/NavigationMenu/Button - Whatsapp'

2022-01-04 08:17:22 - [TEST_STEP][PASSED] - delay(2): Delayed 2 second(s)

2022-01-04 08:17:24 - [MESSAGE][PASSED] - Delayed 2 second(s)

2022-01-04 08:17:24 - [MESSAGE][PASSED] - Call Test Case 'Test Cases/Mobile/Page/NavigationMenu/NavigationMenu' successfully

2022-01-04 08:17:24 - [TEST_STEP][PASSED] - callTestCase(findTestCase("Mobile/Page/Run App/Terminate App"), [:], STOP_ON_FAILURE): Call Test Case 'Test Cases/Mobile/Page/Run App/Terminate App' successfully

2022-01-04 08:17:24 - [TEST_CASE][PASSED] - Test Cases/Mobile/Page/Run App/Terminate App: Test Cases/Mobile/Page/Run App/Terminate App

2022-01-04 08:17:24 - [TEST_STEP][PASSED] - startApp.OpenApp.terminateApplication(): startApp.OpenApp.terminateApplication is PASSED

2022-01-04 08:17:28 - [MESSAGE][PASSED] - Delayed 3 second(s)

2022-01-04 08:17:28 - [MESSAGE][PASSED] - Current device physical width is 720

2022-01-04 08:17:28 - [MESSAGE][PASSED] - Current device physical height is 1423

2022-01-04 08:17:30 - [MESSAGE][PASSED] - Swiped from 360,853 to 360,142

2022-01-04 08:17:31 - [MESSAGE][PASSED] - Delayed 1 second(s)

2022-01-04 08:17:32 - [MESSAGE][PASSED] - Swiped from 360,853 to 360,142

2022-01-04 08:17:35 - [MESSAGE][PASSED] - Delayed 3 second(s)

2022-01-04 08:17:35 - [MESSAGE][PASSED] - startApp.OpenApp.terminateApplication is PASSED

2022-01-04 08:17:35 - [MESSAGE][PASSED] - Call Test Case 'Test Cases/Mobile/Page/Run App/Terminate App' successfully

2022-01-04 08:17:35 - [TEST_STEP][PASSED] - callTestCase(findTestCase("Mobile/Page/Run App/Terminate App"), [:], STOP_ON_FAILURE): Call Test Case 'Test Cases/Mobile/Page/Run App/Terminate App' successfully

2022-01-04 08:17:35 - [TEST_CASE][PASSED] - Test Cases/Mobile/Page/Run App/Terminate App: Test Cases/Mobile/Page/Run App/Terminate App

2022-01-04 08:17:35 - [TEST_STEP][PASSED] - startApp.OpenApp.terminateApplication(): startApp.OpenApp.terminateApplication is PASSED

2022-01-04 08:17:38 - [MESSAGE][PASSED] - Delayed 3 second(s)

2022-01-04 08:17:39 - [MESSAGE][PASSED] - Current device physical width is 720

2022-01-04 08:17:39 - [MESSAGE][PASSED] - Current device physical height is 1423

2022-01-04 08:17:41 - [MESSAGE][PASSED] - Swiped from 360,853 to 360,142

2022-01-04 08:17:42 - [MESSAGE][PASSED] - Delayed 1 second(s)

2022-01-04 08:17:43 - [MESSAGE][PASSED] - Swiped from 360,853 to 360,142

2022-01-04 08:17:46 - [MESSAGE][PASSED] - Delayed 3 second(s)

2022-01-04 08:17:46 - [MESSAGE][PASSED] - startApp.OpenApp.terminateApplication is PASSED

2022-01-04 08:17:46 - [MESSAGE][PASSED] - Call Test Case 'Test Cases/Mobile/Page/Run App/Terminate App' successfully]]></system-out>
         <system-err><![CDATA[]]></system-err>
      </testcase>
      <testcase name="Test Cases/Mobile/Scenario/NavigationMenu/004 - Email button" time="73.839" classname="Test Cases/Mobile/Scenario/NavigationMenu/004 - Email button" status="PASSED">
         <system-out><![CDATA[2022-01-04 08:17:46 - [TEST_CASE][PASSED] - Test Cases/Mobile/Scenario/NavigationMenu/004 - Email button: Test Cases/Mobile/Scenario/NavigationMenu/004 - Email button

2022-01-04 08:17:47 - [TEST_STEP][PASSED] - callTestCase(findTestCase("Mobile/Page/Run App/Run App byID"), [:], STOP_ON_FAILURE): Call Test Case 'Test Cases/Mobile/Page/Run App/Run App byID' successfully

2022-01-04 08:17:47 - [TEST_CASE][PASSED] - Test Cases/Mobile/Page/Run App/Run App byID: Test Cases/Mobile/Page/Run App/Run App byID

2022-01-04 08:17:47 - [TEST_STEP][PASSED] - startApp.OpenApp.startApplication("id.co.miraeasset.sageclub"): startApp.OpenApp.startApplication is PASSED

2022-01-04 08:18:03 - [MESSAGE][PASSED] - Starting app with application ID: 'id.co.miraeasset.sageclub'

2022-01-04 08:18:03 - [MESSAGE][PASSED] - startApp.OpenApp.startApplication is PASSED

2022-01-04 08:18:03 - [MESSAGE][PASSED] - Call Test Case 'Test Cases/Mobile/Page/Run App/Run App byID' successfully

2022-01-04 08:18:03 - [TEST_STEP][PASSED] - callTestCase(findTestCase("Mobile/Page/NavigationMenu/NavigationMenu"), ["action":"email"], CONTINUE_ON_FAILURE): Call Test Case 'Test Cases/Mobile/Page/NavigationMenu/NavigationMenu' successfully

2022-01-04 08:18:03 - [TEST_CASE][PASSED] - Test Cases/Mobile/Page/NavigationMenu/NavigationMenu: Test Cases/Mobile/Page/NavigationMenu/NavigationMenu

2022-01-04 08:18:03 - [TEST_STEP][PASSED] - callTestCase(findTestCase("Mobile/Page/CheckLogin"), [:], CONTINUE_ON_FAILURE): Call Test Case 'Test Cases/Mobile/Page/CheckLogin' successfully

2022-01-04 08:18:03 - [TEST_CASE][PASSED] - Test Cases/Mobile/Page/CheckLogin: Test Cases/Mobile/Page/CheckLogin

2022-01-04 08:18:03 - [TEST_STEP][PASSED] - loginCheck = verifyElementExist(LOGN_BtnLogin, 5, CONTINUE_ON_FAILURE): Element 'Object Repository/Mobile/Page/Login/Button - Login' is exist

2022-01-04 08:18:06 - [MESSAGE][PASSED] - Element 'Object Repository/Mobile/Page/Login/Button - Login' is exist

2022-01-04 08:18:06 - [TEST_STEP][PASSED] - if (loginCheck): Call Test Case 'Test Cases/Mobile/Page/Login/Login' successfully

2022-01-04 08:18:06 - [TEST_STEP][PASSED] - callTestCase(findTestCase("Mobile/Page/Login/Login"), ["action":"username"], CONTINUE_ON_FAILURE): Call Test Case 'Test Cases/Mobile/Page/Login/Login' successfully

2022-01-04 08:18:06 - [TEST_CASE][PASSED] - Test Cases/Mobile/Page/Login/Login: Test Cases/Mobile/Page/Login/Login

2022-01-04 08:18:06 - [TEST_STEP][PASSED] - delay(2): Delayed 2 second(s)

2022-01-04 08:18:08 - [MESSAGE][PASSED] - Delayed 2 second(s)

2022-01-04 08:18:08 - [TEST_STEP][PASSED] - for ([i = 0, i < 1, (i++)]): null

2022-01-04 08:18:08 - [TEST_STEP][PASSED] - if (action == "username"): null

2022-01-04 08:18:08 - [TEST_STEP][PASSED] - tap(LOGN_EdtUserID, 0): Tapped on element 'Object Repository/Mobile/Page/Login/Input - UserID'

2022-01-04 08:18:08 - [MESSAGE][WARNING] - Timeout '0' is invalid. Using default page load timeout: '60'

2022-01-04 08:18:10 - [MESSAGE][PASSED] - Tapped on element 'Object Repository/Mobile/Page/Login/Input - UserID'

2022-01-04 08:18:10 - [TEST_STEP][PASSED] - delay(1): Delayed 1 second(s)

2022-01-04 08:18:11 - [MESSAGE][PASSED] - Delayed 1 second(s)

2022-01-04 08:18:11 - [TEST_STEP][PASSED] - setText(LOGN_EdtRdyUserID, "anggaaditya", 0): Text 'anggaaditya' has been set to element 'Object Repository/Mobile/Page/Login/Input Rdy - UserID'

2022-01-04 08:18:11 - [MESSAGE][WARNING] - Timeout '0' is invalid. Using default page load timeout: '60'

2022-01-04 08:18:11 - [MESSAGE][PASSED] - Text 'anggaaditya' has been set to element 'Object Repository/Mobile/Page/Login/Input Rdy - UserID'

2022-01-04 08:18:11 - [TEST_STEP][PASSED] - delay(1): Delayed 1 second(s)

2022-01-04 08:18:12 - [MESSAGE][PASSED] - Delayed 1 second(s)

2022-01-04 08:18:12 - [TEST_STEP][PASSED] - hideKeyboard(): Keyboard is hidden

2022-01-04 08:18:16 - [MESSAGE][PASSED] - Keyboard is hidden

2022-01-04 08:18:16 - [TEST_STEP][PASSED] - tap(LOGN_EdtPassword, 0): Tapped on element 'Object Repository/Mobile/Page/Login/Input - Password'

2022-01-04 08:18:16 - [MESSAGE][WARNING] - Timeout '0' is invalid. Using default page load timeout: '60'

2022-01-04 08:18:17 - [MESSAGE][PASSED] - Tapped on element 'Object Repository/Mobile/Page/Login/Input - Password'

2022-01-04 08:18:17 - [TEST_STEP][PASSED] - delay(1): Delayed 1 second(s)

2022-01-04 08:18:18 - [MESSAGE][PASSED] - Delayed 1 second(s)

2022-01-04 08:18:18 - [TEST_STEP][PASSED] - setText(LOGN_EdtRdyPassword, "Shalawa18", 0): Text 'Shalawa18' has been set to element 'Object Repository/Mobile/Page/Login/Input Rdy - Password'

2022-01-04 08:18:18 - [MESSAGE][WARNING] - Timeout '0' is invalid. Using default page load timeout: '60'

2022-01-04 08:18:19 - [MESSAGE][PASSED] - Text 'Shalawa18' has been set to element 'Object Repository/Mobile/Page/Login/Input Rdy - Password'

2022-01-04 08:18:19 - [TEST_STEP][PASSED] - delay(1): Delayed 1 second(s)

2022-01-04 08:18:20 - [MESSAGE][PASSED] - Delayed 1 second(s)

2022-01-04 08:18:20 - [TEST_STEP][PASSED] - hideKeyboard(): Keyboard is hidden

2022-01-04 08:18:27 - [MESSAGE][PASSED] - Keyboard is hidden

2022-01-04 08:18:27 - [TEST_STEP][PASSED] - tap(LOGN_BtnLogin, 0): Tapped on element 'Object Repository/Mobile/Page/Login/Button - Login'

2022-01-04 08:18:27 - [MESSAGE][WARNING] - Timeout '0' is invalid. Using default page load timeout: '60'

2022-01-04 08:18:27 - [MESSAGE][PASSED] - Tapped on element 'Object Repository/Mobile/Page/Login/Button - Login'

2022-01-04 08:18:27 - [TEST_STEP][PASSED] - delay(2): Delayed 2 second(s)

2022-01-04 08:18:29 - [MESSAGE][PASSED] - Delayed 2 second(s)

2022-01-04 08:18:29 - [TEST_STEP][PASSED] - break: null

2022-01-04 08:18:29 - [MESSAGE][PASSED] - Call Test Case 'Test Cases/Mobile/Page/Login/Login' successfully

2022-01-04 08:18:29 - [MESSAGE][PASSED] - Call Test Case 'Test Cases/Mobile/Page/CheckLogin' successfully

2022-01-04 08:18:29 - [TEST_STEP][PASSED] - delay(3): Delayed 3 second(s)

2022-01-04 08:18:32 - [MESSAGE][PASSED] - Delayed 3 second(s)

2022-01-04 08:18:32 - [TEST_STEP][PASSED] - scroll.scroll.scrollScreenLeftToRight(): scroll.scroll.scrollScreenLeftToRight is PASSED

2022-01-04 08:18:33 - [MESSAGE][PASSED] - Current device physical height is 1423

2022-01-04 08:18:33 - [MESSAGE][PASSED] - Current device physical width is 720

2022-01-04 08:18:33 - [MESSAGE][PASSED] - Current device physical height is 1423

2022-01-04 08:18:35 - [MESSAGE][PASSED] - Swiped from 10,711 to 710,711

2022-01-04 08:18:35 - [MESSAGE][PASSED] - scroll.scroll.scrollScreenLeftToRight is PASSED

2022-01-04 08:18:35 - [TEST_STEP][PASSED] - delay(1): Delayed 1 second(s)

2022-01-04 08:18:36 - [MESSAGE][PASSED] - Delayed 1 second(s)

2022-01-04 08:18:36 - [TEST_STEP][PASSED] - for ([i = 0, i < 1, (i++)]): Delayed 2 second(s)

2022-01-04 08:18:36 - [TEST_STEP][PASSED] - if (action == "downloadtaxreport"): null

2022-01-04 08:18:36 - [TEST_STEP][PASSED] - else if (action == "analyzeprofile"): null

2022-01-04 08:18:36 - [TEST_STEP][PASSED] - else if (action == "wa"): null

2022-01-04 08:18:36 - [TEST_STEP][PASSED] - else if (action == "email"): Delayed 2 second(s)

2022-01-04 08:18:36 - [TEST_STEP][PASSED] - tap(NAVM_BtnEmail, 0): Tapped on element 'Object Repository/Mobile/Page/NavigationMenu/Button - Email'

2022-01-04 08:18:36 - [MESSAGE][WARNING] - Timeout '0' is invalid. Using default page load timeout: '60'

2022-01-04 08:18:36 - [MESSAGE][PASSED] - Tapped on element 'Object Repository/Mobile/Page/NavigationMenu/Button - Email'

2022-01-04 08:18:36 - [TEST_STEP][PASSED] - delay(2): Delayed 2 second(s)

2022-01-04 08:18:38 - [MESSAGE][PASSED] - Delayed 2 second(s)

2022-01-04 08:18:38 - [MESSAGE][PASSED] - Call Test Case 'Test Cases/Mobile/Page/NavigationMenu/NavigationMenu' successfully

2022-01-04 08:18:38 - [TEST_STEP][PASSED] - callTestCase(findTestCase("Mobile/Page/Run App/Terminate App"), [:], STOP_ON_FAILURE): Call Test Case 'Test Cases/Mobile/Page/Run App/Terminate App' successfully

2022-01-04 08:18:38 - [TEST_CASE][PASSED] - Test Cases/Mobile/Page/Run App/Terminate App: Test Cases/Mobile/Page/Run App/Terminate App

2022-01-04 08:18:38 - [TEST_STEP][PASSED] - startApp.OpenApp.terminateApplication(): startApp.OpenApp.terminateApplication is PASSED

2022-01-04 08:18:41 - [MESSAGE][PASSED] - Delayed 3 second(s)

2022-01-04 08:18:42 - [MESSAGE][PASSED] - Current device physical width is 720

2022-01-04 08:18:42 - [MESSAGE][PASSED] - Current device physical height is 1423

2022-01-04 08:18:44 - [MESSAGE][PASSED] - Swiped from 360,853 to 360,142

2022-01-04 08:18:45 - [MESSAGE][PASSED] - Delayed 1 second(s)

2022-01-04 08:18:46 - [MESSAGE][PASSED] - Swiped from 360,853 to 360,142

2022-01-04 08:18:49 - [MESSAGE][PASSED] - Delayed 3 second(s)

2022-01-04 08:18:49 - [MESSAGE][PASSED] - startApp.OpenApp.terminateApplication is PASSED

2022-01-04 08:18:49 - [MESSAGE][PASSED] - Call Test Case 'Test Cases/Mobile/Page/Run App/Terminate App' successfully

2022-01-04 08:18:49 - [TEST_STEP][PASSED] - callTestCase(findTestCase("Mobile/Page/Run App/Terminate App"), [:], STOP_ON_FAILURE): Call Test Case 'Test Cases/Mobile/Page/Run App/Terminate App' successfully

2022-01-04 08:18:49 - [TEST_CASE][PASSED] - Test Cases/Mobile/Page/Run App/Terminate App: Test Cases/Mobile/Page/Run App/Terminate App

2022-01-04 08:18:49 - [TEST_STEP][PASSED] - startApp.OpenApp.terminateApplication(): startApp.OpenApp.terminateApplication is PASSED

2022-01-04 08:18:52 - [MESSAGE][PASSED] - Delayed 3 second(s)

2022-01-04 08:18:53 - [MESSAGE][PASSED] - Current device physical width is 720

2022-01-04 08:18:53 - [MESSAGE][PASSED] - Current device physical height is 1423

2022-01-04 08:18:54 - [MESSAGE][PASSED] - Swiped from 360,853 to 360,142

2022-01-04 08:18:55 - [MESSAGE][PASSED] - Delayed 1 second(s)

2022-01-04 08:18:57 - [MESSAGE][PASSED] - Swiped from 360,853 to 360,142

2022-01-04 08:19:00 - [MESSAGE][PASSED] - Delayed 3 second(s)

2022-01-04 08:19:00 - [MESSAGE][PASSED] - startApp.OpenApp.terminateApplication is PASSED

2022-01-04 08:19:00 - [MESSAGE][PASSED] - Call Test Case 'Test Cases/Mobile/Page/Run App/Terminate App' successfully]]></system-out>
         <system-err><![CDATA[]]></system-err>
      </testcase>
      <testcase name="Test Cases/Mobile/Scenario/NavigationMenu/005 - Settings" time="100.916" classname="Test Cases/Mobile/Scenario/NavigationMenu/005 - Settings" status="PASSED">
         <system-out><![CDATA[2022-01-04 08:19:00 - [TEST_CASE][PASSED] - Test Cases/Mobile/Scenario/NavigationMenu/005 - Settings: Test Cases/Mobile/Scenario/NavigationMenu/005 - Settings

2022-01-04 08:19:00 - [TEST_STEP][PASSED] - callTestCase(findTestCase("Mobile/Page/Run App/Run App byID"), [:], STOP_ON_FAILURE): Call Test Case 'Test Cases/Mobile/Page/Run App/Run App byID' successfully

2022-01-04 08:19:01 - [TEST_CASE][PASSED] - Test Cases/Mobile/Page/Run App/Run App byID: Test Cases/Mobile/Page/Run App/Run App byID

2022-01-04 08:19:01 - [TEST_STEP][PASSED] - startApp.OpenApp.startApplication("id.co.miraeasset.sageclub"): startApp.OpenApp.startApplication is PASSED

2022-01-04 08:19:18 - [MESSAGE][PASSED] - Starting app with application ID: 'id.co.miraeasset.sageclub'

2022-01-04 08:19:18 - [MESSAGE][PASSED] - startApp.OpenApp.startApplication is PASSED

2022-01-04 08:19:18 - [MESSAGE][PASSED] - Call Test Case 'Test Cases/Mobile/Page/Run App/Run App byID' successfully

2022-01-04 08:19:18 - [TEST_STEP][PASSED] - callTestCase(findTestCase("Mobile/Page/NavigationMenu/NavigationMenu"), ["action":"setting"], CONTINUE_ON_FAILURE): Call Test Case 'Test Cases/Mobile/Page/NavigationMenu/NavigationMenu' successfully

2022-01-04 08:19:18 - [TEST_CASE][PASSED] - Test Cases/Mobile/Page/NavigationMenu/NavigationMenu: Test Cases/Mobile/Page/NavigationMenu/NavigationMenu

2022-01-04 08:19:18 - [TEST_STEP][PASSED] - callTestCase(findTestCase("Mobile/Page/CheckLogin"), [:], CONTINUE_ON_FAILURE): Call Test Case 'Test Cases/Mobile/Page/CheckLogin' successfully

2022-01-04 08:19:18 - [TEST_CASE][PASSED] - Test Cases/Mobile/Page/CheckLogin: Test Cases/Mobile/Page/CheckLogin

2022-01-04 08:19:18 - [TEST_STEP][PASSED] - loginCheck = verifyElementExist(LOGN_BtnLogin, 5, CONTINUE_ON_FAILURE): Element 'Object Repository/Mobile/Page/Login/Button - Login' is exist

2022-01-04 08:19:19 - [MESSAGE][PASSED] - Element 'Object Repository/Mobile/Page/Login/Button - Login' is exist

2022-01-04 08:19:19 - [TEST_STEP][PASSED] - if (loginCheck): Call Test Case 'Test Cases/Mobile/Page/Login/Login' successfully

2022-01-04 08:19:19 - [TEST_STEP][PASSED] - callTestCase(findTestCase("Mobile/Page/Login/Login"), ["action":"username"], CONTINUE_ON_FAILURE): Call Test Case 'Test Cases/Mobile/Page/Login/Login' successfully

2022-01-04 08:19:19 - [TEST_CASE][PASSED] - Test Cases/Mobile/Page/Login/Login: Test Cases/Mobile/Page/Login/Login

2022-01-04 08:19:19 - [TEST_STEP][PASSED] - delay(2): Delayed 2 second(s)

2022-01-04 08:19:21 - [MESSAGE][PASSED] - Delayed 2 second(s)

2022-01-04 08:19:21 - [TEST_STEP][PASSED] - for ([i = 0, i < 1, (i++)]): null

2022-01-04 08:19:21 - [TEST_STEP][PASSED] - if (action == "username"): null

2022-01-04 08:19:21 - [TEST_STEP][PASSED] - tap(LOGN_EdtUserID, 0): Tapped on element 'Object Repository/Mobile/Page/Login/Input - UserID'

2022-01-04 08:19:21 - [MESSAGE][WARNING] - Timeout '0' is invalid. Using default page load timeout: '60'

2022-01-04 08:19:22 - [MESSAGE][PASSED] - Tapped on element 'Object Repository/Mobile/Page/Login/Input - UserID'

2022-01-04 08:19:22 - [TEST_STEP][PASSED] - delay(1): Delayed 1 second(s)

2022-01-04 08:19:23 - [MESSAGE][PASSED] - Delayed 1 second(s)

2022-01-04 08:19:23 - [TEST_STEP][PASSED] - setText(LOGN_EdtRdyUserID, "anggaaditya", 0): Text 'anggaaditya' has been set to element 'Object Repository/Mobile/Page/Login/Input Rdy - UserID'

2022-01-04 08:19:23 - [MESSAGE][WARNING] - Timeout '0' is invalid. Using default page load timeout: '60'

2022-01-04 08:19:24 - [MESSAGE][PASSED] - Text 'anggaaditya' has been set to element 'Object Repository/Mobile/Page/Login/Input Rdy - UserID'

2022-01-04 08:19:24 - [TEST_STEP][PASSED] - delay(1): Delayed 1 second(s)

2022-01-04 08:19:25 - [MESSAGE][PASSED] - Delayed 1 second(s)

2022-01-04 08:19:25 - [TEST_STEP][PASSED] - hideKeyboard(): Keyboard is hidden

2022-01-04 08:19:30 - [MESSAGE][PASSED] - Keyboard is hidden

2022-01-04 08:19:30 - [TEST_STEP][PASSED] - tap(LOGN_EdtPassword, 0): Tapped on element 'Object Repository/Mobile/Page/Login/Input - Password'

2022-01-04 08:19:30 - [MESSAGE][WARNING] - Timeout '0' is invalid. Using default page load timeout: '60'

2022-01-04 08:19:31 - [MESSAGE][PASSED] - Tapped on element 'Object Repository/Mobile/Page/Login/Input - Password'

2022-01-04 08:19:31 - [TEST_STEP][PASSED] - delay(1): Delayed 1 second(s)

2022-01-04 08:19:32 - [MESSAGE][PASSED] - Delayed 1 second(s)

2022-01-04 08:19:32 - [TEST_STEP][PASSED] - setText(LOGN_EdtRdyPassword, "Shalawa18", 0): Text 'Shalawa18' has been set to element 'Object Repository/Mobile/Page/Login/Input Rdy - Password'

2022-01-04 08:19:32 - [MESSAGE][WARNING] - Timeout '0' is invalid. Using default page load timeout: '60'

2022-01-04 08:19:32 - [MESSAGE][PASSED] - Text 'Shalawa18' has been set to element 'Object Repository/Mobile/Page/Login/Input Rdy - Password'

2022-01-04 08:19:32 - [TEST_STEP][PASSED] - delay(1): Delayed 1 second(s)

2022-01-04 08:19:33 - [MESSAGE][PASSED] - Delayed 1 second(s)

2022-01-04 08:19:33 - [TEST_STEP][PASSED] - hideKeyboard(): Keyboard is hidden

2022-01-04 08:19:40 - [MESSAGE][PASSED] - Keyboard is hidden

2022-01-04 08:19:40 - [TEST_STEP][PASSED] - tap(LOGN_BtnLogin, 0): Tapped on element 'Object Repository/Mobile/Page/Login/Button - Login'

2022-01-04 08:19:40 - [MESSAGE][WARNING] - Timeout '0' is invalid. Using default page load timeout: '60'

2022-01-04 08:19:41 - [MESSAGE][PASSED] - Tapped on element 'Object Repository/Mobile/Page/Login/Button - Login'

2022-01-04 08:19:41 - [TEST_STEP][PASSED] - delay(2): Delayed 2 second(s)

2022-01-04 08:19:43 - [MESSAGE][PASSED] - Delayed 2 second(s)

2022-01-04 08:19:43 - [TEST_STEP][PASSED] - break: null

2022-01-04 08:19:43 - [MESSAGE][PASSED] - Call Test Case 'Test Cases/Mobile/Page/Login/Login' successfully

2022-01-04 08:19:43 - [MESSAGE][PASSED] - Call Test Case 'Test Cases/Mobile/Page/CheckLogin' successfully

2022-01-04 08:19:43 - [TEST_STEP][PASSED] - delay(3): Delayed 3 second(s)

2022-01-04 08:19:46 - [MESSAGE][PASSED] - Delayed 3 second(s)

2022-01-04 08:19:46 - [TEST_STEP][PASSED] - scroll.scroll.scrollScreenLeftToRight(): scroll.scroll.scrollScreenLeftToRight is PASSED

2022-01-04 08:19:46 - [MESSAGE][PASSED] - Current device physical height is 1423

2022-01-04 08:19:47 - [MESSAGE][PASSED] - Current device physical width is 720

2022-01-04 08:19:47 - [MESSAGE][PASSED] - Current device physical height is 1423

2022-01-04 08:19:48 - [MESSAGE][PASSED] - Swiped from 10,711 to 710,711

2022-01-04 08:19:48 - [MESSAGE][PASSED] - scroll.scroll.scrollScreenLeftToRight is PASSED

2022-01-04 08:19:48 - [TEST_STEP][PASSED] - delay(1): Delayed 1 second(s)

2022-01-04 08:19:49 - [MESSAGE][PASSED] - Delayed 1 second(s)

2022-01-04 08:19:49 - [TEST_STEP][PASSED] - for ([i = 0, i < 1, (i++)]): Delayed 1 second(s)

2022-01-04 08:19:49 - [TEST_STEP][PASSED] - if (action == "downloadtaxreport"): null

2022-01-04 08:19:49 - [TEST_STEP][PASSED] - else if (action == "analyzeprofile"): null

2022-01-04 08:19:49 - [TEST_STEP][PASSED] - else if (action == "wa"): null

2022-01-04 08:19:49 - [TEST_STEP][PASSED] - else if (action == "email"): null

2022-01-04 08:19:49 - [TEST_STEP][PASSED] - else if (action == "setting"): Delayed 1 second(s)

2022-01-04 08:19:49 - [TEST_STEP][PASSED] - setting = NAVM_BtnSettings: null

2022-01-04 08:19:49 - [TEST_STEP][PASSED] - top = getElementTopPosition(setting, 0): Object 'Object Repository/Mobile/Page/NavigationMenu/Button - Settings' has top position '856'

2022-01-04 08:19:49 - [MESSAGE][WARNING] - Timeout '0' is invalid. Using default page load timeout: '60'

2022-01-04 08:19:50 - [MESSAGE][PASSED] - Object 'Object Repository/Mobile/Page/NavigationMenu/Button - Settings' has top position '856'

2022-01-04 08:19:50 - [TEST_STEP][PASSED] - y = getElementHeight(setting, 0) * 0.8 + top: Object 'Object Repository/Mobile/Page/NavigationMenu/Button - Settings' has height: '98'

2022-01-04 08:19:50 - [MESSAGE][WARNING] - Timeout '0' is invalid. Using default page load timeout: '60'

2022-01-04 08:19:50 - [MESSAGE][PASSED] - Object 'Object Repository/Mobile/Page/NavigationMenu/Button - Settings' has height: '98'

2022-01-04 08:19:50 - [TEST_STEP][PASSED] - x = getDeviceWidth() * 0.2: Current device physical width is 720

2022-01-04 08:19:50 - [MESSAGE][PASSED] - Current device physical width is 720

2022-01-04 08:19:50 - [TEST_STEP][PASSED] - tapAtPosition(x, y): Tapped at [144, 934]

2022-01-04 08:19:51 - [MESSAGE][PASSED] - Tapped at [144, 934]

2022-01-04 08:19:51 - [TEST_STEP][PASSED] - delay(1): Delayed 1 second(s)

2022-01-04 08:19:52 - [MESSAGE][PASSED] - Delayed 1 second(s)

2022-01-04 08:19:52 - [TEST_STEP][PASSED] - tap(NAVM_SETT_DropGain, 0): Tapped on element 'Object Repository/Mobile/Page/NavigationMenu/Settings/Dropdown - Gain'

2022-01-04 08:19:52 - [MESSAGE][WARNING] - Timeout '0' is invalid. Using default page load timeout: '60'

2022-01-04 08:19:52 - [MESSAGE][PASSED] - Tapped on element 'Object Repository/Mobile/Page/NavigationMenu/Settings/Dropdown - Gain'

2022-01-04 08:19:52 - [TEST_STEP][PASSED] - delay(1): Delayed 1 second(s)

2022-01-04 08:19:53 - [MESSAGE][PASSED] - Delayed 1 second(s)

2022-01-04 08:19:53 - [TEST_STEP][PASSED] - tap(NAVM_SETT_OptGain5, 0): Tapped on element 'Object Repository/Mobile/Page/NavigationMenu/Settings/Option Gain - 5'

2022-01-04 08:19:53 - [MESSAGE][WARNING] - Timeout '0' is invalid. Using default page load timeout: '60'

2022-01-04 08:19:54 - [MESSAGE][PASSED] - Tapped on element 'Object Repository/Mobile/Page/NavigationMenu/Settings/Option Gain - 5'

2022-01-04 08:19:54 - [TEST_STEP][PASSED] - delay(1): Delayed 1 second(s)

2022-01-04 08:19:55 - [MESSAGE][PASSED] - Delayed 1 second(s)

2022-01-04 08:19:55 - [TEST_STEP][PASSED] - tap(NAVM_SETT_SwitchGain, 0): Tapped on element 'Object Repository/Mobile/Page/NavigationMenu/Settings/Switch - Gain'

2022-01-04 08:19:55 - [MESSAGE][WARNING] - Timeout '0' is invalid. Using default page load timeout: '60'

2022-01-04 08:19:56 - [MESSAGE][PASSED] - Tapped on element 'Object Repository/Mobile/Page/NavigationMenu/Settings/Switch - Gain'

2022-01-04 08:19:56 - [TEST_STEP][PASSED] - delay(1): Delayed 1 second(s)

2022-01-04 08:19:57 - [MESSAGE][PASSED] - Delayed 1 second(s)

2022-01-04 08:19:57 - [TEST_STEP][PASSED] - tap(NAVM_SETT_SwitchGain, 0): Tapped on element 'Object Repository/Mobile/Page/NavigationMenu/Settings/Switch - Gain'

2022-01-04 08:19:57 - [MESSAGE][WARNING] - Timeout '0' is invalid. Using default page load timeout: '60'

2022-01-04 08:19:58 - [MESSAGE][PASSED] - Tapped on element 'Object Repository/Mobile/Page/NavigationMenu/Settings/Switch - Gain'

2022-01-04 08:19:58 - [TEST_STEP][PASSED] - delay(1): Delayed 1 second(s)

2022-01-04 08:19:59 - [MESSAGE][PASSED] - Delayed 1 second(s)

2022-01-04 08:19:59 - [TEST_STEP][PASSED] - tap(NAVM_SETT_DropLoss, 0): Tapped on element 'Object Repository/Mobile/Page/NavigationMenu/Settings/Dropdown - Loss'

2022-01-04 08:19:59 - [MESSAGE][WARNING] - Timeout '0' is invalid. Using default page load timeout: '60'

2022-01-04 08:20:01 - [MESSAGE][PASSED] - Tapped on element 'Object Repository/Mobile/Page/NavigationMenu/Settings/Dropdown - Loss'

2022-01-04 08:20:01 - [TEST_STEP][PASSED] - delay(1): Delayed 1 second(s)

2022-01-04 08:20:02 - [MESSAGE][PASSED] - Delayed 1 second(s)

2022-01-04 08:20:02 - [TEST_STEP][PASSED] - tap(NAVM_SETT_OptLoss5, 0): Tapped on element 'Object Repository/Mobile/Page/NavigationMenu/Settings/Option Loss - 5'

2022-01-04 08:20:02 - [MESSAGE][WARNING] - Timeout '0' is invalid. Using default page load timeout: '60'

2022-01-04 08:20:03 - [MESSAGE][PASSED] - Tapped on element 'Object Repository/Mobile/Page/NavigationMenu/Settings/Option Loss - 5'

2022-01-04 08:20:03 - [TEST_STEP][PASSED] - delay(1): Delayed 1 second(s)

2022-01-04 08:20:04 - [MESSAGE][PASSED] - Delayed 1 second(s)

2022-01-04 08:20:04 - [TEST_STEP][PASSED] - tap(NAVM_SETT_SwitchLoss, 0): Tapped on element 'Object Repository/Mobile/Page/NavigationMenu/Settings/Switch - Loss'

2022-01-04 08:20:04 - [MESSAGE][WARNING] - Timeout '0' is invalid. Using default page load timeout: '60'

2022-01-04 08:20:05 - [MESSAGE][PASSED] - Tapped on element 'Object Repository/Mobile/Page/NavigationMenu/Settings/Switch - Loss'

2022-01-04 08:20:05 - [TEST_STEP][PASSED] - delay(1): Delayed 1 second(s)

2022-01-04 08:20:06 - [MESSAGE][PASSED] - Delayed 1 second(s)

2022-01-04 08:20:06 - [TEST_STEP][PASSED] - tap(NAVM_SETT_SwitchLoss, 0): Tapped on element 'Object Repository/Mobile/Page/NavigationMenu/Settings/Switch - Loss'

2022-01-04 08:20:06 - [MESSAGE][WARNING] - Timeout '0' is invalid. Using default page load timeout: '60'

2022-01-04 08:20:08 - [MESSAGE][PASSED] - Tapped on element 'Object Repository/Mobile/Page/NavigationMenu/Settings/Switch - Loss'

2022-01-04 08:20:08 - [TEST_STEP][PASSED] - delay(1): Delayed 1 second(s)

2022-01-04 08:20:09 - [MESSAGE][PASSED] - Delayed 1 second(s)

2022-01-04 08:20:09 - [TEST_STEP][PASSED] - tap(NAVM_SETT_CbRiskTolerance, 0): Tapped on element 'Object Repository/Mobile/Page/NavigationMenu/Settings/Checkbox - Risk Tolerance'

2022-01-04 08:20:09 - [MESSAGE][WARNING] - Timeout '0' is invalid. Using default page load timeout: '60'

2022-01-04 08:20:10 - [MESSAGE][PASSED] - Tapped on element 'Object Repository/Mobile/Page/NavigationMenu/Settings/Checkbox - Risk Tolerance'

2022-01-04 08:20:10 - [TEST_STEP][PASSED] - delay(1): Delayed 1 second(s)

2022-01-04 08:20:11 - [MESSAGE][PASSED] - Delayed 1 second(s)

2022-01-04 08:20:11 - [TEST_STEP][PASSED] - tap(NAVM_SETT_CbRiskTolerance, 0): Tapped on element 'Object Repository/Mobile/Page/NavigationMenu/Settings/Checkbox - Risk Tolerance'

2022-01-04 08:20:11 - [MESSAGE][WARNING] - Timeout '0' is invalid. Using default page load timeout: '60'

2022-01-04 08:20:12 - [MESSAGE][PASSED] - Tapped on element 'Object Repository/Mobile/Page/NavigationMenu/Settings/Checkbox - Risk Tolerance'

2022-01-04 08:20:12 - [TEST_STEP][PASSED] - delay(1): Delayed 1 second(s)

2022-01-04 08:20:13 - [MESSAGE][PASSED] - Delayed 1 second(s)

2022-01-04 08:20:13 - [TEST_STEP][PASSED] - tap(NAVM_SETT_SwitchStock, 0): Tapped on element 'Object Repository/Mobile/Page/NavigationMenu/Settings/Switch - Stock News'

2022-01-04 08:20:13 - [MESSAGE][WARNING] - Timeout '0' is invalid. Using default page load timeout: '60'

2022-01-04 08:20:14 - [MESSAGE][PASSED] - Tapped on element 'Object Repository/Mobile/Page/NavigationMenu/Settings/Switch - Stock News'

2022-01-04 08:20:14 - [TEST_STEP][PASSED] - delay(1): Delayed 1 second(s)

2022-01-04 08:20:15 - [MESSAGE][PASSED] - Delayed 1 second(s)

2022-01-04 08:20:15 - [TEST_STEP][PASSED] - tap(NAVM_SETT_SwitchStock, 0): Tapped on element 'Object Repository/Mobile/Page/NavigationMenu/Settings/Switch - Stock News'

2022-01-04 08:20:15 - [MESSAGE][WARNING] - Timeout '0' is invalid. Using default page load timeout: '60'

2022-01-04 08:20:16 - [MESSAGE][PASSED] - Tapped on element 'Object Repository/Mobile/Page/NavigationMenu/Settings/Switch - Stock News'

2022-01-04 08:20:16 - [TEST_STEP][PASSED] - delay(1): Delayed 1 second(s)

2022-01-04 08:20:17 - [MESSAGE][PASSED] - Delayed 1 second(s)

2022-01-04 08:20:17 - [TEST_STEP][PASSED] - tap(NAVM_SETT_SwitchFund, 0): Tapped on element 'Object Repository/Mobile/Page/NavigationMenu/Settings/Switch - Fund News'

2022-01-04 08:20:17 - [MESSAGE][WARNING] - Timeout '0' is invalid. Using default page load timeout: '60'

2022-01-04 08:20:17 - [MESSAGE][PASSED] - Tapped on element 'Object Repository/Mobile/Page/NavigationMenu/Settings/Switch - Fund News'

2022-01-04 08:20:17 - [TEST_STEP][PASSED] - delay(1): Delayed 1 second(s)

2022-01-04 08:20:18 - [MESSAGE][PASSED] - Delayed 1 second(s)

2022-01-04 08:20:18 - [TEST_STEP][PASSED] - tap(NAVM_SETT_SwitchFund, 0): Tapped on element 'Object Repository/Mobile/Page/NavigationMenu/Settings/Switch - Fund News'

2022-01-04 08:20:18 - [MESSAGE][WARNING] - Timeout '0' is invalid. Using default page load timeout: '60'

2022-01-04 08:20:20 - [MESSAGE][PASSED] - Tapped on element 'Object Repository/Mobile/Page/NavigationMenu/Settings/Switch - Fund News'

2022-01-04 08:20:20 - [TEST_STEP][PASSED] - delay(1): Delayed 1 second(s)

2022-01-04 08:20:21 - [MESSAGE][PASSED] - Delayed 1 second(s)

2022-01-04 08:20:21 - [TEST_STEP][PASSED] - tap(NAVM_SETT_SwitchBond, 0): Tapped on element 'Object Repository/Mobile/Page/NavigationMenu/Settings/Switch - Bond News'

2022-01-04 08:20:21 - [MESSAGE][WARNING] - Timeout '0' is invalid. Using default page load timeout: '60'

2022-01-04 08:20:22 - [MESSAGE][PASSED] - Tapped on element 'Object Repository/Mobile/Page/NavigationMenu/Settings/Switch - Bond News'

2022-01-04 08:20:22 - [TEST_STEP][PASSED] - delay(1): Delayed 1 second(s)

2022-01-04 08:20:23 - [MESSAGE][PASSED] - Delayed 1 second(s)

2022-01-04 08:20:23 - [TEST_STEP][PASSED] - tap(NAVM_SETT_SwitchBond, 0): Tapped on element 'Object Repository/Mobile/Page/NavigationMenu/Settings/Switch - Bond News'

2022-01-04 08:20:23 - [MESSAGE][WARNING] - Timeout '0' is invalid. Using default page load timeout: '60'

2022-01-04 08:20:24 - [MESSAGE][PASSED] - Tapped on element 'Object Repository/Mobile/Page/NavigationMenu/Settings/Switch - Bond News'

2022-01-04 08:20:24 - [TEST_STEP][PASSED] - delay(1): Delayed 1 second(s)

2022-01-04 08:20:25 - [MESSAGE][PASSED] - Delayed 1 second(s)

2022-01-04 08:20:25 - [TEST_STEP][PASSED] - tap(NAVM_SETT_SwitchMacro, 0): Tapped on element 'Object Repository/Mobile/Page/NavigationMenu/Settings/Switch - Macro News'

2022-01-04 08:20:25 - [MESSAGE][WARNING] - Timeout '0' is invalid. Using default page load timeout: '60'

2022-01-04 08:20:25 - [MESSAGE][PASSED] - Tapped on element 'Object Repository/Mobile/Page/NavigationMenu/Settings/Switch - Macro News'

2022-01-04 08:20:25 - [TEST_STEP][PASSED] - delay(1): Delayed 1 second(s)

2022-01-04 08:20:26 - [MESSAGE][PASSED] - Delayed 1 second(s)

2022-01-04 08:20:26 - [TEST_STEP][PASSED] - tap(NAVM_SETT_SwitchMacro, 0): Tapped on element 'Object Repository/Mobile/Page/NavigationMenu/Settings/Switch - Macro News'

2022-01-04 08:20:26 - [MESSAGE][WARNING] - Timeout '0' is invalid. Using default page load timeout: '60'

2022-01-04 08:20:28 - [MESSAGE][PASSED] - Tapped on element 'Object Repository/Mobile/Page/NavigationMenu/Settings/Switch - Macro News'

2022-01-04 08:20:28 - [TEST_STEP][PASSED] - delay(1): Delayed 1 second(s)

2022-01-04 08:20:29 - [MESSAGE][PASSED] - Delayed 1 second(s)

2022-01-04 08:20:29 - [TEST_STEP][PASSED] - pressBack(): Press back button successfully

2022-01-04 08:20:29 - [MESSAGE][PASSED] - Press back button successfully

2022-01-04 08:20:29 - [TEST_STEP][PASSED] - delay(1): Delayed 1 second(s)

2022-01-04 08:20:30 - [MESSAGE][PASSED] - Delayed 1 second(s)

2022-01-04 08:20:30 - [MESSAGE][PASSED] - Call Test Case 'Test Cases/Mobile/Page/NavigationMenu/NavigationMenu' successfully

2022-01-04 08:20:30 - [TEST_STEP][PASSED] - callTestCase(findTestCase("Mobile/Page/Run App/Terminate App"), [:], STOP_ON_FAILURE): Call Test Case 'Test Cases/Mobile/Page/Run App/Terminate App' successfully

2022-01-04 08:20:30 - [TEST_CASE][PASSED] - Test Cases/Mobile/Page/Run App/Terminate App: Test Cases/Mobile/Page/Run App/Terminate App

2022-01-04 08:20:30 - [TEST_STEP][PASSED] - startApp.OpenApp.terminateApplication(): startApp.OpenApp.terminateApplication is PASSED

2022-01-04 08:20:33 - [MESSAGE][PASSED] - Delayed 3 second(s)

2022-01-04 08:20:34 - [MESSAGE][PASSED] - Current device physical width is 720

2022-01-04 08:20:34 - [MESSAGE][PASSED] - Current device physical height is 1423

2022-01-04 08:20:35 - [MESSAGE][PASSED] - Swiped from 360,853 to 360,142

2022-01-04 08:20:36 - [MESSAGE][PASSED] - Delayed 1 second(s)

2022-01-04 08:20:38 - [MESSAGE][PASSED] - Swiped from 360,853 to 360,142

2022-01-04 08:20:41 - [MESSAGE][PASSED] - Delayed 3 second(s)

2022-01-04 08:20:41 - [MESSAGE][PASSED] - startApp.OpenApp.terminateApplication is PASSED

2022-01-04 08:20:41 - [MESSAGE][PASSED] - Call Test Case 'Test Cases/Mobile/Page/Run App/Terminate App' successfully]]></system-out>
         <system-err><![CDATA[]]></system-err>
      </testcase>
      <testcase name="Test Cases/Mobile/Scenario/NavigationMenu/006 - Logout" time="63.402" classname="Test Cases/Mobile/Scenario/NavigationMenu/006 - Logout" status="PASSED">
         <system-out><![CDATA[2022-01-04 08:20:41 - [TEST_CASE][PASSED] - Test Cases/Mobile/Scenario/NavigationMenu/006 - Logout: Test Cases/Mobile/Scenario/NavigationMenu/006 - Logout

2022-01-04 08:20:41 - [TEST_STEP][PASSED] - callTestCase(findTestCase("Mobile/Page/Run App/Run App byID"), [:], STOP_ON_FAILURE): Call Test Case 'Test Cases/Mobile/Page/Run App/Run App byID' successfully

2022-01-04 08:20:41 - [TEST_CASE][PASSED] - Test Cases/Mobile/Page/Run App/Run App byID: Test Cases/Mobile/Page/Run App/Run App byID

2022-01-04 08:20:41 - [TEST_STEP][PASSED] - startApp.OpenApp.startApplication("id.co.miraeasset.sageclub"): startApp.OpenApp.startApplication is PASSED

2022-01-04 08:20:58 - [MESSAGE][PASSED] - Starting app with application ID: 'id.co.miraeasset.sageclub'

2022-01-04 08:20:58 - [MESSAGE][PASSED] - startApp.OpenApp.startApplication is PASSED

2022-01-04 08:20:58 - [MESSAGE][PASSED] - Call Test Case 'Test Cases/Mobile/Page/Run App/Run App byID' successfully

2022-01-04 08:20:58 - [TEST_STEP][PASSED] - callTestCase(findTestCase("Mobile/Page/NavigationMenu/NavigationMenu"), ["action":"logout"], CONTINUE_ON_FAILURE): Call Test Case 'Test Cases/Mobile/Page/NavigationMenu/NavigationMenu' successfully

2022-01-04 08:20:58 - [TEST_CASE][PASSED] - Test Cases/Mobile/Page/NavigationMenu/NavigationMenu: Test Cases/Mobile/Page/NavigationMenu/NavigationMenu

2022-01-04 08:20:58 - [TEST_STEP][PASSED] - callTestCase(findTestCase("Mobile/Page/CheckLogin"), [:], CONTINUE_ON_FAILURE): Call Test Case 'Test Cases/Mobile/Page/CheckLogin' successfully

2022-01-04 08:20:59 - [TEST_CASE][PASSED] - Test Cases/Mobile/Page/CheckLogin: Test Cases/Mobile/Page/CheckLogin

2022-01-04 08:20:59 - [TEST_STEP][PASSED] - loginCheck = verifyElementExist(LOGN_BtnLogin, 5, CONTINUE_ON_FAILURE): Element 'Object Repository/Mobile/Page/Login/Button - Login' is exist

2022-01-04 08:21:01 - [MESSAGE][PASSED] - Element 'Object Repository/Mobile/Page/Login/Button - Login' is exist

2022-01-04 08:21:01 - [TEST_STEP][PASSED] - if (loginCheck): Call Test Case 'Test Cases/Mobile/Page/Login/Login' successfully

2022-01-04 08:21:01 - [TEST_STEP][PASSED] - callTestCase(findTestCase("Mobile/Page/Login/Login"), ["action":"username"], CONTINUE_ON_FAILURE): Call Test Case 'Test Cases/Mobile/Page/Login/Login' successfully

2022-01-04 08:21:01 - [TEST_CASE][PASSED] - Test Cases/Mobile/Page/Login/Login: Test Cases/Mobile/Page/Login/Login

2022-01-04 08:21:01 - [TEST_STEP][PASSED] - delay(2): Delayed 2 second(s)

2022-01-04 08:21:03 - [MESSAGE][PASSED] - Delayed 2 second(s)

2022-01-04 08:21:03 - [TEST_STEP][PASSED] - for ([i = 0, i < 1, (i++)]): null

2022-01-04 08:21:03 - [TEST_STEP][PASSED] - if (action == "username"): null

2022-01-04 08:21:03 - [TEST_STEP][PASSED] - tap(LOGN_EdtUserID, 0): Tapped on element 'Object Repository/Mobile/Page/Login/Input - UserID'

2022-01-04 08:21:03 - [MESSAGE][WARNING] - Timeout '0' is invalid. Using default page load timeout: '60'

2022-01-04 08:21:03 - [MESSAGE][PASSED] - Tapped on element 'Object Repository/Mobile/Page/Login/Input - UserID'

2022-01-04 08:21:03 - [TEST_STEP][PASSED] - delay(1): Delayed 1 second(s)

2022-01-04 08:21:04 - [MESSAGE][PASSED] - Delayed 1 second(s)

2022-01-04 08:21:04 - [TEST_STEP][PASSED] - setText(LOGN_EdtRdyUserID, "anggaaditya", 0): Text 'anggaaditya' has been set to element 'Object Repository/Mobile/Page/Login/Input Rdy - UserID'

2022-01-04 08:21:04 - [MESSAGE][WARNING] - Timeout '0' is invalid. Using default page load timeout: '60'

2022-01-04 08:21:05 - [MESSAGE][PASSED] - Text 'anggaaditya' has been set to element 'Object Repository/Mobile/Page/Login/Input Rdy - UserID'

2022-01-04 08:21:05 - [TEST_STEP][PASSED] - delay(1): Delayed 1 second(s)

2022-01-04 08:21:06 - [MESSAGE][PASSED] - Delayed 1 second(s)

2022-01-04 08:21:06 - [TEST_STEP][PASSED] - hideKeyboard(): Keyboard is hidden

2022-01-04 08:21:10 - [MESSAGE][PASSED] - Keyboard is hidden

2022-01-04 08:21:10 - [TEST_STEP][PASSED] - tap(LOGN_EdtPassword, 0): Tapped on element 'Object Repository/Mobile/Page/Login/Input - Password'

2022-01-04 08:21:10 - [MESSAGE][WARNING] - Timeout '0' is invalid. Using default page load timeout: '60'

2022-01-04 08:21:11 - [MESSAGE][PASSED] - Tapped on element 'Object Repository/Mobile/Page/Login/Input - Password'

2022-01-04 08:21:11 - [TEST_STEP][PASSED] - delay(1): Delayed 1 second(s)

2022-01-04 08:21:12 - [MESSAGE][PASSED] - Delayed 1 second(s)

2022-01-04 08:21:12 - [TEST_STEP][PASSED] - setText(LOGN_EdtRdyPassword, "Shalawa18", 0): Text 'Shalawa18' has been set to element 'Object Repository/Mobile/Page/Login/Input Rdy - Password'

2022-01-04 08:21:12 - [MESSAGE][WARNING] - Timeout '0' is invalid. Using default page load timeout: '60'

2022-01-04 08:21:13 - [MESSAGE][PASSED] - Text 'Shalawa18' has been set to element 'Object Repository/Mobile/Page/Login/Input Rdy - Password'

2022-01-04 08:21:13 - [TEST_STEP][PASSED] - delay(1): Delayed 1 second(s)

2022-01-04 08:21:14 - [MESSAGE][PASSED] - Delayed 1 second(s)

2022-01-04 08:21:14 - [TEST_STEP][PASSED] - hideKeyboard(): Keyboard is hidden

2022-01-04 08:21:21 - [MESSAGE][PASSED] - Keyboard is hidden

2022-01-04 08:21:21 - [TEST_STEP][PASSED] - tap(LOGN_BtnLogin, 0): Tapped on element 'Object Repository/Mobile/Page/Login/Button - Login'

2022-01-04 08:21:21 - [MESSAGE][WARNING] - Timeout '0' is invalid. Using default page load timeout: '60'

2022-01-04 08:21:22 - [MESSAGE][PASSED] - Tapped on element 'Object Repository/Mobile/Page/Login/Button - Login'

2022-01-04 08:21:22 - [TEST_STEP][PASSED] - delay(2): Delayed 2 second(s)

2022-01-04 08:21:24 - [MESSAGE][PASSED] - Delayed 2 second(s)

2022-01-04 08:21:24 - [TEST_STEP][PASSED] - break: null

2022-01-04 08:21:24 - [MESSAGE][PASSED] - Call Test Case 'Test Cases/Mobile/Page/Login/Login' successfully

2022-01-04 08:21:24 - [MESSAGE][PASSED] - Call Test Case 'Test Cases/Mobile/Page/CheckLogin' successfully

2022-01-04 08:21:24 - [TEST_STEP][PASSED] - delay(3): Delayed 3 second(s)

2022-01-04 08:21:27 - [MESSAGE][PASSED] - Delayed 3 second(s)

2022-01-04 08:21:27 - [TEST_STEP][PASSED] - scroll.scroll.scrollScreenLeftToRight(): scroll.scroll.scrollScreenLeftToRight is PASSED

2022-01-04 08:21:27 - [MESSAGE][PASSED] - Current device physical height is 1423

2022-01-04 08:21:28 - [MESSAGE][PASSED] - Current device physical width is 720

2022-01-04 08:21:28 - [MESSAGE][PASSED] - Current device physical height is 1423

2022-01-04 08:21:29 - [MESSAGE][PASSED] - Swiped from 10,711 to 710,711

2022-01-04 08:21:29 - [MESSAGE][PASSED] - scroll.scroll.scrollScreenLeftToRight is PASSED

2022-01-04 08:21:29 - [TEST_STEP][PASSED] - delay(1): Delayed 1 second(s)

2022-01-04 08:21:30 - [MESSAGE][PASSED] - Delayed 1 second(s)

2022-01-04 08:21:30 - [TEST_STEP][PASSED] - for ([i = 0, i < 1, (i++)]): Delayed 1 second(s)

2022-01-04 08:21:30 - [TEST_STEP][PASSED] - if (action == "downloadtaxreport"): null

2022-01-04 08:21:30 - [TEST_STEP][PASSED] - else if (action == "analyzeprofile"): null

2022-01-04 08:21:30 - [TEST_STEP][PASSED] - else if (action == "wa"): null

2022-01-04 08:21:30 - [TEST_STEP][PASSED] - else if (action == "email"): null

2022-01-04 08:21:30 - [TEST_STEP][PASSED] - else if (action == "setting"): null

2022-01-04 08:21:30 - [TEST_STEP][PASSED] - else if (action == "logout"): Delayed 1 second(s)

2022-01-04 08:21:30 - [TEST_STEP][PASSED] - logout = NAVM_ContLogout: null

2022-01-04 08:21:30 - [TEST_STEP][PASSED] - top = getElementTopPosition(logout, 0): Object 'Object Repository/Mobile/Page/NavigationMenu/Container - Logout' has top position '954'

2022-01-04 08:21:30 - [MESSAGE][WARNING] - Timeout '0' is invalid. Using default page load timeout: '60'

2022-01-04 08:21:31 - [MESSAGE][PASSED] - Object 'Object Repository/Mobile/Page/NavigationMenu/Container - Logout' has top position '954'

2022-01-04 08:21:31 - [TEST_STEP][PASSED] - y = getElementHeight(logout, 0) * 0.8 + top: Object 'Object Repository/Mobile/Page/NavigationMenu/Container - Logout' has height: '98'

2022-01-04 08:21:31 - [MESSAGE][WARNING] - Timeout '0' is invalid. Using default page load timeout: '60'

2022-01-04 08:21:31 - [MESSAGE][PASSED] - Object 'Object Repository/Mobile/Page/NavigationMenu/Container - Logout' has height: '98'

2022-01-04 08:21:31 - [TEST_STEP][PASSED] - x = getDeviceWidth() * 0.2: Current device physical width is 720

2022-01-04 08:21:31 - [MESSAGE][PASSED] - Current device physical width is 720

2022-01-04 08:21:31 - [TEST_STEP][PASSED] - tapAtPosition(x, y): Tapped at [144, 1,032]

2022-01-04 08:21:32 - [MESSAGE][PASSED] - Tapped at [144, 1,032]

2022-01-04 08:21:32 - [TEST_STEP][PASSED] - delay(1): Delayed 1 second(s)

2022-01-04 08:21:33 - [MESSAGE][PASSED] - Delayed 1 second(s)

2022-01-04 08:21:33 - [MESSAGE][PASSED] - Call Test Case 'Test Cases/Mobile/Page/NavigationMenu/NavigationMenu' successfully

2022-01-04 08:21:33 - [TEST_STEP][PASSED] - callTestCase(findTestCase("Mobile/Page/Run App/Terminate App"), [:], STOP_ON_FAILURE): Call Test Case 'Test Cases/Mobile/Page/Run App/Terminate App' successfully

2022-01-04 08:21:33 - [TEST_CASE][PASSED] - Test Cases/Mobile/Page/Run App/Terminate App: Test Cases/Mobile/Page/Run App/Terminate App

2022-01-04 08:21:33 - [TEST_STEP][PASSED] - startApp.OpenApp.terminateApplication(): startApp.OpenApp.terminateApplication is PASSED

2022-01-04 08:21:37 - [MESSAGE][PASSED] - Delayed 3 second(s)

2022-01-04 08:21:37 - [MESSAGE][PASSED] - Current device physical width is 720

2022-01-04 08:21:37 - [MESSAGE][PASSED] - Current device physical height is 1423

2022-01-04 08:21:39 - [MESSAGE][PASSED] - Swiped from 360,853 to 360,142

2022-01-04 08:21:40 - [MESSAGE][PASSED] - Delayed 1 second(s)

2022-01-04 08:21:41 - [MESSAGE][PASSED] - Swiped from 360,853 to 360,142

2022-01-04 08:21:44 - [MESSAGE][PASSED] - Delayed 3 second(s)

2022-01-04 08:21:44 - [MESSAGE][PASSED] - startApp.OpenApp.terminateApplication is PASSED

2022-01-04 08:21:44 - [MESSAGE][PASSED] - Call Test Case 'Test Cases/Mobile/Page/Run App/Terminate App' successfully]]></system-out>
         <system-err><![CDATA[]]></system-err>
      </testcase>
      <system-out><![CDATA[2022-01-04 08:12:57 - [TEST_SUITE][PASSED] - navigationmenu: Test Cases/Mobile/Scenario/NavigationMenu/006 - Logout]]></system-out>
      <system-err><![CDATA[]]></system-err>
   </testsuite>
</testsuites>
