<?xml version="1.0" encoding="UTF-8"?>
<testsuites name="home" time="629.006" tests="8" failures="0" skips="0" errors="0">
   <testsuite name="home" tests="8" failures="0" errors="0" time="629.006" skips="0" timestamp="2022-03-14 20:41:43" hostname="Owner - aldy-tft" id="Test Suites/home">
      <properties>
         <property name="deviceName" value="samsung SM-A205F (Android 11)"/>
         <property name="devicePlatform" value=""/>
         <property name="logFolder" value="C:\\Users\\Owner\\Documents\\kerjaan\\KatalonProject\\qa_katalon_pwm\\qa_katalon_pwm\\Reports\\20220314_204133\\home\\20220314_204133"/>
         <property name="logFiles" value="C:\\Users\\Owner\\Documents\\kerjaan\\KatalonProject\\qa_katalon_pwm\\qa_katalon_pwm\\Reports\\20220314_204133\\home\\20220314_204133\\appium.log, C:\\Users\\Owner\\Documents\\kerjaan\\KatalonProject\\qa_katalon_pwm\\qa_katalon_pwm\\Reports\\20220314_204133\\home\\20220314_204133\\execution0.log"/>
         <property name="attachments" value="C:\\Users\\Owner\\Documents\\kerjaan\\KatalonProject\\qa_katalon_pwm\\qa_katalon_pwm\\Reports\\20220314_204133\\home\\20220314_204133\\1647265534082.png, C:\\Users\\Owner\\Documents\\kerjaan\\KatalonProject\\qa_katalon_pwm\\qa_katalon_pwm\\Reports\\20220314_204133\\home\\20220314_204133\\1647265534898.png, C:\\Users\\Owner\\Documents\\kerjaan\\KatalonProject\\qa_katalon_pwm\\qa_katalon_pwm\\Reports\\20220314_204133\\home\\20220314_204133\\1647265579909.png, C:\\Users\\Owner\\Documents\\kerjaan\\KatalonProject\\qa_katalon_pwm\\qa_katalon_pwm\\Reports\\20220314_204133\\home\\20220314_204133\\1647265580798.png, C:\\Users\\Owner\\Documents\\kerjaan\\KatalonProject\\qa_katalon_pwm\\qa_katalon_pwm\\Reports\\20220314_204133\\home\\20220314_204133\\1647265634512.png, C:\\Users\\Owner\\Documents\\kerjaan\\KatalonProject\\qa_katalon_pwm\\qa_katalon_pwm\\Reports\\20220314_204133\\home\\20220314_204133\\1647265635351.png, C:\\Users\\Owner\\Documents\\kerjaan\\KatalonProject\\qa_katalon_pwm\\qa_katalon_pwm\\Reports\\20220314_204133\\home\\20220314_204133\\1647265809594.png, C:\\Users\\Owner\\Documents\\kerjaan\\KatalonProject\\qa_katalon_pwm\\qa_katalon_pwm\\Reports\\20220314_204133\\home\\20220314_204133\\1647265810436.png, C:\\Users\\Owner\\Documents\\kerjaan\\KatalonProject\\qa_katalon_pwm\\qa_katalon_pwm\\Reports\\20220314_204133\\home\\20220314_204133\\1647265869987.png, C:\\Users\\Owner\\Documents\\kerjaan\\KatalonProject\\qa_katalon_pwm\\qa_katalon_pwm\\Reports\\20220314_204133\\home\\20220314_204133\\1647265870905.png, C:\\Users\\Owner\\Documents\\kerjaan\\KatalonProject\\qa_katalon_pwm\\qa_katalon_pwm\\Reports\\20220314_204133\\home\\20220314_204133\\1647265918989.png, C:\\Users\\Owner\\Documents\\kerjaan\\KatalonProject\\qa_katalon_pwm\\qa_katalon_pwm\\Reports\\20220314_204133\\home\\20220314_204133\\1647265919875.png"/>
         <property name="hostName" value="Owner - aldy-tft"/>
         <property name="os" value="Windows 10 64bit"/>
         <property name="appiumServerStatus" value="{&quot;value&quot;:{&quot;build&quot;:{&quot;version&quot;:&quot;1.22.0&quot;}},&quot;sessionId&quot;:null,&quot;status&quot;:0}"/>
         <property name="katalonVersion" value="7.9.1.208"/>
         <property name="deviceOS" value="Android"/>
         <property name="appiumVersion" value="1.22.0"/>
         <property name="deviceModel" value="SM-A205F"/>
         <property name="hostAddress" value="192.168.100.14"/>
         <property name="deviceManufacturer" value="samsung"/>
         <property name="deviceId" value="RR8M40C9AXE"/>
         <property name="deviceName" value="samsung SM-A205F (Android 11)"/>
         <property name="deviceOSVersion" value="11"/>
      </properties>
      <testcase name="Test Cases/Mobile/Scenario/Home/001 - Melihat performance portfolio (highlight)" time="120.039" classname="Test Cases/Mobile/Scenario/Home/001 - Melihat performance portfolio (highlight)" status="PASSED">
         <system-out><![CDATA[2022-03-14 20:41:45 - [TEST_CASE][PASSED] - Test Cases/Mobile/Scenario/Home/001 - Melihat performance portfolio (highlight): Test Cases/Mobile/Scenario/Home/001 - Melihat performance portfolio (highlight)

2022-03-14 20:41:47 - [TEST_STEP][PASSED] - callTestCase(findTestCase("Mobile/Page/Run App/Run App byID"), [:], STOP_ON_FAILURE): Call Test Case 'Test Cases/Mobile/Page/Run App/Run App byID' successfully

2022-03-14 20:41:47 - [TEST_CASE][PASSED] - Test Cases/Mobile/Page/Run App/Run App byID: Test Cases/Mobile/Page/Run App/Run App byID

2022-03-14 20:41:48 - [TEST_STEP][PASSED] - startApp.OpenApp.startApplication("id.co.miraeasset.sageclub"): startApp.OpenApp.startApplication is PASSED

2022-03-14 20:41:52 - [MESSAGE][INFO] - Appium server started on port 52,128

2022-03-14 20:42:11 - [MESSAGE][PASSED] - Starting app with application ID: 'id.co.miraeasset.sageclub'

2022-03-14 20:42:11 - [MESSAGE][PASSED] - startApp.OpenApp.startApplication is PASSED

2022-03-14 20:42:11 - [MESSAGE][PASSED] - Call Test Case 'Test Cases/Mobile/Page/Run App/Run App byID' successfully

2022-03-14 20:42:11 - [TEST_STEP][PASSED] - callTestCase(findTestCase("Mobile/Page/Home/Home"), ["page":"none", "action":"seeperformance"], CONTINUE_ON_FAILURE): Call Test Case 'Test Cases/Mobile/Page/Home/Home' successfully

2022-03-14 20:42:12 - [TEST_CASE][PASSED] - Test Cases/Mobile/Page/Home/Home: Test Cases/Mobile/Page/Home/Home

2022-03-14 20:42:13 - [TEST_STEP][PASSED] - callTestCase(findTestCase("Mobile/Page/CheckLogin"), [:], CONTINUE_ON_FAILURE): Call Test Case 'Test Cases/Mobile/Page/CheckLogin' successfully

2022-03-14 20:42:13 - [TEST_CASE][PASSED] - Test Cases/Mobile/Page/CheckLogin: Test Cases/Mobile/Page/CheckLogin

2022-03-14 20:42:14 - [TEST_STEP][PASSED] - loginCheck = verifyElementExist(LOGN_BtnLogin, 5, CONTINUE_ON_FAILURE): Element 'Object Repository/Mobile/Page/Login/Button - Login' is exist

2022-03-14 20:42:15 - [MESSAGE][WARNING] - Test object with id 'Object Repository/Mobile/Page/Analysis/Button - Open With Just Once' does not exist

2022-03-14 20:42:15 - [MESSAGE][WARNING] - Test object with id 'Object Repository/Mobile/Page/Analysis/Button - Search' does not exist

2022-03-14 20:42:20 - [MESSAGE][WARNING] - Test object with id 'Object Repository/Mobile/Page/Home/Button -  Add Watchlist' does not exist

2022-03-14 20:42:20 - [MESSAGE][WARNING] - Test object with id 'Object Repository/Mobile/Page/Home/Button - Open with Just Once' does not exist

2022-03-14 20:42:20 - [MESSAGE][WARNING] - Test object with id 'Object Repository/Mobile/Page/Home/Container - Notification' does not exist

2022-03-14 20:42:22 - [MESSAGE][WARNING] - Test object with id 'Object Repository/Mobile/Page/Home/Watchlist/Input - Search' does not exist

2022-03-14 20:42:22 - [MESSAGE][WARNING] - Test object with id 'Object Repository/Mobile/Page/Home/Watchlist/Item - Top Search' does not exist

2022-03-14 20:42:23 - [MESSAGE][WARNING] - Test object with id 'Object Repository/Mobile/Page/Home/Watchlist/Detail Watchlist/Input - Expiry Date' does not exist

2022-03-14 20:42:23 - [MESSAGE][WARNING] - Test object with id 'Object Repository/Mobile/Page/Home/Watchlist/Detail Watchlist/Item - Watchlist' does not exist

2022-03-14 20:42:25 - [MESSAGE][WARNING] - Test object with id 'Object Repository/Mobile/Page/NavigationMenu/Button - Open Just Once' does not exist

2022-03-14 20:42:26 - [MESSAGE][WARNING] - Test object with id 'Object Repository/Mobile/Page/NavigationMenu/Container - Logout' does not exist

2022-03-14 20:42:38 - [MESSAGE][WARNING] - Test object with id 'Object Repository/Mobile/Page/Analysis/Button - Open With Just Once' does not exist

2022-03-14 20:42:38 - [MESSAGE][WARNING] - Test object with id 'Object Repository/Mobile/Page/Analysis/Button - Search' does not exist

2022-03-14 20:42:43 - [MESSAGE][WARNING] - Test object with id 'Object Repository/Mobile/Page/Home/Button -  Add Watchlist' does not exist

2022-03-14 20:42:43 - [MESSAGE][WARNING] - Test object with id 'Object Repository/Mobile/Page/Home/Button - Open with Just Once' does not exist

2022-03-14 20:42:44 - [MESSAGE][WARNING] - Test object with id 'Object Repository/Mobile/Page/Home/Container - Notification' does not exist

2022-03-14 20:42:45 - [MESSAGE][WARNING] - Test object with id 'Object Repository/Mobile/Page/Home/Watchlist/Input - Search' does not exist

2022-03-14 20:42:46 - [MESSAGE][WARNING] - Test object with id 'Object Repository/Mobile/Page/Home/Watchlist/Item - Top Search' does not exist

2022-03-14 20:42:47 - [MESSAGE][WARNING] - Test object with id 'Object Repository/Mobile/Page/Home/Watchlist/Detail Watchlist/Input - Expiry Date' does not exist

2022-03-14 20:42:48 - [MESSAGE][WARNING] - Test object with id 'Object Repository/Mobile/Page/Home/Watchlist/Detail Watchlist/Item - Watchlist' does not exist

2022-03-14 20:42:50 - [MESSAGE][WARNING] - Test object with id 'Object Repository/Mobile/Page/NavigationMenu/Button - Open Just Once' does not exist

2022-03-14 20:42:51 - [MESSAGE][WARNING] - Test object with id 'Object Repository/Mobile/Page/NavigationMenu/Container - Logout' does not exist

2022-03-14 20:43:05 - [MESSAGE][PASSED] - Element 'Object Repository/Mobile/Page/Login/Button - Login' is exist

2022-03-14 20:43:05 - [TEST_STEP][PASSED] - if (loginCheck): Call Test Case 'Test Cases/Mobile/Page/Login/Login' successfully

2022-03-14 20:43:05 - [TEST_STEP][PASSED] - callTestCase(findTestCase("Mobile/Page/Login/Login"), ["action":"username"], CONTINUE_ON_FAILURE): Call Test Case 'Test Cases/Mobile/Page/Login/Login' successfully

2022-03-14 20:43:05 - [TEST_CASE][PASSED] - Test Cases/Mobile/Page/Login/Login: Test Cases/Mobile/Page/Login/Login

2022-03-14 20:43:05 - [TEST_STEP][PASSED] - delay(2): Delayed 2 second(s)

2022-03-14 20:43:07 - [MESSAGE][PASSED] - Delayed 2 second(s)

2022-03-14 20:43:07 - [TEST_STEP][PASSED] - for ([i = 0, i < 1, (i++)]): null

2022-03-14 20:43:07 - [TEST_STEP][PASSED] - if (action == "username"): null

2022-03-14 20:43:07 - [TEST_STEP][PASSED] - tap(LOGN_EdtUserID, 0): Tapped on element 'Object Repository/Mobile/Page/Login/Input - UserID'

2022-03-14 20:43:08 - [MESSAGE][WARNING] - Timeout '0' is invalid. Using default page load timeout: '60'

2022-03-14 20:43:08 - [MESSAGE][PASSED] - Tapped on element 'Object Repository/Mobile/Page/Login/Input - UserID'

2022-03-14 20:43:08 - [TEST_STEP][PASSED] - delay(1): Delayed 1 second(s)

2022-03-14 20:43:09 - [MESSAGE][PASSED] - Delayed 1 second(s)

2022-03-14 20:43:09 - [TEST_STEP][PASSED] - setText(LOGN_EdtRdyUserID, "anggaaditya", 0): Text 'anggaaditya' has been set to element 'Object Repository/Mobile/Page/Login/Input Rdy - UserID'

2022-03-14 20:43:09 - [MESSAGE][WARNING] - Timeout '0' is invalid. Using default page load timeout: '60'

2022-03-14 20:43:10 - [MESSAGE][PASSED] - Text 'anggaaditya' has been set to element 'Object Repository/Mobile/Page/Login/Input Rdy - UserID'

2022-03-14 20:43:10 - [TEST_STEP][PASSED] - delay(1): Delayed 1 second(s)

2022-03-14 20:43:11 - [MESSAGE][PASSED] - Delayed 1 second(s)

2022-03-14 20:43:11 - [TEST_STEP][PASSED] - hideKeyboard(): Keyboard is hidden

2022-03-14 20:43:15 - [MESSAGE][PASSED] - Keyboard is hidden

2022-03-14 20:43:15 - [TEST_STEP][PASSED] - tap(LOGN_EdtPassword, 0): Tapped on element 'Object Repository/Mobile/Page/Login/Input - Password'

2022-03-14 20:43:15 - [MESSAGE][WARNING] - Timeout '0' is invalid. Using default page load timeout: '60'

2022-03-14 20:43:15 - [MESSAGE][PASSED] - Tapped on element 'Object Repository/Mobile/Page/Login/Input - Password'

2022-03-14 20:43:15 - [TEST_STEP][PASSED] - delay(1): Delayed 1 second(s)

2022-03-14 20:43:16 - [MESSAGE][PASSED] - Delayed 1 second(s)

2022-03-14 20:43:16 - [TEST_STEP][PASSED] - setText(LOGN_EdtRdyPassword, "Shalawa18", 0): Text 'Shalawa18' has been set to element 'Object Repository/Mobile/Page/Login/Input Rdy - Password'

2022-03-14 20:43:16 - [MESSAGE][WARNING] - Timeout '0' is invalid. Using default page load timeout: '60'

2022-03-14 20:43:17 - [MESSAGE][PASSED] - Text 'Shalawa18' has been set to element 'Object Repository/Mobile/Page/Login/Input Rdy - Password'

2022-03-14 20:43:17 - [TEST_STEP][PASSED] - delay(1): Delayed 1 second(s)

2022-03-14 20:43:18 - [MESSAGE][PASSED] - Delayed 1 second(s)

2022-03-14 20:43:18 - [TEST_STEP][PASSED] - hideKeyboard(): Keyboard is hidden

2022-03-14 20:43:24 - [MESSAGE][PASSED] - Keyboard is hidden

2022-03-14 20:43:24 - [TEST_STEP][PASSED] - tap(LOGN_BtnLogin, 0): Tapped on element 'Object Repository/Mobile/Page/Login/Button - Login'

2022-03-14 20:43:24 - [MESSAGE][WARNING] - Timeout '0' is invalid. Using default page load timeout: '60'

2022-03-14 20:43:25 - [MESSAGE][PASSED] - Tapped on element 'Object Repository/Mobile/Page/Login/Button - Login'

2022-03-14 20:43:25 - [TEST_STEP][PASSED] - delay(2): Delayed 2 second(s)

2022-03-14 20:43:27 - [MESSAGE][PASSED] - Delayed 2 second(s)

2022-03-14 20:43:27 - [TEST_STEP][PASSED] - break: null

2022-03-14 20:43:27 - [MESSAGE][PASSED] - Call Test Case 'Test Cases/Mobile/Page/Login/Login' successfully

2022-03-14 20:43:27 - [MESSAGE][PASSED] - Call Test Case 'Test Cases/Mobile/Page/CheckLogin' successfully

2022-03-14 20:43:27 - [TEST_STEP][PASSED] - for ([i = 0, i < 1, (i++)]): null

2022-03-14 20:43:27 - [TEST_STEP][PASSED] - if (action == "seeperformance"): null

2022-03-14 20:43:27 - [TEST_STEP][PASSED] - scroll.scroll.scrollScreenRightToLeft(HOME_ItemDailyPerf): scroll.scroll.scrollScreenRightToLeft is PASSED

2022-03-14 20:43:27 - [MESSAGE][WARNING] - Timeout '0' is invalid. Using default page load timeout: '60'

2022-03-14 20:43:30 - [MESSAGE][PASSED] - Object 'Object Repository/Mobile/Page/Home/Item - Daily Performance' has left position '0'

2022-03-14 20:43:30 - [MESSAGE][WARNING] - Timeout '0' is invalid. Using default page load timeout: '60'

2022-03-14 20:43:30 - [MESSAGE][PASSED] - Object 'Object Repository/Mobile/Page/Home/Item - Daily Performance' has top position '239'

2022-03-14 20:43:30 - [MESSAGE][WARNING] - Timeout '0' is invalid. Using default page load timeout: '60'

2022-03-14 20:43:30 - [MESSAGE][PASSED] - Object 'Object Repository/Mobile/Page/Home/Item - Daily Performance' has width: '460'

2022-03-14 20:43:30 - [MESSAGE][WARNING] - Timeout '0' is invalid. Using default page load timeout: '60'

2022-03-14 20:43:30 - [MESSAGE][PASSED] - Object 'Object Repository/Mobile/Page/Home/Item - Daily Performance' has height: '200'

2022-03-14 20:43:31 - [MESSAGE][PASSED] - Current device physical width is 720

2022-03-14 20:43:32 - [MESSAGE][PASSED] - Swiped from 620,339 to 100,339

2022-03-14 20:43:32 - [MESSAGE][PASSED] - scroll.scroll.scrollScreenRightToLeft is PASSED

2022-03-14 20:43:32 - [TEST_STEP][PASSED] - delay(2): Delayed 2 second(s)

2022-03-14 20:43:34 - [MESSAGE][PASSED] - Delayed 2 second(s)

2022-03-14 20:43:34 - [TEST_STEP][PASSED] - break: null

2022-03-14 20:43:34 - [MESSAGE][PASSED] - Call Test Case 'Test Cases/Mobile/Page/Home/Home' successfully

2022-03-14 20:43:34 - [TEST_STEP][PASSED] - callTestCase(findTestCase("Mobile/Page/Run App/Terminate App"), [:], STOP_ON_FAILURE): Call Test Case 'Test Cases/Mobile/Page/Run App/Terminate App' successfully

2022-03-14 20:43:34 - [TEST_CASE][PASSED] - Test Cases/Mobile/Page/Run App/Terminate App: Test Cases/Mobile/Page/Run App/Terminate App

2022-03-14 20:43:35 - [TEST_STEP][PASSED] - startApp.OpenApp.terminateApplication(): startApp.OpenApp.terminateApplication is PASSED

2022-03-14 20:43:38 - [MESSAGE][PASSED] - Delayed 3 second(s)

2022-03-14 20:43:38 - [MESSAGE][PASSED] - Current device physical width is 720

2022-03-14 20:43:39 - [MESSAGE][PASSED] - Current device physical height is 1423

2022-03-14 20:43:40 - [MESSAGE][PASSED] - Swiped from 360,853 to 360,142

2022-03-14 20:43:41 - [MESSAGE][PASSED] - Delayed 1 second(s)

2022-03-14 20:43:42 - [MESSAGE][PASSED] - Swiped from 360,853 to 360,142

2022-03-14 20:43:45 - [MESSAGE][PASSED] - Delayed 3 second(s)

2022-03-14 20:43:45 - [MESSAGE][PASSED] - startApp.OpenApp.terminateApplication is PASSED

2022-03-14 20:43:45 - [MESSAGE][PASSED] - Call Test Case 'Test Cases/Mobile/Page/Run App/Terminate App' successfully]]></system-out>
         <system-err><![CDATA[]]></system-err>
      </testcase>
      <testcase name="Test Cases/Mobile/Scenario/Home/002 - Melihat ad-hoc statement" time="64.601" classname="Test Cases/Mobile/Scenario/Home/002 - Melihat ad-hoc statement" status="PASSED">
         <system-out><![CDATA[2022-03-14 20:43:45 - [TEST_CASE][PASSED] - Test Cases/Mobile/Scenario/Home/002 - Melihat ad-hoc statement: Test Cases/Mobile/Scenario/Home/002 - Melihat ad-hoc statement

2022-03-14 20:43:46 - [TEST_STEP][PASSED] - callTestCase(findTestCase("Mobile/Page/Run App/Run App byID"), [:], STOP_ON_FAILURE): Call Test Case 'Test Cases/Mobile/Page/Run App/Run App byID' successfully

2022-03-14 20:43:46 - [TEST_CASE][PASSED] - Test Cases/Mobile/Page/Run App/Run App byID: Test Cases/Mobile/Page/Run App/Run App byID

2022-03-14 20:43:46 - [TEST_STEP][PASSED] - startApp.OpenApp.startApplication("id.co.miraeasset.sageclub"): startApp.OpenApp.startApplication is PASSED

2022-03-14 20:44:03 - [MESSAGE][PASSED] - Starting app with application ID: 'id.co.miraeasset.sageclub'

2022-03-14 20:44:03 - [MESSAGE][PASSED] - startApp.OpenApp.startApplication is PASSED

2022-03-14 20:44:03 - [MESSAGE][PASSED] - Call Test Case 'Test Cases/Mobile/Page/Run App/Run App byID' successfully

2022-03-14 20:44:03 - [TEST_STEP][PASSED] - callTestCase(findTestCase("Mobile/Page/Home/Home"), ["page":"none", "action":"requestadhoc"], CONTINUE_ON_FAILURE): Call Test Case 'Test Cases/Mobile/Page/Home/Home' successfully

2022-03-14 20:44:03 - [TEST_CASE][PASSED] - Test Cases/Mobile/Page/Home/Home: Test Cases/Mobile/Page/Home/Home

2022-03-14 20:44:03 - [TEST_STEP][PASSED] - callTestCase(findTestCase("Mobile/Page/CheckLogin"), [:], CONTINUE_ON_FAILURE): Call Test Case 'Test Cases/Mobile/Page/CheckLogin' successfully

2022-03-14 20:44:03 - [TEST_CASE][PASSED] - Test Cases/Mobile/Page/CheckLogin: Test Cases/Mobile/Page/CheckLogin

2022-03-14 20:44:03 - [TEST_STEP][PASSED] - loginCheck = verifyElementExist(LOGN_BtnLogin, 5, CONTINUE_ON_FAILURE): Element 'Object Repository/Mobile/Page/Login/Button - Login' is exist

2022-03-14 20:44:05 - [MESSAGE][PASSED] - Element 'Object Repository/Mobile/Page/Login/Button - Login' is exist

2022-03-14 20:44:05 - [TEST_STEP][PASSED] - if (loginCheck): Call Test Case 'Test Cases/Mobile/Page/Login/Login' successfully

2022-03-14 20:44:05 - [TEST_STEP][PASSED] - callTestCase(findTestCase("Mobile/Page/Login/Login"), ["action":"username"], CONTINUE_ON_FAILURE): Call Test Case 'Test Cases/Mobile/Page/Login/Login' successfully

2022-03-14 20:44:05 - [TEST_CASE][PASSED] - Test Cases/Mobile/Page/Login/Login: Test Cases/Mobile/Page/Login/Login

2022-03-14 20:44:05 - [TEST_STEP][PASSED] - delay(2): Delayed 2 second(s)

2022-03-14 20:44:07 - [MESSAGE][PASSED] - Delayed 2 second(s)

2022-03-14 20:44:07 - [TEST_STEP][PASSED] - for ([i = 0, i < 1, (i++)]): null

2022-03-14 20:44:07 - [TEST_STEP][PASSED] - if (action == "username"): null

2022-03-14 20:44:07 - [TEST_STEP][PASSED] - tap(LOGN_EdtUserID, 0): Tapped on element 'Object Repository/Mobile/Page/Login/Input - UserID'

2022-03-14 20:44:07 - [MESSAGE][WARNING] - Timeout '0' is invalid. Using default page load timeout: '60'

2022-03-14 20:44:07 - [MESSAGE][PASSED] - Tapped on element 'Object Repository/Mobile/Page/Login/Input - UserID'

2022-03-14 20:44:07 - [TEST_STEP][PASSED] - delay(1): Delayed 1 second(s)

2022-03-14 20:44:08 - [MESSAGE][PASSED] - Delayed 1 second(s)

2022-03-14 20:44:08 - [TEST_STEP][PASSED] - setText(LOGN_EdtRdyUserID, "anggaaditya", 0): Text 'anggaaditya' has been set to element 'Object Repository/Mobile/Page/Login/Input Rdy - UserID'

2022-03-14 20:44:08 - [MESSAGE][WARNING] - Timeout '0' is invalid. Using default page load timeout: '60'

2022-03-14 20:44:09 - [MESSAGE][PASSED] - Text 'anggaaditya' has been set to element 'Object Repository/Mobile/Page/Login/Input Rdy - UserID'

2022-03-14 20:44:09 - [TEST_STEP][PASSED] - delay(1): Delayed 1 second(s)

2022-03-14 20:44:10 - [MESSAGE][PASSED] - Delayed 1 second(s)

2022-03-14 20:44:10 - [TEST_STEP][PASSED] - hideKeyboard(): Keyboard is hidden

2022-03-14 20:44:13 - [MESSAGE][PASSED] - Keyboard is hidden

2022-03-14 20:44:13 - [TEST_STEP][PASSED] - tap(LOGN_EdtPassword, 0): Tapped on element 'Object Repository/Mobile/Page/Login/Input - Password'

2022-03-14 20:44:13 - [MESSAGE][WARNING] - Timeout '0' is invalid. Using default page load timeout: '60'

2022-03-14 20:44:14 - [MESSAGE][PASSED] - Tapped on element 'Object Repository/Mobile/Page/Login/Input - Password'

2022-03-14 20:44:14 - [TEST_STEP][PASSED] - delay(1): Delayed 1 second(s)

2022-03-14 20:44:15 - [MESSAGE][PASSED] - Delayed 1 second(s)

2022-03-14 20:44:15 - [TEST_STEP][PASSED] - setText(LOGN_EdtRdyPassword, "Shalawa18", 0): Text 'Shalawa18' has been set to element 'Object Repository/Mobile/Page/Login/Input Rdy - Password'

2022-03-14 20:44:15 - [MESSAGE][WARNING] - Timeout '0' is invalid. Using default page load timeout: '60'

2022-03-14 20:44:16 - [MESSAGE][PASSED] - Text 'Shalawa18' has been set to element 'Object Repository/Mobile/Page/Login/Input Rdy - Password'

2022-03-14 20:44:16 - [TEST_STEP][PASSED] - delay(1): Delayed 1 second(s)

2022-03-14 20:44:17 - [MESSAGE][PASSED] - Delayed 1 second(s)

2022-03-14 20:44:17 - [TEST_STEP][PASSED] - hideKeyboard(): Keyboard is hidden

2022-03-14 20:44:23 - [MESSAGE][PASSED] - Keyboard is hidden

2022-03-14 20:44:23 - [TEST_STEP][PASSED] - tap(LOGN_BtnLogin, 0): Tapped on element 'Object Repository/Mobile/Page/Login/Button - Login'

2022-03-14 20:44:23 - [MESSAGE][WARNING] - Timeout '0' is invalid. Using default page load timeout: '60'

2022-03-14 20:44:24 - [MESSAGE][PASSED] - Tapped on element 'Object Repository/Mobile/Page/Login/Button - Login'

2022-03-14 20:44:24 - [TEST_STEP][PASSED] - delay(2): Delayed 2 second(s)

2022-03-14 20:44:26 - [MESSAGE][PASSED] - Delayed 2 second(s)

2022-03-14 20:44:26 - [TEST_STEP][PASSED] - break: null

2022-03-14 20:44:26 - [MESSAGE][PASSED] - Call Test Case 'Test Cases/Mobile/Page/Login/Login' successfully

2022-03-14 20:44:26 - [MESSAGE][PASSED] - Call Test Case 'Test Cases/Mobile/Page/CheckLogin' successfully

2022-03-14 20:44:26 - [TEST_STEP][PASSED] - for ([i = 0, i < 1, (i++)]): null

2022-03-14 20:44:26 - [TEST_STEP][PASSED] - if (action == "seeperformance"): null

2022-03-14 20:44:26 - [TEST_STEP][PASSED] - else if (action == "requestadhoc"): null

2022-03-14 20:44:26 - [TEST_STEP][PASSED] - adhoc = HOME_ContRequestAdHoc: null

2022-03-14 20:44:26 - [TEST_STEP][PASSED] - x = getDeviceWidth() / 2: Current device physical width is 720

2022-03-14 20:44:26 - [MESSAGE][PASSED] - Current device physical width is 720

2022-03-14 20:44:26 - [TEST_STEP][PASSED] - y = getElementTopPosition(adhoc, 0) + getElementHeight(adhoc, 0) * 0.82: Object 'Object Repository/Mobile/Page/Home/Container - Request Ad Hoc' has height: '210'

2022-03-14 20:44:26 - [MESSAGE][WARNING] - Timeout '0' is invalid. Using default page load timeout: '60'

2022-03-14 20:44:28 - [MESSAGE][PASSED] - Object 'Object Repository/Mobile/Page/Home/Container - Request Ad Hoc' has top position '448'

2022-03-14 20:44:28 - [MESSAGE][WARNING] - Timeout '0' is invalid. Using default page load timeout: '60'

2022-03-14 20:44:28 - [MESSAGE][PASSED] - Object 'Object Repository/Mobile/Page/Home/Container - Request Ad Hoc' has height: '210'

2022-03-14 20:44:28 - [TEST_STEP][PASSED] - out.println("x : " + x): null

2022-03-14 20:44:28 - [TEST_STEP][PASSED] - out.println("y : " + y): null

2022-03-14 20:44:28 - [TEST_STEP][PASSED] - tapAtPosition(x, y): Tapped at [360, 620]

2022-03-14 20:44:28 - [MESSAGE][PASSED] - Tapped at [360, 620]

2022-03-14 20:44:28 - [TEST_STEP][PASSED] - delay(10): Delayed 10 second(s)

2022-03-14 20:44:38 - [MESSAGE][PASSED] - Delayed 10 second(s)

2022-03-14 20:44:38 - [TEST_STEP][PASSED] - pressBack(): Press back button successfully

2022-03-14 20:44:38 - [MESSAGE][PASSED] - Press back button successfully

2022-03-14 20:44:38 - [TEST_STEP][PASSED] - delay(1): Delayed 1 second(s)

2022-03-14 20:44:39 - [MESSAGE][PASSED] - Delayed 1 second(s)

2022-03-14 20:44:39 - [TEST_STEP][PASSED] - break: null

2022-03-14 20:44:39 - [MESSAGE][PASSED] - Call Test Case 'Test Cases/Mobile/Page/Home/Home' successfully

2022-03-14 20:44:39 - [TEST_STEP][PASSED] - callTestCase(findTestCase("Mobile/Page/Run App/Terminate App"), [:], STOP_ON_FAILURE): Call Test Case 'Test Cases/Mobile/Page/Run App/Terminate App' successfully

2022-03-14 20:44:40 - [TEST_CASE][PASSED] - Test Cases/Mobile/Page/Run App/Terminate App: Test Cases/Mobile/Page/Run App/Terminate App

2022-03-14 20:44:40 - [TEST_STEP][PASSED] - startApp.OpenApp.terminateApplication(): startApp.OpenApp.terminateApplication is PASSED

2022-03-14 20:44:43 - [MESSAGE][PASSED] - Delayed 3 second(s)

2022-03-14 20:44:43 - [MESSAGE][PASSED] - Current device physical width is 720

2022-03-14 20:44:43 - [MESSAGE][PASSED] - Current device physical height is 1423

2022-03-14 20:44:45 - [MESSAGE][PASSED] - Swiped from 360,853 to 360,142

2022-03-14 20:44:46 - [MESSAGE][PASSED] - Delayed 1 second(s)

2022-03-14 20:44:47 - [MESSAGE][PASSED] - Swiped from 360,853 to 360,142

2022-03-14 20:44:50 - [MESSAGE][PASSED] - Delayed 3 second(s)

2022-03-14 20:44:50 - [MESSAGE][PASSED] - startApp.OpenApp.terminateApplication is PASSED

2022-03-14 20:44:50 - [MESSAGE][PASSED] - Call Test Case 'Test Cases/Mobile/Page/Run App/Terminate App' successfully]]></system-out>
         <system-err><![CDATA[]]></system-err>
      </testcase>
      <testcase name="Test Cases/Mobile/Scenario/Home/003 - Menambahkan watchlist" time="101.678" classname="Test Cases/Mobile/Scenario/Home/003 - Menambahkan watchlist" status="PASSED">
         <system-out><![CDATA[2022-03-14 20:44:50 - [TEST_CASE][PASSED] - Test Cases/Mobile/Scenario/Home/003 - Menambahkan watchlist: Test Cases/Mobile/Scenario/Home/003 - Menambahkan watchlist

2022-03-14 20:44:51 - [TEST_STEP][PASSED] - callTestCase(findTestCase("Mobile/Page/Run App/Run App byID"), [:], STOP_ON_FAILURE): Call Test Case 'Test Cases/Mobile/Page/Run App/Run App byID' successfully

2022-03-14 20:44:51 - [TEST_CASE][PASSED] - Test Cases/Mobile/Page/Run App/Run App byID: Test Cases/Mobile/Page/Run App/Run App byID

2022-03-14 20:44:51 - [TEST_STEP][PASSED] - startApp.OpenApp.startApplication("id.co.miraeasset.sageclub"): startApp.OpenApp.startApplication is PASSED

2022-03-14 20:45:06 - [MESSAGE][PASSED] - Starting app with application ID: 'id.co.miraeasset.sageclub'

2022-03-14 20:45:06 - [MESSAGE][PASSED] - startApp.OpenApp.startApplication is PASSED

2022-03-14 20:45:06 - [MESSAGE][PASSED] - Call Test Case 'Test Cases/Mobile/Page/Run App/Run App byID' successfully

2022-03-14 20:45:06 - [TEST_STEP][PASSED] - callTestCase(findTestCase("Mobile/Page/Home/Home"), ["page":"none", "action":"addwatchlist"], CONTINUE_ON_FAILURE): Call Test Case 'Test Cases/Mobile/Page/Home/Home' successfully

2022-03-14 20:45:06 - [TEST_CASE][PASSED] - Test Cases/Mobile/Page/Home/Home: Test Cases/Mobile/Page/Home/Home

2022-03-14 20:45:07 - [TEST_STEP][PASSED] - callTestCase(findTestCase("Mobile/Page/CheckLogin"), [:], CONTINUE_ON_FAILURE): Call Test Case 'Test Cases/Mobile/Page/CheckLogin' successfully

2022-03-14 20:45:07 - [TEST_CASE][PASSED] - Test Cases/Mobile/Page/CheckLogin: Test Cases/Mobile/Page/CheckLogin

2022-03-14 20:45:07 - [TEST_STEP][PASSED] - loginCheck = verifyElementExist(LOGN_BtnLogin, 5, CONTINUE_ON_FAILURE): Element 'Object Repository/Mobile/Page/Login/Button - Login' is exist

2022-03-14 20:45:08 - [MESSAGE][PASSED] - Element 'Object Repository/Mobile/Page/Login/Button - Login' is exist

2022-03-14 20:45:08 - [TEST_STEP][PASSED] - if (loginCheck): Call Test Case 'Test Cases/Mobile/Page/Login/Login' successfully

2022-03-14 20:45:08 - [TEST_STEP][PASSED] - callTestCase(findTestCase("Mobile/Page/Login/Login"), ["action":"username"], CONTINUE_ON_FAILURE): Call Test Case 'Test Cases/Mobile/Page/Login/Login' successfully

2022-03-14 20:45:08 - [TEST_CASE][PASSED] - Test Cases/Mobile/Page/Login/Login: Test Cases/Mobile/Page/Login/Login

2022-03-14 20:45:08 - [TEST_STEP][PASSED] - delay(2): Delayed 2 second(s)

2022-03-14 20:45:10 - [MESSAGE][PASSED] - Delayed 2 second(s)

2022-03-14 20:45:10 - [TEST_STEP][PASSED] - for ([i = 0, i < 1, (i++)]): null

2022-03-14 20:45:10 - [TEST_STEP][PASSED] - if (action == "username"): null

2022-03-14 20:45:10 - [TEST_STEP][PASSED] - tap(LOGN_EdtUserID, 0): Tapped on element 'Object Repository/Mobile/Page/Login/Input - UserID'

2022-03-14 20:45:10 - [MESSAGE][WARNING] - Timeout '0' is invalid. Using default page load timeout: '60'

2022-03-14 20:45:11 - [MESSAGE][PASSED] - Tapped on element 'Object Repository/Mobile/Page/Login/Input - UserID'

2022-03-14 20:45:11 - [TEST_STEP][PASSED] - delay(1): Delayed 1 second(s)

2022-03-14 20:45:12 - [MESSAGE][PASSED] - Delayed 1 second(s)

2022-03-14 20:45:12 - [TEST_STEP][PASSED] - setText(LOGN_EdtRdyUserID, "anggaaditya", 0): Text 'anggaaditya' has been set to element 'Object Repository/Mobile/Page/Login/Input Rdy - UserID'

2022-03-14 20:45:12 - [MESSAGE][WARNING] - Timeout '0' is invalid. Using default page load timeout: '60'

2022-03-14 20:45:12 - [MESSAGE][PASSED] - Text 'anggaaditya' has been set to element 'Object Repository/Mobile/Page/Login/Input Rdy - UserID'

2022-03-14 20:45:13 - [TEST_STEP][PASSED] - delay(1): Delayed 1 second(s)

2022-03-14 20:45:14 - [MESSAGE][PASSED] - Delayed 1 second(s)

2022-03-14 20:45:14 - [TEST_STEP][PASSED] - hideKeyboard(): Keyboard is hidden

2022-03-14 20:45:17 - [MESSAGE][PASSED] - Keyboard is hidden

2022-03-14 20:45:17 - [TEST_STEP][PASSED] - tap(LOGN_EdtPassword, 0): Tapped on element 'Object Repository/Mobile/Page/Login/Input - Password'

2022-03-14 20:45:17 - [MESSAGE][WARNING] - Timeout '0' is invalid. Using default page load timeout: '60'

2022-03-14 20:45:18 - [MESSAGE][PASSED] - Tapped on element 'Object Repository/Mobile/Page/Login/Input - Password'

2022-03-14 20:45:18 - [TEST_STEP][PASSED] - delay(1): Delayed 1 second(s)

2022-03-14 20:45:19 - [MESSAGE][PASSED] - Delayed 1 second(s)

2022-03-14 20:45:19 - [TEST_STEP][PASSED] - setText(LOGN_EdtRdyPassword, "Shalawa18", 0): Text 'Shalawa18' has been set to element 'Object Repository/Mobile/Page/Login/Input Rdy - Password'

2022-03-14 20:45:19 - [MESSAGE][WARNING] - Timeout '0' is invalid. Using default page load timeout: '60'

2022-03-14 20:45:19 - [MESSAGE][PASSED] - Text 'Shalawa18' has been set to element 'Object Repository/Mobile/Page/Login/Input Rdy - Password'

2022-03-14 20:45:19 - [TEST_STEP][PASSED] - delay(1): Delayed 1 second(s)

2022-03-14 20:45:20 - [MESSAGE][PASSED] - Delayed 1 second(s)

2022-03-14 20:45:20 - [TEST_STEP][PASSED] - hideKeyboard(): Keyboard is hidden

2022-03-14 20:45:27 - [MESSAGE][PASSED] - Keyboard is hidden

2022-03-14 20:45:27 - [TEST_STEP][PASSED] - tap(LOGN_BtnLogin, 0): Tapped on element 'Object Repository/Mobile/Page/Login/Button - Login'

2022-03-14 20:45:27 - [MESSAGE][WARNING] - Timeout '0' is invalid. Using default page load timeout: '60'

2022-03-14 20:45:27 - [MESSAGE][PASSED] - Tapped on element 'Object Repository/Mobile/Page/Login/Button - Login'

2022-03-14 20:45:27 - [TEST_STEP][PASSED] - delay(2): Delayed 2 second(s)

2022-03-14 20:45:29 - [MESSAGE][PASSED] - Delayed 2 second(s)

2022-03-14 20:45:29 - [TEST_STEP][PASSED] - break: null

2022-03-14 20:45:29 - [MESSAGE][PASSED] - Call Test Case 'Test Cases/Mobile/Page/Login/Login' successfully

2022-03-14 20:45:30 - [MESSAGE][PASSED] - Call Test Case 'Test Cases/Mobile/Page/CheckLogin' successfully

2022-03-14 20:45:30 - [TEST_STEP][FAILED] - for ([i = 0, i < 1, (i++)]): null

2022-03-14 20:45:30 - [TEST_STEP][PASSED] - if (action == "seeperformance"): null

2022-03-14 20:45:30 - [TEST_STEP][PASSED] - else if (action == "requestadhoc"): null

2022-03-14 20:45:30 - [TEST_STEP][FAILED] - else if (action == "addwatchlist" || action == "deletewatchlist"): null

2022-03-14 20:45:30 - [TEST_STEP][PASSED] - delay(2): Delayed 2 second(s)

2022-03-14 20:45:32 - [MESSAGE][PASSED] - Delayed 2 second(s)

2022-03-14 20:45:32 - [TEST_STEP][FAILED] - try: Failed to check for element 'Object Repository/Mobile/Page/Home/Item - Top Watchlist' exist (Root cause: com.kms.katalon.core.exception.StepFailedException: Element 'Object Repository/Mobile/Page/Home/Item - Top Watchlist' not found
	at com.kms.katalon.core.keyword.internal.KeywordMain.stepFailed(KeywordMain.groovy:50)
	at com.kms.katalon.core.mobile.keyword.internal.MobileKeywordMain.stepFailed(MobileKeywordMain.groovy:40)
	at com.kms.katalon.core.mobile.keyword.builtin.VerifyElementExistKeyword$_verifyElementExist_closure1.doCall(VerifyElementExistKeyword.groovy:77)
	at com.kms.katalon.core.mobile.keyword.builtin.VerifyElementExistKeyword$_verifyElementExist_closure1.call(VerifyElementExistKeyword.groovy)
	at com.kms.katalon.core.mobile.keyword.internal.MobileKeywordMain.runKeyword(MobileKeywordMain.groovy:21)
	at com.kms.katalon.core.mobile.keyword.builtin.VerifyElementExistKeyword.verifyElementExist(VerifyElementExistKeyword.groovy:80)
	at com.kms.katalon.core.mobile.keyword.builtin.VerifyElementExistKeyword.execute(VerifyElementExistKeyword.groovy:64)
	at com.kms.katalon.core.keyword.internal.KeywordExecutor.executeKeywordForPlatform(KeywordExecutor.groovy:73)
	at com.kms.katalon.core.mobile.keyword.MobileBuiltInKeywords.verifyElementExist(MobileBuiltInKeywords.groovy:1586)
	at com.kms.katalon.core.mobile.keyword.MobileBuiltInKeywords$verifyElementExist$13.call(Unknown Source)
	at Home.run(Home:46)
	at com.kms.katalon.core.main.ScriptEngine.run(ScriptEngine.java:194)
	at com.kms.katalon.core.main.ScriptEngine.runScriptAsRawText(ScriptEngine.java:119)
	at com.kms.katalon.core.main.TestCaseExecutor.runScript(TestCaseExecutor.java:398)
	at com.kms.katalon.core.main.TestCaseExecutor.doExecute(TestCaseExecutor.java:389)
	at com.kms.katalon.core.main.TestCaseExecutor.processExecutionPhase(TestCaseExecutor.java:368)
	at com.kms.katalon.core.main.TestCaseExecutor.accessMainPhase(TestCaseExecutor.java:360)
	at com.kms.katalon.core.main.TestCaseExecutor.execute(TestCaseExecutor.java:255)
	at com.kms.katalon.core.main.TestCaseMain.runTestCase(TestCaseMain.java:114)
	at com.kms.katalon.core.keyword.builtin.CallTestCaseKeyword$_callTestCase_closure1.doCall(CallTestCaseKeyword.groovy:59)
	at com.kms.katalon.core.keyword.builtin.CallTestCaseKeyword$_callTestCase_closure1.call(CallTestCaseKeyword.groovy)
	at com.kms.katalon.core.keyword.internal.KeywordMain.runKeyword(KeywordMain.groovy:68)
	at com.kms.katalon.core.keyword.builtin.CallTestCaseKeyword.callTestCase(CallTestCaseKeyword.groovy:81)
	at com.kms.katalon.core.keyword.builtin.CallTestCaseKeyword.execute(CallTestCaseKeyword.groovy:44)
	at com.kms.katalon.core.keyword.internal.KeywordExecutor.executeKeywordForPlatform(KeywordExecutor.groovy:73)
	at com.kms.katalon.core.keyword.BuiltinKeywords.callTestCase(BuiltinKeywords.groovy:334)
	at 003 - Menambahkan watchlist.run(003 - Menambahkan watchlist:22)
	at com.kms.katalon.core.main.ScriptEngine.run(ScriptEngine.java:194)
	at com.kms.katalon.core.main.ScriptEngine.runScriptAsRawText(ScriptEngine.java:119)
	at com.kms.katalon.core.main.TestCaseExecutor.runScript(TestCaseExecutor.java:398)
	at com.kms.katalon.core.main.TestCaseExecutor.doExecute(TestCaseExecutor.java:389)
	at com.kms.katalon.core.main.TestCaseExecutor.processExecutionPhase(TestCaseExecutor.java:368)
	at com.kms.katalon.core.main.TestCaseExecutor.accessMainPhase(TestCaseExecutor.java:360)
	at com.kms.katalon.core.main.TestCaseExecutor.execute(TestCaseExecutor.java:255)
	at com.kms.katalon.core.main.TestSuiteExecutor.accessTestCaseMainPhase(TestSuiteExecutor.java:203)
	at com.kms.katalon.core.main.TestSuiteExecutor.accessTestSuiteMainPhase(TestSuiteExecutor.java:152)
	at com.kms.katalon.core.main.TestSuiteExecutor.execute(TestSuiteExecutor.java:95)
	at com.kms.katalon.core.main.TestCaseMain.startTestSuite(TestCaseMain.java:157)
	at com.kms.katalon.core.main.TestCaseMain$startTestSuite$0.call(Unknown Source)
	at TempTestSuite1647265293311.run(TempTestSuite1647265293311.groovy:39)
)

2022-03-14 20:45:32 - [TEST_STEP][PASSED] - itemWatchlist = HOME_ItemTopWatchlist: null

2022-03-14 20:45:32 - [TEST_STEP][FAILED] - itemWatchlistExist = verifyElementExist(itemWatchlist, 2): Failed to check for element 'Object Repository/Mobile/Page/Home/Item - Top Watchlist' exist (Root cause: com.kms.katalon.core.exception.StepFailedException: Element 'Object Repository/Mobile/Page/Home/Item - Top Watchlist' not found
	at com.kms.katalon.core.keyword.internal.KeywordMain.stepFailed(KeywordMain.groovy:50)
	at com.kms.katalon.core.mobile.keyword.internal.MobileKeywordMain.stepFailed(MobileKeywordMain.groovy:40)
	at com.kms.katalon.core.mobile.keyword.builtin.VerifyElementExistKeyword$_verifyElementExist_closure1.doCall(VerifyElementExistKeyword.groovy:77)
	at com.kms.katalon.core.mobile.keyword.builtin.VerifyElementExistKeyword$_verifyElementExist_closure1.call(VerifyElementExistKeyword.groovy)
	at com.kms.katalon.core.mobile.keyword.internal.MobileKeywordMain.runKeyword(MobileKeywordMain.groovy:21)
	at com.kms.katalon.core.mobile.keyword.builtin.VerifyElementExistKeyword.verifyElementExist(VerifyElementExistKeyword.groovy:80)
	at com.kms.katalon.core.mobile.keyword.builtin.VerifyElementExistKeyword.execute(VerifyElementExistKeyword.groovy:64)
	at com.kms.katalon.core.keyword.internal.KeywordExecutor.executeKeywordForPlatform(KeywordExecutor.groovy:73)
	at com.kms.katalon.core.mobile.keyword.MobileBuiltInKeywords.verifyElementExist(MobileBuiltInKeywords.groovy:1586)
	at com.kms.katalon.core.mobile.keyword.MobileBuiltInKeywords$verifyElementExist$13.call(Unknown Source)
	at Home.run(Home:46)
	at com.kms.katalon.core.main.ScriptEngine.run(ScriptEngine.java:194)
	at com.kms.katalon.core.main.ScriptEngine.runScriptAsRawText(ScriptEngine.java:119)
	at com.kms.katalon.core.main.TestCaseExecutor.runScript(TestCaseExecutor.java:398)
	at com.kms.katalon.core.main.TestCaseExecutor.doExecute(TestCaseExecutor.java:389)
	at com.kms.katalon.core.main.TestCaseExecutor.processExecutionPhase(TestCaseExecutor.java:368)
	at com.kms.katalon.core.main.TestCaseExecutor.accessMainPhase(TestCaseExecutor.java:360)
	at com.kms.katalon.core.main.TestCaseExecutor.execute(TestCaseExecutor.java:255)
	at com.kms.katalon.core.main.TestCaseMain.runTestCase(TestCaseMain.java:114)
	at com.kms.katalon.core.keyword.builtin.CallTestCaseKeyword$_callTestCase_closure1.doCall(CallTestCaseKeyword.groovy:59)
	at com.kms.katalon.core.keyword.builtin.CallTestCaseKeyword$_callTestCase_closure1.call(CallTestCaseKeyword.groovy)
	at com.kms.katalon.core.keyword.internal.KeywordMain.runKeyword(KeywordMain.groovy:68)
	at com.kms.katalon.core.keyword.builtin.CallTestCaseKeyword.callTestCase(CallTestCaseKeyword.groovy:81)
	at com.kms.katalon.core.keyword.builtin.CallTestCaseKeyword.execute(CallTestCaseKeyword.groovy:44)
	at com.kms.katalon.core.keyword.internal.KeywordExecutor.executeKeywordForPlatform(KeywordExecutor.groovy:73)
	at com.kms.katalon.core.keyword.BuiltinKeywords.callTestCase(BuiltinKeywords.groovy:334)
	at 003 - Menambahkan watchlist.run(003 - Menambahkan watchlist:22)
	at com.kms.katalon.core.main.ScriptEngine.run(ScriptEngine.java:194)
	at com.kms.katalon.core.main.ScriptEngine.runScriptAsRawText(ScriptEngine.java:119)
	at com.kms.katalon.core.main.TestCaseExecutor.runScript(TestCaseExecutor.java:398)
	at com.kms.katalon.core.main.TestCaseExecutor.doExecute(TestCaseExecutor.java:389)
	at com.kms.katalon.core.main.TestCaseExecutor.processExecutionPhase(TestCaseExecutor.java:368)
	at com.kms.katalon.core.main.TestCaseExecutor.accessMainPhase(TestCaseExecutor.java:360)
	at com.kms.katalon.core.main.TestCaseExecutor.execute(TestCaseExecutor.java:255)
	at com.kms.katalon.core.main.TestSuiteExecutor.accessTestCaseMainPhase(TestSuiteExecutor.java:203)
	at com.kms.katalon.core.main.TestSuiteExecutor.accessTestSuiteMainPhase(TestSuiteExecutor.java:152)
	at com.kms.katalon.core.main.TestSuiteExecutor.execute(TestSuiteExecutor.java:95)
	at com.kms.katalon.core.main.TestCaseMain.startTestSuite(TestCaseMain.java:157)
	at com.kms.katalon.core.main.TestCaseMain$startTestSuite$0.call(Unknown Source)
	at TempTestSuite1647265293311.run(TempTestSuite1647265293311.groovy:39)
)

2022-03-14 20:45:34 - [MESSAGE][FAILED] - Element 'Object Repository/Mobile/Page/Home/Item - Top Watchlist' not found
[[ATTACHMENT|C:\\Users\\Owner\\Documents\\kerjaan\\KatalonProject\\qa_katalon_pwm\\qa_katalon_pwm\\Reports\\20220314_204133\\home\\20220314_204133\\1647265534082.png]]

2022-03-14 20:45:35 - [MESSAGE][FAILED] - Failed to check for element 'Object Repository/Mobile/Page/Home/Item - Top Watchlist' exist (Root cause: com.kms.katalon.core.exception.StepFailedException: Element 'Object Repository/Mobile/Page/Home/Item - Top Watchlist' not found
	at com.kms.katalon.core.keyword.internal.KeywordMain.stepFailed(KeywordMain.groovy:50)
	at com.kms.katalon.core.mobile.keyword.internal.MobileKeywordMain.stepFailed(MobileKeywordMain.groovy:40)
	at com.kms.katalon.core.mobile.keyword.builtin.VerifyElementExistKeyword$_verifyElementExist_closure1.doCall(VerifyElementExistKeyword.groovy:77)
	at com.kms.katalon.core.mobile.keyword.builtin.VerifyElementExistKeyword$_verifyElementExist_closure1.call(VerifyElementExistKeyword.groovy)
	at com.kms.katalon.core.mobile.keyword.internal.MobileKeywordMain.runKeyword(MobileKeywordMain.groovy:21)
	at com.kms.katalon.core.mobile.keyword.builtin.VerifyElementExistKeyword.verifyElementExist(VerifyElementExistKeyword.groovy:80)
	at com.kms.katalon.core.mobile.keyword.builtin.VerifyElementExistKeyword.execute(VerifyElementExistKeyword.groovy:64)
	at com.kms.katalon.core.keyword.internal.KeywordExecutor.executeKeywordForPlatform(KeywordExecutor.groovy:73)
	at com.kms.katalon.core.mobile.keyword.MobileBuiltInKeywords.verifyElementExist(MobileBuiltInKeywords.groovy:1586)
	at com.kms.katalon.core.mobile.keyword.MobileBuiltInKeywords$verifyElementExist$13.call(Unknown Source)
	at Home.run(Home:46)
	at com.kms.katalon.core.main.ScriptEngine.run(ScriptEngine.java:194)
	at com.kms.katalon.core.main.ScriptEngine.runScriptAsRawText(ScriptEngine.java:119)
	at com.kms.katalon.core.main.TestCaseExecutor.runScript(TestCaseExecutor.java:398)
	at com.kms.katalon.core.main.TestCaseExecutor.doExecute(TestCaseExecutor.java:389)
	at com.kms.katalon.core.main.TestCaseExecutor.processExecutionPhase(TestCaseExecutor.java:368)
	at com.kms.katalon.core.main.TestCaseExecutor.accessMainPhase(TestCaseExecutor.java:360)
	at com.kms.katalon.core.main.TestCaseExecutor.execute(TestCaseExecutor.java:255)
	at com.kms.katalon.core.main.TestCaseMain.runTestCase(TestCaseMain.java:114)
	at com.kms.katalon.core.keyword.builtin.CallTestCaseKeyword$_callTestCase_closure1.doCall(CallTestCaseKeyword.groovy:59)
	at com.kms.katalon.core.keyword.builtin.CallTestCaseKeyword$_callTestCase_closure1.call(CallTestCaseKeyword.groovy)
	at com.kms.katalon.core.keyword.internal.KeywordMain.runKeyword(KeywordMain.groovy:68)
	at com.kms.katalon.core.keyword.builtin.CallTestCaseKeyword.callTestCase(CallTestCaseKeyword.groovy:81)
	at com.kms.katalon.core.keyword.builtin.CallTestCaseKeyword.execute(CallTestCaseKeyword.groovy:44)
	at com.kms.katalon.core.keyword.internal.KeywordExecutor.executeKeywordForPlatform(KeywordExecutor.groovy:73)
	at com.kms.katalon.core.keyword.BuiltinKeywords.callTestCase(BuiltinKeywords.groovy:334)
	at 003 - Menambahkan watchlist.run(003 - Menambahkan watchlist:22)
	at com.kms.katalon.core.main.ScriptEngine.run(ScriptEngine.java:194)
	at com.kms.katalon.core.main.ScriptEngine.runScriptAsRawText(ScriptEngine.java:119)
	at com.kms.katalon.core.main.TestCaseExecutor.runScript(TestCaseExecutor.java:398)
	at com.kms.katalon.core.main.TestCaseExecutor.doExecute(TestCaseExecutor.java:389)
	at com.kms.katalon.core.main.TestCaseExecutor.processExecutionPhase(TestCaseExecutor.java:368)
	at com.kms.katalon.core.main.TestCaseExecutor.accessMainPhase(TestCaseExecutor.java:360)
	at com.kms.katalon.core.main.TestCaseExecutor.execute(TestCaseExecutor.java:255)
	at com.kms.katalon.core.main.TestSuiteExecutor.accessTestCaseMainPhase(TestSuiteExecutor.java:203)
	at com.kms.katalon.core.main.TestSuiteExecutor.accessTestSuiteMainPhase(TestSuiteExecutor.java:152)
	at com.kms.katalon.core.main.TestSuiteExecutor.execute(TestSuiteExecutor.java:95)
	at com.kms.katalon.core.main.TestCaseMain.startTestSuite(TestCaseMain.java:157)
	at com.kms.katalon.core.main.TestCaseMain$startTestSuite$0.call(Unknown Source)
	at TempTestSuite1647265293311.run(TempTestSuite1647265293311.groovy:39)
)
[[ATTACHMENT|C:\\Users\\Owner\\Documents\\kerjaan\\KatalonProject\\qa_katalon_pwm\\qa_katalon_pwm\\Reports\\20220314_204133\\home\\20220314_204133\\1647265534898.png]]

2022-03-14 20:45:35 - [TEST_STEP][PASSED] - catch (Exception e): null

2022-03-14 20:45:35 - [TEST_STEP][PASSED] - watchlist = HOME_ContWatchlist: null

2022-03-14 20:45:35 - [TEST_STEP][PASSED] - left_position = getElementLeftPosition(watchlist, 0): Object 'Object Repository/Mobile/Page/Home/Container - Watchlist' has left position '28'

2022-03-14 20:45:35 - [MESSAGE][WARNING] - Timeout '0' is invalid. Using default page load timeout: '60'

2022-03-14 20:45:35 - [MESSAGE][PASSED] - Object 'Object Repository/Mobile/Page/Home/Container - Watchlist' has left position '28'

2022-03-14 20:45:35 - [TEST_STEP][PASSED] - top_position = getElementTopPosition(watchlist, 0): Object 'Object Repository/Mobile/Page/Home/Container - Watchlist' has top position '658'

2022-03-14 20:45:35 - [MESSAGE][WARNING] - Timeout '0' is invalid. Using default page load timeout: '60'

2022-03-14 20:45:35 - [MESSAGE][PASSED] - Object 'Object Repository/Mobile/Page/Home/Container - Watchlist' has top position '658'

2022-03-14 20:45:35 - [TEST_STEP][PASSED] - width = getElementWidth(watchlist, 0): Object 'Object Repository/Mobile/Page/Home/Container - Watchlist' has width: '664'

2022-03-14 20:45:35 - [MESSAGE][WARNING] - Timeout '0' is invalid. Using default page load timeout: '60'

2022-03-14 20:45:36 - [MESSAGE][PASSED] - Object 'Object Repository/Mobile/Page/Home/Container - Watchlist' has width: '664'

2022-03-14 20:45:36 - [TEST_STEP][PASSED] - height = getElementHeight(watchlist, 0): Object 'Object Repository/Mobile/Page/Home/Container - Watchlist' has height: '450'

2022-03-14 20:45:36 - [MESSAGE][WARNING] - Timeout '0' is invalid. Using default page load timeout: '60'

2022-03-14 20:45:36 - [MESSAGE][PASSED] - Object 'Object Repository/Mobile/Page/Home/Container - Watchlist' has height: '450'

2022-03-14 20:45:36 - [TEST_STEP][PASSED] - x = left_position + width * 0.9: null

2022-03-14 20:45:36 - [TEST_STEP][PASSED] - y = top_position + 52: null

2022-03-14 20:45:36 - [TEST_STEP][PASSED] - tapAtPosition(x, y): Tapped at [625, 710]

2022-03-14 20:45:36 - [MESSAGE][PASSED] - Tapped at [625, 710]

2022-03-14 20:45:36 - [TEST_STEP][PASSED] - delay(2): Delayed 2 second(s)

2022-03-14 20:45:38 - [MESSAGE][PASSED] - Delayed 2 second(s)

2022-03-14 20:45:38 - [TEST_STEP][PASSED] - tap(HOME_WCTL_FabAdd, 0): Tapped on element 'Object Repository/Mobile/Page/Home/Watchlist/Fab - Add'

2022-03-14 20:45:38 - [MESSAGE][WARNING] - Timeout '0' is invalid. Using default page load timeout: '60'

2022-03-14 20:45:39 - [MESSAGE][PASSED] - Tapped on element 'Object Repository/Mobile/Page/Home/Watchlist/Fab - Add'

2022-03-14 20:45:39 - [TEST_STEP][PASSED] - delay(1): Delayed 1 second(s)

2022-03-14 20:45:40 - [MESSAGE][PASSED] - Delayed 1 second(s)

2022-03-14 20:45:40 - [TEST_STEP][PASSED] - search = HOME_WCTL_DETL_ContSearch: null

2022-03-14 20:45:40 - [TEST_STEP][PASSED] - x1 = getElementLeftPosition(search, 0) + getElementWidth(search, 0) / 2: Object 'Object Repository/Mobile/Page/Home/Watchlist/Detail Watchlist/Container - Search' has width: '657'

2022-03-14 20:45:40 - [MESSAGE][WARNING] - Timeout '0' is invalid. Using default page load timeout: '60'

2022-03-14 20:45:40 - [MESSAGE][PASSED] - Object 'Object Repository/Mobile/Page/Home/Watchlist/Detail Watchlist/Container - Search' has left position '32'

2022-03-14 20:45:40 - [MESSAGE][WARNING] - Timeout '0' is invalid. Using default page load timeout: '60'

2022-03-14 20:45:41 - [MESSAGE][PASSED] - Object 'Object Repository/Mobile/Page/Home/Watchlist/Detail Watchlist/Container - Search' has width: '657'

2022-03-14 20:45:41 - [TEST_STEP][PASSED] - y1 = getElementTopPosition(search, 0) + getElementHeight(search, 0) * 0.8: Object 'Object Repository/Mobile/Page/Home/Watchlist/Detail Watchlist/Container - Search' has height: '129'

2022-03-14 20:45:41 - [MESSAGE][WARNING] - Timeout '0' is invalid. Using default page load timeout: '60'

2022-03-14 20:45:41 - [MESSAGE][PASSED] - Object 'Object Repository/Mobile/Page/Home/Watchlist/Detail Watchlist/Container - Search' has top position '183'

2022-03-14 20:45:41 - [MESSAGE][WARNING] - Timeout '0' is invalid. Using default page load timeout: '60'

2022-03-14 20:45:41 - [MESSAGE][PASSED] - Object 'Object Repository/Mobile/Page/Home/Watchlist/Detail Watchlist/Container - Search' has height: '129'

2022-03-14 20:45:41 - [TEST_STEP][PASSED] - tapAtPosition(x1, y1): Tapped at [360, 286]

2022-03-14 20:45:41 - [MESSAGE][PASSED] - Tapped at [360, 286]

2022-03-14 20:45:41 - [TEST_STEP][PASSED] - setText(HOME_WCTL_DETL_EdtSearchStock, "bb", 0): Text 'bb' has been set to element 'Object Repository/Mobile/Page/Home/Watchlist/Detail Watchlist/Input - Search Stock'

2022-03-14 20:45:41 - [MESSAGE][WARNING] - Timeout '0' is invalid. Using default page load timeout: '60'

2022-03-14 20:45:43 - [MESSAGE][PASSED] - Text 'bb' has been set to element 'Object Repository/Mobile/Page/Home/Watchlist/Detail Watchlist/Input - Search Stock'

2022-03-14 20:45:43 - [TEST_STEP][PASSED] - delay(1): Delayed 1 second(s)

2022-03-14 20:45:44 - [MESSAGE][PASSED] - Delayed 1 second(s)

2022-03-14 20:45:44 - [TEST_STEP][PASSED] - tapAndHold(HOME_WCTL_DETL_ItemTopSearch, 1, 0): Tapped and held on element 'Object Repository/Mobile/Page/Home/Watchlist/Detail Watchlist/Item - Top Search' with duration 1

2022-03-14 20:45:44 - [MESSAGE][WARNING] - Timeout '0' is invalid. Using default page load timeout: '60'

2022-03-14 20:45:46 - [MESSAGE][PASSED] - Tapped and held on element 'Object Repository/Mobile/Page/Home/Watchlist/Detail Watchlist/Item - Top Search' with duration 1

2022-03-14 20:45:46 - [TEST_STEP][PASSED] - delay(1): Delayed 1 second(s)

2022-03-14 20:45:47 - [MESSAGE][PASSED] - Delayed 1 second(s)

2022-03-14 20:45:47 - [TEST_STEP][PASSED] - tap(HOME_WCTL_DETL_EdtTargetBuySell, 0): Tapped on element 'Object Repository/Mobile/Page/Home/Watchlist/Detail Watchlist/Input - Target Buy Sell'

2022-03-14 20:45:47 - [MESSAGE][WARNING] - Timeout '0' is invalid. Using default page load timeout: '60'

2022-03-14 20:45:48 - [MESSAGE][PASSED] - Tapped on element 'Object Repository/Mobile/Page/Home/Watchlist/Detail Watchlist/Input - Target Buy Sell'

2022-03-14 20:45:48 - [TEST_STEP][PASSED] - tap(HOME_WCTL_DETL_EdtTargetBuySell, 0): Tapped on element 'Object Repository/Mobile/Page/Home/Watchlist/Detail Watchlist/Input - Target Buy Sell'

2022-03-14 20:45:48 - [MESSAGE][WARNING] - Timeout '0' is invalid. Using default page load timeout: '60'

2022-03-14 20:45:49 - [MESSAGE][PASSED] - Tapped on element 'Object Repository/Mobile/Page/Home/Watchlist/Detail Watchlist/Input - Target Buy Sell'

2022-03-14 20:45:49 - [TEST_STEP][PASSED] - delay(1): Delayed 1 second(s)

2022-03-14 20:45:50 - [MESSAGE][PASSED] - Delayed 1 second(s)

2022-03-14 20:45:50 - [TEST_STEP][PASSED] - tap(HOME_WCTL_DETL_EdtTargetPrice, 0): Tapped on element 'Object Repository/Mobile/Page/Home/Watchlist/Detail Watchlist/Input - Target Price'

2022-03-14 20:45:50 - [MESSAGE][WARNING] - Timeout '0' is invalid. Using default page load timeout: '60'

2022-03-14 20:45:50 - [MESSAGE][PASSED] - Tapped on element 'Object Repository/Mobile/Page/Home/Watchlist/Detail Watchlist/Input - Target Price'

2022-03-14 20:45:50 - [TEST_STEP][PASSED] - delay(1): Delayed 1 second(s)

2022-03-14 20:45:51 - [MESSAGE][PASSED] - Delayed 1 second(s)

2022-03-14 20:45:51 - [TEST_STEP][PASSED] - setText(HOME_WCTL_DETL_EdtTargetPrice, "100000", 0): Text '100000' has been set to element 'Object Repository/Mobile/Page/Home/Watchlist/Detail Watchlist/Input - Target Price'

2022-03-14 20:45:51 - [MESSAGE][WARNING] - Timeout '0' is invalid. Using default page load timeout: '60'

2022-03-14 20:45:51 - [MESSAGE][PASSED] - Text '100000' has been set to element 'Object Repository/Mobile/Page/Home/Watchlist/Detail Watchlist/Input - Target Price'

2022-03-14 20:45:51 - [TEST_STEP][PASSED] - hideKeyboard(): Keyboard is hidden

2022-03-14 20:45:58 - [MESSAGE][PASSED] - Keyboard is hidden

2022-03-14 20:45:58 - [TEST_STEP][PASSED] - expiry = HOME_WCTL_DETL_ContExpiryDate: null

2022-03-14 20:45:58 - [TEST_STEP][PASSED] - x2 = getElementLeftPosition(expiry, 0) + getElementWidth(expiry, 0) / 2: Object 'Object Repository/Mobile/Page/Home/Watchlist/Detail Watchlist/Container - Expiry Date' has width: '657'

2022-03-14 20:45:58 - [MESSAGE][WARNING] - Timeout '0' is invalid. Using default page load timeout: '60'

2022-03-14 20:45:58 - [MESSAGE][PASSED] - Object 'Object Repository/Mobile/Page/Home/Watchlist/Detail Watchlist/Container - Expiry Date' has left position '32'

2022-03-14 20:45:58 - [MESSAGE][WARNING] - Timeout '0' is invalid. Using default page load timeout: '60'

2022-03-14 20:45:58 - [MESSAGE][PASSED] - Object 'Object Repository/Mobile/Page/Home/Watchlist/Detail Watchlist/Container - Expiry Date' has width: '657'

2022-03-14 20:45:58 - [TEST_STEP][PASSED] - y2 = getElementTopPosition(expiry, 0) + getElementHeight(expiry, 0) * 0.8: Object 'Object Repository/Mobile/Page/Home/Watchlist/Detail Watchlist/Container - Expiry Date' has height: '161'

2022-03-14 20:45:58 - [MESSAGE][WARNING] - Timeout '0' is invalid. Using default page load timeout: '60'

2022-03-14 20:45:58 - [MESSAGE][PASSED] - Object 'Object Repository/Mobile/Page/Home/Watchlist/Detail Watchlist/Container - Expiry Date' has top position '505'

2022-03-14 20:45:58 - [MESSAGE][WARNING] - Timeout '0' is invalid. Using default page load timeout: '60'

2022-03-14 20:45:58 - [MESSAGE][PASSED] - Object 'Object Repository/Mobile/Page/Home/Watchlist/Detail Watchlist/Container - Expiry Date' has height: '161'

2022-03-14 20:45:58 - [TEST_STEP][PASSED] - tapAtPosition(x2, y2): Tapped at [360, 633]

2022-03-14 20:45:59 - [MESSAGE][PASSED] - Tapped at [360, 633]

2022-03-14 20:45:59 - [TEST_STEP][PASSED] - delay(1): Delayed 1 second(s)

2022-03-14 20:46:00 - [MESSAGE][PASSED] - Delayed 1 second(s)

2022-03-14 20:46:00 - [TEST_STEP][PASSED] - scroll.scroll.scrollScreenBottomToTop(HOME_WCTL_DETL_ScrollExpiryYear): scroll.scroll.scrollScreenBottomToTop is PASSED

2022-03-14 20:46:00 - [MESSAGE][WARNING] - Timeout '0' is invalid. Using default page load timeout: '60'

2022-03-14 20:46:00 - [MESSAGE][PASSED] - Object 'Object Repository/Mobile/Page/Home/Watchlist/Detail Watchlist/Scroll - Expiry Year' has left position '14'

2022-03-14 20:46:00 - [MESSAGE][WARNING] - Timeout '0' is invalid. Using default page load timeout: '60'

2022-03-14 20:46:00 - [MESSAGE][PASSED] - Object 'Object Repository/Mobile/Page/Home/Watchlist/Detail Watchlist/Scroll - Expiry Year' has top position '1,123'

2022-03-14 20:46:00 - [MESSAGE][WARNING] - Timeout '0' is invalid. Using default page load timeout: '60'

2022-03-14 20:46:00 - [MESSAGE][PASSED] - Object 'Object Repository/Mobile/Page/Home/Watchlist/Detail Watchlist/Scroll - Expiry Year' has width: '212'

2022-03-14 20:46:00 - [MESSAGE][WARNING] - Timeout '0' is invalid. Using default page load timeout: '60'

2022-03-14 20:46:00 - [MESSAGE][PASSED] - Object 'Object Repository/Mobile/Page/Home/Watchlist/Detail Watchlist/Scroll - Expiry Year' has height: '300'

2022-03-14 20:46:00 - [MESSAGE][PASSED] - Current device physical height is 1423

2022-03-14 20:46:02 - [MESSAGE][PASSED] - Swiped from 120,1,408 to 120,1,138

2022-03-14 20:46:02 - [MESSAGE][PASSED] - scroll.scroll.scrollScreenBottomToTop is PASSED

2022-03-14 20:46:02 - [TEST_STEP][PASSED] - delay(2): Delayed 2 second(s)

2022-03-14 20:46:04 - [MESSAGE][PASSED] - Delayed 2 second(s)

2022-03-14 20:46:04 - [TEST_STEP][PASSED] - scroll.scroll.scrollScreenBottomToTop(HOME_WCTL_DETL_ScrollExpiryMonth): scroll.scroll.scrollScreenBottomToTop is PASSED

2022-03-14 20:46:04 - [MESSAGE][WARNING] - Timeout '0' is invalid. Using default page load timeout: '60'

2022-03-14 20:46:04 - [MESSAGE][PASSED] - Object 'Object Repository/Mobile/Page/Home/Watchlist/Detail Watchlist/Scroll - Expiry Month' has left position '254'

2022-03-14 20:46:04 - [MESSAGE][WARNING] - Timeout '0' is invalid. Using default page load timeout: '60'

2022-03-14 20:46:04 - [MESSAGE][PASSED] - Object 'Object Repository/Mobile/Page/Home/Watchlist/Detail Watchlist/Scroll - Expiry Month' has top position '1,123'

2022-03-14 20:46:04 - [MESSAGE][WARNING] - Timeout '0' is invalid. Using default page load timeout: '60'

2022-03-14 20:46:04 - [MESSAGE][PASSED] - Object 'Object Repository/Mobile/Page/Home/Watchlist/Detail Watchlist/Scroll - Expiry Month' has width: '212'

2022-03-14 20:46:04 - [MESSAGE][WARNING] - Timeout '0' is invalid. Using default page load timeout: '60'

2022-03-14 20:46:04 - [MESSAGE][PASSED] - Object 'Object Repository/Mobile/Page/Home/Watchlist/Detail Watchlist/Scroll - Expiry Month' has height: '300'

2022-03-14 20:46:04 - [MESSAGE][PASSED] - Current device physical height is 1423

2022-03-14 20:46:06 - [MESSAGE][PASSED] - Swiped from 360,1,408 to 360,1,138

2022-03-14 20:46:06 - [MESSAGE][PASSED] - scroll.scroll.scrollScreenBottomToTop is PASSED

2022-03-14 20:46:06 - [TEST_STEP][PASSED] - delay(2): Delayed 2 second(s)

2022-03-14 20:46:08 - [MESSAGE][PASSED] - Delayed 2 second(s)

2022-03-14 20:46:08 - [TEST_STEP][PASSED] - tap(HOME_WCTL_DETL_BtnExpiryDone, 0): Tapped on element 'Object Repository/Mobile/Page/Home/Watchlist/Detail Watchlist/Button - Expiry Done'

2022-03-14 20:46:08 - [MESSAGE][WARNING] - Timeout '0' is invalid. Using default page load timeout: '60'

2022-03-14 20:46:08 - [MESSAGE][PASSED] - Tapped on element 'Object Repository/Mobile/Page/Home/Watchlist/Detail Watchlist/Button - Expiry Done'

2022-03-14 20:46:08 - [TEST_STEP][PASSED] - delay(1): Delayed 1 second(s)

2022-03-14 20:46:09 - [MESSAGE][PASSED] - Delayed 1 second(s)

2022-03-14 20:46:09 - [TEST_STEP][PASSED] - tap(HOME_WCTL_DETL_BtnAddWatchlist, 0): Tapped on element 'Object Repository/Mobile/Page/Home/Watchlist/Detail Watchlist/Button - Add Watchlist'

2022-03-14 20:46:09 - [MESSAGE][WARNING] - Timeout '0' is invalid. Using default page load timeout: '60'

2022-03-14 20:46:09 - [MESSAGE][PASSED] - Tapped on element 'Object Repository/Mobile/Page/Home/Watchlist/Detail Watchlist/Button - Add Watchlist'

2022-03-14 20:46:09 - [TEST_STEP][PASSED] - delay(1): Delayed 1 second(s)

2022-03-14 20:46:10 - [MESSAGE][PASSED] - Delayed 1 second(s)

2022-03-14 20:46:10 - [TEST_STEP][PASSED] - hideKeyboard(): Keyboard is hidden

2022-03-14 20:46:12 - [MESSAGE][PASSED] - Keyboard is hidden

2022-03-14 20:46:12 - [TEST_STEP][PASSED] - pressBack(): Press back button successfully

2022-03-14 20:46:12 - [MESSAGE][PASSED] - Press back button successfully

2022-03-14 20:46:12 - [TEST_STEP][PASSED] - delay(1): Delayed 1 second(s)

2022-03-14 20:46:13 - [MESSAGE][PASSED] - Delayed 1 second(s)

2022-03-14 20:46:13 - [TEST_STEP][FAILED] - try: Failed to check for element 'Object Repository/Mobile/Page/Home/Item - Top Watchlist' exist (Root cause: com.kms.katalon.core.exception.StepFailedException: Element 'Object Repository/Mobile/Page/Home/Item - Top Watchlist' not found
	at com.kms.katalon.core.keyword.internal.KeywordMain.stepFailed(KeywordMain.groovy:50)
	at com.kms.katalon.core.mobile.keyword.internal.MobileKeywordMain.stepFailed(MobileKeywordMain.groovy:40)
	at com.kms.katalon.core.mobile.keyword.builtin.VerifyElementExistKeyword$_verifyElementExist_closure1.doCall(VerifyElementExistKeyword.groovy:77)
	at com.kms.katalon.core.mobile.keyword.builtin.VerifyElementExistKeyword$_verifyElementExist_closure1.call(VerifyElementExistKeyword.groovy)
	at com.kms.katalon.core.mobile.keyword.internal.MobileKeywordMain.runKeyword(MobileKeywordMain.groovy:21)
	at com.kms.katalon.core.mobile.keyword.builtin.VerifyElementExistKeyword.verifyElementExist(VerifyElementExistKeyword.groovy:80)
	at com.kms.katalon.core.mobile.keyword.builtin.VerifyElementExistKeyword.execute(VerifyElementExistKeyword.groovy:64)
	at com.kms.katalon.core.keyword.internal.KeywordExecutor.executeKeywordForPlatform(KeywordExecutor.groovy:73)
	at com.kms.katalon.core.mobile.keyword.MobileBuiltInKeywords.verifyElementExist(MobileBuiltInKeywords.groovy:1586)
	at com.kms.katalon.core.mobile.keyword.MobileBuiltInKeywords$verifyElementExist$13.call(Unknown Source)
	at Home.run(Home:120)
	at com.kms.katalon.core.main.ScriptEngine.run(ScriptEngine.java:194)
	at com.kms.katalon.core.main.ScriptEngine.runScriptAsRawText(ScriptEngine.java:119)
	at com.kms.katalon.core.main.TestCaseExecutor.runScript(TestCaseExecutor.java:398)
	at com.kms.katalon.core.main.TestCaseExecutor.doExecute(TestCaseExecutor.java:389)
	at com.kms.katalon.core.main.TestCaseExecutor.processExecutionPhase(TestCaseExecutor.java:368)
	at com.kms.katalon.core.main.TestCaseExecutor.accessMainPhase(TestCaseExecutor.java:360)
	at com.kms.katalon.core.main.TestCaseExecutor.execute(TestCaseExecutor.java:255)
	at com.kms.katalon.core.main.TestCaseMain.runTestCase(TestCaseMain.java:114)
	at com.kms.katalon.core.keyword.builtin.CallTestCaseKeyword$_callTestCase_closure1.doCall(CallTestCaseKeyword.groovy:59)
	at com.kms.katalon.core.keyword.builtin.CallTestCaseKeyword$_callTestCase_closure1.call(CallTestCaseKeyword.groovy)
	at com.kms.katalon.core.keyword.internal.KeywordMain.runKeyword(KeywordMain.groovy:68)
	at com.kms.katalon.core.keyword.builtin.CallTestCaseKeyword.callTestCase(CallTestCaseKeyword.groovy:81)
	at com.kms.katalon.core.keyword.builtin.CallTestCaseKeyword.execute(CallTestCaseKeyword.groovy:44)
	at com.kms.katalon.core.keyword.internal.KeywordExecutor.executeKeywordForPlatform(KeywordExecutor.groovy:73)
	at com.kms.katalon.core.keyword.BuiltinKeywords.callTestCase(BuiltinKeywords.groovy:334)
	at 003 - Menambahkan watchlist.run(003 - Menambahkan watchlist:22)
	at com.kms.katalon.core.main.ScriptEngine.run(ScriptEngine.java:194)
	at com.kms.katalon.core.main.ScriptEngine.runScriptAsRawText(ScriptEngine.java:119)
	at com.kms.katalon.core.main.TestCaseExecutor.runScript(TestCaseExecutor.java:398)
	at com.kms.katalon.core.main.TestCaseExecutor.doExecute(TestCaseExecutor.java:389)
	at com.kms.katalon.core.main.TestCaseExecutor.processExecutionPhase(TestCaseExecutor.java:368)
	at com.kms.katalon.core.main.TestCaseExecutor.accessMainPhase(TestCaseExecutor.java:360)
	at com.kms.katalon.core.main.TestCaseExecutor.execute(TestCaseExecutor.java:255)
	at com.kms.katalon.core.main.TestSuiteExecutor.accessTestCaseMainPhase(TestSuiteExecutor.java:203)
	at com.kms.katalon.core.main.TestSuiteExecutor.accessTestSuiteMainPhase(TestSuiteExecutor.java:152)
	at com.kms.katalon.core.main.TestSuiteExecutor.execute(TestSuiteExecutor.java:95)
	at com.kms.katalon.core.main.TestCaseMain.startTestSuite(TestCaseMain.java:157)
	at com.kms.katalon.core.main.TestCaseMain$startTestSuite$0.call(Unknown Source)
	at TempTestSuite1647265293311.run(TempTestSuite1647265293311.groovy:39)
)

2022-03-14 20:46:13 - [TEST_STEP][PASSED] - itemWatchlist = HOME_ItemTopWatchlist: null

2022-03-14 20:46:13 - [TEST_STEP][PASSED] - itemWatchlistExist = verifyElementExist(itemWatchlist, 2): Element 'Object Repository/Mobile/Page/Home/Item - Top Watchlist' is exist

2022-03-14 20:46:14 - [MESSAGE][PASSED] - Element 'Object Repository/Mobile/Page/Home/Item - Top Watchlist' is exist

2022-03-14 20:46:14 - [TEST_STEP][FAILED] - while (itemWatchlistExist): Failed to check for element 'Object Repository/Mobile/Page/Home/Item - Top Watchlist' exist (Root cause: com.kms.katalon.core.exception.StepFailedException: Element 'Object Repository/Mobile/Page/Home/Item - Top Watchlist' not found
	at com.kms.katalon.core.keyword.internal.KeywordMain.stepFailed(KeywordMain.groovy:50)
	at com.kms.katalon.core.mobile.keyword.internal.MobileKeywordMain.stepFailed(MobileKeywordMain.groovy:40)
	at com.kms.katalon.core.mobile.keyword.builtin.VerifyElementExistKeyword$_verifyElementExist_closure1.doCall(VerifyElementExistKeyword.groovy:77)
	at com.kms.katalon.core.mobile.keyword.builtin.VerifyElementExistKeyword$_verifyElementExist_closure1.call(VerifyElementExistKeyword.groovy)
	at com.kms.katalon.core.mobile.keyword.internal.MobileKeywordMain.runKeyword(MobileKeywordMain.groovy:21)
	at com.kms.katalon.core.mobile.keyword.builtin.VerifyElementExistKeyword.verifyElementExist(VerifyElementExistKeyword.groovy:80)
	at com.kms.katalon.core.mobile.keyword.builtin.VerifyElementExistKeyword.execute(VerifyElementExistKeyword.groovy:64)
	at com.kms.katalon.core.keyword.internal.KeywordExecutor.executeKeywordForPlatform(KeywordExecutor.groovy:73)
	at com.kms.katalon.core.mobile.keyword.MobileBuiltInKeywords.verifyElementExist(MobileBuiltInKeywords.groovy:1586)
	at com.kms.katalon.core.mobile.keyword.MobileBuiltInKeywords$verifyElementExist$13.call(Unknown Source)
	at Home.run(Home:120)
	at com.kms.katalon.core.main.ScriptEngine.run(ScriptEngine.java:194)
	at com.kms.katalon.core.main.ScriptEngine.runScriptAsRawText(ScriptEngine.java:119)
	at com.kms.katalon.core.main.TestCaseExecutor.runScript(TestCaseExecutor.java:398)
	at com.kms.katalon.core.main.TestCaseExecutor.doExecute(TestCaseExecutor.java:389)
	at com.kms.katalon.core.main.TestCaseExecutor.processExecutionPhase(TestCaseExecutor.java:368)
	at com.kms.katalon.core.main.TestCaseExecutor.accessMainPhase(TestCaseExecutor.java:360)
	at com.kms.katalon.core.main.TestCaseExecutor.execute(TestCaseExecutor.java:255)
	at com.kms.katalon.core.main.TestCaseMain.runTestCase(TestCaseMain.java:114)
	at com.kms.katalon.core.keyword.builtin.CallTestCaseKeyword$_callTestCase_closure1.doCall(CallTestCaseKeyword.groovy:59)
	at com.kms.katalon.core.keyword.builtin.CallTestCaseKeyword$_callTestCase_closure1.call(CallTestCaseKeyword.groovy)
	at com.kms.katalon.core.keyword.internal.KeywordMain.runKeyword(KeywordMain.groovy:68)
	at com.kms.katalon.core.keyword.builtin.CallTestCaseKeyword.callTestCase(CallTestCaseKeyword.groovy:81)
	at com.kms.katalon.core.keyword.builtin.CallTestCaseKeyword.execute(CallTestCaseKeyword.groovy:44)
	at com.kms.katalon.core.keyword.internal.KeywordExecutor.executeKeywordForPlatform(KeywordExecutor.groovy:73)
	at com.kms.katalon.core.keyword.BuiltinKeywords.callTestCase(BuiltinKeywords.groovy:334)
	at 003 - Menambahkan watchlist.run(003 - Menambahkan watchlist:22)
	at com.kms.katalon.core.main.ScriptEngine.run(ScriptEngine.java:194)
	at com.kms.katalon.core.main.ScriptEngine.runScriptAsRawText(ScriptEngine.java:119)
	at com.kms.katalon.core.main.TestCaseExecutor.runScript(TestCaseExecutor.java:398)
	at com.kms.katalon.core.main.TestCaseExecutor.doExecute(TestCaseExecutor.java:389)
	at com.kms.katalon.core.main.TestCaseExecutor.processExecutionPhase(TestCaseExecutor.java:368)
	at com.kms.katalon.core.main.TestCaseExecutor.accessMainPhase(TestCaseExecutor.java:360)
	at com.kms.katalon.core.main.TestCaseExecutor.execute(TestCaseExecutor.java:255)
	at com.kms.katalon.core.main.TestSuiteExecutor.accessTestCaseMainPhase(TestSuiteExecutor.java:203)
	at com.kms.katalon.core.main.TestSuiteExecutor.accessTestSuiteMainPhase(TestSuiteExecutor.java:152)
	at com.kms.katalon.core.main.TestSuiteExecutor.execute(TestSuiteExecutor.java:95)
	at com.kms.katalon.core.main.TestCaseMain.startTestSuite(TestCaseMain.java:157)
	at com.kms.katalon.core.main.TestCaseMain$startTestSuite$0.call(Unknown Source)
	at TempTestSuite1647265293311.run(TempTestSuite1647265293311.groovy:39)
)

2022-03-14 20:46:14 - [TEST_STEP][PASSED] - scroll.scroll.scrollRightToLeft(itemWatchlist): scroll.scroll.scrollRightToLeft is PASSED

2022-03-14 20:46:14 - [MESSAGE][WARNING] - Timeout '0' is invalid. Using default page load timeout: '60'

2022-03-14 20:46:14 - [MESSAGE][PASSED] - Object 'Object Repository/Mobile/Page/Home/Item - Top Watchlist' has left position '67'

2022-03-14 20:46:14 - [MESSAGE][WARNING] - Timeout '0' is invalid. Using default page load timeout: '60'

2022-03-14 20:46:14 - [MESSAGE][PASSED] - Object 'Object Repository/Mobile/Page/Home/Item - Top Watchlist' has top position '744'

2022-03-14 20:46:14 - [MESSAGE][WARNING] - Timeout '0' is invalid. Using default page load timeout: '60'

2022-03-14 20:46:14 - [MESSAGE][PASSED] - Object 'Object Repository/Mobile/Page/Home/Item - Top Watchlist' has width: '587'

2022-03-14 20:46:14 - [MESSAGE][WARNING] - Timeout '0' is invalid. Using default page load timeout: '60'

2022-03-14 20:46:14 - [MESSAGE][PASSED] - Object 'Object Repository/Mobile/Page/Home/Item - Top Watchlist' has height: '91'

2022-03-14 20:46:15 - [MESSAGE][PASSED] - Swiped from 624,789 to 96,789

2022-03-14 20:46:15 - [MESSAGE][PASSED] - scroll.scroll.scrollRightToLeft is PASSED

2022-03-14 20:46:15 - [TEST_STEP][PASSED] - delay(2): Delayed 2 second(s)

2022-03-14 20:46:17 - [MESSAGE][PASSED] - Delayed 2 second(s)

2022-03-14 20:46:17 - [TEST_STEP][FAILED] - itemWatchlistExist = verifyElementExist(itemWatchlist, 2): Failed to check for element 'Object Repository/Mobile/Page/Home/Item - Top Watchlist' exist (Root cause: com.kms.katalon.core.exception.StepFailedException: Element 'Object Repository/Mobile/Page/Home/Item - Top Watchlist' not found
	at com.kms.katalon.core.keyword.internal.KeywordMain.stepFailed(KeywordMain.groovy:50)
	at com.kms.katalon.core.mobile.keyword.internal.MobileKeywordMain.stepFailed(MobileKeywordMain.groovy:40)
	at com.kms.katalon.core.mobile.keyword.builtin.VerifyElementExistKeyword$_verifyElementExist_closure1.doCall(VerifyElementExistKeyword.groovy:77)
	at com.kms.katalon.core.mobile.keyword.builtin.VerifyElementExistKeyword$_verifyElementExist_closure1.call(VerifyElementExistKeyword.groovy)
	at com.kms.katalon.core.mobile.keyword.internal.MobileKeywordMain.runKeyword(MobileKeywordMain.groovy:21)
	at com.kms.katalon.core.mobile.keyword.builtin.VerifyElementExistKeyword.verifyElementExist(VerifyElementExistKeyword.groovy:80)
	at com.kms.katalon.core.mobile.keyword.builtin.VerifyElementExistKeyword.execute(VerifyElementExistKeyword.groovy:64)
	at com.kms.katalon.core.keyword.internal.KeywordExecutor.executeKeywordForPlatform(KeywordExecutor.groovy:73)
	at com.kms.katalon.core.mobile.keyword.MobileBuiltInKeywords.verifyElementExist(MobileBuiltInKeywords.groovy:1586)
	at com.kms.katalon.core.mobile.keyword.MobileBuiltInKeywords$verifyElementExist$13.call(Unknown Source)
	at Home.run(Home:120)
	at com.kms.katalon.core.main.ScriptEngine.run(ScriptEngine.java:194)
	at com.kms.katalon.core.main.ScriptEngine.runScriptAsRawText(ScriptEngine.java:119)
	at com.kms.katalon.core.main.TestCaseExecutor.runScript(TestCaseExecutor.java:398)
	at com.kms.katalon.core.main.TestCaseExecutor.doExecute(TestCaseExecutor.java:389)
	at com.kms.katalon.core.main.TestCaseExecutor.processExecutionPhase(TestCaseExecutor.java:368)
	at com.kms.katalon.core.main.TestCaseExecutor.accessMainPhase(TestCaseExecutor.java:360)
	at com.kms.katalon.core.main.TestCaseExecutor.execute(TestCaseExecutor.java:255)
	at com.kms.katalon.core.main.TestCaseMain.runTestCase(TestCaseMain.java:114)
	at com.kms.katalon.core.keyword.builtin.CallTestCaseKeyword$_callTestCase_closure1.doCall(CallTestCaseKeyword.groovy:59)
	at com.kms.katalon.core.keyword.builtin.CallTestCaseKeyword$_callTestCase_closure1.call(CallTestCaseKeyword.groovy)
	at com.kms.katalon.core.keyword.internal.KeywordMain.runKeyword(KeywordMain.groovy:68)
	at com.kms.katalon.core.keyword.builtin.CallTestCaseKeyword.callTestCase(CallTestCaseKeyword.groovy:81)
	at com.kms.katalon.core.keyword.builtin.CallTestCaseKeyword.execute(CallTestCaseKeyword.groovy:44)
	at com.kms.katalon.core.keyword.internal.KeywordExecutor.executeKeywordForPlatform(KeywordExecutor.groovy:73)
	at com.kms.katalon.core.keyword.BuiltinKeywords.callTestCase(BuiltinKeywords.groovy:334)
	at 003 - Menambahkan watchlist.run(003 - Menambahkan watchlist:22)
	at com.kms.katalon.core.main.ScriptEngine.run(ScriptEngine.java:194)
	at com.kms.katalon.core.main.ScriptEngine.runScriptAsRawText(ScriptEngine.java:119)
	at com.kms.katalon.core.main.TestCaseExecutor.runScript(TestCaseExecutor.java:398)
	at com.kms.katalon.core.main.TestCaseExecutor.doExecute(TestCaseExecutor.java:389)
	at com.kms.katalon.core.main.TestCaseExecutor.processExecutionPhase(TestCaseExecutor.java:368)
	at com.kms.katalon.core.main.TestCaseExecutor.accessMainPhase(TestCaseExecutor.java:360)
	at com.kms.katalon.core.main.TestCaseExecutor.execute(TestCaseExecutor.java:255)
	at com.kms.katalon.core.main.TestSuiteExecutor.accessTestCaseMainPhase(TestSuiteExecutor.java:203)
	at com.kms.katalon.core.main.TestSuiteExecutor.accessTestSuiteMainPhase(TestSuiteExecutor.java:152)
	at com.kms.katalon.core.main.TestSuiteExecutor.execute(TestSuiteExecutor.java:95)
	at com.kms.katalon.core.main.TestCaseMain.startTestSuite(TestCaseMain.java:157)
	at com.kms.katalon.core.main.TestCaseMain$startTestSuite$0.call(Unknown Source)
	at TempTestSuite1647265293311.run(TempTestSuite1647265293311.groovy:39)
)

2022-03-14 20:46:20 - [MESSAGE][FAILED] - Element 'Object Repository/Mobile/Page/Home/Item - Top Watchlist' not found
[[ATTACHMENT|C:\\Users\\Owner\\Documents\\kerjaan\\KatalonProject\\qa_katalon_pwm\\qa_katalon_pwm\\Reports\\20220314_204133\\home\\20220314_204133\\1647265579909.png]]

2022-03-14 20:46:21 - [MESSAGE][FAILED] - Failed to check for element 'Object Repository/Mobile/Page/Home/Item - Top Watchlist' exist (Root cause: com.kms.katalon.core.exception.StepFailedException: Element 'Object Repository/Mobile/Page/Home/Item - Top Watchlist' not found
	at com.kms.katalon.core.keyword.internal.KeywordMain.stepFailed(KeywordMain.groovy:50)
	at com.kms.katalon.core.mobile.keyword.internal.MobileKeywordMain.stepFailed(MobileKeywordMain.groovy:40)
	at com.kms.katalon.core.mobile.keyword.builtin.VerifyElementExistKeyword$_verifyElementExist_closure1.doCall(VerifyElementExistKeyword.groovy:77)
	at com.kms.katalon.core.mobile.keyword.builtin.VerifyElementExistKeyword$_verifyElementExist_closure1.call(VerifyElementExistKeyword.groovy)
	at com.kms.katalon.core.mobile.keyword.internal.MobileKeywordMain.runKeyword(MobileKeywordMain.groovy:21)
	at com.kms.katalon.core.mobile.keyword.builtin.VerifyElementExistKeyword.verifyElementExist(VerifyElementExistKeyword.groovy:80)
	at com.kms.katalon.core.mobile.keyword.builtin.VerifyElementExistKeyword.execute(VerifyElementExistKeyword.groovy:64)
	at com.kms.katalon.core.keyword.internal.KeywordExecutor.executeKeywordForPlatform(KeywordExecutor.groovy:73)
	at com.kms.katalon.core.mobile.keyword.MobileBuiltInKeywords.verifyElementExist(MobileBuiltInKeywords.groovy:1586)
	at com.kms.katalon.core.mobile.keyword.MobileBuiltInKeywords$verifyElementExist$13.call(Unknown Source)
	at Home.run(Home:120)
	at com.kms.katalon.core.main.ScriptEngine.run(ScriptEngine.java:194)
	at com.kms.katalon.core.main.ScriptEngine.runScriptAsRawText(ScriptEngine.java:119)
	at com.kms.katalon.core.main.TestCaseExecutor.runScript(TestCaseExecutor.java:398)
	at com.kms.katalon.core.main.TestCaseExecutor.doExecute(TestCaseExecutor.java:389)
	at com.kms.katalon.core.main.TestCaseExecutor.processExecutionPhase(TestCaseExecutor.java:368)
	at com.kms.katalon.core.main.TestCaseExecutor.accessMainPhase(TestCaseExecutor.java:360)
	at com.kms.katalon.core.main.TestCaseExecutor.execute(TestCaseExecutor.java:255)
	at com.kms.katalon.core.main.TestCaseMain.runTestCase(TestCaseMain.java:114)
	at com.kms.katalon.core.keyword.builtin.CallTestCaseKeyword$_callTestCase_closure1.doCall(CallTestCaseKeyword.groovy:59)
	at com.kms.katalon.core.keyword.builtin.CallTestCaseKeyword$_callTestCase_closure1.call(CallTestCaseKeyword.groovy)
	at com.kms.katalon.core.keyword.internal.KeywordMain.runKeyword(KeywordMain.groovy:68)
	at com.kms.katalon.core.keyword.builtin.CallTestCaseKeyword.callTestCase(CallTestCaseKeyword.groovy:81)
	at com.kms.katalon.core.keyword.builtin.CallTestCaseKeyword.execute(CallTestCaseKeyword.groovy:44)
	at com.kms.katalon.core.keyword.internal.KeywordExecutor.executeKeywordForPlatform(KeywordExecutor.groovy:73)
	at com.kms.katalon.core.keyword.BuiltinKeywords.callTestCase(BuiltinKeywords.groovy:334)
	at 003 - Menambahkan watchlist.run(003 - Menambahkan watchlist:22)
	at com.kms.katalon.core.main.ScriptEngine.run(ScriptEngine.java:194)
	at com.kms.katalon.core.main.ScriptEngine.runScriptAsRawText(ScriptEngine.java:119)
	at com.kms.katalon.core.main.TestCaseExecutor.runScript(TestCaseExecutor.java:398)
	at com.kms.katalon.core.main.TestCaseExecutor.doExecute(TestCaseExecutor.java:389)
	at com.kms.katalon.core.main.TestCaseExecutor.processExecutionPhase(TestCaseExecutor.java:368)
	at com.kms.katalon.core.main.TestCaseExecutor.accessMainPhase(TestCaseExecutor.java:360)
	at com.kms.katalon.core.main.TestCaseExecutor.execute(TestCaseExecutor.java:255)
	at com.kms.katalon.core.main.TestSuiteExecutor.accessTestCaseMainPhase(TestSuiteExecutor.java:203)
	at com.kms.katalon.core.main.TestSuiteExecutor.accessTestSuiteMainPhase(TestSuiteExecutor.java:152)
	at com.kms.katalon.core.main.TestSuiteExecutor.execute(TestSuiteExecutor.java:95)
	at com.kms.katalon.core.main.TestCaseMain.startTestSuite(TestCaseMain.java:157)
	at com.kms.katalon.core.main.TestCaseMain$startTestSuite$0.call(Unknown Source)
	at TempTestSuite1647265293311.run(TempTestSuite1647265293311.groovy:39)
)
[[ATTACHMENT|C:\\Users\\Owner\\Documents\\kerjaan\\KatalonProject\\qa_katalon_pwm\\qa_katalon_pwm\\Reports\\20220314_204133\\home\\20220314_204133\\1647265580798.png]]

2022-03-14 20:46:21 - [TEST_STEP][PASSED] - catch (Exception e): null

2022-03-14 20:46:21 - [TEST_STEP][PASSED] - if (page == "notification"): null

2022-03-14 20:46:21 - [MESSAGE][PASSED] - Call Test Case 'Test Cases/Mobile/Page/Home/Home' successfully

2022-03-14 20:46:21 - [TEST_STEP][PASSED] - callTestCase(findTestCase("Mobile/Page/Run App/Terminate App"), [:], STOP_ON_FAILURE): Call Test Case 'Test Cases/Mobile/Page/Run App/Terminate App' successfully

2022-03-14 20:46:21 - [TEST_CASE][PASSED] - Test Cases/Mobile/Page/Run App/Terminate App: Test Cases/Mobile/Page/Run App/Terminate App

2022-03-14 20:46:21 - [TEST_STEP][PASSED] - startApp.OpenApp.terminateApplication(): startApp.OpenApp.terminateApplication is PASSED

2022-03-14 20:46:24 - [MESSAGE][PASSED] - Delayed 3 second(s)

2022-03-14 20:46:25 - [MESSAGE][PASSED] - Current device physical width is 720

2022-03-14 20:46:25 - [MESSAGE][PASSED] - Current device physical height is 1423

2022-03-14 20:46:26 - [MESSAGE][PASSED] - Swiped from 360,853 to 360,142

2022-03-14 20:46:27 - [MESSAGE][PASSED] - Delayed 1 second(s)

2022-03-14 20:46:29 - [MESSAGE][PASSED] - Swiped from 360,853 to 360,142

2022-03-14 20:46:32 - [MESSAGE][PASSED] - Delayed 3 second(s)

2022-03-14 20:46:32 - [MESSAGE][PASSED] - startApp.OpenApp.terminateApplication is PASSED

2022-03-14 20:46:32 - [MESSAGE][PASSED] - Call Test Case 'Test Cases/Mobile/Page/Run App/Terminate App' successfully]]></system-out>
         <system-err><![CDATA[]]></system-err>
      </testcase>
      <testcase name="Test Cases/Mobile/Scenario/Home/004 - Melihat semua notifikasi" time="54.353" classname="Test Cases/Mobile/Scenario/Home/004 - Melihat semua notifikasi" status="PASSED">
         <system-out><![CDATA[2022-03-14 20:46:32 - [TEST_CASE][PASSED] - Test Cases/Mobile/Scenario/Home/004 - Melihat semua notifikasi: Test Cases/Mobile/Scenario/Home/004 - Melihat semua notifikasi

2022-03-14 20:46:32 - [TEST_STEP][PASSED] - callTestCase(findTestCase("Mobile/Page/Run App/Run App byID"), [:], STOP_ON_FAILURE): Call Test Case 'Test Cases/Mobile/Page/Run App/Run App byID' successfully

2022-03-14 20:46:32 - [TEST_CASE][PASSED] - Test Cases/Mobile/Page/Run App/Run App byID: Test Cases/Mobile/Page/Run App/Run App byID

2022-03-14 20:46:32 - [TEST_STEP][PASSED] - startApp.OpenApp.startApplication("id.co.miraeasset.sageclub"): startApp.OpenApp.startApplication is PASSED

2022-03-14 20:46:47 - [MESSAGE][PASSED] - Starting app with application ID: 'id.co.miraeasset.sageclub'

2022-03-14 20:46:47 - [MESSAGE][PASSED] - startApp.OpenApp.startApplication is PASSED

2022-03-14 20:46:47 - [MESSAGE][PASSED] - Call Test Case 'Test Cases/Mobile/Page/Run App/Run App byID' successfully

2022-03-14 20:46:47 - [TEST_STEP][PASSED] - callTestCase(findTestCase("Mobile/Page/Home/Home"), ["page":"notification", "action":"none"], CONTINUE_ON_FAILURE): Call Test Case 'Test Cases/Mobile/Page/Home/Home' successfully

2022-03-14 20:46:47 - [TEST_CASE][PASSED] - Test Cases/Mobile/Page/Home/Home: Test Cases/Mobile/Page/Home/Home

2022-03-14 20:46:47 - [TEST_STEP][PASSED] - callTestCase(findTestCase("Mobile/Page/CheckLogin"), [:], CONTINUE_ON_FAILURE): Call Test Case 'Test Cases/Mobile/Page/CheckLogin' successfully

2022-03-14 20:46:47 - [TEST_CASE][PASSED] - Test Cases/Mobile/Page/CheckLogin: Test Cases/Mobile/Page/CheckLogin

2022-03-14 20:46:47 - [TEST_STEP][PASSED] - loginCheck = verifyElementExist(LOGN_BtnLogin, 5, CONTINUE_ON_FAILURE): Element 'Object Repository/Mobile/Page/Login/Button - Login' is exist

2022-03-14 20:46:49 - [MESSAGE][PASSED] - Element 'Object Repository/Mobile/Page/Login/Button - Login' is exist

2022-03-14 20:46:49 - [TEST_STEP][PASSED] - if (loginCheck): Call Test Case 'Test Cases/Mobile/Page/Login/Login' successfully

2022-03-14 20:46:49 - [TEST_STEP][PASSED] - callTestCase(findTestCase("Mobile/Page/Login/Login"), ["action":"username"], CONTINUE_ON_FAILURE): Call Test Case 'Test Cases/Mobile/Page/Login/Login' successfully

2022-03-14 20:46:49 - [TEST_CASE][PASSED] - Test Cases/Mobile/Page/Login/Login: Test Cases/Mobile/Page/Login/Login

2022-03-14 20:46:49 - [TEST_STEP][PASSED] - delay(2): Delayed 2 second(s)

2022-03-14 20:46:51 - [MESSAGE][PASSED] - Delayed 2 second(s)

2022-03-14 20:46:51 - [TEST_STEP][PASSED] - for ([i = 0, i < 1, (i++)]): null

2022-03-14 20:46:51 - [TEST_STEP][PASSED] - if (action == "username"): null

2022-03-14 20:46:51 - [TEST_STEP][PASSED] - tap(LOGN_EdtUserID, 0): Tapped on element 'Object Repository/Mobile/Page/Login/Input - UserID'

2022-03-14 20:46:51 - [MESSAGE][WARNING] - Timeout '0' is invalid. Using default page load timeout: '60'

2022-03-14 20:46:51 - [MESSAGE][PASSED] - Tapped on element 'Object Repository/Mobile/Page/Login/Input - UserID'

2022-03-14 20:46:51 - [TEST_STEP][PASSED] - delay(1): Delayed 1 second(s)

2022-03-14 20:46:52 - [MESSAGE][PASSED] - Delayed 1 second(s)

2022-03-14 20:46:52 - [TEST_STEP][PASSED] - setText(LOGN_EdtRdyUserID, "anggaaditya", 0): Text 'anggaaditya' has been set to element 'Object Repository/Mobile/Page/Login/Input Rdy - UserID'

2022-03-14 20:46:52 - [MESSAGE][WARNING] - Timeout '0' is invalid. Using default page load timeout: '60'

2022-03-14 20:46:53 - [MESSAGE][PASSED] - Text 'anggaaditya' has been set to element 'Object Repository/Mobile/Page/Login/Input Rdy - UserID'

2022-03-14 20:46:53 - [TEST_STEP][PASSED] - delay(1): Delayed 1 second(s)

2022-03-14 20:46:54 - [MESSAGE][PASSED] - Delayed 1 second(s)

2022-03-14 20:46:54 - [TEST_STEP][PASSED] - hideKeyboard(): Keyboard is hidden

2022-03-14 20:46:58 - [MESSAGE][PASSED] - Keyboard is hidden

2022-03-14 20:46:58 - [TEST_STEP][PASSED] - tap(LOGN_EdtPassword, 0): Tapped on element 'Object Repository/Mobile/Page/Login/Input - Password'

2022-03-14 20:46:58 - [MESSAGE][WARNING] - Timeout '0' is invalid. Using default page load timeout: '60'

2022-03-14 20:46:58 - [MESSAGE][PASSED] - Tapped on element 'Object Repository/Mobile/Page/Login/Input - Password'

2022-03-14 20:46:58 - [TEST_STEP][PASSED] - delay(1): Delayed 1 second(s)

2022-03-14 20:46:59 - [MESSAGE][PASSED] - Delayed 1 second(s)

2022-03-14 20:46:59 - [TEST_STEP][PASSED] - setText(LOGN_EdtRdyPassword, "Shalawa18", 0): Text 'Shalawa18' has been set to element 'Object Repository/Mobile/Page/Login/Input Rdy - Password'

2022-03-14 20:46:59 - [MESSAGE][WARNING] - Timeout '0' is invalid. Using default page load timeout: '60'

2022-03-14 20:47:00 - [MESSAGE][PASSED] - Text 'Shalawa18' has been set to element 'Object Repository/Mobile/Page/Login/Input Rdy - Password'

2022-03-14 20:47:00 - [TEST_STEP][PASSED] - delay(1): Delayed 1 second(s)

2022-03-14 20:47:01 - [MESSAGE][PASSED] - Delayed 1 second(s)

2022-03-14 20:47:01 - [TEST_STEP][PASSED] - hideKeyboard(): Keyboard is hidden

2022-03-14 20:47:07 - [MESSAGE][PASSED] - Keyboard is hidden

2022-03-14 20:47:07 - [TEST_STEP][PASSED] - tap(LOGN_BtnLogin, 0): Tapped on element 'Object Repository/Mobile/Page/Login/Button - Login'

2022-03-14 20:47:07 - [MESSAGE][WARNING] - Timeout '0' is invalid. Using default page load timeout: '60'

2022-03-14 20:47:08 - [MESSAGE][PASSED] - Tapped on element 'Object Repository/Mobile/Page/Login/Button - Login'

2022-03-14 20:47:08 - [TEST_STEP][PASSED] - delay(2): Delayed 2 second(s)

2022-03-14 20:47:10 - [MESSAGE][PASSED] - Delayed 2 second(s)

2022-03-14 20:47:10 - [TEST_STEP][PASSED] - break: null

2022-03-14 20:47:10 - [MESSAGE][PASSED] - Call Test Case 'Test Cases/Mobile/Page/Login/Login' successfully

2022-03-14 20:47:10 - [MESSAGE][PASSED] - Call Test Case 'Test Cases/Mobile/Page/CheckLogin' successfully

2022-03-14 20:47:10 - [TEST_STEP][FAILED] - for ([i = 0, i < 1, (i++)]): null

2022-03-14 20:47:10 - [TEST_STEP][PASSED] - if (action == "seeperformance"): null

2022-03-14 20:47:10 - [TEST_STEP][FAILED] - if (page == "notification"): null

2022-03-14 20:47:10 - [TEST_STEP][PASSED] - delay(2): Delayed 2 second(s)

2022-03-14 20:47:12 - [MESSAGE][PASSED] - Delayed 2 second(s)

2022-03-14 20:47:12 - [TEST_STEP][FAILED] - try: Failed to check for element 'Object Repository/Mobile/Page/Home/Item - Top Watchlist' exist (Root cause: com.kms.katalon.core.exception.StepFailedException: Element 'Object Repository/Mobile/Page/Home/Item - Top Watchlist' not found
	at com.kms.katalon.core.keyword.internal.KeywordMain.stepFailed(KeywordMain.groovy:50)
	at com.kms.katalon.core.mobile.keyword.internal.MobileKeywordMain.stepFailed(MobileKeywordMain.groovy:40)
	at com.kms.katalon.core.mobile.keyword.builtin.VerifyElementExistKeyword$_verifyElementExist_closure1.doCall(VerifyElementExistKeyword.groovy:77)
	at com.kms.katalon.core.mobile.keyword.builtin.VerifyElementExistKeyword$_verifyElementExist_closure1.call(VerifyElementExistKeyword.groovy)
	at com.kms.katalon.core.mobile.keyword.internal.MobileKeywordMain.runKeyword(MobileKeywordMain.groovy:21)
	at com.kms.katalon.core.mobile.keyword.builtin.VerifyElementExistKeyword.verifyElementExist(VerifyElementExistKeyword.groovy:80)
	at com.kms.katalon.core.mobile.keyword.builtin.VerifyElementExistKeyword.execute(VerifyElementExistKeyword.groovy:64)
	at com.kms.katalon.core.keyword.internal.KeywordExecutor.executeKeywordForPlatform(KeywordExecutor.groovy:73)
	at com.kms.katalon.core.mobile.keyword.MobileBuiltInKeywords.verifyElementExist(MobileBuiltInKeywords.groovy:1586)
	at com.kms.katalon.core.mobile.keyword.MobileBuiltInKeywords$verifyElementExist$13.call(Unknown Source)
	at Home.run(Home:180)
	at com.kms.katalon.core.main.ScriptEngine.run(ScriptEngine.java:194)
	at com.kms.katalon.core.main.ScriptEngine.runScriptAsRawText(ScriptEngine.java:119)
	at com.kms.katalon.core.main.TestCaseExecutor.runScript(TestCaseExecutor.java:398)
	at com.kms.katalon.core.main.TestCaseExecutor.doExecute(TestCaseExecutor.java:389)
	at com.kms.katalon.core.main.TestCaseExecutor.processExecutionPhase(TestCaseExecutor.java:368)
	at com.kms.katalon.core.main.TestCaseExecutor.accessMainPhase(TestCaseExecutor.java:360)
	at com.kms.katalon.core.main.TestCaseExecutor.execute(TestCaseExecutor.java:255)
	at com.kms.katalon.core.main.TestCaseMain.runTestCase(TestCaseMain.java:114)
	at com.kms.katalon.core.keyword.builtin.CallTestCaseKeyword$_callTestCase_closure1.doCall(CallTestCaseKeyword.groovy:59)
	at com.kms.katalon.core.keyword.builtin.CallTestCaseKeyword$_callTestCase_closure1.call(CallTestCaseKeyword.groovy)
	at com.kms.katalon.core.keyword.internal.KeywordMain.runKeyword(KeywordMain.groovy:68)
	at com.kms.katalon.core.keyword.builtin.CallTestCaseKeyword.callTestCase(CallTestCaseKeyword.groovy:81)
	at com.kms.katalon.core.keyword.builtin.CallTestCaseKeyword.execute(CallTestCaseKeyword.groovy:44)
	at com.kms.katalon.core.keyword.internal.KeywordExecutor.executeKeywordForPlatform(KeywordExecutor.groovy:73)
	at com.kms.katalon.core.keyword.BuiltinKeywords.callTestCase(BuiltinKeywords.groovy:334)
	at 004 - Melihat semua notifikasi.run(004 - Melihat semua notifikasi:22)
	at com.kms.katalon.core.main.ScriptEngine.run(ScriptEngine.java:194)
	at com.kms.katalon.core.main.ScriptEngine.runScriptAsRawText(ScriptEngine.java:119)
	at com.kms.katalon.core.main.TestCaseExecutor.runScript(TestCaseExecutor.java:398)
	at com.kms.katalon.core.main.TestCaseExecutor.doExecute(TestCaseExecutor.java:389)
	at com.kms.katalon.core.main.TestCaseExecutor.processExecutionPhase(TestCaseExecutor.java:368)
	at com.kms.katalon.core.main.TestCaseExecutor.accessMainPhase(TestCaseExecutor.java:360)
	at com.kms.katalon.core.main.TestCaseExecutor.execute(TestCaseExecutor.java:255)
	at com.kms.katalon.core.main.TestSuiteExecutor.accessTestCaseMainPhase(TestSuiteExecutor.java:203)
	at com.kms.katalon.core.main.TestSuiteExecutor.accessTestSuiteMainPhase(TestSuiteExecutor.java:152)
	at com.kms.katalon.core.main.TestSuiteExecutor.execute(TestSuiteExecutor.java:95)
	at com.kms.katalon.core.main.TestCaseMain.startTestSuite(TestCaseMain.java:157)
	at com.kms.katalon.core.main.TestCaseMain$startTestSuite$0.call(Unknown Source)
	at TempTestSuite1647265293311.run(TempTestSuite1647265293311.groovy:39)
)

2022-03-14 20:47:12 - [TEST_STEP][PASSED] - itemWatchlist = HOME_ItemTopWatchlist: null

2022-03-14 20:47:12 - [TEST_STEP][FAILED] - itemWatchlistExist = verifyElementExist(itemWatchlist, 2): Failed to check for element 'Object Repository/Mobile/Page/Home/Item - Top Watchlist' exist (Root cause: com.kms.katalon.core.exception.StepFailedException: Element 'Object Repository/Mobile/Page/Home/Item - Top Watchlist' not found
	at com.kms.katalon.core.keyword.internal.KeywordMain.stepFailed(KeywordMain.groovy:50)
	at com.kms.katalon.core.mobile.keyword.internal.MobileKeywordMain.stepFailed(MobileKeywordMain.groovy:40)
	at com.kms.katalon.core.mobile.keyword.builtin.VerifyElementExistKeyword$_verifyElementExist_closure1.doCall(VerifyElementExistKeyword.groovy:77)
	at com.kms.katalon.core.mobile.keyword.builtin.VerifyElementExistKeyword$_verifyElementExist_closure1.call(VerifyElementExistKeyword.groovy)
	at com.kms.katalon.core.mobile.keyword.internal.MobileKeywordMain.runKeyword(MobileKeywordMain.groovy:21)
	at com.kms.katalon.core.mobile.keyword.builtin.VerifyElementExistKeyword.verifyElementExist(VerifyElementExistKeyword.groovy:80)
	at com.kms.katalon.core.mobile.keyword.builtin.VerifyElementExistKeyword.execute(VerifyElementExistKeyword.groovy:64)
	at com.kms.katalon.core.keyword.internal.KeywordExecutor.executeKeywordForPlatform(KeywordExecutor.groovy:73)
	at com.kms.katalon.core.mobile.keyword.MobileBuiltInKeywords.verifyElementExist(MobileBuiltInKeywords.groovy:1586)
	at com.kms.katalon.core.mobile.keyword.MobileBuiltInKeywords$verifyElementExist$13.call(Unknown Source)
	at Home.run(Home:180)
	at com.kms.katalon.core.main.ScriptEngine.run(ScriptEngine.java:194)
	at com.kms.katalon.core.main.ScriptEngine.runScriptAsRawText(ScriptEngine.java:119)
	at com.kms.katalon.core.main.TestCaseExecutor.runScript(TestCaseExecutor.java:398)
	at com.kms.katalon.core.main.TestCaseExecutor.doExecute(TestCaseExecutor.java:389)
	at com.kms.katalon.core.main.TestCaseExecutor.processExecutionPhase(TestCaseExecutor.java:368)
	at com.kms.katalon.core.main.TestCaseExecutor.accessMainPhase(TestCaseExecutor.java:360)
	at com.kms.katalon.core.main.TestCaseExecutor.execute(TestCaseExecutor.java:255)
	at com.kms.katalon.core.main.TestCaseMain.runTestCase(TestCaseMain.java:114)
	at com.kms.katalon.core.keyword.builtin.CallTestCaseKeyword$_callTestCase_closure1.doCall(CallTestCaseKeyword.groovy:59)
	at com.kms.katalon.core.keyword.builtin.CallTestCaseKeyword$_callTestCase_closure1.call(CallTestCaseKeyword.groovy)
	at com.kms.katalon.core.keyword.internal.KeywordMain.runKeyword(KeywordMain.groovy:68)
	at com.kms.katalon.core.keyword.builtin.CallTestCaseKeyword.callTestCase(CallTestCaseKeyword.groovy:81)
	at com.kms.katalon.core.keyword.builtin.CallTestCaseKeyword.execute(CallTestCaseKeyword.groovy:44)
	at com.kms.katalon.core.keyword.internal.KeywordExecutor.executeKeywordForPlatform(KeywordExecutor.groovy:73)
	at com.kms.katalon.core.keyword.BuiltinKeywords.callTestCase(BuiltinKeywords.groovy:334)
	at 004 - Melihat semua notifikasi.run(004 - Melihat semua notifikasi:22)
	at com.kms.katalon.core.main.ScriptEngine.run(ScriptEngine.java:194)
	at com.kms.katalon.core.main.ScriptEngine.runScriptAsRawText(ScriptEngine.java:119)
	at com.kms.katalon.core.main.TestCaseExecutor.runScript(TestCaseExecutor.java:398)
	at com.kms.katalon.core.main.TestCaseExecutor.doExecute(TestCaseExecutor.java:389)
	at com.kms.katalon.core.main.TestCaseExecutor.processExecutionPhase(TestCaseExecutor.java:368)
	at com.kms.katalon.core.main.TestCaseExecutor.accessMainPhase(TestCaseExecutor.java:360)
	at com.kms.katalon.core.main.TestCaseExecutor.execute(TestCaseExecutor.java:255)
	at com.kms.katalon.core.main.TestSuiteExecutor.accessTestCaseMainPhase(TestSuiteExecutor.java:203)
	at com.kms.katalon.core.main.TestSuiteExecutor.accessTestSuiteMainPhase(TestSuiteExecutor.java:152)
	at com.kms.katalon.core.main.TestSuiteExecutor.execute(TestSuiteExecutor.java:95)
	at com.kms.katalon.core.main.TestCaseMain.startTestSuite(TestCaseMain.java:157)
	at com.kms.katalon.core.main.TestCaseMain$startTestSuite$0.call(Unknown Source)
	at TempTestSuite1647265293311.run(TempTestSuite1647265293311.groovy:39)
)

2022-03-14 20:47:15 - [MESSAGE][FAILED] - Element 'Object Repository/Mobile/Page/Home/Item - Top Watchlist' not found
[[ATTACHMENT|C:\\Users\\Owner\\Documents\\kerjaan\\KatalonProject\\qa_katalon_pwm\\qa_katalon_pwm\\Reports\\20220314_204133\\home\\20220314_204133\\1647265634512.png]]

2022-03-14 20:47:16 - [MESSAGE][FAILED] - Failed to check for element 'Object Repository/Mobile/Page/Home/Item - Top Watchlist' exist (Root cause: com.kms.katalon.core.exception.StepFailedException: Element 'Object Repository/Mobile/Page/Home/Item - Top Watchlist' not found
	at com.kms.katalon.core.keyword.internal.KeywordMain.stepFailed(KeywordMain.groovy:50)
	at com.kms.katalon.core.mobile.keyword.internal.MobileKeywordMain.stepFailed(MobileKeywordMain.groovy:40)
	at com.kms.katalon.core.mobile.keyword.builtin.VerifyElementExistKeyword$_verifyElementExist_closure1.doCall(VerifyElementExistKeyword.groovy:77)
	at com.kms.katalon.core.mobile.keyword.builtin.VerifyElementExistKeyword$_verifyElementExist_closure1.call(VerifyElementExistKeyword.groovy)
	at com.kms.katalon.core.mobile.keyword.internal.MobileKeywordMain.runKeyword(MobileKeywordMain.groovy:21)
	at com.kms.katalon.core.mobile.keyword.builtin.VerifyElementExistKeyword.verifyElementExist(VerifyElementExistKeyword.groovy:80)
	at com.kms.katalon.core.mobile.keyword.builtin.VerifyElementExistKeyword.execute(VerifyElementExistKeyword.groovy:64)
	at com.kms.katalon.core.keyword.internal.KeywordExecutor.executeKeywordForPlatform(KeywordExecutor.groovy:73)
	at com.kms.katalon.core.mobile.keyword.MobileBuiltInKeywords.verifyElementExist(MobileBuiltInKeywords.groovy:1586)
	at com.kms.katalon.core.mobile.keyword.MobileBuiltInKeywords$verifyElementExist$13.call(Unknown Source)
	at Home.run(Home:180)
	at com.kms.katalon.core.main.ScriptEngine.run(ScriptEngine.java:194)
	at com.kms.katalon.core.main.ScriptEngine.runScriptAsRawText(ScriptEngine.java:119)
	at com.kms.katalon.core.main.TestCaseExecutor.runScript(TestCaseExecutor.java:398)
	at com.kms.katalon.core.main.TestCaseExecutor.doExecute(TestCaseExecutor.java:389)
	at com.kms.katalon.core.main.TestCaseExecutor.processExecutionPhase(TestCaseExecutor.java:368)
	at com.kms.katalon.core.main.TestCaseExecutor.accessMainPhase(TestCaseExecutor.java:360)
	at com.kms.katalon.core.main.TestCaseExecutor.execute(TestCaseExecutor.java:255)
	at com.kms.katalon.core.main.TestCaseMain.runTestCase(TestCaseMain.java:114)
	at com.kms.katalon.core.keyword.builtin.CallTestCaseKeyword$_callTestCase_closure1.doCall(CallTestCaseKeyword.groovy:59)
	at com.kms.katalon.core.keyword.builtin.CallTestCaseKeyword$_callTestCase_closure1.call(CallTestCaseKeyword.groovy)
	at com.kms.katalon.core.keyword.internal.KeywordMain.runKeyword(KeywordMain.groovy:68)
	at com.kms.katalon.core.keyword.builtin.CallTestCaseKeyword.callTestCase(CallTestCaseKeyword.groovy:81)
	at com.kms.katalon.core.keyword.builtin.CallTestCaseKeyword.execute(CallTestCaseKeyword.groovy:44)
	at com.kms.katalon.core.keyword.internal.KeywordExecutor.executeKeywordForPlatform(KeywordExecutor.groovy:73)
	at com.kms.katalon.core.keyword.BuiltinKeywords.callTestCase(BuiltinKeywords.groovy:334)
	at 004 - Melihat semua notifikasi.run(004 - Melihat semua notifikasi:22)
	at com.kms.katalon.core.main.ScriptEngine.run(ScriptEngine.java:194)
	at com.kms.katalon.core.main.ScriptEngine.runScriptAsRawText(ScriptEngine.java:119)
	at com.kms.katalon.core.main.TestCaseExecutor.runScript(TestCaseExecutor.java:398)
	at com.kms.katalon.core.main.TestCaseExecutor.doExecute(TestCaseExecutor.java:389)
	at com.kms.katalon.core.main.TestCaseExecutor.processExecutionPhase(TestCaseExecutor.java:368)
	at com.kms.katalon.core.main.TestCaseExecutor.accessMainPhase(TestCaseExecutor.java:360)
	at com.kms.katalon.core.main.TestCaseExecutor.execute(TestCaseExecutor.java:255)
	at com.kms.katalon.core.main.TestSuiteExecutor.accessTestCaseMainPhase(TestSuiteExecutor.java:203)
	at com.kms.katalon.core.main.TestSuiteExecutor.accessTestSuiteMainPhase(TestSuiteExecutor.java:152)
	at com.kms.katalon.core.main.TestSuiteExecutor.execute(TestSuiteExecutor.java:95)
	at com.kms.katalon.core.main.TestCaseMain.startTestSuite(TestCaseMain.java:157)
	at com.kms.katalon.core.main.TestCaseMain$startTestSuite$0.call(Unknown Source)
	at TempTestSuite1647265293311.run(TempTestSuite1647265293311.groovy:39)
)
[[ATTACHMENT|C:\\Users\\Owner\\Documents\\kerjaan\\KatalonProject\\qa_katalon_pwm\\qa_katalon_pwm\\Reports\\20220314_204133\\home\\20220314_204133\\1647265635351.png]]

2022-03-14 20:47:16 - [TEST_STEP][PASSED] - catch (Exception e): null

2022-03-14 20:47:16 - [MESSAGE][PASSED] - Call Test Case 'Test Cases/Mobile/Page/Home/Home' successfully

2022-03-14 20:47:16 - [TEST_STEP][PASSED] - callTestCase(findTestCase("Mobile/Page/Run App/Terminate App"), [:], STOP_ON_FAILURE): Call Test Case 'Test Cases/Mobile/Page/Run App/Terminate App' successfully

2022-03-14 20:47:16 - [TEST_CASE][PASSED] - Test Cases/Mobile/Page/Run App/Terminate App: Test Cases/Mobile/Page/Run App/Terminate App

2022-03-14 20:47:16 - [TEST_STEP][PASSED] - startApp.OpenApp.terminateApplication(): startApp.OpenApp.terminateApplication is PASSED

2022-03-14 20:47:19 - [MESSAGE][PASSED] - Delayed 3 second(s)

2022-03-14 20:47:19 - [MESSAGE][PASSED] - Current device physical width is 720

2022-03-14 20:47:19 - [MESSAGE][PASSED] - Current device physical height is 1423

2022-03-14 20:47:21 - [MESSAGE][PASSED] - Swiped from 360,853 to 360,142

2022-03-14 20:47:22 - [MESSAGE][PASSED] - Delayed 1 second(s)

2022-03-14 20:47:23 - [MESSAGE][PASSED] - Swiped from 360,853 to 360,142

2022-03-14 20:47:26 - [MESSAGE][PASSED] - Delayed 3 second(s)

2022-03-14 20:47:26 - [MESSAGE][PASSED] - startApp.OpenApp.terminateApplication is PASSED

2022-03-14 20:47:26 - [MESSAGE][PASSED] - Call Test Case 'Test Cases/Mobile/Page/Run App/Terminate App' successfully]]></system-out>
         <system-err><![CDATA[]]></system-err>
      </testcase>
      <testcase name="Test Cases/Mobile/Scenario/Home/005 - Melihat salah satu berita" time="63.169" classname="Test Cases/Mobile/Scenario/Home/005 - Melihat salah satu berita" status="PASSED">
         <system-out><![CDATA[2022-03-14 20:47:26 - [TEST_CASE][PASSED] - Test Cases/Mobile/Scenario/Home/005 - Melihat salah satu berita: Test Cases/Mobile/Scenario/Home/005 - Melihat salah satu berita

2022-03-14 20:47:27 - [TEST_STEP][PASSED] - callTestCase(findTestCase("Mobile/Page/Run App/Run App byID"), [:], STOP_ON_FAILURE): Call Test Case 'Test Cases/Mobile/Page/Run App/Run App byID' successfully

2022-03-14 20:47:27 - [TEST_CASE][PASSED] - Test Cases/Mobile/Page/Run App/Run App byID: Test Cases/Mobile/Page/Run App/Run App byID

2022-03-14 20:47:27 - [TEST_STEP][PASSED] - startApp.OpenApp.startApplication("id.co.miraeasset.sageclub"): startApp.OpenApp.startApplication is PASSED

2022-03-14 20:47:41 - [MESSAGE][PASSED] - Starting app with application ID: 'id.co.miraeasset.sageclub'

2022-03-14 20:47:41 - [MESSAGE][PASSED] - startApp.OpenApp.startApplication is PASSED

2022-03-14 20:47:41 - [MESSAGE][PASSED] - Call Test Case 'Test Cases/Mobile/Page/Run App/Run App byID' successfully

2022-03-14 20:47:41 - [TEST_STEP][PASSED] - callTestCase(findTestCase("Mobile/Page/Home/Home"), ["page":"itemnews", "action":"none"], CONTINUE_ON_FAILURE): Call Test Case 'Test Cases/Mobile/Page/Home/Home' successfully

2022-03-14 20:47:41 - [TEST_CASE][PASSED] - Test Cases/Mobile/Page/Home/Home: Test Cases/Mobile/Page/Home/Home

2022-03-14 20:47:41 - [TEST_STEP][PASSED] - callTestCase(findTestCase("Mobile/Page/CheckLogin"), [:], CONTINUE_ON_FAILURE): Call Test Case 'Test Cases/Mobile/Page/CheckLogin' successfully

2022-03-14 20:47:41 - [TEST_CASE][PASSED] - Test Cases/Mobile/Page/CheckLogin: Test Cases/Mobile/Page/CheckLogin

2022-03-14 20:47:41 - [TEST_STEP][PASSED] - loginCheck = verifyElementExist(LOGN_BtnLogin, 5, CONTINUE_ON_FAILURE): Element 'Object Repository/Mobile/Page/Login/Button - Login' is exist

2022-03-14 20:47:44 - [MESSAGE][PASSED] - Element 'Object Repository/Mobile/Page/Login/Button - Login' is exist

2022-03-14 20:47:44 - [TEST_STEP][PASSED] - if (loginCheck): Call Test Case 'Test Cases/Mobile/Page/Login/Login' successfully

2022-03-14 20:47:44 - [TEST_STEP][PASSED] - callTestCase(findTestCase("Mobile/Page/Login/Login"), ["action":"username"], CONTINUE_ON_FAILURE): Call Test Case 'Test Cases/Mobile/Page/Login/Login' successfully

2022-03-14 20:47:44 - [TEST_CASE][PASSED] - Test Cases/Mobile/Page/Login/Login: Test Cases/Mobile/Page/Login/Login

2022-03-14 20:47:44 - [TEST_STEP][PASSED] - delay(2): Delayed 2 second(s)

2022-03-14 20:47:46 - [MESSAGE][PASSED] - Delayed 2 second(s)

2022-03-14 20:47:46 - [TEST_STEP][PASSED] - for ([i = 0, i < 1, (i++)]): null

2022-03-14 20:47:46 - [TEST_STEP][PASSED] - if (action == "username"): null

2022-03-14 20:47:46 - [TEST_STEP][PASSED] - tap(LOGN_EdtUserID, 0): Tapped on element 'Object Repository/Mobile/Page/Login/Input - UserID'

2022-03-14 20:47:46 - [MESSAGE][WARNING] - Timeout '0' is invalid. Using default page load timeout: '60'

2022-03-14 20:47:48 - [MESSAGE][PASSED] - Tapped on element 'Object Repository/Mobile/Page/Login/Input - UserID'

2022-03-14 20:47:48 - [TEST_STEP][PASSED] - delay(1): Delayed 1 second(s)

2022-03-14 20:47:49 - [MESSAGE][PASSED] - Delayed 1 second(s)

2022-03-14 20:47:49 - [TEST_STEP][PASSED] - setText(LOGN_EdtRdyUserID, "anggaaditya", 0): Text 'anggaaditya' has been set to element 'Object Repository/Mobile/Page/Login/Input Rdy - UserID'

2022-03-14 20:47:49 - [MESSAGE][WARNING] - Timeout '0' is invalid. Using default page load timeout: '60'

2022-03-14 20:47:50 - [MESSAGE][PASSED] - Text 'anggaaditya' has been set to element 'Object Repository/Mobile/Page/Login/Input Rdy - UserID'

2022-03-14 20:47:50 - [TEST_STEP][PASSED] - delay(1): Delayed 1 second(s)

2022-03-14 20:47:51 - [MESSAGE][PASSED] - Delayed 1 second(s)

2022-03-14 20:47:51 - [TEST_STEP][PASSED] - hideKeyboard(): Keyboard is hidden

2022-03-14 20:47:55 - [MESSAGE][PASSED] - Keyboard is hidden

2022-03-14 20:47:55 - [TEST_STEP][PASSED] - tap(LOGN_EdtPassword, 0): Tapped on element 'Object Repository/Mobile/Page/Login/Input - Password'

2022-03-14 20:47:55 - [MESSAGE][WARNING] - Timeout '0' is invalid. Using default page load timeout: '60'

2022-03-14 20:47:56 - [MESSAGE][PASSED] - Tapped on element 'Object Repository/Mobile/Page/Login/Input - Password'

2022-03-14 20:47:56 - [TEST_STEP][PASSED] - delay(1): Delayed 1 second(s)

2022-03-14 20:47:57 - [MESSAGE][PASSED] - Delayed 1 second(s)

2022-03-14 20:47:57 - [TEST_STEP][PASSED] - setText(LOGN_EdtRdyPassword, "Shalawa18", 0): Text 'Shalawa18' has been set to element 'Object Repository/Mobile/Page/Login/Input Rdy - Password'

2022-03-14 20:47:57 - [MESSAGE][WARNING] - Timeout '0' is invalid. Using default page load timeout: '60'

2022-03-14 20:47:58 - [MESSAGE][PASSED] - Text 'Shalawa18' has been set to element 'Object Repository/Mobile/Page/Login/Input Rdy - Password'

2022-03-14 20:47:58 - [TEST_STEP][PASSED] - delay(1): Delayed 1 second(s)

2022-03-14 20:47:59 - [MESSAGE][PASSED] - Delayed 1 second(s)

2022-03-14 20:47:59 - [TEST_STEP][PASSED] - hideKeyboard(): Keyboard is hidden

2022-03-14 20:48:05 - [MESSAGE][PASSED] - Keyboard is hidden

2022-03-14 20:48:05 - [TEST_STEP][PASSED] - tap(LOGN_BtnLogin, 0): Tapped on element 'Object Repository/Mobile/Page/Login/Button - Login'

2022-03-14 20:48:05 - [MESSAGE][WARNING] - Timeout '0' is invalid. Using default page load timeout: '60'

2022-03-14 20:48:06 - [MESSAGE][PASSED] - Tapped on element 'Object Repository/Mobile/Page/Login/Button - Login'

2022-03-14 20:48:06 - [TEST_STEP][PASSED] - delay(2): Delayed 2 second(s)

2022-03-14 20:48:08 - [MESSAGE][PASSED] - Delayed 2 second(s)

2022-03-14 20:48:08 - [TEST_STEP][PASSED] - break: null

2022-03-14 20:48:08 - [MESSAGE][PASSED] - Call Test Case 'Test Cases/Mobile/Page/Login/Login' successfully

2022-03-14 20:48:08 - [MESSAGE][PASSED] - Call Test Case 'Test Cases/Mobile/Page/CheckLogin' successfully

2022-03-14 20:48:08 - [TEST_STEP][PASSED] - for ([i = 0, i < 1, (i++)]): scroll.scroll.scrollScreenBottomToTop is PASSED

2022-03-14 20:48:08 - [TEST_STEP][PASSED] - if (action == "seeperformance"): null

2022-03-14 20:48:08 - [TEST_STEP][PASSED] - if (page == "notification"): null

2022-03-14 20:48:08 - [TEST_STEP][PASSED] - else if (page == "itemnews"): scroll.scroll.scrollScreenBottomToTop is PASSED

2022-03-14 20:48:08 - [TEST_STEP][PASSED] - scroll.scroll.scrollScreenBottomToTop(): scroll.scroll.scrollScreenBottomToTop is PASSED

2022-03-14 20:48:08 - [MESSAGE][PASSED] - Current device physical height is 1423

2022-03-14 20:48:09 - [MESSAGE][PASSED] - Current device physical width is 720

2022-03-14 20:48:10 - [MESSAGE][PASSED] - Swiped from 360,1,138 to 360,284

2022-03-14 20:48:10 - [MESSAGE][PASSED] - scroll.scroll.scrollScreenBottomToTop is PASSED

2022-03-14 20:48:10 - [TEST_STEP][PASSED] - scroll.scroll.scrollScreenBottomToTop(): scroll.scroll.scrollScreenBottomToTop is PASSED

2022-03-14 20:48:10 - [MESSAGE][PASSED] - Current device physical height is 1423

2022-03-14 20:48:10 - [MESSAGE][PASSED] - Current device physical width is 720

2022-03-14 20:48:12 - [MESSAGE][PASSED] - Swiped from 360,1,138 to 360,284

2022-03-14 20:48:12 - [MESSAGE][PASSED] - scroll.scroll.scrollScreenBottomToTop is PASSED

2022-03-14 20:48:12 - [TEST_STEP][PASSED] - tapAndHold(HOME_ItemTopLatestNews, 1, 0): Tapped and held on element 'Object Repository/Mobile/Page/Home/Item - Top Latest News' with duration 1

2022-03-14 20:48:12 - [MESSAGE][WARNING] - Timeout '0' is invalid. Using default page load timeout: '60'

2022-03-14 20:48:14 - [MESSAGE][PASSED] - Tapped and held on element 'Object Repository/Mobile/Page/Home/Item - Top Latest News' with duration 1

2022-03-14 20:48:14 - [TEST_STEP][PASSED] - delay(2): Delayed 2 second(s)

2022-03-14 20:48:16 - [MESSAGE][PASSED] - Delayed 2 second(s)

2022-03-14 20:48:16 - [TEST_STEP][PASSED] - scroll.scroll.scrollScreenBottomToTop(): scroll.scroll.scrollScreenBottomToTop is PASSED

2022-03-14 20:48:17 - [MESSAGE][PASSED] - Current device physical height is 1423

2022-03-14 20:48:18 - [MESSAGE][PASSED] - Current device physical width is 720

2022-03-14 20:48:19 - [MESSAGE][PASSED] - Swiped from 360,1,138 to 360,284

2022-03-14 20:48:19 - [MESSAGE][PASSED] - scroll.scroll.scrollScreenBottomToTop is PASSED

2022-03-14 20:48:19 - [MESSAGE][PASSED] - Call Test Case 'Test Cases/Mobile/Page/Home/Home' successfully

2022-03-14 20:48:19 - [TEST_STEP][PASSED] - callTestCase(findTestCase("Mobile/Page/Run App/Terminate App"), [:], STOP_ON_FAILURE): Call Test Case 'Test Cases/Mobile/Page/Run App/Terminate App' successfully

2022-03-14 20:48:19 - [TEST_CASE][PASSED] - Test Cases/Mobile/Page/Run App/Terminate App: Test Cases/Mobile/Page/Run App/Terminate App

2022-03-14 20:48:19 - [TEST_STEP][PASSED] - startApp.OpenApp.terminateApplication(): startApp.OpenApp.terminateApplication is PASSED

2022-03-14 20:48:22 - [MESSAGE][PASSED] - Delayed 3 second(s)

2022-03-14 20:48:22 - [MESSAGE][PASSED] - Current device physical width is 720

2022-03-14 20:48:23 - [MESSAGE][PASSED] - Current device physical height is 1423

2022-03-14 20:48:24 - [MESSAGE][PASSED] - Swiped from 360,853 to 360,142

2022-03-14 20:48:25 - [MESSAGE][PASSED] - Delayed 1 second(s)

2022-03-14 20:48:26 - [MESSAGE][PASSED] - Swiped from 360,853 to 360,142

2022-03-14 20:48:29 - [MESSAGE][PASSED] - Delayed 3 second(s)

2022-03-14 20:48:29 - [MESSAGE][PASSED] - startApp.OpenApp.terminateApplication is PASSED

2022-03-14 20:48:29 - [MESSAGE][PASSED] - Call Test Case 'Test Cases/Mobile/Page/Run App/Terminate App' successfully]]></system-out>
         <system-err><![CDATA[]]></system-err>
      </testcase>
      <testcase name="Test Cases/Mobile/Scenario/Home/006 - Melihat daftar semua berita" time="56.119" classname="Test Cases/Mobile/Scenario/Home/006 - Melihat daftar semua berita" status="PASSED">
         <system-out><![CDATA[2022-03-14 20:48:29 - [TEST_CASE][PASSED] - Test Cases/Mobile/Scenario/Home/006 - Melihat daftar semua berita: Test Cases/Mobile/Scenario/Home/006 - Melihat daftar semua berita

2022-03-14 20:48:30 - [TEST_STEP][PASSED] - callTestCase(findTestCase("Mobile/Page/Run App/Run App byID"), [:], STOP_ON_FAILURE): Call Test Case 'Test Cases/Mobile/Page/Run App/Run App byID' successfully

2022-03-14 20:48:30 - [TEST_CASE][PASSED] - Test Cases/Mobile/Page/Run App/Run App byID: Test Cases/Mobile/Page/Run App/Run App byID

2022-03-14 20:48:30 - [TEST_STEP][PASSED] - startApp.OpenApp.startApplication("id.co.miraeasset.sageclub"): startApp.OpenApp.startApplication is PASSED

2022-03-14 20:48:43 - [MESSAGE][PASSED] - Starting app with application ID: 'id.co.miraeasset.sageclub'

2022-03-14 20:48:43 - [MESSAGE][PASSED] - startApp.OpenApp.startApplication is PASSED

2022-03-14 20:48:43 - [MESSAGE][PASSED] - Call Test Case 'Test Cases/Mobile/Page/Run App/Run App byID' successfully

2022-03-14 20:48:43 - [TEST_STEP][PASSED] - callTestCase(findTestCase("Mobile/Page/Home/Home"), ["page":"news", "action":"none"], CONTINUE_ON_FAILURE): Call Test Case 'Test Cases/Mobile/Page/Home/Home' successfully

2022-03-14 20:48:43 - [TEST_CASE][PASSED] - Test Cases/Mobile/Page/Home/Home: Test Cases/Mobile/Page/Home/Home

2022-03-14 20:48:43 - [TEST_STEP][PASSED] - callTestCase(findTestCase("Mobile/Page/CheckLogin"), [:], CONTINUE_ON_FAILURE): Call Test Case 'Test Cases/Mobile/Page/CheckLogin' successfully

2022-03-14 20:48:44 - [TEST_CASE][PASSED] - Test Cases/Mobile/Page/CheckLogin: Test Cases/Mobile/Page/CheckLogin

2022-03-14 20:48:44 - [TEST_STEP][PASSED] - loginCheck = verifyElementExist(LOGN_BtnLogin, 5, CONTINUE_ON_FAILURE): Element 'Object Repository/Mobile/Page/Login/Button - Login' is exist

2022-03-14 20:48:45 - [MESSAGE][PASSED] - Element 'Object Repository/Mobile/Page/Login/Button - Login' is exist

2022-03-14 20:48:45 - [TEST_STEP][PASSED] - if (loginCheck): Call Test Case 'Test Cases/Mobile/Page/Login/Login' successfully

2022-03-14 20:48:45 - [TEST_STEP][PASSED] - callTestCase(findTestCase("Mobile/Page/Login/Login"), ["action":"username"], CONTINUE_ON_FAILURE): Call Test Case 'Test Cases/Mobile/Page/Login/Login' successfully

2022-03-14 20:48:45 - [TEST_CASE][PASSED] - Test Cases/Mobile/Page/Login/Login: Test Cases/Mobile/Page/Login/Login

2022-03-14 20:48:45 - [TEST_STEP][PASSED] - delay(2): Delayed 2 second(s)

2022-03-14 20:48:48 - [MESSAGE][PASSED] - Delayed 2 second(s)

2022-03-14 20:48:48 - [TEST_STEP][PASSED] - for ([i = 0, i < 1, (i++)]): null

2022-03-14 20:48:48 - [TEST_STEP][PASSED] - if (action == "username"): null

2022-03-14 20:48:48 - [TEST_STEP][PASSED] - tap(LOGN_EdtUserID, 0): Tapped on element 'Object Repository/Mobile/Page/Login/Input - UserID'

2022-03-14 20:48:48 - [MESSAGE][WARNING] - Timeout '0' is invalid. Using default page load timeout: '60'

2022-03-14 20:48:48 - [MESSAGE][PASSED] - Tapped on element 'Object Repository/Mobile/Page/Login/Input - UserID'

2022-03-14 20:48:48 - [TEST_STEP][PASSED] - delay(1): Delayed 1 second(s)

2022-03-14 20:48:49 - [MESSAGE][PASSED] - Delayed 1 second(s)

2022-03-14 20:48:49 - [TEST_STEP][PASSED] - setText(LOGN_EdtRdyUserID, "anggaaditya", 0): Text 'anggaaditya' has been set to element 'Object Repository/Mobile/Page/Login/Input Rdy - UserID'

2022-03-14 20:48:49 - [MESSAGE][WARNING] - Timeout '0' is invalid. Using default page load timeout: '60'

2022-03-14 20:48:50 - [MESSAGE][PASSED] - Text 'anggaaditya' has been set to element 'Object Repository/Mobile/Page/Login/Input Rdy - UserID'

2022-03-14 20:48:50 - [TEST_STEP][PASSED] - delay(1): Delayed 1 second(s)

2022-03-14 20:48:51 - [MESSAGE][PASSED] - Delayed 1 second(s)

2022-03-14 20:48:51 - [TEST_STEP][PASSED] - hideKeyboard(): Keyboard is hidden

2022-03-14 20:48:54 - [MESSAGE][PASSED] - Keyboard is hidden

2022-03-14 20:48:54 - [TEST_STEP][PASSED] - tap(LOGN_EdtPassword, 0): Tapped on element 'Object Repository/Mobile/Page/Login/Input - Password'

2022-03-14 20:48:54 - [MESSAGE][WARNING] - Timeout '0' is invalid. Using default page load timeout: '60'

2022-03-14 20:48:54 - [MESSAGE][PASSED] - Tapped on element 'Object Repository/Mobile/Page/Login/Input - Password'

2022-03-14 20:48:54 - [TEST_STEP][PASSED] - delay(1): Delayed 1 second(s)

2022-03-14 20:48:55 - [MESSAGE][PASSED] - Delayed 1 second(s)

2022-03-14 20:48:55 - [TEST_STEP][PASSED] - setText(LOGN_EdtRdyPassword, "Shalawa18", 0): Text 'Shalawa18' has been set to element 'Object Repository/Mobile/Page/Login/Input Rdy - Password'

2022-03-14 20:48:55 - [MESSAGE][WARNING] - Timeout '0' is invalid. Using default page load timeout: '60'

2022-03-14 20:48:56 - [MESSAGE][PASSED] - Text 'Shalawa18' has been set to element 'Object Repository/Mobile/Page/Login/Input Rdy - Password'

2022-03-14 20:48:56 - [TEST_STEP][PASSED] - delay(1): Delayed 1 second(s)

2022-03-14 20:48:57 - [MESSAGE][PASSED] - Delayed 1 second(s)

2022-03-14 20:48:57 - [TEST_STEP][PASSED] - hideKeyboard(): Keyboard is hidden

2022-03-14 20:49:04 - [MESSAGE][PASSED] - Keyboard is hidden

2022-03-14 20:49:04 - [TEST_STEP][PASSED] - tap(LOGN_BtnLogin, 0): Tapped on element 'Object Repository/Mobile/Page/Login/Button - Login'

2022-03-14 20:49:04 - [MESSAGE][WARNING] - Timeout '0' is invalid. Using default page load timeout: '60'

2022-03-14 20:49:05 - [MESSAGE][PASSED] - Tapped on element 'Object Repository/Mobile/Page/Login/Button - Login'

2022-03-14 20:49:05 - [TEST_STEP][PASSED] - delay(2): Delayed 2 second(s)

2022-03-14 20:49:07 - [MESSAGE][PASSED] - Delayed 2 second(s)

2022-03-14 20:49:07 - [TEST_STEP][PASSED] - break: null

2022-03-14 20:49:07 - [MESSAGE][PASSED] - Call Test Case 'Test Cases/Mobile/Page/Login/Login' successfully

2022-03-14 20:49:07 - [MESSAGE][PASSED] - Call Test Case 'Test Cases/Mobile/Page/CheckLogin' successfully

2022-03-14 20:49:07 - [TEST_STEP][PASSED] - for ([i = 0, i < 1, (i++)]): scroll.scroll.scrollScreenBottomToTop is PASSED

2022-03-14 20:49:07 - [TEST_STEP][PASSED] - if (action == "seeperformance"): null

2022-03-14 20:49:07 - [TEST_STEP][PASSED] - if (page == "notification"): null

2022-03-14 20:49:07 - [TEST_STEP][PASSED] - else if (page == "itemnews"): null

2022-03-14 20:49:07 - [TEST_STEP][PASSED] - else if (page == "news"): scroll.scroll.scrollScreenBottomToTop is PASSED

2022-03-14 20:49:07 - [TEST_STEP][PASSED] - scroll.scroll.scrollScreenBottomToTop(): scroll.scroll.scrollScreenBottomToTop is PASSED

2022-03-14 20:49:07 - [MESSAGE][PASSED] - Current device physical height is 1423

2022-03-14 20:49:07 - [MESSAGE][PASSED] - Current device physical width is 720

2022-03-14 20:49:08 - [MESSAGE][PASSED] - Swiped from 360,1,138 to 360,284

2022-03-14 20:49:08 - [MESSAGE][PASSED] - scroll.scroll.scrollScreenBottomToTop is PASSED

2022-03-14 20:49:08 - [TEST_STEP][PASSED] - scroll.scroll.scrollScreenBottomToTop(): scroll.scroll.scrollScreenBottomToTop is PASSED

2022-03-14 20:49:09 - [MESSAGE][PASSED] - Current device physical height is 1423

2022-03-14 20:49:09 - [MESSAGE][PASSED] - Current device physical width is 720

2022-03-14 20:49:10 - [MESSAGE][PASSED] - Swiped from 360,1,138 to 360,284

2022-03-14 20:49:10 - [MESSAGE][PASSED] - scroll.scroll.scrollScreenBottomToTop is PASSED

2022-03-14 20:49:10 - [TEST_STEP][PASSED] - news = HOME_ContLatestNews: null

2022-03-14 20:49:10 - [TEST_STEP][PASSED] - left_position = getElementLeftPosition(news, 0): Object 'Object Repository/Mobile/Page/Home/Container - Latest News' has left position '28'

2022-03-14 20:49:10 - [MESSAGE][WARNING] - Timeout '0' is invalid. Using default page load timeout: '60'

2022-03-14 20:49:10 - [MESSAGE][PASSED] - Object 'Object Repository/Mobile/Page/Home/Container - Latest News' has left position '28'

2022-03-14 20:49:10 - [TEST_STEP][PASSED] - top_position = getElementTopPosition(news, 0): Object 'Object Repository/Mobile/Page/Home/Container - Latest News' has top position '234'

2022-03-14 20:49:10 - [MESSAGE][WARNING] - Timeout '0' is invalid. Using default page load timeout: '60'

2022-03-14 20:49:10 - [MESSAGE][PASSED] - Object 'Object Repository/Mobile/Page/Home/Container - Latest News' has top position '234'

2022-03-14 20:49:10 - [TEST_STEP][PASSED] - width = getElementWidth(news, 0): Object 'Object Repository/Mobile/Page/Home/Container - Latest News' has width: '664'

2022-03-14 20:49:10 - [MESSAGE][WARNING] - Timeout '0' is invalid. Using default page load timeout: '60'

2022-03-14 20:49:11 - [MESSAGE][PASSED] - Object 'Object Repository/Mobile/Page/Home/Container - Latest News' has width: '664'

2022-03-14 20:49:11 - [TEST_STEP][PASSED] - height = getElementHeight(news, 0): Object 'Object Repository/Mobile/Page/Home/Container - Latest News' has height: '1,013'

2022-03-14 20:49:11 - [MESSAGE][WARNING] - Timeout '0' is invalid. Using default page load timeout: '60'

2022-03-14 20:49:11 - [MESSAGE][PASSED] - Object 'Object Repository/Mobile/Page/Home/Container - Latest News' has height: '1,013'

2022-03-14 20:49:11 - [TEST_STEP][PASSED] - x = left_position + width * 0.9: null

2022-03-14 20:49:11 - [TEST_STEP][PASSED] - y = top_position + 52: null

2022-03-14 20:49:11 - [TEST_STEP][PASSED] - tapAtPosition(x, y): Tapped at [625, 286]

2022-03-14 20:49:11 - [MESSAGE][PASSED] - Tapped at [625, 286]

2022-03-14 20:49:11 - [TEST_STEP][PASSED] - delay(2): Delayed 2 second(s)

2022-03-14 20:49:13 - [MESSAGE][PASSED] - Delayed 2 second(s)

2022-03-14 20:49:13 - [TEST_STEP][PASSED] - scroll.scroll.scrollScreenBottomToTop(): scroll.scroll.scrollScreenBottomToTop is PASSED

2022-03-14 20:49:13 - [MESSAGE][PASSED] - Current device physical height is 1423

2022-03-14 20:49:14 - [MESSAGE][PASSED] - Current device physical width is 720

2022-03-14 20:49:15 - [MESSAGE][PASSED] - Swiped from 360,1,138 to 360,284

2022-03-14 20:49:15 - [MESSAGE][PASSED] - scroll.scroll.scrollScreenBottomToTop is PASSED

2022-03-14 20:49:15 - [MESSAGE][PASSED] - Call Test Case 'Test Cases/Mobile/Page/Home/Home' successfully

2022-03-14 20:49:15 - [TEST_STEP][PASSED] - callTestCase(findTestCase("Mobile/Page/Run App/Terminate App"), [:], STOP_ON_FAILURE): Call Test Case 'Test Cases/Mobile/Page/Run App/Terminate App' successfully

2022-03-14 20:49:15 - [TEST_CASE][PASSED] - Test Cases/Mobile/Page/Run App/Terminate App: Test Cases/Mobile/Page/Run App/Terminate App

2022-03-14 20:49:15 - [TEST_STEP][PASSED] - startApp.OpenApp.terminateApplication(): startApp.OpenApp.terminateApplication is PASSED

2022-03-14 20:49:18 - [MESSAGE][PASSED] - Delayed 3 second(s)

2022-03-14 20:49:18 - [MESSAGE][PASSED] - Current device physical width is 720

2022-03-14 20:49:19 - [MESSAGE][PASSED] - Current device physical height is 1423

2022-03-14 20:49:20 - [MESSAGE][PASSED] - Swiped from 360,853 to 360,142

2022-03-14 20:49:21 - [MESSAGE][PASSED] - Delayed 1 second(s)

2022-03-14 20:49:22 - [MESSAGE][PASSED] - Swiped from 360,853 to 360,142

2022-03-14 20:49:25 - [MESSAGE][PASSED] - Delayed 3 second(s)

2022-03-14 20:49:25 - [MESSAGE][PASSED] - startApp.OpenApp.terminateApplication is PASSED

2022-03-14 20:49:25 - [MESSAGE][PASSED] - Call Test Case 'Test Cases/Mobile/Page/Run App/Terminate App' successfully]]></system-out>
         <system-err><![CDATA[]]></system-err>
      </testcase>
      <testcase name="Test Cases/Mobile/Scenario/Home/007 - Menambahkan watchlist tanpa input" time="63.02" classname="Test Cases/Mobile/Scenario/Home/007 - Menambahkan watchlist tanpa input" status="PASSED">
         <system-out><![CDATA[2022-03-14 20:49:25 - [TEST_CASE][PASSED] - Test Cases/Mobile/Scenario/Home/007 - Menambahkan watchlist tanpa input: Test Cases/Mobile/Scenario/Home/007 - Menambahkan watchlist tanpa input

2022-03-14 20:49:26 - [TEST_STEP][PASSED] - callTestCase(findTestCase("Mobile/Page/Run App/Run App byID"), [:], STOP_ON_FAILURE): Call Test Case 'Test Cases/Mobile/Page/Run App/Run App byID' successfully

2022-03-14 20:49:26 - [TEST_CASE][PASSED] - Test Cases/Mobile/Page/Run App/Run App byID: Test Cases/Mobile/Page/Run App/Run App byID

2022-03-14 20:49:26 - [TEST_STEP][PASSED] - startApp.OpenApp.startApplication("id.co.miraeasset.sageclub"): startApp.OpenApp.startApplication is PASSED

2022-03-14 20:49:41 - [MESSAGE][PASSED] - Starting app with application ID: 'id.co.miraeasset.sageclub'

2022-03-14 20:49:41 - [MESSAGE][PASSED] - startApp.OpenApp.startApplication is PASSED

2022-03-14 20:49:41 - [MESSAGE][PASSED] - Call Test Case 'Test Cases/Mobile/Page/Run App/Run App byID' successfully

2022-03-14 20:49:41 - [TEST_STEP][PASSED] - callTestCase(findTestCase("Mobile/Page/Home/Home"), ["page":"none", "action":"addwatchlistnoinput"], CONTINUE_ON_FAILURE): Call Test Case 'Test Cases/Mobile/Page/Home/Home' successfully

2022-03-14 20:49:41 - [TEST_CASE][PASSED] - Test Cases/Mobile/Page/Home/Home: Test Cases/Mobile/Page/Home/Home

2022-03-14 20:49:42 - [TEST_STEP][PASSED] - callTestCase(findTestCase("Mobile/Page/CheckLogin"), [:], CONTINUE_ON_FAILURE): Call Test Case 'Test Cases/Mobile/Page/CheckLogin' successfully

2022-03-14 20:49:42 - [TEST_CASE][PASSED] - Test Cases/Mobile/Page/CheckLogin: Test Cases/Mobile/Page/CheckLogin

2022-03-14 20:49:42 - [TEST_STEP][PASSED] - loginCheck = verifyElementExist(LOGN_BtnLogin, 5, CONTINUE_ON_FAILURE): Element 'Object Repository/Mobile/Page/Login/Button - Login' is exist

2022-03-14 20:49:43 - [MESSAGE][PASSED] - Element 'Object Repository/Mobile/Page/Login/Button - Login' is exist

2022-03-14 20:49:43 - [TEST_STEP][PASSED] - if (loginCheck): Call Test Case 'Test Cases/Mobile/Page/Login/Login' successfully

2022-03-14 20:49:43 - [TEST_STEP][PASSED] - callTestCase(findTestCase("Mobile/Page/Login/Login"), ["action":"username"], CONTINUE_ON_FAILURE): Call Test Case 'Test Cases/Mobile/Page/Login/Login' successfully

2022-03-14 20:49:43 - [TEST_CASE][PASSED] - Test Cases/Mobile/Page/Login/Login: Test Cases/Mobile/Page/Login/Login

2022-03-14 20:49:43 - [TEST_STEP][PASSED] - delay(2): Delayed 2 second(s)

2022-03-14 20:49:45 - [MESSAGE][PASSED] - Delayed 2 second(s)

2022-03-14 20:49:45 - [TEST_STEP][PASSED] - for ([i = 0, i < 1, (i++)]): null

2022-03-14 20:49:45 - [TEST_STEP][PASSED] - if (action == "username"): null

2022-03-14 20:49:45 - [TEST_STEP][PASSED] - tap(LOGN_EdtUserID, 0): Tapped on element 'Object Repository/Mobile/Page/Login/Input - UserID'

2022-03-14 20:49:45 - [MESSAGE][WARNING] - Timeout '0' is invalid. Using default page load timeout: '60'

2022-03-14 20:49:46 - [MESSAGE][PASSED] - Tapped on element 'Object Repository/Mobile/Page/Login/Input - UserID'

2022-03-14 20:49:46 - [TEST_STEP][PASSED] - delay(1): Delayed 1 second(s)

2022-03-14 20:49:47 - [MESSAGE][PASSED] - Delayed 1 second(s)

2022-03-14 20:49:47 - [TEST_STEP][PASSED] - setText(LOGN_EdtRdyUserID, "anggaaditya", 0): Text 'anggaaditya' has been set to element 'Object Repository/Mobile/Page/Login/Input Rdy - UserID'

2022-03-14 20:49:47 - [MESSAGE][WARNING] - Timeout '0' is invalid. Using default page load timeout: '60'

2022-03-14 20:49:47 - [MESSAGE][PASSED] - Text 'anggaaditya' has been set to element 'Object Repository/Mobile/Page/Login/Input Rdy - UserID'

2022-03-14 20:49:47 - [TEST_STEP][PASSED] - delay(1): Delayed 1 second(s)

2022-03-14 20:49:48 - [MESSAGE][PASSED] - Delayed 1 second(s)

2022-03-14 20:49:48 - [TEST_STEP][PASSED] - hideKeyboard(): Keyboard is hidden

2022-03-14 20:49:52 - [MESSAGE][PASSED] - Keyboard is hidden

2022-03-14 20:49:52 - [TEST_STEP][PASSED] - tap(LOGN_EdtPassword, 0): Tapped on element 'Object Repository/Mobile/Page/Login/Input - Password'

2022-03-14 20:49:52 - [MESSAGE][WARNING] - Timeout '0' is invalid. Using default page load timeout: '60'

2022-03-14 20:49:53 - [MESSAGE][PASSED] - Tapped on element 'Object Repository/Mobile/Page/Login/Input - Password'

2022-03-14 20:49:53 - [TEST_STEP][PASSED] - delay(1): Delayed 1 second(s)

2022-03-14 20:49:54 - [MESSAGE][PASSED] - Delayed 1 second(s)

2022-03-14 20:49:54 - [TEST_STEP][PASSED] - setText(LOGN_EdtRdyPassword, "Shalawa18", 0): Text 'Shalawa18' has been set to element 'Object Repository/Mobile/Page/Login/Input Rdy - Password'

2022-03-14 20:49:54 - [MESSAGE][WARNING] - Timeout '0' is invalid. Using default page load timeout: '60'

2022-03-14 20:49:54 - [MESSAGE][PASSED] - Text 'Shalawa18' has been set to element 'Object Repository/Mobile/Page/Login/Input Rdy - Password'

2022-03-14 20:49:54 - [TEST_STEP][PASSED] - delay(1): Delayed 1 second(s)

2022-03-14 20:49:55 - [MESSAGE][PASSED] - Delayed 1 second(s)

2022-03-14 20:49:55 - [TEST_STEP][PASSED] - hideKeyboard(): Keyboard is hidden

2022-03-14 20:50:02 - [MESSAGE][PASSED] - Keyboard is hidden

2022-03-14 20:50:02 - [TEST_STEP][PASSED] - tap(LOGN_BtnLogin, 0): Tapped on element 'Object Repository/Mobile/Page/Login/Button - Login'

2022-03-14 20:50:02 - [MESSAGE][WARNING] - Timeout '0' is invalid. Using default page load timeout: '60'

2022-03-14 20:50:03 - [MESSAGE][PASSED] - Tapped on element 'Object Repository/Mobile/Page/Login/Button - Login'

2022-03-14 20:50:03 - [TEST_STEP][PASSED] - delay(2): Delayed 2 second(s)

2022-03-14 20:50:05 - [MESSAGE][PASSED] - Delayed 2 second(s)

2022-03-14 20:50:05 - [TEST_STEP][PASSED] - break: null

2022-03-14 20:50:05 - [MESSAGE][PASSED] - Call Test Case 'Test Cases/Mobile/Page/Login/Login' successfully

2022-03-14 20:50:05 - [MESSAGE][PASSED] - Call Test Case 'Test Cases/Mobile/Page/CheckLogin' successfully

2022-03-14 20:50:05 - [TEST_STEP][FAILED] - for ([i = 0, i < 1, (i++)]): null

2022-03-14 20:50:05 - [TEST_STEP][PASSED] - if (action == "seeperformance"): null

2022-03-14 20:50:05 - [TEST_STEP][PASSED] - else if (action == "requestadhoc"): null

2022-03-14 20:50:05 - [TEST_STEP][PASSED] - else if (action == "addwatchlist" || action == "deletewatchlist"): null

2022-03-14 20:50:05 - [TEST_STEP][FAILED] - else if (action == "addwatchlistnoinput"): null

2022-03-14 20:50:05 - [TEST_STEP][PASSED] - delay(2): Delayed 2 second(s)

2022-03-14 20:50:07 - [MESSAGE][PASSED] - Delayed 2 second(s)

2022-03-14 20:50:07 - [TEST_STEP][FAILED] - try: Failed to check for element 'Object Repository/Mobile/Page/Home/Item - Top Watchlist' exist (Root cause: com.kms.katalon.core.exception.StepFailedException: Element 'Object Repository/Mobile/Page/Home/Item - Top Watchlist' not found
	at com.kms.katalon.core.keyword.internal.KeywordMain.stepFailed(KeywordMain.groovy:50)
	at com.kms.katalon.core.mobile.keyword.internal.MobileKeywordMain.stepFailed(MobileKeywordMain.groovy:40)
	at com.kms.katalon.core.mobile.keyword.builtin.VerifyElementExistKeyword$_verifyElementExist_closure1.doCall(VerifyElementExistKeyword.groovy:77)
	at com.kms.katalon.core.mobile.keyword.builtin.VerifyElementExistKeyword$_verifyElementExist_closure1.call(VerifyElementExistKeyword.groovy)
	at com.kms.katalon.core.mobile.keyword.internal.MobileKeywordMain.runKeyword(MobileKeywordMain.groovy:21)
	at com.kms.katalon.core.mobile.keyword.builtin.VerifyElementExistKeyword.verifyElementExist(VerifyElementExistKeyword.groovy:80)
	at com.kms.katalon.core.mobile.keyword.builtin.VerifyElementExistKeyword.execute(VerifyElementExistKeyword.groovy:64)
	at com.kms.katalon.core.keyword.internal.KeywordExecutor.executeKeywordForPlatform(KeywordExecutor.groovy:73)
	at com.kms.katalon.core.mobile.keyword.MobileBuiltInKeywords.verifyElementExist(MobileBuiltInKeywords.groovy:1586)
	at com.kms.katalon.core.mobile.keyword.MobileBuiltInKeywords$verifyElementExist$13.call(Unknown Source)
	at Home.run(Home:129)
	at com.kms.katalon.core.main.ScriptEngine.run(ScriptEngine.java:194)
	at com.kms.katalon.core.main.ScriptEngine.runScriptAsRawText(ScriptEngine.java:119)
	at com.kms.katalon.core.main.TestCaseExecutor.runScript(TestCaseExecutor.java:398)
	at com.kms.katalon.core.main.TestCaseExecutor.doExecute(TestCaseExecutor.java:389)
	at com.kms.katalon.core.main.TestCaseExecutor.processExecutionPhase(TestCaseExecutor.java:368)
	at com.kms.katalon.core.main.TestCaseExecutor.accessMainPhase(TestCaseExecutor.java:360)
	at com.kms.katalon.core.main.TestCaseExecutor.execute(TestCaseExecutor.java:255)
	at com.kms.katalon.core.main.TestCaseMain.runTestCase(TestCaseMain.java:114)
	at com.kms.katalon.core.keyword.builtin.CallTestCaseKeyword$_callTestCase_closure1.doCall(CallTestCaseKeyword.groovy:59)
	at com.kms.katalon.core.keyword.builtin.CallTestCaseKeyword$_callTestCase_closure1.call(CallTestCaseKeyword.groovy)
	at com.kms.katalon.core.keyword.internal.KeywordMain.runKeyword(KeywordMain.groovy:68)
	at com.kms.katalon.core.keyword.builtin.CallTestCaseKeyword.callTestCase(CallTestCaseKeyword.groovy:81)
	at com.kms.katalon.core.keyword.builtin.CallTestCaseKeyword.execute(CallTestCaseKeyword.groovy:44)
	at com.kms.katalon.core.keyword.internal.KeywordExecutor.executeKeywordForPlatform(KeywordExecutor.groovy:73)
	at com.kms.katalon.core.keyword.BuiltinKeywords.callTestCase(BuiltinKeywords.groovy:334)
	at 007 - Menambahkan watchlist tanpa input.run(007 - Menambahkan watchlist tanpa input:22)
	at com.kms.katalon.core.main.ScriptEngine.run(ScriptEngine.java:194)
	at com.kms.katalon.core.main.ScriptEngine.runScriptAsRawText(ScriptEngine.java:119)
	at com.kms.katalon.core.main.TestCaseExecutor.runScript(TestCaseExecutor.java:398)
	at com.kms.katalon.core.main.TestCaseExecutor.doExecute(TestCaseExecutor.java:389)
	at com.kms.katalon.core.main.TestCaseExecutor.processExecutionPhase(TestCaseExecutor.java:368)
	at com.kms.katalon.core.main.TestCaseExecutor.accessMainPhase(TestCaseExecutor.java:360)
	at com.kms.katalon.core.main.TestCaseExecutor.execute(TestCaseExecutor.java:255)
	at com.kms.katalon.core.main.TestSuiteExecutor.accessTestCaseMainPhase(TestSuiteExecutor.java:203)
	at com.kms.katalon.core.main.TestSuiteExecutor.accessTestSuiteMainPhase(TestSuiteExecutor.java:152)
	at com.kms.katalon.core.main.TestSuiteExecutor.execute(TestSuiteExecutor.java:95)
	at com.kms.katalon.core.main.TestCaseMain.startTestSuite(TestCaseMain.java:157)
	at com.kms.katalon.core.main.TestCaseMain$startTestSuite$0.call(Unknown Source)
	at TempTestSuite1647265293311.run(TempTestSuite1647265293311.groovy:39)
)

2022-03-14 20:50:07 - [TEST_STEP][PASSED] - itemWatchlist = HOME_ItemTopWatchlist: null

2022-03-14 20:50:07 - [TEST_STEP][FAILED] - itemWatchlistExist = verifyElementExist(itemWatchlist, 2): Failed to check for element 'Object Repository/Mobile/Page/Home/Item - Top Watchlist' exist (Root cause: com.kms.katalon.core.exception.StepFailedException: Element 'Object Repository/Mobile/Page/Home/Item - Top Watchlist' not found
	at com.kms.katalon.core.keyword.internal.KeywordMain.stepFailed(KeywordMain.groovy:50)
	at com.kms.katalon.core.mobile.keyword.internal.MobileKeywordMain.stepFailed(MobileKeywordMain.groovy:40)
	at com.kms.katalon.core.mobile.keyword.builtin.VerifyElementExistKeyword$_verifyElementExist_closure1.doCall(VerifyElementExistKeyword.groovy:77)
	at com.kms.katalon.core.mobile.keyword.builtin.VerifyElementExistKeyword$_verifyElementExist_closure1.call(VerifyElementExistKeyword.groovy)
	at com.kms.katalon.core.mobile.keyword.internal.MobileKeywordMain.runKeyword(MobileKeywordMain.groovy:21)
	at com.kms.katalon.core.mobile.keyword.builtin.VerifyElementExistKeyword.verifyElementExist(VerifyElementExistKeyword.groovy:80)
	at com.kms.katalon.core.mobile.keyword.builtin.VerifyElementExistKeyword.execute(VerifyElementExistKeyword.groovy:64)
	at com.kms.katalon.core.keyword.internal.KeywordExecutor.executeKeywordForPlatform(KeywordExecutor.groovy:73)
	at com.kms.katalon.core.mobile.keyword.MobileBuiltInKeywords.verifyElementExist(MobileBuiltInKeywords.groovy:1586)
	at com.kms.katalon.core.mobile.keyword.MobileBuiltInKeywords$verifyElementExist$13.call(Unknown Source)
	at Home.run(Home:129)
	at com.kms.katalon.core.main.ScriptEngine.run(ScriptEngine.java:194)
	at com.kms.katalon.core.main.ScriptEngine.runScriptAsRawText(ScriptEngine.java:119)
	at com.kms.katalon.core.main.TestCaseExecutor.runScript(TestCaseExecutor.java:398)
	at com.kms.katalon.core.main.TestCaseExecutor.doExecute(TestCaseExecutor.java:389)
	at com.kms.katalon.core.main.TestCaseExecutor.processExecutionPhase(TestCaseExecutor.java:368)
	at com.kms.katalon.core.main.TestCaseExecutor.accessMainPhase(TestCaseExecutor.java:360)
	at com.kms.katalon.core.main.TestCaseExecutor.execute(TestCaseExecutor.java:255)
	at com.kms.katalon.core.main.TestCaseMain.runTestCase(TestCaseMain.java:114)
	at com.kms.katalon.core.keyword.builtin.CallTestCaseKeyword$_callTestCase_closure1.doCall(CallTestCaseKeyword.groovy:59)
	at com.kms.katalon.core.keyword.builtin.CallTestCaseKeyword$_callTestCase_closure1.call(CallTestCaseKeyword.groovy)
	at com.kms.katalon.core.keyword.internal.KeywordMain.runKeyword(KeywordMain.groovy:68)
	at com.kms.katalon.core.keyword.builtin.CallTestCaseKeyword.callTestCase(CallTestCaseKeyword.groovy:81)
	at com.kms.katalon.core.keyword.builtin.CallTestCaseKeyword.execute(CallTestCaseKeyword.groovy:44)
	at com.kms.katalon.core.keyword.internal.KeywordExecutor.executeKeywordForPlatform(KeywordExecutor.groovy:73)
	at com.kms.katalon.core.keyword.BuiltinKeywords.callTestCase(BuiltinKeywords.groovy:334)
	at 007 - Menambahkan watchlist tanpa input.run(007 - Menambahkan watchlist tanpa input:22)
	at com.kms.katalon.core.main.ScriptEngine.run(ScriptEngine.java:194)
	at com.kms.katalon.core.main.ScriptEngine.runScriptAsRawText(ScriptEngine.java:119)
	at com.kms.katalon.core.main.TestCaseExecutor.runScript(TestCaseExecutor.java:398)
	at com.kms.katalon.core.main.TestCaseExecutor.doExecute(TestCaseExecutor.java:389)
	at com.kms.katalon.core.main.TestCaseExecutor.processExecutionPhase(TestCaseExecutor.java:368)
	at com.kms.katalon.core.main.TestCaseExecutor.accessMainPhase(TestCaseExecutor.java:360)
	at com.kms.katalon.core.main.TestCaseExecutor.execute(TestCaseExecutor.java:255)
	at com.kms.katalon.core.main.TestSuiteExecutor.accessTestCaseMainPhase(TestSuiteExecutor.java:203)
	at com.kms.katalon.core.main.TestSuiteExecutor.accessTestSuiteMainPhase(TestSuiteExecutor.java:152)
	at com.kms.katalon.core.main.TestSuiteExecutor.execute(TestSuiteExecutor.java:95)
	at com.kms.katalon.core.main.TestCaseMain.startTestSuite(TestCaseMain.java:157)
	at com.kms.katalon.core.main.TestCaseMain$startTestSuite$0.call(Unknown Source)
	at TempTestSuite1647265293311.run(TempTestSuite1647265293311.groovy:39)
)

2022-03-14 20:50:10 - [MESSAGE][FAILED] - Element 'Object Repository/Mobile/Page/Home/Item - Top Watchlist' not found
[[ATTACHMENT|C:\\Users\\Owner\\Documents\\kerjaan\\KatalonProject\\qa_katalon_pwm\\qa_katalon_pwm\\Reports\\20220314_204133\\home\\20220314_204133\\1647265809594.png]]

2022-03-14 20:50:11 - [MESSAGE][FAILED] - Failed to check for element 'Object Repository/Mobile/Page/Home/Item - Top Watchlist' exist (Root cause: com.kms.katalon.core.exception.StepFailedException: Element 'Object Repository/Mobile/Page/Home/Item - Top Watchlist' not found
	at com.kms.katalon.core.keyword.internal.KeywordMain.stepFailed(KeywordMain.groovy:50)
	at com.kms.katalon.core.mobile.keyword.internal.MobileKeywordMain.stepFailed(MobileKeywordMain.groovy:40)
	at com.kms.katalon.core.mobile.keyword.builtin.VerifyElementExistKeyword$_verifyElementExist_closure1.doCall(VerifyElementExistKeyword.groovy:77)
	at com.kms.katalon.core.mobile.keyword.builtin.VerifyElementExistKeyword$_verifyElementExist_closure1.call(VerifyElementExistKeyword.groovy)
	at com.kms.katalon.core.mobile.keyword.internal.MobileKeywordMain.runKeyword(MobileKeywordMain.groovy:21)
	at com.kms.katalon.core.mobile.keyword.builtin.VerifyElementExistKeyword.verifyElementExist(VerifyElementExistKeyword.groovy:80)
	at com.kms.katalon.core.mobile.keyword.builtin.VerifyElementExistKeyword.execute(VerifyElementExistKeyword.groovy:64)
	at com.kms.katalon.core.keyword.internal.KeywordExecutor.executeKeywordForPlatform(KeywordExecutor.groovy:73)
	at com.kms.katalon.core.mobile.keyword.MobileBuiltInKeywords.verifyElementExist(MobileBuiltInKeywords.groovy:1586)
	at com.kms.katalon.core.mobile.keyword.MobileBuiltInKeywords$verifyElementExist$13.call(Unknown Source)
	at Home.run(Home:129)
	at com.kms.katalon.core.main.ScriptEngine.run(ScriptEngine.java:194)
	at com.kms.katalon.core.main.ScriptEngine.runScriptAsRawText(ScriptEngine.java:119)
	at com.kms.katalon.core.main.TestCaseExecutor.runScript(TestCaseExecutor.java:398)
	at com.kms.katalon.core.main.TestCaseExecutor.doExecute(TestCaseExecutor.java:389)
	at com.kms.katalon.core.main.TestCaseExecutor.processExecutionPhase(TestCaseExecutor.java:368)
	at com.kms.katalon.core.main.TestCaseExecutor.accessMainPhase(TestCaseExecutor.java:360)
	at com.kms.katalon.core.main.TestCaseExecutor.execute(TestCaseExecutor.java:255)
	at com.kms.katalon.core.main.TestCaseMain.runTestCase(TestCaseMain.java:114)
	at com.kms.katalon.core.keyword.builtin.CallTestCaseKeyword$_callTestCase_closure1.doCall(CallTestCaseKeyword.groovy:59)
	at com.kms.katalon.core.keyword.builtin.CallTestCaseKeyword$_callTestCase_closure1.call(CallTestCaseKeyword.groovy)
	at com.kms.katalon.core.keyword.internal.KeywordMain.runKeyword(KeywordMain.groovy:68)
	at com.kms.katalon.core.keyword.builtin.CallTestCaseKeyword.callTestCase(CallTestCaseKeyword.groovy:81)
	at com.kms.katalon.core.keyword.builtin.CallTestCaseKeyword.execute(CallTestCaseKeyword.groovy:44)
	at com.kms.katalon.core.keyword.internal.KeywordExecutor.executeKeywordForPlatform(KeywordExecutor.groovy:73)
	at com.kms.katalon.core.keyword.BuiltinKeywords.callTestCase(BuiltinKeywords.groovy:334)
	at 007 - Menambahkan watchlist tanpa input.run(007 - Menambahkan watchlist tanpa input:22)
	at com.kms.katalon.core.main.ScriptEngine.run(ScriptEngine.java:194)
	at com.kms.katalon.core.main.ScriptEngine.runScriptAsRawText(ScriptEngine.java:119)
	at com.kms.katalon.core.main.TestCaseExecutor.runScript(TestCaseExecutor.java:398)
	at com.kms.katalon.core.main.TestCaseExecutor.doExecute(TestCaseExecutor.java:389)
	at com.kms.katalon.core.main.TestCaseExecutor.processExecutionPhase(TestCaseExecutor.java:368)
	at com.kms.katalon.core.main.TestCaseExecutor.accessMainPhase(TestCaseExecutor.java:360)
	at com.kms.katalon.core.main.TestCaseExecutor.execute(TestCaseExecutor.java:255)
	at com.kms.katalon.core.main.TestSuiteExecutor.accessTestCaseMainPhase(TestSuiteExecutor.java:203)
	at com.kms.katalon.core.main.TestSuiteExecutor.accessTestSuiteMainPhase(TestSuiteExecutor.java:152)
	at com.kms.katalon.core.main.TestSuiteExecutor.execute(TestSuiteExecutor.java:95)
	at com.kms.katalon.core.main.TestCaseMain.startTestSuite(TestCaseMain.java:157)
	at com.kms.katalon.core.main.TestCaseMain$startTestSuite$0.call(Unknown Source)
	at TempTestSuite1647265293311.run(TempTestSuite1647265293311.groovy:39)
)
[[ATTACHMENT|C:\\Users\\Owner\\Documents\\kerjaan\\KatalonProject\\qa_katalon_pwm\\qa_katalon_pwm\\Reports\\20220314_204133\\home\\20220314_204133\\1647265810436.png]]

2022-03-14 20:50:11 - [TEST_STEP][PASSED] - catch (Exception e): null

2022-03-14 20:50:11 - [TEST_STEP][PASSED] - watchlist = HOME_ContWatchlist: null

2022-03-14 20:50:11 - [TEST_STEP][PASSED] - left_position = getElementLeftPosition(watchlist, 0): Object 'Object Repository/Mobile/Page/Home/Container - Watchlist' has left position '28'

2022-03-14 20:50:11 - [MESSAGE][WARNING] - Timeout '0' is invalid. Using default page load timeout: '60'

2022-03-14 20:50:11 - [MESSAGE][PASSED] - Object 'Object Repository/Mobile/Page/Home/Container - Watchlist' has left position '28'

2022-03-14 20:50:11 - [TEST_STEP][PASSED] - top_position = getElementTopPosition(watchlist, 0): Object 'Object Repository/Mobile/Page/Home/Container - Watchlist' has top position '658'

2022-03-14 20:50:11 - [MESSAGE][WARNING] - Timeout '0' is invalid. Using default page load timeout: '60'

2022-03-14 20:50:11 - [MESSAGE][PASSED] - Object 'Object Repository/Mobile/Page/Home/Container - Watchlist' has top position '658'

2022-03-14 20:50:11 - [TEST_STEP][PASSED] - width = getElementWidth(watchlist, 0): Object 'Object Repository/Mobile/Page/Home/Container - Watchlist' has width: '664'

2022-03-14 20:50:11 - [MESSAGE][WARNING] - Timeout '0' is invalid. Using default page load timeout: '60'

2022-03-14 20:50:11 - [MESSAGE][PASSED] - Object 'Object Repository/Mobile/Page/Home/Container - Watchlist' has width: '664'

2022-03-14 20:50:11 - [TEST_STEP][PASSED] - height = getElementHeight(watchlist, 0): Object 'Object Repository/Mobile/Page/Home/Container - Watchlist' has height: '450'

2022-03-14 20:50:11 - [MESSAGE][WARNING] - Timeout '0' is invalid. Using default page load timeout: '60'

2022-03-14 20:50:11 - [MESSAGE][PASSED] - Object 'Object Repository/Mobile/Page/Home/Container - Watchlist' has height: '450'

2022-03-14 20:50:11 - [TEST_STEP][PASSED] - x = left_position + width * 0.9: null

2022-03-14 20:50:11 - [TEST_STEP][PASSED] - y = top_position + 52: null

2022-03-14 20:50:11 - [TEST_STEP][PASSED] - tapAtPosition(x, y): Tapped at [625, 710]

2022-03-14 20:50:12 - [MESSAGE][PASSED] - Tapped at [625, 710]

2022-03-14 20:50:12 - [TEST_STEP][PASSED] - delay(2): Delayed 2 second(s)

2022-03-14 20:50:14 - [MESSAGE][PASSED] - Delayed 2 second(s)

2022-03-14 20:50:14 - [TEST_STEP][PASSED] - tap(HOME_WCTL_FabAdd, 0): Tapped on element 'Object Repository/Mobile/Page/Home/Watchlist/Fab - Add'

2022-03-14 20:50:14 - [MESSAGE][WARNING] - Timeout '0' is invalid. Using default page load timeout: '60'

2022-03-14 20:50:15 - [MESSAGE][PASSED] - Tapped on element 'Object Repository/Mobile/Page/Home/Watchlist/Fab - Add'

2022-03-14 20:50:15 - [TEST_STEP][PASSED] - delay(1): Delayed 1 second(s)

2022-03-14 20:50:16 - [MESSAGE][PASSED] - Delayed 1 second(s)

2022-03-14 20:50:16 - [TEST_STEP][PASSED] - tap(HOME_WCTL_DETL_BtnAddWatchlist, 0): Tapped on element 'Object Repository/Mobile/Page/Home/Watchlist/Detail Watchlist/Button - Add Watchlist'

2022-03-14 20:50:16 - [MESSAGE][WARNING] - Timeout '0' is invalid. Using default page load timeout: '60'

2022-03-14 20:50:17 - [MESSAGE][PASSED] - Tapped on element 'Object Repository/Mobile/Page/Home/Watchlist/Detail Watchlist/Button - Add Watchlist'

2022-03-14 20:50:17 - [TEST_STEP][PASSED] - delay(1): Delayed 1 second(s)

2022-03-14 20:50:18 - [MESSAGE][PASSED] - Delayed 1 second(s)

2022-03-14 20:50:18 - [TEST_STEP][PASSED] - verify = verifyElementExist(HOME_WCTL_DETL_AlertFillinput, 5): Element 'Object Repository/Mobile/Page/Home/Watchlist/Detail Watchlist/Alert - Please fill input form' is exist

2022-03-14 20:50:18 - [MESSAGE][PASSED] - Element 'Object Repository/Mobile/Page/Home/Watchlist/Detail Watchlist/Alert - Please fill input form' is exist

2022-03-14 20:50:18 - [TEST_STEP][PASSED] - break: null

2022-03-14 20:50:18 - [MESSAGE][PASSED] - Call Test Case 'Test Cases/Mobile/Page/Home/Home' successfully

2022-03-14 20:50:18 - [TEST_STEP][PASSED] - callTestCase(findTestCase("Mobile/Page/Run App/Terminate App"), [:], STOP_ON_FAILURE): Call Test Case 'Test Cases/Mobile/Page/Run App/Terminate App' successfully

2022-03-14 20:50:18 - [TEST_CASE][PASSED] - Test Cases/Mobile/Page/Run App/Terminate App: Test Cases/Mobile/Page/Run App/Terminate App

2022-03-14 20:50:18 - [TEST_STEP][PASSED] - startApp.OpenApp.terminateApplication(): startApp.OpenApp.terminateApplication is PASSED

2022-03-14 20:50:21 - [MESSAGE][PASSED] - Delayed 3 second(s)

2022-03-14 20:50:21 - [MESSAGE][PASSED] - Current device physical width is 720

2022-03-14 20:50:22 - [MESSAGE][PASSED] - Current device physical height is 1423

2022-03-14 20:50:23 - [MESSAGE][PASSED] - Swiped from 360,853 to 360,142

2022-03-14 20:50:24 - [MESSAGE][PASSED] - Delayed 1 second(s)

2022-03-14 20:50:25 - [MESSAGE][PASSED] - Swiped from 360,853 to 360,142

2022-03-14 20:50:28 - [MESSAGE][PASSED] - Delayed 3 second(s)

2022-03-14 20:50:28 - [MESSAGE][PASSED] - startApp.OpenApp.terminateApplication is PASSED

2022-03-14 20:50:28 - [MESSAGE][PASSED] - Call Test Case 'Test Cases/Mobile/Page/Run App/Terminate App' successfully]]></system-out>
         <system-err><![CDATA[]]></system-err>
      </testcase>
      <testcase name="Test Cases/Mobile/Scenario/Home/008 - Menghapus watchlist" time="102.613" classname="Test Cases/Mobile/Scenario/Home/008 - Menghapus watchlist" status="PASSED">
         <system-out><![CDATA[2022-03-14 20:50:28 - [TEST_CASE][PASSED] - Test Cases/Mobile/Scenario/Home/008 - Menghapus watchlist: Test Cases/Mobile/Scenario/Home/008 - Menghapus watchlist

2022-03-14 20:50:29 - [TEST_STEP][PASSED] - callTestCase(findTestCase("Mobile/Page/Run App/Run App byID"), [:], STOP_ON_FAILURE): Call Test Case 'Test Cases/Mobile/Page/Run App/Run App byID' successfully

2022-03-14 20:50:29 - [TEST_CASE][PASSED] - Test Cases/Mobile/Page/Run App/Run App byID: Test Cases/Mobile/Page/Run App/Run App byID

2022-03-14 20:50:29 - [TEST_STEP][PASSED] - startApp.OpenApp.startApplication("id.co.miraeasset.sageclub"): startApp.OpenApp.startApplication is PASSED

2022-03-14 20:50:43 - [MESSAGE][PASSED] - Starting app with application ID: 'id.co.miraeasset.sageclub'

2022-03-14 20:50:43 - [MESSAGE][PASSED] - startApp.OpenApp.startApplication is PASSED

2022-03-14 20:50:43 - [MESSAGE][PASSED] - Call Test Case 'Test Cases/Mobile/Page/Run App/Run App byID' successfully

2022-03-14 20:50:43 - [TEST_STEP][PASSED] - callTestCase(findTestCase("Mobile/Page/Home/Home"), ["page":"none", "action":"deletewatchlist"], CONTINUE_ON_FAILURE): Call Test Case 'Test Cases/Mobile/Page/Home/Home' successfully

2022-03-14 20:50:43 - [TEST_CASE][PASSED] - Test Cases/Mobile/Page/Home/Home: Test Cases/Mobile/Page/Home/Home

2022-03-14 20:50:43 - [TEST_STEP][PASSED] - callTestCase(findTestCase("Mobile/Page/CheckLogin"), [:], CONTINUE_ON_FAILURE): Call Test Case 'Test Cases/Mobile/Page/CheckLogin' successfully

2022-03-14 20:50:43 - [TEST_CASE][PASSED] - Test Cases/Mobile/Page/CheckLogin: Test Cases/Mobile/Page/CheckLogin

2022-03-14 20:50:43 - [TEST_STEP][PASSED] - loginCheck = verifyElementExist(LOGN_BtnLogin, 5, CONTINUE_ON_FAILURE): Element 'Object Repository/Mobile/Page/Login/Button - Login' is exist

2022-03-14 20:50:44 - [MESSAGE][PASSED] - Element 'Object Repository/Mobile/Page/Login/Button - Login' is exist

2022-03-14 20:50:44 - [TEST_STEP][PASSED] - if (loginCheck): Call Test Case 'Test Cases/Mobile/Page/Login/Login' successfully

2022-03-14 20:50:44 - [TEST_STEP][PASSED] - callTestCase(findTestCase("Mobile/Page/Login/Login"), ["action":"username"], CONTINUE_ON_FAILURE): Call Test Case 'Test Cases/Mobile/Page/Login/Login' successfully

2022-03-14 20:50:45 - [TEST_CASE][PASSED] - Test Cases/Mobile/Page/Login/Login: Test Cases/Mobile/Page/Login/Login

2022-03-14 20:50:45 - [TEST_STEP][PASSED] - delay(2): Delayed 2 second(s)

2022-03-14 20:50:47 - [MESSAGE][PASSED] - Delayed 2 second(s)

2022-03-14 20:50:47 - [TEST_STEP][PASSED] - for ([i = 0, i < 1, (i++)]): null

2022-03-14 20:50:47 - [TEST_STEP][PASSED] - if (action == "username"): null

2022-03-14 20:50:47 - [TEST_STEP][PASSED] - tap(LOGN_EdtUserID, 0): Tapped on element 'Object Repository/Mobile/Page/Login/Input - UserID'

2022-03-14 20:50:47 - [MESSAGE][WARNING] - Timeout '0' is invalid. Using default page load timeout: '60'

2022-03-14 20:50:47 - [MESSAGE][PASSED] - Tapped on element 'Object Repository/Mobile/Page/Login/Input - UserID'

2022-03-14 20:50:47 - [TEST_STEP][PASSED] - delay(1): Delayed 1 second(s)

2022-03-14 20:50:48 - [MESSAGE][PASSED] - Delayed 1 second(s)

2022-03-14 20:50:48 - [TEST_STEP][PASSED] - setText(LOGN_EdtRdyUserID, "anggaaditya", 0): Text 'anggaaditya' has been set to element 'Object Repository/Mobile/Page/Login/Input Rdy - UserID'

2022-03-14 20:50:48 - [MESSAGE][WARNING] - Timeout '0' is invalid. Using default page load timeout: '60'

2022-03-14 20:50:49 - [MESSAGE][PASSED] - Text 'anggaaditya' has been set to element 'Object Repository/Mobile/Page/Login/Input Rdy - UserID'

2022-03-14 20:50:49 - [TEST_STEP][PASSED] - delay(1): Delayed 1 second(s)

2022-03-14 20:50:50 - [MESSAGE][PASSED] - Delayed 1 second(s)

2022-03-14 20:50:50 - [TEST_STEP][PASSED] - hideKeyboard(): Keyboard is hidden

2022-03-14 20:50:53 - [MESSAGE][PASSED] - Keyboard is hidden

2022-03-14 20:50:53 - [TEST_STEP][PASSED] - tap(LOGN_EdtPassword, 0): Tapped on element 'Object Repository/Mobile/Page/Login/Input - Password'

2022-03-14 20:50:53 - [MESSAGE][WARNING] - Timeout '0' is invalid. Using default page load timeout: '60'

2022-03-14 20:50:54 - [MESSAGE][PASSED] - Tapped on element 'Object Repository/Mobile/Page/Login/Input - Password'

2022-03-14 20:50:54 - [TEST_STEP][PASSED] - delay(1): Delayed 1 second(s)

2022-03-14 20:50:55 - [MESSAGE][PASSED] - Delayed 1 second(s)

2022-03-14 20:50:55 - [TEST_STEP][PASSED] - setText(LOGN_EdtRdyPassword, "Shalawa18", 0): Text 'Shalawa18' has been set to element 'Object Repository/Mobile/Page/Login/Input Rdy - Password'

2022-03-14 20:50:55 - [MESSAGE][WARNING] - Timeout '0' is invalid. Using default page load timeout: '60'

2022-03-14 20:50:55 - [MESSAGE][PASSED] - Text 'Shalawa18' has been set to element 'Object Repository/Mobile/Page/Login/Input Rdy - Password'

2022-03-14 20:50:55 - [TEST_STEP][PASSED] - delay(1): Delayed 1 second(s)

2022-03-14 20:50:56 - [MESSAGE][PASSED] - Delayed 1 second(s)

2022-03-14 20:50:56 - [TEST_STEP][PASSED] - hideKeyboard(): Keyboard is hidden

2022-03-14 20:51:03 - [MESSAGE][PASSED] - Keyboard is hidden

2022-03-14 20:51:03 - [TEST_STEP][PASSED] - tap(LOGN_BtnLogin, 0): Tapped on element 'Object Repository/Mobile/Page/Login/Button - Login'

2022-03-14 20:51:03 - [MESSAGE][WARNING] - Timeout '0' is invalid. Using default page load timeout: '60'

2022-03-14 20:51:03 - [MESSAGE][PASSED] - Tapped on element 'Object Repository/Mobile/Page/Login/Button - Login'

2022-03-14 20:51:03 - [TEST_STEP][PASSED] - delay(2): Delayed 2 second(s)

2022-03-14 20:51:05 - [MESSAGE][PASSED] - Delayed 2 second(s)

2022-03-14 20:51:05 - [TEST_STEP][PASSED] - break: null

2022-03-14 20:51:05 - [MESSAGE][PASSED] - Call Test Case 'Test Cases/Mobile/Page/Login/Login' successfully

2022-03-14 20:51:05 - [MESSAGE][PASSED] - Call Test Case 'Test Cases/Mobile/Page/CheckLogin' successfully

2022-03-14 20:51:05 - [TEST_STEP][FAILED] - for ([i = 0, i < 1, (i++)]): null

2022-03-14 20:51:05 - [TEST_STEP][PASSED] - if (action == "seeperformance"): null

2022-03-14 20:51:05 - [TEST_STEP][PASSED] - else if (action == "requestadhoc"): null

2022-03-14 20:51:05 - [TEST_STEP][FAILED] - else if (action == "addwatchlist" || action == "deletewatchlist"): null

2022-03-14 20:51:05 - [TEST_STEP][PASSED] - delay(2): Delayed 2 second(s)

2022-03-14 20:51:07 - [MESSAGE][PASSED] - Delayed 2 second(s)

2022-03-14 20:51:07 - [TEST_STEP][FAILED] - try: Failed to check for element 'Object Repository/Mobile/Page/Home/Item - Top Watchlist' exist (Root cause: com.kms.katalon.core.exception.StepFailedException: Element 'Object Repository/Mobile/Page/Home/Item - Top Watchlist' not found
	at com.kms.katalon.core.keyword.internal.KeywordMain.stepFailed(KeywordMain.groovy:50)
	at com.kms.katalon.core.mobile.keyword.internal.MobileKeywordMain.stepFailed(MobileKeywordMain.groovy:40)
	at com.kms.katalon.core.mobile.keyword.builtin.VerifyElementExistKeyword$_verifyElementExist_closure1.doCall(VerifyElementExistKeyword.groovy:77)
	at com.kms.katalon.core.mobile.keyword.builtin.VerifyElementExistKeyword$_verifyElementExist_closure1.call(VerifyElementExistKeyword.groovy)
	at com.kms.katalon.core.mobile.keyword.internal.MobileKeywordMain.runKeyword(MobileKeywordMain.groovy:21)
	at com.kms.katalon.core.mobile.keyword.builtin.VerifyElementExistKeyword.verifyElementExist(VerifyElementExistKeyword.groovy:80)
	at com.kms.katalon.core.mobile.keyword.builtin.VerifyElementExistKeyword.execute(VerifyElementExistKeyword.groovy:64)
	at com.kms.katalon.core.keyword.internal.KeywordExecutor.executeKeywordForPlatform(KeywordExecutor.groovy:73)
	at com.kms.katalon.core.mobile.keyword.MobileBuiltInKeywords.verifyElementExist(MobileBuiltInKeywords.groovy:1586)
	at com.kms.katalon.core.mobile.keyword.MobileBuiltInKeywords$verifyElementExist$13.call(Unknown Source)
	at Home.run(Home:46)
	at com.kms.katalon.core.main.ScriptEngine.run(ScriptEngine.java:194)
	at com.kms.katalon.core.main.ScriptEngine.runScriptAsRawText(ScriptEngine.java:119)
	at com.kms.katalon.core.main.TestCaseExecutor.runScript(TestCaseExecutor.java:398)
	at com.kms.katalon.core.main.TestCaseExecutor.doExecute(TestCaseExecutor.java:389)
	at com.kms.katalon.core.main.TestCaseExecutor.processExecutionPhase(TestCaseExecutor.java:368)
	at com.kms.katalon.core.main.TestCaseExecutor.accessMainPhase(TestCaseExecutor.java:360)
	at com.kms.katalon.core.main.TestCaseExecutor.execute(TestCaseExecutor.java:255)
	at com.kms.katalon.core.main.TestCaseMain.runTestCase(TestCaseMain.java:114)
	at com.kms.katalon.core.keyword.builtin.CallTestCaseKeyword$_callTestCase_closure1.doCall(CallTestCaseKeyword.groovy:59)
	at com.kms.katalon.core.keyword.builtin.CallTestCaseKeyword$_callTestCase_closure1.call(CallTestCaseKeyword.groovy)
	at com.kms.katalon.core.keyword.internal.KeywordMain.runKeyword(KeywordMain.groovy:68)
	at com.kms.katalon.core.keyword.builtin.CallTestCaseKeyword.callTestCase(CallTestCaseKeyword.groovy:81)
	at com.kms.katalon.core.keyword.builtin.CallTestCaseKeyword.execute(CallTestCaseKeyword.groovy:44)
	at com.kms.katalon.core.keyword.internal.KeywordExecutor.executeKeywordForPlatform(KeywordExecutor.groovy:73)
	at com.kms.katalon.core.keyword.BuiltinKeywords.callTestCase(BuiltinKeywords.groovy:334)
	at 008 - Menghapus watchlist.run(008 - Menghapus watchlist:22)
	at com.kms.katalon.core.main.ScriptEngine.run(ScriptEngine.java:194)
	at com.kms.katalon.core.main.ScriptEngine.runScriptAsRawText(ScriptEngine.java:119)
	at com.kms.katalon.core.main.TestCaseExecutor.runScript(TestCaseExecutor.java:398)
	at com.kms.katalon.core.main.TestCaseExecutor.doExecute(TestCaseExecutor.java:389)
	at com.kms.katalon.core.main.TestCaseExecutor.processExecutionPhase(TestCaseExecutor.java:368)
	at com.kms.katalon.core.main.TestCaseExecutor.accessMainPhase(TestCaseExecutor.java:360)
	at com.kms.katalon.core.main.TestCaseExecutor.execute(TestCaseExecutor.java:255)
	at com.kms.katalon.core.main.TestSuiteExecutor.accessTestCaseMainPhase(TestSuiteExecutor.java:203)
	at com.kms.katalon.core.main.TestSuiteExecutor.accessTestSuiteMainPhase(TestSuiteExecutor.java:152)
	at com.kms.katalon.core.main.TestSuiteExecutor.execute(TestSuiteExecutor.java:95)
	at com.kms.katalon.core.main.TestCaseMain.startTestSuite(TestCaseMain.java:157)
	at com.kms.katalon.core.main.TestCaseMain$startTestSuite$0.call(Unknown Source)
	at TempTestSuite1647265293311.run(TempTestSuite1647265293311.groovy:39)
)

2022-03-14 20:51:07 - [TEST_STEP][PASSED] - itemWatchlist = HOME_ItemTopWatchlist: null

2022-03-14 20:51:07 - [TEST_STEP][FAILED] - itemWatchlistExist = verifyElementExist(itemWatchlist, 2): Failed to check for element 'Object Repository/Mobile/Page/Home/Item - Top Watchlist' exist (Root cause: com.kms.katalon.core.exception.StepFailedException: Element 'Object Repository/Mobile/Page/Home/Item - Top Watchlist' not found
	at com.kms.katalon.core.keyword.internal.KeywordMain.stepFailed(KeywordMain.groovy:50)
	at com.kms.katalon.core.mobile.keyword.internal.MobileKeywordMain.stepFailed(MobileKeywordMain.groovy:40)
	at com.kms.katalon.core.mobile.keyword.builtin.VerifyElementExistKeyword$_verifyElementExist_closure1.doCall(VerifyElementExistKeyword.groovy:77)
	at com.kms.katalon.core.mobile.keyword.builtin.VerifyElementExistKeyword$_verifyElementExist_closure1.call(VerifyElementExistKeyword.groovy)
	at com.kms.katalon.core.mobile.keyword.internal.MobileKeywordMain.runKeyword(MobileKeywordMain.groovy:21)
	at com.kms.katalon.core.mobile.keyword.builtin.VerifyElementExistKeyword.verifyElementExist(VerifyElementExistKeyword.groovy:80)
	at com.kms.katalon.core.mobile.keyword.builtin.VerifyElementExistKeyword.execute(VerifyElementExistKeyword.groovy:64)
	at com.kms.katalon.core.keyword.internal.KeywordExecutor.executeKeywordForPlatform(KeywordExecutor.groovy:73)
	at com.kms.katalon.core.mobile.keyword.MobileBuiltInKeywords.verifyElementExist(MobileBuiltInKeywords.groovy:1586)
	at com.kms.katalon.core.mobile.keyword.MobileBuiltInKeywords$verifyElementExist$13.call(Unknown Source)
	at Home.run(Home:46)
	at com.kms.katalon.core.main.ScriptEngine.run(ScriptEngine.java:194)
	at com.kms.katalon.core.main.ScriptEngine.runScriptAsRawText(ScriptEngine.java:119)
	at com.kms.katalon.core.main.TestCaseExecutor.runScript(TestCaseExecutor.java:398)
	at com.kms.katalon.core.main.TestCaseExecutor.doExecute(TestCaseExecutor.java:389)
	at com.kms.katalon.core.main.TestCaseExecutor.processExecutionPhase(TestCaseExecutor.java:368)
	at com.kms.katalon.core.main.TestCaseExecutor.accessMainPhase(TestCaseExecutor.java:360)
	at com.kms.katalon.core.main.TestCaseExecutor.execute(TestCaseExecutor.java:255)
	at com.kms.katalon.core.main.TestCaseMain.runTestCase(TestCaseMain.java:114)
	at com.kms.katalon.core.keyword.builtin.CallTestCaseKeyword$_callTestCase_closure1.doCall(CallTestCaseKeyword.groovy:59)
	at com.kms.katalon.core.keyword.builtin.CallTestCaseKeyword$_callTestCase_closure1.call(CallTestCaseKeyword.groovy)
	at com.kms.katalon.core.keyword.internal.KeywordMain.runKeyword(KeywordMain.groovy:68)
	at com.kms.katalon.core.keyword.builtin.CallTestCaseKeyword.callTestCase(CallTestCaseKeyword.groovy:81)
	at com.kms.katalon.core.keyword.builtin.CallTestCaseKeyword.execute(CallTestCaseKeyword.groovy:44)
	at com.kms.katalon.core.keyword.internal.KeywordExecutor.executeKeywordForPlatform(KeywordExecutor.groovy:73)
	at com.kms.katalon.core.keyword.BuiltinKeywords.callTestCase(BuiltinKeywords.groovy:334)
	at 008 - Menghapus watchlist.run(008 - Menghapus watchlist:22)
	at com.kms.katalon.core.main.ScriptEngine.run(ScriptEngine.java:194)
	at com.kms.katalon.core.main.ScriptEngine.runScriptAsRawText(ScriptEngine.java:119)
	at com.kms.katalon.core.main.TestCaseExecutor.runScript(TestCaseExecutor.java:398)
	at com.kms.katalon.core.main.TestCaseExecutor.doExecute(TestCaseExecutor.java:389)
	at com.kms.katalon.core.main.TestCaseExecutor.processExecutionPhase(TestCaseExecutor.java:368)
	at com.kms.katalon.core.main.TestCaseExecutor.accessMainPhase(TestCaseExecutor.java:360)
	at com.kms.katalon.core.main.TestCaseExecutor.execute(TestCaseExecutor.java:255)
	at com.kms.katalon.core.main.TestSuiteExecutor.accessTestCaseMainPhase(TestSuiteExecutor.java:203)
	at com.kms.katalon.core.main.TestSuiteExecutor.accessTestSuiteMainPhase(TestSuiteExecutor.java:152)
	at com.kms.katalon.core.main.TestSuiteExecutor.execute(TestSuiteExecutor.java:95)
	at com.kms.katalon.core.main.TestCaseMain.startTestSuite(TestCaseMain.java:157)
	at com.kms.katalon.core.main.TestCaseMain$startTestSuite$0.call(Unknown Source)
	at TempTestSuite1647265293311.run(TempTestSuite1647265293311.groovy:39)
)

2022-03-14 20:51:10 - [MESSAGE][FAILED] - Element 'Object Repository/Mobile/Page/Home/Item - Top Watchlist' not found
[[ATTACHMENT|C:\\Users\\Owner\\Documents\\kerjaan\\KatalonProject\\qa_katalon_pwm\\qa_katalon_pwm\\Reports\\20220314_204133\\home\\20220314_204133\\1647265869987.png]]

2022-03-14 20:51:11 - [MESSAGE][FAILED] - Failed to check for element 'Object Repository/Mobile/Page/Home/Item - Top Watchlist' exist (Root cause: com.kms.katalon.core.exception.StepFailedException: Element 'Object Repository/Mobile/Page/Home/Item - Top Watchlist' not found
	at com.kms.katalon.core.keyword.internal.KeywordMain.stepFailed(KeywordMain.groovy:50)
	at com.kms.katalon.core.mobile.keyword.internal.MobileKeywordMain.stepFailed(MobileKeywordMain.groovy:40)
	at com.kms.katalon.core.mobile.keyword.builtin.VerifyElementExistKeyword$_verifyElementExist_closure1.doCall(VerifyElementExistKeyword.groovy:77)
	at com.kms.katalon.core.mobile.keyword.builtin.VerifyElementExistKeyword$_verifyElementExist_closure1.call(VerifyElementExistKeyword.groovy)
	at com.kms.katalon.core.mobile.keyword.internal.MobileKeywordMain.runKeyword(MobileKeywordMain.groovy:21)
	at com.kms.katalon.core.mobile.keyword.builtin.VerifyElementExistKeyword.verifyElementExist(VerifyElementExistKeyword.groovy:80)
	at com.kms.katalon.core.mobile.keyword.builtin.VerifyElementExistKeyword.execute(VerifyElementExistKeyword.groovy:64)
	at com.kms.katalon.core.keyword.internal.KeywordExecutor.executeKeywordForPlatform(KeywordExecutor.groovy:73)
	at com.kms.katalon.core.mobile.keyword.MobileBuiltInKeywords.verifyElementExist(MobileBuiltInKeywords.groovy:1586)
	at com.kms.katalon.core.mobile.keyword.MobileBuiltInKeywords$verifyElementExist$13.call(Unknown Source)
	at Home.run(Home:46)
	at com.kms.katalon.core.main.ScriptEngine.run(ScriptEngine.java:194)
	at com.kms.katalon.core.main.ScriptEngine.runScriptAsRawText(ScriptEngine.java:119)
	at com.kms.katalon.core.main.TestCaseExecutor.runScript(TestCaseExecutor.java:398)
	at com.kms.katalon.core.main.TestCaseExecutor.doExecute(TestCaseExecutor.java:389)
	at com.kms.katalon.core.main.TestCaseExecutor.processExecutionPhase(TestCaseExecutor.java:368)
	at com.kms.katalon.core.main.TestCaseExecutor.accessMainPhase(TestCaseExecutor.java:360)
	at com.kms.katalon.core.main.TestCaseExecutor.execute(TestCaseExecutor.java:255)
	at com.kms.katalon.core.main.TestCaseMain.runTestCase(TestCaseMain.java:114)
	at com.kms.katalon.core.keyword.builtin.CallTestCaseKeyword$_callTestCase_closure1.doCall(CallTestCaseKeyword.groovy:59)
	at com.kms.katalon.core.keyword.builtin.CallTestCaseKeyword$_callTestCase_closure1.call(CallTestCaseKeyword.groovy)
	at com.kms.katalon.core.keyword.internal.KeywordMain.runKeyword(KeywordMain.groovy:68)
	at com.kms.katalon.core.keyword.builtin.CallTestCaseKeyword.callTestCase(CallTestCaseKeyword.groovy:81)
	at com.kms.katalon.core.keyword.builtin.CallTestCaseKeyword.execute(CallTestCaseKeyword.groovy:44)
	at com.kms.katalon.core.keyword.internal.KeywordExecutor.executeKeywordForPlatform(KeywordExecutor.groovy:73)
	at com.kms.katalon.core.keyword.BuiltinKeywords.callTestCase(BuiltinKeywords.groovy:334)
	at 008 - Menghapus watchlist.run(008 - Menghapus watchlist:22)
	at com.kms.katalon.core.main.ScriptEngine.run(ScriptEngine.java:194)
	at com.kms.katalon.core.main.ScriptEngine.runScriptAsRawText(ScriptEngine.java:119)
	at com.kms.katalon.core.main.TestCaseExecutor.runScript(TestCaseExecutor.java:398)
	at com.kms.katalon.core.main.TestCaseExecutor.doExecute(TestCaseExecutor.java:389)
	at com.kms.katalon.core.main.TestCaseExecutor.processExecutionPhase(TestCaseExecutor.java:368)
	at com.kms.katalon.core.main.TestCaseExecutor.accessMainPhase(TestCaseExecutor.java:360)
	at com.kms.katalon.core.main.TestCaseExecutor.execute(TestCaseExecutor.java:255)
	at com.kms.katalon.core.main.TestSuiteExecutor.accessTestCaseMainPhase(TestSuiteExecutor.java:203)
	at com.kms.katalon.core.main.TestSuiteExecutor.accessTestSuiteMainPhase(TestSuiteExecutor.java:152)
	at com.kms.katalon.core.main.TestSuiteExecutor.execute(TestSuiteExecutor.java:95)
	at com.kms.katalon.core.main.TestCaseMain.startTestSuite(TestCaseMain.java:157)
	at com.kms.katalon.core.main.TestCaseMain$startTestSuite$0.call(Unknown Source)
	at TempTestSuite1647265293311.run(TempTestSuite1647265293311.groovy:39)
)
[[ATTACHMENT|C:\\Users\\Owner\\Documents\\kerjaan\\KatalonProject\\qa_katalon_pwm\\qa_katalon_pwm\\Reports\\20220314_204133\\home\\20220314_204133\\1647265870905.png]]

2022-03-14 20:51:11 - [TEST_STEP][PASSED] - catch (Exception e): null

2022-03-14 20:51:11 - [TEST_STEP][PASSED] - watchlist = HOME_ContWatchlist: null

2022-03-14 20:51:11 - [TEST_STEP][PASSED] - left_position = getElementLeftPosition(watchlist, 0): Object 'Object Repository/Mobile/Page/Home/Container - Watchlist' has left position '28'

2022-03-14 20:51:11 - [MESSAGE][WARNING] - Timeout '0' is invalid. Using default page load timeout: '60'

2022-03-14 20:51:11 - [MESSAGE][PASSED] - Object 'Object Repository/Mobile/Page/Home/Container - Watchlist' has left position '28'

2022-03-14 20:51:11 - [TEST_STEP][PASSED] - top_position = getElementTopPosition(watchlist, 0): Object 'Object Repository/Mobile/Page/Home/Container - Watchlist' has top position '658'

2022-03-14 20:51:11 - [MESSAGE][WARNING] - Timeout '0' is invalid. Using default page load timeout: '60'

2022-03-14 20:51:12 - [MESSAGE][PASSED] - Object 'Object Repository/Mobile/Page/Home/Container - Watchlist' has top position '658'

2022-03-14 20:51:12 - [TEST_STEP][PASSED] - width = getElementWidth(watchlist, 0): Object 'Object Repository/Mobile/Page/Home/Container - Watchlist' has width: '664'

2022-03-14 20:51:12 - [MESSAGE][WARNING] - Timeout '0' is invalid. Using default page load timeout: '60'

2022-03-14 20:51:12 - [MESSAGE][PASSED] - Object 'Object Repository/Mobile/Page/Home/Container - Watchlist' has width: '664'

2022-03-14 20:51:12 - [TEST_STEP][PASSED] - height = getElementHeight(watchlist, 0): Object 'Object Repository/Mobile/Page/Home/Container - Watchlist' has height: '450'

2022-03-14 20:51:12 - [MESSAGE][WARNING] - Timeout '0' is invalid. Using default page load timeout: '60'

2022-03-14 20:51:12 - [MESSAGE][PASSED] - Object 'Object Repository/Mobile/Page/Home/Container - Watchlist' has height: '450'

2022-03-14 20:51:12 - [TEST_STEP][PASSED] - x = left_position + width * 0.9: null

2022-03-14 20:51:12 - [TEST_STEP][PASSED] - y = top_position + 52: null

2022-03-14 20:51:12 - [TEST_STEP][PASSED] - tapAtPosition(x, y): Tapped at [625, 710]

2022-03-14 20:51:12 - [MESSAGE][PASSED] - Tapped at [625, 710]

2022-03-14 20:51:12 - [TEST_STEP][PASSED] - delay(2): Delayed 2 second(s)

2022-03-14 20:51:14 - [MESSAGE][PASSED] - Delayed 2 second(s)

2022-03-14 20:51:14 - [TEST_STEP][PASSED] - tap(HOME_WCTL_FabAdd, 0): Tapped on element 'Object Repository/Mobile/Page/Home/Watchlist/Fab - Add'

2022-03-14 20:51:14 - [MESSAGE][WARNING] - Timeout '0' is invalid. Using default page load timeout: '60'

2022-03-14 20:51:15 - [MESSAGE][PASSED] - Tapped on element 'Object Repository/Mobile/Page/Home/Watchlist/Fab - Add'

2022-03-14 20:51:15 - [TEST_STEP][PASSED] - delay(1): Delayed 1 second(s)

2022-03-14 20:51:16 - [MESSAGE][PASSED] - Delayed 1 second(s)

2022-03-14 20:51:16 - [TEST_STEP][PASSED] - search = HOME_WCTL_DETL_ContSearch: null

2022-03-14 20:51:16 - [TEST_STEP][PASSED] - x1 = getElementLeftPosition(search, 0) + getElementWidth(search, 0) / 2: Object 'Object Repository/Mobile/Page/Home/Watchlist/Detail Watchlist/Container - Search' has width: '657'

2022-03-14 20:51:16 - [MESSAGE][WARNING] - Timeout '0' is invalid. Using default page load timeout: '60'

2022-03-14 20:51:17 - [MESSAGE][PASSED] - Object 'Object Repository/Mobile/Page/Home/Watchlist/Detail Watchlist/Container - Search' has left position '32'

2022-03-14 20:51:17 - [MESSAGE][WARNING] - Timeout '0' is invalid. Using default page load timeout: '60'

2022-03-14 20:51:17 - [MESSAGE][PASSED] - Object 'Object Repository/Mobile/Page/Home/Watchlist/Detail Watchlist/Container - Search' has width: '657'

2022-03-14 20:51:17 - [TEST_STEP][PASSED] - y1 = getElementTopPosition(search, 0) + getElementHeight(search, 0) * 0.8: Object 'Object Repository/Mobile/Page/Home/Watchlist/Detail Watchlist/Container - Search' has height: '129'

2022-03-14 20:51:17 - [MESSAGE][WARNING] - Timeout '0' is invalid. Using default page load timeout: '60'

2022-03-14 20:51:17 - [MESSAGE][PASSED] - Object 'Object Repository/Mobile/Page/Home/Watchlist/Detail Watchlist/Container - Search' has top position '183'

2022-03-14 20:51:17 - [MESSAGE][WARNING] - Timeout '0' is invalid. Using default page load timeout: '60'

2022-03-14 20:51:17 - [MESSAGE][PASSED] - Object 'Object Repository/Mobile/Page/Home/Watchlist/Detail Watchlist/Container - Search' has height: '129'

2022-03-14 20:51:17 - [TEST_STEP][PASSED] - tapAtPosition(x1, y1): Tapped at [360, 286]

2022-03-14 20:51:17 - [MESSAGE][PASSED] - Tapped at [360, 286]

2022-03-14 20:51:17 - [TEST_STEP][PASSED] - setText(HOME_WCTL_DETL_EdtSearchStock, "bb", 0): Text 'bb' has been set to element 'Object Repository/Mobile/Page/Home/Watchlist/Detail Watchlist/Input - Search Stock'

2022-03-14 20:51:17 - [MESSAGE][WARNING] - Timeout '0' is invalid. Using default page load timeout: '60'

2022-03-14 20:51:19 - [MESSAGE][PASSED] - Text 'bb' has been set to element 'Object Repository/Mobile/Page/Home/Watchlist/Detail Watchlist/Input - Search Stock'

2022-03-14 20:51:19 - [TEST_STEP][PASSED] - delay(1): Delayed 1 second(s)

2022-03-14 20:51:20 - [MESSAGE][PASSED] - Delayed 1 second(s)

2022-03-14 20:51:20 - [TEST_STEP][PASSED] - tapAndHold(HOME_WCTL_DETL_ItemTopSearch, 1, 0): Tapped and held on element 'Object Repository/Mobile/Page/Home/Watchlist/Detail Watchlist/Item - Top Search' with duration 1

2022-03-14 20:51:20 - [MESSAGE][WARNING] - Timeout '0' is invalid. Using default page load timeout: '60'

2022-03-14 20:51:23 - [MESSAGE][PASSED] - Tapped and held on element 'Object Repository/Mobile/Page/Home/Watchlist/Detail Watchlist/Item - Top Search' with duration 1

2022-03-14 20:51:23 - [TEST_STEP][PASSED] - delay(1): Delayed 1 second(s)

2022-03-14 20:51:24 - [MESSAGE][PASSED] - Delayed 1 second(s)

2022-03-14 20:51:24 - [TEST_STEP][PASSED] - tap(HOME_WCTL_DETL_EdtTargetBuySell, 0): Tapped on element 'Object Repository/Mobile/Page/Home/Watchlist/Detail Watchlist/Input - Target Buy Sell'

2022-03-14 20:51:24 - [MESSAGE][WARNING] - Timeout '0' is invalid. Using default page load timeout: '60'

2022-03-14 20:51:24 - [MESSAGE][PASSED] - Tapped on element 'Object Repository/Mobile/Page/Home/Watchlist/Detail Watchlist/Input - Target Buy Sell'

2022-03-14 20:51:24 - [TEST_STEP][PASSED] - tap(HOME_WCTL_DETL_EdtTargetBuySell, 0): Tapped on element 'Object Repository/Mobile/Page/Home/Watchlist/Detail Watchlist/Input - Target Buy Sell'

2022-03-14 20:51:24 - [MESSAGE][WARNING] - Timeout '0' is invalid. Using default page load timeout: '60'

2022-03-14 20:51:25 - [MESSAGE][PASSED] - Tapped on element 'Object Repository/Mobile/Page/Home/Watchlist/Detail Watchlist/Input - Target Buy Sell'

2022-03-14 20:51:25 - [TEST_STEP][PASSED] - delay(1): Delayed 1 second(s)

2022-03-14 20:51:26 - [MESSAGE][PASSED] - Delayed 1 second(s)

2022-03-14 20:51:26 - [TEST_STEP][PASSED] - tap(HOME_WCTL_DETL_EdtTargetPrice, 0): Tapped on element 'Object Repository/Mobile/Page/Home/Watchlist/Detail Watchlist/Input - Target Price'

2022-03-14 20:51:26 - [MESSAGE][WARNING] - Timeout '0' is invalid. Using default page load timeout: '60'

2022-03-14 20:51:26 - [MESSAGE][PASSED] - Tapped on element 'Object Repository/Mobile/Page/Home/Watchlist/Detail Watchlist/Input - Target Price'

2022-03-14 20:51:26 - [TEST_STEP][PASSED] - delay(1): Delayed 1 second(s)

2022-03-14 20:51:27 - [MESSAGE][PASSED] - Delayed 1 second(s)

2022-03-14 20:51:27 - [TEST_STEP][PASSED] - setText(HOME_WCTL_DETL_EdtTargetPrice, "100000", 0): Text '100000' has been set to element 'Object Repository/Mobile/Page/Home/Watchlist/Detail Watchlist/Input - Target Price'

2022-03-14 20:51:27 - [MESSAGE][WARNING] - Timeout '0' is invalid. Using default page load timeout: '60'

2022-03-14 20:51:28 - [MESSAGE][PASSED] - Text '100000' has been set to element 'Object Repository/Mobile/Page/Home/Watchlist/Detail Watchlist/Input - Target Price'

2022-03-14 20:51:28 - [TEST_STEP][PASSED] - hideKeyboard(): Keyboard is hidden

2022-03-14 20:51:35 - [MESSAGE][PASSED] - Keyboard is hidden

2022-03-14 20:51:35 - [TEST_STEP][PASSED] - expiry = HOME_WCTL_DETL_ContExpiryDate: null

2022-03-14 20:51:35 - [TEST_STEP][PASSED] - x2 = getElementLeftPosition(expiry, 0) + getElementWidth(expiry, 0) / 2: Object 'Object Repository/Mobile/Page/Home/Watchlist/Detail Watchlist/Container - Expiry Date' has width: '657'

2022-03-14 20:51:35 - [MESSAGE][WARNING] - Timeout '0' is invalid. Using default page load timeout: '60'

2022-03-14 20:51:35 - [MESSAGE][PASSED] - Object 'Object Repository/Mobile/Page/Home/Watchlist/Detail Watchlist/Container - Expiry Date' has left position '32'

2022-03-14 20:51:35 - [MESSAGE][WARNING] - Timeout '0' is invalid. Using default page load timeout: '60'

2022-03-14 20:51:36 - [MESSAGE][PASSED] - Object 'Object Repository/Mobile/Page/Home/Watchlist/Detail Watchlist/Container - Expiry Date' has width: '657'

2022-03-14 20:51:36 - [TEST_STEP][PASSED] - y2 = getElementTopPosition(expiry, 0) + getElementHeight(expiry, 0) * 0.8: Object 'Object Repository/Mobile/Page/Home/Watchlist/Detail Watchlist/Container - Expiry Date' has height: '161'

2022-03-14 20:51:36 - [MESSAGE][WARNING] - Timeout '0' is invalid. Using default page load timeout: '60'

2022-03-14 20:51:37 - [MESSAGE][PASSED] - Object 'Object Repository/Mobile/Page/Home/Watchlist/Detail Watchlist/Container - Expiry Date' has top position '505'

2022-03-14 20:51:37 - [MESSAGE][WARNING] - Timeout '0' is invalid. Using default page load timeout: '60'

2022-03-14 20:51:37 - [MESSAGE][PASSED] - Object 'Object Repository/Mobile/Page/Home/Watchlist/Detail Watchlist/Container - Expiry Date' has height: '161'

2022-03-14 20:51:37 - [TEST_STEP][PASSED] - tapAtPosition(x2, y2): Tapped at [360, 633]

2022-03-14 20:51:37 - [MESSAGE][PASSED] - Tapped at [360, 633]

2022-03-14 20:51:37 - [TEST_STEP][PASSED] - delay(1): Delayed 1 second(s)

2022-03-14 20:51:38 - [MESSAGE][PASSED] - Delayed 1 second(s)

2022-03-14 20:51:38 - [TEST_STEP][PASSED] - scroll.scroll.scrollScreenBottomToTop(HOME_WCTL_DETL_ScrollExpiryYear): scroll.scroll.scrollScreenBottomToTop is PASSED

2022-03-14 20:51:38 - [MESSAGE][WARNING] - Timeout '0' is invalid. Using default page load timeout: '60'

2022-03-14 20:51:38 - [MESSAGE][PASSED] - Object 'Object Repository/Mobile/Page/Home/Watchlist/Detail Watchlist/Scroll - Expiry Year' has left position '14'

2022-03-14 20:51:38 - [MESSAGE][WARNING] - Timeout '0' is invalid. Using default page load timeout: '60'

2022-03-14 20:51:39 - [MESSAGE][PASSED] - Object 'Object Repository/Mobile/Page/Home/Watchlist/Detail Watchlist/Scroll - Expiry Year' has top position '1,123'

2022-03-14 20:51:39 - [MESSAGE][WARNING] - Timeout '0' is invalid. Using default page load timeout: '60'

2022-03-14 20:51:39 - [MESSAGE][PASSED] - Object 'Object Repository/Mobile/Page/Home/Watchlist/Detail Watchlist/Scroll - Expiry Year' has width: '212'

2022-03-14 20:51:39 - [MESSAGE][WARNING] - Timeout '0' is invalid. Using default page load timeout: '60'

2022-03-14 20:51:39 - [MESSAGE][PASSED] - Object 'Object Repository/Mobile/Page/Home/Watchlist/Detail Watchlist/Scroll - Expiry Year' has height: '300'

2022-03-14 20:51:39 - [MESSAGE][PASSED] - Current device physical height is 1423

2022-03-14 20:51:40 - [MESSAGE][PASSED] - Swiped from 120,1,408 to 120,1,138

2022-03-14 20:51:40 - [MESSAGE][PASSED] - scroll.scroll.scrollScreenBottomToTop is PASSED

2022-03-14 20:51:40 - [TEST_STEP][PASSED] - delay(2): Delayed 2 second(s)

2022-03-14 20:51:42 - [MESSAGE][PASSED] - Delayed 2 second(s)

2022-03-14 20:51:42 - [TEST_STEP][PASSED] - scroll.scroll.scrollScreenBottomToTop(HOME_WCTL_DETL_ScrollExpiryMonth): scroll.scroll.scrollScreenBottomToTop is PASSED

2022-03-14 20:51:42 - [MESSAGE][WARNING] - Timeout '0' is invalid. Using default page load timeout: '60'

2022-03-14 20:51:43 - [MESSAGE][PASSED] - Object 'Object Repository/Mobile/Page/Home/Watchlist/Detail Watchlist/Scroll - Expiry Month' has left position '254'

2022-03-14 20:51:43 - [MESSAGE][WARNING] - Timeout '0' is invalid. Using default page load timeout: '60'

2022-03-14 20:51:43 - [MESSAGE][PASSED] - Object 'Object Repository/Mobile/Page/Home/Watchlist/Detail Watchlist/Scroll - Expiry Month' has top position '1,123'

2022-03-14 20:51:43 - [MESSAGE][WARNING] - Timeout '0' is invalid. Using default page load timeout: '60'

2022-03-14 20:51:43 - [MESSAGE][PASSED] - Object 'Object Repository/Mobile/Page/Home/Watchlist/Detail Watchlist/Scroll - Expiry Month' has width: '212'

2022-03-14 20:51:43 - [MESSAGE][WARNING] - Timeout '0' is invalid. Using default page load timeout: '60'

2022-03-14 20:51:43 - [MESSAGE][PASSED] - Object 'Object Repository/Mobile/Page/Home/Watchlist/Detail Watchlist/Scroll - Expiry Month' has height: '300'

2022-03-14 20:51:43 - [MESSAGE][PASSED] - Current device physical height is 1423

2022-03-14 20:51:44 - [MESSAGE][PASSED] - Swiped from 360,1,408 to 360,1,138

2022-03-14 20:51:45 - [MESSAGE][PASSED] - scroll.scroll.scrollScreenBottomToTop is PASSED

2022-03-14 20:51:45 - [TEST_STEP][PASSED] - delay(2): Delayed 2 second(s)

2022-03-14 20:51:47 - [MESSAGE][PASSED] - Delayed 2 second(s)

2022-03-14 20:51:47 - [TEST_STEP][PASSED] - tap(HOME_WCTL_DETL_BtnExpiryDone, 0): Tapped on element 'Object Repository/Mobile/Page/Home/Watchlist/Detail Watchlist/Button - Expiry Done'

2022-03-14 20:51:47 - [MESSAGE][WARNING] - Timeout '0' is invalid. Using default page load timeout: '60'

2022-03-14 20:51:47 - [MESSAGE][PASSED] - Tapped on element 'Object Repository/Mobile/Page/Home/Watchlist/Detail Watchlist/Button - Expiry Done'

2022-03-14 20:51:47 - [TEST_STEP][PASSED] - delay(1): Delayed 1 second(s)

2022-03-14 20:51:48 - [MESSAGE][PASSED] - Delayed 1 second(s)

2022-03-14 20:51:48 - [TEST_STEP][PASSED] - tap(HOME_WCTL_DETL_BtnAddWatchlist, 0): Tapped on element 'Object Repository/Mobile/Page/Home/Watchlist/Detail Watchlist/Button - Add Watchlist'

2022-03-14 20:51:48 - [MESSAGE][WARNING] - Timeout '0' is invalid. Using default page load timeout: '60'

2022-03-14 20:51:48 - [MESSAGE][PASSED] - Tapped on element 'Object Repository/Mobile/Page/Home/Watchlist/Detail Watchlist/Button - Add Watchlist'

2022-03-14 20:51:48 - [TEST_STEP][PASSED] - delay(1): Delayed 1 second(s)

2022-03-14 20:51:49 - [MESSAGE][PASSED] - Delayed 1 second(s)

2022-03-14 20:51:49 - [TEST_STEP][PASSED] - hideKeyboard(): Keyboard is hidden

2022-03-14 20:51:51 - [MESSAGE][PASSED] - Keyboard is hidden

2022-03-14 20:51:51 - [TEST_STEP][PASSED] - pressBack(): Press back button successfully

2022-03-14 20:51:51 - [MESSAGE][PASSED] - Press back button successfully

2022-03-14 20:51:51 - [TEST_STEP][PASSED] - delay(1): Delayed 1 second(s)

2022-03-14 20:51:52 - [MESSAGE][PASSED] - Delayed 1 second(s)

2022-03-14 20:51:52 - [TEST_STEP][FAILED] - try: Failed to check for element 'Object Repository/Mobile/Page/Home/Item - Top Watchlist' exist (Root cause: com.kms.katalon.core.exception.StepFailedException: Element 'Object Repository/Mobile/Page/Home/Item - Top Watchlist' not found
	at com.kms.katalon.core.keyword.internal.KeywordMain.stepFailed(KeywordMain.groovy:50)
	at com.kms.katalon.core.mobile.keyword.internal.MobileKeywordMain.stepFailed(MobileKeywordMain.groovy:40)
	at com.kms.katalon.core.mobile.keyword.builtin.VerifyElementExistKeyword$_verifyElementExist_closure1.doCall(VerifyElementExistKeyword.groovy:77)
	at com.kms.katalon.core.mobile.keyword.builtin.VerifyElementExistKeyword$_verifyElementExist_closure1.call(VerifyElementExistKeyword.groovy)
	at com.kms.katalon.core.mobile.keyword.internal.MobileKeywordMain.runKeyword(MobileKeywordMain.groovy:21)
	at com.kms.katalon.core.mobile.keyword.builtin.VerifyElementExistKeyword.verifyElementExist(VerifyElementExistKeyword.groovy:80)
	at com.kms.katalon.core.mobile.keyword.builtin.VerifyElementExistKeyword.execute(VerifyElementExistKeyword.groovy:64)
	at com.kms.katalon.core.keyword.internal.KeywordExecutor.executeKeywordForPlatform(KeywordExecutor.groovy:73)
	at com.kms.katalon.core.mobile.keyword.MobileBuiltInKeywords.verifyElementExist(MobileBuiltInKeywords.groovy:1586)
	at com.kms.katalon.core.mobile.keyword.MobileBuiltInKeywords$verifyElementExist$13.call(Unknown Source)
	at Home.run(Home:120)
	at com.kms.katalon.core.main.ScriptEngine.run(ScriptEngine.java:194)
	at com.kms.katalon.core.main.ScriptEngine.runScriptAsRawText(ScriptEngine.java:119)
	at com.kms.katalon.core.main.TestCaseExecutor.runScript(TestCaseExecutor.java:398)
	at com.kms.katalon.core.main.TestCaseExecutor.doExecute(TestCaseExecutor.java:389)
	at com.kms.katalon.core.main.TestCaseExecutor.processExecutionPhase(TestCaseExecutor.java:368)
	at com.kms.katalon.core.main.TestCaseExecutor.accessMainPhase(TestCaseExecutor.java:360)
	at com.kms.katalon.core.main.TestCaseExecutor.execute(TestCaseExecutor.java:255)
	at com.kms.katalon.core.main.TestCaseMain.runTestCase(TestCaseMain.java:114)
	at com.kms.katalon.core.keyword.builtin.CallTestCaseKeyword$_callTestCase_closure1.doCall(CallTestCaseKeyword.groovy:59)
	at com.kms.katalon.core.keyword.builtin.CallTestCaseKeyword$_callTestCase_closure1.call(CallTestCaseKeyword.groovy)
	at com.kms.katalon.core.keyword.internal.KeywordMain.runKeyword(KeywordMain.groovy:68)
	at com.kms.katalon.core.keyword.builtin.CallTestCaseKeyword.callTestCase(CallTestCaseKeyword.groovy:81)
	at com.kms.katalon.core.keyword.builtin.CallTestCaseKeyword.execute(CallTestCaseKeyword.groovy:44)
	at com.kms.katalon.core.keyword.internal.KeywordExecutor.executeKeywordForPlatform(KeywordExecutor.groovy:73)
	at com.kms.katalon.core.keyword.BuiltinKeywords.callTestCase(BuiltinKeywords.groovy:334)
	at 008 - Menghapus watchlist.run(008 - Menghapus watchlist:22)
	at com.kms.katalon.core.main.ScriptEngine.run(ScriptEngine.java:194)
	at com.kms.katalon.core.main.ScriptEngine.runScriptAsRawText(ScriptEngine.java:119)
	at com.kms.katalon.core.main.TestCaseExecutor.runScript(TestCaseExecutor.java:398)
	at com.kms.katalon.core.main.TestCaseExecutor.doExecute(TestCaseExecutor.java:389)
	at com.kms.katalon.core.main.TestCaseExecutor.processExecutionPhase(TestCaseExecutor.java:368)
	at com.kms.katalon.core.main.TestCaseExecutor.accessMainPhase(TestCaseExecutor.java:360)
	at com.kms.katalon.core.main.TestCaseExecutor.execute(TestCaseExecutor.java:255)
	at com.kms.katalon.core.main.TestSuiteExecutor.accessTestCaseMainPhase(TestSuiteExecutor.java:203)
	at com.kms.katalon.core.main.TestSuiteExecutor.accessTestSuiteMainPhase(TestSuiteExecutor.java:152)
	at com.kms.katalon.core.main.TestSuiteExecutor.execute(TestSuiteExecutor.java:95)
	at com.kms.katalon.core.main.TestCaseMain.startTestSuite(TestCaseMain.java:157)
	at com.kms.katalon.core.main.TestCaseMain$startTestSuite$0.call(Unknown Source)
	at TempTestSuite1647265293311.run(TempTestSuite1647265293311.groovy:39)
)

2022-03-14 20:51:52 - [TEST_STEP][PASSED] - itemWatchlist = HOME_ItemTopWatchlist: null

2022-03-14 20:51:52 - [TEST_STEP][PASSED] - itemWatchlistExist = verifyElementExist(itemWatchlist, 2): Element 'Object Repository/Mobile/Page/Home/Item - Top Watchlist' is exist

2022-03-14 20:51:53 - [MESSAGE][PASSED] - Element 'Object Repository/Mobile/Page/Home/Item - Top Watchlist' is exist

2022-03-14 20:51:53 - [TEST_STEP][FAILED] - while (itemWatchlistExist): Failed to check for element 'Object Repository/Mobile/Page/Home/Item - Top Watchlist' exist (Root cause: com.kms.katalon.core.exception.StepFailedException: Element 'Object Repository/Mobile/Page/Home/Item - Top Watchlist' not found
	at com.kms.katalon.core.keyword.internal.KeywordMain.stepFailed(KeywordMain.groovy:50)
	at com.kms.katalon.core.mobile.keyword.internal.MobileKeywordMain.stepFailed(MobileKeywordMain.groovy:40)
	at com.kms.katalon.core.mobile.keyword.builtin.VerifyElementExistKeyword$_verifyElementExist_closure1.doCall(VerifyElementExistKeyword.groovy:77)
	at com.kms.katalon.core.mobile.keyword.builtin.VerifyElementExistKeyword$_verifyElementExist_closure1.call(VerifyElementExistKeyword.groovy)
	at com.kms.katalon.core.mobile.keyword.internal.MobileKeywordMain.runKeyword(MobileKeywordMain.groovy:21)
	at com.kms.katalon.core.mobile.keyword.builtin.VerifyElementExistKeyword.verifyElementExist(VerifyElementExistKeyword.groovy:80)
	at com.kms.katalon.core.mobile.keyword.builtin.VerifyElementExistKeyword.execute(VerifyElementExistKeyword.groovy:64)
	at com.kms.katalon.core.keyword.internal.KeywordExecutor.executeKeywordForPlatform(KeywordExecutor.groovy:73)
	at com.kms.katalon.core.mobile.keyword.MobileBuiltInKeywords.verifyElementExist(MobileBuiltInKeywords.groovy:1586)
	at com.kms.katalon.core.mobile.keyword.MobileBuiltInKeywords$verifyElementExist$13.call(Unknown Source)
	at Home.run(Home:120)
	at com.kms.katalon.core.main.ScriptEngine.run(ScriptEngine.java:194)
	at com.kms.katalon.core.main.ScriptEngine.runScriptAsRawText(ScriptEngine.java:119)
	at com.kms.katalon.core.main.TestCaseExecutor.runScript(TestCaseExecutor.java:398)
	at com.kms.katalon.core.main.TestCaseExecutor.doExecute(TestCaseExecutor.java:389)
	at com.kms.katalon.core.main.TestCaseExecutor.processExecutionPhase(TestCaseExecutor.java:368)
	at com.kms.katalon.core.main.TestCaseExecutor.accessMainPhase(TestCaseExecutor.java:360)
	at com.kms.katalon.core.main.TestCaseExecutor.execute(TestCaseExecutor.java:255)
	at com.kms.katalon.core.main.TestCaseMain.runTestCase(TestCaseMain.java:114)
	at com.kms.katalon.core.keyword.builtin.CallTestCaseKeyword$_callTestCase_closure1.doCall(CallTestCaseKeyword.groovy:59)
	at com.kms.katalon.core.keyword.builtin.CallTestCaseKeyword$_callTestCase_closure1.call(CallTestCaseKeyword.groovy)
	at com.kms.katalon.core.keyword.internal.KeywordMain.runKeyword(KeywordMain.groovy:68)
	at com.kms.katalon.core.keyword.builtin.CallTestCaseKeyword.callTestCase(CallTestCaseKeyword.groovy:81)
	at com.kms.katalon.core.keyword.builtin.CallTestCaseKeyword.execute(CallTestCaseKeyword.groovy:44)
	at com.kms.katalon.core.keyword.internal.KeywordExecutor.executeKeywordForPlatform(KeywordExecutor.groovy:73)
	at com.kms.katalon.core.keyword.BuiltinKeywords.callTestCase(BuiltinKeywords.groovy:334)
	at 008 - Menghapus watchlist.run(008 - Menghapus watchlist:22)
	at com.kms.katalon.core.main.ScriptEngine.run(ScriptEngine.java:194)
	at com.kms.katalon.core.main.ScriptEngine.runScriptAsRawText(ScriptEngine.java:119)
	at com.kms.katalon.core.main.TestCaseExecutor.runScript(TestCaseExecutor.java:398)
	at com.kms.katalon.core.main.TestCaseExecutor.doExecute(TestCaseExecutor.java:389)
	at com.kms.katalon.core.main.TestCaseExecutor.processExecutionPhase(TestCaseExecutor.java:368)
	at com.kms.katalon.core.main.TestCaseExecutor.accessMainPhase(TestCaseExecutor.java:360)
	at com.kms.katalon.core.main.TestCaseExecutor.execute(TestCaseExecutor.java:255)
	at com.kms.katalon.core.main.TestSuiteExecutor.accessTestCaseMainPhase(TestSuiteExecutor.java:203)
	at com.kms.katalon.core.main.TestSuiteExecutor.accessTestSuiteMainPhase(TestSuiteExecutor.java:152)
	at com.kms.katalon.core.main.TestSuiteExecutor.execute(TestSuiteExecutor.java:95)
	at com.kms.katalon.core.main.TestCaseMain.startTestSuite(TestCaseMain.java:157)
	at com.kms.katalon.core.main.TestCaseMain$startTestSuite$0.call(Unknown Source)
	at TempTestSuite1647265293311.run(TempTestSuite1647265293311.groovy:39)
)

2022-03-14 20:51:53 - [TEST_STEP][PASSED] - scroll.scroll.scrollRightToLeft(itemWatchlist): scroll.scroll.scrollRightToLeft is PASSED

2022-03-14 20:51:53 - [MESSAGE][WARNING] - Timeout '0' is invalid. Using default page load timeout: '60'

2022-03-14 20:51:53 - [MESSAGE][PASSED] - Object 'Object Repository/Mobile/Page/Home/Item - Top Watchlist' has left position '67'

2022-03-14 20:51:53 - [MESSAGE][WARNING] - Timeout '0' is invalid. Using default page load timeout: '60'

2022-03-14 20:51:53 - [MESSAGE][PASSED] - Object 'Object Repository/Mobile/Page/Home/Item - Top Watchlist' has top position '744'

2022-03-14 20:51:53 - [MESSAGE][WARNING] - Timeout '0' is invalid. Using default page load timeout: '60'

2022-03-14 20:51:53 - [MESSAGE][PASSED] - Object 'Object Repository/Mobile/Page/Home/Item - Top Watchlist' has width: '587'

2022-03-14 20:51:53 - [MESSAGE][WARNING] - Timeout '0' is invalid. Using default page load timeout: '60'

2022-03-14 20:51:53 - [MESSAGE][PASSED] - Object 'Object Repository/Mobile/Page/Home/Item - Top Watchlist' has height: '91'

2022-03-14 20:51:54 - [MESSAGE][PASSED] - Swiped from 624,789 to 96,789

2022-03-14 20:51:54 - [MESSAGE][PASSED] - scroll.scroll.scrollRightToLeft is PASSED

2022-03-14 20:51:54 - [TEST_STEP][PASSED] - delay(2): Delayed 2 second(s)

2022-03-14 20:51:56 - [MESSAGE][PASSED] - Delayed 2 second(s)

2022-03-14 20:51:56 - [TEST_STEP][FAILED] - itemWatchlistExist = verifyElementExist(itemWatchlist, 2): Failed to check for element 'Object Repository/Mobile/Page/Home/Item - Top Watchlist' exist (Root cause: com.kms.katalon.core.exception.StepFailedException: Element 'Object Repository/Mobile/Page/Home/Item - Top Watchlist' not found
	at com.kms.katalon.core.keyword.internal.KeywordMain.stepFailed(KeywordMain.groovy:50)
	at com.kms.katalon.core.mobile.keyword.internal.MobileKeywordMain.stepFailed(MobileKeywordMain.groovy:40)
	at com.kms.katalon.core.mobile.keyword.builtin.VerifyElementExistKeyword$_verifyElementExist_closure1.doCall(VerifyElementExistKeyword.groovy:77)
	at com.kms.katalon.core.mobile.keyword.builtin.VerifyElementExistKeyword$_verifyElementExist_closure1.call(VerifyElementExistKeyword.groovy)
	at com.kms.katalon.core.mobile.keyword.internal.MobileKeywordMain.runKeyword(MobileKeywordMain.groovy:21)
	at com.kms.katalon.core.mobile.keyword.builtin.VerifyElementExistKeyword.verifyElementExist(VerifyElementExistKeyword.groovy:80)
	at com.kms.katalon.core.mobile.keyword.builtin.VerifyElementExistKeyword.execute(VerifyElementExistKeyword.groovy:64)
	at com.kms.katalon.core.keyword.internal.KeywordExecutor.executeKeywordForPlatform(KeywordExecutor.groovy:73)
	at com.kms.katalon.core.mobile.keyword.MobileBuiltInKeywords.verifyElementExist(MobileBuiltInKeywords.groovy:1586)
	at com.kms.katalon.core.mobile.keyword.MobileBuiltInKeywords$verifyElementExist$13.call(Unknown Source)
	at Home.run(Home:120)
	at com.kms.katalon.core.main.ScriptEngine.run(ScriptEngine.java:194)
	at com.kms.katalon.core.main.ScriptEngine.runScriptAsRawText(ScriptEngine.java:119)
	at com.kms.katalon.core.main.TestCaseExecutor.runScript(TestCaseExecutor.java:398)
	at com.kms.katalon.core.main.TestCaseExecutor.doExecute(TestCaseExecutor.java:389)
	at com.kms.katalon.core.main.TestCaseExecutor.processExecutionPhase(TestCaseExecutor.java:368)
	at com.kms.katalon.core.main.TestCaseExecutor.accessMainPhase(TestCaseExecutor.java:360)
	at com.kms.katalon.core.main.TestCaseExecutor.execute(TestCaseExecutor.java:255)
	at com.kms.katalon.core.main.TestCaseMain.runTestCase(TestCaseMain.java:114)
	at com.kms.katalon.core.keyword.builtin.CallTestCaseKeyword$_callTestCase_closure1.doCall(CallTestCaseKeyword.groovy:59)
	at com.kms.katalon.core.keyword.builtin.CallTestCaseKeyword$_callTestCase_closure1.call(CallTestCaseKeyword.groovy)
	at com.kms.katalon.core.keyword.internal.KeywordMain.runKeyword(KeywordMain.groovy:68)
	at com.kms.katalon.core.keyword.builtin.CallTestCaseKeyword.callTestCase(CallTestCaseKeyword.groovy:81)
	at com.kms.katalon.core.keyword.builtin.CallTestCaseKeyword.execute(CallTestCaseKeyword.groovy:44)
	at com.kms.katalon.core.keyword.internal.KeywordExecutor.executeKeywordForPlatform(KeywordExecutor.groovy:73)
	at com.kms.katalon.core.keyword.BuiltinKeywords.callTestCase(BuiltinKeywords.groovy:334)
	at 008 - Menghapus watchlist.run(008 - Menghapus watchlist:22)
	at com.kms.katalon.core.main.ScriptEngine.run(ScriptEngine.java:194)
	at com.kms.katalon.core.main.ScriptEngine.runScriptAsRawText(ScriptEngine.java:119)
	at com.kms.katalon.core.main.TestCaseExecutor.runScript(TestCaseExecutor.java:398)
	at com.kms.katalon.core.main.TestCaseExecutor.doExecute(TestCaseExecutor.java:389)
	at com.kms.katalon.core.main.TestCaseExecutor.processExecutionPhase(TestCaseExecutor.java:368)
	at com.kms.katalon.core.main.TestCaseExecutor.accessMainPhase(TestCaseExecutor.java:360)
	at com.kms.katalon.core.main.TestCaseExecutor.execute(TestCaseExecutor.java:255)
	at com.kms.katalon.core.main.TestSuiteExecutor.accessTestCaseMainPhase(TestSuiteExecutor.java:203)
	at com.kms.katalon.core.main.TestSuiteExecutor.accessTestSuiteMainPhase(TestSuiteExecutor.java:152)
	at com.kms.katalon.core.main.TestSuiteExecutor.execute(TestSuiteExecutor.java:95)
	at com.kms.katalon.core.main.TestCaseMain.startTestSuite(TestCaseMain.java:157)
	at com.kms.katalon.core.main.TestCaseMain$startTestSuite$0.call(Unknown Source)
	at TempTestSuite1647265293311.run(TempTestSuite1647265293311.groovy:39)
)

2022-03-14 20:51:59 - [MESSAGE][FAILED] - Element 'Object Repository/Mobile/Page/Home/Item - Top Watchlist' not found
[[ATTACHMENT|C:\\Users\\Owner\\Documents\\kerjaan\\KatalonProject\\qa_katalon_pwm\\qa_katalon_pwm\\Reports\\20220314_204133\\home\\20220314_204133\\1647265918989.png]]

2022-03-14 20:52:00 - [MESSAGE][FAILED] - Failed to check for element 'Object Repository/Mobile/Page/Home/Item - Top Watchlist' exist (Root cause: com.kms.katalon.core.exception.StepFailedException: Element 'Object Repository/Mobile/Page/Home/Item - Top Watchlist' not found
	at com.kms.katalon.core.keyword.internal.KeywordMain.stepFailed(KeywordMain.groovy:50)
	at com.kms.katalon.core.mobile.keyword.internal.MobileKeywordMain.stepFailed(MobileKeywordMain.groovy:40)
	at com.kms.katalon.core.mobile.keyword.builtin.VerifyElementExistKeyword$_verifyElementExist_closure1.doCall(VerifyElementExistKeyword.groovy:77)
	at com.kms.katalon.core.mobile.keyword.builtin.VerifyElementExistKeyword$_verifyElementExist_closure1.call(VerifyElementExistKeyword.groovy)
	at com.kms.katalon.core.mobile.keyword.internal.MobileKeywordMain.runKeyword(MobileKeywordMain.groovy:21)
	at com.kms.katalon.core.mobile.keyword.builtin.VerifyElementExistKeyword.verifyElementExist(VerifyElementExistKeyword.groovy:80)
	at com.kms.katalon.core.mobile.keyword.builtin.VerifyElementExistKeyword.execute(VerifyElementExistKeyword.groovy:64)
	at com.kms.katalon.core.keyword.internal.KeywordExecutor.executeKeywordForPlatform(KeywordExecutor.groovy:73)
	at com.kms.katalon.core.mobile.keyword.MobileBuiltInKeywords.verifyElementExist(MobileBuiltInKeywords.groovy:1586)
	at com.kms.katalon.core.mobile.keyword.MobileBuiltInKeywords$verifyElementExist$13.call(Unknown Source)
	at Home.run(Home:120)
	at com.kms.katalon.core.main.ScriptEngine.run(ScriptEngine.java:194)
	at com.kms.katalon.core.main.ScriptEngine.runScriptAsRawText(ScriptEngine.java:119)
	at com.kms.katalon.core.main.TestCaseExecutor.runScript(TestCaseExecutor.java:398)
	at com.kms.katalon.core.main.TestCaseExecutor.doExecute(TestCaseExecutor.java:389)
	at com.kms.katalon.core.main.TestCaseExecutor.processExecutionPhase(TestCaseExecutor.java:368)
	at com.kms.katalon.core.main.TestCaseExecutor.accessMainPhase(TestCaseExecutor.java:360)
	at com.kms.katalon.core.main.TestCaseExecutor.execute(TestCaseExecutor.java:255)
	at com.kms.katalon.core.main.TestCaseMain.runTestCase(TestCaseMain.java:114)
	at com.kms.katalon.core.keyword.builtin.CallTestCaseKeyword$_callTestCase_closure1.doCall(CallTestCaseKeyword.groovy:59)
	at com.kms.katalon.core.keyword.builtin.CallTestCaseKeyword$_callTestCase_closure1.call(CallTestCaseKeyword.groovy)
	at com.kms.katalon.core.keyword.internal.KeywordMain.runKeyword(KeywordMain.groovy:68)
	at com.kms.katalon.core.keyword.builtin.CallTestCaseKeyword.callTestCase(CallTestCaseKeyword.groovy:81)
	at com.kms.katalon.core.keyword.builtin.CallTestCaseKeyword.execute(CallTestCaseKeyword.groovy:44)
	at com.kms.katalon.core.keyword.internal.KeywordExecutor.executeKeywordForPlatform(KeywordExecutor.groovy:73)
	at com.kms.katalon.core.keyword.BuiltinKeywords.callTestCase(BuiltinKeywords.groovy:334)
	at 008 - Menghapus watchlist.run(008 - Menghapus watchlist:22)
	at com.kms.katalon.core.main.ScriptEngine.run(ScriptEngine.java:194)
	at com.kms.katalon.core.main.ScriptEngine.runScriptAsRawText(ScriptEngine.java:119)
	at com.kms.katalon.core.main.TestCaseExecutor.runScript(TestCaseExecutor.java:398)
	at com.kms.katalon.core.main.TestCaseExecutor.doExecute(TestCaseExecutor.java:389)
	at com.kms.katalon.core.main.TestCaseExecutor.processExecutionPhase(TestCaseExecutor.java:368)
	at com.kms.katalon.core.main.TestCaseExecutor.accessMainPhase(TestCaseExecutor.java:360)
	at com.kms.katalon.core.main.TestCaseExecutor.execute(TestCaseExecutor.java:255)
	at com.kms.katalon.core.main.TestSuiteExecutor.accessTestCaseMainPhase(TestSuiteExecutor.java:203)
	at com.kms.katalon.core.main.TestSuiteExecutor.accessTestSuiteMainPhase(TestSuiteExecutor.java:152)
	at com.kms.katalon.core.main.TestSuiteExecutor.execute(TestSuiteExecutor.java:95)
	at com.kms.katalon.core.main.TestCaseMain.startTestSuite(TestCaseMain.java:157)
	at com.kms.katalon.core.main.TestCaseMain$startTestSuite$0.call(Unknown Source)
	at TempTestSuite1647265293311.run(TempTestSuite1647265293311.groovy:39)
)
[[ATTACHMENT|C:\\Users\\Owner\\Documents\\kerjaan\\KatalonProject\\qa_katalon_pwm\\qa_katalon_pwm\\Reports\\20220314_204133\\home\\20220314_204133\\1647265919875.png]]

2022-03-14 20:52:00 - [TEST_STEP][PASSED] - catch (Exception e): null

2022-03-14 20:52:00 - [TEST_STEP][PASSED] - if (page == "notification"): null

2022-03-14 20:52:00 - [MESSAGE][PASSED] - Call Test Case 'Test Cases/Mobile/Page/Home/Home' successfully

2022-03-14 20:52:00 - [TEST_STEP][PASSED] - callTestCase(findTestCase("Mobile/Page/Run App/Terminate App"), [:], STOP_ON_FAILURE): Call Test Case 'Test Cases/Mobile/Page/Run App/Terminate App' successfully

2022-03-14 20:52:00 - [TEST_CASE][PASSED] - Test Cases/Mobile/Page/Run App/Terminate App: Test Cases/Mobile/Page/Run App/Terminate App

2022-03-14 20:52:00 - [TEST_STEP][PASSED] - startApp.OpenApp.terminateApplication(): startApp.OpenApp.terminateApplication is PASSED

2022-03-14 20:52:03 - [MESSAGE][PASSED] - Delayed 3 second(s)

2022-03-14 20:52:04 - [MESSAGE][PASSED] - Current device physical width is 720

2022-03-14 20:52:04 - [MESSAGE][PASSED] - Current device physical height is 1423

2022-03-14 20:52:06 - [MESSAGE][PASSED] - Swiped from 360,853 to 360,142

2022-03-14 20:52:07 - [MESSAGE][PASSED] - Delayed 1 second(s)

2022-03-14 20:52:08 - [MESSAGE][PASSED] - Swiped from 360,853 to 360,142

2022-03-14 20:52:11 - [MESSAGE][PASSED] - Delayed 3 second(s)

2022-03-14 20:52:11 - [MESSAGE][PASSED] - startApp.OpenApp.terminateApplication is PASSED

2022-03-14 20:52:11 - [MESSAGE][PASSED] - Call Test Case 'Test Cases/Mobile/Page/Run App/Terminate App' successfully]]></system-out>
         <system-err><![CDATA[]]></system-err>
      </testcase>
      <system-out><![CDATA[2022-03-14 20:41:43 - [TEST_SUITE][PASSED] - home: Test Cases/Mobile/Scenario/Home/008 - Menghapus watchlist]]></system-out>
      <system-err><![CDATA[]]></system-err>
   </testsuite>
</testsuites>
