<?xml version="1.0" encoding="UTF-8"?>
<testsuites name="news" time="377.67" tests="5" failures="0" skips="0" errors="0">
   <testsuite name="news" tests="5" failures="0" errors="0" time="377.67" skips="0" timestamp="2021-12-01 15:31:40" hostname="Owner - aldy-tft" id="Test Suites/news">
      <properties>
         <property name="deviceName" value="samsung SM-A205F (Android 11)"/>
         <property name="devicePlatform" value=""/>
         <property name="logFolder" value="C:\\Users\\Owner\\Documents\\kerjaan\\KatalonProject\\qa-katalon-maxfund2\\Reports\\20211201_153132\\news\\20211201_153132"/>
         <property name="logFiles" value="C:\\Users\\Owner\\Documents\\kerjaan\\KatalonProject\\qa-katalon-maxfund2\\Reports\\20211201_153132\\news\\20211201_153132\\appium.log, C:\\Users\\Owner\\Documents\\kerjaan\\KatalonProject\\qa-katalon-maxfund2\\Reports\\20211201_153132\\news\\20211201_153132\\execution0.log"/>
         <property name="attachments" value="C:\\Users\\Owner\\Documents\\kerjaan\\KatalonProject\\qa-katalon-maxfund2\\Reports\\20211201_153132\\news\\20211201_153132\\1638347739600.png, C:\\Users\\Owner\\Documents\\kerjaan\\KatalonProject\\qa-katalon-maxfund2\\Reports\\20211201_153132\\news\\20211201_153132\\1638347740588.png"/>
         <property name="hostName" value="Owner - aldy-tft"/>
         <property name="os" value="Windows 10 64bit"/>
         <property name="appiumServerStatus" value="{&quot;value&quot;:{&quot;build&quot;:{&quot;version&quot;:&quot;1.22.0&quot;}},&quot;sessionId&quot;:null,&quot;status&quot;:0}"/>
         <property name="katalonVersion" value="7.9.1.208"/>
         <property name="deviceOS" value="Android"/>
         <property name="appiumVersion" value="1.22.0"/>
         <property name="deviceModel" value="SM-A205F"/>
         <property name="hostAddress" value="192.168.100.35"/>
         <property name="deviceManufacturer" value="samsung"/>
         <property name="deviceId" value="RR8M40C9AXE"/>
         <property name="deviceName" value="samsung SM-A205F (Android 11)"/>
         <property name="deviceOSVersion" value="11"/>
      </properties>
      <testcase name="Test Cases/Mobile/Scenario/News/001 - News World Indices" time="76.269" classname="Test Cases/Mobile/Scenario/News/001 - News World Indices" status="PASSED">
         <system-out><![CDATA[2021-12-01 15:31:41 - [TEST_CASE][PASSED] - Test Cases/Mobile/Scenario/News/001 - News World Indices: Test Cases/Mobile/Scenario/News/001 - News World Indices

2021-12-01 15:31:41 - [TEST_STEP][PASSED] - callTestCase(findTestCase("Mobile/Page/Run App/Run App byID"), [:], STOP_ON_FAILURE): Call Test Case 'Test Cases/Mobile/Page/Run App/Run App byID' successfully

2021-12-01 15:31:41 - [TEST_CASE][PASSED] - Test Cases/Mobile/Page/Run App/Run App byID: Test Cases/Mobile/Page/Run App/Run App byID

2021-12-01 15:31:41 - [TEST_STEP][PASSED] - startApp.OpenApp.startApplication("id.co.miraeasset.sageclub"): startApp.OpenApp.startApplication is PASSED

2021-12-01 15:31:43 - [MESSAGE][INFO] - Appium server started on port 60,564

2021-12-01 15:31:58 - [MESSAGE][PASSED] - Starting app with application ID: 'id.co.miraeasset.sageclub'

2021-12-01 15:31:58 - [MESSAGE][PASSED] - startApp.OpenApp.startApplication is PASSED

2021-12-01 15:31:58 - [MESSAGE][PASSED] - Call Test Case 'Test Cases/Mobile/Page/Run App/Run App byID' successfully

2021-12-01 15:31:58 - [TEST_STEP][PASSED] - callTestCase(findTestCase("Mobile/Page/News/News"), ["tab":"worldindices"], CONTINUE_ON_FAILURE): Call Test Case 'Test Cases/Mobile/Page/News/News' successfully

2021-12-01 15:31:58 - [TEST_CASE][PASSED] - Test Cases/Mobile/Page/News/News: Test Cases/Mobile/Page/News/News

2021-12-01 15:31:59 - [TEST_STEP][PASSED] - loginCheck = verifyElementExist(findTestObject("Object Repository/Mobile/Page/Login/Button - Login"), 2, CONTINUE_ON_FAILURE): Element 'Object Repository/Mobile/Page/Login/Button - Login' is exist

2021-12-01 15:32:00 - [MESSAGE][PASSED] - Element 'Object Repository/Mobile/Page/Login/Button - Login' is exist

2021-12-01 15:32:00 - [TEST_STEP][PASSED] - if (loginCheck): Call Test Case 'Test Cases/Mobile/Page/Login/Login' successfully

2021-12-01 15:32:00 - [TEST_STEP][PASSED] - callTestCase(findTestCase("Mobile/Page/Login/Login"), [:], CONTINUE_ON_FAILURE): Call Test Case 'Test Cases/Mobile/Page/Login/Login' successfully

2021-12-01 15:32:00 - [TEST_CASE][PASSED] - Test Cases/Mobile/Page/Login/Login: Test Cases/Mobile/Page/Login/Login

2021-12-01 15:32:01 - [TEST_STEP][PASSED] - delay(2): Delayed 2 second(s)

2021-12-01 15:32:03 - [MESSAGE][PASSED] - Delayed 2 second(s)

2021-12-01 15:32:03 - [TEST_STEP][PASSED] - tap(findTestObject("Object Repository/Mobile/Page/Login/Input - UserID"), 0): Tapped on element 'Object Repository/Mobile/Page/Login/Input - UserID'

2021-12-01 15:32:03 - [MESSAGE][WARNING] - Timeout '0' is invalid. Using default page load timeout: '60'

2021-12-01 15:32:03 - [MESSAGE][PASSED] - Tapped on element 'Object Repository/Mobile/Page/Login/Input - UserID'

2021-12-01 15:32:03 - [TEST_STEP][PASSED] - delay(1): Delayed 1 second(s)

2021-12-01 15:32:04 - [MESSAGE][PASSED] - Delayed 1 second(s)

2021-12-01 15:32:04 - [TEST_STEP][PASSED] - setText(findTestObject("Object Repository/Mobile/Page/Login/Input Rdy - UserID"), "anggaaditya", 0): Text 'anggaaditya' has been set to element 'Object Repository/Mobile/Page/Login/Input Rdy - UserID'

2021-12-01 15:32:04 - [MESSAGE][WARNING] - Timeout '0' is invalid. Using default page load timeout: '60'

2021-12-01 15:32:05 - [MESSAGE][PASSED] - Text 'anggaaditya' has been set to element 'Object Repository/Mobile/Page/Login/Input Rdy - UserID'

2021-12-01 15:32:05 - [TEST_STEP][PASSED] - delay(1): Delayed 1 second(s)

2021-12-01 15:32:06 - [MESSAGE][PASSED] - Delayed 1 second(s)

2021-12-01 15:32:06 - [TEST_STEP][PASSED] - hideKeyboard(): Keyboard is hidden

2021-12-01 15:32:13 - [MESSAGE][PASSED] - Keyboard is hidden

2021-12-01 15:32:13 - [TEST_STEP][PASSED] - tap(findTestObject("Object Repository/Mobile/Page/Login/Input - Password"), 0): Tapped on element 'Object Repository/Mobile/Page/Login/Input - Password'

2021-12-01 15:32:13 - [MESSAGE][WARNING] - Timeout '0' is invalid. Using default page load timeout: '60'

2021-12-01 15:32:13 - [MESSAGE][PASSED] - Tapped on element 'Object Repository/Mobile/Page/Login/Input - Password'

2021-12-01 15:32:13 - [TEST_STEP][PASSED] - delay(1): Delayed 1 second(s)

2021-12-01 15:32:14 - [MESSAGE][PASSED] - Delayed 1 second(s)

2021-12-01 15:32:14 - [TEST_STEP][PASSED] - setText(findTestObject("Object Repository/Mobile/Page/Login/Input Rdy - Password"), "Shalawa18", 0): Text 'Shalawa18' has been set to element 'Object Repository/Mobile/Page/Login/Input Rdy - Password'

2021-12-01 15:32:14 - [MESSAGE][WARNING] - Timeout '0' is invalid. Using default page load timeout: '60'

2021-12-01 15:32:15 - [MESSAGE][PASSED] - Text 'Shalawa18' has been set to element 'Object Repository/Mobile/Page/Login/Input Rdy - Password'

2021-12-01 15:32:15 - [TEST_STEP][PASSED] - delay(1): Delayed 1 second(s)

2021-12-01 15:32:16 - [MESSAGE][PASSED] - Delayed 1 second(s)

2021-12-01 15:32:16 - [TEST_STEP][PASSED] - hideKeyboard(): Keyboard is hidden

2021-12-01 15:32:23 - [MESSAGE][PASSED] - Keyboard is hidden

2021-12-01 15:32:23 - [TEST_STEP][PASSED] - tap(findTestObject("Object Repository/Mobile/Page/Login/Button - Login"), 0): Tapped on element 'Object Repository/Mobile/Page/Login/Button - Login'

2021-12-01 15:32:23 - [MESSAGE][WARNING] - Timeout '0' is invalid. Using default page load timeout: '60'

2021-12-01 15:32:23 - [MESSAGE][PASSED] - Tapped on element 'Object Repository/Mobile/Page/Login/Button - Login'

2021-12-01 15:32:23 - [TEST_STEP][PASSED] - delay(2): Delayed 2 second(s)

2021-12-01 15:32:25 - [MESSAGE][PASSED] - Delayed 2 second(s)

2021-12-01 15:32:25 - [MESSAGE][PASSED] - Call Test Case 'Test Cases/Mobile/Page/Login/Login' successfully

2021-12-01 15:32:25 - [TEST_STEP][PASSED] - tap(findTestObject("Object Repository/Mobile/Page/Home/Menubar - News"), 0): Tapped on element 'Object Repository/Mobile/Page/Home/Menubar - News'

2021-12-01 15:32:25 - [MESSAGE][WARNING] - Timeout '0' is invalid. Using default page load timeout: '60'

2021-12-01 15:32:26 - [MESSAGE][PASSED] - Tapped on element 'Object Repository/Mobile/Page/Home/Menubar - News'

2021-12-01 15:32:26 - [TEST_STEP][PASSED] - delay(1): Delayed 1 second(s)

2021-12-01 15:32:27 - [MESSAGE][PASSED] - Delayed 1 second(s)

2021-12-01 15:32:27 - [TEST_STEP][PASSED] - for ([i = 0, i < 1, (i++)]): null

2021-12-01 15:32:27 - [TEST_STEP][PASSED] - if (tab == "macronews"): null

2021-12-01 15:32:27 - [TEST_STEP][PASSED] - else if (tab == "stocknews"): null

2021-12-01 15:32:27 - [TEST_STEP][PASSED] - else if (tab == "fundnews"): null

2021-12-01 15:32:27 - [TEST_STEP][PASSED] - else if (tab == "bondnews"): null

2021-12-01 15:32:27 - [TEST_STEP][PASSED] - else if (tab == "worldindices"): Delayed 3 second(s)

2021-12-01 15:32:27 - [TEST_STEP][PASSED] - scroll.scroll.scrollScreenRightToLeft(findTestObject("Object Repository/Mobile/Page/News/Tab - Macro News")): scroll.scroll.scrollScreenRightToLeft is PASSED

2021-12-01 15:32:27 - [MESSAGE][WARNING] - Timeout '0' is invalid. Using default page load timeout: '60'

2021-12-01 15:32:28 - [MESSAGE][PASSED] - Object 'Object Repository/Mobile/Page/News/Tab - Macro News' has left position '14'

2021-12-01 15:32:28 - [MESSAGE][WARNING] - Timeout '0' is invalid. Using default page load timeout: '60'

2021-12-01 15:32:28 - [MESSAGE][PASSED] - Object 'Object Repository/Mobile/Page/News/Tab - Macro News' has top position '262'

2021-12-01 15:32:28 - [MESSAGE][WARNING] - Timeout '0' is invalid. Using default page load timeout: '60'

2021-12-01 15:32:28 - [MESSAGE][PASSED] - Object 'Object Repository/Mobile/Page/News/Tab - Macro News' has width: '215'

2021-12-01 15:32:28 - [MESSAGE][WARNING] - Timeout '0' is invalid. Using default page load timeout: '60'

2021-12-01 15:32:28 - [MESSAGE][PASSED] - Object 'Object Repository/Mobile/Page/News/Tab - Macro News' has height: '84'

2021-12-01 15:32:28 - [MESSAGE][PASSED] - Current device physical width is 720

2021-12-01 15:32:30 - [MESSAGE][PASSED] - Swiped from 620,304 to 100,304

2021-12-01 15:32:30 - [MESSAGE][PASSED] - scroll.scroll.scrollScreenRightToLeft is PASSED

2021-12-01 15:32:30 - [TEST_STEP][PASSED] - delay(1): Delayed 1 second(s)

2021-12-01 15:32:31 - [MESSAGE][PASSED] - Delayed 1 second(s)

2021-12-01 15:32:31 - [TEST_STEP][PASSED] - tap(findTestObject("Object Repository/Mobile/Page/News/Tab - World Indices"), 0): Tapped on element 'Object Repository/Mobile/Page/News/Tab - World Indices'

2021-12-01 15:32:31 - [MESSAGE][WARNING] - Timeout '0' is invalid. Using default page load timeout: '60'

2021-12-01 15:32:32 - [MESSAGE][PASSED] - Tapped on element 'Object Repository/Mobile/Page/News/Tab - World Indices'

2021-12-01 15:32:32 - [TEST_STEP][PASSED] - delay(1): Delayed 1 second(s)

2021-12-01 15:32:33 - [MESSAGE][PASSED] - Delayed 1 second(s)

2021-12-01 15:32:33 - [TEST_STEP][PASSED] - tap(findTestObject("Object Repository/Mobile/Page/News/Button - Indices"), 0): Tapped on element 'Object Repository/Mobile/Page/News/Button - Indices'

2021-12-01 15:32:33 - [MESSAGE][WARNING] - Timeout '0' is invalid. Using default page load timeout: '60'

2021-12-01 15:32:34 - [MESSAGE][PASSED] - Tapped on element 'Object Repository/Mobile/Page/News/Button - Indices'

2021-12-01 15:32:34 - [TEST_STEP][PASSED] - delay(3): Delayed 3 second(s)

2021-12-01 15:32:37 - [MESSAGE][PASSED] - Delayed 3 second(s)

2021-12-01 15:32:37 - [TEST_STEP][PASSED] - tap(findTestObject("Object Repository/Mobile/Page/News/Button - Currencies"), 0): Tapped on element 'Object Repository/Mobile/Page/News/Button - Currencies'

2021-12-01 15:32:37 - [MESSAGE][WARNING] - Timeout '0' is invalid. Using default page load timeout: '60'

2021-12-01 15:32:38 - [MESSAGE][PASSED] - Tapped on element 'Object Repository/Mobile/Page/News/Button - Currencies'

2021-12-01 15:32:38 - [TEST_STEP][PASSED] - delay(3): Delayed 3 second(s)

2021-12-01 15:32:41 - [MESSAGE][PASSED] - Delayed 3 second(s)

2021-12-01 15:32:41 - [TEST_STEP][PASSED] - tap(findTestObject("Object Repository/Mobile/Page/News/Button - Commodites"), 0): Tapped on element 'Object Repository/Mobile/Page/News/Button - Commodites'

2021-12-01 15:32:41 - [MESSAGE][WARNING] - Timeout '0' is invalid. Using default page load timeout: '60'

2021-12-01 15:32:42 - [MESSAGE][PASSED] - Tapped on element 'Object Repository/Mobile/Page/News/Button - Commodites'

2021-12-01 15:32:42 - [TEST_STEP][PASSED] - delay(3): Delayed 3 second(s)

2021-12-01 15:32:45 - [MESSAGE][PASSED] - Delayed 3 second(s)

2021-12-01 15:32:45 - [TEST_STEP][PASSED] - delay(1): Delayed 1 second(s)

2021-12-01 15:32:46 - [MESSAGE][PASSED] - Delayed 1 second(s)

2021-12-01 15:32:46 - [TEST_STEP][PASSED] - if (tab != "worldindices"): null

2021-12-01 15:32:46 - [MESSAGE][PASSED] - Call Test Case 'Test Cases/Mobile/Page/News/News' successfully

2021-12-01 15:32:46 - [TEST_STEP][PASSED] - callTestCase(findTestCase("Mobile/Page/Run App/Terminate App"), [:], STOP_ON_FAILURE): Call Test Case 'Test Cases/Mobile/Page/Run App/Terminate App' successfully

2021-12-01 15:32:46 - [TEST_CASE][PASSED] - Test Cases/Mobile/Page/Run App/Terminate App: Test Cases/Mobile/Page/Run App/Terminate App

2021-12-01 15:32:47 - [TEST_STEP][PASSED] - startApp.OpenApp.terminateApplication(): startApp.OpenApp.terminateApplication is PASSED

2021-12-01 15:32:50 - [MESSAGE][PASSED] - Delayed 3 second(s)

2021-12-01 15:32:50 - [MESSAGE][PASSED] - Current device physical width is 720

2021-12-01 15:32:50 - [MESSAGE][PASSED] - Current device physical height is 1423

2021-12-01 15:32:52 - [MESSAGE][PASSED] - Swiped from 360,853 to 360,142

2021-12-01 15:32:53 - [MESSAGE][PASSED] - Delayed 1 second(s)

2021-12-01 15:32:54 - [MESSAGE][PASSED] - Swiped from 360,853 to 360,142

2021-12-01 15:32:57 - [MESSAGE][PASSED] - Delayed 3 second(s)

2021-12-01 15:32:57 - [MESSAGE][PASSED] - startApp.OpenApp.terminateApplication is PASSED

2021-12-01 15:32:57 - [MESSAGE][PASSED] - Call Test Case 'Test Cases/Mobile/Page/Run App/Terminate App' successfully]]></system-out>
         <system-err><![CDATA[]]></system-err>
      </testcase>
      <testcase name="Test Cases/Mobile/Scenario/News/002 - News Stock" time="59.037" classname="Test Cases/Mobile/Scenario/News/002 - News Stock" status="PASSED">
         <system-out><![CDATA[2021-12-01 15:32:57 - [TEST_CASE][PASSED] - Test Cases/Mobile/Scenario/News/002 - News Stock: Test Cases/Mobile/Scenario/News/002 - News Stock

2021-12-01 15:32:57 - [TEST_STEP][PASSED] - callTestCase(findTestCase("Mobile/Page/Run App/Run App byID"), [:], STOP_ON_FAILURE): Call Test Case 'Test Cases/Mobile/Page/Run App/Run App byID' successfully

2021-12-01 15:32:57 - [TEST_CASE][PASSED] - Test Cases/Mobile/Page/Run App/Run App byID: Test Cases/Mobile/Page/Run App/Run App byID

2021-12-01 15:32:57 - [TEST_STEP][PASSED] - startApp.OpenApp.startApplication("id.co.miraeasset.sageclub"): startApp.OpenApp.startApplication is PASSED

2021-12-01 15:33:09 - [MESSAGE][PASSED] - Starting app with application ID: 'id.co.miraeasset.sageclub'

2021-12-01 15:33:09 - [MESSAGE][PASSED] - startApp.OpenApp.startApplication is PASSED

2021-12-01 15:33:09 - [MESSAGE][PASSED] - Call Test Case 'Test Cases/Mobile/Page/Run App/Run App byID' successfully

2021-12-01 15:33:09 - [TEST_STEP][PASSED] - callTestCase(findTestCase("Mobile/Page/News/News"), ["tab":"stocknews"], CONTINUE_ON_FAILURE): Call Test Case 'Test Cases/Mobile/Page/News/News' successfully

2021-12-01 15:33:09 - [TEST_CASE][PASSED] - Test Cases/Mobile/Page/News/News: Test Cases/Mobile/Page/News/News

2021-12-01 15:33:09 - [TEST_STEP][PASSED] - loginCheck = verifyElementExist(findTestObject("Object Repository/Mobile/Page/Login/Button - Login"), 2, CONTINUE_ON_FAILURE): Element 'Object Repository/Mobile/Page/Login/Button - Login' is exist

2021-12-01 15:33:11 - [MESSAGE][PASSED] - Element 'Object Repository/Mobile/Page/Login/Button - Login' is exist

2021-12-01 15:33:11 - [TEST_STEP][PASSED] - if (loginCheck): Call Test Case 'Test Cases/Mobile/Page/Login/Login' successfully

2021-12-01 15:33:11 - [TEST_STEP][PASSED] - callTestCase(findTestCase("Mobile/Page/Login/Login"), [:], CONTINUE_ON_FAILURE): Call Test Case 'Test Cases/Mobile/Page/Login/Login' successfully

2021-12-01 15:33:11 - [TEST_CASE][PASSED] - Test Cases/Mobile/Page/Login/Login: Test Cases/Mobile/Page/Login/Login

2021-12-01 15:33:11 - [TEST_STEP][PASSED] - delay(2): Delayed 2 second(s)

2021-12-01 15:33:13 - [MESSAGE][PASSED] - Delayed 2 second(s)

2021-12-01 15:33:13 - [TEST_STEP][PASSED] - tap(findTestObject("Object Repository/Mobile/Page/Login/Input - UserID"), 0): Tapped on element 'Object Repository/Mobile/Page/Login/Input - UserID'

2021-12-01 15:33:14 - [MESSAGE][WARNING] - Timeout '0' is invalid. Using default page load timeout: '60'

2021-12-01 15:33:14 - [MESSAGE][PASSED] - Tapped on element 'Object Repository/Mobile/Page/Login/Input - UserID'

2021-12-01 15:33:14 - [TEST_STEP][PASSED] - delay(1): Delayed 1 second(s)

2021-12-01 15:33:15 - [MESSAGE][PASSED] - Delayed 1 second(s)

2021-12-01 15:33:15 - [TEST_STEP][PASSED] - setText(findTestObject("Object Repository/Mobile/Page/Login/Input Rdy - UserID"), "anggaaditya", 0): Text 'anggaaditya' has been set to element 'Object Repository/Mobile/Page/Login/Input Rdy - UserID'

2021-12-01 15:33:15 - [MESSAGE][WARNING] - Timeout '0' is invalid. Using default page load timeout: '60'

2021-12-01 15:33:16 - [MESSAGE][PASSED] - Text 'anggaaditya' has been set to element 'Object Repository/Mobile/Page/Login/Input Rdy - UserID'

2021-12-01 15:33:16 - [TEST_STEP][PASSED] - delay(1): Delayed 1 second(s)

2021-12-01 15:33:17 - [MESSAGE][PASSED] - Delayed 1 second(s)

2021-12-01 15:33:17 - [TEST_STEP][PASSED] - hideKeyboard(): Keyboard is hidden

2021-12-01 15:33:20 - [MESSAGE][PASSED] - Keyboard is hidden

2021-12-01 15:33:20 - [TEST_STEP][PASSED] - tap(findTestObject("Object Repository/Mobile/Page/Login/Input - Password"), 0): Tapped on element 'Object Repository/Mobile/Page/Login/Input - Password'

2021-12-01 15:33:20 - [MESSAGE][WARNING] - Timeout '0' is invalid. Using default page load timeout: '60'

2021-12-01 15:33:21 - [MESSAGE][PASSED] - Tapped on element 'Object Repository/Mobile/Page/Login/Input - Password'

2021-12-01 15:33:21 - [TEST_STEP][PASSED] - delay(1): Delayed 1 second(s)

2021-12-01 15:33:22 - [MESSAGE][PASSED] - Delayed 1 second(s)

2021-12-01 15:33:22 - [TEST_STEP][PASSED] - setText(findTestObject("Object Repository/Mobile/Page/Login/Input Rdy - Password"), "Shalawa18", 0): Text 'Shalawa18' has been set to element 'Object Repository/Mobile/Page/Login/Input Rdy - Password'

2021-12-01 15:33:22 - [MESSAGE][WARNING] - Timeout '0' is invalid. Using default page load timeout: '60'

2021-12-01 15:33:23 - [MESSAGE][PASSED] - Text 'Shalawa18' has been set to element 'Object Repository/Mobile/Page/Login/Input Rdy - Password'

2021-12-01 15:33:23 - [TEST_STEP][PASSED] - delay(1): Delayed 1 second(s)

2021-12-01 15:33:24 - [MESSAGE][PASSED] - Delayed 1 second(s)

2021-12-01 15:33:24 - [TEST_STEP][PASSED] - hideKeyboard(): Keyboard is hidden

2021-12-01 15:33:30 - [MESSAGE][PASSED] - Keyboard is hidden

2021-12-01 15:33:30 - [TEST_STEP][PASSED] - tap(findTestObject("Object Repository/Mobile/Page/Login/Button - Login"), 0): Tapped on element 'Object Repository/Mobile/Page/Login/Button - Login'

2021-12-01 15:33:30 - [MESSAGE][WARNING] - Timeout '0' is invalid. Using default page load timeout: '60'

2021-12-01 15:33:30 - [MESSAGE][PASSED] - Tapped on element 'Object Repository/Mobile/Page/Login/Button - Login'

2021-12-01 15:33:30 - [TEST_STEP][PASSED] - delay(2): Delayed 2 second(s)

2021-12-01 15:33:32 - [MESSAGE][PASSED] - Delayed 2 second(s)

2021-12-01 15:33:32 - [MESSAGE][PASSED] - Call Test Case 'Test Cases/Mobile/Page/Login/Login' successfully

2021-12-01 15:33:32 - [TEST_STEP][PASSED] - tap(findTestObject("Object Repository/Mobile/Page/Home/Menubar - News"), 0): Tapped on element 'Object Repository/Mobile/Page/Home/Menubar - News'

2021-12-01 15:33:32 - [MESSAGE][WARNING] - Timeout '0' is invalid. Using default page load timeout: '60'

2021-12-01 15:33:33 - [MESSAGE][PASSED] - Tapped on element 'Object Repository/Mobile/Page/Home/Menubar - News'

2021-12-01 15:33:33 - [TEST_STEP][PASSED] - delay(1): Delayed 1 second(s)

2021-12-01 15:33:34 - [MESSAGE][PASSED] - Delayed 1 second(s)

2021-12-01 15:33:34 - [TEST_STEP][PASSED] - for ([i = 0, i < 1, (i++)]): Delayed 3 second(s)

2021-12-01 15:33:34 - [TEST_STEP][PASSED] - if (tab == "macronews"): null

2021-12-01 15:33:34 - [TEST_STEP][PASSED] - else if (tab == "stocknews"): Tapped on element 'Object Repository/Mobile/Page/News/Tab - Stock News'

2021-12-01 15:33:34 - [TEST_STEP][PASSED] - tap(findTestObject("Object Repository/Mobile/Page/News/Tab - Stock News"), 0): Tapped on element 'Object Repository/Mobile/Page/News/Tab - Stock News'

2021-12-01 15:33:34 - [MESSAGE][WARNING] - Timeout '0' is invalid. Using default page load timeout: '60'

2021-12-01 15:33:36 - [MESSAGE][PASSED] - Tapped on element 'Object Repository/Mobile/Page/News/Tab - Stock News'

2021-12-01 15:33:36 - [TEST_STEP][PASSED] - delay(1): Delayed 1 second(s)

2021-12-01 15:33:37 - [MESSAGE][PASSED] - Delayed 1 second(s)

2021-12-01 15:33:37 - [TEST_STEP][PASSED] - if (tab != "worldindices"): Delayed 3 second(s)

2021-12-01 15:33:37 - [TEST_STEP][PASSED] - try: Delayed 3 second(s)

2021-12-01 15:33:37 - [TEST_STEP][PASSED] - topnews = verifyElementExist(findTestObject("Object Repository/Mobile/Page/News/Item - Top News"), 0): Element 'Object Repository/Mobile/Page/News/Item - Top News' is exist

2021-12-01 15:33:37 - [MESSAGE][WARNING] - Timeout '0' is invalid. Using default page load timeout: '60'

2021-12-01 15:33:37 - [MESSAGE][PASSED] - Element 'Object Repository/Mobile/Page/News/Item - Top News' is exist

2021-12-01 15:33:37 - [TEST_STEP][PASSED] - if (topnews): Delayed 3 second(s)

2021-12-01 15:33:37 - [TEST_STEP][PASSED] - tapAndHold(findTestObject("Object Repository/Mobile/Page/News/Item - Top News"), 1, 0): Tapped and held on element 'Object Repository/Mobile/Page/News/Item - Top News' with duration 1

2021-12-01 15:33:37 - [MESSAGE][WARNING] - Timeout '0' is invalid. Using default page load timeout: '60'

2021-12-01 15:33:40 - [MESSAGE][PASSED] - Tapped and held on element 'Object Repository/Mobile/Page/News/Item - Top News' with duration 1

2021-12-01 15:33:40 - [TEST_STEP][PASSED] - delay(1): Delayed 1 second(s)

2021-12-01 15:33:41 - [MESSAGE][PASSED] - Delayed 1 second(s)

2021-12-01 15:33:41 - [TEST_STEP][PASSED] - scroll.scroll.scrollScreenBottomToTop(): scroll.scroll.scrollScreenBottomToTop is PASSED

2021-12-01 15:33:41 - [MESSAGE][PASSED] - Current device physical height is 1423

2021-12-01 15:33:41 - [MESSAGE][PASSED] - Current device physical width is 720

2021-12-01 15:33:43 - [MESSAGE][PASSED] - Swiped from 360,1,138 to 360,284

2021-12-01 15:33:43 - [MESSAGE][PASSED] - scroll.scroll.scrollScreenBottomToTop is PASSED

2021-12-01 15:33:43 - [TEST_STEP][PASSED] - delay(3): Delayed 3 second(s)

2021-12-01 15:33:46 - [MESSAGE][PASSED] - Delayed 3 second(s)

2021-12-01 15:33:46 - [MESSAGE][PASSED] - Call Test Case 'Test Cases/Mobile/Page/News/News' successfully

2021-12-01 15:33:46 - [TEST_STEP][PASSED] - callTestCase(findTestCase("Mobile/Page/Run App/Terminate App"), [:], STOP_ON_FAILURE): Call Test Case 'Test Cases/Mobile/Page/Run App/Terminate App' successfully

2021-12-01 15:33:46 - [TEST_CASE][PASSED] - Test Cases/Mobile/Page/Run App/Terminate App: Test Cases/Mobile/Page/Run App/Terminate App

2021-12-01 15:33:46 - [TEST_STEP][PASSED] - startApp.OpenApp.terminateApplication(): startApp.OpenApp.terminateApplication is PASSED

2021-12-01 15:33:49 - [MESSAGE][PASSED] - Delayed 3 second(s)

2021-12-01 15:33:49 - [MESSAGE][PASSED] - Current device physical width is 720

2021-12-01 15:33:49 - [MESSAGE][PASSED] - Current device physical height is 1423

2021-12-01 15:33:51 - [MESSAGE][PASSED] - Swiped from 360,853 to 360,142

2021-12-01 15:33:52 - [MESSAGE][PASSED] - Delayed 1 second(s)

2021-12-01 15:33:53 - [MESSAGE][PASSED] - Swiped from 360,853 to 360,142

2021-12-01 15:33:56 - [MESSAGE][PASSED] - Delayed 3 second(s)

2021-12-01 15:33:56 - [MESSAGE][PASSED] - startApp.OpenApp.terminateApplication is PASSED

2021-12-01 15:33:56 - [MESSAGE][PASSED] - Call Test Case 'Test Cases/Mobile/Page/Run App/Terminate App' successfully]]></system-out>
         <system-err><![CDATA[]]></system-err>
      </testcase>
      <testcase name="Test Cases/Mobile/Scenario/News/003 - News Fund" time="115.189" classname="Test Cases/Mobile/Scenario/News/003 - News Fund" status="PASSED">
         <system-out><![CDATA[2021-12-01 15:33:56 - [TEST_CASE][PASSED] - Test Cases/Mobile/Scenario/News/003 - News Fund: Test Cases/Mobile/Scenario/News/003 - News Fund

2021-12-01 15:33:56 - [TEST_STEP][PASSED] - callTestCase(findTestCase("Mobile/Page/Run App/Run App byID"), [:], STOP_ON_FAILURE): Call Test Case 'Test Cases/Mobile/Page/Run App/Run App byID' successfully

2021-12-01 15:33:56 - [TEST_CASE][PASSED] - Test Cases/Mobile/Page/Run App/Run App byID: Test Cases/Mobile/Page/Run App/Run App byID

2021-12-01 15:33:56 - [TEST_STEP][PASSED] - startApp.OpenApp.startApplication("id.co.miraeasset.sageclub"): startApp.OpenApp.startApplication is PASSED

2021-12-01 15:34:09 - [MESSAGE][PASSED] - Starting app with application ID: 'id.co.miraeasset.sageclub'

2021-12-01 15:34:09 - [MESSAGE][PASSED] - startApp.OpenApp.startApplication is PASSED

2021-12-01 15:34:09 - [MESSAGE][PASSED] - Call Test Case 'Test Cases/Mobile/Page/Run App/Run App byID' successfully

2021-12-01 15:34:09 - [TEST_STEP][PASSED] - callTestCase(findTestCase("Mobile/Page/News/News"), ["tab":"fundnews"], CONTINUE_ON_FAILURE): Call Test Case 'Test Cases/Mobile/Page/News/News' successfully

2021-12-01 15:34:09 - [TEST_CASE][PASSED] - Test Cases/Mobile/Page/News/News: Test Cases/Mobile/Page/News/News

2021-12-01 15:34:09 - [TEST_STEP][PASSED] - loginCheck = verifyElementExist(findTestObject("Object Repository/Mobile/Page/Login/Button - Login"), 2, CONTINUE_ON_FAILURE): Element 'Object Repository/Mobile/Page/Login/Button - Login' is exist

2021-12-01 15:34:12 - [MESSAGE][PASSED] - Element 'Object Repository/Mobile/Page/Login/Button - Login' is exist

2021-12-01 15:34:12 - [TEST_STEP][PASSED] - if (loginCheck): Call Test Case 'Test Cases/Mobile/Page/Login/Login' successfully

2021-12-01 15:34:12 - [TEST_STEP][PASSED] - callTestCase(findTestCase("Mobile/Page/Login/Login"), [:], CONTINUE_ON_FAILURE): Call Test Case 'Test Cases/Mobile/Page/Login/Login' successfully

2021-12-01 15:34:12 - [TEST_CASE][PASSED] - Test Cases/Mobile/Page/Login/Login: Test Cases/Mobile/Page/Login/Login

2021-12-01 15:34:12 - [TEST_STEP][PASSED] - delay(2): Delayed 2 second(s)

2021-12-01 15:34:14 - [MESSAGE][PASSED] - Delayed 2 second(s)

2021-12-01 15:34:14 - [TEST_STEP][PASSED] - tap(findTestObject("Object Repository/Mobile/Page/Login/Input - UserID"), 0): Tapped on element 'Object Repository/Mobile/Page/Login/Input - UserID'

2021-12-01 15:34:14 - [MESSAGE][WARNING] - Timeout '0' is invalid. Using default page load timeout: '60'

2021-12-01 15:34:14 - [MESSAGE][PASSED] - Tapped on element 'Object Repository/Mobile/Page/Login/Input - UserID'

2021-12-01 15:34:14 - [TEST_STEP][PASSED] - delay(1): Delayed 1 second(s)

2021-12-01 15:34:15 - [MESSAGE][PASSED] - Delayed 1 second(s)

2021-12-01 15:34:15 - [TEST_STEP][PASSED] - setText(findTestObject("Object Repository/Mobile/Page/Login/Input Rdy - UserID"), "anggaaditya", 0): Text 'anggaaditya' has been set to element 'Object Repository/Mobile/Page/Login/Input Rdy - UserID'

2021-12-01 15:34:15 - [MESSAGE][WARNING] - Timeout '0' is invalid. Using default page load timeout: '60'

2021-12-01 15:34:16 - [MESSAGE][PASSED] - Text 'anggaaditya' has been set to element 'Object Repository/Mobile/Page/Login/Input Rdy - UserID'

2021-12-01 15:34:16 - [TEST_STEP][PASSED] - delay(1): Delayed 1 second(s)

2021-12-01 15:34:17 - [MESSAGE][PASSED] - Delayed 1 second(s)

2021-12-01 15:34:17 - [TEST_STEP][PASSED] - hideKeyboard(): Keyboard is hidden

2021-12-01 15:34:21 - [MESSAGE][PASSED] - Keyboard is hidden

2021-12-01 15:34:21 - [TEST_STEP][PASSED] - tap(findTestObject("Object Repository/Mobile/Page/Login/Input - Password"), 0): Tapped on element 'Object Repository/Mobile/Page/Login/Input - Password'

2021-12-01 15:34:21 - [MESSAGE][WARNING] - Timeout '0' is invalid. Using default page load timeout: '60'

2021-12-01 15:34:21 - [MESSAGE][PASSED] - Tapped on element 'Object Repository/Mobile/Page/Login/Input - Password'

2021-12-01 15:34:21 - [TEST_STEP][PASSED] - delay(1): Delayed 1 second(s)

2021-12-01 15:34:22 - [MESSAGE][PASSED] - Delayed 1 second(s)

2021-12-01 15:34:22 - [TEST_STEP][PASSED] - setText(findTestObject("Object Repository/Mobile/Page/Login/Input Rdy - Password"), "Shalawa18", 0): Text 'Shalawa18' has been set to element 'Object Repository/Mobile/Page/Login/Input Rdy - Password'

2021-12-01 15:34:23 - [MESSAGE][WARNING] - Timeout '0' is invalid. Using default page load timeout: '60'

2021-12-01 15:34:23 - [MESSAGE][PASSED] - Text 'Shalawa18' has been set to element 'Object Repository/Mobile/Page/Login/Input Rdy - Password'

2021-12-01 15:34:23 - [TEST_STEP][PASSED] - delay(1): Delayed 1 second(s)

2021-12-01 15:34:24 - [MESSAGE][PASSED] - Delayed 1 second(s)

2021-12-01 15:34:24 - [TEST_STEP][PASSED] - hideKeyboard(): Keyboard is hidden

2021-12-01 15:34:32 - [MESSAGE][PASSED] - Keyboard is hidden

2021-12-01 15:34:32 - [TEST_STEP][PASSED] - tap(findTestObject("Object Repository/Mobile/Page/Login/Button - Login"), 0): Tapped on element 'Object Repository/Mobile/Page/Login/Button - Login'

2021-12-01 15:34:32 - [MESSAGE][WARNING] - Timeout '0' is invalid. Using default page load timeout: '60'

2021-12-01 15:34:32 - [MESSAGE][PASSED] - Tapped on element 'Object Repository/Mobile/Page/Login/Button - Login'

2021-12-01 15:34:32 - [TEST_STEP][PASSED] - delay(2): Delayed 2 second(s)

2021-12-01 15:34:34 - [MESSAGE][PASSED] - Delayed 2 second(s)

2021-12-01 15:34:34 - [MESSAGE][PASSED] - Call Test Case 'Test Cases/Mobile/Page/Login/Login' successfully

2021-12-01 15:34:34 - [TEST_STEP][PASSED] - tap(findTestObject("Object Repository/Mobile/Page/Home/Menubar - News"), 0): Tapped on element 'Object Repository/Mobile/Page/Home/Menubar - News'

2021-12-01 15:34:34 - [MESSAGE][WARNING] - Timeout '0' is invalid. Using default page load timeout: '60'

2021-12-01 15:34:36 - [MESSAGE][PASSED] - Tapped on element 'Object Repository/Mobile/Page/Home/Menubar - News'

2021-12-01 15:34:36 - [TEST_STEP][PASSED] - delay(1): Delayed 1 second(s)

2021-12-01 15:34:37 - [MESSAGE][PASSED] - Delayed 1 second(s)

2021-12-01 15:34:37 - [TEST_STEP][FAILED] - for ([i = 0, i < 1, (i++)]): null

2021-12-01 15:34:37 - [TEST_STEP][PASSED] - if (tab == "macronews"): null

2021-12-01 15:34:37 - [TEST_STEP][PASSED] - else if (tab == "stocknews"): null

2021-12-01 15:34:37 - [TEST_STEP][PASSED] - else if (tab == "fundnews"): Tapped on element 'Object Repository/Mobile/Page/News/Tab - Fund News'

2021-12-01 15:34:37 - [TEST_STEP][PASSED] - tap(findTestObject("Object Repository/Mobile/Page/News/Tab - Fund News"), 0): Tapped on element 'Object Repository/Mobile/Page/News/Tab - Fund News'

2021-12-01 15:34:37 - [MESSAGE][WARNING] - Timeout '0' is invalid. Using default page load timeout: '60'

2021-12-01 15:34:38 - [MESSAGE][PASSED] - Tapped on element 'Object Repository/Mobile/Page/News/Tab - Fund News'

2021-12-01 15:34:38 - [TEST_STEP][PASSED] - delay(1): Delayed 1 second(s)

2021-12-01 15:34:39 - [MESSAGE][PASSED] - Delayed 1 second(s)

2021-12-01 15:34:39 - [TEST_STEP][FAILED] - if (tab != "worldindices"): null

2021-12-01 15:34:39 - [TEST_STEP][FAILED] - try: Failed to check for element 'Object Repository/Mobile/Page/News/Item - Top News' exist (Root cause: com.kms.katalon.core.exception.StepFailedException: Element 'Object Repository/Mobile/Page/News/Item - Top News' not found
	at com.kms.katalon.core.keyword.internal.KeywordMain.stepFailed(KeywordMain.groovy:50)
	at com.kms.katalon.core.mobile.keyword.internal.MobileKeywordMain.stepFailed(MobileKeywordMain.groovy:40)
	at com.kms.katalon.core.mobile.keyword.builtin.VerifyElementExistKeyword$_verifyElementExist_closure1.doCall(VerifyElementExistKeyword.groovy:77)
	at com.kms.katalon.core.mobile.keyword.builtin.VerifyElementExistKeyword$_verifyElementExist_closure1.call(VerifyElementExistKeyword.groovy)
	at com.kms.katalon.core.mobile.keyword.internal.MobileKeywordMain.runKeyword(MobileKeywordMain.groovy:21)
	at com.kms.katalon.core.mobile.keyword.builtin.VerifyElementExistKeyword.verifyElementExist(VerifyElementExistKeyword.groovy:80)
	at com.kms.katalon.core.mobile.keyword.builtin.VerifyElementExistKeyword.execute(VerifyElementExistKeyword.groovy:64)
	at com.kms.katalon.core.keyword.internal.KeywordExecutor.executeKeywordForPlatform(KeywordExecutor.groovy:73)
	at com.kms.katalon.core.mobile.keyword.MobileBuiltInKeywords.verifyElementExist(MobileBuiltInKeywords.groovy:1586)
	at com.kms.katalon.core.mobile.keyword.MobileBuiltInKeywords$verifyElementExist$11.call(Unknown Source)
	at News.run(News:59)
	at com.kms.katalon.core.main.ScriptEngine.run(ScriptEngine.java:194)
	at com.kms.katalon.core.main.ScriptEngine.runScriptAsRawText(ScriptEngine.java:119)
	at com.kms.katalon.core.main.TestCaseExecutor.runScript(TestCaseExecutor.java:398)
	at com.kms.katalon.core.main.TestCaseExecutor.doExecute(TestCaseExecutor.java:389)
	at com.kms.katalon.core.main.TestCaseExecutor.processExecutionPhase(TestCaseExecutor.java:368)
	at com.kms.katalon.core.main.TestCaseExecutor.accessMainPhase(TestCaseExecutor.java:360)
	at com.kms.katalon.core.main.TestCaseExecutor.execute(TestCaseExecutor.java:255)
	at com.kms.katalon.core.main.TestCaseMain.runTestCase(TestCaseMain.java:114)
	at com.kms.katalon.core.keyword.builtin.CallTestCaseKeyword$_callTestCase_closure1.doCall(CallTestCaseKeyword.groovy:59)
	at com.kms.katalon.core.keyword.builtin.CallTestCaseKeyword$_callTestCase_closure1.call(CallTestCaseKeyword.groovy)
	at com.kms.katalon.core.keyword.internal.KeywordMain.runKeyword(KeywordMain.groovy:68)
	at com.kms.katalon.core.keyword.builtin.CallTestCaseKeyword.callTestCase(CallTestCaseKeyword.groovy:81)
	at com.kms.katalon.core.keyword.builtin.CallTestCaseKeyword.execute(CallTestCaseKeyword.groovy:44)
	at com.kms.katalon.core.keyword.internal.KeywordExecutor.executeKeywordForPlatform(KeywordExecutor.groovy:73)
	at com.kms.katalon.core.keyword.BuiltinKeywords.callTestCase(BuiltinKeywords.groovy:334)
	at 003 - News Fund.run(003 - News Fund:22)
	at com.kms.katalon.core.main.ScriptEngine.run(ScriptEngine.java:194)
	at com.kms.katalon.core.main.ScriptEngine.runScriptAsRawText(ScriptEngine.java:119)
	at com.kms.katalon.core.main.TestCaseExecutor.runScript(TestCaseExecutor.java:398)
	at com.kms.katalon.core.main.TestCaseExecutor.doExecute(TestCaseExecutor.java:389)
	at com.kms.katalon.core.main.TestCaseExecutor.processExecutionPhase(TestCaseExecutor.java:368)
	at com.kms.katalon.core.main.TestCaseExecutor.accessMainPhase(TestCaseExecutor.java:360)
	at com.kms.katalon.core.main.TestCaseExecutor.execute(TestCaseExecutor.java:255)
	at com.kms.katalon.core.main.TestSuiteExecutor.accessTestCaseMainPhase(TestSuiteExecutor.java:203)
	at com.kms.katalon.core.main.TestSuiteExecutor.accessTestSuiteMainPhase(TestSuiteExecutor.java:152)
	at com.kms.katalon.core.main.TestSuiteExecutor.execute(TestSuiteExecutor.java:95)
	at com.kms.katalon.core.main.TestCaseMain.startTestSuite(TestCaseMain.java:157)
	at com.kms.katalon.core.main.TestCaseMain$startTestSuite$0.call(Unknown Source)
	at TempTestSuite1638347492878.run(TempTestSuite1638347492878.groovy:39)
)

2021-12-01 15:34:39 - [TEST_STEP][FAILED] - topnews = verifyElementExist(findTestObject("Object Repository/Mobile/Page/News/Item - Top News"), 0): Failed to check for element 'Object Repository/Mobile/Page/News/Item - Top News' exist (Root cause: com.kms.katalon.core.exception.StepFailedException: Element 'Object Repository/Mobile/Page/News/Item - Top News' not found
	at com.kms.katalon.core.keyword.internal.KeywordMain.stepFailed(KeywordMain.groovy:50)
	at com.kms.katalon.core.mobile.keyword.internal.MobileKeywordMain.stepFailed(MobileKeywordMain.groovy:40)
	at com.kms.katalon.core.mobile.keyword.builtin.VerifyElementExistKeyword$_verifyElementExist_closure1.doCall(VerifyElementExistKeyword.groovy:77)
	at com.kms.katalon.core.mobile.keyword.builtin.VerifyElementExistKeyword$_verifyElementExist_closure1.call(VerifyElementExistKeyword.groovy)
	at com.kms.katalon.core.mobile.keyword.internal.MobileKeywordMain.runKeyword(MobileKeywordMain.groovy:21)
	at com.kms.katalon.core.mobile.keyword.builtin.VerifyElementExistKeyword.verifyElementExist(VerifyElementExistKeyword.groovy:80)
	at com.kms.katalon.core.mobile.keyword.builtin.VerifyElementExistKeyword.execute(VerifyElementExistKeyword.groovy:64)
	at com.kms.katalon.core.keyword.internal.KeywordExecutor.executeKeywordForPlatform(KeywordExecutor.groovy:73)
	at com.kms.katalon.core.mobile.keyword.MobileBuiltInKeywords.verifyElementExist(MobileBuiltInKeywords.groovy:1586)
	at com.kms.katalon.core.mobile.keyword.MobileBuiltInKeywords$verifyElementExist$11.call(Unknown Source)
	at News.run(News:59)
	at com.kms.katalon.core.main.ScriptEngine.run(ScriptEngine.java:194)
	at com.kms.katalon.core.main.ScriptEngine.runScriptAsRawText(ScriptEngine.java:119)
	at com.kms.katalon.core.main.TestCaseExecutor.runScript(TestCaseExecutor.java:398)
	at com.kms.katalon.core.main.TestCaseExecutor.doExecute(TestCaseExecutor.java:389)
	at com.kms.katalon.core.main.TestCaseExecutor.processExecutionPhase(TestCaseExecutor.java:368)
	at com.kms.katalon.core.main.TestCaseExecutor.accessMainPhase(TestCaseExecutor.java:360)
	at com.kms.katalon.core.main.TestCaseExecutor.execute(TestCaseExecutor.java:255)
	at com.kms.katalon.core.main.TestCaseMain.runTestCase(TestCaseMain.java:114)
	at com.kms.katalon.core.keyword.builtin.CallTestCaseKeyword$_callTestCase_closure1.doCall(CallTestCaseKeyword.groovy:59)
	at com.kms.katalon.core.keyword.builtin.CallTestCaseKeyword$_callTestCase_closure1.call(CallTestCaseKeyword.groovy)
	at com.kms.katalon.core.keyword.internal.KeywordMain.runKeyword(KeywordMain.groovy:68)
	at com.kms.katalon.core.keyword.builtin.CallTestCaseKeyword.callTestCase(CallTestCaseKeyword.groovy:81)
	at com.kms.katalon.core.keyword.builtin.CallTestCaseKeyword.execute(CallTestCaseKeyword.groovy:44)
	at com.kms.katalon.core.keyword.internal.KeywordExecutor.executeKeywordForPlatform(KeywordExecutor.groovy:73)
	at com.kms.katalon.core.keyword.BuiltinKeywords.callTestCase(BuiltinKeywords.groovy:334)
	at 003 - News Fund.run(003 - News Fund:22)
	at com.kms.katalon.core.main.ScriptEngine.run(ScriptEngine.java:194)
	at com.kms.katalon.core.main.ScriptEngine.runScriptAsRawText(ScriptEngine.java:119)
	at com.kms.katalon.core.main.TestCaseExecutor.runScript(TestCaseExecutor.java:398)
	at com.kms.katalon.core.main.TestCaseExecutor.doExecute(TestCaseExecutor.java:389)
	at com.kms.katalon.core.main.TestCaseExecutor.processExecutionPhase(TestCaseExecutor.java:368)
	at com.kms.katalon.core.main.TestCaseExecutor.accessMainPhase(TestCaseExecutor.java:360)
	at com.kms.katalon.core.main.TestCaseExecutor.execute(TestCaseExecutor.java:255)
	at com.kms.katalon.core.main.TestSuiteExecutor.accessTestCaseMainPhase(TestSuiteExecutor.java:203)
	at com.kms.katalon.core.main.TestSuiteExecutor.accessTestSuiteMainPhase(TestSuiteExecutor.java:152)
	at com.kms.katalon.core.main.TestSuiteExecutor.execute(TestSuiteExecutor.java:95)
	at com.kms.katalon.core.main.TestCaseMain.startTestSuite(TestCaseMain.java:157)
	at com.kms.katalon.core.main.TestCaseMain$startTestSuite$0.call(Unknown Source)
	at TempTestSuite1638347492878.run(TempTestSuite1638347492878.groovy:39)
)

2021-12-01 15:34:39 - [MESSAGE][WARNING] - Timeout '0' is invalid. Using default page load timeout: '60'

2021-12-01 15:35:40 - [MESSAGE][FAILED] - Element 'Object Repository/Mobile/Page/News/Item - Top News' not found
[[ATTACHMENT|C:\\Users\\Owner\\Documents\\kerjaan\\KatalonProject\\qa-katalon-maxfund2\\Reports\\20211201_153132\\news\\20211201_153132\\1638347739600.png]]

2021-12-01 15:35:41 - [MESSAGE][FAILED] - Failed to check for element 'Object Repository/Mobile/Page/News/Item - Top News' exist (Root cause: com.kms.katalon.core.exception.StepFailedException: Element 'Object Repository/Mobile/Page/News/Item - Top News' not found
	at com.kms.katalon.core.keyword.internal.KeywordMain.stepFailed(KeywordMain.groovy:50)
	at com.kms.katalon.core.mobile.keyword.internal.MobileKeywordMain.stepFailed(MobileKeywordMain.groovy:40)
	at com.kms.katalon.core.mobile.keyword.builtin.VerifyElementExistKeyword$_verifyElementExist_closure1.doCall(VerifyElementExistKeyword.groovy:77)
	at com.kms.katalon.core.mobile.keyword.builtin.VerifyElementExistKeyword$_verifyElementExist_closure1.call(VerifyElementExistKeyword.groovy)
	at com.kms.katalon.core.mobile.keyword.internal.MobileKeywordMain.runKeyword(MobileKeywordMain.groovy:21)
	at com.kms.katalon.core.mobile.keyword.builtin.VerifyElementExistKeyword.verifyElementExist(VerifyElementExistKeyword.groovy:80)
	at com.kms.katalon.core.mobile.keyword.builtin.VerifyElementExistKeyword.execute(VerifyElementExistKeyword.groovy:64)
	at com.kms.katalon.core.keyword.internal.KeywordExecutor.executeKeywordForPlatform(KeywordExecutor.groovy:73)
	at com.kms.katalon.core.mobile.keyword.MobileBuiltInKeywords.verifyElementExist(MobileBuiltInKeywords.groovy:1586)
	at com.kms.katalon.core.mobile.keyword.MobileBuiltInKeywords$verifyElementExist$11.call(Unknown Source)
	at News.run(News:59)
	at com.kms.katalon.core.main.ScriptEngine.run(ScriptEngine.java:194)
	at com.kms.katalon.core.main.ScriptEngine.runScriptAsRawText(ScriptEngine.java:119)
	at com.kms.katalon.core.main.TestCaseExecutor.runScript(TestCaseExecutor.java:398)
	at com.kms.katalon.core.main.TestCaseExecutor.doExecute(TestCaseExecutor.java:389)
	at com.kms.katalon.core.main.TestCaseExecutor.processExecutionPhase(TestCaseExecutor.java:368)
	at com.kms.katalon.core.main.TestCaseExecutor.accessMainPhase(TestCaseExecutor.java:360)
	at com.kms.katalon.core.main.TestCaseExecutor.execute(TestCaseExecutor.java:255)
	at com.kms.katalon.core.main.TestCaseMain.runTestCase(TestCaseMain.java:114)
	at com.kms.katalon.core.keyword.builtin.CallTestCaseKeyword$_callTestCase_closure1.doCall(CallTestCaseKeyword.groovy:59)
	at com.kms.katalon.core.keyword.builtin.CallTestCaseKeyword$_callTestCase_closure1.call(CallTestCaseKeyword.groovy)
	at com.kms.katalon.core.keyword.internal.KeywordMain.runKeyword(KeywordMain.groovy:68)
	at com.kms.katalon.core.keyword.builtin.CallTestCaseKeyword.callTestCase(CallTestCaseKeyword.groovy:81)
	at com.kms.katalon.core.keyword.builtin.CallTestCaseKeyword.execute(CallTestCaseKeyword.groovy:44)
	at com.kms.katalon.core.keyword.internal.KeywordExecutor.executeKeywordForPlatform(KeywordExecutor.groovy:73)
	at com.kms.katalon.core.keyword.BuiltinKeywords.callTestCase(BuiltinKeywords.groovy:334)
	at 003 - News Fund.run(003 - News Fund:22)
	at com.kms.katalon.core.main.ScriptEngine.run(ScriptEngine.java:194)
	at com.kms.katalon.core.main.ScriptEngine.runScriptAsRawText(ScriptEngine.java:119)
	at com.kms.katalon.core.main.TestCaseExecutor.runScript(TestCaseExecutor.java:398)
	at com.kms.katalon.core.main.TestCaseExecutor.doExecute(TestCaseExecutor.java:389)
	at com.kms.katalon.core.main.TestCaseExecutor.processExecutionPhase(TestCaseExecutor.java:368)
	at com.kms.katalon.core.main.TestCaseExecutor.accessMainPhase(TestCaseExecutor.java:360)
	at com.kms.katalon.core.main.TestCaseExecutor.execute(TestCaseExecutor.java:255)
	at com.kms.katalon.core.main.TestSuiteExecutor.accessTestCaseMainPhase(TestSuiteExecutor.java:203)
	at com.kms.katalon.core.main.TestSuiteExecutor.accessTestSuiteMainPhase(TestSuiteExecutor.java:152)
	at com.kms.katalon.core.main.TestSuiteExecutor.execute(TestSuiteExecutor.java:95)
	at com.kms.katalon.core.main.TestCaseMain.startTestSuite(TestCaseMain.java:157)
	at com.kms.katalon.core.main.TestCaseMain$startTestSuite$0.call(Unknown Source)
	at TempTestSuite1638347492878.run(TempTestSuite1638347492878.groovy:39)
)
[[ATTACHMENT|C:\\Users\\Owner\\Documents\\kerjaan\\KatalonProject\\qa-katalon-maxfund2\\Reports\\20211201_153132\\news\\20211201_153132\\1638347740588.png]]

2021-12-01 15:35:41 - [TEST_STEP][PASSED] - catch (Exception e): null

2021-12-01 15:35:41 - [MESSAGE][PASSED] - Call Test Case 'Test Cases/Mobile/Page/News/News' successfully

2021-12-01 15:35:41 - [TEST_STEP][PASSED] - callTestCase(findTestCase("Mobile/Page/Run App/Terminate App"), [:], STOP_ON_FAILURE): Call Test Case 'Test Cases/Mobile/Page/Run App/Terminate App' successfully

2021-12-01 15:35:41 - [TEST_CASE][PASSED] - Test Cases/Mobile/Page/Run App/Terminate App: Test Cases/Mobile/Page/Run App/Terminate App

2021-12-01 15:35:41 - [TEST_STEP][PASSED] - startApp.OpenApp.terminateApplication(): startApp.OpenApp.terminateApplication is PASSED

2021-12-01 15:35:44 - [MESSAGE][PASSED] - Delayed 3 second(s)

2021-12-01 15:35:44 - [MESSAGE][PASSED] - Current device physical width is 720

2021-12-01 15:35:45 - [MESSAGE][PASSED] - Current device physical height is 1423

2021-12-01 15:35:46 - [MESSAGE][PASSED] - Swiped from 360,853 to 360,142

2021-12-01 15:35:47 - [MESSAGE][PASSED] - Delayed 1 second(s)

2021-12-01 15:35:48 - [MESSAGE][PASSED] - Swiped from 360,853 to 360,142

2021-12-01 15:35:51 - [MESSAGE][PASSED] - Delayed 3 second(s)

2021-12-01 15:35:51 - [MESSAGE][PASSED] - startApp.OpenApp.terminateApplication is PASSED

2021-12-01 15:35:51 - [MESSAGE][PASSED] - Call Test Case 'Test Cases/Mobile/Page/Run App/Terminate App' successfully]]></system-out>
         <system-err><![CDATA[]]></system-err>
      </testcase>
      <testcase name="Test Cases/Mobile/Scenario/News/004 - Bond News" time="67.044" classname="Test Cases/Mobile/Scenario/News/004 - Bond News" status="PASSED">
         <system-out><![CDATA[2021-12-01 15:35:51 - [TEST_CASE][PASSED] - Test Cases/Mobile/Scenario/News/004 - Bond News: Test Cases/Mobile/Scenario/News/004 - Bond News

2021-12-01 15:35:51 - [TEST_STEP][PASSED] - callTestCase(findTestCase("Mobile/Page/Run App/Run App byID"), [:], STOP_ON_FAILURE): Call Test Case 'Test Cases/Mobile/Page/Run App/Run App byID' successfully

2021-12-01 15:35:51 - [TEST_CASE][PASSED] - Test Cases/Mobile/Page/Run App/Run App byID: Test Cases/Mobile/Page/Run App/Run App byID

2021-12-01 15:35:51 - [TEST_STEP][PASSED] - startApp.OpenApp.startApplication("id.co.miraeasset.sageclub"): startApp.OpenApp.startApplication is PASSED

2021-12-01 15:36:05 - [MESSAGE][PASSED] - Starting app with application ID: 'id.co.miraeasset.sageclub'

2021-12-01 15:36:05 - [MESSAGE][PASSED] - startApp.OpenApp.startApplication is PASSED

2021-12-01 15:36:05 - [MESSAGE][PASSED] - Call Test Case 'Test Cases/Mobile/Page/Run App/Run App byID' successfully

2021-12-01 15:36:05 - [TEST_STEP][PASSED] - callTestCase(findTestCase("Mobile/Page/News/News"), ["tab":"bondnews"], CONTINUE_ON_FAILURE): Call Test Case 'Test Cases/Mobile/Page/News/News' successfully

2021-12-01 15:36:05 - [TEST_CASE][PASSED] - Test Cases/Mobile/Page/News/News: Test Cases/Mobile/Page/News/News

2021-12-01 15:36:05 - [TEST_STEP][PASSED] - loginCheck = verifyElementExist(findTestObject("Object Repository/Mobile/Page/Login/Button - Login"), 2, CONTINUE_ON_FAILURE): Element 'Object Repository/Mobile/Page/Login/Button - Login' is exist

2021-12-01 15:36:07 - [MESSAGE][PASSED] - Element 'Object Repository/Mobile/Page/Login/Button - Login' is exist

2021-12-01 15:36:07 - [TEST_STEP][PASSED] - if (loginCheck): Call Test Case 'Test Cases/Mobile/Page/Login/Login' successfully

2021-12-01 15:36:07 - [TEST_STEP][PASSED] - callTestCase(findTestCase("Mobile/Page/Login/Login"), [:], CONTINUE_ON_FAILURE): Call Test Case 'Test Cases/Mobile/Page/Login/Login' successfully

2021-12-01 15:36:07 - [TEST_CASE][PASSED] - Test Cases/Mobile/Page/Login/Login: Test Cases/Mobile/Page/Login/Login

2021-12-01 15:36:07 - [TEST_STEP][PASSED] - delay(2): Delayed 2 second(s)

2021-12-01 15:36:09 - [MESSAGE][PASSED] - Delayed 2 second(s)

2021-12-01 15:36:09 - [TEST_STEP][PASSED] - tap(findTestObject("Object Repository/Mobile/Page/Login/Input - UserID"), 0): Tapped on element 'Object Repository/Mobile/Page/Login/Input - UserID'

2021-12-01 15:36:09 - [MESSAGE][WARNING] - Timeout '0' is invalid. Using default page load timeout: '60'

2021-12-01 15:36:10 - [MESSAGE][PASSED] - Tapped on element 'Object Repository/Mobile/Page/Login/Input - UserID'

2021-12-01 15:36:10 - [TEST_STEP][PASSED] - delay(1): Delayed 1 second(s)

2021-12-01 15:36:11 - [MESSAGE][PASSED] - Delayed 1 second(s)

2021-12-01 15:36:11 - [TEST_STEP][PASSED] - setText(findTestObject("Object Repository/Mobile/Page/Login/Input Rdy - UserID"), "anggaaditya", 0): Text 'anggaaditya' has been set to element 'Object Repository/Mobile/Page/Login/Input Rdy - UserID'

2021-12-01 15:36:11 - [MESSAGE][WARNING] - Timeout '0' is invalid. Using default page load timeout: '60'

2021-12-01 15:36:11 - [MESSAGE][PASSED] - Text 'anggaaditya' has been set to element 'Object Repository/Mobile/Page/Login/Input Rdy - UserID'

2021-12-01 15:36:11 - [TEST_STEP][PASSED] - delay(1): Delayed 1 second(s)

2021-12-01 15:36:12 - [MESSAGE][PASSED] - Delayed 1 second(s)

2021-12-01 15:36:12 - [TEST_STEP][PASSED] - hideKeyboard(): Keyboard is hidden

2021-12-01 15:36:18 - [MESSAGE][PASSED] - Keyboard is hidden

2021-12-01 15:36:19 - [TEST_STEP][PASSED] - tap(findTestObject("Object Repository/Mobile/Page/Login/Input - Password"), 0): Tapped on element 'Object Repository/Mobile/Page/Login/Input - Password'

2021-12-01 15:36:19 - [MESSAGE][WARNING] - Timeout '0' is invalid. Using default page load timeout: '60'

2021-12-01 15:36:19 - [MESSAGE][PASSED] - Tapped on element 'Object Repository/Mobile/Page/Login/Input - Password'

2021-12-01 15:36:19 - [TEST_STEP][PASSED] - delay(1): Delayed 1 second(s)

2021-12-01 15:36:20 - [MESSAGE][PASSED] - Delayed 1 second(s)

2021-12-01 15:36:20 - [TEST_STEP][PASSED] - setText(findTestObject("Object Repository/Mobile/Page/Login/Input Rdy - Password"), "Shalawa18", 0): Text 'Shalawa18' has been set to element 'Object Repository/Mobile/Page/Login/Input Rdy - Password'

2021-12-01 15:36:20 - [MESSAGE][WARNING] - Timeout '0' is invalid. Using default page load timeout: '60'

2021-12-01 15:36:21 - [MESSAGE][PASSED] - Text 'Shalawa18' has been set to element 'Object Repository/Mobile/Page/Login/Input Rdy - Password'

2021-12-01 15:36:21 - [TEST_STEP][PASSED] - delay(1): Delayed 1 second(s)

2021-12-01 15:36:22 - [MESSAGE][PASSED] - Delayed 1 second(s)

2021-12-01 15:36:22 - [TEST_STEP][PASSED] - hideKeyboard(): Keyboard is hidden

2021-12-01 15:36:29 - [MESSAGE][PASSED] - Keyboard is hidden

2021-12-01 15:36:29 - [TEST_STEP][PASSED] - tap(findTestObject("Object Repository/Mobile/Page/Login/Button - Login"), 0): Tapped on element 'Object Repository/Mobile/Page/Login/Button - Login'

2021-12-01 15:36:29 - [MESSAGE][WARNING] - Timeout '0' is invalid. Using default page load timeout: '60'

2021-12-01 15:36:30 - [MESSAGE][PASSED] - Tapped on element 'Object Repository/Mobile/Page/Login/Button - Login'

2021-12-01 15:36:30 - [TEST_STEP][PASSED] - delay(2): Delayed 2 second(s)

2021-12-01 15:36:32 - [MESSAGE][PASSED] - Delayed 2 second(s)

2021-12-01 15:36:32 - [MESSAGE][PASSED] - Call Test Case 'Test Cases/Mobile/Page/Login/Login' successfully

2021-12-01 15:36:32 - [TEST_STEP][PASSED] - tap(findTestObject("Object Repository/Mobile/Page/Home/Menubar - News"), 0): Tapped on element 'Object Repository/Mobile/Page/Home/Menubar - News'

2021-12-01 15:36:32 - [MESSAGE][WARNING] - Timeout '0' is invalid. Using default page load timeout: '60'

2021-12-01 15:36:32 - [MESSAGE][PASSED] - Tapped on element 'Object Repository/Mobile/Page/Home/Menubar - News'

2021-12-01 15:36:32 - [TEST_STEP][PASSED] - delay(1): Delayed 1 second(s)

2021-12-01 15:36:33 - [MESSAGE][PASSED] - Delayed 1 second(s)

2021-12-01 15:36:33 - [TEST_STEP][PASSED] - for ([i = 0, i < 1, (i++)]): Delayed 3 second(s)

2021-12-01 15:36:33 - [TEST_STEP][PASSED] - if (tab == "macronews"): null

2021-12-01 15:36:33 - [TEST_STEP][PASSED] - else if (tab == "stocknews"): null

2021-12-01 15:36:33 - [TEST_STEP][PASSED] - else if (tab == "fundnews"): null

2021-12-01 15:36:33 - [TEST_STEP][PASSED] - else if (tab == "bondnews"): Tapped on element 'Object Repository/Mobile/Page/News/Tab - Bond News'

2021-12-01 15:36:33 - [TEST_STEP][PASSED] - scroll.scroll.scrollScreenRightToLeft(findTestObject("Object Repository/Mobile/Page/News/Tab - Macro News")): scroll.scroll.scrollScreenRightToLeft is PASSED

2021-12-01 15:36:33 - [MESSAGE][WARNING] - Timeout '0' is invalid. Using default page load timeout: '60'

2021-12-01 15:36:34 - [MESSAGE][PASSED] - Object 'Object Repository/Mobile/Page/News/Tab - Macro News' has left position '14'

2021-12-01 15:36:34 - [MESSAGE][WARNING] - Timeout '0' is invalid. Using default page load timeout: '60'

2021-12-01 15:36:34 - [MESSAGE][PASSED] - Object 'Object Repository/Mobile/Page/News/Tab - Macro News' has top position '262'

2021-12-01 15:36:34 - [MESSAGE][WARNING] - Timeout '0' is invalid. Using default page load timeout: '60'

2021-12-01 15:36:34 - [MESSAGE][PASSED] - Object 'Object Repository/Mobile/Page/News/Tab - Macro News' has width: '215'

2021-12-01 15:36:34 - [MESSAGE][WARNING] - Timeout '0' is invalid. Using default page load timeout: '60'

2021-12-01 15:36:34 - [MESSAGE][PASSED] - Object 'Object Repository/Mobile/Page/News/Tab - Macro News' has height: '84'

2021-12-01 15:36:34 - [MESSAGE][PASSED] - Current device physical width is 720

2021-12-01 15:36:36 - [MESSAGE][PASSED] - Swiped from 620,304 to 100,304

2021-12-01 15:36:36 - [MESSAGE][PASSED] - scroll.scroll.scrollScreenRightToLeft is PASSED

2021-12-01 15:36:36 - [TEST_STEP][PASSED] - delay(1): Delayed 1 second(s)

2021-12-01 15:36:37 - [MESSAGE][PASSED] - Delayed 1 second(s)

2021-12-01 15:36:37 - [TEST_STEP][PASSED] - tap(findTestObject("Object Repository/Mobile/Page/News/Tab - Bond News"), 0): Tapped on element 'Object Repository/Mobile/Page/News/Tab - Bond News'

2021-12-01 15:36:37 - [MESSAGE][WARNING] - Timeout '0' is invalid. Using default page load timeout: '60'

2021-12-01 15:36:38 - [MESSAGE][PASSED] - Tapped on element 'Object Repository/Mobile/Page/News/Tab - Bond News'

2021-12-01 15:36:38 - [TEST_STEP][PASSED] - delay(1): Delayed 1 second(s)

2021-12-01 15:36:39 - [MESSAGE][PASSED] - Delayed 1 second(s)

2021-12-01 15:36:39 - [TEST_STEP][PASSED] - if (tab != "worldindices"): Delayed 3 second(s)

2021-12-01 15:36:39 - [TEST_STEP][PASSED] - try: Delayed 3 second(s)

2021-12-01 15:36:39 - [TEST_STEP][PASSED] - topnews = verifyElementExist(findTestObject("Object Repository/Mobile/Page/News/Item - Top News"), 0): Element 'Object Repository/Mobile/Page/News/Item - Top News' is exist

2021-12-01 15:36:39 - [MESSAGE][WARNING] - Timeout '0' is invalid. Using default page load timeout: '60'

2021-12-01 15:36:39 - [MESSAGE][PASSED] - Element 'Object Repository/Mobile/Page/News/Item - Top News' is exist

2021-12-01 15:36:39 - [TEST_STEP][PASSED] - if (topnews): Delayed 3 second(s)

2021-12-01 15:36:39 - [TEST_STEP][PASSED] - tapAndHold(findTestObject("Object Repository/Mobile/Page/News/Item - Top News"), 1, 0): Tapped and held on element 'Object Repository/Mobile/Page/News/Item - Top News' with duration 1

2021-12-01 15:36:39 - [MESSAGE][WARNING] - Timeout '0' is invalid. Using default page load timeout: '60'

2021-12-01 15:36:42 - [MESSAGE][PASSED] - Tapped and held on element 'Object Repository/Mobile/Page/News/Item - Top News' with duration 1

2021-12-01 15:36:42 - [TEST_STEP][PASSED] - delay(1): Delayed 1 second(s)

2021-12-01 15:36:43 - [MESSAGE][PASSED] - Delayed 1 second(s)

2021-12-01 15:36:43 - [TEST_STEP][PASSED] - scroll.scroll.scrollScreenBottomToTop(): scroll.scroll.scrollScreenBottomToTop is PASSED

2021-12-01 15:36:43 - [MESSAGE][PASSED] - Current device physical height is 1423

2021-12-01 15:36:44 - [MESSAGE][PASSED] - Current device physical width is 720

2021-12-01 15:36:45 - [MESSAGE][PASSED] - Swiped from 360,1,138 to 360,284

2021-12-01 15:36:45 - [MESSAGE][PASSED] - scroll.scroll.scrollScreenBottomToTop is PASSED

2021-12-01 15:36:45 - [TEST_STEP][PASSED] - delay(3): Delayed 3 second(s)

2021-12-01 15:36:48 - [MESSAGE][PASSED] - Delayed 3 second(s)

2021-12-01 15:36:48 - [MESSAGE][PASSED] - Call Test Case 'Test Cases/Mobile/Page/News/News' successfully

2021-12-01 15:36:48 - [TEST_STEP][PASSED] - callTestCase(findTestCase("Mobile/Page/Run App/Terminate App"), [:], STOP_ON_FAILURE): Call Test Case 'Test Cases/Mobile/Page/Run App/Terminate App' successfully

2021-12-01 15:36:48 - [TEST_CASE][PASSED] - Test Cases/Mobile/Page/Run App/Terminate App: Test Cases/Mobile/Page/Run App/Terminate App

2021-12-01 15:36:48 - [TEST_STEP][PASSED] - startApp.OpenApp.terminateApplication(): startApp.OpenApp.terminateApplication is PASSED

2021-12-01 15:36:51 - [MESSAGE][PASSED] - Delayed 3 second(s)

2021-12-01 15:36:51 - [MESSAGE][PASSED] - Current device physical width is 720

2021-12-01 15:36:51 - [MESSAGE][PASSED] - Current device physical height is 1423

2021-12-01 15:36:53 - [MESSAGE][PASSED] - Swiped from 360,853 to 360,142

2021-12-01 15:36:54 - [MESSAGE][PASSED] - Delayed 1 second(s)

2021-12-01 15:36:55 - [MESSAGE][PASSED] - Swiped from 360,853 to 360,142

2021-12-01 15:36:58 - [MESSAGE][PASSED] - Delayed 3 second(s)

2021-12-01 15:36:58 - [MESSAGE][PASSED] - startApp.OpenApp.terminateApplication is PASSED

2021-12-01 15:36:58 - [MESSAGE][PASSED] - Call Test Case 'Test Cases/Mobile/Page/Run App/Terminate App' successfully]]></system-out>
         <system-err><![CDATA[]]></system-err>
      </testcase>
      <testcase name="Test Cases/Mobile/Scenario/News/005 - Macro News" time="59.097" classname="Test Cases/Mobile/Scenario/News/005 - Macro News" status="PASSED">
         <system-out><![CDATA[2021-12-01 15:36:58 - [TEST_CASE][PASSED] - Test Cases/Mobile/Scenario/News/005 - Macro News: Test Cases/Mobile/Scenario/News/005 - Macro News

2021-12-01 15:36:58 - [TEST_STEP][PASSED] - callTestCase(findTestCase("Mobile/Page/Run App/Run App byID"), [:], STOP_ON_FAILURE): Call Test Case 'Test Cases/Mobile/Page/Run App/Run App byID' successfully

2021-12-01 15:36:58 - [TEST_CASE][PASSED] - Test Cases/Mobile/Page/Run App/Run App byID: Test Cases/Mobile/Page/Run App/Run App byID

2021-12-01 15:36:58 - [TEST_STEP][PASSED] - startApp.OpenApp.startApplication("id.co.miraeasset.sageclub"): startApp.OpenApp.startApplication is PASSED

2021-12-01 15:37:10 - [MESSAGE][PASSED] - Starting app with application ID: 'id.co.miraeasset.sageclub'

2021-12-01 15:37:10 - [MESSAGE][PASSED] - startApp.OpenApp.startApplication is PASSED

2021-12-01 15:37:10 - [MESSAGE][PASSED] - Call Test Case 'Test Cases/Mobile/Page/Run App/Run App byID' successfully

2021-12-01 15:37:10 - [TEST_STEP][PASSED] - callTestCase(findTestCase("Mobile/Page/News/News"), ["tab":"macronews"], CONTINUE_ON_FAILURE): Call Test Case 'Test Cases/Mobile/Page/News/News' successfully

2021-12-01 15:37:11 - [TEST_CASE][PASSED] - Test Cases/Mobile/Page/News/News: Test Cases/Mobile/Page/News/News

2021-12-01 15:37:11 - [TEST_STEP][PASSED] - loginCheck = verifyElementExist(findTestObject("Object Repository/Mobile/Page/Login/Button - Login"), 2, CONTINUE_ON_FAILURE): Element 'Object Repository/Mobile/Page/Login/Button - Login' is exist

2021-12-01 15:37:13 - [MESSAGE][PASSED] - Element 'Object Repository/Mobile/Page/Login/Button - Login' is exist

2021-12-01 15:37:13 - [TEST_STEP][PASSED] - if (loginCheck): Call Test Case 'Test Cases/Mobile/Page/Login/Login' successfully

2021-12-01 15:37:13 - [TEST_STEP][PASSED] - callTestCase(findTestCase("Mobile/Page/Login/Login"), [:], CONTINUE_ON_FAILURE): Call Test Case 'Test Cases/Mobile/Page/Login/Login' successfully

2021-12-01 15:37:13 - [TEST_CASE][PASSED] - Test Cases/Mobile/Page/Login/Login: Test Cases/Mobile/Page/Login/Login

2021-12-01 15:37:13 - [TEST_STEP][PASSED] - delay(2): Delayed 2 second(s)

2021-12-01 15:37:15 - [MESSAGE][PASSED] - Delayed 2 second(s)

2021-12-01 15:37:15 - [TEST_STEP][PASSED] - tap(findTestObject("Object Repository/Mobile/Page/Login/Input - UserID"), 0): Tapped on element 'Object Repository/Mobile/Page/Login/Input - UserID'

2021-12-01 15:37:15 - [MESSAGE][WARNING] - Timeout '0' is invalid. Using default page load timeout: '60'

2021-12-01 15:37:15 - [MESSAGE][PASSED] - Tapped on element 'Object Repository/Mobile/Page/Login/Input - UserID'

2021-12-01 15:37:15 - [TEST_STEP][PASSED] - delay(1): Delayed 1 second(s)

2021-12-01 15:37:16 - [MESSAGE][PASSED] - Delayed 1 second(s)

2021-12-01 15:37:16 - [TEST_STEP][PASSED] - setText(findTestObject("Object Repository/Mobile/Page/Login/Input Rdy - UserID"), "anggaaditya", 0): Text 'anggaaditya' has been set to element 'Object Repository/Mobile/Page/Login/Input Rdy - UserID'

2021-12-01 15:37:16 - [MESSAGE][WARNING] - Timeout '0' is invalid. Using default page load timeout: '60'

2021-12-01 15:37:17 - [MESSAGE][PASSED] - Text 'anggaaditya' has been set to element 'Object Repository/Mobile/Page/Login/Input Rdy - UserID'

2021-12-01 15:37:17 - [TEST_STEP][PASSED] - delay(1): Delayed 1 second(s)

2021-12-01 15:37:18 - [MESSAGE][PASSED] - Delayed 1 second(s)

2021-12-01 15:37:18 - [TEST_STEP][PASSED] - hideKeyboard(): Keyboard is hidden

2021-12-01 15:37:22 - [MESSAGE][PASSED] - Keyboard is hidden

2021-12-01 15:37:22 - [TEST_STEP][PASSED] - tap(findTestObject("Object Repository/Mobile/Page/Login/Input - Password"), 0): Tapped on element 'Object Repository/Mobile/Page/Login/Input - Password'

2021-12-01 15:37:22 - [MESSAGE][WARNING] - Timeout '0' is invalid. Using default page load timeout: '60'

2021-12-01 15:37:22 - [MESSAGE][PASSED] - Tapped on element 'Object Repository/Mobile/Page/Login/Input - Password'

2021-12-01 15:37:22 - [TEST_STEP][PASSED] - delay(1): Delayed 1 second(s)

2021-12-01 15:37:23 - [MESSAGE][PASSED] - Delayed 1 second(s)

2021-12-01 15:37:23 - [TEST_STEP][PASSED] - setText(findTestObject("Object Repository/Mobile/Page/Login/Input Rdy - Password"), "Shalawa18", 0): Text 'Shalawa18' has been set to element 'Object Repository/Mobile/Page/Login/Input Rdy - Password'

2021-12-01 15:37:23 - [MESSAGE][WARNING] - Timeout '0' is invalid. Using default page load timeout: '60'

2021-12-01 15:37:24 - [MESSAGE][PASSED] - Text 'Shalawa18' has been set to element 'Object Repository/Mobile/Page/Login/Input Rdy - Password'

2021-12-01 15:37:24 - [TEST_STEP][PASSED] - delay(1): Delayed 1 second(s)

2021-12-01 15:37:25 - [MESSAGE][PASSED] - Delayed 1 second(s)

2021-12-01 15:37:25 - [TEST_STEP][PASSED] - hideKeyboard(): Keyboard is hidden

2021-12-01 15:37:31 - [MESSAGE][PASSED] - Keyboard is hidden

2021-12-01 15:37:31 - [TEST_STEP][PASSED] - tap(findTestObject("Object Repository/Mobile/Page/Login/Button - Login"), 0): Tapped on element 'Object Repository/Mobile/Page/Login/Button - Login'

2021-12-01 15:37:31 - [MESSAGE][WARNING] - Timeout '0' is invalid. Using default page load timeout: '60'

2021-12-01 15:37:32 - [MESSAGE][PASSED] - Tapped on element 'Object Repository/Mobile/Page/Login/Button - Login'

2021-12-01 15:37:32 - [TEST_STEP][PASSED] - delay(2): Delayed 2 second(s)

2021-12-01 15:37:34 - [MESSAGE][PASSED] - Delayed 2 second(s)

2021-12-01 15:37:34 - [MESSAGE][PASSED] - Call Test Case 'Test Cases/Mobile/Page/Login/Login' successfully

2021-12-01 15:37:34 - [TEST_STEP][PASSED] - tap(findTestObject("Object Repository/Mobile/Page/Home/Menubar - News"), 0): Tapped on element 'Object Repository/Mobile/Page/Home/Menubar - News'

2021-12-01 15:37:34 - [MESSAGE][WARNING] - Timeout '0' is invalid. Using default page load timeout: '60'

2021-12-01 15:37:35 - [MESSAGE][PASSED] - Tapped on element 'Object Repository/Mobile/Page/Home/Menubar - News'

2021-12-01 15:37:35 - [TEST_STEP][PASSED] - delay(1): Delayed 1 second(s)

2021-12-01 15:37:36 - [MESSAGE][PASSED] - Delayed 1 second(s)

2021-12-01 15:37:36 - [TEST_STEP][PASSED] - for ([i = 0, i < 1, (i++)]): Delayed 3 second(s)

2021-12-01 15:37:36 - [TEST_STEP][PASSED] - if (tab == "macronews"): Tapped on element 'Object Repository/Mobile/Page/News/Tab - Macro News'

2021-12-01 15:37:36 - [TEST_STEP][PASSED] - tap(findTestObject("Object Repository/Mobile/Page/News/Tab - Macro News"), 0): Tapped on element 'Object Repository/Mobile/Page/News/Tab - Macro News'

2021-12-01 15:37:36 - [MESSAGE][WARNING] - Timeout '0' is invalid. Using default page load timeout: '60'

2021-12-01 15:37:37 - [MESSAGE][PASSED] - Tapped on element 'Object Repository/Mobile/Page/News/Tab - Macro News'

2021-12-01 15:37:37 - [TEST_STEP][PASSED] - delay(1): Delayed 1 second(s)

2021-12-01 15:37:38 - [MESSAGE][PASSED] - Delayed 1 second(s)

2021-12-01 15:37:38 - [TEST_STEP][PASSED] - if (tab != "worldindices"): Delayed 3 second(s)

2021-12-01 15:37:38 - [TEST_STEP][PASSED] - try: Delayed 3 second(s)

2021-12-01 15:37:38 - [TEST_STEP][PASSED] - topnews = verifyElementExist(findTestObject("Object Repository/Mobile/Page/News/Item - Top News"), 0): Element 'Object Repository/Mobile/Page/News/Item - Top News' is exist

2021-12-01 15:37:38 - [MESSAGE][WARNING] - Timeout '0' is invalid. Using default page load timeout: '60'

2021-12-01 15:37:38 - [MESSAGE][PASSED] - Element 'Object Repository/Mobile/Page/News/Item - Top News' is exist

2021-12-01 15:37:38 - [TEST_STEP][PASSED] - if (topnews): Delayed 3 second(s)

2021-12-01 15:37:38 - [TEST_STEP][PASSED] - tapAndHold(findTestObject("Object Repository/Mobile/Page/News/Item - Top News"), 1, 0): Tapped and held on element 'Object Repository/Mobile/Page/News/Item - Top News' with duration 1

2021-12-01 15:37:38 - [MESSAGE][WARNING] - Timeout '0' is invalid. Using default page load timeout: '60'

2021-12-01 15:37:41 - [MESSAGE][PASSED] - Tapped and held on element 'Object Repository/Mobile/Page/News/Item - Top News' with duration 1

2021-12-01 15:37:41 - [TEST_STEP][PASSED] - delay(1): Delayed 1 second(s)

2021-12-01 15:37:42 - [MESSAGE][PASSED] - Delayed 1 second(s)

2021-12-01 15:37:42 - [TEST_STEP][PASSED] - scroll.scroll.scrollScreenBottomToTop(): scroll.scroll.scrollScreenBottomToTop is PASSED

2021-12-01 15:37:42 - [MESSAGE][PASSED] - Current device physical height is 1423

2021-12-01 15:37:42 - [MESSAGE][PASSED] - Current device physical width is 720

2021-12-01 15:37:44 - [MESSAGE][PASSED] - Swiped from 360,1,138 to 360,284

2021-12-01 15:37:44 - [MESSAGE][PASSED] - scroll.scroll.scrollScreenBottomToTop is PASSED

2021-12-01 15:37:44 - [TEST_STEP][PASSED] - delay(3): Delayed 3 second(s)

2021-12-01 15:37:47 - [MESSAGE][PASSED] - Delayed 3 second(s)

2021-12-01 15:37:47 - [MESSAGE][PASSED] - Call Test Case 'Test Cases/Mobile/Page/News/News' successfully

2021-12-01 15:37:47 - [TEST_STEP][PASSED] - callTestCase(findTestCase("Mobile/Page/Run App/Terminate App"), [:], STOP_ON_FAILURE): Call Test Case 'Test Cases/Mobile/Page/Run App/Terminate App' successfully

2021-12-01 15:37:47 - [TEST_CASE][PASSED] - Test Cases/Mobile/Page/Run App/Terminate App: Test Cases/Mobile/Page/Run App/Terminate App

2021-12-01 15:37:47 - [TEST_STEP][PASSED] - startApp.OpenApp.terminateApplication(): startApp.OpenApp.terminateApplication is PASSED

2021-12-01 15:37:50 - [MESSAGE][PASSED] - Delayed 3 second(s)

2021-12-01 15:37:50 - [MESSAGE][PASSED] - Current device physical width is 720

2021-12-01 15:37:51 - [MESSAGE][PASSED] - Current device physical height is 1423

2021-12-01 15:37:52 - [MESSAGE][PASSED] - Swiped from 360,853 to 360,142

2021-12-01 15:37:53 - [MESSAGE][PASSED] - Delayed 1 second(s)

2021-12-01 15:37:54 - [MESSAGE][PASSED] - Swiped from 360,853 to 360,142

2021-12-01 15:37:57 - [MESSAGE][PASSED] - Delayed 3 second(s)

2021-12-01 15:37:57 - [MESSAGE][PASSED] - startApp.OpenApp.terminateApplication is PASSED

2021-12-01 15:37:57 - [MESSAGE][PASSED] - Call Test Case 'Test Cases/Mobile/Page/Run App/Terminate App' successfully]]></system-out>
         <system-err><![CDATA[]]></system-err>
      </testcase>
      <system-out><![CDATA[2021-12-01 15:31:40 - [TEST_SUITE][PASSED] - news: Test Cases/Mobile/Scenario/News/005 - Macro News]]></system-out>
      <system-err><![CDATA[]]></system-err>
   </testsuite>
</testsuites>
