<?xml version="1.0" encoding="UTF-8"?>
<testsuites name="navigationmenu" time="503.362" tests="6" failures="0" skips="0" errors="0">
   <testsuite name="navigationmenu" tests="6" failures="0" errors="0" time="503.362" skips="0" timestamp="2022-01-06 08:29:21" hostname="Owner - aldy-tft" id="Test Suites/navigationmenu">
      <properties>
         <property name="deviceName" value="samsung SM-A205F (Android 11)"/>
         <property name="devicePlatform" value=""/>
         <property name="logFolder" value="C:\\Users\\Owner\\Documents\\kerjaan\\KatalonProject\\qa_katalon_pwm\\qa_katalon_pwm\\Reports\\20220106_081121\\navigationmenu\\20220106_081132"/>
         <property name="logFiles" value="C:\\Users\\Owner\\Documents\\kerjaan\\KatalonProject\\qa_katalon_pwm\\qa_katalon_pwm\\Reports\\20220106_081121\\navigationmenu\\20220106_081132\\appium.log, C:\\Users\\Owner\\Documents\\kerjaan\\KatalonProject\\qa_katalon_pwm\\qa_katalon_pwm\\Reports\\20220106_081121\\navigationmenu\\20220106_081132\\execution0.log"/>
         <property name="attachments" value="C:\\Users\\Owner\\Documents\\kerjaan\\KatalonProject\\qa_katalon_pwm\\qa_katalon_pwm\\Reports\\20220106_081121\\navigationmenu\\20220106_081132\\1641432733813.png, C:\\Users\\Owner\\Documents\\kerjaan\\KatalonProject\\qa_katalon_pwm\\qa_katalon_pwm\\Reports\\20220106_081121\\navigationmenu\\20220106_081132\\1641432734600.png"/>
         <property name="hostName" value="Owner - aldy-tft"/>
         <property name="os" value="Windows 10 64bit"/>
         <property name="appiumServerStatus" value="{&quot;value&quot;:{&quot;build&quot;:{&quot;version&quot;:&quot;1.22.0&quot;}},&quot;sessionId&quot;:null,&quot;status&quot;:0}"/>
         <property name="katalonVersion" value="7.9.1.208"/>
         <property name="deviceOS" value="Android"/>
         <property name="appiumVersion" value="1.22.0"/>
         <property name="deviceModel" value="SM-A205F"/>
         <property name="hostAddress" value="10.0.30.68"/>
         <property name="deviceManufacturer" value="samsung"/>
         <property name="deviceId" value="RR8M40C9AXE"/>
         <property name="deviceName" value="samsung SM-A205F (Android 11)"/>
         <property name="deviceOSVersion" value="11"/>
      </properties>
      <testcase name="Test Cases/Mobile/Scenario/NavigationMenu/001 - Download Report" time="113.664" classname="Test Cases/Mobile/Scenario/NavigationMenu/001 - Download Report" status="PASSED">
         <system-out><![CDATA[2022-01-06 08:29:22 - [TEST_CASE][PASSED] - Test Cases/Mobile/Scenario/NavigationMenu/001 - Download Report: Test Cases/Mobile/Scenario/NavigationMenu/001 - Download Report

2022-01-06 08:29:23 - [TEST_STEP][PASSED] - callTestCase(findTestCase("Mobile/Page/Run App/Run App byID"), [:], STOP_ON_FAILURE): Call Test Case 'Test Cases/Mobile/Page/Run App/Run App byID' successfully

2022-01-06 08:29:23 - [TEST_CASE][PASSED] - Test Cases/Mobile/Page/Run App/Run App byID: Test Cases/Mobile/Page/Run App/Run App byID

2022-01-06 08:29:24 - [TEST_STEP][PASSED] - startApp.OpenApp.startApplication("id.co.miraeasset.sageclub"): startApp.OpenApp.startApplication is PASSED

2022-01-06 08:29:26 - [MESSAGE][INFO] - Appium server started on port 52,177

2022-01-06 08:29:43 - [MESSAGE][PASSED] - Starting app with application ID: 'id.co.miraeasset.sageclub'

2022-01-06 08:29:43 - [MESSAGE][PASSED] - startApp.OpenApp.startApplication is PASSED

2022-01-06 08:29:43 - [MESSAGE][PASSED] - Call Test Case 'Test Cases/Mobile/Page/Run App/Run App byID' successfully

2022-01-06 08:29:43 - [TEST_STEP][PASSED] - callTestCase(findTestCase("Mobile/Page/NavigationMenu/NavigationMenu"), ["action":"downloadtaxreport"], CONTINUE_ON_FAILURE): Call Test Case 'Test Cases/Mobile/Page/NavigationMenu/NavigationMenu' successfully

2022-01-06 08:29:43 - [TEST_CASE][PASSED] - Test Cases/Mobile/Page/NavigationMenu/NavigationMenu: Test Cases/Mobile/Page/NavigationMenu/NavigationMenu

2022-01-06 08:29:45 - [TEST_STEP][PASSED] - callTestCase(findTestCase("Mobile/Page/CheckLogin"), [:], CONTINUE_ON_FAILURE): Call Test Case 'Test Cases/Mobile/Page/CheckLogin' successfully

2022-01-06 08:29:45 - [TEST_CASE][PASSED] - Test Cases/Mobile/Page/CheckLogin: Test Cases/Mobile/Page/CheckLogin

2022-01-06 08:29:46 - [TEST_STEP][PASSED] - loginCheck = verifyElementExist(LOGN_BtnLogin, 5, CONTINUE_ON_FAILURE): Element 'Object Repository/Mobile/Page/Login/Button - Login' is exist

2022-01-06 08:30:27 - [MESSAGE][PASSED] - Element 'Object Repository/Mobile/Page/Login/Button - Login' is exist

2022-01-06 08:30:27 - [TEST_STEP][PASSED] - if (loginCheck): Call Test Case 'Test Cases/Mobile/Page/Login/Login' successfully

2022-01-06 08:30:27 - [TEST_STEP][PASSED] - callTestCase(findTestCase("Mobile/Page/Login/Login"), ["action":"username"], CONTINUE_ON_FAILURE): Call Test Case 'Test Cases/Mobile/Page/Login/Login' successfully

2022-01-06 08:30:27 - [TEST_CASE][PASSED] - Test Cases/Mobile/Page/Login/Login: Test Cases/Mobile/Page/Login/Login

2022-01-06 08:30:28 - [TEST_STEP][PASSED] - delay(2): Delayed 2 second(s)

2022-01-06 08:30:30 - [MESSAGE][PASSED] - Delayed 2 second(s)

2022-01-06 08:30:30 - [TEST_STEP][PASSED] - for ([i = 0, i < 1, (i++)]): null

2022-01-06 08:30:30 - [TEST_STEP][PASSED] - if (action == "username"): null

2022-01-06 08:30:30 - [TEST_STEP][PASSED] - tap(LOGN_EdtUserID, 0): Tapped on element 'Object Repository/Mobile/Page/Login/Input - UserID'

2022-01-06 08:30:30 - [MESSAGE][WARNING] - Timeout '0' is invalid. Using default page load timeout: '60'

2022-01-06 08:30:31 - [MESSAGE][PASSED] - Tapped on element 'Object Repository/Mobile/Page/Login/Input - UserID'

2022-01-06 08:30:31 - [TEST_STEP][PASSED] - delay(1): Delayed 1 second(s)

2022-01-06 08:30:32 - [MESSAGE][PASSED] - Delayed 1 second(s)

2022-01-06 08:30:32 - [TEST_STEP][PASSED] - setText(LOGN_EdtRdyUserID, "anggaaditya", 0): Text 'anggaaditya' has been set to element 'Object Repository/Mobile/Page/Login/Input Rdy - UserID'

2022-01-06 08:30:32 - [MESSAGE][WARNING] - Timeout '0' is invalid. Using default page load timeout: '60'

2022-01-06 08:30:33 - [MESSAGE][PASSED] - Text 'anggaaditya' has been set to element 'Object Repository/Mobile/Page/Login/Input Rdy - UserID'

2022-01-06 08:30:33 - [TEST_STEP][PASSED] - delay(1): Delayed 1 second(s)

2022-01-06 08:30:34 - [MESSAGE][PASSED] - Delayed 1 second(s)

2022-01-06 08:30:34 - [TEST_STEP][PASSED] - hideKeyboard(): Keyboard is hidden

2022-01-06 08:30:39 - [MESSAGE][PASSED] - Keyboard is hidden

2022-01-06 08:30:39 - [TEST_STEP][PASSED] - tap(LOGN_EdtPassword, 0): Tapped on element 'Object Repository/Mobile/Page/Login/Input - Password'

2022-01-06 08:30:39 - [MESSAGE][WARNING] - Timeout '0' is invalid. Using default page load timeout: '60'

2022-01-06 08:30:40 - [MESSAGE][PASSED] - Tapped on element 'Object Repository/Mobile/Page/Login/Input - Password'

2022-01-06 08:30:40 - [TEST_STEP][PASSED] - delay(1): Delayed 1 second(s)

2022-01-06 08:30:41 - [MESSAGE][PASSED] - Delayed 1 second(s)

2022-01-06 08:30:41 - [TEST_STEP][PASSED] - setText(LOGN_EdtRdyPassword, "Shalawa18", 0): Text 'Shalawa18' has been set to element 'Object Repository/Mobile/Page/Login/Input Rdy - Password'

2022-01-06 08:30:41 - [MESSAGE][WARNING] - Timeout '0' is invalid. Using default page load timeout: '60'

2022-01-06 08:30:41 - [MESSAGE][PASSED] - Text 'Shalawa18' has been set to element 'Object Repository/Mobile/Page/Login/Input Rdy - Password'

2022-01-06 08:30:41 - [TEST_STEP][PASSED] - delay(1): Delayed 1 second(s)

2022-01-06 08:30:42 - [MESSAGE][PASSED] - Delayed 1 second(s)

2022-01-06 08:30:42 - [TEST_STEP][PASSED] - hideKeyboard(): Keyboard is hidden

2022-01-06 08:30:49 - [MESSAGE][PASSED] - Keyboard is hidden

2022-01-06 08:30:49 - [TEST_STEP][PASSED] - tap(LOGN_BtnLogin, 0): Tapped on element 'Object Repository/Mobile/Page/Login/Button - Login'

2022-01-06 08:30:49 - [MESSAGE][WARNING] - Timeout '0' is invalid. Using default page load timeout: '60'

2022-01-06 08:30:50 - [MESSAGE][PASSED] - Tapped on element 'Object Repository/Mobile/Page/Login/Button - Login'

2022-01-06 08:30:50 - [TEST_STEP][PASSED] - delay(2): Delayed 2 second(s)

2022-01-06 08:30:52 - [MESSAGE][PASSED] - Delayed 2 second(s)

2022-01-06 08:30:52 - [TEST_STEP][PASSED] - break: null

2022-01-06 08:30:52 - [MESSAGE][PASSED] - Call Test Case 'Test Cases/Mobile/Page/Login/Login' successfully

2022-01-06 08:30:52 - [MESSAGE][PASSED] - Call Test Case 'Test Cases/Mobile/Page/CheckLogin' successfully

2022-01-06 08:30:52 - [TEST_STEP][PASSED] - delay(3): Delayed 3 second(s)

2022-01-06 08:30:55 - [MESSAGE][PASSED] - Delayed 3 second(s)

2022-01-06 08:30:55 - [TEST_STEP][PASSED] - scroll.scroll.scrollScreenLeftToRight(): scroll.scroll.scrollScreenLeftToRight is PASSED

2022-01-06 08:30:55 - [MESSAGE][PASSED] - Current device physical height is 1423

2022-01-06 08:30:56 - [MESSAGE][PASSED] - Current device physical width is 720

2022-01-06 08:30:56 - [MESSAGE][PASSED] - Current device physical height is 1423

2022-01-06 08:30:57 - [MESSAGE][PASSED] - Swiped from 10,711 to 710,711

2022-01-06 08:30:57 - [MESSAGE][PASSED] - scroll.scroll.scrollScreenLeftToRight is PASSED

2022-01-06 08:30:57 - [TEST_STEP][PASSED] - delay(1): Delayed 1 second(s)

2022-01-06 08:30:58 - [MESSAGE][PASSED] - Delayed 1 second(s)

2022-01-06 08:30:58 - [TEST_STEP][PASSED] - for ([i = 0, i < 1, (i++)]): Press back button successfully

2022-01-06 08:30:58 - [TEST_STEP][PASSED] - if (action == "downloadtaxreport"): Press back button successfully

2022-01-06 08:30:58 - [TEST_STEP][PASSED] - taxreport = NAVM_ContYearlyTaxReport: null

2022-01-06 08:30:58 - [TEST_STEP][PASSED] - top = getElementTopPosition(taxreport, 0): Object 'Object Repository/Mobile/Page/NavigationMenu/Container - Yearly Tax Report' has top position '309'

2022-01-06 08:30:58 - [MESSAGE][WARNING] - Timeout '0' is invalid. Using default page load timeout: '60'

2022-01-06 08:30:59 - [MESSAGE][PASSED] - Object 'Object Repository/Mobile/Page/NavigationMenu/Container - Yearly Tax Report' has top position '309'

2022-01-06 08:30:59 - [TEST_STEP][PASSED] - y = getElementHeight(taxreport, 0) * 0.8 + top: Object 'Object Repository/Mobile/Page/NavigationMenu/Container - Yearly Tax Report' has height: '119'

2022-01-06 08:30:59 - [MESSAGE][WARNING] - Timeout '0' is invalid. Using default page load timeout: '60'

2022-01-06 08:30:59 - [MESSAGE][PASSED] - Object 'Object Repository/Mobile/Page/NavigationMenu/Container - Yearly Tax Report' has height: '119'

2022-01-06 08:30:59 - [TEST_STEP][PASSED] - x = getDeviceWidth() * 0.2: Current device physical width is 720

2022-01-06 08:30:59 - [MESSAGE][PASSED] - Current device physical width is 720

2022-01-06 08:30:59 - [TEST_STEP][PASSED] - tapAtPosition(x, y): Tapped at [144, 404]

2022-01-06 08:30:59 - [MESSAGE][PASSED] - Tapped at [144, 404]

2022-01-06 08:30:59 - [TEST_STEP][PASSED] - delay(5): Delayed 5 second(s)

2022-01-06 08:31:04 - [MESSAGE][PASSED] - Delayed 5 second(s)

2022-01-06 08:31:04 - [TEST_STEP][PASSED] - pressBack(): Press back button successfully

2022-01-06 08:31:05 - [MESSAGE][PASSED] - Press back button successfully

2022-01-06 08:31:05 - [MESSAGE][PASSED] - Call Test Case 'Test Cases/Mobile/Page/NavigationMenu/NavigationMenu' successfully

2022-01-06 08:31:05 - [TEST_STEP][PASSED] - callTestCase(findTestCase("Mobile/Page/Run App/Terminate App"), [:], STOP_ON_FAILURE): Call Test Case 'Test Cases/Mobile/Page/Run App/Terminate App' successfully

2022-01-06 08:31:05 - [TEST_CASE][PASSED] - Test Cases/Mobile/Page/Run App/Terminate App: Test Cases/Mobile/Page/Run App/Terminate App

2022-01-06 08:31:06 - [TEST_STEP][PASSED] - startApp.OpenApp.terminateApplication(): startApp.OpenApp.terminateApplication is PASSED

2022-01-06 08:31:09 - [MESSAGE][PASSED] - Delayed 3 second(s)

2022-01-06 08:31:09 - [MESSAGE][PASSED] - Current device physical width is 720

2022-01-06 08:31:09 - [MESSAGE][PASSED] - Current device physical height is 1423

2022-01-06 08:31:11 - [MESSAGE][PASSED] - Swiped from 360,853 to 360,142

2022-01-06 08:31:12 - [MESSAGE][PASSED] - Delayed 1 second(s)

2022-01-06 08:31:13 - [MESSAGE][PASSED] - Swiped from 360,853 to 360,142

2022-01-06 08:31:16 - [MESSAGE][PASSED] - Delayed 3 second(s)

2022-01-06 08:31:16 - [MESSAGE][PASSED] - startApp.OpenApp.terminateApplication is PASSED

2022-01-06 08:31:16 - [MESSAGE][PASSED] - Call Test Case 'Test Cases/Mobile/Page/Run App/Terminate App' successfully]]></system-out>
         <system-err><![CDATA[]]></system-err>
      </testcase>
      <testcase name="Test Cases/Mobile/Scenario/NavigationMenu/002 - Risk Profile analysis" time="101.268" classname="Test Cases/Mobile/Scenario/NavigationMenu/002 - Risk Profile analysis" status="PASSED">
         <system-out><![CDATA[2022-01-06 08:31:16 - [TEST_CASE][PASSED] - Test Cases/Mobile/Scenario/NavigationMenu/002 - Risk Profile analysis: Test Cases/Mobile/Scenario/NavigationMenu/002 - Risk Profile analysis

2022-01-06 08:31:17 - [TEST_STEP][PASSED] - callTestCase(findTestCase("Mobile/Page/Run App/Run App byID"), [:], STOP_ON_FAILURE): Call Test Case 'Test Cases/Mobile/Page/Run App/Run App byID' successfully

2022-01-06 08:31:17 - [TEST_CASE][PASSED] - Test Cases/Mobile/Page/Run App/Run App byID: Test Cases/Mobile/Page/Run App/Run App byID

2022-01-06 08:31:17 - [TEST_STEP][PASSED] - startApp.OpenApp.startApplication("id.co.miraeasset.sageclub"): startApp.OpenApp.startApplication is PASSED

2022-01-06 08:31:31 - [MESSAGE][PASSED] - Starting app with application ID: 'id.co.miraeasset.sageclub'

2022-01-06 08:31:31 - [MESSAGE][PASSED] - startApp.OpenApp.startApplication is PASSED

2022-01-06 08:31:31 - [MESSAGE][PASSED] - Call Test Case 'Test Cases/Mobile/Page/Run App/Run App byID' successfully

2022-01-06 08:31:31 - [TEST_STEP][PASSED] - callTestCase(findTestCase("Mobile/Page/NavigationMenu/NavigationMenu"), ["action":"analyzeprofile"], CONTINUE_ON_FAILURE): Call Test Case 'Test Cases/Mobile/Page/NavigationMenu/NavigationMenu' successfully

2022-01-06 08:31:31 - [TEST_CASE][PASSED] - Test Cases/Mobile/Page/NavigationMenu/NavigationMenu: Test Cases/Mobile/Page/NavigationMenu/NavigationMenu

2022-01-06 08:31:31 - [TEST_STEP][PASSED] - callTestCase(findTestCase("Mobile/Page/CheckLogin"), [:], CONTINUE_ON_FAILURE): Call Test Case 'Test Cases/Mobile/Page/CheckLogin' successfully

2022-01-06 08:31:31 - [TEST_CASE][PASSED] - Test Cases/Mobile/Page/CheckLogin: Test Cases/Mobile/Page/CheckLogin

2022-01-06 08:31:31 - [TEST_STEP][PASSED] - loginCheck = verifyElementExist(LOGN_BtnLogin, 5, CONTINUE_ON_FAILURE): Element 'Object Repository/Mobile/Page/Login/Button - Login' is exist

2022-01-06 08:31:33 - [MESSAGE][PASSED] - Element 'Object Repository/Mobile/Page/Login/Button - Login' is exist

2022-01-06 08:31:33 - [TEST_STEP][PASSED] - if (loginCheck): Call Test Case 'Test Cases/Mobile/Page/Login/Login' successfully

2022-01-06 08:31:33 - [TEST_STEP][PASSED] - callTestCase(findTestCase("Mobile/Page/Login/Login"), ["action":"username"], CONTINUE_ON_FAILURE): Call Test Case 'Test Cases/Mobile/Page/Login/Login' successfully

2022-01-06 08:31:33 - [TEST_CASE][PASSED] - Test Cases/Mobile/Page/Login/Login: Test Cases/Mobile/Page/Login/Login

2022-01-06 08:31:33 - [TEST_STEP][PASSED] - delay(2): Delayed 2 second(s)

2022-01-06 08:31:35 - [MESSAGE][PASSED] - Delayed 2 second(s)

2022-01-06 08:31:35 - [TEST_STEP][PASSED] - for ([i = 0, i < 1, (i++)]): null

2022-01-06 08:31:35 - [TEST_STEP][PASSED] - if (action == "username"): null

2022-01-06 08:31:35 - [TEST_STEP][PASSED] - tap(LOGN_EdtUserID, 0): Tapped on element 'Object Repository/Mobile/Page/Login/Input - UserID'

2022-01-06 08:31:35 - [MESSAGE][WARNING] - Timeout '0' is invalid. Using default page load timeout: '60'

2022-01-06 08:31:36 - [MESSAGE][PASSED] - Tapped on element 'Object Repository/Mobile/Page/Login/Input - UserID'

2022-01-06 08:31:36 - [TEST_STEP][PASSED] - delay(1): Delayed 1 second(s)

2022-01-06 08:31:37 - [MESSAGE][PASSED] - Delayed 1 second(s)

2022-01-06 08:31:37 - [TEST_STEP][PASSED] - setText(LOGN_EdtRdyUserID, "anggaaditya", 0): Text 'anggaaditya' has been set to element 'Object Repository/Mobile/Page/Login/Input Rdy - UserID'

2022-01-06 08:31:37 - [MESSAGE][WARNING] - Timeout '0' is invalid. Using default page load timeout: '60'

2022-01-06 08:31:37 - [MESSAGE][PASSED] - Text 'anggaaditya' has been set to element 'Object Repository/Mobile/Page/Login/Input Rdy - UserID'

2022-01-06 08:31:37 - [TEST_STEP][PASSED] - delay(1): Delayed 1 second(s)

2022-01-06 08:31:38 - [MESSAGE][PASSED] - Delayed 1 second(s)

2022-01-06 08:31:38 - [TEST_STEP][PASSED] - hideKeyboard(): Keyboard is hidden

2022-01-06 08:31:46 - [MESSAGE][PASSED] - Keyboard is hidden

2022-01-06 08:31:46 - [TEST_STEP][PASSED] - tap(LOGN_EdtPassword, 0): Tapped on element 'Object Repository/Mobile/Page/Login/Input - Password'

2022-01-06 08:31:46 - [MESSAGE][WARNING] - Timeout '0' is invalid. Using default page load timeout: '60'

2022-01-06 08:31:47 - [MESSAGE][PASSED] - Tapped on element 'Object Repository/Mobile/Page/Login/Input - Password'

2022-01-06 08:31:47 - [TEST_STEP][PASSED] - delay(1): Delayed 1 second(s)

2022-01-06 08:31:48 - [MESSAGE][PASSED] - Delayed 1 second(s)

2022-01-06 08:31:48 - [TEST_STEP][PASSED] - setText(LOGN_EdtRdyPassword, "Shalawa18", 0): Text 'Shalawa18' has been set to element 'Object Repository/Mobile/Page/Login/Input Rdy - Password'

2022-01-06 08:31:48 - [MESSAGE][WARNING] - Timeout '0' is invalid. Using default page load timeout: '60'

2022-01-06 08:31:49 - [MESSAGE][PASSED] - Text 'Shalawa18' has been set to element 'Object Repository/Mobile/Page/Login/Input Rdy - Password'

2022-01-06 08:31:49 - [TEST_STEP][PASSED] - delay(1): Delayed 1 second(s)

2022-01-06 08:31:50 - [MESSAGE][PASSED] - Delayed 1 second(s)

2022-01-06 08:31:50 - [TEST_STEP][PASSED] - hideKeyboard(): Keyboard is hidden

2022-01-06 08:31:57 - [MESSAGE][PASSED] - Keyboard is hidden

2022-01-06 08:31:57 - [TEST_STEP][PASSED] - tap(LOGN_BtnLogin, 0): Tapped on element 'Object Repository/Mobile/Page/Login/Button - Login'

2022-01-06 08:31:57 - [MESSAGE][WARNING] - Timeout '0' is invalid. Using default page load timeout: '60'

2022-01-06 08:31:57 - [MESSAGE][PASSED] - Tapped on element 'Object Repository/Mobile/Page/Login/Button - Login'

2022-01-06 08:31:57 - [TEST_STEP][PASSED] - delay(2): Delayed 2 second(s)

2022-01-06 08:31:59 - [MESSAGE][PASSED] - Delayed 2 second(s)

2022-01-06 08:31:59 - [TEST_STEP][PASSED] - break: null

2022-01-06 08:31:59 - [MESSAGE][PASSED] - Call Test Case 'Test Cases/Mobile/Page/Login/Login' successfully

2022-01-06 08:31:59 - [MESSAGE][PASSED] - Call Test Case 'Test Cases/Mobile/Page/CheckLogin' successfully

2022-01-06 08:31:59 - [TEST_STEP][PASSED] - delay(3): Delayed 3 second(s)

2022-01-06 08:32:02 - [MESSAGE][PASSED] - Delayed 3 second(s)

2022-01-06 08:32:02 - [TEST_STEP][PASSED] - scroll.scroll.scrollScreenLeftToRight(): scroll.scroll.scrollScreenLeftToRight is PASSED

2022-01-06 08:32:02 - [MESSAGE][PASSED] - Current device physical height is 1423

2022-01-06 08:32:03 - [MESSAGE][PASSED] - Current device physical width is 720

2022-01-06 08:32:03 - [MESSAGE][PASSED] - Current device physical height is 1423

2022-01-06 08:32:04 - [MESSAGE][PASSED] - Swiped from 10,711 to 710,711

2022-01-06 08:32:04 - [MESSAGE][PASSED] - scroll.scroll.scrollScreenLeftToRight is PASSED

2022-01-06 08:32:04 - [TEST_STEP][PASSED] - delay(1): Delayed 1 second(s)

2022-01-06 08:32:05 - [MESSAGE][PASSED] - Delayed 1 second(s)

2022-01-06 08:32:05 - [TEST_STEP][FAILED] - for ([i = 0, i < 1, (i++)]): null

2022-01-06 08:32:05 - [TEST_STEP][PASSED] - if (action == "downloadtaxreport"): null

2022-01-06 08:32:05 - [TEST_STEP][FAILED] - else if (action == "analyzeprofile"): null

2022-01-06 08:32:05 - [TEST_STEP][PASSED] - risk = NAVM_ContRiskProfile: null

2022-01-06 08:32:05 - [TEST_STEP][PASSED] - top = getElementTopPosition(risk, 0): Object 'Object Repository/Mobile/Page/NavigationMenu/Container - Risk Profile' has top position '463'

2022-01-06 08:32:05 - [MESSAGE][WARNING] - Timeout '0' is invalid. Using default page load timeout: '60'

2022-01-06 08:32:05 - [MESSAGE][PASSED] - Object 'Object Repository/Mobile/Page/NavigationMenu/Container - Risk Profile' has top position '463'

2022-01-06 08:32:05 - [TEST_STEP][PASSED] - y = getElementHeight(risk, 0) * 0.8 + top: Object 'Object Repository/Mobile/Page/NavigationMenu/Container - Risk Profile' has height: '119'

2022-01-06 08:32:05 - [MESSAGE][WARNING] - Timeout '0' is invalid. Using default page load timeout: '60'

2022-01-06 08:32:06 - [MESSAGE][PASSED] - Object 'Object Repository/Mobile/Page/NavigationMenu/Container - Risk Profile' has height: '119'

2022-01-06 08:32:06 - [TEST_STEP][PASSED] - x = getDeviceWidth() * 0.2: Current device physical width is 720

2022-01-06 08:32:06 - [MESSAGE][PASSED] - Current device physical width is 720

2022-01-06 08:32:06 - [TEST_STEP][PASSED] - tapAtPosition(x, y): Tapped at [144, 558]

2022-01-06 08:32:06 - [MESSAGE][PASSED] - Tapped at [144, 558]

2022-01-06 08:32:06 - [TEST_STEP][PASSED] - delay(1): Delayed 1 second(s)

2022-01-06 08:32:07 - [MESSAGE][PASSED] - Delayed 1 second(s)

2022-01-06 08:32:07 - [TEST_STEP][FAILED] - try: Failed to check for element 'Object Repository/Mobile/Page/NavigationMenu/Container - Risk Profile' exist (Root cause: com.kms.katalon.core.exception.StepFailedException: Element 'Object Repository/Mobile/Page/NavigationMenu/Container - Risk Profile' not found
	at com.kms.katalon.core.keyword.internal.KeywordMain.stepFailed(KeywordMain.groovy:50)
	at com.kms.katalon.core.mobile.keyword.internal.MobileKeywordMain.stepFailed(MobileKeywordMain.groovy:40)
	at com.kms.katalon.core.mobile.keyword.builtin.VerifyElementExistKeyword$_verifyElementExist_closure1.doCall(VerifyElementExistKeyword.groovy:77)
	at com.kms.katalon.core.mobile.keyword.builtin.VerifyElementExistKeyword$_verifyElementExist_closure1.call(VerifyElementExistKeyword.groovy)
	at com.kms.katalon.core.mobile.keyword.internal.MobileKeywordMain.runKeyword(MobileKeywordMain.groovy:21)
	at com.kms.katalon.core.mobile.keyword.builtin.VerifyElementExistKeyword.verifyElementExist(VerifyElementExistKeyword.groovy:80)
	at com.kms.katalon.core.mobile.keyword.builtin.VerifyElementExistKeyword.execute(VerifyElementExistKeyword.groovy:64)
	at com.kms.katalon.core.keyword.internal.KeywordExecutor.executeKeywordForPlatform(KeywordExecutor.groovy:73)
	at com.kms.katalon.core.mobile.keyword.MobileBuiltInKeywords.verifyElementExist(MobileBuiltInKeywords.groovy:1586)
	at com.kms.katalon.core.mobile.keyword.MobileBuiltInKeywords$verifyElementExist$11.call(Unknown Source)
	at NavigationMenu.run(NavigationMenu:51)
	at com.kms.katalon.core.main.ScriptEngine.run(ScriptEngine.java:194)
	at com.kms.katalon.core.main.ScriptEngine.runScriptAsRawText(ScriptEngine.java:119)
	at com.kms.katalon.core.main.TestCaseExecutor.runScript(TestCaseExecutor.java:398)
	at com.kms.katalon.core.main.TestCaseExecutor.doExecute(TestCaseExecutor.java:389)
	at com.kms.katalon.core.main.TestCaseExecutor.processExecutionPhase(TestCaseExecutor.java:368)
	at com.kms.katalon.core.main.TestCaseExecutor.accessMainPhase(TestCaseExecutor.java:360)
	at com.kms.katalon.core.main.TestCaseExecutor.execute(TestCaseExecutor.java:255)
	at com.kms.katalon.core.main.TestCaseMain.runTestCase(TestCaseMain.java:114)
	at com.kms.katalon.core.keyword.builtin.CallTestCaseKeyword$_callTestCase_closure1.doCall(CallTestCaseKeyword.groovy:59)
	at com.kms.katalon.core.keyword.builtin.CallTestCaseKeyword$_callTestCase_closure1.call(CallTestCaseKeyword.groovy)
	at com.kms.katalon.core.keyword.internal.KeywordMain.runKeyword(KeywordMain.groovy:68)
	at com.kms.katalon.core.keyword.builtin.CallTestCaseKeyword.callTestCase(CallTestCaseKeyword.groovy:81)
	at com.kms.katalon.core.keyword.builtin.CallTestCaseKeyword.execute(CallTestCaseKeyword.groovy:44)
	at com.kms.katalon.core.keyword.internal.KeywordExecutor.executeKeywordForPlatform(KeywordExecutor.groovy:73)
	at com.kms.katalon.core.keyword.BuiltinKeywords.callTestCase(BuiltinKeywords.groovy:334)
	at 002 - Risk Profile analysis.run(002 - Risk Profile analysis:22)
	at com.kms.katalon.core.main.ScriptEngine.run(ScriptEngine.java:194)
	at com.kms.katalon.core.main.ScriptEngine.runScriptAsRawText(ScriptEngine.java:119)
	at com.kms.katalon.core.main.TestCaseExecutor.runScript(TestCaseExecutor.java:398)
	at com.kms.katalon.core.main.TestCaseExecutor.doExecute(TestCaseExecutor.java:389)
	at com.kms.katalon.core.main.TestCaseExecutor.processExecutionPhase(TestCaseExecutor.java:368)
	at com.kms.katalon.core.main.TestCaseExecutor.accessMainPhase(TestCaseExecutor.java:360)
	at com.kms.katalon.core.main.TestCaseExecutor.execute(TestCaseExecutor.java:255)
	at com.kms.katalon.core.main.TestSuiteExecutor.accessTestCaseMainPhase(TestSuiteExecutor.java:203)
	at com.kms.katalon.core.main.TestSuiteExecutor.accessTestSuiteMainPhase(TestSuiteExecutor.java:152)
	at com.kms.katalon.core.main.TestSuiteExecutor.execute(TestSuiteExecutor.java:95)
	at com.kms.katalon.core.main.TestCaseMain.startTestSuite(TestCaseMain.java:157)
	at com.kms.katalon.core.main.TestCaseMain$startTestSuite$0.call(Unknown Source)
	at TempTestSuite1641431492383.run(TempTestSuite1641431492383.groovy:39)
)

2022-01-06 08:32:07 - [TEST_STEP][FAILED] - for ([j = 1, j <= 5, (j++)]): Failed to check for element 'Object Repository/Mobile/Page/NavigationMenu/Container - Risk Profile' exist (Root cause: com.kms.katalon.core.exception.StepFailedException: Element 'Object Repository/Mobile/Page/NavigationMenu/Container - Risk Profile' not found
	at com.kms.katalon.core.keyword.internal.KeywordMain.stepFailed(KeywordMain.groovy:50)
	at com.kms.katalon.core.mobile.keyword.internal.MobileKeywordMain.stepFailed(MobileKeywordMain.groovy:40)
	at com.kms.katalon.core.mobile.keyword.builtin.VerifyElementExistKeyword$_verifyElementExist_closure1.doCall(VerifyElementExistKeyword.groovy:77)
	at com.kms.katalon.core.mobile.keyword.builtin.VerifyElementExistKeyword$_verifyElementExist_closure1.call(VerifyElementExistKeyword.groovy)
	at com.kms.katalon.core.mobile.keyword.internal.MobileKeywordMain.runKeyword(MobileKeywordMain.groovy:21)
	at com.kms.katalon.core.mobile.keyword.builtin.VerifyElementExistKeyword.verifyElementExist(VerifyElementExistKeyword.groovy:80)
	at com.kms.katalon.core.mobile.keyword.builtin.VerifyElementExistKeyword.execute(VerifyElementExistKeyword.groovy:64)
	at com.kms.katalon.core.keyword.internal.KeywordExecutor.executeKeywordForPlatform(KeywordExecutor.groovy:73)
	at com.kms.katalon.core.mobile.keyword.MobileBuiltInKeywords.verifyElementExist(MobileBuiltInKeywords.groovy:1586)
	at com.kms.katalon.core.mobile.keyword.MobileBuiltInKeywords$verifyElementExist$11.call(Unknown Source)
	at NavigationMenu.run(NavigationMenu:51)
	at com.kms.katalon.core.main.ScriptEngine.run(ScriptEngine.java:194)
	at com.kms.katalon.core.main.ScriptEngine.runScriptAsRawText(ScriptEngine.java:119)
	at com.kms.katalon.core.main.TestCaseExecutor.runScript(TestCaseExecutor.java:398)
	at com.kms.katalon.core.main.TestCaseExecutor.doExecute(TestCaseExecutor.java:389)
	at com.kms.katalon.core.main.TestCaseExecutor.processExecutionPhase(TestCaseExecutor.java:368)
	at com.kms.katalon.core.main.TestCaseExecutor.accessMainPhase(TestCaseExecutor.java:360)
	at com.kms.katalon.core.main.TestCaseExecutor.execute(TestCaseExecutor.java:255)
	at com.kms.katalon.core.main.TestCaseMain.runTestCase(TestCaseMain.java:114)
	at com.kms.katalon.core.keyword.builtin.CallTestCaseKeyword$_callTestCase_closure1.doCall(CallTestCaseKeyword.groovy:59)
	at com.kms.katalon.core.keyword.builtin.CallTestCaseKeyword$_callTestCase_closure1.call(CallTestCaseKeyword.groovy)
	at com.kms.katalon.core.keyword.internal.KeywordMain.runKeyword(KeywordMain.groovy:68)
	at com.kms.katalon.core.keyword.builtin.CallTestCaseKeyword.callTestCase(CallTestCaseKeyword.groovy:81)
	at com.kms.katalon.core.keyword.builtin.CallTestCaseKeyword.execute(CallTestCaseKeyword.groovy:44)
	at com.kms.katalon.core.keyword.internal.KeywordExecutor.executeKeywordForPlatform(KeywordExecutor.groovy:73)
	at com.kms.katalon.core.keyword.BuiltinKeywords.callTestCase(BuiltinKeywords.groovy:334)
	at 002 - Risk Profile analysis.run(002 - Risk Profile analysis:22)
	at com.kms.katalon.core.main.ScriptEngine.run(ScriptEngine.java:194)
	at com.kms.katalon.core.main.ScriptEngine.runScriptAsRawText(ScriptEngine.java:119)
	at com.kms.katalon.core.main.TestCaseExecutor.runScript(TestCaseExecutor.java:398)
	at com.kms.katalon.core.main.TestCaseExecutor.doExecute(TestCaseExecutor.java:389)
	at com.kms.katalon.core.main.TestCaseExecutor.processExecutionPhase(TestCaseExecutor.java:368)
	at com.kms.katalon.core.main.TestCaseExecutor.accessMainPhase(TestCaseExecutor.java:360)
	at com.kms.katalon.core.main.TestCaseExecutor.execute(TestCaseExecutor.java:255)
	at com.kms.katalon.core.main.TestSuiteExecutor.accessTestCaseMainPhase(TestSuiteExecutor.java:203)
	at com.kms.katalon.core.main.TestSuiteExecutor.accessTestSuiteMainPhase(TestSuiteExecutor.java:152)
	at com.kms.katalon.core.main.TestSuiteExecutor.execute(TestSuiteExecutor.java:95)
	at com.kms.katalon.core.main.TestCaseMain.startTestSuite(TestCaseMain.java:157)
	at com.kms.katalon.core.main.TestCaseMain$startTestSuite$0.call(Unknown Source)
	at TempTestSuite1641431492383.run(TempTestSuite1641431492383.groovy:39)
)

2022-01-06 08:32:07 - [TEST_STEP][PASSED] - bestsuited = verifyElementExist(NAVM_ContRiskProfile, 2): Element 'Object Repository/Mobile/Page/NavigationMenu/Container - Risk Profile' is exist

2022-01-06 08:32:07 - [MESSAGE][PASSED] - Element 'Object Repository/Mobile/Page/NavigationMenu/Container - Risk Profile' is exist

2022-01-06 08:32:07 - [TEST_STEP][PASSED] - if (!(bestsuited)): null

2022-01-06 08:32:07 - [TEST_STEP][PASSED] - x = getDeviceWidth() * 0.2 * j: Current device physical width is 720

2022-01-06 08:32:08 - [MESSAGE][PASSED] - Current device physical width is 720

2022-01-06 08:32:08 - [TEST_STEP][PASSED] - tapAtPosition(x, y): Tapped at [144, 558]

2022-01-06 08:32:08 - [MESSAGE][PASSED] - Tapped at [144, 558]

2022-01-06 08:32:08 - [TEST_STEP][PASSED] - delay(1): Delayed 1 second(s)

2022-01-06 08:32:09 - [MESSAGE][PASSED] - Delayed 1 second(s)

2022-01-06 08:32:09 - [TEST_STEP][PASSED] - bestsuited = verifyElementExist(NAVM_ContRiskProfile, 2): Element 'Object Repository/Mobile/Page/NavigationMenu/Container - Risk Profile' is exist

2022-01-06 08:32:09 - [MESSAGE][PASSED] - Element 'Object Repository/Mobile/Page/NavigationMenu/Container - Risk Profile' is exist

2022-01-06 08:32:09 - [TEST_STEP][PASSED] - if (!(bestsuited)): null

2022-01-06 08:32:09 - [TEST_STEP][PASSED] - x = getDeviceWidth() * 0.2 * j: Current device physical width is 720

2022-01-06 08:32:09 - [MESSAGE][PASSED] - Current device physical width is 720

2022-01-06 08:32:09 - [TEST_STEP][PASSED] - tapAtPosition(x, y): Tapped at [288, 558]

2022-01-06 08:32:10 - [MESSAGE][PASSED] - Tapped at [288, 558]

2022-01-06 08:32:10 - [TEST_STEP][PASSED] - delay(1): Delayed 1 second(s)

2022-01-06 08:32:11 - [MESSAGE][PASSED] - Delayed 1 second(s)

2022-01-06 08:32:11 - [TEST_STEP][FAILED] - bestsuited = verifyElementExist(NAVM_ContRiskProfile, 2): Failed to check for element 'Object Repository/Mobile/Page/NavigationMenu/Container - Risk Profile' exist (Root cause: com.kms.katalon.core.exception.StepFailedException: Element 'Object Repository/Mobile/Page/NavigationMenu/Container - Risk Profile' not found
	at com.kms.katalon.core.keyword.internal.KeywordMain.stepFailed(KeywordMain.groovy:50)
	at com.kms.katalon.core.mobile.keyword.internal.MobileKeywordMain.stepFailed(MobileKeywordMain.groovy:40)
	at com.kms.katalon.core.mobile.keyword.builtin.VerifyElementExistKeyword$_verifyElementExist_closure1.doCall(VerifyElementExistKeyword.groovy:77)
	at com.kms.katalon.core.mobile.keyword.builtin.VerifyElementExistKeyword$_verifyElementExist_closure1.call(VerifyElementExistKeyword.groovy)
	at com.kms.katalon.core.mobile.keyword.internal.MobileKeywordMain.runKeyword(MobileKeywordMain.groovy:21)
	at com.kms.katalon.core.mobile.keyword.builtin.VerifyElementExistKeyword.verifyElementExist(VerifyElementExistKeyword.groovy:80)
	at com.kms.katalon.core.mobile.keyword.builtin.VerifyElementExistKeyword.execute(VerifyElementExistKeyword.groovy:64)
	at com.kms.katalon.core.keyword.internal.KeywordExecutor.executeKeywordForPlatform(KeywordExecutor.groovy:73)
	at com.kms.katalon.core.mobile.keyword.MobileBuiltInKeywords.verifyElementExist(MobileBuiltInKeywords.groovy:1586)
	at com.kms.katalon.core.mobile.keyword.MobileBuiltInKeywords$verifyElementExist$11.call(Unknown Source)
	at NavigationMenu.run(NavigationMenu:51)
	at com.kms.katalon.core.main.ScriptEngine.run(ScriptEngine.java:194)
	at com.kms.katalon.core.main.ScriptEngine.runScriptAsRawText(ScriptEngine.java:119)
	at com.kms.katalon.core.main.TestCaseExecutor.runScript(TestCaseExecutor.java:398)
	at com.kms.katalon.core.main.TestCaseExecutor.doExecute(TestCaseExecutor.java:389)
	at com.kms.katalon.core.main.TestCaseExecutor.processExecutionPhase(TestCaseExecutor.java:368)
	at com.kms.katalon.core.main.TestCaseExecutor.accessMainPhase(TestCaseExecutor.java:360)
	at com.kms.katalon.core.main.TestCaseExecutor.execute(TestCaseExecutor.java:255)
	at com.kms.katalon.core.main.TestCaseMain.runTestCase(TestCaseMain.java:114)
	at com.kms.katalon.core.keyword.builtin.CallTestCaseKeyword$_callTestCase_closure1.doCall(CallTestCaseKeyword.groovy:59)
	at com.kms.katalon.core.keyword.builtin.CallTestCaseKeyword$_callTestCase_closure1.call(CallTestCaseKeyword.groovy)
	at com.kms.katalon.core.keyword.internal.KeywordMain.runKeyword(KeywordMain.groovy:68)
	at com.kms.katalon.core.keyword.builtin.CallTestCaseKeyword.callTestCase(CallTestCaseKeyword.groovy:81)
	at com.kms.katalon.core.keyword.builtin.CallTestCaseKeyword.execute(CallTestCaseKeyword.groovy:44)
	at com.kms.katalon.core.keyword.internal.KeywordExecutor.executeKeywordForPlatform(KeywordExecutor.groovy:73)
	at com.kms.katalon.core.keyword.BuiltinKeywords.callTestCase(BuiltinKeywords.groovy:334)
	at 002 - Risk Profile analysis.run(002 - Risk Profile analysis:22)
	at com.kms.katalon.core.main.ScriptEngine.run(ScriptEngine.java:194)
	at com.kms.katalon.core.main.ScriptEngine.runScriptAsRawText(ScriptEngine.java:119)
	at com.kms.katalon.core.main.TestCaseExecutor.runScript(TestCaseExecutor.java:398)
	at com.kms.katalon.core.main.TestCaseExecutor.doExecute(TestCaseExecutor.java:389)
	at com.kms.katalon.core.main.TestCaseExecutor.processExecutionPhase(TestCaseExecutor.java:368)
	at com.kms.katalon.core.main.TestCaseExecutor.accessMainPhase(TestCaseExecutor.java:360)
	at com.kms.katalon.core.main.TestCaseExecutor.execute(TestCaseExecutor.java:255)
	at com.kms.katalon.core.main.TestSuiteExecutor.accessTestCaseMainPhase(TestSuiteExecutor.java:203)
	at com.kms.katalon.core.main.TestSuiteExecutor.accessTestSuiteMainPhase(TestSuiteExecutor.java:152)
	at com.kms.katalon.core.main.TestSuiteExecutor.execute(TestSuiteExecutor.java:95)
	at com.kms.katalon.core.main.TestCaseMain.startTestSuite(TestCaseMain.java:157)
	at com.kms.katalon.core.main.TestCaseMain$startTestSuite$0.call(Unknown Source)
	at TempTestSuite1641431492383.run(TempTestSuite1641431492383.groovy:39)
)

2022-01-06 08:32:14 - [MESSAGE][FAILED] - Element 'Object Repository/Mobile/Page/NavigationMenu/Container - Risk Profile' not found
[[ATTACHMENT|C:\\Users\\Owner\\Documents\\kerjaan\\KatalonProject\\qa_katalon_pwm\\qa_katalon_pwm\\Reports\\20220106_081121\\navigationmenu\\20220106_081132\\1641432733813.png]]

2022-01-06 08:32:15 - [MESSAGE][FAILED] - Failed to check for element 'Object Repository/Mobile/Page/NavigationMenu/Container - Risk Profile' exist (Root cause: com.kms.katalon.core.exception.StepFailedException: Element 'Object Repository/Mobile/Page/NavigationMenu/Container - Risk Profile' not found
	at com.kms.katalon.core.keyword.internal.KeywordMain.stepFailed(KeywordMain.groovy:50)
	at com.kms.katalon.core.mobile.keyword.internal.MobileKeywordMain.stepFailed(MobileKeywordMain.groovy:40)
	at com.kms.katalon.core.mobile.keyword.builtin.VerifyElementExistKeyword$_verifyElementExist_closure1.doCall(VerifyElementExistKeyword.groovy:77)
	at com.kms.katalon.core.mobile.keyword.builtin.VerifyElementExistKeyword$_verifyElementExist_closure1.call(VerifyElementExistKeyword.groovy)
	at com.kms.katalon.core.mobile.keyword.internal.MobileKeywordMain.runKeyword(MobileKeywordMain.groovy:21)
	at com.kms.katalon.core.mobile.keyword.builtin.VerifyElementExistKeyword.verifyElementExist(VerifyElementExistKeyword.groovy:80)
	at com.kms.katalon.core.mobile.keyword.builtin.VerifyElementExistKeyword.execute(VerifyElementExistKeyword.groovy:64)
	at com.kms.katalon.core.keyword.internal.KeywordExecutor.executeKeywordForPlatform(KeywordExecutor.groovy:73)
	at com.kms.katalon.core.mobile.keyword.MobileBuiltInKeywords.verifyElementExist(MobileBuiltInKeywords.groovy:1586)
	at com.kms.katalon.core.mobile.keyword.MobileBuiltInKeywords$verifyElementExist$11.call(Unknown Source)
	at NavigationMenu.run(NavigationMenu:51)
	at com.kms.katalon.core.main.ScriptEngine.run(ScriptEngine.java:194)
	at com.kms.katalon.core.main.ScriptEngine.runScriptAsRawText(ScriptEngine.java:119)
	at com.kms.katalon.core.main.TestCaseExecutor.runScript(TestCaseExecutor.java:398)
	at com.kms.katalon.core.main.TestCaseExecutor.doExecute(TestCaseExecutor.java:389)
	at com.kms.katalon.core.main.TestCaseExecutor.processExecutionPhase(TestCaseExecutor.java:368)
	at com.kms.katalon.core.main.TestCaseExecutor.accessMainPhase(TestCaseExecutor.java:360)
	at com.kms.katalon.core.main.TestCaseExecutor.execute(TestCaseExecutor.java:255)
	at com.kms.katalon.core.main.TestCaseMain.runTestCase(TestCaseMain.java:114)
	at com.kms.katalon.core.keyword.builtin.CallTestCaseKeyword$_callTestCase_closure1.doCall(CallTestCaseKeyword.groovy:59)
	at com.kms.katalon.core.keyword.builtin.CallTestCaseKeyword$_callTestCase_closure1.call(CallTestCaseKeyword.groovy)
	at com.kms.katalon.core.keyword.internal.KeywordMain.runKeyword(KeywordMain.groovy:68)
	at com.kms.katalon.core.keyword.builtin.CallTestCaseKeyword.callTestCase(CallTestCaseKeyword.groovy:81)
	at com.kms.katalon.core.keyword.builtin.CallTestCaseKeyword.execute(CallTestCaseKeyword.groovy:44)
	at com.kms.katalon.core.keyword.internal.KeywordExecutor.executeKeywordForPlatform(KeywordExecutor.groovy:73)
	at com.kms.katalon.core.keyword.BuiltinKeywords.callTestCase(BuiltinKeywords.groovy:334)
	at 002 - Risk Profile analysis.run(002 - Risk Profile analysis:22)
	at com.kms.katalon.core.main.ScriptEngine.run(ScriptEngine.java:194)
	at com.kms.katalon.core.main.ScriptEngine.runScriptAsRawText(ScriptEngine.java:119)
	at com.kms.katalon.core.main.TestCaseExecutor.runScript(TestCaseExecutor.java:398)
	at com.kms.katalon.core.main.TestCaseExecutor.doExecute(TestCaseExecutor.java:389)
	at com.kms.katalon.core.main.TestCaseExecutor.processExecutionPhase(TestCaseExecutor.java:368)
	at com.kms.katalon.core.main.TestCaseExecutor.accessMainPhase(TestCaseExecutor.java:360)
	at com.kms.katalon.core.main.TestCaseExecutor.execute(TestCaseExecutor.java:255)
	at com.kms.katalon.core.main.TestSuiteExecutor.accessTestCaseMainPhase(TestSuiteExecutor.java:203)
	at com.kms.katalon.core.main.TestSuiteExecutor.accessTestSuiteMainPhase(TestSuiteExecutor.java:152)
	at com.kms.katalon.core.main.TestSuiteExecutor.execute(TestSuiteExecutor.java:95)
	at com.kms.katalon.core.main.TestCaseMain.startTestSuite(TestCaseMain.java:157)
	at com.kms.katalon.core.main.TestCaseMain$startTestSuite$0.call(Unknown Source)
	at TempTestSuite1641431492383.run(TempTestSuite1641431492383.groovy:39)
)
[[ATTACHMENT|C:\\Users\\Owner\\Documents\\kerjaan\\KatalonProject\\qa_katalon_pwm\\qa_katalon_pwm\\Reports\\20220106_081121\\navigationmenu\\20220106_081132\\1641432734600.png]]

2022-01-06 08:32:15 - [TEST_STEP][PASSED] - catch (Exception e): null

2022-01-06 08:32:15 - [TEST_STEP][PASSED] - rand = new java.util.Random(): null

2022-01-06 08:32:15 - [TEST_STEP][PASSED] - random = rand.nextInt(2): null

2022-01-06 08:32:15 - [TEST_STEP][PASSED] - positionclick.positionclick.clickButtonInBottom(NAVM_RISK_DropHowLong): positionclick.positionclick.clickButtonInBottom is PASSED

2022-01-06 08:32:15 - [MESSAGE][PASSED] - Current device physical width is 720

2022-01-06 08:32:15 - [MESSAGE][WARNING] - Timeout '0' is invalid. Using default page load timeout: '60'

2022-01-06 08:32:15 - [MESSAGE][PASSED] - Object 'Object Repository/Mobile/Page/NavigationMenu/Risk Profile/Dropdown - How Long' has top position '151'

2022-01-06 08:32:15 - [MESSAGE][WARNING] - Timeout '0' is invalid. Using default page load timeout: '60'

2022-01-06 08:32:16 - [MESSAGE][PASSED] - Object 'Object Repository/Mobile/Page/NavigationMenu/Risk Profile/Dropdown - How Long' has height: '126'

2022-01-06 08:32:16 - [MESSAGE][PASSED] - Tapped at [360, 251]

2022-01-06 08:32:16 - [MESSAGE][PASSED] - positionclick.positionclick.clickButtonInBottom is PASSED

2022-01-06 08:32:16 - [TEST_STEP][PASSED] - delay(1): Delayed 1 second(s)

2022-01-06 08:32:17 - [MESSAGE][PASSED] - Delayed 1 second(s)

2022-01-06 08:32:17 - [TEST_STEP][PASSED] - if (random == 0): Tapped on element 'Object Repository/Mobile/Page/NavigationMenu/Risk Profile/Option How Long - 1 to 3'

2022-01-06 08:32:17 - [MESSAGE][WARNING] - Timeout '0' is invalid. Using default page load timeout: '60'

2022-01-06 08:32:18 - [MESSAGE][PASSED] - Tapped on element 'Object Repository/Mobile/Page/NavigationMenu/Risk Profile/Option How Long - 1 to 3'

2022-01-06 08:32:18 - [TEST_STEP][PASSED] - delay(1): Delayed 1 second(s)

2022-01-06 08:32:19 - [MESSAGE][PASSED] - Delayed 1 second(s)

2022-01-06 08:32:19 - [TEST_STEP][PASSED] - random = rand.nextInt(2): null

2022-01-06 08:32:19 - [TEST_STEP][PASSED] - positionclick.positionclick.clickButtonInBottom(NAVM_RISK_DropInvestGoal): positionclick.positionclick.clickButtonInBottom is PASSED

2022-01-06 08:32:19 - [MESSAGE][PASSED] - Current device physical width is 720

2022-01-06 08:32:19 - [MESSAGE][WARNING] - Timeout '0' is invalid. Using default page load timeout: '60'

2022-01-06 08:32:19 - [MESSAGE][PASSED] - Object 'Object Repository/Mobile/Page/NavigationMenu/Risk Profile/Dropdown - Investment Goal' has top position '303'

2022-01-06 08:32:19 - [MESSAGE][WARNING] - Timeout '0' is invalid. Using default page load timeout: '60'

2022-01-06 08:32:20 - [MESSAGE][PASSED] - Object 'Object Repository/Mobile/Page/NavigationMenu/Risk Profile/Dropdown - Investment Goal' has height: '126'

2022-01-06 08:32:21 - [MESSAGE][PASSED] - Tapped at [360, 403]

2022-01-06 08:32:21 - [MESSAGE][PASSED] - positionclick.positionclick.clickButtonInBottom is PASSED

2022-01-06 08:32:21 - [TEST_STEP][PASSED] - delay(1): Delayed 1 second(s)

2022-01-06 08:32:22 - [MESSAGE][PASSED] - Delayed 1 second(s)

2022-01-06 08:32:22 - [TEST_STEP][PASSED] - if (random == 0): null

2022-01-06 08:32:22 - [TEST_STEP][PASSED] - else: Tapped on element 'Object Repository/Mobile/Page/NavigationMenu/Risk Profile/Option Investment Goal - Profit'

2022-01-06 08:32:22 - [TEST_STEP][PASSED] - tap(NAVM_RISK_OptInvestGoalProfit, 0): Tapped on element 'Object Repository/Mobile/Page/NavigationMenu/Risk Profile/Option Investment Goal - Profit'

2022-01-06 08:32:22 - [MESSAGE][WARNING] - Timeout '0' is invalid. Using default page load timeout: '60'

2022-01-06 08:32:23 - [MESSAGE][PASSED] - Tapped on element 'Object Repository/Mobile/Page/NavigationMenu/Risk Profile/Option Investment Goal - Profit'

2022-01-06 08:32:23 - [TEST_STEP][PASSED] - delay(1): Delayed 1 second(s)

2022-01-06 08:32:24 - [MESSAGE][PASSED] - Delayed 1 second(s)

2022-01-06 08:32:24 - [TEST_STEP][PASSED] - random = rand.nextInt(2): null

2022-01-06 08:32:24 - [TEST_STEP][PASSED] - positionclick.positionclick.clickButtonInBottom(NAVM_RISK_DropGenKnowledge): positionclick.positionclick.clickButtonInBottom is PASSED

2022-01-06 08:32:24 - [MESSAGE][PASSED] - Current device physical width is 720

2022-01-06 08:32:24 - [MESSAGE][WARNING] - Timeout '0' is invalid. Using default page load timeout: '60'

2022-01-06 08:32:24 - [MESSAGE][PASSED] - Object 'Object Repository/Mobile/Page/NavigationMenu/Risk Profile/Dropdown - General Knowledge' has top position '456'

2022-01-06 08:32:24 - [MESSAGE][WARNING] - Timeout '0' is invalid. Using default page load timeout: '60'

2022-01-06 08:32:24 - [MESSAGE][PASSED] - Object 'Object Repository/Mobile/Page/NavigationMenu/Risk Profile/Dropdown - General Knowledge' has height: '126'

2022-01-06 08:32:25 - [MESSAGE][PASSED] - Tapped at [360, 556]

2022-01-06 08:32:25 - [MESSAGE][PASSED] - positionclick.positionclick.clickButtonInBottom is PASSED

2022-01-06 08:32:25 - [TEST_STEP][PASSED] - delay(1): Delayed 1 second(s)

2022-01-06 08:32:27 - [MESSAGE][PASSED] - Delayed 1 second(s)

2022-01-06 08:32:27 - [TEST_STEP][PASSED] - if (random == 0): null

2022-01-06 08:32:27 - [TEST_STEP][PASSED] - else: Tapped on element 'Object Repository/Mobile/Page/NavigationMenu/Risk Profile/Option General Knowledge - Quite Good'

2022-01-06 08:32:27 - [TEST_STEP][PASSED] - tap(NAVM_RISK_OptGenKnowledgeQuiteGood, 0): Tapped on element 'Object Repository/Mobile/Page/NavigationMenu/Risk Profile/Option General Knowledge - Quite Good'

2022-01-06 08:32:27 - [MESSAGE][WARNING] - Timeout '0' is invalid. Using default page load timeout: '60'

2022-01-06 08:32:28 - [MESSAGE][PASSED] - Tapped on element 'Object Repository/Mobile/Page/NavigationMenu/Risk Profile/Option General Knowledge - Quite Good'

2022-01-06 08:32:28 - [TEST_STEP][PASSED] - delay(1): Delayed 1 second(s)

2022-01-06 08:32:29 - [MESSAGE][PASSED] - Delayed 1 second(s)

2022-01-06 08:32:29 - [TEST_STEP][PASSED] - random = rand.nextInt(2): null

2022-01-06 08:32:29 - [TEST_STEP][PASSED] - positionclick.positionclick.clickButtonInBottom(NAVM_RISK_DropTotalAmount): positionclick.positionclick.clickButtonInBottom is PASSED

2022-01-06 08:32:29 - [MESSAGE][PASSED] - Current device physical width is 720

2022-01-06 08:32:29 - [MESSAGE][WARNING] - Timeout '0' is invalid. Using default page load timeout: '60'

2022-01-06 08:32:29 - [MESSAGE][PASSED] - Object 'Object Repository/Mobile/Page/NavigationMenu/Risk Profile/Dropdown - Total Amount' has top position '608'

2022-01-06 08:32:29 - [MESSAGE][WARNING] - Timeout '0' is invalid. Using default page load timeout: '60'

2022-01-06 08:32:30 - [MESSAGE][PASSED] - Object 'Object Repository/Mobile/Page/NavigationMenu/Risk Profile/Dropdown - Total Amount' has height: '126'

2022-01-06 08:32:31 - [MESSAGE][PASSED] - Tapped at [360, 708]

2022-01-06 08:32:31 - [MESSAGE][PASSED] - positionclick.positionclick.clickButtonInBottom is PASSED

2022-01-06 08:32:31 - [TEST_STEP][PASSED] - delay(1): Delayed 1 second(s)

2022-01-06 08:32:32 - [MESSAGE][PASSED] - Delayed 1 second(s)

2022-01-06 08:32:32 - [TEST_STEP][PASSED] - if (random == 0): null

2022-01-06 08:32:32 - [TEST_STEP][PASSED] - else: Tapped on element 'Object Repository/Mobile/Page/NavigationMenu/Risk Profile/Option Total Amount - Between 20 and 30'

2022-01-06 08:32:32 - [TEST_STEP][PASSED] - tap(NAVM_RISK_OptTotal20and30, 0): Tapped on element 'Object Repository/Mobile/Page/NavigationMenu/Risk Profile/Option Total Amount - Between 20 and 30'

2022-01-06 08:32:32 - [MESSAGE][WARNING] - Timeout '0' is invalid. Using default page load timeout: '60'

2022-01-06 08:32:32 - [MESSAGE][PASSED] - Tapped on element 'Object Repository/Mobile/Page/NavigationMenu/Risk Profile/Option Total Amount - Between 20 and 30'

2022-01-06 08:32:32 - [TEST_STEP][PASSED] - delay(1): Delayed 1 second(s)

2022-01-06 08:32:33 - [MESSAGE][PASSED] - Delayed 1 second(s)

2022-01-06 08:32:33 - [TEST_STEP][PASSED] - random = rand.nextInt(2): null

2022-01-06 08:32:33 - [TEST_STEP][PASSED] - positionclick.positionclick.clickButtonInBottom(NAVM_RISK_DropRiskLevel): positionclick.positionclick.clickButtonInBottom is PASSED

2022-01-06 08:32:33 - [MESSAGE][PASSED] - Current device physical width is 720

2022-01-06 08:32:33 - [MESSAGE][WARNING] - Timeout '0' is invalid. Using default page load timeout: '60'

2022-01-06 08:32:34 - [MESSAGE][PASSED] - Object 'Object Repository/Mobile/Page/NavigationMenu/Risk Profile/Dropdown - Risk Level' has top position '760'

2022-01-06 08:32:34 - [MESSAGE][WARNING] - Timeout '0' is invalid. Using default page load timeout: '60'

2022-01-06 08:32:34 - [MESSAGE][PASSED] - Object 'Object Repository/Mobile/Page/NavigationMenu/Risk Profile/Dropdown - Risk Level' has height: '126'

2022-01-06 08:32:35 - [MESSAGE][PASSED] - Tapped at [360, 860]

2022-01-06 08:32:35 - [MESSAGE][PASSED] - positionclick.positionclick.clickButtonInBottom is PASSED

2022-01-06 08:32:35 - [TEST_STEP][PASSED] - delay(1): Delayed 1 second(s)

2022-01-06 08:32:36 - [MESSAGE][PASSED] - Delayed 1 second(s)

2022-01-06 08:32:36 - [TEST_STEP][PASSED] - if (random == 0): null

2022-01-06 08:32:36 - [TEST_STEP][PASSED] - else: Tapped on element 'Object Repository/Mobile/Page/NavigationMenu/Risk Profile/Option Risk Level - None'

2022-01-06 08:32:36 - [TEST_STEP][PASSED] - tap(NAVM_RISK_OptRiskLevelNone, 0): Tapped on element 'Object Repository/Mobile/Page/NavigationMenu/Risk Profile/Option Risk Level - None'

2022-01-06 08:32:36 - [MESSAGE][WARNING] - Timeout '0' is invalid. Using default page load timeout: '60'

2022-01-06 08:32:37 - [MESSAGE][PASSED] - Tapped on element 'Object Repository/Mobile/Page/NavigationMenu/Risk Profile/Option Risk Level - None'

2022-01-06 08:32:37 - [TEST_STEP][PASSED] - delay(1): Delayed 1 second(s)

2022-01-06 08:32:38 - [MESSAGE][PASSED] - Delayed 1 second(s)

2022-01-06 08:32:38 - [TEST_STEP][PASSED] - random = rand.nextInt(2): null

2022-01-06 08:32:38 - [TEST_STEP][PASSED] - positionclick.positionclick.clickButtonInBottom(NAVM_RISK_DropBestSuited): positionclick.positionclick.clickButtonInBottom is PASSED

2022-01-06 08:32:39 - [MESSAGE][PASSED] - Current device physical width is 720

2022-01-06 08:32:39 - [MESSAGE][WARNING] - Timeout '0' is invalid. Using default page load timeout: '60'

2022-01-06 08:32:39 - [MESSAGE][PASSED] - Object 'Object Repository/Mobile/Page/NavigationMenu/Risk Profile/Dropdown - Best Suited' has top position '912'

2022-01-06 08:32:39 - [MESSAGE][WARNING] - Timeout '0' is invalid. Using default page load timeout: '60'

2022-01-06 08:32:39 - [MESSAGE][PASSED] - Object 'Object Repository/Mobile/Page/NavigationMenu/Risk Profile/Dropdown - Best Suited' has height: '154'

2022-01-06 08:32:40 - [MESSAGE][PASSED] - Tapped at [360, 1,035]

2022-01-06 08:32:40 - [MESSAGE][PASSED] - positionclick.positionclick.clickButtonInBottom is PASSED

2022-01-06 08:32:40 - [TEST_STEP][PASSED] - delay(1): Delayed 1 second(s)

2022-01-06 08:32:41 - [MESSAGE][PASSED] - Delayed 1 second(s)

2022-01-06 08:32:41 - [TEST_STEP][PASSED] - if (random == 0): null

2022-01-06 08:32:41 - [TEST_STEP][PASSED] - else: Tapped on element 'Object Repository/Mobile/Page/NavigationMenu/Risk Profile/Option Best Suited - Security Deposit'

2022-01-06 08:32:41 - [TEST_STEP][PASSED] - tap(NAVM_RISK_OptBestSuitedSecDeposit, 0): Tapped on element 'Object Repository/Mobile/Page/NavigationMenu/Risk Profile/Option Best Suited - Security Deposit'

2022-01-06 08:32:41 - [MESSAGE][WARNING] - Timeout '0' is invalid. Using default page load timeout: '60'

2022-01-06 08:32:42 - [MESSAGE][PASSED] - Tapped on element 'Object Repository/Mobile/Page/NavigationMenu/Risk Profile/Option Best Suited - Security Deposit'

2022-01-06 08:32:42 - [TEST_STEP][PASSED] - delay(1): Delayed 1 second(s)

2022-01-06 08:32:43 - [MESSAGE][PASSED] - Delayed 1 second(s)

2022-01-06 08:32:43 - [TEST_STEP][PASSED] - tap(NAVM_RISK_BtnCalculate, 0): Tapped on element 'Object Repository/Mobile/Page/NavigationMenu/Risk Profile/Button - Calculate Risk Profile'

2022-01-06 08:32:43 - [MESSAGE][WARNING] - Timeout '0' is invalid. Using default page load timeout: '60'

2022-01-06 08:32:45 - [MESSAGE][PASSED] - Tapped on element 'Object Repository/Mobile/Page/NavigationMenu/Risk Profile/Button - Calculate Risk Profile'

2022-01-06 08:32:45 - [TEST_STEP][PASSED] - delay(1): Delayed 1 second(s)

2022-01-06 08:32:46 - [MESSAGE][PASSED] - Delayed 1 second(s)

2022-01-06 08:32:46 - [TEST_STEP][PASSED] - pressBack(): Press back button successfully

2022-01-06 08:32:46 - [MESSAGE][PASSED] - Press back button successfully

2022-01-06 08:32:46 - [MESSAGE][PASSED] - Call Test Case 'Test Cases/Mobile/Page/NavigationMenu/NavigationMenu' successfully

2022-01-06 08:32:46 - [TEST_STEP][PASSED] - callTestCase(findTestCase("Mobile/Page/Run App/Terminate App"), [:], STOP_ON_FAILURE): Call Test Case 'Test Cases/Mobile/Page/Run App/Terminate App' successfully

2022-01-06 08:32:46 - [TEST_CASE][PASSED] - Test Cases/Mobile/Page/Run App/Terminate App: Test Cases/Mobile/Page/Run App/Terminate App

2022-01-06 08:32:46 - [TEST_STEP][PASSED] - startApp.OpenApp.terminateApplication(): startApp.OpenApp.terminateApplication is PASSED

2022-01-06 08:32:50 - [MESSAGE][PASSED] - Delayed 3 second(s)

2022-01-06 08:32:50 - [MESSAGE][PASSED] - Current device physical width is 720

2022-01-06 08:32:51 - [MESSAGE][PASSED] - Current device physical height is 1423

2022-01-06 08:32:52 - [MESSAGE][PASSED] - Swiped from 360,853 to 360,142

2022-01-06 08:32:53 - [MESSAGE][PASSED] - Delayed 1 second(s)

2022-01-06 08:32:54 - [MESSAGE][PASSED] - Swiped from 360,853 to 360,142

2022-01-06 08:32:57 - [MESSAGE][PASSED] - Delayed 3 second(s)

2022-01-06 08:32:57 - [MESSAGE][PASSED] - startApp.OpenApp.terminateApplication is PASSED

2022-01-06 08:32:57 - [MESSAGE][PASSED] - Call Test Case 'Test Cases/Mobile/Page/Run App/Terminate App' successfully]]></system-out>
         <system-err><![CDATA[]]></system-err>
      </testcase>
      <testcase name="Test Cases/Mobile/Scenario/NavigationMenu/003 - Whatsapp message" time="67.817" classname="Test Cases/Mobile/Scenario/NavigationMenu/003 - Whatsapp message" status="PASSED">
         <system-out><![CDATA[2022-01-06 08:32:57 - [TEST_CASE][PASSED] - Test Cases/Mobile/Scenario/NavigationMenu/003 - Whatsapp message: Test Cases/Mobile/Scenario/NavigationMenu/003 - Whatsapp message

2022-01-06 08:32:58 - [TEST_STEP][PASSED] - callTestCase(findTestCase("Mobile/Page/Run App/Run App byID"), [:], STOP_ON_FAILURE): Call Test Case 'Test Cases/Mobile/Page/Run App/Run App byID' successfully

2022-01-06 08:32:58 - [TEST_CASE][PASSED] - Test Cases/Mobile/Page/Run App/Run App byID: Test Cases/Mobile/Page/Run App/Run App byID

2022-01-06 08:32:58 - [TEST_STEP][PASSED] - startApp.OpenApp.startApplication("id.co.miraeasset.sageclub"): startApp.OpenApp.startApplication is PASSED

2022-01-06 08:33:11 - [MESSAGE][PASSED] - Starting app with application ID: 'id.co.miraeasset.sageclub'

2022-01-06 08:33:11 - [MESSAGE][PASSED] - startApp.OpenApp.startApplication is PASSED

2022-01-06 08:33:11 - [MESSAGE][PASSED] - Call Test Case 'Test Cases/Mobile/Page/Run App/Run App byID' successfully

2022-01-06 08:33:11 - [TEST_STEP][PASSED] - callTestCase(findTestCase("Mobile/Page/NavigationMenu/NavigationMenu"), ["action":"wa"], CONTINUE_ON_FAILURE): Call Test Case 'Test Cases/Mobile/Page/NavigationMenu/NavigationMenu' successfully

2022-01-06 08:33:11 - [TEST_CASE][PASSED] - Test Cases/Mobile/Page/NavigationMenu/NavigationMenu: Test Cases/Mobile/Page/NavigationMenu/NavigationMenu

2022-01-06 08:33:11 - [TEST_STEP][PASSED] - callTestCase(findTestCase("Mobile/Page/CheckLogin"), [:], CONTINUE_ON_FAILURE): Call Test Case 'Test Cases/Mobile/Page/CheckLogin' successfully

2022-01-06 08:33:12 - [TEST_CASE][PASSED] - Test Cases/Mobile/Page/CheckLogin: Test Cases/Mobile/Page/CheckLogin

2022-01-06 08:33:12 - [TEST_STEP][PASSED] - loginCheck = verifyElementExist(LOGN_BtnLogin, 5, CONTINUE_ON_FAILURE): Element 'Object Repository/Mobile/Page/Login/Button - Login' is exist

2022-01-06 08:33:13 - [MESSAGE][PASSED] - Element 'Object Repository/Mobile/Page/Login/Button - Login' is exist

2022-01-06 08:33:13 - [TEST_STEP][PASSED] - if (loginCheck): Call Test Case 'Test Cases/Mobile/Page/Login/Login' successfully

2022-01-06 08:33:13 - [TEST_STEP][PASSED] - callTestCase(findTestCase("Mobile/Page/Login/Login"), ["action":"username"], CONTINUE_ON_FAILURE): Call Test Case 'Test Cases/Mobile/Page/Login/Login' successfully

2022-01-06 08:33:13 - [TEST_CASE][PASSED] - Test Cases/Mobile/Page/Login/Login: Test Cases/Mobile/Page/Login/Login

2022-01-06 08:33:13 - [TEST_STEP][PASSED] - delay(2): Delayed 2 second(s)

2022-01-06 08:33:15 - [MESSAGE][PASSED] - Delayed 2 second(s)

2022-01-06 08:33:15 - [TEST_STEP][PASSED] - for ([i = 0, i < 1, (i++)]): null

2022-01-06 08:33:15 - [TEST_STEP][PASSED] - if (action == "username"): null

2022-01-06 08:33:15 - [TEST_STEP][PASSED] - tap(LOGN_EdtUserID, 0): Tapped on element 'Object Repository/Mobile/Page/Login/Input - UserID'

2022-01-06 08:33:15 - [MESSAGE][WARNING] - Timeout '0' is invalid. Using default page load timeout: '60'

2022-01-06 08:33:16 - [MESSAGE][PASSED] - Tapped on element 'Object Repository/Mobile/Page/Login/Input - UserID'

2022-01-06 08:33:16 - [TEST_STEP][PASSED] - delay(1): Delayed 1 second(s)

2022-01-06 08:33:17 - [MESSAGE][PASSED] - Delayed 1 second(s)

2022-01-06 08:33:17 - [TEST_STEP][PASSED] - setText(LOGN_EdtRdyUserID, "anggaaditya", 0): Text 'anggaaditya' has been set to element 'Object Repository/Mobile/Page/Login/Input Rdy - UserID'

2022-01-06 08:33:17 - [MESSAGE][WARNING] - Timeout '0' is invalid. Using default page load timeout: '60'

2022-01-06 08:33:18 - [MESSAGE][PASSED] - Text 'anggaaditya' has been set to element 'Object Repository/Mobile/Page/Login/Input Rdy - UserID'

2022-01-06 08:33:18 - [TEST_STEP][PASSED] - delay(1): Delayed 1 second(s)

2022-01-06 08:33:19 - [MESSAGE][PASSED] - Delayed 1 second(s)

2022-01-06 08:33:19 - [TEST_STEP][PASSED] - hideKeyboard(): Keyboard is hidden

2022-01-06 08:33:23 - [MESSAGE][PASSED] - Keyboard is hidden

2022-01-06 08:33:23 - [TEST_STEP][PASSED] - tap(LOGN_EdtPassword, 0): Tapped on element 'Object Repository/Mobile/Page/Login/Input - Password'

2022-01-06 08:33:23 - [MESSAGE][WARNING] - Timeout '0' is invalid. Using default page load timeout: '60'

2022-01-06 08:33:24 - [MESSAGE][PASSED] - Tapped on element 'Object Repository/Mobile/Page/Login/Input - Password'

2022-01-06 08:33:24 - [TEST_STEP][PASSED] - delay(1): Delayed 1 second(s)

2022-01-06 08:33:25 - [MESSAGE][PASSED] - Delayed 1 second(s)

2022-01-06 08:33:25 - [TEST_STEP][PASSED] - setText(LOGN_EdtRdyPassword, "Shalawa18", 0): Text 'Shalawa18' has been set to element 'Object Repository/Mobile/Page/Login/Input Rdy - Password'

2022-01-06 08:33:25 - [MESSAGE][WARNING] - Timeout '0' is invalid. Using default page load timeout: '60'

2022-01-06 08:33:26 - [MESSAGE][PASSED] - Text 'Shalawa18' has been set to element 'Object Repository/Mobile/Page/Login/Input Rdy - Password'

2022-01-06 08:33:26 - [TEST_STEP][PASSED] - delay(1): Delayed 1 second(s)

2022-01-06 08:33:27 - [MESSAGE][PASSED] - Delayed 1 second(s)

2022-01-06 08:33:27 - [TEST_STEP][PASSED] - hideKeyboard(): Keyboard is hidden

2022-01-06 08:33:33 - [MESSAGE][PASSED] - Keyboard is hidden

2022-01-06 08:33:33 - [TEST_STEP][PASSED] - tap(LOGN_BtnLogin, 0): Tapped on element 'Object Repository/Mobile/Page/Login/Button - Login'

2022-01-06 08:33:33 - [MESSAGE][WARNING] - Timeout '0' is invalid. Using default page load timeout: '60'

2022-01-06 08:33:34 - [MESSAGE][PASSED] - Tapped on element 'Object Repository/Mobile/Page/Login/Button - Login'

2022-01-06 08:33:34 - [TEST_STEP][PASSED] - delay(2): Delayed 2 second(s)

2022-01-06 08:33:36 - [MESSAGE][PASSED] - Delayed 2 second(s)

2022-01-06 08:33:36 - [TEST_STEP][PASSED] - break: null

2022-01-06 08:33:36 - [MESSAGE][PASSED] - Call Test Case 'Test Cases/Mobile/Page/Login/Login' successfully

2022-01-06 08:33:36 - [MESSAGE][PASSED] - Call Test Case 'Test Cases/Mobile/Page/CheckLogin' successfully

2022-01-06 08:33:36 - [TEST_STEP][PASSED] - delay(3): Delayed 3 second(s)

2022-01-06 08:33:39 - [MESSAGE][PASSED] - Delayed 3 second(s)

2022-01-06 08:33:39 - [TEST_STEP][PASSED] - scroll.scroll.scrollScreenLeftToRight(): scroll.scroll.scrollScreenLeftToRight is PASSED

2022-01-06 08:33:39 - [MESSAGE][PASSED] - Current device physical height is 1423

2022-01-06 08:33:39 - [MESSAGE][PASSED] - Current device physical width is 720

2022-01-06 08:33:39 - [MESSAGE][PASSED] - Current device physical height is 1423

2022-01-06 08:33:41 - [MESSAGE][PASSED] - Swiped from 10,711 to 710,711

2022-01-06 08:33:41 - [MESSAGE][PASSED] - scroll.scroll.scrollScreenLeftToRight is PASSED

2022-01-06 08:33:41 - [TEST_STEP][PASSED] - delay(1): Delayed 1 second(s)

2022-01-06 08:33:42 - [MESSAGE][PASSED] - Delayed 1 second(s)

2022-01-06 08:33:42 - [TEST_STEP][PASSED] - for ([i = 0, i < 1, (i++)]): Delayed 2 second(s)

2022-01-06 08:33:42 - [TEST_STEP][PASSED] - if (action == "downloadtaxreport"): null

2022-01-06 08:33:42 - [TEST_STEP][PASSED] - else if (action == "analyzeprofile"): null

2022-01-06 08:33:42 - [TEST_STEP][PASSED] - else if (action == "wa"): Delayed 2 second(s)

2022-01-06 08:33:42 - [TEST_STEP][PASSED] - tap(NAVM_BtnWhatsapp, 0): Tapped on element 'Object Repository/Mobile/Page/NavigationMenu/Button - Whatsapp'

2022-01-06 08:33:42 - [MESSAGE][WARNING] - Timeout '0' is invalid. Using default page load timeout: '60'

2022-01-06 08:33:42 - [MESSAGE][PASSED] - Tapped on element 'Object Repository/Mobile/Page/NavigationMenu/Button - Whatsapp'

2022-01-06 08:33:42 - [TEST_STEP][PASSED] - delay(2): Delayed 2 second(s)

2022-01-06 08:33:44 - [MESSAGE][PASSED] - Delayed 2 second(s)

2022-01-06 08:33:44 - [MESSAGE][PASSED] - Call Test Case 'Test Cases/Mobile/Page/NavigationMenu/NavigationMenu' successfully

2022-01-06 08:33:44 - [TEST_STEP][PASSED] - callTestCase(findTestCase("Mobile/Page/Run App/Terminate App"), [:], STOP_ON_FAILURE): Call Test Case 'Test Cases/Mobile/Page/Run App/Terminate App' successfully

2022-01-06 08:33:44 - [TEST_CASE][PASSED] - Test Cases/Mobile/Page/Run App/Terminate App: Test Cases/Mobile/Page/Run App/Terminate App

2022-01-06 08:33:44 - [TEST_STEP][PASSED] - startApp.OpenApp.terminateApplication(): startApp.OpenApp.terminateApplication is PASSED

2022-01-06 08:33:47 - [MESSAGE][PASSED] - Delayed 3 second(s)

2022-01-06 08:33:48 - [MESSAGE][PASSED] - Current device physical width is 720

2022-01-06 08:33:48 - [MESSAGE][PASSED] - Current device physical height is 1423

2022-01-06 08:33:49 - [MESSAGE][PASSED] - Swiped from 360,853 to 360,142

2022-01-06 08:33:50 - [MESSAGE][PASSED] - Delayed 1 second(s)

2022-01-06 08:33:52 - [MESSAGE][PASSED] - Swiped from 360,853 to 360,142

2022-01-06 08:33:55 - [MESSAGE][PASSED] - Delayed 3 second(s)

2022-01-06 08:33:55 - [MESSAGE][PASSED] - startApp.OpenApp.terminateApplication is PASSED

2022-01-06 08:33:55 - [MESSAGE][PASSED] - Call Test Case 'Test Cases/Mobile/Page/Run App/Terminate App' successfully

2022-01-06 08:33:55 - [TEST_STEP][PASSED] - callTestCase(findTestCase("Mobile/Page/Run App/Terminate App"), [:], STOP_ON_FAILURE): Call Test Case 'Test Cases/Mobile/Page/Run App/Terminate App' successfully

2022-01-06 08:33:55 - [TEST_CASE][PASSED] - Test Cases/Mobile/Page/Run App/Terminate App: Test Cases/Mobile/Page/Run App/Terminate App

2022-01-06 08:33:55 - [TEST_STEP][PASSED] - startApp.OpenApp.terminateApplication(): startApp.OpenApp.terminateApplication is PASSED

2022-01-06 08:33:58 - [MESSAGE][PASSED] - Delayed 3 second(s)

2022-01-06 08:33:58 - [MESSAGE][PASSED] - Current device physical width is 720

2022-01-06 08:33:58 - [MESSAGE][PASSED] - Current device physical height is 1423

2022-01-06 08:34:00 - [MESSAGE][PASSED] - Swiped from 360,853 to 360,142

2022-01-06 08:34:01 - [MESSAGE][PASSED] - Delayed 1 second(s)

2022-01-06 08:34:02 - [MESSAGE][PASSED] - Swiped from 360,853 to 360,142

2022-01-06 08:34:05 - [MESSAGE][PASSED] - Delayed 3 second(s)

2022-01-06 08:34:05 - [MESSAGE][PASSED] - startApp.OpenApp.terminateApplication is PASSED

2022-01-06 08:34:05 - [MESSAGE][PASSED] - Call Test Case 'Test Cases/Mobile/Page/Run App/Terminate App' successfully]]></system-out>
         <system-err><![CDATA[]]></system-err>
      </testcase>
      <testcase name="Test Cases/Mobile/Scenario/NavigationMenu/004 - Email button" time="67.446" classname="Test Cases/Mobile/Scenario/NavigationMenu/004 - Email button" status="PASSED">
         <system-out><![CDATA[2022-01-06 08:34:05 - [TEST_CASE][PASSED] - Test Cases/Mobile/Scenario/NavigationMenu/004 - Email button: Test Cases/Mobile/Scenario/NavigationMenu/004 - Email button

2022-01-06 08:34:06 - [TEST_STEP][PASSED] - callTestCase(findTestCase("Mobile/Page/Run App/Run App byID"), [:], STOP_ON_FAILURE): Call Test Case 'Test Cases/Mobile/Page/Run App/Run App byID' successfully

2022-01-06 08:34:06 - [TEST_CASE][PASSED] - Test Cases/Mobile/Page/Run App/Run App byID: Test Cases/Mobile/Page/Run App/Run App byID

2022-01-06 08:34:06 - [TEST_STEP][PASSED] - startApp.OpenApp.startApplication("id.co.miraeasset.sageclub"): startApp.OpenApp.startApplication is PASSED

2022-01-06 08:34:19 - [MESSAGE][PASSED] - Starting app with application ID: 'id.co.miraeasset.sageclub'

2022-01-06 08:34:19 - [MESSAGE][PASSED] - startApp.OpenApp.startApplication is PASSED

2022-01-06 08:34:19 - [MESSAGE][PASSED] - Call Test Case 'Test Cases/Mobile/Page/Run App/Run App byID' successfully

2022-01-06 08:34:19 - [TEST_STEP][PASSED] - callTestCase(findTestCase("Mobile/Page/NavigationMenu/NavigationMenu"), ["action":"email"], CONTINUE_ON_FAILURE): Call Test Case 'Test Cases/Mobile/Page/NavigationMenu/NavigationMenu' successfully

2022-01-06 08:34:19 - [TEST_CASE][PASSED] - Test Cases/Mobile/Page/NavigationMenu/NavigationMenu: Test Cases/Mobile/Page/NavigationMenu/NavigationMenu

2022-01-06 08:34:20 - [TEST_STEP][PASSED] - callTestCase(findTestCase("Mobile/Page/CheckLogin"), [:], CONTINUE_ON_FAILURE): Call Test Case 'Test Cases/Mobile/Page/CheckLogin' successfully

2022-01-06 08:34:20 - [TEST_CASE][PASSED] - Test Cases/Mobile/Page/CheckLogin: Test Cases/Mobile/Page/CheckLogin

2022-01-06 08:34:20 - [TEST_STEP][PASSED] - loginCheck = verifyElementExist(LOGN_BtnLogin, 5, CONTINUE_ON_FAILURE): Element 'Object Repository/Mobile/Page/Login/Button - Login' is exist

2022-01-06 08:34:21 - [MESSAGE][PASSED] - Element 'Object Repository/Mobile/Page/Login/Button - Login' is exist

2022-01-06 08:34:21 - [TEST_STEP][PASSED] - if (loginCheck): Call Test Case 'Test Cases/Mobile/Page/Login/Login' successfully

2022-01-06 08:34:21 - [TEST_STEP][PASSED] - callTestCase(findTestCase("Mobile/Page/Login/Login"), ["action":"username"], CONTINUE_ON_FAILURE): Call Test Case 'Test Cases/Mobile/Page/Login/Login' successfully

2022-01-06 08:34:21 - [TEST_CASE][PASSED] - Test Cases/Mobile/Page/Login/Login: Test Cases/Mobile/Page/Login/Login

2022-01-06 08:34:21 - [TEST_STEP][PASSED] - delay(2): Delayed 2 second(s)

2022-01-06 08:34:23 - [MESSAGE][PASSED] - Delayed 2 second(s)

2022-01-06 08:34:23 - [TEST_STEP][PASSED] - for ([i = 0, i < 1, (i++)]): null

2022-01-06 08:34:23 - [TEST_STEP][PASSED] - if (action == "username"): null

2022-01-06 08:34:23 - [TEST_STEP][PASSED] - tap(LOGN_EdtUserID, 0): Tapped on element 'Object Repository/Mobile/Page/Login/Input - UserID'

2022-01-06 08:34:23 - [MESSAGE][WARNING] - Timeout '0' is invalid. Using default page load timeout: '60'

2022-01-06 08:34:24 - [MESSAGE][PASSED] - Tapped on element 'Object Repository/Mobile/Page/Login/Input - UserID'

2022-01-06 08:34:24 - [TEST_STEP][PASSED] - delay(1): Delayed 1 second(s)

2022-01-06 08:34:25 - [MESSAGE][PASSED] - Delayed 1 second(s)

2022-01-06 08:34:25 - [TEST_STEP][PASSED] - setText(LOGN_EdtRdyUserID, "anggaaditya", 0): Text 'anggaaditya' has been set to element 'Object Repository/Mobile/Page/Login/Input Rdy - UserID'

2022-01-06 08:34:25 - [MESSAGE][WARNING] - Timeout '0' is invalid. Using default page load timeout: '60'

2022-01-06 08:34:26 - [MESSAGE][PASSED] - Text 'anggaaditya' has been set to element 'Object Repository/Mobile/Page/Login/Input Rdy - UserID'

2022-01-06 08:34:26 - [TEST_STEP][PASSED] - delay(1): Delayed 1 second(s)

2022-01-06 08:34:27 - [MESSAGE][PASSED] - Delayed 1 second(s)

2022-01-06 08:34:27 - [TEST_STEP][PASSED] - hideKeyboard(): Keyboard is hidden

2022-01-06 08:34:31 - [MESSAGE][PASSED] - Keyboard is hidden

2022-01-06 08:34:31 - [TEST_STEP][PASSED] - tap(LOGN_EdtPassword, 0): Tapped on element 'Object Repository/Mobile/Page/Login/Input - Password'

2022-01-06 08:34:31 - [MESSAGE][WARNING] - Timeout '0' is invalid. Using default page load timeout: '60'

2022-01-06 08:34:31 - [MESSAGE][PASSED] - Tapped on element 'Object Repository/Mobile/Page/Login/Input - Password'

2022-01-06 08:34:31 - [TEST_STEP][PASSED] - delay(1): Delayed 1 second(s)

2022-01-06 08:34:32 - [MESSAGE][PASSED] - Delayed 1 second(s)

2022-01-06 08:34:32 - [TEST_STEP][PASSED] - setText(LOGN_EdtRdyPassword, "Shalawa18", 0): Text 'Shalawa18' has been set to element 'Object Repository/Mobile/Page/Login/Input Rdy - Password'

2022-01-06 08:34:32 - [MESSAGE][WARNING] - Timeout '0' is invalid. Using default page load timeout: '60'

2022-01-06 08:34:33 - [MESSAGE][PASSED] - Text 'Shalawa18' has been set to element 'Object Repository/Mobile/Page/Login/Input Rdy - Password'

2022-01-06 08:34:33 - [TEST_STEP][PASSED] - delay(1): Delayed 1 second(s)

2022-01-06 08:34:34 - [MESSAGE][PASSED] - Delayed 1 second(s)

2022-01-06 08:34:34 - [TEST_STEP][PASSED] - hideKeyboard(): Keyboard is hidden

2022-01-06 08:34:40 - [MESSAGE][PASSED] - Keyboard is hidden

2022-01-06 08:34:40 - [TEST_STEP][PASSED] - tap(LOGN_BtnLogin, 0): Tapped on element 'Object Repository/Mobile/Page/Login/Button - Login'

2022-01-06 08:34:40 - [MESSAGE][WARNING] - Timeout '0' is invalid. Using default page load timeout: '60'

2022-01-06 08:34:41 - [MESSAGE][PASSED] - Tapped on element 'Object Repository/Mobile/Page/Login/Button - Login'

2022-01-06 08:34:41 - [TEST_STEP][PASSED] - delay(2): Delayed 2 second(s)

2022-01-06 08:34:43 - [MESSAGE][PASSED] - Delayed 2 second(s)

2022-01-06 08:34:43 - [TEST_STEP][PASSED] - break: null

2022-01-06 08:34:43 - [MESSAGE][PASSED] - Call Test Case 'Test Cases/Mobile/Page/Login/Login' successfully

2022-01-06 08:34:43 - [MESSAGE][PASSED] - Call Test Case 'Test Cases/Mobile/Page/CheckLogin' successfully

2022-01-06 08:34:43 - [TEST_STEP][PASSED] - delay(3): Delayed 3 second(s)

2022-01-06 08:34:46 - [MESSAGE][PASSED] - Delayed 3 second(s)

2022-01-06 08:34:46 - [TEST_STEP][PASSED] - scroll.scroll.scrollScreenLeftToRight(): scroll.scroll.scrollScreenLeftToRight is PASSED

2022-01-06 08:34:46 - [MESSAGE][PASSED] - Current device physical height is 1423

2022-01-06 08:34:47 - [MESSAGE][PASSED] - Current device physical width is 720

2022-01-06 08:34:47 - [MESSAGE][PASSED] - Current device physical height is 1423

2022-01-06 08:34:48 - [MESSAGE][PASSED] - Swiped from 10,711 to 710,711

2022-01-06 08:34:48 - [MESSAGE][PASSED] - scroll.scroll.scrollScreenLeftToRight is PASSED

2022-01-06 08:34:48 - [TEST_STEP][PASSED] - delay(1): Delayed 1 second(s)

2022-01-06 08:34:49 - [MESSAGE][PASSED] - Delayed 1 second(s)

2022-01-06 08:34:49 - [TEST_STEP][PASSED] - for ([i = 0, i < 1, (i++)]): Delayed 2 second(s)

2022-01-06 08:34:49 - [TEST_STEP][PASSED] - if (action == "downloadtaxreport"): null

2022-01-06 08:34:49 - [TEST_STEP][PASSED] - else if (action == "analyzeprofile"): null

2022-01-06 08:34:49 - [TEST_STEP][PASSED] - else if (action == "wa"): null

2022-01-06 08:34:49 - [TEST_STEP][PASSED] - else if (action == "email"): Delayed 2 second(s)

2022-01-06 08:34:49 - [TEST_STEP][PASSED] - tap(NAVM_BtnEmail, 0): Tapped on element 'Object Repository/Mobile/Page/NavigationMenu/Button - Email'

2022-01-06 08:34:49 - [MESSAGE][WARNING] - Timeout '0' is invalid. Using default page load timeout: '60'

2022-01-06 08:34:50 - [MESSAGE][PASSED] - Tapped on element 'Object Repository/Mobile/Page/NavigationMenu/Button - Email'

2022-01-06 08:34:50 - [TEST_STEP][PASSED] - delay(2): Delayed 2 second(s)

2022-01-06 08:34:52 - [MESSAGE][PASSED] - Delayed 2 second(s)

2022-01-06 08:34:52 - [MESSAGE][PASSED] - Call Test Case 'Test Cases/Mobile/Page/NavigationMenu/NavigationMenu' successfully

2022-01-06 08:34:52 - [TEST_STEP][PASSED] - callTestCase(findTestCase("Mobile/Page/Run App/Terminate App"), [:], STOP_ON_FAILURE): Call Test Case 'Test Cases/Mobile/Page/Run App/Terminate App' successfully

2022-01-06 08:34:52 - [TEST_CASE][PASSED] - Test Cases/Mobile/Page/Run App/Terminate App: Test Cases/Mobile/Page/Run App/Terminate App

2022-01-06 08:34:52 - [TEST_STEP][PASSED] - startApp.OpenApp.terminateApplication(): startApp.OpenApp.terminateApplication is PASSED

2022-01-06 08:34:55 - [MESSAGE][PASSED] - Delayed 3 second(s)

2022-01-06 08:34:55 - [MESSAGE][PASSED] - Current device physical width is 720

2022-01-06 08:34:55 - [MESSAGE][PASSED] - Current device physical height is 1423

2022-01-06 08:34:57 - [MESSAGE][PASSED] - Swiped from 360,853 to 360,142

2022-01-06 08:34:58 - [MESSAGE][PASSED] - Delayed 1 second(s)

2022-01-06 08:34:59 - [MESSAGE][PASSED] - Swiped from 360,853 to 360,142

2022-01-06 08:35:02 - [MESSAGE][PASSED] - Delayed 3 second(s)

2022-01-06 08:35:02 - [MESSAGE][PASSED] - startApp.OpenApp.terminateApplication is PASSED

2022-01-06 08:35:02 - [MESSAGE][PASSED] - Call Test Case 'Test Cases/Mobile/Page/Run App/Terminate App' successfully

2022-01-06 08:35:02 - [TEST_STEP][PASSED] - callTestCase(findTestCase("Mobile/Page/Run App/Terminate App"), [:], STOP_ON_FAILURE): Call Test Case 'Test Cases/Mobile/Page/Run App/Terminate App' successfully

2022-01-06 08:35:02 - [TEST_CASE][PASSED] - Test Cases/Mobile/Page/Run App/Terminate App: Test Cases/Mobile/Page/Run App/Terminate App

2022-01-06 08:35:02 - [TEST_STEP][PASSED] - startApp.OpenApp.terminateApplication(): startApp.OpenApp.terminateApplication is PASSED

2022-01-06 08:35:05 - [MESSAGE][PASSED] - Delayed 3 second(s)

2022-01-06 08:35:06 - [MESSAGE][PASSED] - Current device physical width is 720

2022-01-06 08:35:06 - [MESSAGE][PASSED] - Current device physical height is 1423

2022-01-06 08:35:07 - [MESSAGE][PASSED] - Swiped from 360,853 to 360,142

2022-01-06 08:35:08 - [MESSAGE][PASSED] - Delayed 1 second(s)

2022-01-06 08:35:09 - [MESSAGE][PASSED] - Swiped from 360,853 to 360,142

2022-01-06 08:35:12 - [MESSAGE][PASSED] - Delayed 3 second(s)

2022-01-06 08:35:12 - [MESSAGE][PASSED] - startApp.OpenApp.terminateApplication is PASSED

2022-01-06 08:35:12 - [MESSAGE][PASSED] - Call Test Case 'Test Cases/Mobile/Page/Run App/Terminate App' successfully]]></system-out>
         <system-err><![CDATA[]]></system-err>
      </testcase>
      <testcase name="Test Cases/Mobile/Scenario/NavigationMenu/005 - Settings" time="94.891" classname="Test Cases/Mobile/Scenario/NavigationMenu/005 - Settings" status="PASSED">
         <system-out><![CDATA[2022-01-06 08:35:13 - [TEST_CASE][PASSED] - Test Cases/Mobile/Scenario/NavigationMenu/005 - Settings: Test Cases/Mobile/Scenario/NavigationMenu/005 - Settings

2022-01-06 08:35:13 - [TEST_STEP][PASSED] - callTestCase(findTestCase("Mobile/Page/Run App/Run App byID"), [:], STOP_ON_FAILURE): Call Test Case 'Test Cases/Mobile/Page/Run App/Run App byID' successfully

2022-01-06 08:35:13 - [TEST_CASE][PASSED] - Test Cases/Mobile/Page/Run App/Run App byID: Test Cases/Mobile/Page/Run App/Run App byID

2022-01-06 08:35:13 - [TEST_STEP][PASSED] - startApp.OpenApp.startApplication("id.co.miraeasset.sageclub"): startApp.OpenApp.startApplication is PASSED

2022-01-06 08:35:27 - [MESSAGE][PASSED] - Starting app with application ID: 'id.co.miraeasset.sageclub'

2022-01-06 08:35:27 - [MESSAGE][PASSED] - startApp.OpenApp.startApplication is PASSED

2022-01-06 08:35:27 - [MESSAGE][PASSED] - Call Test Case 'Test Cases/Mobile/Page/Run App/Run App byID' successfully

2022-01-06 08:35:27 - [TEST_STEP][PASSED] - callTestCase(findTestCase("Mobile/Page/NavigationMenu/NavigationMenu"), ["action":"setting"], CONTINUE_ON_FAILURE): Call Test Case 'Test Cases/Mobile/Page/NavigationMenu/NavigationMenu' successfully

2022-01-06 08:35:27 - [TEST_CASE][PASSED] - Test Cases/Mobile/Page/NavigationMenu/NavigationMenu: Test Cases/Mobile/Page/NavigationMenu/NavigationMenu

2022-01-06 08:35:27 - [TEST_STEP][PASSED] - callTestCase(findTestCase("Mobile/Page/CheckLogin"), [:], CONTINUE_ON_FAILURE): Call Test Case 'Test Cases/Mobile/Page/CheckLogin' successfully

2022-01-06 08:35:27 - [TEST_CASE][PASSED] - Test Cases/Mobile/Page/CheckLogin: Test Cases/Mobile/Page/CheckLogin

2022-01-06 08:35:27 - [TEST_STEP][PASSED] - loginCheck = verifyElementExist(LOGN_BtnLogin, 5, CONTINUE_ON_FAILURE): Element 'Object Repository/Mobile/Page/Login/Button - Login' is exist

2022-01-06 08:35:29 - [MESSAGE][PASSED] - Element 'Object Repository/Mobile/Page/Login/Button - Login' is exist

2022-01-06 08:35:29 - [TEST_STEP][PASSED] - if (loginCheck): Call Test Case 'Test Cases/Mobile/Page/Login/Login' successfully

2022-01-06 08:35:29 - [TEST_STEP][PASSED] - callTestCase(findTestCase("Mobile/Page/Login/Login"), ["action":"username"], CONTINUE_ON_FAILURE): Call Test Case 'Test Cases/Mobile/Page/Login/Login' successfully

2022-01-06 08:35:29 - [TEST_CASE][PASSED] - Test Cases/Mobile/Page/Login/Login: Test Cases/Mobile/Page/Login/Login

2022-01-06 08:35:29 - [TEST_STEP][PASSED] - delay(2): Delayed 2 second(s)

2022-01-06 08:35:31 - [MESSAGE][PASSED] - Delayed 2 second(s)

2022-01-06 08:35:31 - [TEST_STEP][PASSED] - for ([i = 0, i < 1, (i++)]): null

2022-01-06 08:35:31 - [TEST_STEP][PASSED] - if (action == "username"): null

2022-01-06 08:35:31 - [TEST_STEP][PASSED] - tap(LOGN_EdtUserID, 0): Tapped on element 'Object Repository/Mobile/Page/Login/Input - UserID'

2022-01-06 08:35:31 - [MESSAGE][WARNING] - Timeout '0' is invalid. Using default page load timeout: '60'

2022-01-06 08:35:32 - [MESSAGE][PASSED] - Tapped on element 'Object Repository/Mobile/Page/Login/Input - UserID'

2022-01-06 08:35:32 - [TEST_STEP][PASSED] - delay(1): Delayed 1 second(s)

2022-01-06 08:35:33 - [MESSAGE][PASSED] - Delayed 1 second(s)

2022-01-06 08:35:33 - [TEST_STEP][PASSED] - setText(LOGN_EdtRdyUserID, "anggaaditya", 0): Text 'anggaaditya' has been set to element 'Object Repository/Mobile/Page/Login/Input Rdy - UserID'

2022-01-06 08:35:33 - [MESSAGE][WARNING] - Timeout '0' is invalid. Using default page load timeout: '60'

2022-01-06 08:35:33 - [MESSAGE][PASSED] - Text 'anggaaditya' has been set to element 'Object Repository/Mobile/Page/Login/Input Rdy - UserID'

2022-01-06 08:35:33 - [TEST_STEP][PASSED] - delay(1): Delayed 1 second(s)

2022-01-06 08:35:34 - [MESSAGE][PASSED] - Delayed 1 second(s)

2022-01-06 08:35:34 - [TEST_STEP][PASSED] - hideKeyboard(): Keyboard is hidden

2022-01-06 08:35:38 - [MESSAGE][PASSED] - Keyboard is hidden

2022-01-06 08:35:38 - [TEST_STEP][PASSED] - tap(LOGN_EdtPassword, 0): Tapped on element 'Object Repository/Mobile/Page/Login/Input - Password'

2022-01-06 08:35:38 - [MESSAGE][WARNING] - Timeout '0' is invalid. Using default page load timeout: '60'

2022-01-06 08:35:39 - [MESSAGE][PASSED] - Tapped on element 'Object Repository/Mobile/Page/Login/Input - Password'

2022-01-06 08:35:39 - [TEST_STEP][PASSED] - delay(1): Delayed 1 second(s)

2022-01-06 08:35:40 - [MESSAGE][PASSED] - Delayed 1 second(s)

2022-01-06 08:35:40 - [TEST_STEP][PASSED] - setText(LOGN_EdtRdyPassword, "Shalawa18", 0): Text 'Shalawa18' has been set to element 'Object Repository/Mobile/Page/Login/Input Rdy - Password'

2022-01-06 08:35:40 - [MESSAGE][WARNING] - Timeout '0' is invalid. Using default page load timeout: '60'

2022-01-06 08:35:40 - [MESSAGE][PASSED] - Text 'Shalawa18' has been set to element 'Object Repository/Mobile/Page/Login/Input Rdy - Password'

2022-01-06 08:35:40 - [TEST_STEP][PASSED] - delay(1): Delayed 1 second(s)

2022-01-06 08:35:41 - [MESSAGE][PASSED] - Delayed 1 second(s)

2022-01-06 08:35:41 - [TEST_STEP][PASSED] - hideKeyboard(): Keyboard is hidden

2022-01-06 08:35:48 - [MESSAGE][PASSED] - Keyboard is hidden

2022-01-06 08:35:48 - [TEST_STEP][PASSED] - tap(LOGN_BtnLogin, 0): Tapped on element 'Object Repository/Mobile/Page/Login/Button - Login'

2022-01-06 08:35:48 - [MESSAGE][WARNING] - Timeout '0' is invalid. Using default page load timeout: '60'

2022-01-06 08:35:49 - [MESSAGE][PASSED] - Tapped on element 'Object Repository/Mobile/Page/Login/Button - Login'

2022-01-06 08:35:49 - [TEST_STEP][PASSED] - delay(2): Delayed 2 second(s)

2022-01-06 08:35:51 - [MESSAGE][PASSED] - Delayed 2 second(s)

2022-01-06 08:35:51 - [TEST_STEP][PASSED] - break: null

2022-01-06 08:35:51 - [MESSAGE][PASSED] - Call Test Case 'Test Cases/Mobile/Page/Login/Login' successfully

2022-01-06 08:35:51 - [MESSAGE][PASSED] - Call Test Case 'Test Cases/Mobile/Page/CheckLogin' successfully

2022-01-06 08:35:51 - [TEST_STEP][PASSED] - delay(3): Delayed 3 second(s)

2022-01-06 08:35:54 - [MESSAGE][PASSED] - Delayed 3 second(s)

2022-01-06 08:35:54 - [TEST_STEP][PASSED] - scroll.scroll.scrollScreenLeftToRight(): scroll.scroll.scrollScreenLeftToRight is PASSED

2022-01-06 08:35:54 - [MESSAGE][PASSED] - Current device physical height is 1423

2022-01-06 08:35:54 - [MESSAGE][PASSED] - Current device physical width is 720

2022-01-06 08:35:55 - [MESSAGE][PASSED] - Current device physical height is 1423

2022-01-06 08:35:56 - [MESSAGE][PASSED] - Swiped from 10,711 to 710,711

2022-01-06 08:35:56 - [MESSAGE][PASSED] - scroll.scroll.scrollScreenLeftToRight is PASSED

2022-01-06 08:35:56 - [TEST_STEP][PASSED] - delay(1): Delayed 1 second(s)

2022-01-06 08:35:57 - [MESSAGE][PASSED] - Delayed 1 second(s)

2022-01-06 08:35:57 - [TEST_STEP][PASSED] - for ([i = 0, i < 1, (i++)]): Delayed 1 second(s)

2022-01-06 08:35:57 - [TEST_STEP][PASSED] - if (action == "downloadtaxreport"): null

2022-01-06 08:35:57 - [TEST_STEP][PASSED] - else if (action == "analyzeprofile"): null

2022-01-06 08:35:57 - [TEST_STEP][PASSED] - else if (action == "wa"): null

2022-01-06 08:35:57 - [TEST_STEP][PASSED] - else if (action == "email"): null

2022-01-06 08:35:57 - [TEST_STEP][PASSED] - else if (action == "setting"): Delayed 1 second(s)

2022-01-06 08:35:57 - [TEST_STEP][PASSED] - setting = NAVM_BtnSettings: null

2022-01-06 08:35:57 - [TEST_STEP][PASSED] - top = getElementTopPosition(setting, 0): Object 'Object Repository/Mobile/Page/NavigationMenu/Button - Settings' has top position '856'

2022-01-06 08:35:57 - [MESSAGE][WARNING] - Timeout '0' is invalid. Using default page load timeout: '60'

2022-01-06 08:35:57 - [MESSAGE][PASSED] - Object 'Object Repository/Mobile/Page/NavigationMenu/Button - Settings' has top position '856'

2022-01-06 08:35:57 - [TEST_STEP][PASSED] - y = getElementHeight(setting, 0) * 0.8 + top: Object 'Object Repository/Mobile/Page/NavigationMenu/Button - Settings' has height: '98'

2022-01-06 08:35:57 - [MESSAGE][WARNING] - Timeout '0' is invalid. Using default page load timeout: '60'

2022-01-06 08:35:57 - [MESSAGE][PASSED] - Object 'Object Repository/Mobile/Page/NavigationMenu/Button - Settings' has height: '98'

2022-01-06 08:35:57 - [TEST_STEP][PASSED] - x = getDeviceWidth() * 0.2: Current device physical width is 720

2022-01-06 08:35:58 - [MESSAGE][PASSED] - Current device physical width is 720

2022-01-06 08:35:58 - [TEST_STEP][PASSED] - tapAtPosition(x, y): Tapped at [144, 934]

2022-01-06 08:35:59 - [MESSAGE][PASSED] - Tapped at [144, 934]

2022-01-06 08:35:59 - [TEST_STEP][PASSED] - delay(1): Delayed 1 second(s)

2022-01-06 08:36:00 - [MESSAGE][PASSED] - Delayed 1 second(s)

2022-01-06 08:36:00 - [TEST_STEP][PASSED] - tap(NAVM_SETT_DropGain, 0): Tapped on element 'Object Repository/Mobile/Page/NavigationMenu/Settings/Dropdown - Gain'

2022-01-06 08:36:00 - [MESSAGE][WARNING] - Timeout '0' is invalid. Using default page load timeout: '60'

2022-01-06 08:36:02 - [MESSAGE][PASSED] - Tapped on element 'Object Repository/Mobile/Page/NavigationMenu/Settings/Dropdown - Gain'

2022-01-06 08:36:02 - [TEST_STEP][PASSED] - delay(1): Delayed 1 second(s)

2022-01-06 08:36:03 - [MESSAGE][PASSED] - Delayed 1 second(s)

2022-01-06 08:36:03 - [TEST_STEP][PASSED] - tap(NAVM_SETT_OptGain5, 0): Tapped on element 'Object Repository/Mobile/Page/NavigationMenu/Settings/Option Gain - 5'

2022-01-06 08:36:03 - [MESSAGE][WARNING] - Timeout '0' is invalid. Using default page load timeout: '60'

2022-01-06 08:36:04 - [MESSAGE][PASSED] - Tapped on element 'Object Repository/Mobile/Page/NavigationMenu/Settings/Option Gain - 5'

2022-01-06 08:36:04 - [TEST_STEP][PASSED] - delay(1): Delayed 1 second(s)

2022-01-06 08:36:05 - [MESSAGE][PASSED] - Delayed 1 second(s)

2022-01-06 08:36:05 - [TEST_STEP][PASSED] - tap(NAVM_SETT_SwitchGain, 0): Tapped on element 'Object Repository/Mobile/Page/NavigationMenu/Settings/Switch - Gain'

2022-01-06 08:36:05 - [MESSAGE][WARNING] - Timeout '0' is invalid. Using default page load timeout: '60'

2022-01-06 08:36:05 - [MESSAGE][PASSED] - Tapped on element 'Object Repository/Mobile/Page/NavigationMenu/Settings/Switch - Gain'

2022-01-06 08:36:05 - [TEST_STEP][PASSED] - delay(1): Delayed 1 second(s)

2022-01-06 08:36:06 - [MESSAGE][PASSED] - Delayed 1 second(s)

2022-01-06 08:36:06 - [TEST_STEP][PASSED] - tap(NAVM_SETT_SwitchGain, 0): Tapped on element 'Object Repository/Mobile/Page/NavigationMenu/Settings/Switch - Gain'

2022-01-06 08:36:06 - [MESSAGE][WARNING] - Timeout '0' is invalid. Using default page load timeout: '60'

2022-01-06 08:36:07 - [MESSAGE][PASSED] - Tapped on element 'Object Repository/Mobile/Page/NavigationMenu/Settings/Switch - Gain'

2022-01-06 08:36:07 - [TEST_STEP][PASSED] - delay(1): Delayed 1 second(s)

2022-01-06 08:36:08 - [MESSAGE][PASSED] - Delayed 1 second(s)

2022-01-06 08:36:08 - [TEST_STEP][PASSED] - tap(NAVM_SETT_DropLoss, 0): Tapped on element 'Object Repository/Mobile/Page/NavigationMenu/Settings/Dropdown - Loss'

2022-01-06 08:36:08 - [MESSAGE][WARNING] - Timeout '0' is invalid. Using default page load timeout: '60'

2022-01-06 08:36:09 - [MESSAGE][PASSED] - Tapped on element 'Object Repository/Mobile/Page/NavigationMenu/Settings/Dropdown - Loss'

2022-01-06 08:36:09 - [TEST_STEP][PASSED] - delay(1): Delayed 1 second(s)

2022-01-06 08:36:10 - [MESSAGE][PASSED] - Delayed 1 second(s)

2022-01-06 08:36:10 - [TEST_STEP][PASSED] - tap(NAVM_SETT_OptLoss5, 0): Tapped on element 'Object Repository/Mobile/Page/NavigationMenu/Settings/Option Loss - 5'

2022-01-06 08:36:10 - [MESSAGE][WARNING] - Timeout '0' is invalid. Using default page load timeout: '60'

2022-01-06 08:36:11 - [MESSAGE][PASSED] - Tapped on element 'Object Repository/Mobile/Page/NavigationMenu/Settings/Option Loss - 5'

2022-01-06 08:36:11 - [TEST_STEP][PASSED] - delay(1): Delayed 1 second(s)

2022-01-06 08:36:12 - [MESSAGE][PASSED] - Delayed 1 second(s)

2022-01-06 08:36:12 - [TEST_STEP][PASSED] - tap(NAVM_SETT_SwitchLoss, 0): Tapped on element 'Object Repository/Mobile/Page/NavigationMenu/Settings/Switch - Loss'

2022-01-06 08:36:12 - [MESSAGE][WARNING] - Timeout '0' is invalid. Using default page load timeout: '60'

2022-01-06 08:36:13 - [MESSAGE][PASSED] - Tapped on element 'Object Repository/Mobile/Page/NavigationMenu/Settings/Switch - Loss'

2022-01-06 08:36:13 - [TEST_STEP][PASSED] - delay(1): Delayed 1 second(s)

2022-01-06 08:36:14 - [MESSAGE][PASSED] - Delayed 1 second(s)

2022-01-06 08:36:14 - [TEST_STEP][PASSED] - tap(NAVM_SETT_SwitchLoss, 0): Tapped on element 'Object Repository/Mobile/Page/NavigationMenu/Settings/Switch - Loss'

2022-01-06 08:36:14 - [MESSAGE][WARNING] - Timeout '0' is invalid. Using default page load timeout: '60'

2022-01-06 08:36:15 - [MESSAGE][PASSED] - Tapped on element 'Object Repository/Mobile/Page/NavigationMenu/Settings/Switch - Loss'

2022-01-06 08:36:15 - [TEST_STEP][PASSED] - delay(1): Delayed 1 second(s)

2022-01-06 08:36:16 - [MESSAGE][PASSED] - Delayed 1 second(s)

2022-01-06 08:36:16 - [TEST_STEP][PASSED] - tap(NAVM_SETT_CbRiskTolerance, 0): Tapped on element 'Object Repository/Mobile/Page/NavigationMenu/Settings/Checkbox - Risk Tolerance'

2022-01-06 08:36:16 - [MESSAGE][WARNING] - Timeout '0' is invalid. Using default page load timeout: '60'

2022-01-06 08:36:17 - [MESSAGE][PASSED] - Tapped on element 'Object Repository/Mobile/Page/NavigationMenu/Settings/Checkbox - Risk Tolerance'

2022-01-06 08:36:17 - [TEST_STEP][PASSED] - delay(1): Delayed 1 second(s)

2022-01-06 08:36:18 - [MESSAGE][PASSED] - Delayed 1 second(s)

2022-01-06 08:36:18 - [TEST_STEP][PASSED] - tap(NAVM_SETT_CbRiskTolerance, 0): Tapped on element 'Object Repository/Mobile/Page/NavigationMenu/Settings/Checkbox - Risk Tolerance'

2022-01-06 08:36:18 - [MESSAGE][WARNING] - Timeout '0' is invalid. Using default page load timeout: '60'

2022-01-06 08:36:19 - [MESSAGE][PASSED] - Tapped on element 'Object Repository/Mobile/Page/NavigationMenu/Settings/Checkbox - Risk Tolerance'

2022-01-06 08:36:19 - [TEST_STEP][PASSED] - delay(1): Delayed 1 second(s)

2022-01-06 08:36:20 - [MESSAGE][PASSED] - Delayed 1 second(s)

2022-01-06 08:36:20 - [TEST_STEP][PASSED] - tap(NAVM_SETT_SwitchStock, 0): Tapped on element 'Object Repository/Mobile/Page/NavigationMenu/Settings/Switch - Stock News'

2022-01-06 08:36:20 - [MESSAGE][WARNING] - Timeout '0' is invalid. Using default page load timeout: '60'

2022-01-06 08:36:21 - [MESSAGE][PASSED] - Tapped on element 'Object Repository/Mobile/Page/NavigationMenu/Settings/Switch - Stock News'

2022-01-06 08:36:21 - [TEST_STEP][PASSED] - delay(1): Delayed 1 second(s)

2022-01-06 08:36:22 - [MESSAGE][PASSED] - Delayed 1 second(s)

2022-01-06 08:36:22 - [TEST_STEP][PASSED] - tap(NAVM_SETT_SwitchStock, 0): Tapped on element 'Object Repository/Mobile/Page/NavigationMenu/Settings/Switch - Stock News'

2022-01-06 08:36:22 - [MESSAGE][WARNING] - Timeout '0' is invalid. Using default page load timeout: '60'

2022-01-06 08:36:23 - [MESSAGE][PASSED] - Tapped on element 'Object Repository/Mobile/Page/NavigationMenu/Settings/Switch - Stock News'

2022-01-06 08:36:23 - [TEST_STEP][PASSED] - delay(1): Delayed 1 second(s)

2022-01-06 08:36:25 - [MESSAGE][PASSED] - Delayed 1 second(s)

2022-01-06 08:36:25 - [TEST_STEP][PASSED] - tap(NAVM_SETT_SwitchFund, 0): Tapped on element 'Object Repository/Mobile/Page/NavigationMenu/Settings/Switch - Fund News'

2022-01-06 08:36:25 - [MESSAGE][WARNING] - Timeout '0' is invalid. Using default page load timeout: '60'

2022-01-06 08:36:25 - [MESSAGE][PASSED] - Tapped on element 'Object Repository/Mobile/Page/NavigationMenu/Settings/Switch - Fund News'

2022-01-06 08:36:25 - [TEST_STEP][PASSED] - delay(1): Delayed 1 second(s)

2022-01-06 08:36:26 - [MESSAGE][PASSED] - Delayed 1 second(s)

2022-01-06 08:36:26 - [TEST_STEP][PASSED] - tap(NAVM_SETT_SwitchFund, 0): Tapped on element 'Object Repository/Mobile/Page/NavigationMenu/Settings/Switch - Fund News'

2022-01-06 08:36:26 - [MESSAGE][WARNING] - Timeout '0' is invalid. Using default page load timeout: '60'

2022-01-06 08:36:27 - [MESSAGE][PASSED] - Tapped on element 'Object Repository/Mobile/Page/NavigationMenu/Settings/Switch - Fund News'

2022-01-06 08:36:27 - [TEST_STEP][PASSED] - delay(1): Delayed 1 second(s)

2022-01-06 08:36:28 - [MESSAGE][PASSED] - Delayed 1 second(s)

2022-01-06 08:36:28 - [TEST_STEP][PASSED] - tap(NAVM_SETT_SwitchBond, 0): Tapped on element 'Object Repository/Mobile/Page/NavigationMenu/Settings/Switch - Bond News'

2022-01-06 08:36:28 - [MESSAGE][WARNING] - Timeout '0' is invalid. Using default page load timeout: '60'

2022-01-06 08:36:30 - [MESSAGE][PASSED] - Tapped on element 'Object Repository/Mobile/Page/NavigationMenu/Settings/Switch - Bond News'

2022-01-06 08:36:30 - [TEST_STEP][PASSED] - delay(1): Delayed 1 second(s)

2022-01-06 08:36:31 - [MESSAGE][PASSED] - Delayed 1 second(s)

2022-01-06 08:36:31 - [TEST_STEP][PASSED] - tap(NAVM_SETT_SwitchBond, 0): Tapped on element 'Object Repository/Mobile/Page/NavigationMenu/Settings/Switch - Bond News'

2022-01-06 08:36:31 - [MESSAGE][WARNING] - Timeout '0' is invalid. Using default page load timeout: '60'

2022-01-06 08:36:31 - [MESSAGE][PASSED] - Tapped on element 'Object Repository/Mobile/Page/NavigationMenu/Settings/Switch - Bond News'

2022-01-06 08:36:31 - [TEST_STEP][PASSED] - delay(1): Delayed 1 second(s)

2022-01-06 08:36:32 - [MESSAGE][PASSED] - Delayed 1 second(s)

2022-01-06 08:36:32 - [TEST_STEP][PASSED] - tap(NAVM_SETT_SwitchMacro, 0): Tapped on element 'Object Repository/Mobile/Page/NavigationMenu/Settings/Switch - Macro News'

2022-01-06 08:36:32 - [MESSAGE][WARNING] - Timeout '0' is invalid. Using default page load timeout: '60'

2022-01-06 08:36:33 - [MESSAGE][PASSED] - Tapped on element 'Object Repository/Mobile/Page/NavigationMenu/Settings/Switch - Macro News'

2022-01-06 08:36:33 - [TEST_STEP][PASSED] - delay(1): Delayed 1 second(s)

2022-01-06 08:36:34 - [MESSAGE][PASSED] - Delayed 1 second(s)

2022-01-06 08:36:34 - [TEST_STEP][PASSED] - tap(NAVM_SETT_SwitchMacro, 0): Tapped on element 'Object Repository/Mobile/Page/NavigationMenu/Settings/Switch - Macro News'

2022-01-06 08:36:34 - [MESSAGE][WARNING] - Timeout '0' is invalid. Using default page load timeout: '60'

2022-01-06 08:36:35 - [MESSAGE][PASSED] - Tapped on element 'Object Repository/Mobile/Page/NavigationMenu/Settings/Switch - Macro News'

2022-01-06 08:36:35 - [TEST_STEP][PASSED] - delay(1): Delayed 1 second(s)

2022-01-06 08:36:36 - [MESSAGE][PASSED] - Delayed 1 second(s)

2022-01-06 08:36:36 - [TEST_STEP][PASSED] - pressBack(): Press back button successfully

2022-01-06 08:36:36 - [MESSAGE][PASSED] - Press back button successfully

2022-01-06 08:36:36 - [TEST_STEP][PASSED] - delay(1): Delayed 1 second(s)

2022-01-06 08:36:37 - [MESSAGE][PASSED] - Delayed 1 second(s)

2022-01-06 08:36:37 - [MESSAGE][PASSED] - Call Test Case 'Test Cases/Mobile/Page/NavigationMenu/NavigationMenu' successfully

2022-01-06 08:36:37 - [TEST_STEP][PASSED] - callTestCase(findTestCase("Mobile/Page/Run App/Terminate App"), [:], STOP_ON_FAILURE): Call Test Case 'Test Cases/Mobile/Page/Run App/Terminate App' successfully

2022-01-06 08:36:37 - [TEST_CASE][PASSED] - Test Cases/Mobile/Page/Run App/Terminate App: Test Cases/Mobile/Page/Run App/Terminate App

2022-01-06 08:36:37 - [TEST_STEP][PASSED] - startApp.OpenApp.terminateApplication(): startApp.OpenApp.terminateApplication is PASSED

2022-01-06 08:36:40 - [MESSAGE][PASSED] - Delayed 3 second(s)

2022-01-06 08:36:40 - [MESSAGE][PASSED] - Current device physical width is 720

2022-01-06 08:36:41 - [MESSAGE][PASSED] - Current device physical height is 1423

2022-01-06 08:36:42 - [MESSAGE][PASSED] - Swiped from 360,853 to 360,142

2022-01-06 08:36:43 - [MESSAGE][PASSED] - Delayed 1 second(s)

2022-01-06 08:36:44 - [MESSAGE][PASSED] - Swiped from 360,853 to 360,142

2022-01-06 08:36:47 - [MESSAGE][PASSED] - Delayed 3 second(s)

2022-01-06 08:36:47 - [MESSAGE][PASSED] - startApp.OpenApp.terminateApplication is PASSED

2022-01-06 08:36:47 - [MESSAGE][PASSED] - Call Test Case 'Test Cases/Mobile/Page/Run App/Terminate App' successfully]]></system-out>
         <system-err><![CDATA[]]></system-err>
      </testcase>
      <testcase name="Test Cases/Mobile/Scenario/NavigationMenu/006 - Logout" time="56.827" classname="Test Cases/Mobile/Scenario/NavigationMenu/006 - Logout" status="PASSED">
         <system-out><![CDATA[2022-01-06 08:36:47 - [TEST_CASE][PASSED] - Test Cases/Mobile/Scenario/NavigationMenu/006 - Logout: Test Cases/Mobile/Scenario/NavigationMenu/006 - Logout

2022-01-06 08:36:48 - [TEST_STEP][PASSED] - callTestCase(findTestCase("Mobile/Page/Run App/Run App byID"), [:], STOP_ON_FAILURE): Call Test Case 'Test Cases/Mobile/Page/Run App/Run App byID' successfully

2022-01-06 08:36:48 - [TEST_CASE][PASSED] - Test Cases/Mobile/Page/Run App/Run App byID: Test Cases/Mobile/Page/Run App/Run App byID

2022-01-06 08:36:48 - [TEST_STEP][PASSED] - startApp.OpenApp.startApplication("id.co.miraeasset.sageclub"): startApp.OpenApp.startApplication is PASSED

2022-01-06 08:37:01 - [MESSAGE][PASSED] - Starting app with application ID: 'id.co.miraeasset.sageclub'

2022-01-06 08:37:01 - [MESSAGE][PASSED] - startApp.OpenApp.startApplication is PASSED

2022-01-06 08:37:01 - [MESSAGE][PASSED] - Call Test Case 'Test Cases/Mobile/Page/Run App/Run App byID' successfully

2022-01-06 08:37:01 - [TEST_STEP][PASSED] - callTestCase(findTestCase("Mobile/Page/NavigationMenu/NavigationMenu"), ["action":"logout"], CONTINUE_ON_FAILURE): Call Test Case 'Test Cases/Mobile/Page/NavigationMenu/NavigationMenu' successfully

2022-01-06 08:37:01 - [TEST_CASE][PASSED] - Test Cases/Mobile/Page/NavigationMenu/NavigationMenu: Test Cases/Mobile/Page/NavigationMenu/NavigationMenu

2022-01-06 08:37:01 - [TEST_STEP][PASSED] - callTestCase(findTestCase("Mobile/Page/CheckLogin"), [:], CONTINUE_ON_FAILURE): Call Test Case 'Test Cases/Mobile/Page/CheckLogin' successfully

2022-01-06 08:37:01 - [TEST_CASE][PASSED] - Test Cases/Mobile/Page/CheckLogin: Test Cases/Mobile/Page/CheckLogin

2022-01-06 08:37:01 - [TEST_STEP][PASSED] - loginCheck = verifyElementExist(LOGN_BtnLogin, 5, CONTINUE_ON_FAILURE): Element 'Object Repository/Mobile/Page/Login/Button - Login' is exist

2022-01-06 08:37:03 - [MESSAGE][PASSED] - Element 'Object Repository/Mobile/Page/Login/Button - Login' is exist

2022-01-06 08:37:03 - [TEST_STEP][PASSED] - if (loginCheck): Call Test Case 'Test Cases/Mobile/Page/Login/Login' successfully

2022-01-06 08:37:03 - [TEST_STEP][PASSED] - callTestCase(findTestCase("Mobile/Page/Login/Login"), ["action":"username"], CONTINUE_ON_FAILURE): Call Test Case 'Test Cases/Mobile/Page/Login/Login' successfully

2022-01-06 08:37:03 - [TEST_CASE][PASSED] - Test Cases/Mobile/Page/Login/Login: Test Cases/Mobile/Page/Login/Login

2022-01-06 08:37:04 - [TEST_STEP][PASSED] - delay(2): Delayed 2 second(s)

2022-01-06 08:37:06 - [MESSAGE][PASSED] - Delayed 2 second(s)

2022-01-06 08:37:06 - [TEST_STEP][PASSED] - for ([i = 0, i < 1, (i++)]): null

2022-01-06 08:37:06 - [TEST_STEP][PASSED] - if (action == "username"): null

2022-01-06 08:37:06 - [TEST_STEP][PASSED] - tap(LOGN_EdtUserID, 0): Tapped on element 'Object Repository/Mobile/Page/Login/Input - UserID'

2022-01-06 08:37:06 - [MESSAGE][WARNING] - Timeout '0' is invalid. Using default page load timeout: '60'

2022-01-06 08:37:06 - [MESSAGE][PASSED] - Tapped on element 'Object Repository/Mobile/Page/Login/Input - UserID'

2022-01-06 08:37:06 - [TEST_STEP][PASSED] - delay(1): Delayed 1 second(s)

2022-01-06 08:37:07 - [MESSAGE][PASSED] - Delayed 1 second(s)

2022-01-06 08:37:07 - [TEST_STEP][PASSED] - setText(LOGN_EdtRdyUserID, "anggaaditya", 0): Text 'anggaaditya' has been set to element 'Object Repository/Mobile/Page/Login/Input Rdy - UserID'

2022-01-06 08:37:07 - [MESSAGE][WARNING] - Timeout '0' is invalid. Using default page load timeout: '60'

2022-01-06 08:37:08 - [MESSAGE][PASSED] - Text 'anggaaditya' has been set to element 'Object Repository/Mobile/Page/Login/Input Rdy - UserID'

2022-01-06 08:37:08 - [TEST_STEP][PASSED] - delay(1): Delayed 1 second(s)

2022-01-06 08:37:09 - [MESSAGE][PASSED] - Delayed 1 second(s)

2022-01-06 08:37:09 - [TEST_STEP][PASSED] - hideKeyboard(): Keyboard is hidden

2022-01-06 08:37:12 - [MESSAGE][PASSED] - Keyboard is hidden

2022-01-06 08:37:12 - [TEST_STEP][PASSED] - tap(LOGN_EdtPassword, 0): Tapped on element 'Object Repository/Mobile/Page/Login/Input - Password'

2022-01-06 08:37:12 - [MESSAGE][WARNING] - Timeout '0' is invalid. Using default page load timeout: '60'

2022-01-06 08:37:13 - [MESSAGE][PASSED] - Tapped on element 'Object Repository/Mobile/Page/Login/Input - Password'

2022-01-06 08:37:13 - [TEST_STEP][PASSED] - delay(1): Delayed 1 second(s)

2022-01-06 08:37:14 - [MESSAGE][PASSED] - Delayed 1 second(s)

2022-01-06 08:37:14 - [TEST_STEP][PASSED] - setText(LOGN_EdtRdyPassword, "Shalawa18", 0): Text 'Shalawa18' has been set to element 'Object Repository/Mobile/Page/Login/Input Rdy - Password'

2022-01-06 08:37:14 - [MESSAGE][WARNING] - Timeout '0' is invalid. Using default page load timeout: '60'

2022-01-06 08:37:15 - [MESSAGE][PASSED] - Text 'Shalawa18' has been set to element 'Object Repository/Mobile/Page/Login/Input Rdy - Password'

2022-01-06 08:37:15 - [TEST_STEP][PASSED] - delay(1): Delayed 1 second(s)

2022-01-06 08:37:16 - [MESSAGE][PASSED] - Delayed 1 second(s)

2022-01-06 08:37:16 - [TEST_STEP][PASSED] - hideKeyboard(): Keyboard is hidden

2022-01-06 08:37:22 - [MESSAGE][PASSED] - Keyboard is hidden

2022-01-06 08:37:22 - [TEST_STEP][PASSED] - tap(LOGN_BtnLogin, 0): Tapped on element 'Object Repository/Mobile/Page/Login/Button - Login'

2022-01-06 08:37:22 - [MESSAGE][WARNING] - Timeout '0' is invalid. Using default page load timeout: '60'

2022-01-06 08:37:23 - [MESSAGE][PASSED] - Tapped on element 'Object Repository/Mobile/Page/Login/Button - Login'

2022-01-06 08:37:23 - [TEST_STEP][PASSED] - delay(2): Delayed 2 second(s)

2022-01-06 08:37:25 - [MESSAGE][PASSED] - Delayed 2 second(s)

2022-01-06 08:37:25 - [TEST_STEP][PASSED] - break: null

2022-01-06 08:37:25 - [MESSAGE][PASSED] - Call Test Case 'Test Cases/Mobile/Page/Login/Login' successfully

2022-01-06 08:37:25 - [MESSAGE][PASSED] - Call Test Case 'Test Cases/Mobile/Page/CheckLogin' successfully

2022-01-06 08:37:25 - [TEST_STEP][PASSED] - delay(3): Delayed 3 second(s)

2022-01-06 08:37:28 - [MESSAGE][PASSED] - Delayed 3 second(s)

2022-01-06 08:37:28 - [TEST_STEP][PASSED] - scroll.scroll.scrollScreenLeftToRight(): scroll.scroll.scrollScreenLeftToRight is PASSED

2022-01-06 08:37:28 - [MESSAGE][PASSED] - Current device physical height is 1423

2022-01-06 08:37:29 - [MESSAGE][PASSED] - Current device physical width is 720

2022-01-06 08:37:29 - [MESSAGE][PASSED] - Current device physical height is 1423

2022-01-06 08:37:30 - [MESSAGE][PASSED] - Swiped from 10,711 to 710,711

2022-01-06 08:37:30 - [MESSAGE][PASSED] - scroll.scroll.scrollScreenLeftToRight is PASSED

2022-01-06 08:37:30 - [TEST_STEP][PASSED] - delay(1): Delayed 1 second(s)

2022-01-06 08:37:31 - [MESSAGE][PASSED] - Delayed 1 second(s)

2022-01-06 08:37:31 - [TEST_STEP][PASSED] - for ([i = 0, i < 1, (i++)]): Delayed 1 second(s)

2022-01-06 08:37:31 - [TEST_STEP][PASSED] - if (action == "downloadtaxreport"): null

2022-01-06 08:37:31 - [TEST_STEP][PASSED] - else if (action == "analyzeprofile"): null

2022-01-06 08:37:31 - [TEST_STEP][PASSED] - else if (action == "wa"): null

2022-01-06 08:37:31 - [TEST_STEP][PASSED] - else if (action == "email"): null

2022-01-06 08:37:31 - [TEST_STEP][PASSED] - else if (action == "setting"): null

2022-01-06 08:37:31 - [TEST_STEP][PASSED] - else if (action == "logout"): Delayed 1 second(s)

2022-01-06 08:37:31 - [TEST_STEP][PASSED] - logout = NAVM_ContLogout: null

2022-01-06 08:37:31 - [TEST_STEP][PASSED] - top = getElementTopPosition(logout, 0): Object 'Object Repository/Mobile/Page/NavigationMenu/Container - Logout' has top position '954'

2022-01-06 08:37:31 - [MESSAGE][WARNING] - Timeout '0' is invalid. Using default page load timeout: '60'

2022-01-06 08:37:31 - [MESSAGE][PASSED] - Object 'Object Repository/Mobile/Page/NavigationMenu/Container - Logout' has top position '954'

2022-01-06 08:37:31 - [TEST_STEP][PASSED] - y = getElementHeight(logout, 0) * 0.8 + top: Object 'Object Repository/Mobile/Page/NavigationMenu/Container - Logout' has height: '98'

2022-01-06 08:37:31 - [MESSAGE][WARNING] - Timeout '0' is invalid. Using default page load timeout: '60'

2022-01-06 08:37:32 - [MESSAGE][PASSED] - Object 'Object Repository/Mobile/Page/NavigationMenu/Container - Logout' has height: '98'

2022-01-06 08:37:32 - [TEST_STEP][PASSED] - x = getDeviceWidth() * 0.2: Current device physical width is 720

2022-01-06 08:37:32 - [MESSAGE][PASSED] - Current device physical width is 720

2022-01-06 08:37:32 - [TEST_STEP][PASSED] - tapAtPosition(x, y): Tapped at [144, 1,032]

2022-01-06 08:37:33 - [MESSAGE][PASSED] - Tapped at [144, 1,032]

2022-01-06 08:37:33 - [TEST_STEP][PASSED] - delay(1): Delayed 1 second(s)

2022-01-06 08:37:34 - [MESSAGE][PASSED] - Delayed 1 second(s)

2022-01-06 08:37:34 - [MESSAGE][PASSED] - Call Test Case 'Test Cases/Mobile/Page/NavigationMenu/NavigationMenu' successfully

2022-01-06 08:37:34 - [TEST_STEP][PASSED] - callTestCase(findTestCase("Mobile/Page/Run App/Terminate App"), [:], STOP_ON_FAILURE): Call Test Case 'Test Cases/Mobile/Page/Run App/Terminate App' successfully

2022-01-06 08:37:34 - [TEST_CASE][PASSED] - Test Cases/Mobile/Page/Run App/Terminate App: Test Cases/Mobile/Page/Run App/Terminate App

2022-01-06 08:37:34 - [TEST_STEP][PASSED] - startApp.OpenApp.terminateApplication(): startApp.OpenApp.terminateApplication is PASSED

2022-01-06 08:37:37 - [MESSAGE][PASSED] - Delayed 3 second(s)

2022-01-06 08:37:37 - [MESSAGE][PASSED] - Current device physical width is 720

2022-01-06 08:37:37 - [MESSAGE][PASSED] - Current device physical height is 1423

2022-01-06 08:37:39 - [MESSAGE][PASSED] - Swiped from 360,853 to 360,142

2022-01-06 08:37:40 - [MESSAGE][PASSED] - Delayed 1 second(s)

2022-01-06 08:37:41 - [MESSAGE][PASSED] - Swiped from 360,853 to 360,142

2022-01-06 08:37:44 - [MESSAGE][PASSED] - Delayed 3 second(s)

2022-01-06 08:37:44 - [MESSAGE][PASSED] - startApp.OpenApp.terminateApplication is PASSED

2022-01-06 08:37:44 - [MESSAGE][PASSED] - Call Test Case 'Test Cases/Mobile/Page/Run App/Terminate App' successfully]]></system-out>
         <system-err><![CDATA[]]></system-err>
      </testcase>
      <system-out><![CDATA[2022-01-06 08:29:21 - [TEST_SUITE][PASSED] - navigationmenu: Test Cases/Mobile/Scenario/NavigationMenu/006 - Logout]]></system-out>
      <system-err><![CDATA[]]></system-err>
   </testsuite>
</testsuites>
