<?xml version="1.0" encoding="UTF-8"?>
<testsuites name="navigationmenu" time="455.268" tests="6" failures="0" skips="0" errors="0">
   <testsuite name="navigationmenu" tests="6" failures="0" errors="0" time="455.268" skips="0" timestamp="2021-12-28 08:54:42" hostname="Owner - aldy-tft" id="Test Suites/navigationmenu">
      <properties>
         <property name="deviceName" value="samsung SM-A205F (Android 11)"/>
         <property name="devicePlatform" value=""/>
         <property name="logFolder" value="C:\\Users\\Owner\\Documents\\kerjaan\\KatalonProject\\qa_katalon_pwm\\qa_katalon_pwm\\Reports\\20211228_084053\\navigationmenu\\20211228_084102"/>
         <property name="logFiles" value="C:\\Users\\Owner\\Documents\\kerjaan\\KatalonProject\\qa_katalon_pwm\\qa_katalon_pwm\\Reports\\20211228_084053\\navigationmenu\\20211228_084102\\appium.log, C:\\Users\\Owner\\Documents\\kerjaan\\KatalonProject\\qa_katalon_pwm\\qa_katalon_pwm\\Reports\\20211228_084053\\navigationmenu\\20211228_084102\\execution0.log"/>
         <property name="attachments" value="C:\\Users\\Owner\\Documents\\kerjaan\\KatalonProject\\qa_katalon_pwm\\qa_katalon_pwm\\Reports\\20211228_084053\\navigationmenu\\20211228_084102\\1640656604435.png, C:\\Users\\Owner\\Documents\\kerjaan\\KatalonProject\\qa_katalon_pwm\\qa_katalon_pwm\\Reports\\20211228_084053\\navigationmenu\\20211228_084102\\1640656605158.png"/>
         <property name="hostName" value="Owner - aldy-tft"/>
         <property name="os" value="Windows 10 64bit"/>
         <property name="appiumServerStatus" value="{&quot;value&quot;:{&quot;build&quot;:{&quot;version&quot;:&quot;1.22.0&quot;}},&quot;sessionId&quot;:null,&quot;status&quot;:0}"/>
         <property name="katalonVersion" value="7.9.1.208"/>
         <property name="deviceOS" value="Android"/>
         <property name="appiumVersion" value="1.22.0"/>
         <property name="deviceModel" value="SM-A205F"/>
         <property name="hostAddress" value="192.168.100.34"/>
         <property name="deviceManufacturer" value="samsung"/>
         <property name="deviceId" value="RR8M40C9AXE"/>
         <property name="deviceName" value="samsung SM-A205F (Android 11)"/>
         <property name="deviceOSVersion" value="11"/>
      </properties>
      <testcase name="Test Cases/Mobile/Scenario/NavigationMenu/001 - Download Report" time="69.459" classname="Test Cases/Mobile/Scenario/NavigationMenu/001 - Download Report" status="PASSED">
         <system-out><![CDATA[2021-12-28 08:54:44 - [TEST_CASE][PASSED] - Test Cases/Mobile/Scenario/NavigationMenu/001 - Download Report: Test Cases/Mobile/Scenario/NavigationMenu/001 - Download Report

2021-12-28 08:54:44 - [TEST_STEP][PASSED] - callTestCase(findTestCase("Mobile/Page/Run App/Run App byID"), [:], STOP_ON_FAILURE): Call Test Case 'Test Cases/Mobile/Page/Run App/Run App byID' successfully

2021-12-28 08:54:45 - [TEST_CASE][PASSED] - Test Cases/Mobile/Page/Run App/Run App byID: Test Cases/Mobile/Page/Run App/Run App byID

2021-12-28 08:54:45 - [TEST_STEP][PASSED] - startApp.OpenApp.startApplication("id.co.miraeasset.sageclub"): startApp.OpenApp.startApplication is PASSED

2021-12-28 08:54:48 - [MESSAGE][INFO] - Appium server started on port 53,696

2021-12-28 08:55:04 - [MESSAGE][PASSED] - Starting app with application ID: 'id.co.miraeasset.sageclub'

2021-12-28 08:55:04 - [MESSAGE][PASSED] - startApp.OpenApp.startApplication is PASSED

2021-12-28 08:55:04 - [MESSAGE][PASSED] - Call Test Case 'Test Cases/Mobile/Page/Run App/Run App byID' successfully

2021-12-28 08:55:04 - [TEST_STEP][PASSED] - callTestCase(findTestCase("Mobile/Page/NavigationMenu/NavigationMenu"), ["action":"downloadtaxreport"], CONTINUE_ON_FAILURE): Call Test Case 'Test Cases/Mobile/Page/NavigationMenu/NavigationMenu' successfully

2021-12-28 08:55:04 - [TEST_CASE][PASSED] - Test Cases/Mobile/Page/NavigationMenu/NavigationMenu: Test Cases/Mobile/Page/NavigationMenu/NavigationMenu

2021-12-28 08:55:05 - [TEST_STEP][PASSED] - callTestCase(findTestCase("Mobile/Page/CheckLogin"), [:], CONTINUE_ON_FAILURE): Call Test Case 'Test Cases/Mobile/Page/CheckLogin' successfully

2021-12-28 08:55:05 - [TEST_CASE][PASSED] - Test Cases/Mobile/Page/CheckLogin: Test Cases/Mobile/Page/CheckLogin

2021-12-28 08:55:06 - [TEST_STEP][PASSED] - loginCheck = verifyElementExist(findTestObject("Mobile/Page/Login/Button - Login"), 5, CONTINUE_ON_FAILURE): Element 'Object Repository/Mobile/Page/Login/Button - Login' is exist

2021-12-28 08:55:07 - [MESSAGE][PASSED] - Element 'Object Repository/Mobile/Page/Login/Button - Login' is exist

2021-12-28 08:55:07 - [TEST_STEP][PASSED] - if (loginCheck): Call Test Case 'Test Cases/Mobile/Page/Login/Login' successfully

2021-12-28 08:55:07 - [TEST_STEP][PASSED] - callTestCase(findTestCase("Mobile/Page/Login/Login"), [:], CONTINUE_ON_FAILURE): Call Test Case 'Test Cases/Mobile/Page/Login/Login' successfully

2021-12-28 08:55:07 - [TEST_CASE][PASSED] - Test Cases/Mobile/Page/Login/Login: Test Cases/Mobile/Page/Login/Login

2021-12-28 08:55:07 - [TEST_STEP][PASSED] - delay(2): Delayed 2 second(s)

2021-12-28 08:55:09 - [MESSAGE][PASSED] - Delayed 2 second(s)

2021-12-28 08:55:09 - [TEST_STEP][PASSED] - tap(findTestObject("Mobile/Page/Login/Input - UserID"), 0): Tapped on element 'Object Repository/Mobile/Page/Login/Input - UserID'

2021-12-28 08:55:09 - [MESSAGE][WARNING] - Timeout '0' is invalid. Using default page load timeout: '60'

2021-12-28 08:55:10 - [MESSAGE][PASSED] - Tapped on element 'Object Repository/Mobile/Page/Login/Input - UserID'

2021-12-28 08:55:10 - [TEST_STEP][PASSED] - delay(1): Delayed 1 second(s)

2021-12-28 08:55:11 - [MESSAGE][PASSED] - Delayed 1 second(s)

2021-12-28 08:55:11 - [TEST_STEP][PASSED] - setText(findTestObject("Mobile/Page/Login/Input Rdy - UserID"), "anggaaditya", 0): Text 'anggaaditya' has been set to element 'Object Repository/Mobile/Page/Login/Input Rdy - UserID'

2021-12-28 08:55:11 - [MESSAGE][WARNING] - Timeout '0' is invalid. Using default page load timeout: '60'

2021-12-28 08:55:12 - [MESSAGE][PASSED] - Text 'anggaaditya' has been set to element 'Object Repository/Mobile/Page/Login/Input Rdy - UserID'

2021-12-28 08:55:12 - [TEST_STEP][PASSED] - delay(1): Delayed 1 second(s)

2021-12-28 08:55:13 - [MESSAGE][PASSED] - Delayed 1 second(s)

2021-12-28 08:55:13 - [TEST_STEP][PASSED] - hideKeyboard(): Keyboard is hidden

2021-12-28 08:55:17 - [MESSAGE][PASSED] - Keyboard is hidden

2021-12-28 08:55:17 - [TEST_STEP][PASSED] - tap(findTestObject("Mobile/Page/Login/Input - Password"), 0): Tapped on element 'Object Repository/Mobile/Page/Login/Input - Password'

2021-12-28 08:55:17 - [MESSAGE][WARNING] - Timeout '0' is invalid. Using default page load timeout: '60'

2021-12-28 08:55:18 - [MESSAGE][PASSED] - Tapped on element 'Object Repository/Mobile/Page/Login/Input - Password'

2021-12-28 08:55:18 - [TEST_STEP][PASSED] - delay(1): Delayed 1 second(s)

2021-12-28 08:55:19 - [MESSAGE][PASSED] - Delayed 1 second(s)

2021-12-28 08:55:19 - [TEST_STEP][PASSED] - setText(findTestObject("Mobile/Page/Login/Input Rdy - Password"), "Shalawa18", 0): Text 'Shalawa18' has been set to element 'Object Repository/Mobile/Page/Login/Input Rdy - Password'

2021-12-28 08:55:19 - [MESSAGE][WARNING] - Timeout '0' is invalid. Using default page load timeout: '60'

2021-12-28 08:55:19 - [MESSAGE][PASSED] - Text 'Shalawa18' has been set to element 'Object Repository/Mobile/Page/Login/Input Rdy - Password'

2021-12-28 08:55:19 - [TEST_STEP][PASSED] - delay(1): Delayed 1 second(s)

2021-12-28 08:55:20 - [MESSAGE][PASSED] - Delayed 1 second(s)

2021-12-28 08:55:20 - [TEST_STEP][PASSED] - hideKeyboard(): Keyboard is hidden

2021-12-28 08:55:26 - [MESSAGE][PASSED] - Keyboard is hidden

2021-12-28 08:55:26 - [TEST_STEP][PASSED] - tap(findTestObject("Mobile/Page/Login/Button - Login"), 0): Tapped on element 'Object Repository/Mobile/Page/Login/Button - Login'

2021-12-28 08:55:27 - [MESSAGE][WARNING] - Timeout '0' is invalid. Using default page load timeout: '60'

2021-12-28 08:55:27 - [MESSAGE][PASSED] - Tapped on element 'Object Repository/Mobile/Page/Login/Button - Login'

2021-12-28 08:55:27 - [TEST_STEP][PASSED] - delay(2): Delayed 2 second(s)

2021-12-28 08:55:29 - [MESSAGE][PASSED] - Delayed 2 second(s)

2021-12-28 08:55:29 - [MESSAGE][PASSED] - Call Test Case 'Test Cases/Mobile/Page/Login/Login' successfully

2021-12-28 08:55:29 - [MESSAGE][PASSED] - Call Test Case 'Test Cases/Mobile/Page/CheckLogin' successfully

2021-12-28 08:55:29 - [TEST_STEP][PASSED] - delay(3): Delayed 3 second(s)

2021-12-28 08:55:32 - [MESSAGE][PASSED] - Delayed 3 second(s)

2021-12-28 08:55:32 - [TEST_STEP][PASSED] - scroll.scroll.scrollScreenLeftToRight(): scroll.scroll.scrollScreenLeftToRight is PASSED

2021-12-28 08:55:33 - [MESSAGE][PASSED] - Current device physical height is 1423

2021-12-28 08:55:33 - [MESSAGE][PASSED] - Current device physical width is 720

2021-12-28 08:55:33 - [MESSAGE][PASSED] - Current device physical height is 1423

2021-12-28 08:55:34 - [MESSAGE][PASSED] - Swiped from 10,711 to 710,711

2021-12-28 08:55:35 - [MESSAGE][PASSED] - scroll.scroll.scrollScreenLeftToRight is PASSED

2021-12-28 08:55:35 - [TEST_STEP][PASSED] - delay(1): Delayed 1 second(s)

2021-12-28 08:55:36 - [MESSAGE][PASSED] - Delayed 1 second(s)

2021-12-28 08:55:36 - [TEST_STEP][PASSED] - for ([i = 0, i < 1, (i++)]): Press back button successfully

2021-12-28 08:55:36 - [TEST_STEP][PASSED] - if (action == "downloadtaxreport"): Press back button successfully

2021-12-28 08:55:36 - [TEST_STEP][PASSED] - taxreport = findTestObject("Mobile/Page/NavigationMenu/Container - Yearly Tax Report"): null

2021-12-28 08:55:36 - [TEST_STEP][PASSED] - top = getElementTopPosition(taxreport, 0): Object 'Object Repository/Mobile/Page/NavigationMenu/Container - Yearly Tax Report' has top position '309'

2021-12-28 08:55:36 - [MESSAGE][WARNING] - Timeout '0' is invalid. Using default page load timeout: '60'

2021-12-28 08:55:36 - [MESSAGE][PASSED] - Object 'Object Repository/Mobile/Page/NavigationMenu/Container - Yearly Tax Report' has top position '309'

2021-12-28 08:55:36 - [TEST_STEP][PASSED] - y = getElementHeight(taxreport, 0) * 0.8 + top: Object 'Object Repository/Mobile/Page/NavigationMenu/Container - Yearly Tax Report' has height: '119'

2021-12-28 08:55:36 - [MESSAGE][WARNING] - Timeout '0' is invalid. Using default page load timeout: '60'

2021-12-28 08:55:36 - [MESSAGE][PASSED] - Object 'Object Repository/Mobile/Page/NavigationMenu/Container - Yearly Tax Report' has height: '119'

2021-12-28 08:55:36 - [TEST_STEP][PASSED] - x = getDeviceWidth() * 0.2: Current device physical width is 720

2021-12-28 08:55:36 - [MESSAGE][PASSED] - Current device physical width is 720

2021-12-28 08:55:36 - [TEST_STEP][PASSED] - tapAtPosition(x, y): Tapped at [144, 404]

2021-12-28 08:55:37 - [MESSAGE][PASSED] - Tapped at [144, 404]

2021-12-28 08:55:37 - [TEST_STEP][PASSED] - delay(5): Delayed 5 second(s)

2021-12-28 08:55:42 - [MESSAGE][PASSED] - Delayed 5 second(s)

2021-12-28 08:55:42 - [TEST_STEP][PASSED] - pressBack(): Press back button successfully

2021-12-28 08:55:42 - [MESSAGE][PASSED] - Press back button successfully

2021-12-28 08:55:42 - [MESSAGE][PASSED] - Call Test Case 'Test Cases/Mobile/Page/NavigationMenu/NavigationMenu' successfully

2021-12-28 08:55:42 - [TEST_STEP][PASSED] - callTestCase(findTestCase("Mobile/Page/Run App/Terminate App"), [:], STOP_ON_FAILURE): Call Test Case 'Test Cases/Mobile/Page/Run App/Terminate App' successfully

2021-12-28 08:55:42 - [TEST_CASE][PASSED] - Test Cases/Mobile/Page/Run App/Terminate App: Test Cases/Mobile/Page/Run App/Terminate App

2021-12-28 08:55:43 - [TEST_STEP][PASSED] - startApp.OpenApp.terminateApplication(): startApp.OpenApp.terminateApplication is PASSED

2021-12-28 08:55:46 - [MESSAGE][PASSED] - Delayed 3 second(s)

2021-12-28 08:55:46 - [MESSAGE][PASSED] - Current device physical width is 720

2021-12-28 08:55:47 - [MESSAGE][PASSED] - Current device physical height is 1423

2021-12-28 08:55:48 - [MESSAGE][PASSED] - Swiped from 360,853 to 360,142

2021-12-28 08:55:49 - [MESSAGE][PASSED] - Delayed 1 second(s)

2021-12-28 08:55:50 - [MESSAGE][PASSED] - Swiped from 360,853 to 360,142

2021-12-28 08:55:53 - [MESSAGE][PASSED] - Delayed 3 second(s)

2021-12-28 08:55:53 - [MESSAGE][PASSED] - startApp.OpenApp.terminateApplication is PASSED

2021-12-28 08:55:53 - [MESSAGE][PASSED] - Call Test Case 'Test Cases/Mobile/Page/Run App/Terminate App' successfully]]></system-out>
         <system-err><![CDATA[]]></system-err>
      </testcase>
      <testcase name="Test Cases/Mobile/Scenario/NavigationMenu/002 - Risk Profile analysis" time="92.219" classname="Test Cases/Mobile/Scenario/NavigationMenu/002 - Risk Profile analysis" status="PASSED">
         <system-out><![CDATA[2021-12-28 08:55:53 - [TEST_CASE][PASSED] - Test Cases/Mobile/Scenario/NavigationMenu/002 - Risk Profile analysis: Test Cases/Mobile/Scenario/NavigationMenu/002 - Risk Profile analysis

2021-12-28 08:55:54 - [TEST_STEP][PASSED] - callTestCase(findTestCase("Mobile/Page/Run App/Run App byID"), [:], STOP_ON_FAILURE): Call Test Case 'Test Cases/Mobile/Page/Run App/Run App byID' successfully

2021-12-28 08:55:54 - [TEST_CASE][PASSED] - Test Cases/Mobile/Page/Run App/Run App byID: Test Cases/Mobile/Page/Run App/Run App byID

2021-12-28 08:55:54 - [TEST_STEP][PASSED] - startApp.OpenApp.startApplication("id.co.miraeasset.sageclub"): startApp.OpenApp.startApplication is PASSED

2021-12-28 08:56:06 - [MESSAGE][PASSED] - Starting app with application ID: 'id.co.miraeasset.sageclub'

2021-12-28 08:56:06 - [MESSAGE][PASSED] - startApp.OpenApp.startApplication is PASSED

2021-12-28 08:56:06 - [MESSAGE][PASSED] - Call Test Case 'Test Cases/Mobile/Page/Run App/Run App byID' successfully

2021-12-28 08:56:06 - [TEST_STEP][PASSED] - callTestCase(findTestCase("Mobile/Page/NavigationMenu/NavigationMenu"), ["action":"analyzeprofile"], CONTINUE_ON_FAILURE): Call Test Case 'Test Cases/Mobile/Page/NavigationMenu/NavigationMenu' successfully

2021-12-28 08:56:06 - [TEST_CASE][PASSED] - Test Cases/Mobile/Page/NavigationMenu/NavigationMenu: Test Cases/Mobile/Page/NavigationMenu/NavigationMenu

2021-12-28 08:56:06 - [TEST_STEP][PASSED] - callTestCase(findTestCase("Mobile/Page/CheckLogin"), [:], CONTINUE_ON_FAILURE): Call Test Case 'Test Cases/Mobile/Page/CheckLogin' successfully

2021-12-28 08:56:06 - [TEST_CASE][PASSED] - Test Cases/Mobile/Page/CheckLogin: Test Cases/Mobile/Page/CheckLogin

2021-12-28 08:56:06 - [TEST_STEP][PASSED] - loginCheck = verifyElementExist(findTestObject("Mobile/Page/Login/Button - Login"), 5, CONTINUE_ON_FAILURE): Element 'Object Repository/Mobile/Page/Login/Button - Login' is exist

2021-12-28 08:56:08 - [MESSAGE][PASSED] - Element 'Object Repository/Mobile/Page/Login/Button - Login' is exist

2021-12-28 08:56:08 - [TEST_STEP][PASSED] - if (loginCheck): Call Test Case 'Test Cases/Mobile/Page/Login/Login' successfully

2021-12-28 08:56:08 - [TEST_STEP][PASSED] - callTestCase(findTestCase("Mobile/Page/Login/Login"), [:], CONTINUE_ON_FAILURE): Call Test Case 'Test Cases/Mobile/Page/Login/Login' successfully

2021-12-28 08:56:08 - [TEST_CASE][PASSED] - Test Cases/Mobile/Page/Login/Login: Test Cases/Mobile/Page/Login/Login

2021-12-28 08:56:08 - [TEST_STEP][PASSED] - delay(2): Delayed 2 second(s)

2021-12-28 08:56:10 - [MESSAGE][PASSED] - Delayed 2 second(s)

2021-12-28 08:56:10 - [TEST_STEP][PASSED] - tap(findTestObject("Mobile/Page/Login/Input - UserID"), 0): Tapped on element 'Object Repository/Mobile/Page/Login/Input - UserID'

2021-12-28 08:56:11 - [MESSAGE][WARNING] - Timeout '0' is invalid. Using default page load timeout: '60'

2021-12-28 08:56:11 - [MESSAGE][PASSED] - Tapped on element 'Object Repository/Mobile/Page/Login/Input - UserID'

2021-12-28 08:56:11 - [TEST_STEP][PASSED] - delay(1): Delayed 1 second(s)

2021-12-28 08:56:12 - [MESSAGE][PASSED] - Delayed 1 second(s)

2021-12-28 08:56:12 - [TEST_STEP][PASSED] - setText(findTestObject("Mobile/Page/Login/Input Rdy - UserID"), "anggaaditya", 0): Text 'anggaaditya' has been set to element 'Object Repository/Mobile/Page/Login/Input Rdy - UserID'

2021-12-28 08:56:12 - [MESSAGE][WARNING] - Timeout '0' is invalid. Using default page load timeout: '60'

2021-12-28 08:56:13 - [MESSAGE][PASSED] - Text 'anggaaditya' has been set to element 'Object Repository/Mobile/Page/Login/Input Rdy - UserID'

2021-12-28 08:56:13 - [TEST_STEP][PASSED] - delay(1): Delayed 1 second(s)

2021-12-28 08:56:14 - [MESSAGE][PASSED] - Delayed 1 second(s)

2021-12-28 08:56:14 - [TEST_STEP][PASSED] - hideKeyboard(): Keyboard is hidden

2021-12-28 08:56:18 - [MESSAGE][PASSED] - Keyboard is hidden

2021-12-28 08:56:18 - [TEST_STEP][PASSED] - tap(findTestObject("Mobile/Page/Login/Input - Password"), 0): Tapped on element 'Object Repository/Mobile/Page/Login/Input - Password'

2021-12-28 08:56:18 - [MESSAGE][WARNING] - Timeout '0' is invalid. Using default page load timeout: '60'

2021-12-28 08:56:18 - [MESSAGE][PASSED] - Tapped on element 'Object Repository/Mobile/Page/Login/Input - Password'

2021-12-28 08:56:18 - [TEST_STEP][PASSED] - delay(1): Delayed 1 second(s)

2021-12-28 08:56:19 - [MESSAGE][PASSED] - Delayed 1 second(s)

2021-12-28 08:56:19 - [TEST_STEP][PASSED] - setText(findTestObject("Mobile/Page/Login/Input Rdy - Password"), "Shalawa18", 0): Text 'Shalawa18' has been set to element 'Object Repository/Mobile/Page/Login/Input Rdy - Password'

2021-12-28 08:56:19 - [MESSAGE][WARNING] - Timeout '0' is invalid. Using default page load timeout: '60'

2021-12-28 08:56:20 - [MESSAGE][PASSED] - Text 'Shalawa18' has been set to element 'Object Repository/Mobile/Page/Login/Input Rdy - Password'

2021-12-28 08:56:20 - [TEST_STEP][PASSED] - delay(1): Delayed 1 second(s)

2021-12-28 08:56:21 - [MESSAGE][PASSED] - Delayed 1 second(s)

2021-12-28 08:56:21 - [TEST_STEP][PASSED] - hideKeyboard(): Keyboard is hidden

2021-12-28 08:56:27 - [MESSAGE][PASSED] - Keyboard is hidden

2021-12-28 08:56:27 - [TEST_STEP][PASSED] - tap(findTestObject("Mobile/Page/Login/Button - Login"), 0): Tapped on element 'Object Repository/Mobile/Page/Login/Button - Login'

2021-12-28 08:56:27 - [MESSAGE][WARNING] - Timeout '0' is invalid. Using default page load timeout: '60'

2021-12-28 08:56:28 - [MESSAGE][PASSED] - Tapped on element 'Object Repository/Mobile/Page/Login/Button - Login'

2021-12-28 08:56:28 - [TEST_STEP][PASSED] - delay(2): Delayed 2 second(s)

2021-12-28 08:56:30 - [MESSAGE][PASSED] - Delayed 2 second(s)

2021-12-28 08:56:30 - [MESSAGE][PASSED] - Call Test Case 'Test Cases/Mobile/Page/Login/Login' successfully

2021-12-28 08:56:30 - [MESSAGE][PASSED] - Call Test Case 'Test Cases/Mobile/Page/CheckLogin' successfully

2021-12-28 08:56:30 - [TEST_STEP][PASSED] - delay(3): Delayed 3 second(s)

2021-12-28 08:56:33 - [MESSAGE][PASSED] - Delayed 3 second(s)

2021-12-28 08:56:33 - [TEST_STEP][PASSED] - scroll.scroll.scrollScreenLeftToRight(): scroll.scroll.scrollScreenLeftToRight is PASSED

2021-12-28 08:56:33 - [MESSAGE][PASSED] - Current device physical height is 1423

2021-12-28 08:56:34 - [MESSAGE][PASSED] - Current device physical width is 720

2021-12-28 08:56:34 - [MESSAGE][PASSED] - Current device physical height is 1423

2021-12-28 08:56:35 - [MESSAGE][PASSED] - Swiped from 10,711 to 710,711

2021-12-28 08:56:35 - [MESSAGE][PASSED] - scroll.scroll.scrollScreenLeftToRight is PASSED

2021-12-28 08:56:35 - [TEST_STEP][PASSED] - delay(1): Delayed 1 second(s)

2021-12-28 08:56:36 - [MESSAGE][PASSED] - Delayed 1 second(s)

2021-12-28 08:56:36 - [TEST_STEP][FAILED] - for ([i = 0, i < 1, (i++)]): null

2021-12-28 08:56:36 - [TEST_STEP][PASSED] - if (action == "downloadtaxreport"): null

2021-12-28 08:56:36 - [TEST_STEP][FAILED] - else if (action == "analyzeprofile"): null

2021-12-28 08:56:36 - [TEST_STEP][PASSED] - risk = findTestObject("Mobile/Page/NavigationMenu/Container - Risk Profile"): null

2021-12-28 08:56:36 - [TEST_STEP][PASSED] - top = getElementTopPosition(risk, 0): Object 'Object Repository/Mobile/Page/NavigationMenu/Container - Risk Profile' has top position '463'

2021-12-28 08:56:36 - [MESSAGE][WARNING] - Timeout '0' is invalid. Using default page load timeout: '60'

2021-12-28 08:56:36 - [MESSAGE][PASSED] - Object 'Object Repository/Mobile/Page/NavigationMenu/Container - Risk Profile' has top position '463'

2021-12-28 08:56:36 - [TEST_STEP][PASSED] - y = getElementHeight(risk, 0) * 0.8 + top: Object 'Object Repository/Mobile/Page/NavigationMenu/Container - Risk Profile' has height: '119'

2021-12-28 08:56:36 - [MESSAGE][WARNING] - Timeout '0' is invalid. Using default page load timeout: '60'

2021-12-28 08:56:37 - [MESSAGE][PASSED] - Object 'Object Repository/Mobile/Page/NavigationMenu/Container - Risk Profile' has height: '119'

2021-12-28 08:56:37 - [TEST_STEP][PASSED] - x = getDeviceWidth() * 0.2: Current device physical width is 720

2021-12-28 08:56:37 - [MESSAGE][PASSED] - Current device physical width is 720

2021-12-28 08:56:37 - [TEST_STEP][PASSED] - tapAtPosition(x, y): Tapped at [144, 558]

2021-12-28 08:56:37 - [MESSAGE][PASSED] - Tapped at [144, 558]

2021-12-28 08:56:37 - [TEST_STEP][PASSED] - delay(1): Delayed 1 second(s)

2021-12-28 08:56:38 - [MESSAGE][PASSED] - Delayed 1 second(s)

2021-12-28 08:56:38 - [TEST_STEP][FAILED] - try: Failed to check for element 'Object Repository/Mobile/Page/NavigationMenu/Container - Risk Profile' exist (Root cause: com.kms.katalon.core.exception.StepFailedException: Element 'Object Repository/Mobile/Page/NavigationMenu/Container - Risk Profile' not found
	at com.kms.katalon.core.keyword.internal.KeywordMain.stepFailed(KeywordMain.groovy:50)
	at com.kms.katalon.core.mobile.keyword.internal.MobileKeywordMain.stepFailed(MobileKeywordMain.groovy:40)
	at com.kms.katalon.core.mobile.keyword.builtin.VerifyElementExistKeyword$_verifyElementExist_closure1.doCall(VerifyElementExistKeyword.groovy:77)
	at com.kms.katalon.core.mobile.keyword.builtin.VerifyElementExistKeyword$_verifyElementExist_closure1.call(VerifyElementExistKeyword.groovy)
	at com.kms.katalon.core.mobile.keyword.internal.MobileKeywordMain.runKeyword(MobileKeywordMain.groovy:21)
	at com.kms.katalon.core.mobile.keyword.builtin.VerifyElementExistKeyword.verifyElementExist(VerifyElementExistKeyword.groovy:80)
	at com.kms.katalon.core.mobile.keyword.builtin.VerifyElementExistKeyword.execute(VerifyElementExistKeyword.groovy:64)
	at com.kms.katalon.core.keyword.internal.KeywordExecutor.executeKeywordForPlatform(KeywordExecutor.groovy:73)
	at com.kms.katalon.core.mobile.keyword.MobileBuiltInKeywords.verifyElementExist(MobileBuiltInKeywords.groovy:1586)
	at com.kms.katalon.core.mobile.keyword.MobileBuiltInKeywords$verifyElementExist$11.call(Unknown Source)
	at NavigationMenu.run(NavigationMenu:51)
	at com.kms.katalon.core.main.ScriptEngine.run(ScriptEngine.java:194)
	at com.kms.katalon.core.main.ScriptEngine.runScriptAsRawText(ScriptEngine.java:119)
	at com.kms.katalon.core.main.TestCaseExecutor.runScript(TestCaseExecutor.java:398)
	at com.kms.katalon.core.main.TestCaseExecutor.doExecute(TestCaseExecutor.java:389)
	at com.kms.katalon.core.main.TestCaseExecutor.processExecutionPhase(TestCaseExecutor.java:368)
	at com.kms.katalon.core.main.TestCaseExecutor.accessMainPhase(TestCaseExecutor.java:360)
	at com.kms.katalon.core.main.TestCaseExecutor.execute(TestCaseExecutor.java:255)
	at com.kms.katalon.core.main.TestCaseMain.runTestCase(TestCaseMain.java:114)
	at com.kms.katalon.core.keyword.builtin.CallTestCaseKeyword$_callTestCase_closure1.doCall(CallTestCaseKeyword.groovy:59)
	at com.kms.katalon.core.keyword.builtin.CallTestCaseKeyword$_callTestCase_closure1.call(CallTestCaseKeyword.groovy)
	at com.kms.katalon.core.keyword.internal.KeywordMain.runKeyword(KeywordMain.groovy:68)
	at com.kms.katalon.core.keyword.builtin.CallTestCaseKeyword.callTestCase(CallTestCaseKeyword.groovy:81)
	at com.kms.katalon.core.keyword.builtin.CallTestCaseKeyword.execute(CallTestCaseKeyword.groovy:44)
	at com.kms.katalon.core.keyword.internal.KeywordExecutor.executeKeywordForPlatform(KeywordExecutor.groovy:73)
	at com.kms.katalon.core.keyword.BuiltinKeywords.callTestCase(BuiltinKeywords.groovy:334)
	at 002 - Risk Profile analysis.run(002 - Risk Profile analysis:22)
	at com.kms.katalon.core.main.ScriptEngine.run(ScriptEngine.java:194)
	at com.kms.katalon.core.main.ScriptEngine.runScriptAsRawText(ScriptEngine.java:119)
	at com.kms.katalon.core.main.TestCaseExecutor.runScript(TestCaseExecutor.java:398)
	at com.kms.katalon.core.main.TestCaseExecutor.doExecute(TestCaseExecutor.java:389)
	at com.kms.katalon.core.main.TestCaseExecutor.processExecutionPhase(TestCaseExecutor.java:368)
	at com.kms.katalon.core.main.TestCaseExecutor.accessMainPhase(TestCaseExecutor.java:360)
	at com.kms.katalon.core.main.TestCaseExecutor.execute(TestCaseExecutor.java:255)
	at com.kms.katalon.core.main.TestSuiteExecutor.accessTestCaseMainPhase(TestSuiteExecutor.java:203)
	at com.kms.katalon.core.main.TestSuiteExecutor.accessTestSuiteMainPhase(TestSuiteExecutor.java:152)
	at com.kms.katalon.core.main.TestSuiteExecutor.execute(TestSuiteExecutor.java:95)
	at com.kms.katalon.core.main.TestCaseMain.startTestSuite(TestCaseMain.java:157)
	at com.kms.katalon.core.main.TestCaseMain$startTestSuite$0.call(Unknown Source)
	at TempTestSuite1640655662468.run(TempTestSuite1640655662468.groovy:39)
)

2021-12-28 08:56:38 - [TEST_STEP][FAILED] - for ([j = 1, j <= 5, (j++)]): Failed to check for element 'Object Repository/Mobile/Page/NavigationMenu/Container - Risk Profile' exist (Root cause: com.kms.katalon.core.exception.StepFailedException: Element 'Object Repository/Mobile/Page/NavigationMenu/Container - Risk Profile' not found
	at com.kms.katalon.core.keyword.internal.KeywordMain.stepFailed(KeywordMain.groovy:50)
	at com.kms.katalon.core.mobile.keyword.internal.MobileKeywordMain.stepFailed(MobileKeywordMain.groovy:40)
	at com.kms.katalon.core.mobile.keyword.builtin.VerifyElementExistKeyword$_verifyElementExist_closure1.doCall(VerifyElementExistKeyword.groovy:77)
	at com.kms.katalon.core.mobile.keyword.builtin.VerifyElementExistKeyword$_verifyElementExist_closure1.call(VerifyElementExistKeyword.groovy)
	at com.kms.katalon.core.mobile.keyword.internal.MobileKeywordMain.runKeyword(MobileKeywordMain.groovy:21)
	at com.kms.katalon.core.mobile.keyword.builtin.VerifyElementExistKeyword.verifyElementExist(VerifyElementExistKeyword.groovy:80)
	at com.kms.katalon.core.mobile.keyword.builtin.VerifyElementExistKeyword.execute(VerifyElementExistKeyword.groovy:64)
	at com.kms.katalon.core.keyword.internal.KeywordExecutor.executeKeywordForPlatform(KeywordExecutor.groovy:73)
	at com.kms.katalon.core.mobile.keyword.MobileBuiltInKeywords.verifyElementExist(MobileBuiltInKeywords.groovy:1586)
	at com.kms.katalon.core.mobile.keyword.MobileBuiltInKeywords$verifyElementExist$11.call(Unknown Source)
	at NavigationMenu.run(NavigationMenu:51)
	at com.kms.katalon.core.main.ScriptEngine.run(ScriptEngine.java:194)
	at com.kms.katalon.core.main.ScriptEngine.runScriptAsRawText(ScriptEngine.java:119)
	at com.kms.katalon.core.main.TestCaseExecutor.runScript(TestCaseExecutor.java:398)
	at com.kms.katalon.core.main.TestCaseExecutor.doExecute(TestCaseExecutor.java:389)
	at com.kms.katalon.core.main.TestCaseExecutor.processExecutionPhase(TestCaseExecutor.java:368)
	at com.kms.katalon.core.main.TestCaseExecutor.accessMainPhase(TestCaseExecutor.java:360)
	at com.kms.katalon.core.main.TestCaseExecutor.execute(TestCaseExecutor.java:255)
	at com.kms.katalon.core.main.TestCaseMain.runTestCase(TestCaseMain.java:114)
	at com.kms.katalon.core.keyword.builtin.CallTestCaseKeyword$_callTestCase_closure1.doCall(CallTestCaseKeyword.groovy:59)
	at com.kms.katalon.core.keyword.builtin.CallTestCaseKeyword$_callTestCase_closure1.call(CallTestCaseKeyword.groovy)
	at com.kms.katalon.core.keyword.internal.KeywordMain.runKeyword(KeywordMain.groovy:68)
	at com.kms.katalon.core.keyword.builtin.CallTestCaseKeyword.callTestCase(CallTestCaseKeyword.groovy:81)
	at com.kms.katalon.core.keyword.builtin.CallTestCaseKeyword.execute(CallTestCaseKeyword.groovy:44)
	at com.kms.katalon.core.keyword.internal.KeywordExecutor.executeKeywordForPlatform(KeywordExecutor.groovy:73)
	at com.kms.katalon.core.keyword.BuiltinKeywords.callTestCase(BuiltinKeywords.groovy:334)
	at 002 - Risk Profile analysis.run(002 - Risk Profile analysis:22)
	at com.kms.katalon.core.main.ScriptEngine.run(ScriptEngine.java:194)
	at com.kms.katalon.core.main.ScriptEngine.runScriptAsRawText(ScriptEngine.java:119)
	at com.kms.katalon.core.main.TestCaseExecutor.runScript(TestCaseExecutor.java:398)
	at com.kms.katalon.core.main.TestCaseExecutor.doExecute(TestCaseExecutor.java:389)
	at com.kms.katalon.core.main.TestCaseExecutor.processExecutionPhase(TestCaseExecutor.java:368)
	at com.kms.katalon.core.main.TestCaseExecutor.accessMainPhase(TestCaseExecutor.java:360)
	at com.kms.katalon.core.main.TestCaseExecutor.execute(TestCaseExecutor.java:255)
	at com.kms.katalon.core.main.TestSuiteExecutor.accessTestCaseMainPhase(TestSuiteExecutor.java:203)
	at com.kms.katalon.core.main.TestSuiteExecutor.accessTestSuiteMainPhase(TestSuiteExecutor.java:152)
	at com.kms.katalon.core.main.TestSuiteExecutor.execute(TestSuiteExecutor.java:95)
	at com.kms.katalon.core.main.TestCaseMain.startTestSuite(TestCaseMain.java:157)
	at com.kms.katalon.core.main.TestCaseMain$startTestSuite$0.call(Unknown Source)
	at TempTestSuite1640655662468.run(TempTestSuite1640655662468.groovy:39)
)

2021-12-28 08:56:38 - [TEST_STEP][PASSED] - bestsuited = verifyElementExist(findTestObject("Mobile/Page/NavigationMenu/Container - Risk Profile"), 2): Element 'Object Repository/Mobile/Page/NavigationMenu/Container - Risk Profile' is exist

2021-12-28 08:56:38 - [MESSAGE][PASSED] - Element 'Object Repository/Mobile/Page/NavigationMenu/Container - Risk Profile' is exist

2021-12-28 08:56:38 - [TEST_STEP][PASSED] - if (!(bestsuited)): null

2021-12-28 08:56:38 - [TEST_STEP][PASSED] - x = getDeviceWidth() * 0.2 * j: Current device physical width is 720

2021-12-28 08:56:39 - [MESSAGE][PASSED] - Current device physical width is 720

2021-12-28 08:56:39 - [TEST_STEP][PASSED] - tapAtPosition(x, y): Tapped at [144, 558]

2021-12-28 08:56:39 - [MESSAGE][PASSED] - Tapped at [144, 558]

2021-12-28 08:56:39 - [TEST_STEP][PASSED] - delay(1): Delayed 1 second(s)

2021-12-28 08:56:40 - [MESSAGE][PASSED] - Delayed 1 second(s)

2021-12-28 08:56:40 - [TEST_STEP][PASSED] - bestsuited = verifyElementExist(findTestObject("Mobile/Page/NavigationMenu/Container - Risk Profile"), 2): Element 'Object Repository/Mobile/Page/NavigationMenu/Container - Risk Profile' is exist

2021-12-28 08:56:40 - [MESSAGE][PASSED] - Element 'Object Repository/Mobile/Page/NavigationMenu/Container - Risk Profile' is exist

2021-12-28 08:56:40 - [TEST_STEP][PASSED] - if (!(bestsuited)): null

2021-12-28 08:56:40 - [TEST_STEP][PASSED] - x = getDeviceWidth() * 0.2 * j: Current device physical width is 720

2021-12-28 08:56:41 - [MESSAGE][PASSED] - Current device physical width is 720

2021-12-28 08:56:41 - [TEST_STEP][PASSED] - tapAtPosition(x, y): Tapped at [288, 558]

2021-12-28 08:56:41 - [MESSAGE][PASSED] - Tapped at [288, 558]

2021-12-28 08:56:41 - [TEST_STEP][PASSED] - delay(1): Delayed 1 second(s)

2021-12-28 08:56:42 - [MESSAGE][PASSED] - Delayed 1 second(s)

2021-12-28 08:56:42 - [TEST_STEP][FAILED] - bestsuited = verifyElementExist(findTestObject("Mobile/Page/NavigationMenu/Container - Risk Profile"), 2): Failed to check for element 'Object Repository/Mobile/Page/NavigationMenu/Container - Risk Profile' exist (Root cause: com.kms.katalon.core.exception.StepFailedException: Element 'Object Repository/Mobile/Page/NavigationMenu/Container - Risk Profile' not found
	at com.kms.katalon.core.keyword.internal.KeywordMain.stepFailed(KeywordMain.groovy:50)
	at com.kms.katalon.core.mobile.keyword.internal.MobileKeywordMain.stepFailed(MobileKeywordMain.groovy:40)
	at com.kms.katalon.core.mobile.keyword.builtin.VerifyElementExistKeyword$_verifyElementExist_closure1.doCall(VerifyElementExistKeyword.groovy:77)
	at com.kms.katalon.core.mobile.keyword.builtin.VerifyElementExistKeyword$_verifyElementExist_closure1.call(VerifyElementExistKeyword.groovy)
	at com.kms.katalon.core.mobile.keyword.internal.MobileKeywordMain.runKeyword(MobileKeywordMain.groovy:21)
	at com.kms.katalon.core.mobile.keyword.builtin.VerifyElementExistKeyword.verifyElementExist(VerifyElementExistKeyword.groovy:80)
	at com.kms.katalon.core.mobile.keyword.builtin.VerifyElementExistKeyword.execute(VerifyElementExistKeyword.groovy:64)
	at com.kms.katalon.core.keyword.internal.KeywordExecutor.executeKeywordForPlatform(KeywordExecutor.groovy:73)
	at com.kms.katalon.core.mobile.keyword.MobileBuiltInKeywords.verifyElementExist(MobileBuiltInKeywords.groovy:1586)
	at com.kms.katalon.core.mobile.keyword.MobileBuiltInKeywords$verifyElementExist$11.call(Unknown Source)
	at NavigationMenu.run(NavigationMenu:51)
	at com.kms.katalon.core.main.ScriptEngine.run(ScriptEngine.java:194)
	at com.kms.katalon.core.main.ScriptEngine.runScriptAsRawText(ScriptEngine.java:119)
	at com.kms.katalon.core.main.TestCaseExecutor.runScript(TestCaseExecutor.java:398)
	at com.kms.katalon.core.main.TestCaseExecutor.doExecute(TestCaseExecutor.java:389)
	at com.kms.katalon.core.main.TestCaseExecutor.processExecutionPhase(TestCaseExecutor.java:368)
	at com.kms.katalon.core.main.TestCaseExecutor.accessMainPhase(TestCaseExecutor.java:360)
	at com.kms.katalon.core.main.TestCaseExecutor.execute(TestCaseExecutor.java:255)
	at com.kms.katalon.core.main.TestCaseMain.runTestCase(TestCaseMain.java:114)
	at com.kms.katalon.core.keyword.builtin.CallTestCaseKeyword$_callTestCase_closure1.doCall(CallTestCaseKeyword.groovy:59)
	at com.kms.katalon.core.keyword.builtin.CallTestCaseKeyword$_callTestCase_closure1.call(CallTestCaseKeyword.groovy)
	at com.kms.katalon.core.keyword.internal.KeywordMain.runKeyword(KeywordMain.groovy:68)
	at com.kms.katalon.core.keyword.builtin.CallTestCaseKeyword.callTestCase(CallTestCaseKeyword.groovy:81)
	at com.kms.katalon.core.keyword.builtin.CallTestCaseKeyword.execute(CallTestCaseKeyword.groovy:44)
	at com.kms.katalon.core.keyword.internal.KeywordExecutor.executeKeywordForPlatform(KeywordExecutor.groovy:73)
	at com.kms.katalon.core.keyword.BuiltinKeywords.callTestCase(BuiltinKeywords.groovy:334)
	at 002 - Risk Profile analysis.run(002 - Risk Profile analysis:22)
	at com.kms.katalon.core.main.ScriptEngine.run(ScriptEngine.java:194)
	at com.kms.katalon.core.main.ScriptEngine.runScriptAsRawText(ScriptEngine.java:119)
	at com.kms.katalon.core.main.TestCaseExecutor.runScript(TestCaseExecutor.java:398)
	at com.kms.katalon.core.main.TestCaseExecutor.doExecute(TestCaseExecutor.java:389)
	at com.kms.katalon.core.main.TestCaseExecutor.processExecutionPhase(TestCaseExecutor.java:368)
	at com.kms.katalon.core.main.TestCaseExecutor.accessMainPhase(TestCaseExecutor.java:360)
	at com.kms.katalon.core.main.TestCaseExecutor.execute(TestCaseExecutor.java:255)
	at com.kms.katalon.core.main.TestSuiteExecutor.accessTestCaseMainPhase(TestSuiteExecutor.java:203)
	at com.kms.katalon.core.main.TestSuiteExecutor.accessTestSuiteMainPhase(TestSuiteExecutor.java:152)
	at com.kms.katalon.core.main.TestSuiteExecutor.execute(TestSuiteExecutor.java:95)
	at com.kms.katalon.core.main.TestCaseMain.startTestSuite(TestCaseMain.java:157)
	at com.kms.katalon.core.main.TestCaseMain$startTestSuite$0.call(Unknown Source)
	at TempTestSuite1640655662468.run(TempTestSuite1640655662468.groovy:39)
)

2021-12-28 08:56:45 - [MESSAGE][FAILED] - Element 'Object Repository/Mobile/Page/NavigationMenu/Container - Risk Profile' not found
[[ATTACHMENT|C:\\Users\\Owner\\Documents\\kerjaan\\KatalonProject\\qa_katalon_pwm\\qa_katalon_pwm\\Reports\\20211228_084053\\navigationmenu\\20211228_084102\\1640656604435.png]]

2021-12-28 08:56:45 - [MESSAGE][FAILED] - Failed to check for element 'Object Repository/Mobile/Page/NavigationMenu/Container - Risk Profile' exist (Root cause: com.kms.katalon.core.exception.StepFailedException: Element 'Object Repository/Mobile/Page/NavigationMenu/Container - Risk Profile' not found
	at com.kms.katalon.core.keyword.internal.KeywordMain.stepFailed(KeywordMain.groovy:50)
	at com.kms.katalon.core.mobile.keyword.internal.MobileKeywordMain.stepFailed(MobileKeywordMain.groovy:40)
	at com.kms.katalon.core.mobile.keyword.builtin.VerifyElementExistKeyword$_verifyElementExist_closure1.doCall(VerifyElementExistKeyword.groovy:77)
	at com.kms.katalon.core.mobile.keyword.builtin.VerifyElementExistKeyword$_verifyElementExist_closure1.call(VerifyElementExistKeyword.groovy)
	at com.kms.katalon.core.mobile.keyword.internal.MobileKeywordMain.runKeyword(MobileKeywordMain.groovy:21)
	at com.kms.katalon.core.mobile.keyword.builtin.VerifyElementExistKeyword.verifyElementExist(VerifyElementExistKeyword.groovy:80)
	at com.kms.katalon.core.mobile.keyword.builtin.VerifyElementExistKeyword.execute(VerifyElementExistKeyword.groovy:64)
	at com.kms.katalon.core.keyword.internal.KeywordExecutor.executeKeywordForPlatform(KeywordExecutor.groovy:73)
	at com.kms.katalon.core.mobile.keyword.MobileBuiltInKeywords.verifyElementExist(MobileBuiltInKeywords.groovy:1586)
	at com.kms.katalon.core.mobile.keyword.MobileBuiltInKeywords$verifyElementExist$11.call(Unknown Source)
	at NavigationMenu.run(NavigationMenu:51)
	at com.kms.katalon.core.main.ScriptEngine.run(ScriptEngine.java:194)
	at com.kms.katalon.core.main.ScriptEngine.runScriptAsRawText(ScriptEngine.java:119)
	at com.kms.katalon.core.main.TestCaseExecutor.runScript(TestCaseExecutor.java:398)
	at com.kms.katalon.core.main.TestCaseExecutor.doExecute(TestCaseExecutor.java:389)
	at com.kms.katalon.core.main.TestCaseExecutor.processExecutionPhase(TestCaseExecutor.java:368)
	at com.kms.katalon.core.main.TestCaseExecutor.accessMainPhase(TestCaseExecutor.java:360)
	at com.kms.katalon.core.main.TestCaseExecutor.execute(TestCaseExecutor.java:255)
	at com.kms.katalon.core.main.TestCaseMain.runTestCase(TestCaseMain.java:114)
	at com.kms.katalon.core.keyword.builtin.CallTestCaseKeyword$_callTestCase_closure1.doCall(CallTestCaseKeyword.groovy:59)
	at com.kms.katalon.core.keyword.builtin.CallTestCaseKeyword$_callTestCase_closure1.call(CallTestCaseKeyword.groovy)
	at com.kms.katalon.core.keyword.internal.KeywordMain.runKeyword(KeywordMain.groovy:68)
	at com.kms.katalon.core.keyword.builtin.CallTestCaseKeyword.callTestCase(CallTestCaseKeyword.groovy:81)
	at com.kms.katalon.core.keyword.builtin.CallTestCaseKeyword.execute(CallTestCaseKeyword.groovy:44)
	at com.kms.katalon.core.keyword.internal.KeywordExecutor.executeKeywordForPlatform(KeywordExecutor.groovy:73)
	at com.kms.katalon.core.keyword.BuiltinKeywords.callTestCase(BuiltinKeywords.groovy:334)
	at 002 - Risk Profile analysis.run(002 - Risk Profile analysis:22)
	at com.kms.katalon.core.main.ScriptEngine.run(ScriptEngine.java:194)
	at com.kms.katalon.core.main.ScriptEngine.runScriptAsRawText(ScriptEngine.java:119)
	at com.kms.katalon.core.main.TestCaseExecutor.runScript(TestCaseExecutor.java:398)
	at com.kms.katalon.core.main.TestCaseExecutor.doExecute(TestCaseExecutor.java:389)
	at com.kms.katalon.core.main.TestCaseExecutor.processExecutionPhase(TestCaseExecutor.java:368)
	at com.kms.katalon.core.main.TestCaseExecutor.accessMainPhase(TestCaseExecutor.java:360)
	at com.kms.katalon.core.main.TestCaseExecutor.execute(TestCaseExecutor.java:255)
	at com.kms.katalon.core.main.TestSuiteExecutor.accessTestCaseMainPhase(TestSuiteExecutor.java:203)
	at com.kms.katalon.core.main.TestSuiteExecutor.accessTestSuiteMainPhase(TestSuiteExecutor.java:152)
	at com.kms.katalon.core.main.TestSuiteExecutor.execute(TestSuiteExecutor.java:95)
	at com.kms.katalon.core.main.TestCaseMain.startTestSuite(TestCaseMain.java:157)
	at com.kms.katalon.core.main.TestCaseMain$startTestSuite$0.call(Unknown Source)
	at TempTestSuite1640655662468.run(TempTestSuite1640655662468.groovy:39)
)
[[ATTACHMENT|C:\\Users\\Owner\\Documents\\kerjaan\\KatalonProject\\qa_katalon_pwm\\qa_katalon_pwm\\Reports\\20211228_084053\\navigationmenu\\20211228_084102\\1640656605158.png]]

2021-12-28 08:56:45 - [TEST_STEP][PASSED] - catch (Exception e): null

2021-12-28 08:56:45 - [TEST_STEP][PASSED] - rand = new java.util.Random(): null

2021-12-28 08:56:45 - [TEST_STEP][PASSED] - random = rand.nextInt(2): null

2021-12-28 08:56:45 - [TEST_STEP][PASSED] - positionclick.positionclick.clickButtonInBottom(findTestObject("Mobile/Page/NavigationMenu/Risk Profile/Dropdown - How Long")): positionclick.positionclick.clickButtonInBottom is PASSED

2021-12-28 08:56:46 - [MESSAGE][PASSED] - Current device physical width is 720

2021-12-28 08:56:46 - [MESSAGE][WARNING] - Timeout '0' is invalid. Using default page load timeout: '60'

2021-12-28 08:56:46 - [MESSAGE][PASSED] - Object 'Object Repository/Mobile/Page/NavigationMenu/Risk Profile/Dropdown - How Long' has top position '151'

2021-12-28 08:56:46 - [MESSAGE][WARNING] - Timeout '0' is invalid. Using default page load timeout: '60'

2021-12-28 08:56:46 - [MESSAGE][PASSED] - Object 'Object Repository/Mobile/Page/NavigationMenu/Risk Profile/Dropdown - How Long' has height: '126'

2021-12-28 08:56:47 - [MESSAGE][PASSED] - Tapped at [360, 251]

2021-12-28 08:56:47 - [MESSAGE][PASSED] - positionclick.positionclick.clickButtonInBottom is PASSED

2021-12-28 08:56:47 - [TEST_STEP][PASSED] - delay(1): Delayed 1 second(s)

2021-12-28 08:56:48 - [MESSAGE][PASSED] - Delayed 1 second(s)

2021-12-28 08:56:48 - [TEST_STEP][PASSED] - if (random == 0): null

2021-12-28 08:56:48 - [TEST_STEP][PASSED] - else: Tapped on element 'Object Repository/Mobile/Page/NavigationMenu/Risk Profile/Option How Long - 3 to 5'

2021-12-28 08:56:48 - [TEST_STEP][PASSED] - tap(findTestObject("Mobile/Page/NavigationMenu/Risk Profile/Option How Long - 3 to 5"), 0): Tapped on element 'Object Repository/Mobile/Page/NavigationMenu/Risk Profile/Option How Long - 3 to 5'

2021-12-28 08:56:48 - [MESSAGE][WARNING] - Timeout '0' is invalid. Using default page load timeout: '60'

2021-12-28 08:56:49 - [MESSAGE][PASSED] - Tapped on element 'Object Repository/Mobile/Page/NavigationMenu/Risk Profile/Option How Long - 3 to 5'

2021-12-28 08:56:49 - [TEST_STEP][PASSED] - delay(1): Delayed 1 second(s)

2021-12-28 08:56:50 - [MESSAGE][PASSED] - Delayed 1 second(s)

2021-12-28 08:56:50 - [TEST_STEP][PASSED] - random = rand.nextInt(2): null

2021-12-28 08:56:50 - [TEST_STEP][PASSED] - positionclick.positionclick.clickButtonInBottom(findTestObject("Mobile/Page/NavigationMenu/Risk Profile/Dropdown - Investment Goal")): positionclick.positionclick.clickButtonInBottom is PASSED

2021-12-28 08:56:50 - [MESSAGE][PASSED] - Current device physical width is 720

2021-12-28 08:56:50 - [MESSAGE][WARNING] - Timeout '0' is invalid. Using default page load timeout: '60'

2021-12-28 08:56:51 - [MESSAGE][PASSED] - Object 'Object Repository/Mobile/Page/NavigationMenu/Risk Profile/Dropdown - Investment Goal' has top position '303'

2021-12-28 08:56:51 - [MESSAGE][WARNING] - Timeout '0' is invalid. Using default page load timeout: '60'

2021-12-28 08:56:51 - [MESSAGE][PASSED] - Object 'Object Repository/Mobile/Page/NavigationMenu/Risk Profile/Dropdown - Investment Goal' has height: '126'

2021-12-28 08:56:51 - [MESSAGE][PASSED] - Tapped at [360, 403]

2021-12-28 08:56:51 - [MESSAGE][PASSED] - positionclick.positionclick.clickButtonInBottom is PASSED

2021-12-28 08:56:51 - [TEST_STEP][PASSED] - delay(1): Delayed 1 second(s)

2021-12-28 08:56:52 - [MESSAGE][PASSED] - Delayed 1 second(s)

2021-12-28 08:56:52 - [TEST_STEP][PASSED] - if (random == 0): null

2021-12-28 08:56:52 - [TEST_STEP][PASSED] - else: Tapped on element 'Object Repository/Mobile/Page/NavigationMenu/Risk Profile/Option Investment Goal - Profit'

2021-12-28 08:56:52 - [TEST_STEP][PASSED] - tap(findTestObject("Mobile/Page/NavigationMenu/Risk Profile/Option Investment Goal - Profit"), 0): Tapped on element 'Object Repository/Mobile/Page/NavigationMenu/Risk Profile/Option Investment Goal - Profit'

2021-12-28 08:56:52 - [MESSAGE][WARNING] - Timeout '0' is invalid. Using default page load timeout: '60'

2021-12-28 08:56:53 - [MESSAGE][PASSED] - Tapped on element 'Object Repository/Mobile/Page/NavigationMenu/Risk Profile/Option Investment Goal - Profit'

2021-12-28 08:56:53 - [TEST_STEP][PASSED] - delay(1): Delayed 1 second(s)

2021-12-28 08:56:54 - [MESSAGE][PASSED] - Delayed 1 second(s)

2021-12-28 08:56:54 - [TEST_STEP][PASSED] - random = rand.nextInt(2): null

2021-12-28 08:56:54 - [TEST_STEP][PASSED] - positionclick.positionclick.clickButtonInBottom(findTestObject("Mobile/Page/NavigationMenu/Risk Profile/Dropdown - General Knowledge")): positionclick.positionclick.clickButtonInBottom is PASSED

2021-12-28 08:56:54 - [MESSAGE][PASSED] - Current device physical width is 720

2021-12-28 08:56:54 - [MESSAGE][WARNING] - Timeout '0' is invalid. Using default page load timeout: '60'

2021-12-28 08:56:54 - [MESSAGE][PASSED] - Object 'Object Repository/Mobile/Page/NavigationMenu/Risk Profile/Dropdown - General Knowledge' has top position '456'

2021-12-28 08:56:54 - [MESSAGE][WARNING] - Timeout '0' is invalid. Using default page load timeout: '60'

2021-12-28 08:56:54 - [MESSAGE][PASSED] - Object 'Object Repository/Mobile/Page/NavigationMenu/Risk Profile/Dropdown - General Knowledge' has height: '126'

2021-12-28 08:56:55 - [MESSAGE][PASSED] - Tapped at [360, 556]

2021-12-28 08:56:55 - [MESSAGE][PASSED] - positionclick.positionclick.clickButtonInBottom is PASSED

2021-12-28 08:56:55 - [TEST_STEP][PASSED] - delay(1): Delayed 1 second(s)

2021-12-28 08:56:56 - [MESSAGE][PASSED] - Delayed 1 second(s)

2021-12-28 08:56:56 - [TEST_STEP][PASSED] - if (random == 0): Tapped on element 'Object Repository/Mobile/Page/NavigationMenu/Risk Profile/Option General Knowledge - Limited'

2021-12-28 08:56:56 - [MESSAGE][WARNING] - Timeout '0' is invalid. Using default page load timeout: '60'

2021-12-28 08:56:57 - [MESSAGE][PASSED] - Tapped on element 'Object Repository/Mobile/Page/NavigationMenu/Risk Profile/Option General Knowledge - Limited'

2021-12-28 08:56:57 - [TEST_STEP][PASSED] - delay(1): Delayed 1 second(s)

2021-12-28 08:56:58 - [MESSAGE][PASSED] - Delayed 1 second(s)

2021-12-28 08:56:58 - [TEST_STEP][PASSED] - random = rand.nextInt(2): null

2021-12-28 08:56:58 - [TEST_STEP][PASSED] - positionclick.positionclick.clickButtonInBottom(findTestObject("Mobile/Page/NavigationMenu/Risk Profile/Dropdown - Total Amount")): positionclick.positionclick.clickButtonInBottom is PASSED

2021-12-28 08:56:59 - [MESSAGE][PASSED] - Current device physical width is 720

2021-12-28 08:56:59 - [MESSAGE][WARNING] - Timeout '0' is invalid. Using default page load timeout: '60'

2021-12-28 08:56:59 - [MESSAGE][PASSED] - Object 'Object Repository/Mobile/Page/NavigationMenu/Risk Profile/Dropdown - Total Amount' has top position '608'

2021-12-28 08:56:59 - [MESSAGE][WARNING] - Timeout '0' is invalid. Using default page load timeout: '60'

2021-12-28 08:56:59 - [MESSAGE][PASSED] - Object 'Object Repository/Mobile/Page/NavigationMenu/Risk Profile/Dropdown - Total Amount' has height: '126'

2021-12-28 08:57:00 - [MESSAGE][PASSED] - Tapped at [360, 708]

2021-12-28 08:57:00 - [MESSAGE][PASSED] - positionclick.positionclick.clickButtonInBottom is PASSED

2021-12-28 08:57:00 - [TEST_STEP][PASSED] - delay(1): Delayed 1 second(s)

2021-12-28 08:57:01 - [MESSAGE][PASSED] - Delayed 1 second(s)

2021-12-28 08:57:01 - [TEST_STEP][PASSED] - if (random == 0): null

2021-12-28 08:57:01 - [TEST_STEP][PASSED] - else: Tapped on element 'Object Repository/Mobile/Page/NavigationMenu/Risk Profile/Option Total Amount - Between 20 and 30'

2021-12-28 08:57:01 - [TEST_STEP][PASSED] - tap(findTestObject("Mobile/Page/NavigationMenu/Risk Profile/Option Total Amount - Between 20 and 30"), 0): Tapped on element 'Object Repository/Mobile/Page/NavigationMenu/Risk Profile/Option Total Amount - Between 20 and 30'

2021-12-28 08:57:01 - [MESSAGE][WARNING] - Timeout '0' is invalid. Using default page load timeout: '60'

2021-12-28 08:57:02 - [MESSAGE][PASSED] - Tapped on element 'Object Repository/Mobile/Page/NavigationMenu/Risk Profile/Option Total Amount - Between 20 and 30'

2021-12-28 08:57:02 - [TEST_STEP][PASSED] - delay(1): Delayed 1 second(s)

2021-12-28 08:57:03 - [MESSAGE][PASSED] - Delayed 1 second(s)

2021-12-28 08:57:03 - [TEST_STEP][PASSED] - random = rand.nextInt(2): null

2021-12-28 08:57:03 - [TEST_STEP][PASSED] - positionclick.positionclick.clickButtonInBottom(findTestObject("Mobile/Page/NavigationMenu/Risk Profile/Dropdown - Investment Goal")): positionclick.positionclick.clickButtonInBottom is PASSED

2021-12-28 08:57:03 - [MESSAGE][PASSED] - Current device physical width is 720

2021-12-28 08:57:03 - [MESSAGE][WARNING] - Timeout '0' is invalid. Using default page load timeout: '60'

2021-12-28 08:57:03 - [MESSAGE][PASSED] - Object 'Object Repository/Mobile/Page/NavigationMenu/Risk Profile/Dropdown - Investment Goal' has top position '303'

2021-12-28 08:57:03 - [MESSAGE][WARNING] - Timeout '0' is invalid. Using default page load timeout: '60'

2021-12-28 08:57:03 - [MESSAGE][PASSED] - Object 'Object Repository/Mobile/Page/NavigationMenu/Risk Profile/Dropdown - Investment Goal' has height: '126'

2021-12-28 08:57:04 - [MESSAGE][PASSED] - Tapped at [360, 403]

2021-12-28 08:57:04 - [MESSAGE][PASSED] - positionclick.positionclick.clickButtonInBottom is PASSED

2021-12-28 08:57:04 - [TEST_STEP][PASSED] - delay(1): Delayed 1 second(s)

2021-12-28 08:57:05 - [MESSAGE][PASSED] - Delayed 1 second(s)

2021-12-28 08:57:05 - [TEST_STEP][PASSED] - if (random == 0): Tapped on element 'Object Repository/Mobile/Page/NavigationMenu/Risk Profile/Option Risk Level - Low'

2021-12-28 08:57:05 - [MESSAGE][WARNING] - Timeout '0' is invalid. Using default page load timeout: '60'

2021-12-28 08:57:07 - [MESSAGE][PASSED] - Tapped on element 'Object Repository/Mobile/Page/NavigationMenu/Risk Profile/Option Risk Level - Low'

2021-12-28 08:57:07 - [TEST_STEP][PASSED] - delay(1): Delayed 1 second(s)

2021-12-28 08:57:08 - [MESSAGE][PASSED] - Delayed 1 second(s)

2021-12-28 08:57:08 - [TEST_STEP][PASSED] - random = rand.nextInt(2): null

2021-12-28 08:57:08 - [TEST_STEP][PASSED] - positionclick.positionclick.clickButtonInBottom(findTestObject("Mobile/Page/NavigationMenu/Risk Profile/Dropdown - Best Suited")): positionclick.positionclick.clickButtonInBottom is PASSED

2021-12-28 08:57:08 - [MESSAGE][PASSED] - Current device physical width is 720

2021-12-28 08:57:08 - [MESSAGE][WARNING] - Timeout '0' is invalid. Using default page load timeout: '60'

2021-12-28 08:57:08 - [MESSAGE][PASSED] - Object 'Object Repository/Mobile/Page/NavigationMenu/Risk Profile/Dropdown - Best Suited' has top position '912'

2021-12-28 08:57:08 - [MESSAGE][WARNING] - Timeout '0' is invalid. Using default page load timeout: '60'

2021-12-28 08:57:08 - [MESSAGE][PASSED] - Object 'Object Repository/Mobile/Page/NavigationMenu/Risk Profile/Dropdown - Best Suited' has height: '154'

2021-12-28 08:57:09 - [MESSAGE][PASSED] - Tapped at [360, 1,035]

2021-12-28 08:57:09 - [MESSAGE][PASSED] - positionclick.positionclick.clickButtonInBottom is PASSED

2021-12-28 08:57:09 - [TEST_STEP][PASSED] - delay(1): Delayed 1 second(s)

2021-12-28 08:57:10 - [MESSAGE][PASSED] - Delayed 1 second(s)

2021-12-28 08:57:10 - [TEST_STEP][PASSED] - if (random == 0): null

2021-12-28 08:57:10 - [TEST_STEP][PASSED] - else: Tapped on element 'Object Repository/Mobile/Page/NavigationMenu/Risk Profile/Option Best Suited - Security Deposit'

2021-12-28 08:57:10 - [TEST_STEP][PASSED] - tap(findTestObject("Mobile/Page/NavigationMenu/Risk Profile/Option Best Suited - Security Deposit"), 0): Tapped on element 'Object Repository/Mobile/Page/NavigationMenu/Risk Profile/Option Best Suited - Security Deposit'

2021-12-28 08:57:10 - [MESSAGE][WARNING] - Timeout '0' is invalid. Using default page load timeout: '60'

2021-12-28 08:57:11 - [MESSAGE][PASSED] - Tapped on element 'Object Repository/Mobile/Page/NavigationMenu/Risk Profile/Option Best Suited - Security Deposit'

2021-12-28 08:57:11 - [TEST_STEP][PASSED] - delay(1): Delayed 1 second(s)

2021-12-28 08:57:12 - [MESSAGE][PASSED] - Delayed 1 second(s)

2021-12-28 08:57:12 - [TEST_STEP][PASSED] - tap(findTestObject("Mobile/Page/NavigationMenu/Risk Profile/Button - Calculate Risk Profile"), 0): Tapped on element 'Object Repository/Mobile/Page/NavigationMenu/Risk Profile/Button - Calculate Risk Profile'

2021-12-28 08:57:13 - [MESSAGE][WARNING] - Timeout '0' is invalid. Using default page load timeout: '60'

2021-12-28 08:57:13 - [MESSAGE][PASSED] - Tapped on element 'Object Repository/Mobile/Page/NavigationMenu/Risk Profile/Button - Calculate Risk Profile'

2021-12-28 08:57:13 - [TEST_STEP][PASSED] - delay(1): Delayed 1 second(s)

2021-12-28 08:57:14 - [MESSAGE][PASSED] - Delayed 1 second(s)

2021-12-28 08:57:14 - [TEST_STEP][PASSED] - pressBack(): Press back button successfully

2021-12-28 08:57:15 - [MESSAGE][PASSED] - Press back button successfully

2021-12-28 08:57:15 - [MESSAGE][PASSED] - Call Test Case 'Test Cases/Mobile/Page/NavigationMenu/NavigationMenu' successfully

2021-12-28 08:57:15 - [TEST_STEP][PASSED] - callTestCase(findTestCase("Mobile/Page/Run App/Terminate App"), [:], STOP_ON_FAILURE): Call Test Case 'Test Cases/Mobile/Page/Run App/Terminate App' successfully

2021-12-28 08:57:15 - [TEST_CASE][PASSED] - Test Cases/Mobile/Page/Run App/Terminate App: Test Cases/Mobile/Page/Run App/Terminate App

2021-12-28 08:57:15 - [TEST_STEP][PASSED] - startApp.OpenApp.terminateApplication(): startApp.OpenApp.terminateApplication is PASSED

2021-12-28 08:57:18 - [MESSAGE][PASSED] - Delayed 3 second(s)

2021-12-28 08:57:19 - [MESSAGE][PASSED] - Current device physical width is 720

2021-12-28 08:57:19 - [MESSAGE][PASSED] - Current device physical height is 1423

2021-12-28 08:57:20 - [MESSAGE][PASSED] - Swiped from 360,853 to 360,142

2021-12-28 08:57:21 - [MESSAGE][PASSED] - Delayed 1 second(s)

2021-12-28 08:57:22 - [MESSAGE][PASSED] - Swiped from 360,853 to 360,142

2021-12-28 08:57:25 - [MESSAGE][PASSED] - Delayed 3 second(s)

2021-12-28 08:57:25 - [MESSAGE][PASSED] - startApp.OpenApp.terminateApplication is PASSED

2021-12-28 08:57:25 - [MESSAGE][PASSED] - Call Test Case 'Test Cases/Mobile/Page/Run App/Terminate App' successfully]]></system-out>
         <system-err><![CDATA[]]></system-err>
      </testcase>
      <testcase name="Test Cases/Mobile/Scenario/NavigationMenu/003 - Whatsapp message" time="65.524" classname="Test Cases/Mobile/Scenario/NavigationMenu/003 - Whatsapp message" status="PASSED">
         <system-out><![CDATA[2021-12-28 08:57:25 - [TEST_CASE][PASSED] - Test Cases/Mobile/Scenario/NavigationMenu/003 - Whatsapp message: Test Cases/Mobile/Scenario/NavigationMenu/003 - Whatsapp message

2021-12-28 08:57:26 - [TEST_STEP][PASSED] - callTestCase(findTestCase("Mobile/Page/Run App/Run App byID"), [:], STOP_ON_FAILURE): Call Test Case 'Test Cases/Mobile/Page/Run App/Run App byID' successfully

2021-12-28 08:57:26 - [TEST_CASE][PASSED] - Test Cases/Mobile/Page/Run App/Run App byID: Test Cases/Mobile/Page/Run App/Run App byID

2021-12-28 08:57:26 - [TEST_STEP][PASSED] - startApp.OpenApp.startApplication("id.co.miraeasset.sageclub"): startApp.OpenApp.startApplication is PASSED

2021-12-28 08:57:38 - [MESSAGE][PASSED] - Starting app with application ID: 'id.co.miraeasset.sageclub'

2021-12-28 08:57:38 - [MESSAGE][PASSED] - startApp.OpenApp.startApplication is PASSED

2021-12-28 08:57:38 - [MESSAGE][PASSED] - Call Test Case 'Test Cases/Mobile/Page/Run App/Run App byID' successfully

2021-12-28 08:57:38 - [TEST_STEP][PASSED] - callTestCase(findTestCase("Mobile/Page/NavigationMenu/NavigationMenu"), ["action":"wa"], CONTINUE_ON_FAILURE): Call Test Case 'Test Cases/Mobile/Page/NavigationMenu/NavigationMenu' successfully

2021-12-28 08:57:38 - [TEST_CASE][PASSED] - Test Cases/Mobile/Page/NavigationMenu/NavigationMenu: Test Cases/Mobile/Page/NavigationMenu/NavigationMenu

2021-12-28 08:57:38 - [TEST_STEP][PASSED] - callTestCase(findTestCase("Mobile/Page/CheckLogin"), [:], CONTINUE_ON_FAILURE): Call Test Case 'Test Cases/Mobile/Page/CheckLogin' successfully

2021-12-28 08:57:38 - [TEST_CASE][PASSED] - Test Cases/Mobile/Page/CheckLogin: Test Cases/Mobile/Page/CheckLogin

2021-12-28 08:57:38 - [TEST_STEP][PASSED] - loginCheck = verifyElementExist(findTestObject("Mobile/Page/Login/Button - Login"), 5, CONTINUE_ON_FAILURE): Element 'Object Repository/Mobile/Page/Login/Button - Login' is exist

2021-12-28 08:57:40 - [MESSAGE][PASSED] - Element 'Object Repository/Mobile/Page/Login/Button - Login' is exist

2021-12-28 08:57:40 - [TEST_STEP][PASSED] - if (loginCheck): Call Test Case 'Test Cases/Mobile/Page/Login/Login' successfully

2021-12-28 08:57:40 - [TEST_STEP][PASSED] - callTestCase(findTestCase("Mobile/Page/Login/Login"), [:], CONTINUE_ON_FAILURE): Call Test Case 'Test Cases/Mobile/Page/Login/Login' successfully

2021-12-28 08:57:40 - [TEST_CASE][PASSED] - Test Cases/Mobile/Page/Login/Login: Test Cases/Mobile/Page/Login/Login

2021-12-28 08:57:40 - [TEST_STEP][PASSED] - delay(2): Delayed 2 second(s)

2021-12-28 08:57:42 - [MESSAGE][PASSED] - Delayed 2 second(s)

2021-12-28 08:57:42 - [TEST_STEP][PASSED] - tap(findTestObject("Mobile/Page/Login/Input - UserID"), 0): Tapped on element 'Object Repository/Mobile/Page/Login/Input - UserID'

2021-12-28 08:57:42 - [MESSAGE][WARNING] - Timeout '0' is invalid. Using default page load timeout: '60'

2021-12-28 08:57:42 - [MESSAGE][PASSED] - Tapped on element 'Object Repository/Mobile/Page/Login/Input - UserID'

2021-12-28 08:57:42 - [TEST_STEP][PASSED] - delay(1): Delayed 1 second(s)

2021-12-28 08:57:43 - [MESSAGE][PASSED] - Delayed 1 second(s)

2021-12-28 08:57:43 - [TEST_STEP][PASSED] - setText(findTestObject("Mobile/Page/Login/Input Rdy - UserID"), "anggaaditya", 0): Text 'anggaaditya' has been set to element 'Object Repository/Mobile/Page/Login/Input Rdy - UserID'

2021-12-28 08:57:43 - [MESSAGE][WARNING] - Timeout '0' is invalid. Using default page load timeout: '60'

2021-12-28 08:57:44 - [MESSAGE][PASSED] - Text 'anggaaditya' has been set to element 'Object Repository/Mobile/Page/Login/Input Rdy - UserID'

2021-12-28 08:57:44 - [TEST_STEP][PASSED] - delay(1): Delayed 1 second(s)

2021-12-28 08:57:45 - [MESSAGE][PASSED] - Delayed 1 second(s)

2021-12-28 08:57:45 - [TEST_STEP][PASSED] - hideKeyboard(): Keyboard is hidden

2021-12-28 08:57:49 - [MESSAGE][PASSED] - Keyboard is hidden

2021-12-28 08:57:49 - [TEST_STEP][PASSED] - tap(findTestObject("Mobile/Page/Login/Input - Password"), 0): Tapped on element 'Object Repository/Mobile/Page/Login/Input - Password'

2021-12-28 08:57:49 - [MESSAGE][WARNING] - Timeout '0' is invalid. Using default page load timeout: '60'

2021-12-28 08:57:49 - [MESSAGE][PASSED] - Tapped on element 'Object Repository/Mobile/Page/Login/Input - Password'

2021-12-28 08:57:49 - [TEST_STEP][PASSED] - delay(1): Delayed 1 second(s)

2021-12-28 08:57:50 - [MESSAGE][PASSED] - Delayed 1 second(s)

2021-12-28 08:57:50 - [TEST_STEP][PASSED] - setText(findTestObject("Mobile/Page/Login/Input Rdy - Password"), "Shalawa18", 0): Text 'Shalawa18' has been set to element 'Object Repository/Mobile/Page/Login/Input Rdy - Password'

2021-12-28 08:57:50 - [MESSAGE][WARNING] - Timeout '0' is invalid. Using default page load timeout: '60'

2021-12-28 08:57:51 - [MESSAGE][PASSED] - Text 'Shalawa18' has been set to element 'Object Repository/Mobile/Page/Login/Input Rdy - Password'

2021-12-28 08:57:51 - [TEST_STEP][PASSED] - delay(1): Delayed 1 second(s)

2021-12-28 08:57:52 - [MESSAGE][PASSED] - Delayed 1 second(s)

2021-12-28 08:57:52 - [TEST_STEP][PASSED] - hideKeyboard(): Keyboard is hidden

2021-12-28 08:57:58 - [MESSAGE][PASSED] - Keyboard is hidden

2021-12-28 08:57:58 - [TEST_STEP][PASSED] - tap(findTestObject("Mobile/Page/Login/Button - Login"), 0): Tapped on element 'Object Repository/Mobile/Page/Login/Button - Login'

2021-12-28 08:57:58 - [MESSAGE][WARNING] - Timeout '0' is invalid. Using default page load timeout: '60'

2021-12-28 08:58:00 - [MESSAGE][PASSED] - Tapped on element 'Object Repository/Mobile/Page/Login/Button - Login'

2021-12-28 08:58:00 - [TEST_STEP][PASSED] - delay(2): Delayed 2 second(s)

2021-12-28 08:58:02 - [MESSAGE][PASSED] - Delayed 2 second(s)

2021-12-28 08:58:02 - [MESSAGE][PASSED] - Call Test Case 'Test Cases/Mobile/Page/Login/Login' successfully

2021-12-28 08:58:02 - [MESSAGE][PASSED] - Call Test Case 'Test Cases/Mobile/Page/CheckLogin' successfully

2021-12-28 08:58:02 - [TEST_STEP][PASSED] - delay(3): Delayed 3 second(s)

2021-12-28 08:58:05 - [MESSAGE][PASSED] - Delayed 3 second(s)

2021-12-28 08:58:05 - [TEST_STEP][PASSED] - scroll.scroll.scrollScreenLeftToRight(): scroll.scroll.scrollScreenLeftToRight is PASSED

2021-12-28 08:58:05 - [MESSAGE][PASSED] - Current device physical height is 1423

2021-12-28 08:58:05 - [MESSAGE][PASSED] - Current device physical width is 720

2021-12-28 08:58:06 - [MESSAGE][PASSED] - Current device physical height is 1423

2021-12-28 08:58:07 - [MESSAGE][PASSED] - Swiped from 10,711 to 710,711

2021-12-28 08:58:07 - [MESSAGE][PASSED] - scroll.scroll.scrollScreenLeftToRight is PASSED

2021-12-28 08:58:07 - [TEST_STEP][PASSED] - delay(1): Delayed 1 second(s)

2021-12-28 08:58:08 - [MESSAGE][PASSED] - Delayed 1 second(s)

2021-12-28 08:58:08 - [TEST_STEP][PASSED] - for ([i = 0, i < 1, (i++)]): Delayed 2 second(s)

2021-12-28 08:58:08 - [TEST_STEP][PASSED] - if (action == "downloadtaxreport"): null

2021-12-28 08:58:08 - [TEST_STEP][PASSED] - else if (action == "analyzeprofile"): null

2021-12-28 08:58:08 - [TEST_STEP][PASSED] - else if (action == "wa"): Delayed 2 second(s)

2021-12-28 08:58:08 - [TEST_STEP][PASSED] - tap(findTestObject("Mobile/Page/NavigationMenu/Button - Whatsapp"), 0): Tapped on element 'Object Repository/Mobile/Page/NavigationMenu/Button - Whatsapp'

2021-12-28 08:58:08 - [MESSAGE][WARNING] - Timeout '0' is invalid. Using default page load timeout: '60'

2021-12-28 08:58:09 - [MESSAGE][PASSED] - Tapped on element 'Object Repository/Mobile/Page/NavigationMenu/Button - Whatsapp'

2021-12-28 08:58:09 - [TEST_STEP][PASSED] - delay(2): Delayed 2 second(s)

2021-12-28 08:58:11 - [MESSAGE][PASSED] - Delayed 2 second(s)

2021-12-28 08:58:11 - [MESSAGE][PASSED] - Call Test Case 'Test Cases/Mobile/Page/NavigationMenu/NavigationMenu' successfully

2021-12-28 08:58:11 - [TEST_STEP][PASSED] - callTestCase(findTestCase("Mobile/Page/Run App/Terminate App"), [:], STOP_ON_FAILURE): Call Test Case 'Test Cases/Mobile/Page/Run App/Terminate App' successfully

2021-12-28 08:58:11 - [TEST_CASE][PASSED] - Test Cases/Mobile/Page/Run App/Terminate App: Test Cases/Mobile/Page/Run App/Terminate App

2021-12-28 08:58:11 - [TEST_STEP][PASSED] - startApp.OpenApp.terminateApplication(): startApp.OpenApp.terminateApplication is PASSED

2021-12-28 08:58:14 - [MESSAGE][PASSED] - Delayed 3 second(s)

2021-12-28 08:58:14 - [MESSAGE][PASSED] - Current device physical width is 720

2021-12-28 08:58:14 - [MESSAGE][PASSED] - Current device physical height is 1423

2021-12-28 08:58:15 - [MESSAGE][PASSED] - Swiped from 360,853 to 360,142

2021-12-28 08:58:17 - [MESSAGE][PASSED] - Delayed 1 second(s)

2021-12-28 08:58:18 - [MESSAGE][PASSED] - Swiped from 360,853 to 360,142

2021-12-28 08:58:21 - [MESSAGE][PASSED] - Delayed 3 second(s)

2021-12-28 08:58:21 - [MESSAGE][PASSED] - startApp.OpenApp.terminateApplication is PASSED

2021-12-28 08:58:21 - [MESSAGE][PASSED] - Call Test Case 'Test Cases/Mobile/Page/Run App/Terminate App' successfully

2021-12-28 08:58:21 - [TEST_STEP][PASSED] - callTestCase(findTestCase("Mobile/Page/Run App/Terminate App"), [:], STOP_ON_FAILURE): Call Test Case 'Test Cases/Mobile/Page/Run App/Terminate App' successfully

2021-12-28 08:58:21 - [TEST_CASE][PASSED] - Test Cases/Mobile/Page/Run App/Terminate App: Test Cases/Mobile/Page/Run App/Terminate App

2021-12-28 08:58:21 - [TEST_STEP][PASSED] - startApp.OpenApp.terminateApplication(): startApp.OpenApp.terminateApplication is PASSED

2021-12-28 08:58:24 - [MESSAGE][PASSED] - Delayed 3 second(s)

2021-12-28 08:58:24 - [MESSAGE][PASSED] - Current device physical width is 720

2021-12-28 08:58:24 - [MESSAGE][PASSED] - Current device physical height is 1423

2021-12-28 08:58:26 - [MESSAGE][PASSED] - Swiped from 360,853 to 360,142

2021-12-28 08:58:27 - [MESSAGE][PASSED] - Delayed 1 second(s)

2021-12-28 08:58:28 - [MESSAGE][PASSED] - Swiped from 360,853 to 360,142

2021-12-28 08:58:31 - [MESSAGE][PASSED] - Delayed 3 second(s)

2021-12-28 08:58:31 - [MESSAGE][PASSED] - startApp.OpenApp.terminateApplication is PASSED

2021-12-28 08:58:31 - [MESSAGE][PASSED] - Call Test Case 'Test Cases/Mobile/Page/Run App/Terminate App' successfully]]></system-out>
         <system-err><![CDATA[]]></system-err>
      </testcase>
      <testcase name="Test Cases/Mobile/Scenario/NavigationMenu/004 - Email button" time="64.227" classname="Test Cases/Mobile/Scenario/NavigationMenu/004 - Email button" status="PASSED">
         <system-out><![CDATA[2021-12-28 08:58:31 - [TEST_CASE][PASSED] - Test Cases/Mobile/Scenario/NavigationMenu/004 - Email button: Test Cases/Mobile/Scenario/NavigationMenu/004 - Email button

2021-12-28 08:58:31 - [TEST_STEP][PASSED] - callTestCase(findTestCase("Mobile/Page/Run App/Run App byID"), [:], STOP_ON_FAILURE): Call Test Case 'Test Cases/Mobile/Page/Run App/Run App byID' successfully

2021-12-28 08:58:31 - [TEST_CASE][PASSED] - Test Cases/Mobile/Page/Run App/Run App byID: Test Cases/Mobile/Page/Run App/Run App byID

2021-12-28 08:58:31 - [TEST_STEP][PASSED] - startApp.OpenApp.startApplication("id.co.miraeasset.sageclub"): startApp.OpenApp.startApplication is PASSED

2021-12-28 08:58:43 - [MESSAGE][PASSED] - Starting app with application ID: 'id.co.miraeasset.sageclub'

2021-12-28 08:58:43 - [MESSAGE][PASSED] - startApp.OpenApp.startApplication is PASSED

2021-12-28 08:58:43 - [MESSAGE][PASSED] - Call Test Case 'Test Cases/Mobile/Page/Run App/Run App byID' successfully

2021-12-28 08:58:43 - [TEST_STEP][PASSED] - callTestCase(findTestCase("Mobile/Page/NavigationMenu/NavigationMenu"), ["action":"email"], CONTINUE_ON_FAILURE): Call Test Case 'Test Cases/Mobile/Page/NavigationMenu/NavigationMenu' successfully

2021-12-28 08:58:43 - [TEST_CASE][PASSED] - Test Cases/Mobile/Page/NavigationMenu/NavigationMenu: Test Cases/Mobile/Page/NavigationMenu/NavigationMenu

2021-12-28 08:58:43 - [TEST_STEP][PASSED] - callTestCase(findTestCase("Mobile/Page/CheckLogin"), [:], CONTINUE_ON_FAILURE): Call Test Case 'Test Cases/Mobile/Page/CheckLogin' successfully

2021-12-28 08:58:43 - [TEST_CASE][PASSED] - Test Cases/Mobile/Page/CheckLogin: Test Cases/Mobile/Page/CheckLogin

2021-12-28 08:58:43 - [TEST_STEP][PASSED] - loginCheck = verifyElementExist(findTestObject("Mobile/Page/Login/Button - Login"), 5, CONTINUE_ON_FAILURE): Element 'Object Repository/Mobile/Page/Login/Button - Login' is exist

2021-12-28 08:58:45 - [MESSAGE][PASSED] - Element 'Object Repository/Mobile/Page/Login/Button - Login' is exist

2021-12-28 08:58:45 - [TEST_STEP][PASSED] - if (loginCheck): Call Test Case 'Test Cases/Mobile/Page/Login/Login' successfully

2021-12-28 08:58:45 - [TEST_STEP][PASSED] - callTestCase(findTestCase("Mobile/Page/Login/Login"), [:], CONTINUE_ON_FAILURE): Call Test Case 'Test Cases/Mobile/Page/Login/Login' successfully

2021-12-28 08:58:45 - [TEST_CASE][PASSED] - Test Cases/Mobile/Page/Login/Login: Test Cases/Mobile/Page/Login/Login

2021-12-28 08:58:45 - [TEST_STEP][PASSED] - delay(2): Delayed 2 second(s)

2021-12-28 08:58:47 - [MESSAGE][PASSED] - Delayed 2 second(s)

2021-12-28 08:58:47 - [TEST_STEP][PASSED] - tap(findTestObject("Mobile/Page/Login/Input - UserID"), 0): Tapped on element 'Object Repository/Mobile/Page/Login/Input - UserID'

2021-12-28 08:58:47 - [MESSAGE][WARNING] - Timeout '0' is invalid. Using default page load timeout: '60'

2021-12-28 08:58:48 - [MESSAGE][PASSED] - Tapped on element 'Object Repository/Mobile/Page/Login/Input - UserID'

2021-12-28 08:58:48 - [TEST_STEP][PASSED] - delay(1): Delayed 1 second(s)

2021-12-28 08:58:49 - [MESSAGE][PASSED] - Delayed 1 second(s)

2021-12-28 08:58:49 - [TEST_STEP][PASSED] - setText(findTestObject("Mobile/Page/Login/Input Rdy - UserID"), "anggaaditya", 0): Text 'anggaaditya' has been set to element 'Object Repository/Mobile/Page/Login/Input Rdy - UserID'

2021-12-28 08:58:49 - [MESSAGE][WARNING] - Timeout '0' is invalid. Using default page load timeout: '60'

2021-12-28 08:58:49 - [MESSAGE][PASSED] - Text 'anggaaditya' has been set to element 'Object Repository/Mobile/Page/Login/Input Rdy - UserID'

2021-12-28 08:58:49 - [TEST_STEP][PASSED] - delay(1): Delayed 1 second(s)

2021-12-28 08:58:50 - [MESSAGE][PASSED] - Delayed 1 second(s)

2021-12-28 08:58:50 - [TEST_STEP][PASSED] - hideKeyboard(): Keyboard is hidden

2021-12-28 08:58:54 - [MESSAGE][PASSED] - Keyboard is hidden

2021-12-28 08:58:54 - [TEST_STEP][PASSED] - tap(findTestObject("Mobile/Page/Login/Input - Password"), 0): Tapped on element 'Object Repository/Mobile/Page/Login/Input - Password'

2021-12-28 08:58:54 - [MESSAGE][WARNING] - Timeout '0' is invalid. Using default page load timeout: '60'

2021-12-28 08:58:55 - [MESSAGE][PASSED] - Tapped on element 'Object Repository/Mobile/Page/Login/Input - Password'

2021-12-28 08:58:55 - [TEST_STEP][PASSED] - delay(1): Delayed 1 second(s)

2021-12-28 08:58:56 - [MESSAGE][PASSED] - Delayed 1 second(s)

2021-12-28 08:58:56 - [TEST_STEP][PASSED] - setText(findTestObject("Mobile/Page/Login/Input Rdy - Password"), "Shalawa18", 0): Text 'Shalawa18' has been set to element 'Object Repository/Mobile/Page/Login/Input Rdy - Password'

2021-12-28 08:58:56 - [MESSAGE][WARNING] - Timeout '0' is invalid. Using default page load timeout: '60'

2021-12-28 08:58:56 - [MESSAGE][PASSED] - Text 'Shalawa18' has been set to element 'Object Repository/Mobile/Page/Login/Input Rdy - Password'

2021-12-28 08:58:56 - [TEST_STEP][PASSED] - delay(1): Delayed 1 second(s)

2021-12-28 08:58:57 - [MESSAGE][PASSED] - Delayed 1 second(s)

2021-12-28 08:58:57 - [TEST_STEP][PASSED] - hideKeyboard(): Keyboard is hidden

2021-12-28 08:59:04 - [MESSAGE][PASSED] - Keyboard is hidden

2021-12-28 08:59:04 - [TEST_STEP][PASSED] - tap(findTestObject("Mobile/Page/Login/Button - Login"), 0): Tapped on element 'Object Repository/Mobile/Page/Login/Button - Login'

2021-12-28 08:59:04 - [MESSAGE][WARNING] - Timeout '0' is invalid. Using default page load timeout: '60'

2021-12-28 08:59:04 - [MESSAGE][PASSED] - Tapped on element 'Object Repository/Mobile/Page/Login/Button - Login'

2021-12-28 08:59:04 - [TEST_STEP][PASSED] - delay(2): Delayed 2 second(s)

2021-12-28 08:59:06 - [MESSAGE][PASSED] - Delayed 2 second(s)

2021-12-28 08:59:06 - [MESSAGE][PASSED] - Call Test Case 'Test Cases/Mobile/Page/Login/Login' successfully

2021-12-28 08:59:06 - [MESSAGE][PASSED] - Call Test Case 'Test Cases/Mobile/Page/CheckLogin' successfully

2021-12-28 08:59:06 - [TEST_STEP][PASSED] - delay(3): Delayed 3 second(s)

2021-12-28 08:59:09 - [MESSAGE][PASSED] - Delayed 3 second(s)

2021-12-28 08:59:09 - [TEST_STEP][PASSED] - scroll.scroll.scrollScreenLeftToRight(): scroll.scroll.scrollScreenLeftToRight is PASSED

2021-12-28 08:59:09 - [MESSAGE][PASSED] - Current device physical height is 1423

2021-12-28 08:59:10 - [MESSAGE][PASSED] - Current device physical width is 720

2021-12-28 08:59:10 - [MESSAGE][PASSED] - Current device physical height is 1423

2021-12-28 08:59:11 - [MESSAGE][PASSED] - Swiped from 10,711 to 710,711

2021-12-28 08:59:11 - [MESSAGE][PASSED] - scroll.scroll.scrollScreenLeftToRight is PASSED

2021-12-28 08:59:11 - [TEST_STEP][PASSED] - delay(1): Delayed 1 second(s)

2021-12-28 08:59:12 - [MESSAGE][PASSED] - Delayed 1 second(s)

2021-12-28 08:59:12 - [TEST_STEP][PASSED] - for ([i = 0, i < 1, (i++)]): Delayed 2 second(s)

2021-12-28 08:59:12 - [TEST_STEP][PASSED] - if (action == "downloadtaxreport"): null

2021-12-28 08:59:12 - [TEST_STEP][PASSED] - else if (action == "analyzeprofile"): null

2021-12-28 08:59:12 - [TEST_STEP][PASSED] - else if (action == "wa"): null

2021-12-28 08:59:12 - [TEST_STEP][PASSED] - else if (action == "email"): Delayed 2 second(s)

2021-12-28 08:59:12 - [TEST_STEP][PASSED] - tap(findTestObject("Mobile/Page/NavigationMenu/Button - Email"), 0): Tapped on element 'Object Repository/Mobile/Page/NavigationMenu/Button - Email'

2021-12-28 08:59:12 - [MESSAGE][WARNING] - Timeout '0' is invalid. Using default page load timeout: '60'

2021-12-28 08:59:13 - [MESSAGE][PASSED] - Tapped on element 'Object Repository/Mobile/Page/NavigationMenu/Button - Email'

2021-12-28 08:59:13 - [TEST_STEP][PASSED] - delay(2): Delayed 2 second(s)

2021-12-28 08:59:15 - [MESSAGE][PASSED] - Delayed 2 second(s)

2021-12-28 08:59:15 - [MESSAGE][PASSED] - Call Test Case 'Test Cases/Mobile/Page/NavigationMenu/NavigationMenu' successfully

2021-12-28 08:59:15 - [TEST_STEP][PASSED] - callTestCase(findTestCase("Mobile/Page/Run App/Terminate App"), [:], STOP_ON_FAILURE): Call Test Case 'Test Cases/Mobile/Page/Run App/Terminate App' successfully

2021-12-28 08:59:15 - [TEST_CASE][PASSED] - Test Cases/Mobile/Page/Run App/Terminate App: Test Cases/Mobile/Page/Run App/Terminate App

2021-12-28 08:59:15 - [TEST_STEP][PASSED] - startApp.OpenApp.terminateApplication(): startApp.OpenApp.terminateApplication is PASSED

2021-12-28 08:59:18 - [MESSAGE][PASSED] - Delayed 3 second(s)

2021-12-28 08:59:18 - [MESSAGE][PASSED] - Current device physical width is 720

2021-12-28 08:59:18 - [MESSAGE][PASSED] - Current device physical height is 1423

2021-12-28 08:59:20 - [MESSAGE][PASSED] - Swiped from 360,853 to 360,142

2021-12-28 08:59:21 - [MESSAGE][PASSED] - Delayed 1 second(s)

2021-12-28 08:59:22 - [MESSAGE][PASSED] - Swiped from 360,853 to 360,142

2021-12-28 08:59:25 - [MESSAGE][PASSED] - Delayed 3 second(s)

2021-12-28 08:59:25 - [MESSAGE][PASSED] - startApp.OpenApp.terminateApplication is PASSED

2021-12-28 08:59:25 - [MESSAGE][PASSED] - Call Test Case 'Test Cases/Mobile/Page/Run App/Terminate App' successfully

2021-12-28 08:59:25 - [TEST_STEP][PASSED] - callTestCase(findTestCase("Mobile/Page/Run App/Terminate App"), [:], STOP_ON_FAILURE): Call Test Case 'Test Cases/Mobile/Page/Run App/Terminate App' successfully

2021-12-28 08:59:25 - [TEST_CASE][PASSED] - Test Cases/Mobile/Page/Run App/Terminate App: Test Cases/Mobile/Page/Run App/Terminate App

2021-12-28 08:59:25 - [TEST_STEP][PASSED] - startApp.OpenApp.terminateApplication(): startApp.OpenApp.terminateApplication is PASSED

2021-12-28 08:59:28 - [MESSAGE][PASSED] - Delayed 3 second(s)

2021-12-28 08:59:28 - [MESSAGE][PASSED] - Current device physical width is 720

2021-12-28 08:59:29 - [MESSAGE][PASSED] - Current device physical height is 1423

2021-12-28 08:59:30 - [MESSAGE][PASSED] - Swiped from 360,853 to 360,142

2021-12-28 08:59:31 - [MESSAGE][PASSED] - Delayed 1 second(s)

2021-12-28 08:59:32 - [MESSAGE][PASSED] - Swiped from 360,853 to 360,142

2021-12-28 08:59:35 - [MESSAGE][PASSED] - Delayed 3 second(s)

2021-12-28 08:59:35 - [MESSAGE][PASSED] - startApp.OpenApp.terminateApplication is PASSED

2021-12-28 08:59:35 - [MESSAGE][PASSED] - Call Test Case 'Test Cases/Mobile/Page/Run App/Terminate App' successfully]]></system-out>
         <system-err><![CDATA[]]></system-err>
      </testcase>
      <testcase name="Test Cases/Mobile/Scenario/NavigationMenu/005 - Settings" time="98.375" classname="Test Cases/Mobile/Scenario/NavigationMenu/005 - Settings" status="PASSED">
         <system-out><![CDATA[2021-12-28 08:59:35 - [TEST_CASE][PASSED] - Test Cases/Mobile/Scenario/NavigationMenu/005 - Settings: Test Cases/Mobile/Scenario/NavigationMenu/005 - Settings

2021-12-28 08:59:35 - [TEST_STEP][PASSED] - callTestCase(findTestCase("Mobile/Page/Run App/Run App byID"), [:], STOP_ON_FAILURE): Call Test Case 'Test Cases/Mobile/Page/Run App/Run App byID' successfully

2021-12-28 08:59:35 - [TEST_CASE][PASSED] - Test Cases/Mobile/Page/Run App/Run App byID: Test Cases/Mobile/Page/Run App/Run App byID

2021-12-28 08:59:35 - [TEST_STEP][PASSED] - startApp.OpenApp.startApplication("id.co.miraeasset.sageclub"): startApp.OpenApp.startApplication is PASSED

2021-12-28 08:59:49 - [MESSAGE][PASSED] - Starting app with application ID: 'id.co.miraeasset.sageclub'

2021-12-28 08:59:49 - [MESSAGE][PASSED] - startApp.OpenApp.startApplication is PASSED

2021-12-28 08:59:49 - [MESSAGE][PASSED] - Call Test Case 'Test Cases/Mobile/Page/Run App/Run App byID' successfully

2021-12-28 08:59:49 - [TEST_STEP][PASSED] - callTestCase(findTestCase("Mobile/Page/NavigationMenu/NavigationMenu"), ["action":"setting"], CONTINUE_ON_FAILURE): Call Test Case 'Test Cases/Mobile/Page/NavigationMenu/NavigationMenu' successfully

2021-12-28 08:59:50 - [TEST_CASE][PASSED] - Test Cases/Mobile/Page/NavigationMenu/NavigationMenu: Test Cases/Mobile/Page/NavigationMenu/NavigationMenu

2021-12-28 08:59:50 - [TEST_STEP][PASSED] - callTestCase(findTestCase("Mobile/Page/CheckLogin"), [:], CONTINUE_ON_FAILURE): Call Test Case 'Test Cases/Mobile/Page/CheckLogin' successfully

2021-12-28 08:59:50 - [TEST_CASE][PASSED] - Test Cases/Mobile/Page/CheckLogin: Test Cases/Mobile/Page/CheckLogin

2021-12-28 08:59:50 - [TEST_STEP][PASSED] - loginCheck = verifyElementExist(findTestObject("Mobile/Page/Login/Button - Login"), 5, CONTINUE_ON_FAILURE): Element 'Object Repository/Mobile/Page/Login/Button - Login' is exist

2021-12-28 08:59:52 - [MESSAGE][PASSED] - Element 'Object Repository/Mobile/Page/Login/Button - Login' is exist

2021-12-28 08:59:52 - [TEST_STEP][PASSED] - if (loginCheck): Call Test Case 'Test Cases/Mobile/Page/Login/Login' successfully

2021-12-28 08:59:52 - [TEST_STEP][PASSED] - callTestCase(findTestCase("Mobile/Page/Login/Login"), [:], CONTINUE_ON_FAILURE): Call Test Case 'Test Cases/Mobile/Page/Login/Login' successfully

2021-12-28 08:59:52 - [TEST_CASE][PASSED] - Test Cases/Mobile/Page/Login/Login: Test Cases/Mobile/Page/Login/Login

2021-12-28 08:59:52 - [TEST_STEP][PASSED] - delay(2): Delayed 2 second(s)

2021-12-28 08:59:54 - [MESSAGE][PASSED] - Delayed 2 second(s)

2021-12-28 08:59:54 - [TEST_STEP][PASSED] - tap(findTestObject("Mobile/Page/Login/Input - UserID"), 0): Tapped on element 'Object Repository/Mobile/Page/Login/Input - UserID'

2021-12-28 08:59:54 - [MESSAGE][WARNING] - Timeout '0' is invalid. Using default page load timeout: '60'

2021-12-28 08:59:54 - [MESSAGE][PASSED] - Tapped on element 'Object Repository/Mobile/Page/Login/Input - UserID'

2021-12-28 08:59:54 - [TEST_STEP][PASSED] - delay(1): Delayed 1 second(s)

2021-12-28 08:59:55 - [MESSAGE][PASSED] - Delayed 1 second(s)

2021-12-28 08:59:55 - [TEST_STEP][PASSED] - setText(findTestObject("Mobile/Page/Login/Input Rdy - UserID"), "anggaaditya", 0): Text 'anggaaditya' has been set to element 'Object Repository/Mobile/Page/Login/Input Rdy - UserID'

2021-12-28 08:59:55 - [MESSAGE][WARNING] - Timeout '0' is invalid. Using default page load timeout: '60'

2021-12-28 08:59:56 - [MESSAGE][PASSED] - Text 'anggaaditya' has been set to element 'Object Repository/Mobile/Page/Login/Input Rdy - UserID'

2021-12-28 08:59:56 - [TEST_STEP][PASSED] - delay(1): Delayed 1 second(s)

2021-12-28 08:59:57 - [MESSAGE][PASSED] - Delayed 1 second(s)

2021-12-28 08:59:57 - [TEST_STEP][PASSED] - hideKeyboard(): Keyboard is hidden

2021-12-28 09:00:01 - [MESSAGE][PASSED] - Keyboard is hidden

2021-12-28 09:00:01 - [TEST_STEP][PASSED] - tap(findTestObject("Mobile/Page/Login/Input - Password"), 0): Tapped on element 'Object Repository/Mobile/Page/Login/Input - Password'

2021-12-28 09:00:01 - [MESSAGE][WARNING] - Timeout '0' is invalid. Using default page load timeout: '60'

2021-12-28 09:00:02 - [MESSAGE][PASSED] - Tapped on element 'Object Repository/Mobile/Page/Login/Input - Password'

2021-12-28 09:00:02 - [TEST_STEP][PASSED] - delay(1): Delayed 1 second(s)

2021-12-28 09:00:03 - [MESSAGE][PASSED] - Delayed 1 second(s)

2021-12-28 09:00:03 - [TEST_STEP][PASSED] - setText(findTestObject("Mobile/Page/Login/Input Rdy - Password"), "Shalawa18", 0): Text 'Shalawa18' has been set to element 'Object Repository/Mobile/Page/Login/Input Rdy - Password'

2021-12-28 09:00:03 - [MESSAGE][WARNING] - Timeout '0' is invalid. Using default page load timeout: '60'

2021-12-28 09:00:03 - [MESSAGE][PASSED] - Text 'Shalawa18' has been set to element 'Object Repository/Mobile/Page/Login/Input Rdy - Password'

2021-12-28 09:00:03 - [TEST_STEP][PASSED] - delay(1): Delayed 1 second(s)

2021-12-28 09:00:04 - [MESSAGE][PASSED] - Delayed 1 second(s)

2021-12-28 09:00:04 - [TEST_STEP][PASSED] - hideKeyboard(): Keyboard is hidden

2021-12-28 09:00:14 - [MESSAGE][PASSED] - Keyboard is hidden

2021-12-28 09:00:14 - [TEST_STEP][PASSED] - tap(findTestObject("Mobile/Page/Login/Button - Login"), 0): Tapped on element 'Object Repository/Mobile/Page/Login/Button - Login'

2021-12-28 09:00:14 - [MESSAGE][WARNING] - Timeout '0' is invalid. Using default page load timeout: '60'

2021-12-28 09:00:15 - [MESSAGE][PASSED] - Tapped on element 'Object Repository/Mobile/Page/Login/Button - Login'

2021-12-28 09:00:15 - [TEST_STEP][PASSED] - delay(2): Delayed 2 second(s)

2021-12-28 09:00:17 - [MESSAGE][PASSED] - Delayed 2 second(s)

2021-12-28 09:00:17 - [MESSAGE][PASSED] - Call Test Case 'Test Cases/Mobile/Page/Login/Login' successfully

2021-12-28 09:00:17 - [MESSAGE][PASSED] - Call Test Case 'Test Cases/Mobile/Page/CheckLogin' successfully

2021-12-28 09:00:17 - [TEST_STEP][PASSED] - delay(3): Delayed 3 second(s)

2021-12-28 09:00:20 - [MESSAGE][PASSED] - Delayed 3 second(s)

2021-12-28 09:00:20 - [TEST_STEP][PASSED] - scroll.scroll.scrollScreenLeftToRight(): scroll.scroll.scrollScreenLeftToRight is PASSED

2021-12-28 09:00:21 - [MESSAGE][PASSED] - Current device physical height is 1423

2021-12-28 09:00:21 - [MESSAGE][PASSED] - Current device physical width is 720

2021-12-28 09:00:21 - [MESSAGE][PASSED] - Current device physical height is 1423

2021-12-28 09:00:22 - [MESSAGE][PASSED] - Swiped from 10,711 to 710,711

2021-12-28 09:00:22 - [MESSAGE][PASSED] - scroll.scroll.scrollScreenLeftToRight is PASSED

2021-12-28 09:00:22 - [TEST_STEP][PASSED] - delay(1): Delayed 1 second(s)

2021-12-28 09:00:23 - [MESSAGE][PASSED] - Delayed 1 second(s)

2021-12-28 09:00:23 - [TEST_STEP][PASSED] - for ([i = 0, i < 1, (i++)]): Delayed 1 second(s)

2021-12-28 09:00:23 - [TEST_STEP][PASSED] - if (action == "downloadtaxreport"): null

2021-12-28 09:00:23 - [TEST_STEP][PASSED] - else if (action == "analyzeprofile"): null

2021-12-28 09:00:23 - [TEST_STEP][PASSED] - else if (action == "wa"): null

2021-12-28 09:00:23 - [TEST_STEP][PASSED] - else if (action == "email"): null

2021-12-28 09:00:23 - [TEST_STEP][PASSED] - else if (action == "setting"): Delayed 1 second(s)

2021-12-28 09:00:23 - [TEST_STEP][PASSED] - setting = findTestObject("Mobile/Page/NavigationMenu/Button - Settings"): null

2021-12-28 09:00:24 - [TEST_STEP][PASSED] - top = getElementTopPosition(setting, 0): Object 'Object Repository/Mobile/Page/NavigationMenu/Button - Settings' has top position '856'

2021-12-28 09:00:24 - [MESSAGE][WARNING] - Timeout '0' is invalid. Using default page load timeout: '60'

2021-12-28 09:00:24 - [MESSAGE][PASSED] - Object 'Object Repository/Mobile/Page/NavigationMenu/Button - Settings' has top position '856'

2021-12-28 09:00:24 - [TEST_STEP][PASSED] - y = getElementHeight(setting, 0) * 0.8 + top: Object 'Object Repository/Mobile/Page/NavigationMenu/Button - Settings' has height: '98'

2021-12-28 09:00:24 - [MESSAGE][WARNING] - Timeout '0' is invalid. Using default page load timeout: '60'

2021-12-28 09:00:24 - [MESSAGE][PASSED] - Object 'Object Repository/Mobile/Page/NavigationMenu/Button - Settings' has height: '98'

2021-12-28 09:00:24 - [TEST_STEP][PASSED] - x = getDeviceWidth() * 0.2: Current device physical width is 720

2021-12-28 09:00:24 - [MESSAGE][PASSED] - Current device physical width is 720

2021-12-28 09:00:25 - [TEST_STEP][PASSED] - tapAtPosition(x, y): Tapped at [144, 934]

2021-12-28 09:00:25 - [MESSAGE][PASSED] - Tapped at [144, 934]

2021-12-28 09:00:25 - [TEST_STEP][PASSED] - delay(1): Delayed 1 second(s)

2021-12-28 09:00:26 - [MESSAGE][PASSED] - Delayed 1 second(s)

2021-12-28 09:00:26 - [TEST_STEP][PASSED] - tap(findTestObject("Mobile/Page/NavigationMenu/Settings/Dropdown - Gain"), 0): Tapped on element 'Object Repository/Mobile/Page/NavigationMenu/Settings/Dropdown - Gain'

2021-12-28 09:00:26 - [MESSAGE][WARNING] - Timeout '0' is invalid. Using default page load timeout: '60'

2021-12-28 09:00:27 - [MESSAGE][PASSED] - Tapped on element 'Object Repository/Mobile/Page/NavigationMenu/Settings/Dropdown - Gain'

2021-12-28 09:00:27 - [TEST_STEP][PASSED] - delay(1): Delayed 1 second(s)

2021-12-28 09:00:28 - [MESSAGE][PASSED] - Delayed 1 second(s)

2021-12-28 09:00:28 - [TEST_STEP][PASSED] - tap(findTestObject("Mobile/Page/NavigationMenu/Settings/Option Gain - 5"), 0): Tapped on element 'Object Repository/Mobile/Page/NavigationMenu/Settings/Option Gain - 5'

2021-12-28 09:00:28 - [MESSAGE][WARNING] - Timeout '0' is invalid. Using default page load timeout: '60'

2021-12-28 09:00:29 - [MESSAGE][PASSED] - Tapped on element 'Object Repository/Mobile/Page/NavigationMenu/Settings/Option Gain - 5'

2021-12-28 09:00:29 - [TEST_STEP][PASSED] - delay(1): Delayed 1 second(s)

2021-12-28 09:00:30 - [MESSAGE][PASSED] - Delayed 1 second(s)

2021-12-28 09:00:30 - [TEST_STEP][PASSED] - tap(findTestObject("Mobile/Page/NavigationMenu/Settings/Switch - Gain"), 0): Tapped on element 'Object Repository/Mobile/Page/NavigationMenu/Settings/Switch - Gain'

2021-12-28 09:00:30 - [MESSAGE][WARNING] - Timeout '0' is invalid. Using default page load timeout: '60'

2021-12-28 09:00:31 - [MESSAGE][PASSED] - Tapped on element 'Object Repository/Mobile/Page/NavigationMenu/Settings/Switch - Gain'

2021-12-28 09:00:31 - [TEST_STEP][PASSED] - delay(1): Delayed 1 second(s)

2021-12-28 09:00:32 - [MESSAGE][PASSED] - Delayed 1 second(s)

2021-12-28 09:00:32 - [TEST_STEP][PASSED] - tap(findTestObject("Mobile/Page/NavigationMenu/Settings/Switch - Gain"), 0): Tapped on element 'Object Repository/Mobile/Page/NavigationMenu/Settings/Switch - Gain'

2021-12-28 09:00:32 - [MESSAGE][WARNING] - Timeout '0' is invalid. Using default page load timeout: '60'

2021-12-28 09:00:33 - [MESSAGE][PASSED] - Tapped on element 'Object Repository/Mobile/Page/NavigationMenu/Settings/Switch - Gain'

2021-12-28 09:00:33 - [TEST_STEP][PASSED] - delay(1): Delayed 1 second(s)

2021-12-28 09:00:34 - [MESSAGE][PASSED] - Delayed 1 second(s)

2021-12-28 09:00:34 - [TEST_STEP][PASSED] - tap(findTestObject("Mobile/Page/NavigationMenu/Settings/Dropdown - Loss"), 0): Tapped on element 'Object Repository/Mobile/Page/NavigationMenu/Settings/Dropdown - Loss'

2021-12-28 09:00:34 - [MESSAGE][WARNING] - Timeout '0' is invalid. Using default page load timeout: '60'

2021-12-28 09:00:35 - [MESSAGE][PASSED] - Tapped on element 'Object Repository/Mobile/Page/NavigationMenu/Settings/Dropdown - Loss'

2021-12-28 09:00:35 - [TEST_STEP][PASSED] - delay(1): Delayed 1 second(s)

2021-12-28 09:00:36 - [MESSAGE][PASSED] - Delayed 1 second(s)

2021-12-28 09:00:36 - [TEST_STEP][PASSED] - tap(findTestObject("Mobile/Page/NavigationMenu/Settings/Option Loss - 5"), 0): Tapped on element 'Object Repository/Mobile/Page/NavigationMenu/Settings/Option Loss - 5'

2021-12-28 09:00:36 - [MESSAGE][WARNING] - Timeout '0' is invalid. Using default page load timeout: '60'

2021-12-28 09:00:37 - [MESSAGE][PASSED] - Tapped on element 'Object Repository/Mobile/Page/NavigationMenu/Settings/Option Loss - 5'

2021-12-28 09:00:37 - [TEST_STEP][PASSED] - delay(1): Delayed 1 second(s)

2021-12-28 09:00:38 - [MESSAGE][PASSED] - Delayed 1 second(s)

2021-12-28 09:00:38 - [TEST_STEP][PASSED] - tap(findTestObject("Mobile/Page/NavigationMenu/Settings/Switch - Loss"), 0): Tapped on element 'Object Repository/Mobile/Page/NavigationMenu/Settings/Switch - Loss'

2021-12-28 09:00:38 - [MESSAGE][WARNING] - Timeout '0' is invalid. Using default page load timeout: '60'

2021-12-28 09:00:40 - [MESSAGE][PASSED] - Tapped on element 'Object Repository/Mobile/Page/NavigationMenu/Settings/Switch - Loss'

2021-12-28 09:00:40 - [TEST_STEP][PASSED] - delay(1): Delayed 1 second(s)

2021-12-28 09:00:41 - [MESSAGE][PASSED] - Delayed 1 second(s)

2021-12-28 09:00:41 - [TEST_STEP][PASSED] - tap(findTestObject("Mobile/Page/NavigationMenu/Settings/Switch - Loss"), 0): Tapped on element 'Object Repository/Mobile/Page/NavigationMenu/Settings/Switch - Loss'

2021-12-28 09:00:41 - [MESSAGE][WARNING] - Timeout '0' is invalid. Using default page load timeout: '60'

2021-12-28 09:00:42 - [MESSAGE][PASSED] - Tapped on element 'Object Repository/Mobile/Page/NavigationMenu/Settings/Switch - Loss'

2021-12-28 09:00:42 - [TEST_STEP][PASSED] - delay(1): Delayed 1 second(s)

2021-12-28 09:00:43 - [MESSAGE][PASSED] - Delayed 1 second(s)

2021-12-28 09:00:43 - [TEST_STEP][PASSED] - tap(findTestObject("Mobile/Page/NavigationMenu/Settings/Checkbox - Risk Tolerance"), 0): Tapped on element 'Object Repository/Mobile/Page/NavigationMenu/Settings/Checkbox - Risk Tolerance'

2021-12-28 09:00:43 - [MESSAGE][WARNING] - Timeout '0' is invalid. Using default page load timeout: '60'

2021-12-28 09:00:43 - [MESSAGE][PASSED] - Tapped on element 'Object Repository/Mobile/Page/NavigationMenu/Settings/Checkbox - Risk Tolerance'

2021-12-28 09:00:43 - [TEST_STEP][PASSED] - delay(1): Delayed 1 second(s)

2021-12-28 09:00:44 - [MESSAGE][PASSED] - Delayed 1 second(s)

2021-12-28 09:00:44 - [TEST_STEP][PASSED] - tap(findTestObject("Mobile/Page/NavigationMenu/Settings/Checkbox - Risk Tolerance"), 0): Tapped on element 'Object Repository/Mobile/Page/NavigationMenu/Settings/Checkbox - Risk Tolerance'

2021-12-28 09:00:44 - [MESSAGE][WARNING] - Timeout '0' is invalid. Using default page load timeout: '60'

2021-12-28 09:00:45 - [MESSAGE][PASSED] - Tapped on element 'Object Repository/Mobile/Page/NavigationMenu/Settings/Checkbox - Risk Tolerance'

2021-12-28 09:00:45 - [TEST_STEP][PASSED] - delay(1): Delayed 1 second(s)

2021-12-28 09:00:46 - [MESSAGE][PASSED] - Delayed 1 second(s)

2021-12-28 09:00:46 - [TEST_STEP][PASSED] - tap(findTestObject("Mobile/Page/NavigationMenu/Settings/Switch - Stock News"), 0): Tapped on element 'Object Repository/Mobile/Page/NavigationMenu/Settings/Switch - Stock News'

2021-12-28 09:00:46 - [MESSAGE][WARNING] - Timeout '0' is invalid. Using default page load timeout: '60'

2021-12-28 09:00:47 - [MESSAGE][PASSED] - Tapped on element 'Object Repository/Mobile/Page/NavigationMenu/Settings/Switch - Stock News'

2021-12-28 09:00:47 - [TEST_STEP][PASSED] - delay(1): Delayed 1 second(s)

2021-12-28 09:00:48 - [MESSAGE][PASSED] - Delayed 1 second(s)

2021-12-28 09:00:48 - [TEST_STEP][PASSED] - tap(findTestObject("Mobile/Page/NavigationMenu/Settings/Switch - Stock News"), 0): Tapped on element 'Object Repository/Mobile/Page/NavigationMenu/Settings/Switch - Stock News'

2021-12-28 09:00:48 - [MESSAGE][WARNING] - Timeout '0' is invalid. Using default page load timeout: '60'

2021-12-28 09:00:48 - [MESSAGE][PASSED] - Tapped on element 'Object Repository/Mobile/Page/NavigationMenu/Settings/Switch - Stock News'

2021-12-28 09:00:48 - [TEST_STEP][PASSED] - delay(1): Delayed 1 second(s)

2021-12-28 09:00:49 - [MESSAGE][PASSED] - Delayed 1 second(s)

2021-12-28 09:00:49 - [TEST_STEP][PASSED] - tap(findTestObject("Mobile/Page/NavigationMenu/Settings/Switch - Fund News"), 0): Tapped on element 'Object Repository/Mobile/Page/NavigationMenu/Settings/Switch - Fund News'

2021-12-28 09:00:49 - [MESSAGE][WARNING] - Timeout '0' is invalid. Using default page load timeout: '60'

2021-12-28 09:00:51 - [MESSAGE][PASSED] - Tapped on element 'Object Repository/Mobile/Page/NavigationMenu/Settings/Switch - Fund News'

2021-12-28 09:00:51 - [TEST_STEP][PASSED] - delay(1): Delayed 1 second(s)

2021-12-28 09:00:52 - [MESSAGE][PASSED] - Delayed 1 second(s)

2021-12-28 09:00:52 - [TEST_STEP][PASSED] - tap(findTestObject("Mobile/Page/NavigationMenu/Settings/Switch - Fund News"), 0): Tapped on element 'Object Repository/Mobile/Page/NavigationMenu/Settings/Switch - Fund News'

2021-12-28 09:00:52 - [MESSAGE][WARNING] - Timeout '0' is invalid. Using default page load timeout: '60'

2021-12-28 09:00:53 - [MESSAGE][PASSED] - Tapped on element 'Object Repository/Mobile/Page/NavigationMenu/Settings/Switch - Fund News'

2021-12-28 09:00:53 - [TEST_STEP][PASSED] - delay(1): Delayed 1 second(s)

2021-12-28 09:00:54 - [MESSAGE][PASSED] - Delayed 1 second(s)

2021-12-28 09:00:54 - [TEST_STEP][PASSED] - tap(findTestObject("Mobile/Page/NavigationMenu/Settings/Switch - Bond News"), 0): Tapped on element 'Object Repository/Mobile/Page/NavigationMenu/Settings/Switch - Bond News'

2021-12-28 09:00:54 - [MESSAGE][WARNING] - Timeout '0' is invalid. Using default page load timeout: '60'

2021-12-28 09:00:55 - [MESSAGE][PASSED] - Tapped on element 'Object Repository/Mobile/Page/NavigationMenu/Settings/Switch - Bond News'

2021-12-28 09:00:55 - [TEST_STEP][PASSED] - delay(1): Delayed 1 second(s)

2021-12-28 09:00:56 - [MESSAGE][PASSED] - Delayed 1 second(s)

2021-12-28 09:00:56 - [TEST_STEP][PASSED] - tap(findTestObject("Mobile/Page/NavigationMenu/Settings/Switch - Bond News"), 0): Tapped on element 'Object Repository/Mobile/Page/NavigationMenu/Settings/Switch - Bond News'

2021-12-28 09:00:56 - [MESSAGE][WARNING] - Timeout '0' is invalid. Using default page load timeout: '60'

2021-12-28 09:00:56 - [MESSAGE][PASSED] - Tapped on element 'Object Repository/Mobile/Page/NavigationMenu/Settings/Switch - Bond News'

2021-12-28 09:00:56 - [TEST_STEP][PASSED] - delay(1): Delayed 1 second(s)

2021-12-28 09:00:57 - [MESSAGE][PASSED] - Delayed 1 second(s)

2021-12-28 09:00:57 - [TEST_STEP][PASSED] - tap(findTestObject("Mobile/Page/NavigationMenu/Settings/Switch - Macro News"), 0): Tapped on element 'Object Repository/Mobile/Page/NavigationMenu/Settings/Switch - Macro News'

2021-12-28 09:00:57 - [MESSAGE][WARNING] - Timeout '0' is invalid. Using default page load timeout: '60'

2021-12-28 09:00:58 - [MESSAGE][PASSED] - Tapped on element 'Object Repository/Mobile/Page/NavigationMenu/Settings/Switch - Macro News'

2021-12-28 09:00:58 - [TEST_STEP][PASSED] - delay(1): Delayed 1 second(s)

2021-12-28 09:00:59 - [MESSAGE][PASSED] - Delayed 1 second(s)

2021-12-28 09:00:59 - [TEST_STEP][PASSED] - tap(findTestObject("Mobile/Page/NavigationMenu/Settings/Switch - Macro News"), 0): Tapped on element 'Object Repository/Mobile/Page/NavigationMenu/Settings/Switch - Macro News'

2021-12-28 09:00:59 - [MESSAGE][WARNING] - Timeout '0' is invalid. Using default page load timeout: '60'

2021-12-28 09:01:01 - [MESSAGE][PASSED] - Tapped on element 'Object Repository/Mobile/Page/NavigationMenu/Settings/Switch - Macro News'

2021-12-28 09:01:01 - [TEST_STEP][PASSED] - delay(1): Delayed 1 second(s)

2021-12-28 09:01:02 - [MESSAGE][PASSED] - Delayed 1 second(s)

2021-12-28 09:01:02 - [TEST_STEP][PASSED] - pressBack(): Press back button successfully

2021-12-28 09:01:02 - [MESSAGE][PASSED] - Press back button successfully

2021-12-28 09:01:02 - [TEST_STEP][PASSED] - delay(1): Delayed 1 second(s)

2021-12-28 09:01:03 - [MESSAGE][PASSED] - Delayed 1 second(s)

2021-12-28 09:01:03 - [MESSAGE][PASSED] - Call Test Case 'Test Cases/Mobile/Page/NavigationMenu/NavigationMenu' successfully

2021-12-28 09:01:03 - [TEST_STEP][PASSED] - callTestCase(findTestCase("Mobile/Page/Run App/Terminate App"), [:], STOP_ON_FAILURE): Call Test Case 'Test Cases/Mobile/Page/Run App/Terminate App' successfully

2021-12-28 09:01:03 - [TEST_CASE][PASSED] - Test Cases/Mobile/Page/Run App/Terminate App: Test Cases/Mobile/Page/Run App/Terminate App

2021-12-28 09:01:03 - [TEST_STEP][PASSED] - startApp.OpenApp.terminateApplication(): startApp.OpenApp.terminateApplication is PASSED

2021-12-28 09:01:06 - [MESSAGE][PASSED] - Delayed 3 second(s)

2021-12-28 09:01:07 - [MESSAGE][PASSED] - Current device physical width is 720

2021-12-28 09:01:07 - [MESSAGE][PASSED] - Current device physical height is 1423

2021-12-28 09:01:08 - [MESSAGE][PASSED] - Swiped from 360,853 to 360,142

2021-12-28 09:01:09 - [MESSAGE][PASSED] - Delayed 1 second(s)

2021-12-28 09:01:11 - [MESSAGE][PASSED] - Swiped from 360,853 to 360,142

2021-12-28 09:01:14 - [MESSAGE][PASSED] - Delayed 3 second(s)

2021-12-28 09:01:14 - [MESSAGE][PASSED] - startApp.OpenApp.terminateApplication is PASSED

2021-12-28 09:01:14 - [MESSAGE][PASSED] - Call Test Case 'Test Cases/Mobile/Page/Run App/Terminate App' successfully]]></system-out>
         <system-err><![CDATA[]]></system-err>
      </testcase>
      <testcase name="Test Cases/Mobile/Scenario/NavigationMenu/006 - Logout" time="63.682" classname="Test Cases/Mobile/Scenario/NavigationMenu/006 - Logout" status="PASSED">
         <system-out><![CDATA[2021-12-28 09:01:14 - [TEST_CASE][PASSED] - Test Cases/Mobile/Scenario/NavigationMenu/006 - Logout: Test Cases/Mobile/Scenario/NavigationMenu/006 - Logout

2021-12-28 09:01:14 - [TEST_STEP][PASSED] - callTestCase(findTestCase("Mobile/Page/Run App/Run App byID"), [:], STOP_ON_FAILURE): Call Test Case 'Test Cases/Mobile/Page/Run App/Run App byID' successfully

2021-12-28 09:01:14 - [TEST_CASE][PASSED] - Test Cases/Mobile/Page/Run App/Run App byID: Test Cases/Mobile/Page/Run App/Run App byID

2021-12-28 09:01:14 - [TEST_STEP][PASSED] - startApp.OpenApp.startApplication("id.co.miraeasset.sageclub"): startApp.OpenApp.startApplication is PASSED

2021-12-28 09:01:27 - [MESSAGE][PASSED] - Starting app with application ID: 'id.co.miraeasset.sageclub'

2021-12-28 09:01:27 - [MESSAGE][PASSED] - startApp.OpenApp.startApplication is PASSED

2021-12-28 09:01:27 - [MESSAGE][PASSED] - Call Test Case 'Test Cases/Mobile/Page/Run App/Run App byID' successfully

2021-12-28 09:01:27 - [TEST_STEP][PASSED] - callTestCase(findTestCase("Mobile/Page/NavigationMenu/NavigationMenu"), ["action":"logout"], CONTINUE_ON_FAILURE): Call Test Case 'Test Cases/Mobile/Page/NavigationMenu/NavigationMenu' successfully

2021-12-28 09:01:27 - [TEST_CASE][PASSED] - Test Cases/Mobile/Page/NavigationMenu/NavigationMenu: Test Cases/Mobile/Page/NavigationMenu/NavigationMenu

2021-12-28 09:01:27 - [TEST_STEP][PASSED] - callTestCase(findTestCase("Mobile/Page/CheckLogin"), [:], CONTINUE_ON_FAILURE): Call Test Case 'Test Cases/Mobile/Page/CheckLogin' successfully

2021-12-28 09:01:27 - [TEST_CASE][PASSED] - Test Cases/Mobile/Page/CheckLogin: Test Cases/Mobile/Page/CheckLogin

2021-12-28 09:01:27 - [TEST_STEP][PASSED] - loginCheck = verifyElementExist(findTestObject("Mobile/Page/Login/Button - Login"), 5, CONTINUE_ON_FAILURE): Element 'Object Repository/Mobile/Page/Login/Button - Login' is exist

2021-12-28 09:01:29 - [MESSAGE][PASSED] - Element 'Object Repository/Mobile/Page/Login/Button - Login' is exist

2021-12-28 09:01:29 - [TEST_STEP][PASSED] - if (loginCheck): Call Test Case 'Test Cases/Mobile/Page/Login/Login' successfully

2021-12-28 09:01:29 - [TEST_STEP][PASSED] - callTestCase(findTestCase("Mobile/Page/Login/Login"), [:], CONTINUE_ON_FAILURE): Call Test Case 'Test Cases/Mobile/Page/Login/Login' successfully

2021-12-28 09:01:29 - [TEST_CASE][PASSED] - Test Cases/Mobile/Page/Login/Login: Test Cases/Mobile/Page/Login/Login

2021-12-28 09:01:29 - [TEST_STEP][PASSED] - delay(2): Delayed 2 second(s)

2021-12-28 09:01:31 - [MESSAGE][PASSED] - Delayed 2 second(s)

2021-12-28 09:01:31 - [TEST_STEP][PASSED] - tap(findTestObject("Mobile/Page/Login/Input - UserID"), 0): Tapped on element 'Object Repository/Mobile/Page/Login/Input - UserID'

2021-12-28 09:01:32 - [MESSAGE][WARNING] - Timeout '0' is invalid. Using default page load timeout: '60'

2021-12-28 09:01:32 - [MESSAGE][PASSED] - Tapped on element 'Object Repository/Mobile/Page/Login/Input - UserID'

2021-12-28 09:01:32 - [TEST_STEP][PASSED] - delay(1): Delayed 1 second(s)

2021-12-28 09:01:33 - [MESSAGE][PASSED] - Delayed 1 second(s)

2021-12-28 09:01:33 - [TEST_STEP][PASSED] - setText(findTestObject("Mobile/Page/Login/Input Rdy - UserID"), "anggaaditya", 0): Text 'anggaaditya' has been set to element 'Object Repository/Mobile/Page/Login/Input Rdy - UserID'

2021-12-28 09:01:33 - [MESSAGE][WARNING] - Timeout '0' is invalid. Using default page load timeout: '60'

2021-12-28 09:01:34 - [MESSAGE][PASSED] - Text 'anggaaditya' has been set to element 'Object Repository/Mobile/Page/Login/Input Rdy - UserID'

2021-12-28 09:01:34 - [TEST_STEP][PASSED] - delay(1): Delayed 1 second(s)

2021-12-28 09:01:35 - [MESSAGE][PASSED] - Delayed 1 second(s)

2021-12-28 09:01:35 - [TEST_STEP][PASSED] - hideKeyboard(): Keyboard is hidden

2021-12-28 09:01:42 - [MESSAGE][PASSED] - Keyboard is hidden

2021-12-28 09:01:42 - [TEST_STEP][PASSED] - tap(findTestObject("Mobile/Page/Login/Input - Password"), 0): Tapped on element 'Object Repository/Mobile/Page/Login/Input - Password'

2021-12-28 09:01:42 - [MESSAGE][WARNING] - Timeout '0' is invalid. Using default page load timeout: '60'

2021-12-28 09:01:42 - [MESSAGE][PASSED] - Tapped on element 'Object Repository/Mobile/Page/Login/Input - Password'

2021-12-28 09:01:42 - [TEST_STEP][PASSED] - delay(1): Delayed 1 second(s)

2021-12-28 09:01:43 - [MESSAGE][PASSED] - Delayed 1 second(s)

2021-12-28 09:01:43 - [TEST_STEP][PASSED] - setText(findTestObject("Mobile/Page/Login/Input Rdy - Password"), "Shalawa18", 0): Text 'Shalawa18' has been set to element 'Object Repository/Mobile/Page/Login/Input Rdy - Password'

2021-12-28 09:01:43 - [MESSAGE][WARNING] - Timeout '0' is invalid. Using default page load timeout: '60'

2021-12-28 09:01:44 - [MESSAGE][PASSED] - Text 'Shalawa18' has been set to element 'Object Repository/Mobile/Page/Login/Input Rdy - Password'

2021-12-28 09:01:44 - [TEST_STEP][PASSED] - delay(1): Delayed 1 second(s)

2021-12-28 09:01:45 - [MESSAGE][PASSED] - Delayed 1 second(s)

2021-12-28 09:01:45 - [TEST_STEP][PASSED] - hideKeyboard(): Keyboard is hidden

2021-12-28 09:01:55 - [MESSAGE][PASSED] - Keyboard is hidden

2021-12-28 09:01:55 - [TEST_STEP][PASSED] - tap(findTestObject("Mobile/Page/Login/Button - Login"), 0): Tapped on element 'Object Repository/Mobile/Page/Login/Button - Login'

2021-12-28 09:01:55 - [MESSAGE][WARNING] - Timeout '0' is invalid. Using default page load timeout: '60'

2021-12-28 09:01:56 - [MESSAGE][PASSED] - Tapped on element 'Object Repository/Mobile/Page/Login/Button - Login'

2021-12-28 09:01:56 - [TEST_STEP][PASSED] - delay(2): Delayed 2 second(s)

2021-12-28 09:01:58 - [MESSAGE][PASSED] - Delayed 2 second(s)

2021-12-28 09:01:58 - [MESSAGE][PASSED] - Call Test Case 'Test Cases/Mobile/Page/Login/Login' successfully

2021-12-28 09:01:58 - [MESSAGE][PASSED] - Call Test Case 'Test Cases/Mobile/Page/CheckLogin' successfully

2021-12-28 09:01:58 - [TEST_STEP][PASSED] - delay(3): Delayed 3 second(s)

2021-12-28 09:02:01 - [MESSAGE][PASSED] - Delayed 3 second(s)

2021-12-28 09:02:01 - [TEST_STEP][PASSED] - scroll.scroll.scrollScreenLeftToRight(): scroll.scroll.scrollScreenLeftToRight is PASSED

2021-12-28 09:02:01 - [MESSAGE][PASSED] - Current device physical height is 1423

2021-12-28 09:02:02 - [MESSAGE][PASSED] - Current device physical width is 720

2021-12-28 09:02:02 - [MESSAGE][PASSED] - Current device physical height is 1423

2021-12-28 09:02:03 - [MESSAGE][PASSED] - Swiped from 10,711 to 710,711

2021-12-28 09:02:03 - [MESSAGE][PASSED] - scroll.scroll.scrollScreenLeftToRight is PASSED

2021-12-28 09:02:03 - [TEST_STEP][PASSED] - delay(1): Delayed 1 second(s)

2021-12-28 09:02:04 - [MESSAGE][PASSED] - Delayed 1 second(s)

2021-12-28 09:02:04 - [TEST_STEP][PASSED] - for ([i = 0, i < 1, (i++)]): Delayed 1 second(s)

2021-12-28 09:02:04 - [TEST_STEP][PASSED] - if (action == "downloadtaxreport"): null

2021-12-28 09:02:04 - [TEST_STEP][PASSED] - else if (action == "analyzeprofile"): null

2021-12-28 09:02:04 - [TEST_STEP][PASSED] - else if (action == "wa"): null

2021-12-28 09:02:04 - [TEST_STEP][PASSED] - else if (action == "email"): null

2021-12-28 09:02:04 - [TEST_STEP][PASSED] - else if (action == "setting"): null

2021-12-28 09:02:04 - [TEST_STEP][PASSED] - else if (action == "logout"): Delayed 1 second(s)

2021-12-28 09:02:04 - [TEST_STEP][PASSED] - logout = findTestObject("Mobile/Page/NavigationMenu/Container - Logout"): null

2021-12-28 09:02:04 - [TEST_STEP][PASSED] - top = getElementTopPosition(logout, 0): Object 'Object Repository/Mobile/Page/NavigationMenu/Container - Logout' has top position '954'

2021-12-28 09:02:04 - [MESSAGE][WARNING] - Timeout '0' is invalid. Using default page load timeout: '60'

2021-12-28 09:02:04 - [MESSAGE][PASSED] - Object 'Object Repository/Mobile/Page/NavigationMenu/Container - Logout' has top position '954'

2021-12-28 09:02:04 - [TEST_STEP][PASSED] - y = getElementHeight(logout, 0) * 0.8 + top: Object 'Object Repository/Mobile/Page/NavigationMenu/Container - Logout' has height: '98'

2021-12-28 09:02:04 - [MESSAGE][WARNING] - Timeout '0' is invalid. Using default page load timeout: '60'

2021-12-28 09:02:05 - [MESSAGE][PASSED] - Object 'Object Repository/Mobile/Page/NavigationMenu/Container - Logout' has height: '98'

2021-12-28 09:02:05 - [TEST_STEP][PASSED] - x = getDeviceWidth() * 0.2: Current device physical width is 720

2021-12-28 09:02:05 - [MESSAGE][PASSED] - Current device physical width is 720

2021-12-28 09:02:05 - [TEST_STEP][PASSED] - tapAtPosition(x, y): Tapped at [144, 1,032]

2021-12-28 09:02:06 - [MESSAGE][PASSED] - Tapped at [144, 1,032]

2021-12-28 09:02:06 - [TEST_STEP][PASSED] - delay(1): Delayed 1 second(s)

2021-12-28 09:02:07 - [MESSAGE][PASSED] - Delayed 1 second(s)

2021-12-28 09:02:07 - [MESSAGE][PASSED] - Call Test Case 'Test Cases/Mobile/Page/NavigationMenu/NavigationMenu' successfully

2021-12-28 09:02:07 - [TEST_STEP][PASSED] - callTestCase(findTestCase("Mobile/Page/Run App/Terminate App"), [:], STOP_ON_FAILURE): Call Test Case 'Test Cases/Mobile/Page/Run App/Terminate App' successfully

2021-12-28 09:02:07 - [TEST_CASE][PASSED] - Test Cases/Mobile/Page/Run App/Terminate App: Test Cases/Mobile/Page/Run App/Terminate App

2021-12-28 09:02:07 - [TEST_STEP][PASSED] - startApp.OpenApp.terminateApplication(): startApp.OpenApp.terminateApplication is PASSED

2021-12-28 09:02:10 - [MESSAGE][PASSED] - Delayed 3 second(s)

2021-12-28 09:02:10 - [MESSAGE][PASSED] - Current device physical width is 720

2021-12-28 09:02:11 - [MESSAGE][PASSED] - Current device physical height is 1423

2021-12-28 09:02:12 - [MESSAGE][PASSED] - Swiped from 360,853 to 360,142

2021-12-28 09:02:13 - [MESSAGE][PASSED] - Delayed 1 second(s)

2021-12-28 09:02:14 - [MESSAGE][PASSED] - Swiped from 360,853 to 360,142

2021-12-28 09:02:17 - [MESSAGE][PASSED] - Delayed 3 second(s)

2021-12-28 09:02:17 - [MESSAGE][PASSED] - startApp.OpenApp.terminateApplication is PASSED

2021-12-28 09:02:17 - [MESSAGE][PASSED] - Call Test Case 'Test Cases/Mobile/Page/Run App/Terminate App' successfully]]></system-out>
         <system-err><![CDATA[]]></system-err>
      </testcase>
      <system-out><![CDATA[2021-12-28 08:54:42 - [TEST_SUITE][PASSED] - navigationmenu: Test Cases/Mobile/Scenario/NavigationMenu/006 - Logout]]></system-out>
      <system-err><![CDATA[]]></system-err>
   </testsuite>
</testsuites>
